[8.137s] Invoking command in '/home/thomas/MobileRobot/ws_new/src/navigation': DEBUGINFOD_URLS=https://debuginfod.ubuntu.com PYTHONPATH=/home/thomas/MobileRobot/ws_new/build/navigation/prefix_override:/usr/lib/python3/dist-packages/colcon_core/task/python/colcon_distutils_commands:/home/thomas/MobileRobot/ws_new/install/navigation/lib/python3.12/site-packages:${PYTHONPATH} /usr/bin/python3 -W ignore:setup.py install is deprecated -W ignore:easy_install command is deprecated setup.py egg_info --egg-base ../../build/navigation build --build-base /home/thomas/MobileRobot/ws_new/build/navigation/build install --record /home/thomas/MobileRobot/ws_new/build/navigation/install.log --single-version-externally-managed install_data
[8.535s] running egg_info
[8.564s] writing ../../build/navigation/navigation.egg-info/PKG-INFO
[8.565s] writing dependency_links to ../../build/navigation/navigation.egg-info/dependency_links.txt
[8.565s] writing entry points to ../../build/navigation/navigation.egg-info/entry_points.txt
[8.565s] writing requirements to ../../build/navigation/navigation.egg-info/requires.txt
[8.565s] writing top-level names to ../../build/navigation/navigation.egg-info/top_level.txt
[8.627s] reading manifest file '../../build/navigation/navigation.egg-info/SOURCES.txt'
[8.628s] writing manifest file '../../build/navigation/navigation.egg-info/SOURCES.txt'
[8.628s] running build
[8.628s] running build_py
[8.628s] copying navigation/waypoint_follow.py -> /home/thomas/MobileRobot/ws_new/build/navigation/build/lib/navigation
[8.629s] running install
[8.638s] running install_lib
[8.667s] copying /home/thomas/MobileRobot/ws_new/build/navigation/build/lib/navigation/waypoint_follow.py -> /home/thomas/MobileRobot/ws_new/install/navigation/lib/python3.12/site-packages/navigation
[8.668s] byte-compiling /home/thomas/MobileRobot/ws_new/install/navigation/lib/python3.12/site-packages/navigation/waypoint_follow.py to waypoint_follow.cpython-312.pyc
[8.671s] running install_data
[8.671s] running install_egg_info
[8.705s] removing '/home/thomas/MobileRobot/ws_new/install/navigation/lib/python3.12/site-packages/navigation-0.0.0-py3.12.egg-info' (and everything under it)
[8.705s] Copying ../../build/navigation/navigation.egg-info to /home/thomas/MobileRobot/ws_new/install/navigation/lib/python3.12/site-packages/navigation-0.0.0-py3.12.egg-info
[8.720s] running install_scripts
[8.931s] Installing gps_path_follow script to /home/thomas/MobileRobot/ws_new/install/navigation/lib/navigation
[8.931s] Installing nav_node script to /home/thomas/MobileRobot/ws_new/install/navigation/lib/navigation
[8.931s] Installing waypoint_follow script to /home/thomas/MobileRobot/ws_new/install/navigation/lib/navigation
[8.932s] writing list of installed files to '/home/thomas/MobileRobot/ws_new/build/navigation/install.log'
[8.973s] Invoked command in '/home/thomas/MobileRobot/ws_new/src/navigation' returned '0': DEBUGINFOD_URLS=https://debuginfod.ubuntu.com PYTHONPATH=/home/thomas/MobileRobot/ws_new/build/navigation/prefix_override:/usr/lib/python3/dist-packages/colcon_core/task/python/colcon_distutils_commands:/home/thomas/MobileRobot/ws_new/install/navigation/lib/python3.12/site-packages:${PYTHONPATH} /usr/bin/python3 -W ignore:setup.py install is deprecated -W ignore:easy_install command is deprecated setup.py egg_info --egg-base ../../build/navigation build --build-base /home/thomas/MobileRobot/ws_new/build/navigation/build install --record /home/thomas/MobileRobot/ws_new/build/navigation/install.log --single-version-externally-managed install_data
