[3.180s] DEBUG:colcon:Command line arguments: ['/usr/bin/colcon', 'build', '--packages-select', 'mobile_robot']
[3.180s] DEBUG:colcon:Parsed command line arguments: Namespace(log_base=None, log_level=None, verb_name='build', build_base='build', install_base='install', merge_install=False, symlink_install=False, test_result_base=None, continue_on_error=False, executor='parallel', parallel_workers=8, event_handlers=None, ignore_user_meta=False, metas=['./colcon.meta'], base_paths=['.'], packages_ignore=None, packages_ignore_regex=None, paths=None, packages_up_to=None, packages_up_to_regex=None, packages_above=None, packages_above_and_dependencies=None, packages_above_depth=None, packages_select_by_dep=None, packages_skip_by_dep=None, packages_skip_up_to=None, packages_select_build_failed=False, packages_skip_build_finished=False, packages_select_test_failures=False, packages_skip_test_passed=False, packages_select=['mobile_robot'], packages_skip=None, packages_select_regex=None, packages_skip_regex=None, packages_start=None, packages_end=None, allow_overriding=[], cmake_args=None, cmake_target=None, cmake_target_skip_unavailable=False, cmake_clean_cache=False, cmake_clean_first=False, cmake_force_configure=False, ament_cmake_args=None, catkin_cmake_args=None, catkin_skip_building_tests=False, verb_parser=<colcon_defaults.argument_parser.defaults.DefaultArgumentsDecorator object at 0x7de644e20050>, verb_extension=<colcon_core.verb.build.BuildVerb object at 0x7de644e1ff80>, main=<bound method BuildVerb.main of <colcon_core.verb.build.BuildVerb object at 0x7de644e1ff80>>)
[4.126s] Level 1:colcon.colcon_core.package_discovery:discover_packages(colcon_meta) check parameters
[4.127s] Level 1:colcon.colcon_core.package_discovery:discover_packages(recursive) check parameters
[4.127s] Level 1:colcon.colcon_core.package_discovery:discover_packages(ignore) check parameters
[4.127s] Level 1:colcon.colcon_core.package_discovery:discover_packages(path) check parameters
[4.127s] Level 1:colcon.colcon_core.package_discovery:discover_packages(colcon_meta) discover
[4.127s] Level 1:colcon.colcon_core.package_discovery:discover_packages(recursive) discover
[4.127s] INFO:colcon.colcon_core.package_discovery:Crawling recursively for packages in '/home/thomas/MobileRobot/ws_new'
[4.127s] Level 1:colcon.colcon_core.package_identification:_identify(.) by extensions ['ignore', 'ignore_ament_install']
[4.128s] Level 1:colcon.colcon_core.package_identification:_identify(.) by extension 'ignore'
[4.128s] Level 1:colcon.colcon_core.package_identification:_identify(.) by extension 'ignore_ament_install'
[4.128s] Level 1:colcon.colcon_core.package_identification:_identify(.) by extensions ['colcon_pkg']
[4.128s] Level 1:colcon.colcon_core.package_identification:_identify(.) by extension 'colcon_pkg'
[4.128s] Level 1:colcon.colcon_core.package_identification:_identify(.) by extensions ['colcon_meta']
[4.128s] Level 1:colcon.colcon_core.package_identification:_identify(.) by extension 'colcon_meta'
[4.128s] Level 1:colcon.colcon_core.package_identification:_identify(.) by extensions ['ros']
[4.129s] Level 1:colcon.colcon_core.package_identification:_identify(.) by extension 'ros'
[4.345s] Level 1:colcon.colcon_core.package_identification:_identify(.) by extensions ['cmake', 'python']
[4.345s] Level 1:colcon.colcon_core.package_identification:_identify(.) by extension 'cmake'
[4.345s] Level 1:colcon.colcon_core.package_identification:_identify(.) by extension 'python'
[4.345s] Level 1:colcon.colcon_core.package_identification:_identify(.) by extensions ['python_setup_py']
[4.345s] Level 1:colcon.colcon_core.package_identification:_identify(.) by extension 'python_setup_py'
[4.346s] Level 1:colcon.colcon_core.package_identification:_identify(build) by extensions ['ignore', 'ignore_ament_install']
[4.346s] Level 1:colcon.colcon_core.package_identification:_identify(build) by extension 'ignore'
[4.346s] Level 1:colcon.colcon_core.package_identification:_identify(build) ignored
[4.346s] Level 1:colcon.colcon_core.package_identification:_identify(install) by extensions ['ignore', 'ignore_ament_install']
[4.346s] Level 1:colcon.colcon_core.package_identification:_identify(install) by extension 'ignore'
[4.346s] Level 1:colcon.colcon_core.package_identification:_identify(install) ignored
[4.347s] Level 1:colcon.colcon_core.package_identification:_identify(log) by extensions ['ignore', 'ignore_ament_install']
[4.347s] Level 1:colcon.colcon_core.package_identification:_identify(log) by extension 'ignore'
[4.347s] Level 1:colcon.colcon_core.package_identification:_identify(log) ignored
[4.347s] Level 1:colcon.colcon_core.package_identification:_identify(src) by extensions ['ignore', 'ignore_ament_install']
[4.347s] Level 1:colcon.colcon_core.package_identification:_identify(src) by extension 'ignore'
[4.347s] Level 1:colcon.colcon_core.package_identification:_identify(src) by extension 'ignore_ament_install'
[4.347s] Level 1:colcon.colcon_core.package_identification:_identify(src) by extensions ['colcon_pkg']
[4.348s] Level 1:colcon.colcon_core.package_identification:_identify(src) by extension 'colcon_pkg'
[4.348s] Level 1:colcon.colcon_core.package_identification:_identify(src) by extensions ['colcon_meta']
[4.348s] Level 1:colcon.colcon_core.package_identification:_identify(src) by extension 'colcon_meta'
[4.348s] Level 1:colcon.colcon_core.package_identification:_identify(src) by extensions ['ros']
[4.348s] Level 1:colcon.colcon_core.package_identification:_identify(src) by extension 'ros'
[4.348s] Level 1:colcon.colcon_core.package_identification:_identify(src) by extensions ['cmake', 'python']
[4.348s] Level 1:colcon.colcon_core.package_identification:_identify(src) by extension 'cmake'
[4.348s] Level 1:colcon.colcon_core.package_identification:_identify(src) by extension 'python'
[4.348s] Level 1:colcon.colcon_core.package_identification:_identify(src) by extensions ['python_setup_py']
[4.348s] Level 1:colcon.colcon_core.package_identification:_identify(src) by extension 'python_setup_py'
[4.349s] Level 1:colcon.colcon_core.package_identification:_identify(src/mobile_robot) by extensions ['ignore', 'ignore_ament_install']
[4.349s] Level 1:colcon.colcon_core.package_identification:_identify(src/mobile_robot) by extension 'ignore'
[4.349s] Level 1:colcon.colcon_core.package_identification:_identify(src/mobile_robot) by extension 'ignore_ament_install'
[4.350s] Level 1:colcon.colcon_core.package_identification:_identify(src/mobile_robot) by extensions ['colcon_pkg']
[4.350s] Level 1:colcon.colcon_core.package_identification:_identify(src/mobile_robot) by extension 'colcon_pkg'
[4.350s] Level 1:colcon.colcon_core.package_identification:_identify(src/mobile_robot) by extensions ['colcon_meta']
[4.350s] Level 1:colcon.colcon_core.package_identification:_identify(src/mobile_robot) by extension 'colcon_meta'
[4.350s] Level 1:colcon.colcon_core.package_identification:_identify(src/mobile_robot) by extensions ['ros']
[4.350s] Level 1:colcon.colcon_core.package_identification:_identify(src/mobile_robot) by extension 'ros'
[4.404s] DEBUG:colcon.colcon_core.package_identification:Package 'src/mobile_robot' with type 'ros.ament_cmake' and name 'mobile_robot'
[4.405s] Level 1:colcon.colcon_core.package_identification:_identify(src/my_kinematics_pkg) by extensions ['ignore', 'ignore_ament_install']
[4.405s] Level 1:colcon.colcon_core.package_identification:_identify(src/my_kinematics_pkg) by extension 'ignore'
[4.405s] Level 1:colcon.colcon_core.package_identification:_identify(src/my_kinematics_pkg) by extension 'ignore_ament_install'
[4.405s] Level 1:colcon.colcon_core.package_identification:_identify(src/my_kinematics_pkg) by extensions ['colcon_pkg']
[4.406s] Level 1:colcon.colcon_core.package_identification:_identify(src/my_kinematics_pkg) by extension 'colcon_pkg'
[4.406s] Level 1:colcon.colcon_core.package_identification:_identify(src/my_kinematics_pkg) by extensions ['colcon_meta']
[4.406s] Level 1:colcon.colcon_core.package_identification:_identify(src/my_kinematics_pkg) by extension 'colcon_meta'
[4.406s] Level 1:colcon.colcon_core.package_identification:_identify(src/my_kinematics_pkg) by extensions ['ros']
[4.406s] Level 1:colcon.colcon_core.package_identification:_identify(src/my_kinematics_pkg) by extension 'ros'
[4.421s] DEBUG:colcon.colcon_core.package_identification:Package 'src/my_kinematics_pkg' with type 'ros.ament_cmake' and name 'my_kinematics_pkg'
[4.422s] Level 1:colcon.colcon_core.package_identification:_identify(src/navigation) by extensions ['ignore', 'ignore_ament_install']
[4.422s] Level 1:colcon.colcon_core.package_identification:_identify(src/navigation) by extension 'ignore'
[4.422s] Level 1:colcon.colcon_core.package_identification:_identify(src/navigation) by extension 'ignore_ament_install'
[4.422s] Level 1:colcon.colcon_core.package_identification:_identify(src/navigation) by extensions ['colcon_pkg']
[4.422s] Level 1:colcon.colcon_core.package_identification:_identify(src/navigation) by extension 'colcon_pkg'
[4.422s] Level 1:colcon.colcon_core.package_identification:_identify(src/navigation) by extensions ['colcon_meta']
[4.423s] Level 1:colcon.colcon_core.package_identification:_identify(src/navigation) by extension 'colcon_meta'
[4.423s] Level 1:colcon.colcon_core.package_identification:_identify(src/navigation) by extensions ['ros']
[4.423s] Level 1:colcon.colcon_core.package_identification:_identify(src/navigation) by extension 'ros'
[4.458s] DEBUG:colcon.colcon_core.package_identification:Found ROS schema reference in package manifest in 'src/navigation'
[4.458s] WARNING:colcon.colcon_core.package_identification:Failed to parse ROS package manifest in 'src/navigation': Error(s) in package 'src/navigation/package.xml':
Error(s):
- The generic dependency on 'rclpy' is redundant with: build_depend, build_export_depend, exec_depend
- The generic dependency on 'nav2_msgs' is redundant with: build_depend, build_export_depend, exec_depend
[4.458s] Level 1:colcon.colcon_core.package_identification:_identify(src/navigation) by extensions ['cmake', 'python']
[4.458s] Level 1:colcon.colcon_core.package_identification:_identify(src/navigation) by extension 'cmake'
[4.458s] Level 1:colcon.colcon_core.package_identification:_identify(src/navigation) by extension 'python'
[4.489s] DEBUG:colcon.colcon_core.package_identification:Python package in 'src/navigation' passes arguments to the setup() function which requires a different identification extension than 'python'
[4.489s] Level 1:colcon.colcon_core.package_identification:_identify(src/navigation) by extensions ['python_setup_py']
[4.489s] Level 1:colcon.colcon_core.package_identification:_identify(src/navigation) by extension 'python_setup_py'
[5.116s] DEBUG:colcon.colcon_core.package_identification:Package 'src/navigation' with type 'python' and name 'navigation'
[5.117s] Level 1:colcon.colcon_core.package_identification:_identify(src/publisher_subscriber) by extensions ['ignore', 'ignore_ament_install']
[5.117s] Level 1:colcon.colcon_core.package_identification:_identify(src/publisher_subscriber) by extension 'ignore'
[5.117s] Level 1:colcon.colcon_core.package_identification:_identify(src/publisher_subscriber) by extension 'ignore_ament_install'
[5.117s] Level 1:colcon.colcon_core.package_identification:_identify(src/publisher_subscriber) by extensions ['colcon_pkg']
[5.117s] Level 1:colcon.colcon_core.package_identification:_identify(src/publisher_subscriber) by extension 'colcon_pkg'
[5.118s] Level 1:colcon.colcon_core.package_identification:_identify(src/publisher_subscriber) by extensions ['colcon_meta']
[5.118s] Level 1:colcon.colcon_core.package_identification:_identify(src/publisher_subscriber) by extension 'colcon_meta'
[5.118s] Level 1:colcon.colcon_core.package_identification:_identify(src/publisher_subscriber) by extensions ['ros']
[5.118s] Level 1:colcon.colcon_core.package_identification:_identify(src/publisher_subscriber) by extension 'ros'
[5.124s] DEBUG:colcon.colcon_core.package_identification:Package 'src/publisher_subscriber' with type 'ros.ament_python' and name 'publisher_subscriber'
[5.124s] Level 1:colcon.colcon_core.package_identification:_identify(vectors) by extensions ['ignore', 'ignore_ament_install']
[5.124s] Level 1:colcon.colcon_core.package_identification:_identify(vectors) by extension 'ignore'
[5.125s] Level 1:colcon.colcon_core.package_identification:_identify(vectors) by extension 'ignore_ament_install'
[5.125s] Level 1:colcon.colcon_core.package_identification:_identify(vectors) by extensions ['colcon_pkg']
[5.125s] Level 1:colcon.colcon_core.package_identification:_identify(vectors) by extension 'colcon_pkg'
[5.125s] Level 1:colcon.colcon_core.package_identification:_identify(vectors) by extensions ['colcon_meta']
[5.125s] Level 1:colcon.colcon_core.package_identification:_identify(vectors) by extension 'colcon_meta'
[5.125s] Level 1:colcon.colcon_core.package_identification:_identify(vectors) by extensions ['ros']
[5.126s] Level 1:colcon.colcon_core.package_identification:_identify(vectors) by extension 'ros'
[5.126s] Level 1:colcon.colcon_core.package_identification:_identify(vectors) by extensions ['cmake', 'python']
[5.126s] Level 1:colcon.colcon_core.package_identification:_identify(vectors) by extension 'cmake'
[5.126s] Level 1:colcon.colcon_core.package_identification:_identify(vectors) by extension 'python'
[5.126s] Level 1:colcon.colcon_core.package_identification:_identify(vectors) by extensions ['python_setup_py']
[5.126s] Level 1:colcon.colcon_core.package_identification:_identify(vectors) by extension 'python_setup_py'
[5.126s] Level 1:colcon.colcon_core.package_discovery:discover_packages(recursive) using defaults
[5.126s] Level 1:colcon.colcon_core.package_discovery:discover_packages(ignore) discover
[5.126s] Level 1:colcon.colcon_core.package_discovery:discover_packages(ignore) using defaults
[5.126s] Level 1:colcon.colcon_core.package_discovery:discover_packages(path) discover
[5.127s] Level 1:colcon.colcon_core.package_discovery:discover_packages(path) using defaults
[5.416s] INFO:colcon.colcon_core.package_selection:Skipping not selected package 'my_kinematics_pkg' in 'src/my_kinematics_pkg'
[5.416s] INFO:colcon.colcon_core.package_selection:Skipping not selected package 'navigation' in 'src/navigation'
[5.417s] INFO:colcon.colcon_core.package_selection:Skipping not selected package 'publisher_subscriber' in 'src/publisher_subscriber'
[5.440s] Level 1:colcon.colcon_core.package_discovery:discover_packages(prefix_path) check parameters
[5.440s] Level 1:colcon.colcon_core.package_discovery:discover_packages(prefix_path) discover
[5.462s] WARNING:colcon.colcon_ros.prefix_path.ament:The path '/home/thomas/MobileRobot/ws_new/install/velocity_controllers' in the environment variable AMENT_PREFIX_PATH doesn't exist
[5.462s] WARNING:colcon.colcon_ros.prefix_path.ament:The path '/home/thomas/MobileRobot/ws_new/install/tricycle_controller' in the environment variable AMENT_PREFIX_PATH doesn't exist
[5.462s] WARNING:colcon.colcon_ros.prefix_path.ament:The path '/home/thomas/MobileRobot/ws_new/install/transmission_interface' in the environment variable AMENT_PREFIX_PATH doesn't exist
[5.462s] WARNING:colcon.colcon_ros.prefix_path.ament:The path '/home/thomas/MobileRobot/ws_new/install/steering_controllers_library' in the environment variable AMENT_PREFIX_PATH doesn't exist
[5.462s] WARNING:colcon.colcon_ros.prefix_path.ament:The path '/home/thomas/MobileRobot/ws_new/install/rqt_joint_trajectory_controller' in the environment variable AMENT_PREFIX_PATH doesn't exist
[5.462s] WARNING:colcon.colcon_ros.prefix_path.ament:The path '/home/thomas/MobileRobot/ws_new/install/ros2controlcli' in the environment variable AMENT_PREFIX_PATH doesn't exist
[5.462s] WARNING:colcon.colcon_ros.prefix_path.ament:The path '/home/thomas/MobileRobot/ws_new/install/ros2_controllers_test_nodes' in the environment variable AMENT_PREFIX_PATH doesn't exist
[5.463s] WARNING:colcon.colcon_ros.prefix_path.ament:The path '/home/thomas/MobileRobot/ws_new/install/hardware_interface_testing' in the environment variable AMENT_PREFIX_PATH doesn't exist
[5.463s] WARNING:colcon.colcon_ros.prefix_path.ament:The path '/home/thomas/MobileRobot/ws_new/install/gz_ros2_control' in the environment variable AMENT_PREFIX_PATH doesn't exist
[5.463s] WARNING:colcon.colcon_ros.prefix_path.ament:The path '/home/thomas/MobileRobot/ws_new/install/controller_manager' in the environment variable AMENT_PREFIX_PATH doesn't exist
[5.463s] WARNING:colcon.colcon_ros.prefix_path.ament:The path '/home/thomas/MobileRobot/ws_new/install/ros2_control_test_assets' in the environment variable AMENT_PREFIX_PATH doesn't exist
[5.463s] WARNING:colcon.colcon_ros.prefix_path.ament:The path '/home/thomas/MobileRobot/ws_new/install/ros2_control_demo_description' in the environment variable AMENT_PREFIX_PATH doesn't exist
[5.463s] WARNING:colcon.colcon_ros.prefix_path.ament:The path '/home/thomas/MobileRobot/ws_new/install/ros2_control_cmake' in the environment variable AMENT_PREFIX_PATH doesn't exist
[5.463s] WARNING:colcon.colcon_ros.prefix_path.ament:The path '/home/thomas/MobileRobot/ws_new/install/position_controllers' in the environment variable AMENT_PREFIX_PATH doesn't exist
[5.463s] WARNING:colcon.colcon_ros.prefix_path.ament:The path '/home/thomas/MobileRobot/ws_new/install/pid_controller' in the environment variable AMENT_PREFIX_PATH doesn't exist
[5.463s] WARNING:colcon.colcon_ros.prefix_path.ament:The path '/home/thomas/MobileRobot/ws_new/install/mecanum_drive_controller' in the environment variable AMENT_PREFIX_PATH doesn't exist
[5.463s] WARNING:colcon.colcon_ros.prefix_path.ament:The path '/home/thomas/MobileRobot/ws_new/install/joint_trajectory_controller' in the environment variable AMENT_PREFIX_PATH doesn't exist
[5.464s] WARNING:colcon.colcon_ros.prefix_path.ament:The path '/home/thomas/MobileRobot/ws_new/install/joint_state_broadcaster' in the environment variable AMENT_PREFIX_PATH doesn't exist
[5.464s] WARNING:colcon.colcon_ros.prefix_path.ament:The path '/home/thomas/MobileRobot/ws_new/install/imu_sensor_broadcaster' in the environment variable AMENT_PREFIX_PATH doesn't exist
[5.464s] WARNING:colcon.colcon_ros.prefix_path.ament:The path '/home/thomas/MobileRobot/ws_new/install/gpio_controllers' in the environment variable AMENT_PREFIX_PATH doesn't exist
[5.464s] WARNING:colcon.colcon_ros.prefix_path.ament:The path '/home/thomas/MobileRobot/ws_new/install/effort_controllers' in the environment variable AMENT_PREFIX_PATH doesn't exist
[5.464s] WARNING:colcon.colcon_ros.prefix_path.ament:The path '/home/thomas/MobileRobot/ws_new/install/forward_command_controller' in the environment variable AMENT_PREFIX_PATH doesn't exist
[5.464s] WARNING:colcon.colcon_ros.prefix_path.ament:The path '/home/thomas/MobileRobot/ws_new/install/force_torque_sensor_broadcaster' in the environment variable AMENT_PREFIX_PATH doesn't exist
[5.464s] WARNING:colcon.colcon_ros.prefix_path.ament:The path '/home/thomas/MobileRobot/ws_new/install/diff_drive_controller' in the environment variable AMENT_PREFIX_PATH doesn't exist
[5.464s] WARNING:colcon.colcon_ros.prefix_path.ament:The path '/home/thomas/MobileRobot/ws_new/install/controller_interface' in the environment variable AMENT_PREFIX_PATH doesn't exist
[5.464s] WARNING:colcon.colcon_ros.prefix_path.ament:The path '/home/thomas/MobileRobot/ws_new/install/hardware_interface' in the environment variable AMENT_PREFIX_PATH doesn't exist
[5.464s] WARNING:colcon.colcon_ros.prefix_path.ament:The path '/home/thomas/MobileRobot/ws_new/install/joint_limits' in the environment variable AMENT_PREFIX_PATH doesn't exist
[5.464s] WARNING:colcon.colcon_ros.prefix_path.ament:The path '/home/thomas/MobileRobot/ws_new/install/control_toolbox' in the environment variable AMENT_PREFIX_PATH doesn't exist
[5.465s] WARNING:colcon.colcon_ros.prefix_path.ament:The path '/home/thomas/MobileRobot/ws_new/install/realtime_tools' in the environment variable AMENT_PREFIX_PATH doesn't exist
[5.465s] WARNING:colcon.colcon_ros.prefix_path.ament:The path '/home/thomas/MobileRobot/ws_new/install/kinematics_interface_kdl' in the environment variable AMENT_PREFIX_PATH doesn't exist
[5.465s] WARNING:colcon.colcon_ros.prefix_path.ament:The path '/home/thomas/MobileRobot/ws_new/install/kinematics_interface' in the environment variable AMENT_PREFIX_PATH doesn't exist
[5.465s] WARNING:colcon.colcon_ros.prefix_path.ament:The path '/home/thomas/MobileRobot/ws_new/install/controller_manager_msgs' in the environment variable AMENT_PREFIX_PATH doesn't exist
[5.466s] WARNING:colcon.colcon_ros.prefix_path.ament:The path '/home/thomas/MobileRobot/ws_new/install/control_msgs' in the environment variable AMENT_PREFIX_PATH doesn't exist
[5.466s] WARNING:colcon.colcon_ros.prefix_path.catkin:The path '/home/thomas/MobileRobot/ws_new/install/velocity_controllers' in the environment variable CMAKE_PREFIX_PATH doesn't exist
[5.466s] WARNING:colcon.colcon_ros.prefix_path.catkin:The path '/home/thomas/MobileRobot/ws_new/install/tricycle_controller' in the environment variable CMAKE_PREFIX_PATH doesn't exist
[5.466s] WARNING:colcon.colcon_ros.prefix_path.catkin:The path '/home/thomas/MobileRobot/ws_new/install/transmission_interface' in the environment variable CMAKE_PREFIX_PATH doesn't exist
[5.466s] WARNING:colcon.colcon_ros.prefix_path.catkin:The path '/home/thomas/MobileRobot/ws_new/install/steering_controllers_library' in the environment variable CMAKE_PREFIX_PATH doesn't exist
[5.466s] WARNING:colcon.colcon_ros.prefix_path.catkin:The path '/home/thomas/MobileRobot/ws_new/install/hardware_interface_testing' in the environment variable CMAKE_PREFIX_PATH doesn't exist
[5.466s] WARNING:colcon.colcon_ros.prefix_path.catkin:The path '/home/thomas/MobileRobot/ws_new/install/gz_ros2_control' in the environment variable CMAKE_PREFIX_PATH doesn't exist
[5.466s] WARNING:colcon.colcon_ros.prefix_path.catkin:The path '/home/thomas/MobileRobot/ws_new/install/controller_manager' in the environment variable CMAKE_PREFIX_PATH doesn't exist
[5.466s] WARNING:colcon.colcon_ros.prefix_path.catkin:The path '/home/thomas/MobileRobot/ws_new/install/ros2_control_test_assets' in the environment variable CMAKE_PREFIX_PATH doesn't exist
[5.467s] WARNING:colcon.colcon_ros.prefix_path.catkin:The path '/home/thomas/MobileRobot/ws_new/install/ros2_control_demo_description' in the environment variable CMAKE_PREFIX_PATH doesn't exist
[5.467s] WARNING:colcon.colcon_ros.prefix_path.catkin:The path '/home/thomas/MobileRobot/ws_new/install/ros2_control_cmake' in the environment variable CMAKE_PREFIX_PATH doesn't exist
[5.467s] WARNING:colcon.colcon_ros.prefix_path.catkin:The path '/home/thomas/MobileRobot/ws_new/install/position_controllers' in the environment variable CMAKE_PREFIX_PATH doesn't exist
[5.467s] WARNING:colcon.colcon_ros.prefix_path.catkin:The path '/home/thomas/MobileRobot/ws_new/install/pid_controller' in the environment variable CMAKE_PREFIX_PATH doesn't exist
[5.467s] WARNING:colcon.colcon_ros.prefix_path.catkin:The path '/home/thomas/MobileRobot/ws_new/install/mecanum_drive_controller' in the environment variable CMAKE_PREFIX_PATH doesn't exist
[5.467s] WARNING:colcon.colcon_ros.prefix_path.catkin:The path '/home/thomas/MobileRobot/ws_new/install/joint_trajectory_controller' in the environment variable CMAKE_PREFIX_PATH doesn't exist
[5.467s] WARNING:colcon.colcon_ros.prefix_path.catkin:The path '/home/thomas/MobileRobot/ws_new/install/joint_state_broadcaster' in the environment variable CMAKE_PREFIX_PATH doesn't exist
[5.467s] WARNING:colcon.colcon_ros.prefix_path.catkin:The path '/home/thomas/MobileRobot/ws_new/install/imu_sensor_broadcaster' in the environment variable CMAKE_PREFIX_PATH doesn't exist
[5.467s] WARNING:colcon.colcon_ros.prefix_path.catkin:The path '/home/thomas/MobileRobot/ws_new/install/gpio_controllers' in the environment variable CMAKE_PREFIX_PATH doesn't exist
[5.467s] WARNING:colcon.colcon_ros.prefix_path.catkin:The path '/home/thomas/MobileRobot/ws_new/install/effort_controllers' in the environment variable CMAKE_PREFIX_PATH doesn't exist
[5.467s] WARNING:colcon.colcon_ros.prefix_path.catkin:The path '/home/thomas/MobileRobot/ws_new/install/forward_command_controller' in the environment variable CMAKE_PREFIX_PATH doesn't exist
[5.468s] WARNING:colcon.colcon_ros.prefix_path.catkin:The path '/home/thomas/MobileRobot/ws_new/install/force_torque_sensor_broadcaster' in the environment variable CMAKE_PREFIX_PATH doesn't exist
[5.468s] WARNING:colcon.colcon_ros.prefix_path.catkin:The path '/home/thomas/MobileRobot/ws_new/install/diff_drive_controller' in the environment variable CMAKE_PREFIX_PATH doesn't exist
[5.468s] WARNING:colcon.colcon_ros.prefix_path.catkin:The path '/home/thomas/MobileRobot/ws_new/install/controller_interface' in the environment variable CMAKE_PREFIX_PATH doesn't exist
[5.468s] WARNING:colcon.colcon_ros.prefix_path.catkin:The path '/home/thomas/MobileRobot/ws_new/install/hardware_interface' in the environment variable CMAKE_PREFIX_PATH doesn't exist
[5.468s] WARNING:colcon.colcon_ros.prefix_path.catkin:The path '/home/thomas/MobileRobot/ws_new/install/joint_limits' in the environment variable CMAKE_PREFIX_PATH doesn't exist
[5.468s] WARNING:colcon.colcon_ros.prefix_path.catkin:The path '/home/thomas/MobileRobot/ws_new/install/control_toolbox' in the environment variable CMAKE_PREFIX_PATH doesn't exist
[5.468s] WARNING:colcon.colcon_ros.prefix_path.catkin:The path '/home/thomas/MobileRobot/ws_new/install/realtime_tools' in the environment variable CMAKE_PREFIX_PATH doesn't exist
[5.468s] WARNING:colcon.colcon_ros.prefix_path.catkin:The path '/home/thomas/MobileRobot/ws_new/install/kinematics_interface_kdl' in the environment variable CMAKE_PREFIX_PATH doesn't exist
[5.468s] WARNING:colcon.colcon_ros.prefix_path.catkin:The path '/home/thomas/MobileRobot/ws_new/install/kinematics_interface' in the environment variable CMAKE_PREFIX_PATH doesn't exist
[5.468s] WARNING:colcon.colcon_ros.prefix_path.catkin:The path '/home/thomas/MobileRobot/ws_new/install/controller_manager_msgs' in the environment variable CMAKE_PREFIX_PATH doesn't exist
[5.468s] WARNING:colcon.colcon_ros.prefix_path.catkin:The path '/home/thomas/MobileRobot/ws_new/install/control_msgs' in the environment variable CMAKE_PREFIX_PATH doesn't exist
[5.469s] WARNING:colcon.colcon_ros.prefix_path.catkin:The path '/home/thomas/MobileRobot/ws_new/install/backward' in the environment variable CMAKE_PREFIX_PATH doesn't exist
[5.496s] DEBUG:colcon.colcon_installed_package_information.package_discovery:Found 4 installed packages in /home/thomas/MobileRobot/ws_new/install
[5.516s] DEBUG:colcon.colcon_installed_package_information.package_discovery:Found 1 installed packages in /home/thomas/dev_ws/install
[5.552s] DEBUG:colcon.colcon_installed_package_information.package_discovery:Found 440 installed packages in /opt/ros/jazzy
[5.556s] Level 1:colcon.colcon_core.package_discovery:discover_packages(prefix_path) using defaults
[9.598s] Level 5:colcon.colcon_core.verb:set package 'mobile_robot' build argument 'cmake_args' from command line to 'None'
[9.599s] Level 5:colcon.colcon_core.verb:set package 'mobile_robot' build argument 'cmake_target' from command line to 'None'
[9.599s] Level 5:colcon.colcon_core.verb:set package 'mobile_robot' build argument 'cmake_target_skip_unavailable' from command line to 'False'
[9.599s] Level 5:colcon.colcon_core.verb:set package 'mobile_robot' build argument 'cmake_clean_cache' from command line to 'False'
[9.599s] Level 5:colcon.colcon_core.verb:set package 'mobile_robot' build argument 'cmake_clean_first' from command line to 'False'
[9.599s] Level 5:colcon.colcon_core.verb:set package 'mobile_robot' build argument 'cmake_force_configure' from command line to 'False'
[9.599s] Level 5:colcon.colcon_core.verb:set package 'mobile_robot' build argument 'ament_cmake_args' from command line to 'None'
[9.599s] Level 5:colcon.colcon_core.verb:set package 'mobile_robot' build argument 'catkin_cmake_args' from command line to 'None'
[9.599s] Level 5:colcon.colcon_core.verb:set package 'mobile_robot' build argument 'catkin_skip_building_tests' from command line to 'False'
[9.599s] DEBUG:colcon.colcon_core.verb:Building package 'mobile_robot' with the following arguments: {'ament_cmake_args': None, 'build_base': '/home/thomas/MobileRobot/ws_new/build/mobile_robot', 'catkin_cmake_args': None, 'catkin_skip_building_tests': False, 'cmake_args': None, 'cmake_clean_cache': False, 'cmake_clean_first': False, 'cmake_force_configure': False, 'cmake_target': None, 'cmake_target_skip_unavailable': False, 'install_base': '/home/thomas/MobileRobot/ws_new/install/mobile_robot', 'merge_install': False, 'path': '/home/thomas/MobileRobot/ws_new/src/mobile_robot', 'symlink_install': False, 'test_result_base': None}
[9.600s] INFO:colcon.colcon_core.executor:Executing jobs using 'parallel' executor
[9.602s] DEBUG:colcon.colcon_parallel_executor.executor.parallel:run_until_complete
[9.602s] INFO:colcon.colcon_ros.task.ament_cmake.build:Building ROS package in '/home/thomas/MobileRobot/ws_new/src/mobile_robot' with build type 'ament_cmake'
[9.602s] INFO:colcon.colcon_cmake.task.cmake.build:Building CMake package in '/home/thomas/MobileRobot/ws_new/src/mobile_robot'
[9.697s] INFO:colcon.colcon_core.plugin_system:Skipping extension 'colcon_core.shell.bat': Not used on non-Windows systems
[9.697s] INFO:colcon.colcon_core.shell:Skip shell extension 'powershell' for command environment: Not usable outside of PowerShell
[9.697s] DEBUG:colcon.colcon_core.shell:Skip shell extension 'dsv' for command environment
[9.742s] DEBUG:colcon.colcon_core.event_handler.log_command:Invoking command in '/home/thomas/MobileRobot/ws_new/build/mobile_robot': CMAKE_PREFIX_PATH=${CMAKE_PREFIX_PATH}:/home/thomas/MobileRobot/ws_new/install/rqt_joint_trajectory_controller:/home/thomas/MobileRobot/ws_new/install/ros2controlcli:/home/thomas/MobileRobot/ws_new/install/ros2_controllers_test_nodes:/home/thomas/MobileRobot/ws_new/install/publisher_subscriber:/opt/ros/jazzy DEBUGINFOD_URLS=https://debuginfod.ubuntu.com /usr/bin/cmake --build /home/thomas/MobileRobot/ws_new/build/mobile_robot -- -j8 -l8
[11.621s] DEBUG:colcon.colcon_core.event_handler.log_command:Invoked command in '/home/thomas/MobileRobot/ws_new/build/mobile_robot' returned '0': CMAKE_PREFIX_PATH=${CMAKE_PREFIX_PATH}:/home/thomas/MobileRobot/ws_new/install/rqt_joint_trajectory_controller:/home/thomas/MobileRobot/ws_new/install/ros2controlcli:/home/thomas/MobileRobot/ws_new/install/ros2_controllers_test_nodes:/home/thomas/MobileRobot/ws_new/install/publisher_subscriber:/opt/ros/jazzy DEBUGINFOD_URLS=https://debuginfod.ubuntu.com /usr/bin/cmake --build /home/thomas/MobileRobot/ws_new/build/mobile_robot -- -j8 -l8
[11.665s] DEBUG:colcon.colcon_core.event_handler.log_command:Invoking command in '/home/thomas/MobileRobot/ws_new/build/mobile_robot': CMAKE_PREFIX_PATH=${CMAKE_PREFIX_PATH}:/home/thomas/MobileRobot/ws_new/install/rqt_joint_trajectory_controller:/home/thomas/MobileRobot/ws_new/install/ros2controlcli:/home/thomas/MobileRobot/ws_new/install/ros2_controllers_test_nodes:/home/thomas/MobileRobot/ws_new/install/publisher_subscriber:/opt/ros/jazzy DEBUGINFOD_URLS=https://debuginfod.ubuntu.com /usr/bin/cmake --install /home/thomas/MobileRobot/ws_new/build/mobile_robot
[11.709s] Level 1:colcon.colcon_core.environment:create_environment_scripts_only(mobile_robot)
[11.716s] DEBUG:colcon.colcon_core.event_handler.log_command:Invoked command in '/home/thomas/MobileRobot/ws_new/build/mobile_robot' returned '0': CMAKE_PREFIX_PATH=${CMAKE_PREFIX_PATH}:/home/thomas/MobileRobot/ws_new/install/rqt_joint_trajectory_controller:/home/thomas/MobileRobot/ws_new/install/ros2controlcli:/home/thomas/MobileRobot/ws_new/install/ros2_controllers_test_nodes:/home/thomas/MobileRobot/ws_new/install/publisher_subscriber:/opt/ros/jazzy DEBUGINFOD_URLS=https://debuginfod.ubuntu.com /usr/bin/cmake --install /home/thomas/MobileRobot/ws_new/build/mobile_robot
[11.788s] Level 1:colcon.colcon_core.environment:checking '/home/thomas/MobileRobot/ws_new/install/mobile_robot' for CMake module files
[11.789s] Level 1:colcon.colcon_core.environment:checking '/home/thomas/MobileRobot/ws_new/install/mobile_robot' for CMake config files
[11.789s] Level 1:colcon.colcon_core.shell:create_environment_hook('mobile_robot', 'cmake_prefix_path')
[11.790s] INFO:colcon.colcon_core.shell:Creating environment hook '/home/thomas/MobileRobot/ws_new/install/mobile_robot/share/mobile_robot/hook/cmake_prefix_path.ps1'
[11.804s] INFO:colcon.colcon_core.shell:Creating environment descriptor '/home/thomas/MobileRobot/ws_new/install/mobile_robot/share/mobile_robot/hook/cmake_prefix_path.dsv'
[11.805s] INFO:colcon.colcon_core.shell:Creating environment hook '/home/thomas/MobileRobot/ws_new/install/mobile_robot/share/mobile_robot/hook/cmake_prefix_path.sh'
[11.807s] Level 1:colcon.colcon_core.environment:checking '/home/thomas/MobileRobot/ws_new/install/mobile_robot/lib'
[11.807s] Level 1:colcon.colcon_core.environment:checking '/home/thomas/MobileRobot/ws_new/install/mobile_robot/bin'
[11.807s] Level 1:colcon.colcon_core.environment:checking '/home/thomas/MobileRobot/ws_new/install/mobile_robot/lib/pkgconfig/mobile_robot.pc'
[11.808s] Level 1:colcon.colcon_core.environment:checking '/home/thomas/MobileRobot/ws_new/install/mobile_robot/lib/python3.12/site-packages'
[11.808s] Level 1:colcon.colcon_core.environment:checking '/home/thomas/MobileRobot/ws_new/install/mobile_robot/bin'
[11.809s] INFO:colcon.colcon_core.shell:Creating package script '/home/thomas/MobileRobot/ws_new/install/mobile_robot/share/mobile_robot/package.ps1'
[11.811s] INFO:colcon.colcon_core.shell:Creating package descriptor '/home/thomas/MobileRobot/ws_new/install/mobile_robot/share/mobile_robot/package.dsv'
[11.812s] INFO:colcon.colcon_core.shell:Creating package script '/home/thomas/MobileRobot/ws_new/install/mobile_robot/share/mobile_robot/package.sh'
[11.814s] INFO:colcon.colcon_core.shell:Creating package script '/home/thomas/MobileRobot/ws_new/install/mobile_robot/share/mobile_robot/package.bash'
[11.831s] INFO:colcon.colcon_core.shell:Creating package script '/home/thomas/MobileRobot/ws_new/install/mobile_robot/share/mobile_robot/package.zsh'
[11.832s] Level 1:colcon.colcon_core.environment:create_file_with_runtime_dependencies(/home/thomas/MobileRobot/ws_new/install/mobile_robot/share/colcon-core/packages/mobile_robot)
[11.834s] Level 1:colcon.colcon_core.environment:create_environment_scripts_only(mobile_robot)
[11.834s] Level 1:colcon.colcon_core.environment:checking '/home/thomas/MobileRobot/ws_new/install/mobile_robot' for CMake module files
[11.835s] Level 1:colcon.colcon_core.environment:checking '/home/thomas/MobileRobot/ws_new/install/mobile_robot' for CMake config files
[11.836s] Level 1:colcon.colcon_core.shell:create_environment_hook('mobile_robot', 'cmake_prefix_path')
[11.836s] INFO:colcon.colcon_core.shell:Creating environment hook '/home/thomas/MobileRobot/ws_new/install/mobile_robot/share/mobile_robot/hook/cmake_prefix_path.ps1'
[11.837s] INFO:colcon.colcon_core.shell:Creating environment descriptor '/home/thomas/MobileRobot/ws_new/install/mobile_robot/share/mobile_robot/hook/cmake_prefix_path.dsv'
[11.838s] INFO:colcon.colcon_core.shell:Creating environment hook '/home/thomas/MobileRobot/ws_new/install/mobile_robot/share/mobile_robot/hook/cmake_prefix_path.sh'
[11.840s] Level 1:colcon.colcon_core.environment:checking '/home/thomas/MobileRobot/ws_new/install/mobile_robot/lib'
[11.840s] Level 1:colcon.colcon_core.environment:checking '/home/thomas/MobileRobot/ws_new/install/mobile_robot/bin'
[11.840s] Level 1:colcon.colcon_core.environment:checking '/home/thomas/MobileRobot/ws_new/install/mobile_robot/lib/pkgconfig/mobile_robot.pc'
[11.841s] Level 1:colcon.colcon_core.environment:checking '/home/thomas/MobileRobot/ws_new/install/mobile_robot/lib/python3.12/site-packages'
[11.842s] Level 1:colcon.colcon_core.environment:checking '/home/thomas/MobileRobot/ws_new/install/mobile_robot/bin'
[11.843s] INFO:colcon.colcon_core.shell:Creating package script '/home/thomas/MobileRobot/ws_new/install/mobile_robot/share/mobile_robot/package.ps1'
[11.844s] INFO:colcon.colcon_core.shell:Creating package descriptor '/home/thomas/MobileRobot/ws_new/install/mobile_robot/share/mobile_robot/package.dsv'
[11.845s] INFO:colcon.colcon_core.shell:Creating package script '/home/thomas/MobileRobot/ws_new/install/mobile_robot/share/mobile_robot/package.sh'
[11.845s] INFO:colcon.colcon_core.shell:Creating package script '/home/thomas/MobileRobot/ws_new/install/mobile_robot/share/mobile_robot/package.bash'
[11.846s] INFO:colcon.colcon_core.shell:Creating package script '/home/thomas/MobileRobot/ws_new/install/mobile_robot/share/mobile_robot/package.zsh'
[11.847s] Level 1:colcon.colcon_core.environment:create_file_with_runtime_dependencies(/home/thomas/MobileRobot/ws_new/install/mobile_robot/share/colcon-core/packages/mobile_robot)
[11.848s] DEBUG:colcon.colcon_parallel_executor.executor.parallel:closing loop
[11.848s] DEBUG:colcon.colcon_parallel_executor.executor.parallel:loop closed
[11.848s] DEBUG:colcon.colcon_parallel_executor.executor.parallel:run_until_complete finished with '0'
[11.848s] DEBUG:colcon.colcon_core.event_reactor:joining thread
[11.924s] INFO:colcon.colcon_core.plugin_system:Skipping extension 'colcon_notification.desktop_notification.terminal_notifier': Not used on non-Darwin systems
[11.925s] INFO:colcon.colcon_core.plugin_system:Skipping extension 'colcon_notification.desktop_notification.win32': Not used on non-Windows systems
[11.925s] INFO:colcon.colcon_notification.desktop_notification:Sending desktop notification using 'notify2'
[11.960s] DEBUG:colcon.colcon_core.event_reactor:joined thread
[11.960s] INFO:colcon.colcon_core.shell:Creating prefix script '/home/thomas/MobileRobot/ws_new/install/local_setup.ps1'
[11.962s] INFO:colcon.colcon_core.shell:Creating prefix util module '/home/thomas/MobileRobot/ws_new/install/_local_setup_util_ps1.py'
[11.964s] INFO:colcon.colcon_core.shell:Creating prefix chain script '/home/thomas/MobileRobot/ws_new/install/setup.ps1'
[11.966s] INFO:colcon.colcon_core.shell:Creating prefix script '/home/thomas/MobileRobot/ws_new/install/local_setup.sh'
[11.967s] INFO:colcon.colcon_core.shell:Creating prefix util module '/home/thomas/MobileRobot/ws_new/install/_local_setup_util_sh.py'
[11.968s] INFO:colcon.colcon_core.shell:Creating prefix chain script '/home/thomas/MobileRobot/ws_new/install/setup.sh'
[11.971s] INFO:colcon.colcon_core.shell:Creating prefix script '/home/thomas/MobileRobot/ws_new/install/local_setup.bash'
[11.972s] INFO:colcon.colcon_core.shell:Creating prefix chain script '/home/thomas/MobileRobot/ws_new/install/setup.bash'
[11.975s] INFO:colcon.colcon_core.shell:Creating prefix script '/home/thomas/MobileRobot/ws_new/install/local_setup.zsh'
[11.976s] INFO:colcon.colcon_core.shell:Creating prefix chain script '/home/thomas/MobileRobot/ws_new/install/setup.zsh'
