running egg_info
creating ../../build/navigation/navigation.egg-info
writing ../../build/navigation/navigation.egg-info/PKG-INFO
writing dependency_links to ../../build/navigation/navigation.egg-info/dependency_links.txt
writing entry points to ../../build/navigation/navigation.egg-info/entry_points.txt
writing requirements to ../../build/navigation/navigation.egg-info/requires.txt
writing top-level names to ../../build/navigation/navigation.egg-info/top_level.txt
writing manifest file '../../build/navigation/navigation.egg-info/SOURCES.txt'
reading manifest file '../../build/navigation/navigation.egg-info/SOURCES.txt'
writing manifest file '../../build/navigation/navigation.egg-info/SOURCES.txt'
running build
running build_py
creating /home/thomas/MobileRobot/ws_new/build/navigation/build
creating /home/thomas/MobileRobot/ws_new/build/navigation/build/lib
creating /home/thomas/MobileRobot/ws_new/build/navigation/build/lib/navigation
copying navigation/__init__.py -> /home/thomas/MobileRobot/ws_new/build/navigation/build/lib/navigation
copying navigation/GPS_path_planing.py -> /home/thomas/MobileRobot/ws_new/build/navigation/build/lib/navigation
copying navigation/gps_save_xy_subscriber.py -> /home/thomas/MobileRobot/ws_new/build/navigation/build/lib/navigation
copying navigation/waypoint_follow.py -> /home/thomas/MobileRobot/ws_new/build/navigation/build/lib/navigation
copying navigation/gps_path_follow.py -> /home/thomas/MobileRobot/ws_new/build/navigation/build/lib/navigation
copying navigation/gps_save_xy_subscriber1.py -> /home/thomas/MobileRobot/ws_new/build/navigation/build/lib/navigation
copying navigation/gps_waypoint_sender.py -> /home/thomas/MobileRobot/ws_new/build/navigation/build/lib/navigation
copying navigation/nav_node.py -> /home/thomas/MobileRobot/ws_new/build/navigation/build/lib/navigation
running install
running install_lib
creating /home/thomas/MobileRobot/ws_new/install/navigation/lib/python3.12/site-packages/navigation
copying /home/thomas/MobileRobot/ws_new/build/navigation/build/lib/navigation/__init__.py -> /home/thomas/MobileRobot/ws_new/install/navigation/lib/python3.12/site-packages/navigation
copying /home/thomas/MobileRobot/ws_new/build/navigation/build/lib/navigation/GPS_path_planing.py -> /home/thomas/MobileRobot/ws_new/install/navigation/lib/python3.12/site-packages/navigation
copying /home/thomas/MobileRobot/ws_new/build/navigation/build/lib/navigation/gps_save_xy_subscriber.py -> /home/thomas/MobileRobot/ws_new/install/navigation/lib/python3.12/site-packages/navigation
copying /home/thomas/MobileRobot/ws_new/build/navigation/build/lib/navigation/waypoint_follow.py -> /home/thomas/MobileRobot/ws_new/install/navigation/lib/python3.12/site-packages/navigation
copying /home/thomas/MobileRobot/ws_new/build/navigation/build/lib/navigation/gps_path_follow.py -> /home/thomas/MobileRobot/ws_new/install/navigation/lib/python3.12/site-packages/navigation
copying /home/thomas/MobileRobot/ws_new/build/navigation/build/lib/navigation/gps_save_xy_subscriber1.py -> /home/thomas/MobileRobot/ws_new/install/navigation/lib/python3.12/site-packages/navigation
copying /home/thomas/MobileRobot/ws_new/build/navigation/build/lib/navigation/gps_waypoint_sender.py -> /home/thomas/MobileRobot/ws_new/install/navigation/lib/python3.12/site-packages/navigation
copying /home/thomas/MobileRobot/ws_new/build/navigation/build/lib/navigation/nav_node.py -> /home/thomas/MobileRobot/ws_new/install/navigation/lib/python3.12/site-packages/navigation
byte-compiling /home/thomas/MobileRobot/ws_new/install/navigation/lib/python3.12/site-packages/navigation/__init__.py to __init__.cpython-312.pyc
byte-compiling /home/thomas/MobileRobot/ws_new/install/navigation/lib/python3.12/site-packages/navigation/GPS_path_planing.py to GPS_path_planing.cpython-312.pyc
byte-compiling /home/thomas/MobileRobot/ws_new/install/navigation/lib/python3.12/site-packages/navigation/gps_save_xy_subscriber.py to gps_save_xy_subscriber.cpython-312.pyc
byte-compiling /home/thomas/MobileRobot/ws_new/install/navigation/lib/python3.12/site-packages/navigation/waypoint_follow.py to waypoint_follow.cpython-312.pyc
byte-compiling /home/thomas/MobileRobot/ws_new/install/navigation/lib/python3.12/site-packages/navigation/gps_path_follow.py to gps_path_follow.cpython-312.pyc
byte-compiling /home/thomas/MobileRobot/ws_new/install/navigation/lib/python3.12/site-packages/navigation/gps_save_xy_subscriber1.py to gps_save_xy_subscriber1.cpython-312.pyc
byte-compiling /home/thomas/MobileRobot/ws_new/install/navigation/lib/python3.12/site-packages/navigation/gps_waypoint_sender.py to gps_waypoint_sender.cpython-312.pyc
byte-compiling /home/thomas/MobileRobot/ws_new/install/navigation/lib/python3.12/site-packages/navigation/nav_node.py to nav_node.cpython-312.pyc
running install_data
creating /home/thomas/MobileRobot/ws_new/install/navigation/share
creating /home/thomas/MobileRobot/ws_new/install/navigation/share/ament_index
creating /home/thomas/MobileRobot/ws_new/install/navigation/share/ament_index/resource_index
creating /home/thomas/MobileRobot/ws_new/install/navigation/share/ament_index/resource_index/packages
copying resource/navigation -> /home/thomas/MobileRobot/ws_new/install/navigation/share/ament_index/resource_index/packages
creating /home/thomas/MobileRobot/ws_new/install/navigation/share/navigation
copying package.xml -> /home/thomas/MobileRobot/ws_new/install/navigation/share/navigation
running install_egg_info
Copying ../../build/navigation/navigation.egg-info to /home/thomas/MobileRobot/ws_new/install/navigation/lib/python3.12/site-packages/navigation-0.0.0-py3.12.egg-info
running install_scripts
Installing gps_path_follow script to /home/thomas/MobileRobot/ws_new/install/navigation/lib/navigation
Installing gps_waypoint_sender script to /home/thomas/MobileRobot/ws_new/install/navigation/lib/navigation
Installing nav_node script to /home/thomas/MobileRobot/ws_new/install/navigation/lib/navigation
Installing waypoint_follow script to /home/thomas/MobileRobot/ws_new/install/navigation/lib/navigation
writing list of installed files to '/home/thomas/MobileRobot/ws_new/build/navigation/install.log'
