[16.318s] Invoking command in '/home/thomas/MobileRobot/ws_new/src/navigation': DEBUGINFOD_URLS=https://debuginfod.ubuntu.com PYTHONPATH=/home/thomas/MobileRobot/ws_new/build/navigation/prefix_override:/usr/lib/python3/dist-packages/colcon_core/task/python/colcon_distutils_commands:/home/thomas/MobileRobot/ws_new/install/navigation/lib/python3.12/site-packages:${PYTHONPATH} /usr/bin/python3 -W ignore:setup.py install is deprecated -W ignore:easy_install command is deprecated setup.py egg_info --egg-base ../../build/navigation build --build-base /home/thomas/MobileRobot/ws_new/build/navigation/build install --record /home/thomas/MobileRobot/ws_new/build/navigation/install.log --single-version-externally-managed install_data
[16.767s] running egg_info
[16.801s] writing ../../build/navigation/navigation.egg-info/PKG-INFO
[16.859s] writing dependency_links to ../../build/navigation/navigation.egg-info/dependency_links.txt
[16.861s] writing entry points to ../../build/navigation/navigation.egg-info/entry_points.txt
[16.864s] writing requirements to ../../build/navigation/navigation.egg-info/requires.txt
[16.865s] writing top-level names to ../../build/navigation/navigation.egg-info/top_level.txt
[16.980s] reading manifest file '../../build/navigation/navigation.egg-info/SOURCES.txt'
[17.008s] writing manifest file '../../build/navigation/navigation.egg-info/SOURCES.txt'
[17.008s] running build
[17.008s] running build_py
[17.010s] running install
[17.018s] running install_lib
[17.064s] running install_data
[17.075s] running install_egg_info
[17.123s] removing '/home/thomas/MobileRobot/ws_new/install/navigation/lib/python3.12/site-packages/navigation-0.0.0-py3.12.egg-info' (and everything under it)
[17.124s] Copying ../../build/navigation/navigation.egg-info to /home/thomas/MobileRobot/ws_new/install/navigation/lib/python3.12/site-packages/navigation-0.0.0-py3.12.egg-info
[17.155s] running install_scripts
[17.427s] Installing gps_path_follow script to /home/thomas/MobileRobot/ws_new/install/navigation/lib/navigation
[17.441s] Installing gps_waypoint_sender script to /home/thomas/MobileRobot/ws_new/install/navigation/lib/navigation
[17.441s] Installing nav_node script to /home/thomas/MobileRobot/ws_new/install/navigation/lib/navigation
[17.442s] Installing waypoint_follow script to /home/thomas/MobileRobot/ws_new/install/navigation/lib/navigation
[17.442s] writing list of installed files to '/home/thomas/MobileRobot/ws_new/build/navigation/install.log'
[17.538s] Invoked command in '/home/thomas/MobileRobot/ws_new/src/navigation' returned '0': DEBUGINFOD_URLS=https://debuginfod.ubuntu.com PYTHONPATH=/home/thomas/MobileRobot/ws_new/build/navigation/prefix_override:/usr/lib/python3/dist-packages/colcon_core/task/python/colcon_distutils_commands:/home/thomas/MobileRobot/ws_new/install/navigation/lib/python3.12/site-packages:${PYTHONPATH} /usr/bin/python3 -W ignore:setup.py install is deprecated -W ignore:easy_install command is deprecated setup.py egg_info --egg-base ../../build/navigation build --build-base /home/thomas/MobileRobot/ws_new/build/navigation/build install --record /home/thomas/MobileRobot/ws_new/build/navigation/install.log --single-version-externally-managed install_data
