[6.291s] Invoking command in '/home/thomas/MobileRobot/ws_new/src/navigation': DEBUGINFOD_URLS=https://debuginfod.ubuntu.com PYTHONPATH=/home/thomas/MobileRobot/ws_new/build/navigation/prefix_override:/usr/lib/python3/dist-packages/colcon_core/task/python/colcon_distutils_commands:/home/thomas/MobileRobot/ws_new/install/navigation/lib/python3.12/site-packages:${PYTHONPATH} /usr/bin/python3 -W ignore:setup.py install is deprecated -W ignore:easy_install command is deprecated setup.py egg_info --egg-base ../../build/navigation build --build-base /home/thomas/MobileRobot/ws_new/build/navigation/build install --record /home/thomas/MobileRobot/ws_new/build/navigation/install.log --single-version-externally-managed install_data
[6.683s] running egg_info
[6.716s] writing ../../build/navigation/navigation.egg-info/PKG-INFO
[6.730s] writing dependency_links to ../../build/navigation/navigation.egg-info/dependency_links.txt
[6.730s] writing entry points to ../../build/navigation/navigation.egg-info/entry_points.txt
[6.731s] writing requirements to ../../build/navigation/navigation.egg-info/requires.txt
[6.731s] writing top-level names to ../../build/navigation/navigation.egg-info/top_level.txt
[6.817s] reading manifest file '../../build/navigation/navigation.egg-info/SOURCES.txt'
[6.832s] writing manifest file '../../build/navigation/navigation.egg-info/SOURCES.txt'
[6.832s] running build
[6.832s] running build_py
[6.834s] running install
[6.841s] running install_lib
[6.873s] running install_data
[6.874s] running install_egg_info
[6.909s] removing '/home/thomas/MobileRobot/ws_new/install/navigation/lib/python3.12/site-packages/navigation-0.0.0-py3.12.egg-info' (and everything under it)
[6.910s] Copying ../../build/navigation/navigation.egg-info to /home/thomas/MobileRobot/ws_new/install/navigation/lib/python3.12/site-packages/navigation-0.0.0-py3.12.egg-info
[6.919s] running install_scripts
[7.122s] Installing gps_path_follow script to /home/thomas/MobileRobot/ws_new/install/navigation/lib/navigation
[7.123s] Installing gps_waypoint_sender script to /home/thomas/MobileRobot/ws_new/install/navigation/lib/navigation
[7.123s] Installing nav_node script to /home/thomas/MobileRobot/ws_new/install/navigation/lib/navigation
[7.123s] Installing waypoint_follow script to /home/thomas/MobileRobot/ws_new/install/navigation/lib/navigation
[7.124s] writing list of installed files to '/home/thomas/MobileRobot/ws_new/build/navigation/install.log'
[7.157s] Invoked command in '/home/thomas/MobileRobot/ws_new/src/navigation' returned '0': DEBUGINFOD_URLS=https://debuginfod.ubuntu.com PYTHONPATH=/home/thomas/MobileRobot/ws_new/build/navigation/prefix_override:/usr/lib/python3/dist-packages/colcon_core/task/python/colcon_distutils_commands:/home/thomas/MobileRobot/ws_new/install/navigation/lib/python3.12/site-packages:${PYTHONPATH} /usr/bin/python3 -W ignore:setup.py install is deprecated -W ignore:easy_install command is deprecated setup.py egg_info --egg-base ../../build/navigation build --build-base /home/thomas/MobileRobot/ws_new/build/navigation/build install --record /home/thomas/MobileRobot/ws_new/build/navigation/install.log --single-version-externally-managed install_data
