[0.163s] Invoking command in '/home/thomas/MobileRobot/ws_new/build/mobile_robot': CMAKE_PREFIX_PATH=${CMAKE_PREFIX_PATH}:/home/thomas/MobileRobot/ws_new/install/publisher_subscriber:/home/thomas/MobileRobot/ws_new/install/navigation:/opt/ros/jazzy DEBUGINFOD_URLS=https://debuginfod.ubuntu.com /usr/bin/cmake --build /home/thomas/MobileRobot/ws_new/build/mobile_robot -- -j8 -l8
[2.120s] Invoked command in '/home/thomas/MobileRobot/ws_new/build/mobile_robot' returned '0': CMAKE_PREFIX_PATH=${CMAKE_PREFIX_PATH}:/home/thomas/MobileRobot/ws_new/install/publisher_subscriber:/home/thomas/MobileRobot/ws_new/install/navigation:/opt/ros/jazzy DEBUGINFOD_URLS=https://debuginfod.ubuntu.com /usr/bin/cmake --build /home/thomas/MobileRobot/ws_new/build/mobile_robot -- -j8 -l8
[2.154s] Invoking command in '/home/thomas/MobileRobot/ws_new/build/mobile_robot': CMAKE_PREFIX_PATH=${CMAKE_PREFIX_PATH}:/home/thomas/MobileRobot/ws_new/install/publisher_subscriber:/home/thomas/MobileRobot/ws_new/install/navigation:/opt/ros/jazzy DEBUGINFOD_URLS=https://debuginfod.ubuntu.com /usr/bin/cmake --install /home/thomas/MobileRobot/ws_new/build/mobile_robot
[2.189s] -- Install configuration: ""
[2.190s] -- Up-to-date: /home/thomas/MobileRobot/ws_new/install/mobile_robot/share/mobile_robot//launch
[2.190s] -- Up-to-date: /home/thomas/MobileRobot/ws_new/install/mobile_robot/share/mobile_robot//launch/robot_gps_nav2.launch.py
[2.191s] -- Up-to-date: /home/thomas/MobileRobot/ws_new/install/mobile_robot/share/mobile_robot//launch/gazebo_model_environement.launch.py
[2.191s] -- Up-to-date: /home/thomas/MobileRobot/ws_new/install/mobile_robot/share/mobile_robot//launch/gazebo_model.launch.py
[2.191s] -- Up-to-date: /home/thomas/MobileRobot/ws_new/install/mobile_robot/share/mobile_robot//launch/test.launch.py
[2.193s] -- Up-to-date: /home/thomas/MobileRobot/ws_new/install/mobile_robot/share/mobile_robot//launch/ekf.launch.py
[2.193s] -- Up-to-date: /home/thomas/MobileRobot/ws_new/install/mobile_robot/share/mobile_robot//launch/camera.launch.py
[2.194s] -- Up-to-date: /home/thomas/MobileRobot/ws_new/install/mobile_robot/share/mobile_robot//launch/farm_world.launch.py
[2.195s] -- Up-to-date: /home/thomas/MobileRobot/ws_new/install/mobile_robot/share/mobile_robot//model
[2.196s] -- Up-to-date: /home/thomas/MobileRobot/ws_new/install/mobile_robot/share/mobile_robot//model/farm_world.sdf
[2.196s] -- Up-to-date: /home/thomas/MobileRobot/ws_new/install/mobile_robot/share/mobile_robot//model/empty_world.world
[2.196s] -- Up-to-date: /home/thomas/MobileRobot/ws_new/install/mobile_robot/share/mobile_robot//model/robot.gazebo
[2.196s] -- Up-to-date: /home/thomas/MobileRobot/ws_new/install/mobile_robot/share/mobile_robot//model/robot.xacro
[2.197s] -- Up-to-date: /home/thomas/MobileRobot/ws_new/install/mobile_robot/share/mobile_robot//config
[2.197s] -- Up-to-date: /home/thomas/MobileRobot/ws_new/install/mobile_robot/share/mobile_robot//config/main.rviz
[2.201s] -- Up-to-date: /home/thomas/MobileRobot/ws_new/install/mobile_robot/share/mobile_robot//config/mapper_params_online_async.yaml
[2.201s] -- Up-to-date: /home/thomas/MobileRobot/ws_new/install/mobile_robot/share/mobile_robot//config/ackermann_controllers.yaml
[2.202s] -- Up-to-date: /home/thomas/MobileRobot/ws_new/install/mobile_robot/share/mobile_robot//config/nav2_params.yaml
[2.202s] -- Up-to-date: /home/thomas/MobileRobot/ws_new/install/mobile_robot/share/mobile_robot//config/ekf.yaml
[2.202s] -- Up-to-date: /home/thomas/MobileRobot/ws_new/install/mobile_robot/share/mobile_robot//config/navsat_transform.yaml
[2.202s] -- Up-to-date: /home/thomas/MobileRobot/ws_new/install/mobile_robot/share/mobile_robot//config/gz_bridge.yaml
[2.202s] -- Up-to-date: /home/thomas/MobileRobot/ws_new/install/mobile_robot/share/mobile_robot//config/waypoint_follower.yaml
[2.203s] -- Up-to-date: /home/thomas/MobileRobot/ws_new/install/mobile_robot/share/mobile_robot//config/twist_mux.yaml
[2.208s] -- Up-to-date: /home/thomas/MobileRobot/ws_new/install/mobile_robot/share/mobile_robot//config/ekf1.yaml
[2.208s] -- Up-to-date: /home/thomas/MobileRobot/ws_new/install/mobile_robot/share/mobile_robot//config/map_server.yaml
[2.209s] -- Up-to-date: /home/thomas/MobileRobot/ws_new/install/mobile_robot/share/mobile_robot//description
[2.209s] -- Up-to-date: /home/thomas/MobileRobot/ws_new/install/mobile_robot/share/mobile_robot//description/lidar.xacro
[2.221s] -- Up-to-date: /home/thomas/MobileRobot/ws_new/install/mobile_robot/share/mobile_robot//description/gps.xacro
[2.221s] -- Up-to-date: /home/thomas/MobileRobot/ws_new/install/mobile_robot/share/mobile_robot//description/camera.xacro
[2.221s] -- Up-to-date: /home/thomas/MobileRobot/ws_new/install/mobile_robot/share/ament_index/resource_index/package_run_dependencies/mobile_robot
[2.228s] -- Up-to-date: /home/thomas/MobileRobot/ws_new/install/mobile_robot/share/ament_index/resource_index/parent_prefix_path/mobile_robot
[2.229s] -- Up-to-date: /home/thomas/MobileRobot/ws_new/install/mobile_robot/share/mobile_robot/environment/ament_prefix_path.sh
[2.229s] -- Up-to-date: /home/thomas/MobileRobot/ws_new/install/mobile_robot/share/mobile_robot/environment/ament_prefix_path.dsv
[2.230s] -- Up-to-date: /home/thomas/MobileRobot/ws_new/install/mobile_robot/share/mobile_robot/environment/path.sh
[2.239s] -- Up-to-date: /home/thomas/MobileRobot/ws_new/install/mobile_robot/share/mobile_robot/environment/path.dsv
[2.239s] -- Up-to-date: /home/thomas/MobileRobot/ws_new/install/mobile_robot/share/mobile_robot/local_setup.bash
[2.240s] -- Up-to-date: /home/thomas/MobileRobot/ws_new/install/mobile_robot/share/mobile_robot/local_setup.sh
[2.246s] -- Up-to-date: /home/thomas/MobileRobot/ws_new/install/mobile_robot/share/mobile_robot/local_setup.zsh
[2.246s] -- Up-to-date: /home/thomas/MobileRobot/ws_new/install/mobile_robot/share/mobile_robot/local_setup.dsv
[2.247s] -- Installing: /home/thomas/MobileRobot/ws_new/install/mobile_robot/share/mobile_robot/package.dsv
[2.247s] -- Up-to-date: /home/thomas/MobileRobot/ws_new/install/mobile_robot/share/ament_index/resource_index/packages/mobile_robot
[2.248s] -- Up-to-date: /home/thomas/MobileRobot/ws_new/install/mobile_robot/share/mobile_robot/cmake/mobile_robotConfig.cmake
[2.248s] -- Up-to-date: /home/thomas/MobileRobot/ws_new/install/mobile_robot/share/mobile_robot/cmake/mobile_robotConfig-version.cmake
[2.254s] -- Up-to-date: /home/thomas/MobileRobot/ws_new/install/mobile_robot/share/mobile_robot/package.xml
[2.258s] Invoked command in '/home/thomas/MobileRobot/ws_new/build/mobile_robot' returned '0': CMAKE_PREFIX_PATH=${CMAKE_PREFIX_PATH}:/home/thomas/MobileRobot/ws_new/install/publisher_subscriber:/home/thomas/MobileRobot/ws_new/install/navigation:/opt/ros/jazzy DEBUGINFOD_URLS=https://debuginfod.ubuntu.com /usr/bin/cmake --install /home/thomas/MobileRobot/ws_new/build/mobile_robot
