[0.235s] DEBUG:colcon:Command line arguments: ['/usr/bin/colcon', 'build']
[0.235s] DEBUG:colcon:Parsed command line arguments: Namespace(log_base=None, log_level=None, verb_name='build', build_base='build', install_base='install', merge_install=False, symlink_install=False, test_result_base=None, continue_on_error=False, executor='parallel', parallel_workers=8, event_handlers=None, ignore_user_meta=False, metas=['./colcon.meta'], base_paths=['.'], packages_ignore=None, packages_ignore_regex=None, paths=None, packages_up_to=None, packages_up_to_regex=None, packages_above=None, packages_above_and_dependencies=None, packages_above_depth=None, packages_select_by_dep=None, packages_skip_by_dep=None, packages_skip_up_to=None, packages_select_build_failed=False, packages_skip_build_finished=False, packages_select_test_failures=False, packages_skip_test_passed=False, packages_select=None, packages_skip=None, packages_select_regex=None, packages_skip_regex=None, packages_start=None, packages_end=None, allow_overriding=[], cmake_args=None, cmake_target=None, cmake_target_skip_unavailable=False, cmake_clean_cache=False, cmake_clean_first=False, cmake_force_configure=False, ament_cmake_args=None, catkin_cmake_args=None, catkin_skip_building_tests=False, verb_parser=<colcon_defaults.argument_parser.defaults.DefaultArgumentsDecorator object at 0x787dcab06f60>, verb_extension=<colcon_core.verb.build.BuildVerb object at 0x787dcab06d80>, main=<bound method BuildVerb.main of <colcon_core.verb.build.BuildVerb object at 0x787dcab06d80>>)
[0.289s] Level 1:colcon.colcon_core.package_discovery:discover_packages(colcon_meta) check parameters
[0.290s] Level 1:colcon.colcon_core.package_discovery:discover_packages(recursive) check parameters
[0.290s] Level 1:colcon.colcon_core.package_discovery:discover_packages(ignore) check parameters
[0.290s] Level 1:colcon.colcon_core.package_discovery:discover_packages(path) check parameters
[0.290s] Level 1:colcon.colcon_core.package_discovery:discover_packages(colcon_meta) discover
[0.290s] Level 1:colcon.colcon_core.package_discovery:discover_packages(recursive) discover
[0.290s] INFO:colcon.colcon_core.package_discovery:Crawling recursively for packages in '/home/thomas/MobileRobot/ws_new'
[0.290s] Level 1:colcon.colcon_core.package_identification:_identify(.) by extensions ['ignore', 'ignore_ament_install']
[0.290s] Level 1:colcon.colcon_core.package_identification:_identify(.) by extension 'ignore'
[0.290s] Level 1:colcon.colcon_core.package_identification:_identify(.) by extension 'ignore_ament_install'
[0.290s] Level 1:colcon.colcon_core.package_identification:_identify(.) by extensions ['colcon_pkg']
[0.290s] Level 1:colcon.colcon_core.package_identification:_identify(.) by extension 'colcon_pkg'
[0.290s] Level 1:colcon.colcon_core.package_identification:_identify(.) by extensions ['colcon_meta']
[0.290s] Level 1:colcon.colcon_core.package_identification:_identify(.) by extension 'colcon_meta'
[0.290s] Level 1:colcon.colcon_core.package_identification:_identify(.) by extensions ['ros']
[0.290s] Level 1:colcon.colcon_core.package_identification:_identify(.) by extension 'ros'
[0.326s] Level 1:colcon.colcon_core.package_identification:_identify(.) by extensions ['cmake', 'python']
[0.326s] Level 1:colcon.colcon_core.package_identification:_identify(.) by extension 'cmake'
[0.326s] Level 1:colcon.colcon_core.package_identification:_identify(.) by extension 'python'
[0.326s] Level 1:colcon.colcon_core.package_identification:_identify(.) by extensions ['python_setup_py']
[0.327s] Level 1:colcon.colcon_core.package_identification:_identify(.) by extension 'python_setup_py'
[0.327s] Level 1:colcon.colcon_core.package_identification:_identify(build) by extensions ['ignore', 'ignore_ament_install']
[0.327s] Level 1:colcon.colcon_core.package_identification:_identify(build) by extension 'ignore'
[0.327s] Level 1:colcon.colcon_core.package_identification:_identify(build) ignored
[0.327s] Level 1:colcon.colcon_core.package_identification:_identify(install) by extensions ['ignore', 'ignore_ament_install']
[0.327s] Level 1:colcon.colcon_core.package_identification:_identify(install) by extension 'ignore'
[0.327s] Level 1:colcon.colcon_core.package_identification:_identify(install) ignored
[0.327s] Level 1:colcon.colcon_core.package_identification:_identify(log) by extensions ['ignore', 'ignore_ament_install']
[0.327s] Level 1:colcon.colcon_core.package_identification:_identify(log) by extension 'ignore'
[0.328s] Level 1:colcon.colcon_core.package_identification:_identify(log) ignored
[0.328s] Level 1:colcon.colcon_core.package_identification:_identify(src) by extensions ['ignore', 'ignore_ament_install']
[0.328s] Level 1:colcon.colcon_core.package_identification:_identify(src) by extension 'ignore'
[0.328s] Level 1:colcon.colcon_core.package_identification:_identify(src) by extension 'ignore_ament_install'
[0.328s] Level 1:colcon.colcon_core.package_identification:_identify(src) by extensions ['colcon_pkg']
[0.328s] Level 1:colcon.colcon_core.package_identification:_identify(src) by extension 'colcon_pkg'
[0.328s] Level 1:colcon.colcon_core.package_identification:_identify(src) by extensions ['colcon_meta']
[0.328s] Level 1:colcon.colcon_core.package_identification:_identify(src) by extension 'colcon_meta'
[0.328s] Level 1:colcon.colcon_core.package_identification:_identify(src) by extensions ['ros']
[0.328s] Level 1:colcon.colcon_core.package_identification:_identify(src) by extension 'ros'
[0.328s] Level 1:colcon.colcon_core.package_identification:_identify(src) by extensions ['cmake', 'python']
[0.328s] Level 1:colcon.colcon_core.package_identification:_identify(src) by extension 'cmake'
[0.328s] Level 1:colcon.colcon_core.package_identification:_identify(src) by extension 'python'
[0.328s] Level 1:colcon.colcon_core.package_identification:_identify(src) by extensions ['python_setup_py']
[0.328s] Level 1:colcon.colcon_core.package_identification:_identify(src) by extension 'python_setup_py'
[0.328s] Level 1:colcon.colcon_core.package_identification:_identify(src/mobile_robot) by extensions ['ignore', 'ignore_ament_install']
[0.329s] Level 1:colcon.colcon_core.package_identification:_identify(src/mobile_robot) by extension 'ignore'
[0.329s] Level 1:colcon.colcon_core.package_identification:_identify(src/mobile_robot) by extension 'ignore_ament_install'
[0.329s] Level 1:colcon.colcon_core.package_identification:_identify(src/mobile_robot) by extensions ['colcon_pkg']
[0.329s] Level 1:colcon.colcon_core.package_identification:_identify(src/mobile_robot) by extension 'colcon_pkg'
[0.329s] Level 1:colcon.colcon_core.package_identification:_identify(src/mobile_robot) by extensions ['colcon_meta']
[0.329s] Level 1:colcon.colcon_core.package_identification:_identify(src/mobile_robot) by extension 'colcon_meta'
[0.329s] Level 1:colcon.colcon_core.package_identification:_identify(src/mobile_robot) by extensions ['ros']
[0.329s] Level 1:colcon.colcon_core.package_identification:_identify(src/mobile_robot) by extension 'ros'
[0.333s] DEBUG:colcon.colcon_core.package_identification:Package 'src/mobile_robot' with type 'ros.ament_cmake' and name 'mobile_robot'
[0.333s] Level 1:colcon.colcon_core.package_identification:_identify(src/my_kinematics_pkg) by extensions ['ignore', 'ignore_ament_install']
[0.333s] Level 1:colcon.colcon_core.package_identification:_identify(src/my_kinematics_pkg) by extension 'ignore'
[0.333s] Level 1:colcon.colcon_core.package_identification:_identify(src/my_kinematics_pkg) by extension 'ignore_ament_install'
[0.333s] Level 1:colcon.colcon_core.package_identification:_identify(src/my_kinematics_pkg) by extensions ['colcon_pkg']
[0.333s] Level 1:colcon.colcon_core.package_identification:_identify(src/my_kinematics_pkg) by extension 'colcon_pkg'
[0.333s] Level 1:colcon.colcon_core.package_identification:_identify(src/my_kinematics_pkg) by extensions ['colcon_meta']
[0.334s] Level 1:colcon.colcon_core.package_identification:_identify(src/my_kinematics_pkg) by extension 'colcon_meta'
[0.334s] Level 1:colcon.colcon_core.package_identification:_identify(src/my_kinematics_pkg) by extensions ['ros']
[0.334s] Level 1:colcon.colcon_core.package_identification:_identify(src/my_kinematics_pkg) by extension 'ros'
[0.334s] DEBUG:colcon.colcon_core.package_identification:Package 'src/my_kinematics_pkg' with type 'ros.ament_cmake' and name 'my_kinematics_pkg'
[0.335s] Level 1:colcon.colcon_core.package_identification:_identify(src/publisher_subscriber) by extensions ['ignore', 'ignore_ament_install']
[0.335s] Level 1:colcon.colcon_core.package_identification:_identify(src/publisher_subscriber) by extension 'ignore'
[0.335s] Level 1:colcon.colcon_core.package_identification:_identify(src/publisher_subscriber) by extension 'ignore_ament_install'
[0.335s] Level 1:colcon.colcon_core.package_identification:_identify(src/publisher_subscriber) by extensions ['colcon_pkg']
[0.335s] Level 1:colcon.colcon_core.package_identification:_identify(src/publisher_subscriber) by extension 'colcon_pkg'
[0.335s] Level 1:colcon.colcon_core.package_identification:_identify(src/publisher_subscriber) by extensions ['colcon_meta']
[0.335s] Level 1:colcon.colcon_core.package_identification:_identify(src/publisher_subscriber) by extension 'colcon_meta'
[0.335s] Level 1:colcon.colcon_core.package_identification:_identify(src/publisher_subscriber) by extensions ['ros']
[0.335s] Level 1:colcon.colcon_core.package_identification:_identify(src/publisher_subscriber) by extension 'ros'
[0.336s] DEBUG:colcon.colcon_core.package_identification:Package 'src/publisher_subscriber' with type 'ros.ament_python' and name 'publisher_subscriber'
[0.336s] Level 1:colcon.colcon_core.package_identification:_identify(vectors) by extensions ['ignore', 'ignore_ament_install']
[0.336s] Level 1:colcon.colcon_core.package_identification:_identify(vectors) by extension 'ignore'
[0.336s] Level 1:colcon.colcon_core.package_identification:_identify(vectors) by extension 'ignore_ament_install'
[0.336s] Level 1:colcon.colcon_core.package_identification:_identify(vectors) by extensions ['colcon_pkg']
[0.336s] Level 1:colcon.colcon_core.package_identification:_identify(vectors) by extension 'colcon_pkg'
[0.336s] Level 1:colcon.colcon_core.package_identification:_identify(vectors) by extensions ['colcon_meta']
[0.336s] Level 1:colcon.colcon_core.package_identification:_identify(vectors) by extension 'colcon_meta'
[0.336s] Level 1:colcon.colcon_core.package_identification:_identify(vectors) by extensions ['ros']
[0.336s] Level 1:colcon.colcon_core.package_identification:_identify(vectors) by extension 'ros'
[0.337s] Level 1:colcon.colcon_core.package_identification:_identify(vectors) by extensions ['cmake', 'python']
[0.337s] Level 1:colcon.colcon_core.package_identification:_identify(vectors) by extension 'cmake'
[0.337s] Level 1:colcon.colcon_core.package_identification:_identify(vectors) by extension 'python'
[0.337s] Level 1:colcon.colcon_core.package_identification:_identify(vectors) by extensions ['python_setup_py']
[0.337s] Level 1:colcon.colcon_core.package_identification:_identify(vectors) by extension 'python_setup_py'
[0.337s] Level 1:colcon.colcon_core.package_discovery:discover_packages(recursive) using defaults
[0.337s] Level 1:colcon.colcon_core.package_discovery:discover_packages(ignore) discover
[0.337s] Level 1:colcon.colcon_core.package_discovery:discover_packages(ignore) using defaults
[0.337s] Level 1:colcon.colcon_core.package_discovery:discover_packages(path) discover
[0.337s] Level 1:colcon.colcon_core.package_discovery:discover_packages(path) using defaults
[0.361s] Level 1:colcon.colcon_core.package_discovery:discover_packages(prefix_path) check parameters
[0.361s] Level 1:colcon.colcon_core.package_discovery:discover_packages(prefix_path) discover
[0.365s] DEBUG:colcon.colcon_installed_package_information.package_discovery:Found 3 installed packages in /home/thomas/MobileRobot/ws_new/install
[0.366s] DEBUG:colcon.colcon_installed_package_information.package_discovery:Found 1 installed packages in /home/thomas/ws_new/install
[0.366s] DEBUG:colcon.colcon_installed_package_information.package_discovery:Found 1 installed packages in /home/thomas/dev_ws/install
[0.367s] DEBUG:colcon.colcon_installed_package_information.package_discovery:Found 0 installed packages in /home/thomas/mobile_robot/install
[0.370s] DEBUG:colcon.colcon_installed_package_information.package_discovery:Found 437 installed packages in /opt/ros/jazzy
[0.371s] Level 1:colcon.colcon_core.package_discovery:discover_packages(prefix_path) using defaults
[0.447s] Level 5:colcon.colcon_core.verb:set package 'mobile_robot' build argument 'cmake_args' from command line to 'None'
[0.447s] Level 5:colcon.colcon_core.verb:set package 'mobile_robot' build argument 'cmake_target' from command line to 'None'
[0.447s] Level 5:colcon.colcon_core.verb:set package 'mobile_robot' build argument 'cmake_target_skip_unavailable' from command line to 'False'
[0.447s] Level 5:colcon.colcon_core.verb:set package 'mobile_robot' build argument 'cmake_clean_cache' from command line to 'False'
[0.447s] Level 5:colcon.colcon_core.verb:set package 'mobile_robot' build argument 'cmake_clean_first' from command line to 'False'
[0.447s] Level 5:colcon.colcon_core.verb:set package 'mobile_robot' build argument 'cmake_force_configure' from command line to 'False'
[0.447s] Level 5:colcon.colcon_core.verb:set package 'mobile_robot' build argument 'ament_cmake_args' from command line to 'None'
[0.447s] Level 5:colcon.colcon_core.verb:set package 'mobile_robot' build argument 'catkin_cmake_args' from command line to 'None'
[0.447s] Level 5:colcon.colcon_core.verb:set package 'mobile_robot' build argument 'catkin_skip_building_tests' from command line to 'False'
[0.447s] DEBUG:colcon.colcon_core.verb:Building package 'mobile_robot' with the following arguments: {'ament_cmake_args': None, 'build_base': '/home/thomas/MobileRobot/ws_new/build/mobile_robot', 'catkin_cmake_args': None, 'catkin_skip_building_tests': False, 'cmake_args': None, 'cmake_clean_cache': False, 'cmake_clean_first': False, 'cmake_force_configure': False, 'cmake_target': None, 'cmake_target_skip_unavailable': False, 'install_base': '/home/thomas/MobileRobot/ws_new/install/mobile_robot', 'merge_install': False, 'path': '/home/thomas/MobileRobot/ws_new/src/mobile_robot', 'symlink_install': False, 'test_result_base': None}
[0.448s] Level 5:colcon.colcon_core.verb:set package 'my_kinematics_pkg' build argument 'cmake_args' from command line to 'None'
[0.448s] Level 5:colcon.colcon_core.verb:set package 'my_kinematics_pkg' build argument 'cmake_target' from command line to 'None'
[0.448s] Level 5:colcon.colcon_core.verb:set package 'my_kinematics_pkg' build argument 'cmake_target_skip_unavailable' from command line to 'False'
[0.448s] Level 5:colcon.colcon_core.verb:set package 'my_kinematics_pkg' build argument 'cmake_clean_cache' from command line to 'False'
[0.448s] Level 5:colcon.colcon_core.verb:set package 'my_kinematics_pkg' build argument 'cmake_clean_first' from command line to 'False'
[0.448s] Level 5:colcon.colcon_core.verb:set package 'my_kinematics_pkg' build argument 'cmake_force_configure' from command line to 'False'
[0.448s] Level 5:colcon.colcon_core.verb:set package 'my_kinematics_pkg' build argument 'ament_cmake_args' from command line to 'None'
[0.448s] Level 5:colcon.colcon_core.verb:set package 'my_kinematics_pkg' build argument 'catkin_cmake_args' from command line to 'None'
[0.448s] Level 5:colcon.colcon_core.verb:set package 'my_kinematics_pkg' build argument 'catkin_skip_building_tests' from command line to 'False'
[0.448s] DEBUG:colcon.colcon_core.verb:Building package 'my_kinematics_pkg' with the following arguments: {'ament_cmake_args': None, 'build_base': '/home/thomas/MobileRobot/ws_new/build/my_kinematics_pkg', 'catkin_cmake_args': None, 'catkin_skip_building_tests': False, 'cmake_args': None, 'cmake_clean_cache': False, 'cmake_clean_first': False, 'cmake_force_configure': False, 'cmake_target': None, 'cmake_target_skip_unavailable': False, 'install_base': '/home/thomas/MobileRobot/ws_new/install/my_kinematics_pkg', 'merge_install': False, 'path': '/home/thomas/MobileRobot/ws_new/src/my_kinematics_pkg', 'symlink_install': False, 'test_result_base': None}
[0.448s] Level 5:colcon.colcon_core.verb:set package 'publisher_subscriber' build argument 'cmake_args' from command line to 'None'
[0.448s] Level 5:colcon.colcon_core.verb:set package 'publisher_subscriber' build argument 'cmake_target' from command line to 'None'
[0.448s] Level 5:colcon.colcon_core.verb:set package 'publisher_subscriber' build argument 'cmake_target_skip_unavailable' from command line to 'False'
[0.449s] Level 5:colcon.colcon_core.verb:set package 'publisher_subscriber' build argument 'cmake_clean_cache' from command line to 'False'
[0.449s] Level 5:colcon.colcon_core.verb:set package 'publisher_subscriber' build argument 'cmake_clean_first' from command line to 'False'
[0.449s] Level 5:colcon.colcon_core.verb:set package 'publisher_subscriber' build argument 'cmake_force_configure' from command line to 'False'
[0.449s] Level 5:colcon.colcon_core.verb:set package 'publisher_subscriber' build argument 'ament_cmake_args' from command line to 'None'
[0.449s] Level 5:colcon.colcon_core.verb:set package 'publisher_subscriber' build argument 'catkin_cmake_args' from command line to 'None'
[0.449s] Level 5:colcon.colcon_core.verb:set package 'publisher_subscriber' build argument 'catkin_skip_building_tests' from command line to 'False'
[0.449s] DEBUG:colcon.colcon_core.verb:Building package 'publisher_subscriber' with the following arguments: {'ament_cmake_args': None, 'build_base': '/home/thomas/MobileRobot/ws_new/build/publisher_subscriber', 'catkin_cmake_args': None, 'catkin_skip_building_tests': False, 'cmake_args': None, 'cmake_clean_cache': False, 'cmake_clean_first': False, 'cmake_force_configure': False, 'cmake_target': None, 'cmake_target_skip_unavailable': False, 'install_base': '/home/thomas/MobileRobot/ws_new/install/publisher_subscriber', 'merge_install': False, 'path': '/home/thomas/MobileRobot/ws_new/src/publisher_subscriber', 'symlink_install': False, 'test_result_base': None}
[0.449s] INFO:colcon.colcon_core.executor:Executing jobs using 'parallel' executor
[0.450s] DEBUG:colcon.colcon_parallel_executor.executor.parallel:run_until_complete
[0.451s] INFO:colcon.colcon_ros.task.ament_cmake.build:Building ROS package in '/home/thomas/MobileRobot/ws_new/src/mobile_robot' with build type 'ament_cmake'
[0.451s] INFO:colcon.colcon_cmake.task.cmake.build:Building CMake package in '/home/thomas/MobileRobot/ws_new/src/mobile_robot'
[0.458s] INFO:colcon.colcon_core.plugin_system:Skipping extension 'colcon_core.shell.bat': Not used on non-Windows systems
[0.458s] INFO:colcon.colcon_core.shell:Skip shell extension 'powershell' for command environment: Not usable outside of PowerShell
[0.459s] DEBUG:colcon.colcon_core.shell:Skip shell extension 'dsv' for command environment
[0.465s] INFO:colcon.colcon_ros.task.ament_cmake.build:Building ROS package in '/home/thomas/MobileRobot/ws_new/src/my_kinematics_pkg' with build type 'ament_cmake'
[0.465s] INFO:colcon.colcon_cmake.task.cmake.build:Building CMake package in '/home/thomas/MobileRobot/ws_new/src/my_kinematics_pkg'
[0.465s] INFO:colcon.colcon_core.shell:Skip shell extension 'powershell' for command environment: Not usable outside of PowerShell
[0.466s] DEBUG:colcon.colcon_core.shell:Skip shell extension 'dsv' for command environment
[0.472s] INFO:colcon.colcon_ros.task.ament_python.build:Building ROS package in '/home/thomas/MobileRobot/ws_new/src/publisher_subscriber' with build type 'ament_python'
[0.472s] Level 1:colcon.colcon_core.shell:create_environment_hook('publisher_subscriber', 'ament_prefix_path')
[0.473s] INFO:colcon.colcon_core.shell:Creating environment hook '/home/thomas/MobileRobot/ws_new/install/publisher_subscriber/share/publisher_subscriber/hook/ament_prefix_path.ps1'
[0.474s] INFO:colcon.colcon_core.shell:Creating environment descriptor '/home/thomas/MobileRobot/ws_new/install/publisher_subscriber/share/publisher_subscriber/hook/ament_prefix_path.dsv'
[0.475s] INFO:colcon.colcon_core.shell:Creating environment hook '/home/thomas/MobileRobot/ws_new/install/publisher_subscriber/share/publisher_subscriber/hook/ament_prefix_path.sh'
[0.476s] INFO:colcon.colcon_core.shell:Skip shell extension 'powershell' for command environment: Not usable outside of PowerShell
[0.476s] DEBUG:colcon.colcon_core.shell:Skip shell extension 'dsv' for command environment
[0.488s] DEBUG:colcon.colcon_core.event_handler.log_command:Invoking command in '/home/thomas/MobileRobot/ws_new/build/mobile_robot': CMAKE_PREFIX_PATH=${CMAKE_PREFIX_PATH}:/home/thomas/ws_new/install/publisher_subscriber:/home/thomas/MobileRobot/ws_new/install/publisher_subscriber:/opt/ros/jazzy DEBUGINFOD_URLS=https://debuginfod.ubuntu.com /usr/bin/cmake --build /home/thomas/MobileRobot/ws_new/build/mobile_robot -- -j8 -l8
[0.493s] DEBUG:colcon.colcon_core.event_handler.log_command:Invoking command in '/home/thomas/MobileRobot/ws_new/build/my_kinematics_pkg': CMAKE_PREFIX_PATH=${CMAKE_PREFIX_PATH}:/home/thomas/ws_new/install/publisher_subscriber:/home/thomas/MobileRobot/ws_new/install/publisher_subscriber:/opt/ros/jazzy DEBUGINFOD_URLS=https://debuginfod.ubuntu.com /usr/bin/cmake --build /home/thomas/MobileRobot/ws_new/build/my_kinematics_pkg -- -j8 -l8
[0.790s] INFO:colcon.colcon_core.task.python.build:Building Python package in '/home/thomas/MobileRobot/ws_new/src/publisher_subscriber'
[0.790s] INFO:colcon.colcon_core.shell:Skip shell extension 'powershell' for command environment: Not usable outside of PowerShell
[0.790s] DEBUG:colcon.colcon_core.shell:Skip shell extension 'dsv' for command environment
[0.798s] DEBUG:colcon.colcon_core.event_handler.log_command:Invoked command in '/home/thomas/MobileRobot/ws_new/build/mobile_robot' returned '0': CMAKE_PREFIX_PATH=${CMAKE_PREFIX_PATH}:/home/thomas/ws_new/install/publisher_subscriber:/home/thomas/MobileRobot/ws_new/install/publisher_subscriber:/opt/ros/jazzy DEBUGINFOD_URLS=https://debuginfod.ubuntu.com /usr/bin/cmake --build /home/thomas/MobileRobot/ws_new/build/mobile_robot -- -j8 -l8
[0.812s] DEBUG:colcon.colcon_core.event_handler.log_command:Invoking command in '/home/thomas/MobileRobot/ws_new/build/mobile_robot': CMAKE_PREFIX_PATH=${CMAKE_PREFIX_PATH}:/home/thomas/ws_new/install/publisher_subscriber:/home/thomas/MobileRobot/ws_new/install/publisher_subscriber:/opt/ros/jazzy DEBUGINFOD_URLS=https://debuginfod.ubuntu.com /usr/bin/cmake --install /home/thomas/MobileRobot/ws_new/build/mobile_robot
[0.814s] DEBUG:colcon.colcon_core.event_handler.log_command:Invoked command in '/home/thomas/MobileRobot/ws_new/build/my_kinematics_pkg' returned '0': CMAKE_PREFIX_PATH=${CMAKE_PREFIX_PATH}:/home/thomas/ws_new/install/publisher_subscriber:/home/thomas/MobileRobot/ws_new/install/publisher_subscriber:/opt/ros/jazzy DEBUGINFOD_URLS=https://debuginfod.ubuntu.com /usr/bin/cmake --build /home/thomas/MobileRobot/ws_new/build/my_kinematics_pkg -- -j8 -l8
[0.816s] DEBUG:colcon.colcon_core.event_handler.log_command:Invoking command in '/home/thomas/MobileRobot/ws_new/build/my_kinematics_pkg': CMAKE_PREFIX_PATH=${CMAKE_PREFIX_PATH}:/home/thomas/ws_new/install/publisher_subscriber:/home/thomas/MobileRobot/ws_new/install/publisher_subscriber:/opt/ros/jazzy DEBUGINFOD_URLS=https://debuginfod.ubuntu.com /usr/bin/cmake --install /home/thomas/MobileRobot/ws_new/build/my_kinematics_pkg
[0.837s] Level 1:colcon.colcon_core.environment:create_environment_scripts_only(mobile_robot)
[0.838s] DEBUG:colcon.colcon_core.event_handler.log_command:Invoked command in '/home/thomas/MobileRobot/ws_new/build/mobile_robot' returned '0': CMAKE_PREFIX_PATH=${CMAKE_PREFIX_PATH}:/home/thomas/ws_new/install/publisher_subscriber:/home/thomas/MobileRobot/ws_new/install/publisher_subscriber:/opt/ros/jazzy DEBUGINFOD_URLS=https://debuginfod.ubuntu.com /usr/bin/cmake --install /home/thomas/MobileRobot/ws_new/build/mobile_robot
[0.847s] Level 1:colcon.colcon_core.environment:checking '/home/thomas/MobileRobot/ws_new/install/mobile_robot' for CMake module files
[0.848s] Level 1:colcon.colcon_core.environment:checking '/home/thomas/MobileRobot/ws_new/install/mobile_robot' for CMake config files
[0.848s] Level 1:colcon.colcon_core.shell:create_environment_hook('mobile_robot', 'cmake_prefix_path')
[0.848s] INFO:colcon.colcon_core.shell:Creating environment hook '/home/thomas/MobileRobot/ws_new/install/mobile_robot/share/mobile_robot/hook/cmake_prefix_path.ps1'
[0.849s] INFO:colcon.colcon_core.shell:Creating environment descriptor '/home/thomas/MobileRobot/ws_new/install/mobile_robot/share/mobile_robot/hook/cmake_prefix_path.dsv'
[0.850s] INFO:colcon.colcon_core.shell:Creating environment hook '/home/thomas/MobileRobot/ws_new/install/mobile_robot/share/mobile_robot/hook/cmake_prefix_path.sh'
[0.851s] Level 1:colcon.colcon_core.environment:checking '/home/thomas/MobileRobot/ws_new/install/mobile_robot/bin'
[0.852s] Level 1:colcon.colcon_core.environment:checking '/home/thomas/MobileRobot/ws_new/install/mobile_robot/lib/pkgconfig/mobile_robot.pc'
[0.852s] Level 1:colcon.colcon_core.environment:checking '/home/thomas/MobileRobot/ws_new/install/mobile_robot/lib/python3.12/site-packages'
[0.853s] Level 1:colcon.colcon_core.environment:checking '/home/thomas/MobileRobot/ws_new/install/mobile_robot/bin'
[0.853s] INFO:colcon.colcon_core.shell:Creating package script '/home/thomas/MobileRobot/ws_new/install/mobile_robot/share/mobile_robot/package.ps1'
[0.855s] INFO:colcon.colcon_core.shell:Creating package descriptor '/home/thomas/MobileRobot/ws_new/install/mobile_robot/share/mobile_robot/package.dsv'
[0.856s] INFO:colcon.colcon_core.shell:Creating package script '/home/thomas/MobileRobot/ws_new/install/mobile_robot/share/mobile_robot/package.sh'
[0.857s] INFO:colcon.colcon_core.shell:Creating package script '/home/thomas/MobileRobot/ws_new/install/mobile_robot/share/mobile_robot/package.bash'
[0.858s] INFO:colcon.colcon_core.shell:Creating package script '/home/thomas/MobileRobot/ws_new/install/mobile_robot/share/mobile_robot/package.zsh'
[0.859s] Level 1:colcon.colcon_core.environment:create_file_with_runtime_dependencies(/home/thomas/MobileRobot/ws_new/install/mobile_robot/share/colcon-core/packages/mobile_robot)
[0.860s] Level 1:colcon.colcon_core.environment:create_environment_scripts_only(mobile_robot)
[0.860s] Level 1:colcon.colcon_core.environment:checking '/home/thomas/MobileRobot/ws_new/install/mobile_robot' for CMake module files
[0.860s] Level 1:colcon.colcon_core.environment:checking '/home/thomas/MobileRobot/ws_new/install/mobile_robot' for CMake config files
[0.861s] Level 1:colcon.colcon_core.shell:create_environment_hook('mobile_robot', 'cmake_prefix_path')
[0.861s] INFO:colcon.colcon_core.shell:Creating environment hook '/home/thomas/MobileRobot/ws_new/install/mobile_robot/share/mobile_robot/hook/cmake_prefix_path.ps1'
[0.861s] INFO:colcon.colcon_core.shell:Creating environment descriptor '/home/thomas/MobileRobot/ws_new/install/mobile_robot/share/mobile_robot/hook/cmake_prefix_path.dsv'
[0.862s] INFO:colcon.colcon_core.shell:Creating environment hook '/home/thomas/MobileRobot/ws_new/install/mobile_robot/share/mobile_robot/hook/cmake_prefix_path.sh'
[0.862s] Level 1:colcon.colcon_core.environment:checking '/home/thomas/MobileRobot/ws_new/install/mobile_robot/bin'
[0.863s] Level 1:colcon.colcon_core.environment:checking '/home/thomas/MobileRobot/ws_new/install/mobile_robot/lib/pkgconfig/mobile_robot.pc'
[0.863s] Level 1:colcon.colcon_core.environment:checking '/home/thomas/MobileRobot/ws_new/install/mobile_robot/lib/python3.12/site-packages'
[0.863s] Level 1:colcon.colcon_core.environment:checking '/home/thomas/MobileRobot/ws_new/install/mobile_robot/bin'
[0.863s] INFO:colcon.colcon_core.shell:Creating package script '/home/thomas/MobileRobot/ws_new/install/mobile_robot/share/mobile_robot/package.ps1'
[0.864s] INFO:colcon.colcon_core.shell:Creating package descriptor '/home/thomas/MobileRobot/ws_new/install/mobile_robot/share/mobile_robot/package.dsv'
[0.865s] INFO:colcon.colcon_core.shell:Creating package script '/home/thomas/MobileRobot/ws_new/install/mobile_robot/share/mobile_robot/package.sh'
[0.865s] INFO:colcon.colcon_core.shell:Creating package script '/home/thomas/MobileRobot/ws_new/install/mobile_robot/share/mobile_robot/package.bash'
[0.866s] INFO:colcon.colcon_core.shell:Creating package script '/home/thomas/MobileRobot/ws_new/install/mobile_robot/share/mobile_robot/package.zsh'
[0.866s] Level 1:colcon.colcon_core.environment:create_file_with_runtime_dependencies(/home/thomas/MobileRobot/ws_new/install/mobile_robot/share/colcon-core/packages/mobile_robot)
[0.867s] Level 1:colcon.colcon_core.environment:create_environment_scripts_only(my_kinematics_pkg)
[0.867s] Level 1:colcon.colcon_core.environment:checking '/home/thomas/MobileRobot/ws_new/install/my_kinematics_pkg' for CMake module files
[0.868s] DEBUG:colcon.colcon_core.event_handler.log_command:Invoked command in '/home/thomas/MobileRobot/ws_new/build/my_kinematics_pkg' returned '0': CMAKE_PREFIX_PATH=${CMAKE_PREFIX_PATH}:/home/thomas/ws_new/install/publisher_subscriber:/home/thomas/MobileRobot/ws_new/install/publisher_subscriber:/opt/ros/jazzy DEBUGINFOD_URLS=https://debuginfod.ubuntu.com /usr/bin/cmake --install /home/thomas/MobileRobot/ws_new/build/my_kinematics_pkg
[0.868s] Level 1:colcon.colcon_core.environment:checking '/home/thomas/MobileRobot/ws_new/install/my_kinematics_pkg' for CMake config files
[0.869s] Level 1:colcon.colcon_core.shell:create_environment_hook('my_kinematics_pkg', 'cmake_prefix_path')
[0.869s] INFO:colcon.colcon_core.shell:Creating environment hook '/home/thomas/MobileRobot/ws_new/install/my_kinematics_pkg/share/my_kinematics_pkg/hook/cmake_prefix_path.ps1'
[0.869s] INFO:colcon.colcon_core.shell:Creating environment descriptor '/home/thomas/MobileRobot/ws_new/install/my_kinematics_pkg/share/my_kinematics_pkg/hook/cmake_prefix_path.dsv'
[0.870s] INFO:colcon.colcon_core.shell:Creating environment hook '/home/thomas/MobileRobot/ws_new/install/my_kinematics_pkg/share/my_kinematics_pkg/hook/cmake_prefix_path.sh'
[0.871s] Level 1:colcon.colcon_core.environment:checking '/home/thomas/MobileRobot/ws_new/install/my_kinematics_pkg/lib'
[0.871s] Level 1:colcon.colcon_core.environment:checking '/home/thomas/MobileRobot/ws_new/install/my_kinematics_pkg/bin'
[0.871s] Level 1:colcon.colcon_core.environment:checking '/home/thomas/MobileRobot/ws_new/install/my_kinematics_pkg/lib/pkgconfig/my_kinematics_pkg.pc'
[0.871s] Level 1:colcon.colcon_core.environment:checking '/home/thomas/MobileRobot/ws_new/install/my_kinematics_pkg/lib/python3.12/site-packages'
[0.872s] Level 1:colcon.colcon_core.environment:checking '/home/thomas/MobileRobot/ws_new/install/my_kinematics_pkg/bin'
[0.872s] INFO:colcon.colcon_core.shell:Creating package script '/home/thomas/MobileRobot/ws_new/install/my_kinematics_pkg/share/my_kinematics_pkg/package.ps1'
[0.872s] INFO:colcon.colcon_core.shell:Creating package descriptor '/home/thomas/MobileRobot/ws_new/install/my_kinematics_pkg/share/my_kinematics_pkg/package.dsv'
[0.873s] INFO:colcon.colcon_core.shell:Creating package script '/home/thomas/MobileRobot/ws_new/install/my_kinematics_pkg/share/my_kinematics_pkg/package.sh'
[0.873s] INFO:colcon.colcon_core.shell:Creating package script '/home/thomas/MobileRobot/ws_new/install/my_kinematics_pkg/share/my_kinematics_pkg/package.bash'
[0.874s] INFO:colcon.colcon_core.shell:Creating package script '/home/thomas/MobileRobot/ws_new/install/my_kinematics_pkg/share/my_kinematics_pkg/package.zsh'
[0.874s] Level 1:colcon.colcon_core.environment:create_file_with_runtime_dependencies(/home/thomas/MobileRobot/ws_new/install/my_kinematics_pkg/share/colcon-core/packages/my_kinematics_pkg)
[0.875s] Level 1:colcon.colcon_core.environment:create_environment_scripts_only(my_kinematics_pkg)
[0.875s] Level 1:colcon.colcon_core.environment:checking '/home/thomas/MobileRobot/ws_new/install/my_kinematics_pkg' for CMake module files
[0.876s] Level 1:colcon.colcon_core.environment:checking '/home/thomas/MobileRobot/ws_new/install/my_kinematics_pkg' for CMake config files
[0.876s] Level 1:colcon.colcon_core.shell:create_environment_hook('my_kinematics_pkg', 'cmake_prefix_path')
[0.877s] INFO:colcon.colcon_core.shell:Creating environment hook '/home/thomas/MobileRobot/ws_new/install/my_kinematics_pkg/share/my_kinematics_pkg/hook/cmake_prefix_path.ps1'
[0.877s] INFO:colcon.colcon_core.shell:Creating environment descriptor '/home/thomas/MobileRobot/ws_new/install/my_kinematics_pkg/share/my_kinematics_pkg/hook/cmake_prefix_path.dsv'
[0.878s] INFO:colcon.colcon_core.shell:Creating environment hook '/home/thomas/MobileRobot/ws_new/install/my_kinematics_pkg/share/my_kinematics_pkg/hook/cmake_prefix_path.sh'
[0.878s] Level 1:colcon.colcon_core.environment:checking '/home/thomas/MobileRobot/ws_new/install/my_kinematics_pkg/lib'
[0.879s] Level 1:colcon.colcon_core.environment:checking '/home/thomas/MobileRobot/ws_new/install/my_kinematics_pkg/bin'
[0.879s] Level 1:colcon.colcon_core.environment:checking '/home/thomas/MobileRobot/ws_new/install/my_kinematics_pkg/lib/pkgconfig/my_kinematics_pkg.pc'
[0.879s] Level 1:colcon.colcon_core.environment:checking '/home/thomas/MobileRobot/ws_new/install/my_kinematics_pkg/lib/python3.12/site-packages'
[0.879s] Level 1:colcon.colcon_core.environment:checking '/home/thomas/MobileRobot/ws_new/install/my_kinematics_pkg/bin'
[0.879s] INFO:colcon.colcon_core.shell:Creating package script '/home/thomas/MobileRobot/ws_new/install/my_kinematics_pkg/share/my_kinematics_pkg/package.ps1'
[0.880s] INFO:colcon.colcon_core.shell:Creating package descriptor '/home/thomas/MobileRobot/ws_new/install/my_kinematics_pkg/share/my_kinematics_pkg/package.dsv'
[0.881s] INFO:colcon.colcon_core.shell:Creating package script '/home/thomas/MobileRobot/ws_new/install/my_kinematics_pkg/share/my_kinematics_pkg/package.sh'
[0.881s] INFO:colcon.colcon_core.shell:Creating package script '/home/thomas/MobileRobot/ws_new/install/my_kinematics_pkg/share/my_kinematics_pkg/package.bash'
[0.882s] INFO:colcon.colcon_core.shell:Creating package script '/home/thomas/MobileRobot/ws_new/install/my_kinematics_pkg/share/my_kinematics_pkg/package.zsh'
[0.882s] Level 1:colcon.colcon_core.environment:create_file_with_runtime_dependencies(/home/thomas/MobileRobot/ws_new/install/my_kinematics_pkg/share/colcon-core/packages/my_kinematics_pkg)
[1.665s] DEBUG:colcon.colcon_core.event_handler.log_command:Invoking command in '/home/thomas/MobileRobot/ws_new/src/publisher_subscriber': DEBUGINFOD_URLS=https://debuginfod.ubuntu.com PYTHONPATH=/home/thomas/MobileRobot/ws_new/build/publisher_subscriber/prefix_override:/usr/lib/python3/dist-packages/colcon_core/task/python/colcon_distutils_commands:/home/thomas/MobileRobot/ws_new/install/publisher_subscriber/lib/python3.12/site-packages:${PYTHONPATH} /usr/bin/python3 -W ignore:setup.py install is deprecated -W ignore:easy_install command is deprecated setup.py egg_info --egg-base ../../build/publisher_subscriber build --build-base /home/thomas/MobileRobot/ws_new/build/publisher_subscriber/build install --record /home/thomas/MobileRobot/ws_new/build/publisher_subscriber/install.log --single-version-externally-managed install_data
[2.477s] Level 1:colcon.colcon_core.environment:checking '/home/thomas/MobileRobot/ws_new/install/publisher_subscriber' for CMake module files
[2.478s] DEBUG:colcon.colcon_core.event_handler.log_command:Invoked command in '/home/thomas/MobileRobot/ws_new/src/publisher_subscriber' returned '0': DEBUGINFOD_URLS=https://debuginfod.ubuntu.com PYTHONPATH=/home/thomas/MobileRobot/ws_new/build/publisher_subscriber/prefix_override:/usr/lib/python3/dist-packages/colcon_core/task/python/colcon_distutils_commands:/home/thomas/MobileRobot/ws_new/install/publisher_subscriber/lib/python3.12/site-packages:${PYTHONPATH} /usr/bin/python3 -W ignore:setup.py install is deprecated -W ignore:easy_install command is deprecated setup.py egg_info --egg-base ../../build/publisher_subscriber build --build-base /home/thomas/MobileRobot/ws_new/build/publisher_subscriber/build install --record /home/thomas/MobileRobot/ws_new/build/publisher_subscriber/install.log --single-version-externally-managed install_data
[2.478s] Level 1:colcon.colcon_core.environment:checking '/home/thomas/MobileRobot/ws_new/install/publisher_subscriber' for CMake config files
[2.479s] Level 1:colcon.colcon_core.environment:checking '/home/thomas/MobileRobot/ws_new/install/publisher_subscriber/lib'
[2.479s] Level 1:colcon.colcon_core.environment:checking '/home/thomas/MobileRobot/ws_new/install/publisher_subscriber/bin'
[2.479s] Level 1:colcon.colcon_core.environment:checking '/home/thomas/MobileRobot/ws_new/install/publisher_subscriber/lib/pkgconfig/publisher_subscriber.pc'
[2.479s] Level 1:colcon.colcon_core.environment:checking '/home/thomas/MobileRobot/ws_new/install/publisher_subscriber/lib/python3.12/site-packages'
[2.479s] Level 1:colcon.colcon_core.shell:create_environment_hook('publisher_subscriber', 'pythonpath')
[2.479s] INFO:colcon.colcon_core.shell:Creating environment hook '/home/thomas/MobileRobot/ws_new/install/publisher_subscriber/share/publisher_subscriber/hook/pythonpath.ps1'
[2.480s] INFO:colcon.colcon_core.shell:Creating environment descriptor '/home/thomas/MobileRobot/ws_new/install/publisher_subscriber/share/publisher_subscriber/hook/pythonpath.dsv'
[2.480s] INFO:colcon.colcon_core.shell:Creating environment hook '/home/thomas/MobileRobot/ws_new/install/publisher_subscriber/share/publisher_subscriber/hook/pythonpath.sh'
[2.482s] Level 1:colcon.colcon_core.environment:checking '/home/thomas/MobileRobot/ws_new/install/publisher_subscriber/bin'
[2.482s] Level 1:colcon.colcon_core.environment:create_environment_scripts_only(publisher_subscriber)
[2.482s] INFO:colcon.colcon_core.shell:Creating package script '/home/thomas/MobileRobot/ws_new/install/publisher_subscriber/share/publisher_subscriber/package.ps1'
[2.483s] INFO:colcon.colcon_core.shell:Creating package descriptor '/home/thomas/MobileRobot/ws_new/install/publisher_subscriber/share/publisher_subscriber/package.dsv'
[2.483s] INFO:colcon.colcon_core.shell:Creating package script '/home/thomas/MobileRobot/ws_new/install/publisher_subscriber/share/publisher_subscriber/package.sh'
[2.484s] INFO:colcon.colcon_core.shell:Creating package script '/home/thomas/MobileRobot/ws_new/install/publisher_subscriber/share/publisher_subscriber/package.bash'
[2.484s] INFO:colcon.colcon_core.shell:Creating package script '/home/thomas/MobileRobot/ws_new/install/publisher_subscriber/share/publisher_subscriber/package.zsh'
[2.485s] Level 1:colcon.colcon_core.environment:create_file_with_runtime_dependencies(/home/thomas/MobileRobot/ws_new/install/publisher_subscriber/share/colcon-core/packages/publisher_subscriber)
[2.485s] DEBUG:colcon.colcon_parallel_executor.executor.parallel:closing loop
[2.485s] DEBUG:colcon.colcon_parallel_executor.executor.parallel:loop closed
[2.485s] DEBUG:colcon.colcon_parallel_executor.executor.parallel:run_until_complete finished with '0'
[2.486s] DEBUG:colcon.colcon_core.event_reactor:joining thread
[2.498s] INFO:colcon.colcon_core.plugin_system:Skipping extension 'colcon_notification.desktop_notification.terminal_notifier': Not used on non-Darwin systems
[2.499s] INFO:colcon.colcon_core.plugin_system:Skipping extension 'colcon_notification.desktop_notification.win32': Not used on non-Windows systems
[2.499s] INFO:colcon.colcon_notification.desktop_notification:Sending desktop notification using 'notify2'
[2.514s] DEBUG:colcon.colcon_core.event_reactor:joined thread
[2.514s] INFO:colcon.colcon_core.shell:Creating prefix script '/home/thomas/MobileRobot/ws_new/install/local_setup.ps1'
[2.515s] INFO:colcon.colcon_core.shell:Creating prefix util module '/home/thomas/MobileRobot/ws_new/install/_local_setup_util_ps1.py'
[2.517s] INFO:colcon.colcon_core.shell:Creating prefix chain script '/home/thomas/MobileRobot/ws_new/install/setup.ps1'
[2.519s] INFO:colcon.colcon_core.shell:Creating prefix script '/home/thomas/MobileRobot/ws_new/install/local_setup.sh'
[2.520s] INFO:colcon.colcon_core.shell:Creating prefix util module '/home/thomas/MobileRobot/ws_new/install/_local_setup_util_sh.py'
[2.521s] INFO:colcon.colcon_core.shell:Creating prefix chain script '/home/thomas/MobileRobot/ws_new/install/setup.sh'
[2.523s] INFO:colcon.colcon_core.shell:Creating prefix script '/home/thomas/MobileRobot/ws_new/install/local_setup.bash'
[2.523s] INFO:colcon.colcon_core.shell:Creating prefix chain script '/home/thomas/MobileRobot/ws_new/install/setup.bash'
[2.525s] INFO:colcon.colcon_core.shell:Creating prefix script '/home/thomas/MobileRobot/ws_new/install/local_setup.zsh'
[2.525s] INFO:colcon.colcon_core.shell:Creating prefix chain script '/home/thomas/MobileRobot/ws_new/install/setup.zsh'
