[0.124s] Invoking command in '/home/thomas/MobileRobot/ws_new/build/my_kinematics_pkg': CMAKE_PREFIX_PATH=${CMAKE_PREFIX_PATH}:/opt/ros/jazzy DEBUGINFOD_URLS=https://debuginfod.ubuntu.com /usr/bin/cmake --build /home/thomas/MobileRobot/ws_new/build/my_kinematics_pkg -- -j8 -l8
[0.480s] [100%] Built target kinematics_node
[0.521s] Invoked command in '/home/thomas/MobileRobot/ws_new/build/my_kinematics_pkg' returned '0': CMAKE_PREFIX_PATH=${CMAKE_PREFIX_PATH}:/opt/ros/jazzy DEBUGINFOD_URLS=https://debuginfod.ubuntu.com /usr/bin/cmake --build /home/thomas/MobileRobot/ws_new/build/my_kinematics_pkg -- -j8 -l8
[0.531s] Invoking command in '/home/thomas/MobileRobot/ws_new/build/my_kinematics_pkg': CMAKE_PREFIX_PATH=${CMAKE_PREFIX_PATH}:/opt/ros/jazzy DEBUGINFOD_URLS=https://debuginfod.ubuntu.com /usr/bin/cmake --install /home/thomas/MobileRobot/ws_new/build/my_kinematics_pkg
[0.831s] -- Install configuration: ""
[0.831s] -- Up-to-date: /home/thomas/MobileRobot/ws_new/install/my_kinematics_pkg/lib/my_kinematics_pkg/kinematics_node
[0.831s] -- Up-to-date: /home/thomas/MobileRobot/ws_new/install/my_kinematics_pkg/share/ament_index/resource_index/package_run_dependencies/my_kinematics_pkg
[0.831s] -- Up-to-date: /home/thomas/MobileRobot/ws_new/install/my_kinematics_pkg/share/ament_index/resource_index/parent_prefix_path/my_kinematics_pkg
[0.831s] -- Up-to-date: /home/thomas/MobileRobot/ws_new/install/my_kinematics_pkg/share/my_kinematics_pkg/environment/ament_prefix_path.sh
[0.831s] -- Up-to-date: /home/thomas/MobileRobot/ws_new/install/my_kinematics_pkg/share/my_kinematics_pkg/environment/ament_prefix_path.dsv
[0.831s] -- Up-to-date: /home/thomas/MobileRobot/ws_new/install/my_kinematics_pkg/share/my_kinematics_pkg/environment/path.sh
[0.832s] -- Up-to-date: /home/thomas/MobileRobot/ws_new/install/my_kinematics_pkg/share/my_kinematics_pkg/environment/path.dsv
[0.832s] -- Up-to-date: /home/thomas/MobileRobot/ws_new/install/my_kinematics_pkg/share/my_kinematics_pkg/local_setup.bash
[0.832s] -- Up-to-date: /home/thomas/MobileRobot/ws_new/install/my_kinematics_pkg/share/my_kinematics_pkg/local_setup.sh
[0.832s] -- Up-to-date: /home/thomas/MobileRobot/ws_new/install/my_kinematics_pkg/share/my_kinematics_pkg/local_setup.zsh
[0.832s] -- Up-to-date: /home/thomas/MobileRobot/ws_new/install/my_kinematics_pkg/share/my_kinematics_pkg/local_setup.dsv
[0.832s] -- Installing: /home/thomas/MobileRobot/ws_new/install/my_kinematics_pkg/share/my_kinematics_pkg/package.dsv
[0.832s] -- Up-to-date: /home/thomas/MobileRobot/ws_new/install/my_kinematics_pkg/share/ament_index/resource_index/packages/my_kinematics_pkg
[0.833s] -- Up-to-date: /home/thomas/MobileRobot/ws_new/install/my_kinematics_pkg/share/my_kinematics_pkg/cmake/my_kinematics_pkgConfig.cmake
[0.833s] -- Up-to-date: /home/thomas/MobileRobot/ws_new/install/my_kinematics_pkg/share/my_kinematics_pkg/cmake/my_kinematics_pkgConfig-version.cmake
[0.833s] -- Up-to-date: /home/thomas/MobileRobot/ws_new/install/my_kinematics_pkg/share/my_kinematics_pkg/package.xml
[0.855s] Invoked command in '/home/thomas/MobileRobot/ws_new/build/my_kinematics_pkg' returned '0': CMAKE_PREFIX_PATH=${CMAKE_PREFIX_PATH}:/opt/ros/jazzy DEBUGINFOD_URLS=https://debuginfod.ubuntu.com /usr/bin/cmake --install /home/thomas/MobileRobot/ws_new/build/my_kinematics_pkg
