-- Found ros2_control_cmake: 0.1.1 (/home/thomas/MobileRobot/ws_new/install/ros2_control_cmake/share/ros2_control_cmake/cmake)
-- Compiler warnings enabled for GNU
-- Detected GCC Version: 13.3.0 (Major: 13, Minor: 3)
-- Found ament_cmake: 2.5.3 (/opt/ros/jazzy/share/ament_cmake/cmake)
-- Override CMake install command with custom implementation using symlinks instead of copying resources
-- Found controller_interface: 4.29.0 (/home/thomas/MobileRobot/ws_new/install/controller_interface/share/controller_interface/cmake)
-- Found rosidl_generator_c: 4.6.5 (/opt/ros/jazzy/share/rosidl_generator_c/cmake)
-- Found rosidl_generator_cpp: 4.6.5 (/opt/ros/jazzy/share/rosidl_generator_cpp/cmake)
-- Using all available rosidl_typesupport_c: rosidl_typesupport_fastrtps_c;rosidl_typesupport_introspection_c
-- Using all available rosidl_typesupport_cpp: rosidl_typesupport_fastrtps_cpp;rosidl_typesupport_introspection_cpp
-- Found TinyXML2 via Config file: /usr/lib/x86_64-linux-gnu/cmake/tinyxml2
-- Found rmw_implementation_cmake: 7.3.1 (/opt/ros/jazzy/share/rmw_implementation_cmake/cmake)
-- Found rmw_cyclonedds_cpp: 2.2.3 (/opt/ros/jazzy/share/rmw_cyclonedds_cpp/cmake)
-- Using RMW implementation 'rmw_cyclonedds_cpp' as default
-- Found generate_parameter_library: 0.4.0 (/opt/ros/jazzy/share/generate_parameter_library/cmake)
-- Found parameter_traits: 0.4.0 (/opt/ros/jazzy/share/parameter_traits/cmake)
-- Found nav_msgs: 5.3.5 (/opt/ros/jazzy/share/nav_msgs/cmake)
-- Found std_srvs: 5.3.5 (/opt/ros/jazzy/share/std_srvs/cmake)
-- Found tf2: 0.36.8 (/opt/ros/jazzy/share/tf2/cmake)
-- Found tf2_geometry_msgs: 0.36.8 (/opt/ros/jazzy/share/tf2_geometry_msgs/cmake)
-- Found eigen3_cmake_module: 0.3.0 (/opt/ros/jazzy/share/eigen3_cmake_module/cmake)
-- Ensuring Eigen3 include directory is part of orocos-kdl CMake target
-- Found ament_cmake_gmock: 2.5.3 (/opt/ros/jazzy/share/ament_cmake_gmock/cmake)
-- Found controller_manager: 4.29.0 (/home/thomas/MobileRobot/ws_new/install/controller_manager/share/controller_manager/cmake)
-- Found ros2_control_test_assets: 4.29.0 (/home/thomas/MobileRobot/ws_new/install/ros2_control_test_assets/share/ros2_control_test_assets/cmake)
-- Found gmock sources under '/opt/ros/jazzy/src/gmock_vendor': C++ tests using 'Google Mock' will be built
-- Found ament_cmake_gtest: 2.5.3 (/opt/ros/jazzy/share/ament_cmake_gtest/cmake)
-- Found gtest sources under '/opt/ros/jazzy/src/gtest_vendor': C++ tests using 'Google Test' will be built
-- Configuring done (2.5s)
-- Generating done (0.2s)
-- Build files have been written to: /home/thomas/MobileRobot/ws_new/build/mecanum_drive_controller
[ 12%] Built target mecanum_drive_controller_parameters
[ 31%] Built target gmock
[ 43%] Built target gmock_main
[ 62%] Built target mecanum_drive_controller
[ 75%] Built target test_load_mecanum_drive_controller
[ 87%] Built target test_mecanum_drive_controller_preceding
[100%] Built target test_mecanum_drive_controller
-- Install configuration: ""
-- Execute custom install script
-- Symlinking: /home/thomas/MobileRobot/ws_new/install/mecanum_drive_controller/include/mecanum_drive_controller/mecanum_drive_controller_parameters.hpp
-- Symlinking: /home/thomas/MobileRobot/ws_new/install/mecanum_drive_controller/share/mecanum_drive_controller//mecanum_drive_controller.xml
-- Symlinking: /home/thomas/MobileRobot/ws_new/install/mecanum_drive_controller/include/mecanum_drive_controller/mecanum_drive_controller/mecanum_drive_controller.hpp
-- Symlinking: /home/thomas/MobileRobot/ws_new/install/mecanum_drive_controller/include/mecanum_drive_controller/mecanum_drive_controller/odometry.hpp
-- Symlinking: /home/thomas/MobileRobot/ws_new/install/mecanum_drive_controller/share/mecanum_drive_controller/environment/library_path.sh
-- Symlinking: /home/thomas/MobileRobot/ws_new/install/mecanum_drive_controller/share/mecanum_drive_controller/environment/library_path.dsv
-- Symlinking: /home/thomas/MobileRobot/ws_new/install/mecanum_drive_controller/share/ament_index/resource_index/package_run_dependencies/mecanum_drive_controller
-- Symlinking: /home/thomas/MobileRobot/ws_new/install/mecanum_drive_controller/share/ament_index/resource_index/parent_prefix_path/mecanum_drive_controller
-- Symlinking: /home/thomas/MobileRobot/ws_new/install/mecanum_drive_controller/share/mecanum_drive_controller/environment/ament_prefix_path.sh
-- Symlinking: /home/thomas/MobileRobot/ws_new/install/mecanum_drive_controller/share/mecanum_drive_controller/environment/ament_prefix_path.dsv
-- Symlinking: /home/thomas/MobileRobot/ws_new/install/mecanum_drive_controller/share/mecanum_drive_controller/environment/path.sh
-- Symlinking: /home/thomas/MobileRobot/ws_new/install/mecanum_drive_controller/share/mecanum_drive_controller/environment/path.dsv
-- Symlinking: /home/thomas/MobileRobot/ws_new/install/mecanum_drive_controller/share/mecanum_drive_controller/local_setup.bash
-- Symlinking: /home/thomas/MobileRobot/ws_new/install/mecanum_drive_controller/share/mecanum_drive_controller/local_setup.sh
-- Symlinking: /home/thomas/MobileRobot/ws_new/install/mecanum_drive_controller/share/mecanum_drive_controller/local_setup.zsh
-- Symlinking: /home/thomas/MobileRobot/ws_new/install/mecanum_drive_controller/share/mecanum_drive_controller/local_setup.dsv
-- Symlinking: /home/thomas/MobileRobot/ws_new/install/mecanum_drive_controller/share/mecanum_drive_controller/package.dsv
-- Symlinking: /home/thomas/MobileRobot/ws_new/install/mecanum_drive_controller/share/ament_index/resource_index/packages/mecanum_drive_controller
-- Symlinking: /home/thomas/MobileRobot/ws_new/install/mecanum_drive_controller/share/ament_index/resource_index/controller_interface__pluginlib__plugin/mecanum_drive_controller
-- Symlinking: /home/thomas/MobileRobot/ws_new/install/mecanum_drive_controller/share/mecanum_drive_controller/cmake/ament_cmake_export_dependencies-extras.cmake
-- Symlinking: /home/thomas/MobileRobot/ws_new/install/mecanum_drive_controller/share/mecanum_drive_controller/cmake/ament_cmake_export_targets-extras.cmake
-- Symlinking: /home/thomas/MobileRobot/ws_new/install/mecanum_drive_controller/share/mecanum_drive_controller/cmake/mecanum_drive_controllerConfig.cmake
-- Symlinking: /home/thomas/MobileRobot/ws_new/install/mecanum_drive_controller/share/mecanum_drive_controller/cmake/mecanum_drive_controllerConfig-version.cmake
-- Symlinking: /home/thomas/MobileRobot/ws_new/install/mecanum_drive_controller/share/mecanum_drive_controller/package.xml
-- Installing: /home/thomas/MobileRobot/ws_new/install/mecanum_drive_controller/lib/libmecanum_drive_controller.so
-- Set non-toolchain portion of runtime path of "/home/thomas/MobileRobot/ws_new/install/mecanum_drive_controller/lib/libmecanum_drive_controller.so" to ""
-- Installing: /home/thomas/MobileRobot/ws_new/install/mecanum_drive_controller/share/mecanum_drive_controller/cmake/export_mecanum_drive_controllerExport.cmake
-- Installing: /home/thomas/MobileRobot/ws_new/install/mecanum_drive_controller/share/mecanum_drive_controller/cmake/export_mecanum_drive_controllerExport-noconfig.cmake
