[10.191s] Invoking command in '/home/thomas/MobileRobot/ws_new/src/navigation': DEBUGINFOD_URLS=https://debuginfod.ubuntu.com PYTHONPATH=/home/thomas/MobileRobot/ws_new/build/navigation/prefix_override:/usr/lib/python3/dist-packages/colcon_core/task/python/colcon_distutils_commands:/home/thomas/MobileRobot/ws_new/install/navigation/lib/python3.12/site-packages:${PYTHONPATH} /usr/bin/python3 -W ignore:setup.py install is deprecated -W ignore:easy_install command is deprecated setup.py egg_info --egg-base ../../build/navigation build --build-base /home/thomas/MobileRobot/ws_new/build/navigation/build install --record /home/thomas/MobileRobot/ws_new/build/navigation/install.log --single-version-externally-managed install_data
[11.655s] running egg_info
[11.778s] writing ../../build/navigation/navigation.egg-info/PKG-INFO
[11.779s] writing dependency_links to ../../build/navigation/navigation.egg-info/dependency_links.txt
[11.780s] writing entry points to ../../build/navigation/navigation.egg-info/entry_points.txt
[11.781s] writing requirements to ../../build/navigation/navigation.egg-info/requires.txt
[11.781s] writing top-level names to ../../build/navigation/navigation.egg-info/top_level.txt
[12.049s] reading manifest file '../../build/navigation/navigation.egg-info/SOURCES.txt'
[12.051s] writing manifest file '../../build/navigation/navigation.egg-info/SOURCES.txt'
[12.053s] running build
[12.056s] running build_py
[12.057s] running install
[12.078s] running install_lib
[12.195s] running install_data
[12.196s] running install_egg_info
[12.309s] removing '/home/thomas/MobileRobot/ws_new/install/navigation/lib/python3.12/site-packages/navigation-0.0.0-py3.12.egg-info' (and everything under it)
[12.310s] Copying ../../build/navigation/navigation.egg-info to /home/thomas/MobileRobot/ws_new/install/navigation/lib/python3.12/site-packages/navigation-0.0.0-py3.12.egg-info
[12.340s] running install_scripts
[13.003s] Installing gps_path_follow script to /home/thomas/MobileRobot/ws_new/install/navigation/lib/navigation
[13.003s] Installing nav_node script to /home/thomas/MobileRobot/ws_new/install/navigation/lib/navigation
[13.004s] Installing waypoint_follow script to /home/thomas/MobileRobot/ws_new/install/navigation/lib/navigation
[13.006s] writing list of installed files to '/home/thomas/MobileRobot/ws_new/build/navigation/install.log'
[13.150s] Invoked command in '/home/thomas/MobileRobot/ws_new/src/navigation' returned '0': DEBUGINFOD_URLS=https://debuginfod.ubuntu.com PYTHONPATH=/home/thomas/MobileRobot/ws_new/build/navigation/prefix_override:/usr/lib/python3/dist-packages/colcon_core/task/python/colcon_distutils_commands:/home/thomas/MobileRobot/ws_new/install/navigation/lib/python3.12/site-packages:${PYTHONPATH} /usr/bin/python3 -W ignore:setup.py install is deprecated -W ignore:easy_install command is deprecated setup.py egg_info --egg-base ../../build/navigation build --build-base /home/thomas/MobileRobot/ws_new/build/navigation/build install --record /home/thomas/MobileRobot/ws_new/build/navigation/install.log --single-version-externally-managed install_data
