[5.090s] Invoking command in '/home/thomas/MobileRobot/ws_new/src/navigation': DEBUGINFOD_URLS=https://debuginfod.ubuntu.com PYTHONPATH=/home/thomas/MobileRobot/ws_new/build/navigation/prefix_override:/usr/lib/python3/dist-packages/colcon_core/task/python/colcon_distutils_commands:/home/thomas/MobileRobot/ws_new/install/navigation/lib/python3.12/site-packages:${PYTHONPATH} /usr/bin/python3 -W ignore:setup.py install is deprecated -W ignore:easy_install command is deprecated setup.py egg_info --egg-base ../../build/navigation build --build-base /home/thomas/MobileRobot/ws_new/build/navigation/build install --record /home/thomas/MobileRobot/ws_new/build/navigation/install.log --single-version-externally-managed install_data
[6.084s] running egg_info
[6.167s] writing ../../build/navigation/navigation.egg-info/PKG-INFO
[6.167s] writing dependency_links to ../../build/navigation/navigation.egg-info/dependency_links.txt
[6.167s] writing entry points to ../../build/navigation/navigation.egg-info/entry_points.txt
[6.168s] writing requirements to ../../build/navigation/navigation.egg-info/requires.txt
[6.168s] writing top-level names to ../../build/navigation/navigation.egg-info/top_level.txt
[6.330s] reading manifest file '../../build/navigation/navigation.egg-info/SOURCES.txt'
[6.333s] writing manifest file '../../build/navigation/navigation.egg-info/SOURCES.txt'
[6.333s] running build
[6.334s] running build_py
[6.334s] running install
[6.356s] running install_lib
[6.436s] running install_data
[6.437s] running install_egg_info
[6.519s] removing '/home/thomas/MobileRobot/ws_new/install/navigation/lib/python3.12/site-packages/navigation-0.0.0-py3.12.egg-info' (and everything under it)
[6.520s] Copying ../../build/navigation/navigation.egg-info to /home/thomas/MobileRobot/ws_new/install/navigation/lib/python3.12/site-packages/navigation-0.0.0-py3.12.egg-info
[6.534s] running install_scripts
[7.040s] Installing gps_path_follow script to /home/thomas/MobileRobot/ws_new/install/navigation/lib/navigation
[7.041s] Installing nav_node script to /home/thomas/MobileRobot/ws_new/install/navigation/lib/navigation
[7.042s] Installing waypoint_follow script to /home/thomas/MobileRobot/ws_new/install/navigation/lib/navigation
[7.043s] writing list of installed files to '/home/thomas/MobileRobot/ws_new/build/navigation/install.log'
[7.144s] Invoked command in '/home/thomas/MobileRobot/ws_new/src/navigation' returned '0': DEBUGINFOD_URLS=https://debuginfod.ubuntu.com PYTHONPATH=/home/thomas/MobileRobot/ws_new/build/navigation/prefix_override:/usr/lib/python3/dist-packages/colcon_core/task/python/colcon_distutils_commands:/home/thomas/MobileRobot/ws_new/install/navigation/lib/python3.12/site-packages:${PYTHONPATH} /usr/bin/python3 -W ignore:setup.py install is deprecated -W ignore:easy_install command is deprecated setup.py egg_info --egg-base ../../build/navigation build --build-base /home/thomas/MobileRobot/ws_new/build/navigation/build install --record /home/thomas/MobileRobot/ws_new/build/navigation/install.log --single-version-externally-managed install_data
