[0.125s] Invoking command in '/home/thomas/MobileRobot/ws_new/build/mobile_robot': CMAKE_PREFIX_PATH=${CMAKE_PREFIX_PATH}:/opt/ros/jazzy DEBUGINFOD_URLS=https://debuginfod.ubuntu.com /usr/bin/cmake --build /home/thomas/MobileRobot/ws_new/build/mobile_robot -- -j8 -l8
[1.178s] [100%] Built target backward_object
[1.178s] [100%] Built target backward
[1.194s] Invoked command in '/home/thomas/MobileRobot/ws_new/build/mobile_robot' returned '0': CMAKE_PREFIX_PATH=${CMAKE_PREFIX_PATH}:/opt/ros/jazzy DEBUGINFOD_URLS=https://debuginfod.ubuntu.com /usr/bin/cmake --build /home/thomas/MobileRobot/ws_new/build/mobile_robot -- -j8 -l8
[1.261s] Invoking command in '/home/thomas/MobileRobot/ws_new/build/mobile_robot': CMAKE_PREFIX_PATH=${CMAKE_PREFIX_PATH}:/opt/ros/jazzy DEBUGINFOD_URLS=https://debuginfod.ubuntu.com /usr/bin/cmake --install /home/thomas/MobileRobot/ws_new/build/mobile_robot
[1.304s] -- Install configuration: ""
[1.322s] -- Execute custom install script
[1.345s] -- Up-to-date symlink: /home/thomas/MobileRobot/ws_new/install/mobile_robot/include/backward.hpp
[1.347s] -- Up-to-date symlink: /home/thomas/MobileRobot/ws_new/install/mobile_robot/lib/cmake/backward/BackwardConfig.cmake
[1.402s] -- Up-to-date symlink: /home/thomas/MobileRobot/ws_new/install/mobile_robot/share/mobile_robot//map/create_empty_map.py
[1.403s] -- Up-to-date symlink: /home/thomas/MobileRobot/ws_new/install/mobile_robot/share/mobile_robot//map/empty_map.pgm
[1.404s] -- Up-to-date symlink: /home/thomas/MobileRobot/ws_new/install/mobile_robot/share/mobile_robot//map/empty_map.yaml
[1.405s] -- Up-to-date symlink: /home/thomas/MobileRobot/ws_new/install/mobile_robot/share/mobile_robot//map/map_publisher.py
[1.406s] -- Up-to-date symlink: /home/thomas/MobileRobot/ws_new/install/mobile_robot/share/mobile_robot//map/my_map.pgm
[1.407s] -- Up-to-date symlink: /home/thomas/MobileRobot/ws_new/install/mobile_robot/share/mobile_robot//map/my_map.yaml
[1.407s] -- Up-to-date symlink: /home/thomas/MobileRobot/ws_new/install/mobile_robot/share/mobile_robot//map/my_map1.pgm
[1.408s] -- Up-to-date symlink: /home/thomas/MobileRobot/ws_new/install/mobile_robot/share/mobile_robot//map/my_map1.yaml
[1.420s] -- Up-to-date symlink: /home/thomas/MobileRobot/ws_new/install/mobile_robot/share/mobile_robot//launch/camera.launch.py
[1.421s] -- Up-to-date symlink: /home/thomas/MobileRobot/ws_new/install/mobile_robot/share/mobile_robot//launch/controller_server_node.py
[1.422s] -- Up-to-date symlink: /home/thomas/MobileRobot/ws_new/install/mobile_robot/share/mobile_robot//launch/ekf.launch.py
[1.423s] -- Up-to-date symlink: /home/thomas/MobileRobot/ws_new/install/mobile_robot/share/mobile_robot//launch/farm_world.launch.py
[1.424s] -- Up-to-date symlink: /home/thomas/MobileRobot/ws_new/install/mobile_robot/share/mobile_robot//launch/gazebo_model.launch.py
[1.425s] -- Up-to-date symlink: /home/thomas/MobileRobot/ws_new/install/mobile_robot/share/mobile_robot//launch/gazebo_model_environement.launch.py
[1.426s] -- Up-to-date symlink: /home/thomas/MobileRobot/ws_new/install/mobile_robot/share/mobile_robot//launch/robot_gps_nav2.launch.py
[1.426s] -- Up-to-date symlink: /home/thomas/MobileRobot/ws_new/install/mobile_robot/share/mobile_robot//launch/robot_gps_nav2_1.launch.py
[1.427s] -- Up-to-date symlink: /home/thomas/MobileRobot/ws_new/install/mobile_robot/share/mobile_robot//launch/test.launch.py
[1.429s] -- Up-to-date symlink: /home/thomas/MobileRobot/ws_new/install/mobile_robot/share/mobile_robot//model/empty_world.world
[1.430s] -- Up-to-date symlink: /home/thomas/MobileRobot/ws_new/install/mobile_robot/share/mobile_robot//model/farm_world.sdf
[1.430s] -- Up-to-date symlink: /home/thomas/MobileRobot/ws_new/install/mobile_robot/share/mobile_robot//model/robot.gazebo
[1.431s] -- Up-to-date symlink: /home/thomas/MobileRobot/ws_new/install/mobile_robot/share/mobile_robot//model/robot.xacro
[1.433s] -- Up-to-date symlink: /home/thomas/MobileRobot/ws_new/install/mobile_robot/share/mobile_robot//config/ackermann_controllers.yaml
[1.434s] -- Up-to-date symlink: /home/thomas/MobileRobot/ws_new/install/mobile_robot/share/mobile_robot//config/ekf.yaml
[1.435s] -- Up-to-date symlink: /home/thomas/MobileRobot/ws_new/install/mobile_robot/share/mobile_robot//config/ekf1.yaml
[1.435s] -- Up-to-date symlink: /home/thomas/MobileRobot/ws_new/install/mobile_robot/share/mobile_robot//config/gz_bridge.yaml
[1.436s] -- Up-to-date symlink: /home/thomas/MobileRobot/ws_new/install/mobile_robot/share/mobile_robot//config/main.rviz
[1.437s] -- Up-to-date symlink: /home/thomas/MobileRobot/ws_new/install/mobile_robot/share/mobile_robot//config/map_server.yaml
[1.437s] -- Up-to-date symlink: /home/thomas/MobileRobot/ws_new/install/mobile_robot/share/mobile_robot//config/mapper_params_online_async.yaml
[1.438s] -- Up-to-date symlink: /home/thomas/MobileRobot/ws_new/install/mobile_robot/share/mobile_robot//config/nav2_params.yaml
[1.439s] -- Up-to-date symlink: /home/thomas/MobileRobot/ws_new/install/mobile_robot/share/mobile_robot//config/navsat_transform.yaml
[1.440s] -- Up-to-date symlink: /home/thomas/MobileRobot/ws_new/install/mobile_robot/share/mobile_robot//config/twist_mux.yaml
[1.440s] -- Up-to-date symlink: /home/thomas/MobileRobot/ws_new/install/mobile_robot/share/mobile_robot//config/waypoint_follower.yaml
[1.442s] -- Up-to-date symlink: /home/thomas/MobileRobot/ws_new/install/mobile_robot/share/mobile_robot//description/camera.xacro
[1.443s] -- Up-to-date symlink: /home/thomas/MobileRobot/ws_new/install/mobile_robot/share/mobile_robot//description/gps.xacro
[1.444s] -- Up-to-date symlink: /home/thomas/MobileRobot/ws_new/install/mobile_robot/share/mobile_robot//description/lidar.xacro
[1.445s] -- Up-to-date symlink: /home/thomas/MobileRobot/ws_new/install/mobile_robot/share/ament_index/resource_index/package_run_dependencies/mobile_robot
[1.446s] -- Up-to-date symlink: /home/thomas/MobileRobot/ws_new/install/mobile_robot/share/ament_index/resource_index/parent_prefix_path/mobile_robot
[1.447s] -- Up-to-date symlink: /home/thomas/MobileRobot/ws_new/install/mobile_robot/share/mobile_robot/environment/ament_prefix_path.sh
[1.448s] -- Up-to-date symlink: /home/thomas/MobileRobot/ws_new/install/mobile_robot/share/mobile_robot/environment/ament_prefix_path.dsv
[1.449s] -- Up-to-date symlink: /home/thomas/MobileRobot/ws_new/install/mobile_robot/share/mobile_robot/environment/path.sh
[1.450s] -- Up-to-date symlink: /home/thomas/MobileRobot/ws_new/install/mobile_robot/share/mobile_robot/environment/path.dsv
[1.451s] -- Up-to-date symlink: /home/thomas/MobileRobot/ws_new/install/mobile_robot/share/mobile_robot/local_setup.bash
[1.452s] -- Up-to-date symlink: /home/thomas/MobileRobot/ws_new/install/mobile_robot/share/mobile_robot/local_setup.sh
[1.452s] -- Up-to-date symlink: /home/thomas/MobileRobot/ws_new/install/mobile_robot/share/mobile_robot/local_setup.zsh
[1.453s] -- Up-to-date symlink: /home/thomas/MobileRobot/ws_new/install/mobile_robot/share/mobile_robot/local_setup.dsv
[1.453s] -- Symlinking: /home/thomas/MobileRobot/ws_new/install/mobile_robot/share/mobile_robot/package.dsv
[1.479s] -- Up-to-date symlink: /home/thomas/MobileRobot/ws_new/install/mobile_robot/share/ament_index/resource_index/packages/mobile_robot
[1.484s] -- Up-to-date symlink: /home/thomas/MobileRobot/ws_new/install/mobile_robot/share/mobile_robot/cmake/mobile_robotConfig.cmake
[1.486s] -- Up-to-date symlink: /home/thomas/MobileRobot/ws_new/install/mobile_robot/share/mobile_robot/cmake/mobile_robotConfig-version.cmake
[1.494s] -- Up-to-date symlink: /home/thomas/MobileRobot/ws_new/install/mobile_robot/share/mobile_robot/package.xml
[1.501s] Invoked command in '/home/thomas/MobileRobot/ws_new/build/mobile_robot' returned '0': CMAKE_PREFIX_PATH=${CMAKE_PREFIX_PATH}:/opt/ros/jazzy DEBUGINFOD_URLS=https://debuginfod.ubuntu.com /usr/bin/cmake --install /home/thomas/MobileRobot/ws_new/build/mobile_robot
