-- Found ros2_control_cmake: 0.1.1 (/home/thomas/MobileRobot/ws_new/install/ros2_control_cmake/share/ros2_control_cmake/cmake)
-- Compiler warnings enabled for GNU
-- Detected GCC Version: 13.3.0 (Major: 13, Minor: 3)
-- Found ament_cmake: 2.5.3 (/opt/ros/jazzy/share/ament_cmake/cmake)
-- Override CMake install command with custom implementation using symlinks instead of copying resources
-- Found rclcpp: 28.1.8 (/opt/ros/jazzy/share/rclcpp/cmake)
-- Found rosidl_generator_c: 4.6.5 (/opt/ros/jazzy/share/rosidl_generator_c/cmake)
-- Found rosidl_generator_cpp: 4.6.5 (/opt/ros/jazzy/share/rosidl_generator_cpp/cmake)
-- Using all available rosidl_typesupport_c: rosidl_typesupport_fastrtps_c;rosidl_typesupport_introspection_c
-- Using all available rosidl_typesupport_cpp: rosidl_typesupport_fastrtps_cpp;rosidl_typesupport_introspection_cpp
-- Found rmw_implementation_cmake: 7.3.1 (/opt/ros/jazzy/share/rmw_implementation_cmake/cmake)
-- Found rmw_cyclonedds_cpp: 2.2.3 (/opt/ros/jazzy/share/rmw_cyclonedds_cpp/cmake)
-- Using RMW implementation 'rmw_cyclonedds_cpp' as default
-- Found rclcpp_action: 28.1.6 (/opt/ros/jazzy/share/rclcpp_action/cmake)
-- Found ament_cmake_gmock: 2.5.3 (/opt/ros/jazzy/share/ament_cmake_gmock/cmake)
-- Found lifecycle_msgs: 2.0.2 (/opt/ros/jazzy/share/lifecycle_msgs/cmake)
-- Found rclcpp_lifecycle: 28.1.6 (/opt/ros/jazzy/share/rclcpp_lifecycle/cmake)
-- Found test_msgs: 2.0.2 (/opt/ros/jazzy/share/test_msgs/cmake)
-- Found gmock sources under '/opt/ros/jazzy/src/gmock_vendor': C++ tests using 'Google Mock' will be built
-- Found ament_cmake_gtest: 2.5.3 (/opt/ros/jazzy/share/ament_cmake_gtest/cmake)
-- Found gtest sources under '/opt/ros/jazzy/src/gtest_vendor': C++ tests using 'Google Test' will be built
-- Configuring done (1.8s)
-- Generating done (0.8s)
-- Build files have been written to: /home/thomas/MobileRobot/ws_new/build/realtime_tools
[  7%] Built target gmock_main
[ 17%] Built target gmock
[ 28%] Built target realtime_tools
[ 35%] Built target thread_priority
[ 42%] Built target realtime_clock_tests
[ 50%] Built target realtime_mutex_tests
[ 57%] Built target realtime_box_tests
[ 64%] Built target realtime_buffer_tests
[ 71%] Built target realtime_server_goal_handle_tests
[ 78%] Built target thread_priority_tests
[ 85%] Built target test_async_function_handler
[ 92%] Built target realtime_publisher_tests
[100%] Built target lock_free_queue_tests
-- Install configuration: ""
-- Execute custom install script
-- Up-to-date symlink: /home/thomas/MobileRobot/ws_new/install/realtime_tools/include/realtime_tools/realtime_tools/async_function_handler.hpp
-- Up-to-date symlink: /home/thomas/MobileRobot/ws_new/install/realtime_tools/include/realtime_tools/realtime_tools/lock_free_queue.hpp
-- Up-to-date symlink: /home/thomas/MobileRobot/ws_new/install/realtime_tools/include/realtime_tools/realtime_tools/mutex.hpp
-- Up-to-date symlink: /home/thomas/MobileRobot/ws_new/install/realtime_tools/include/realtime_tools/realtime_tools/realtime_box.h
-- Up-to-date symlink: /home/thomas/MobileRobot/ws_new/install/realtime_tools/include/realtime_tools/realtime_tools/realtime_box.hpp
-- Up-to-date symlink: /home/thomas/MobileRobot/ws_new/install/realtime_tools/include/realtime_tools/realtime_tools/realtime_box_best_effort.h
-- Up-to-date symlink: /home/thomas/MobileRobot/ws_new/install/realtime_tools/include/realtime_tools/realtime_tools/realtime_buffer.h
-- Up-to-date symlink: /home/thomas/MobileRobot/ws_new/install/realtime_tools/include/realtime_tools/realtime_tools/realtime_buffer.hpp
-- Up-to-date symlink: /home/thomas/MobileRobot/ws_new/install/realtime_tools/include/realtime_tools/realtime_tools/realtime_clock.h
-- Up-to-date symlink: /home/thomas/MobileRobot/ws_new/install/realtime_tools/include/realtime_tools/realtime_tools/realtime_clock.hpp
-- Up-to-date symlink: /home/thomas/MobileRobot/ws_new/install/realtime_tools/include/realtime_tools/realtime_tools/realtime_helpers.hpp
-- Up-to-date symlink: /home/thomas/MobileRobot/ws_new/install/realtime_tools/include/realtime_tools/realtime_tools/realtime_publisher.h
-- Up-to-date symlink: /home/thomas/MobileRobot/ws_new/install/realtime_tools/include/realtime_tools/realtime_tools/realtime_publisher.hpp
-- Up-to-date symlink: /home/thomas/MobileRobot/ws_new/install/realtime_tools/include/realtime_tools/realtime_tools/realtime_server_goal_handle.h
-- Up-to-date symlink: /home/thomas/MobileRobot/ws_new/install/realtime_tools/include/realtime_tools/realtime_tools/realtime_server_goal_handle.hpp
-- Up-to-date symlink: /home/thomas/MobileRobot/ws_new/install/realtime_tools/include/realtime_tools/realtime_tools/thread_priority.hpp
-- Up-to-date symlink: /home/thomas/MobileRobot/ws_new/install/realtime_tools/share/realtime_tools/environment/library_path.sh
-- Up-to-date symlink: /home/thomas/MobileRobot/ws_new/install/realtime_tools/share/realtime_tools/environment/library_path.dsv
-- Up-to-date symlink: /home/thomas/MobileRobot/ws_new/install/realtime_tools/share/ament_index/resource_index/package_run_dependencies/realtime_tools
-- Up-to-date symlink: /home/thomas/MobileRobot/ws_new/install/realtime_tools/share/ament_index/resource_index/parent_prefix_path/realtime_tools
-- Up-to-date symlink: /home/thomas/MobileRobot/ws_new/install/realtime_tools/share/realtime_tools/environment/ament_prefix_path.sh
-- Up-to-date symlink: /home/thomas/MobileRobot/ws_new/install/realtime_tools/share/realtime_tools/environment/ament_prefix_path.dsv
-- Up-to-date symlink: /home/thomas/MobileRobot/ws_new/install/realtime_tools/share/realtime_tools/environment/path.sh
-- Up-to-date symlink: /home/thomas/MobileRobot/ws_new/install/realtime_tools/share/realtime_tools/environment/path.dsv
-- Up-to-date symlink: /home/thomas/MobileRobot/ws_new/install/realtime_tools/share/realtime_tools/local_setup.bash
-- Up-to-date symlink: /home/thomas/MobileRobot/ws_new/install/realtime_tools/share/realtime_tools/local_setup.sh
-- Up-to-date symlink: /home/thomas/MobileRobot/ws_new/install/realtime_tools/share/realtime_tools/local_setup.zsh
-- Up-to-date symlink: /home/thomas/MobileRobot/ws_new/install/realtime_tools/share/realtime_tools/local_setup.dsv
-- Symlinking: /home/thomas/MobileRobot/ws_new/install/realtime_tools/share/realtime_tools/package.dsv
-- Up-to-date symlink: /home/thomas/MobileRobot/ws_new/install/realtime_tools/share/ament_index/resource_index/packages/realtime_tools
-- Up-to-date symlink: /home/thomas/MobileRobot/ws_new/install/realtime_tools/share/realtime_tools/cmake/ament_cmake_export_targets-extras.cmake
-- Up-to-date symlink: /home/thomas/MobileRobot/ws_new/install/realtime_tools/share/realtime_tools/cmake/ament_cmake_export_dependencies-extras.cmake
-- Up-to-date symlink: /home/thomas/MobileRobot/ws_new/install/realtime_tools/share/realtime_tools/cmake/realtime_toolsConfig.cmake
-- Up-to-date symlink: /home/thomas/MobileRobot/ws_new/install/realtime_tools/share/realtime_tools/cmake/realtime_toolsConfig-version.cmake
-- Up-to-date symlink: /home/thomas/MobileRobot/ws_new/install/realtime_tools/share/realtime_tools/package.xml
-- Up-to-date: /home/thomas/MobileRobot/ws_new/install/realtime_tools/lib/librealtime_tools.so
-- Up-to-date: /home/thomas/MobileRobot/ws_new/install/realtime_tools/lib/libthread_priority.so
-- Up-to-date: /home/thomas/MobileRobot/ws_new/install/realtime_tools/share/realtime_tools/cmake/export_realtime_toolsExport.cmake
-- Up-to-date: /home/thomas/MobileRobot/ws_new/install/realtime_tools/share/realtime_tools/cmake/export_realtime_toolsExport-noconfig.cmake
