[0.038s] Invoking command in '/home/thomas/MobileRobot/ws_new/build/my_kinematics_pkg': CMAKE_PREFIX_PATH=${CMAKE_PREFIX_PATH}:/home/thomas/MobileRobot/ws_new/install/publisher_subscriber:/home/thomas/MobileRobot/ws_new/install/navigation:/opt/ros/jazzy DEBUGINFOD_URLS=https://debuginfod.ubuntu.com /usr/bin/cmake --build /home/thomas/MobileRobot/ws_new/build/my_kinematics_pkg -- -j8 -l8
[0.404s] [ 50%] [32mBuilding CXX object CMakeFiles/kinematics_node.dir/src/kinematics_node.cpp.o[0m
[11.382s] [100%] [32m[1mLinking CXX executable kinematics_node[0m
[11.974s] [100%] Built target kinematics_node
[11.990s] Invoked command in '/home/thomas/MobileRobot/ws_new/build/my_kinematics_pkg' returned '0': CMAKE_PREFIX_PATH=${CMAKE_PREFIX_PATH}:/home/thomas/MobileRobot/ws_new/install/publisher_subscriber:/home/thomas/MobileRobot/ws_new/install/navigation:/opt/ros/jazzy DEBUGINFOD_URLS=https://debuginfod.ubuntu.com /usr/bin/cmake --build /home/thomas/MobileRobot/ws_new/build/my_kinematics_pkg -- -j8 -l8
[11.991s] Invoking command in '/home/thomas/MobileRobot/ws_new/build/my_kinematics_pkg': CMAKE_PREFIX_PATH=${CMAKE_PREFIX_PATH}:/home/thomas/MobileRobot/ws_new/install/publisher_subscriber:/home/thomas/MobileRobot/ws_new/install/navigation:/opt/ros/jazzy DEBUGINFOD_URLS=https://debuginfod.ubuntu.com /usr/bin/cmake --install /home/thomas/MobileRobot/ws_new/build/my_kinematics_pkg
[12.003s] -- Install configuration: ""
[12.003s] -- Installing: /home/thomas/MobileRobot/ws_new/install/my_kinematics_pkg/lib/my_kinematics_pkg/kinematics_node
[12.012s] -- Set non-toolchain portion of runtime path of "/home/thomas/MobileRobot/ws_new/install/my_kinematics_pkg/lib/my_kinematics_pkg/kinematics_node" to ""
[12.012s] -- Up-to-date: /home/thomas/MobileRobot/ws_new/install/my_kinematics_pkg/share/ament_index/resource_index/package_run_dependencies/my_kinematics_pkg
[12.012s] -- Up-to-date: /home/thomas/MobileRobot/ws_new/install/my_kinematics_pkg/share/ament_index/resource_index/parent_prefix_path/my_kinematics_pkg
[12.013s] -- Up-to-date: /home/thomas/MobileRobot/ws_new/install/my_kinematics_pkg/share/my_kinematics_pkg/environment/ament_prefix_path.sh
[12.013s] -- Up-to-date: /home/thomas/MobileRobot/ws_new/install/my_kinematics_pkg/share/my_kinematics_pkg/environment/ament_prefix_path.dsv
[12.013s] -- Up-to-date: /home/thomas/MobileRobot/ws_new/install/my_kinematics_pkg/share/my_kinematics_pkg/environment/path.sh
[12.013s] -- Up-to-date: /home/thomas/MobileRobot/ws_new/install/my_kinematics_pkg/share/my_kinematics_pkg/environment/path.dsv
[12.013s] -- Up-to-date: /home/thomas/MobileRobot/ws_new/install/my_kinematics_pkg/share/my_kinematics_pkg/local_setup.bash
[12.013s] -- Up-to-date: /home/thomas/MobileRobot/ws_new/install/my_kinematics_pkg/share/my_kinematics_pkg/local_setup.sh
[12.014s] -- Up-to-date: /home/thomas/MobileRobot/ws_new/install/my_kinematics_pkg/share/my_kinematics_pkg/local_setup.zsh
[12.014s] -- Up-to-date: /home/thomas/MobileRobot/ws_new/install/my_kinematics_pkg/share/my_kinematics_pkg/local_setup.dsv
[12.014s] -- Installing: /home/thomas/MobileRobot/ws_new/install/my_kinematics_pkg/share/my_kinematics_pkg/package.dsv
[12.014s] -- Up-to-date: /home/thomas/MobileRobot/ws_new/install/my_kinematics_pkg/share/ament_index/resource_index/packages/my_kinematics_pkg
[12.014s] -- Up-to-date: /home/thomas/MobileRobot/ws_new/install/my_kinematics_pkg/share/my_kinematics_pkg/cmake/my_kinematics_pkgConfig.cmake
[12.014s] -- Up-to-date: /home/thomas/MobileRobot/ws_new/install/my_kinematics_pkg/share/my_kinematics_pkg/cmake/my_kinematics_pkgConfig-version.cmake
[12.014s] -- Up-to-date: /home/thomas/MobileRobot/ws_new/install/my_kinematics_pkg/share/my_kinematics_pkg/package.xml
[12.017s] Invoked command in '/home/thomas/MobileRobot/ws_new/build/my_kinematics_pkg' returned '0': CMAKE_PREFIX_PATH=${CMAKE_PREFIX_PATH}:/home/thomas/MobileRobot/ws_new/install/publisher_subscriber:/home/thomas/MobileRobot/ws_new/install/navigation:/opt/ros/jazzy DEBUGINFOD_URLS=https://debuginfod.ubuntu.com /usr/bin/cmake --install /home/thomas/MobileRobot/ws_new/build/my_kinematics_pkg
