[0.248s] Invoking command in '/home/thomas/MobileRobot/ws_new/build/controller_interface': AMENT_PREFIX_PATH=/home/thomas/MobileRobot/ws_new/install/hardware_interface:/home/thomas/MobileRobot/ws_new/install/joint_limits:/home/thomas/MobileRobot/ws_new/install/realtime_tools:/home/thomas/MobileRobot/ws_new/install/ros2_control_test_assets:/home/thomas/MobileRobot/ws_new/install/ros2_control_cmake:/home/thomas/MobileRobot/ws_new/install/control_msgs:${AMENT_PREFIX_PATH} CMAKE_PREFIX_PATH=/home/thomas/MobileRobot/ws_new/install/hardware_interface:/home/thomas/MobileRobot/ws_new/install/joint_limits:/home/thomas/MobileRobot/ws_new/install/realtime_tools:/home/thomas/MobileRobot/ws_new/install/ros2_control_test_assets:/home/thomas/MobileRobot/ws_new/install/ros2_control_cmake:/home/thomas/MobileRobot/ws_new/install/control_msgs:/home/thomas/MobileRobot/ws_new/install/my_kinematics_pkg:/home/thomas/MobileRobot/ws_new/install/mobile_robot:/home/thomas/MobileRobot/ws_new/install/backward:/opt/ros/jazzy/opt/gz_sim_vendor:/opt/ros/jazzy/opt/gz_sensors_vendor:/opt/ros/jazzy/opt/gz_physics_vendor:/opt/ros/jazzy/opt/sdformat_vendor:/opt/ros/jazzy/opt/gz_gui_vendor:/opt/ros/jazzy/opt/gz_transport_vendor:/opt/ros/jazzy/opt/gz_rendering_vendor:/opt/ros/jazzy/opt/gz_plugin_vendor:/opt/ros/jazzy/opt/gz_fuel_tools_vendor:/opt/ros/jazzy/opt/gz_msgs_vendor:/opt/ros/jazzy/opt/gz_common_vendor:/opt/ros/jazzy/opt/gz_math_vendor:/opt/ros/jazzy/opt/gz_utils_vendor:/opt/ros/jazzy/opt/gz_tools_vendor:/opt/ros/jazzy/opt/gz_ogre_next_vendor:/opt/ros/jazzy/opt/gz_dartsim_vendor:/opt/ros/jazzy/opt/gz_cmake_vendor:/home/thomas/dev_ws/install/basic_mobile_robot:/home/thomas/MobileRobot/ws_new/install/publisher_subscriber:/opt/ros/jazzy DEBUGINFOD_URLS=https://debuginfod.ubuntu.com LD_LIBRARY_PATH=/home/thomas/MobileRobot/ws_new/install/hardware_interface/lib:/home/thomas/MobileRobot/ws_new/install/joint_limits/lib:/home/thomas/MobileRobot/ws_new/install/realtime_tools/lib:/home/thomas/MobileRobot/ws_new/install/ros2_control_test_assets/lib:/home/thomas/MobileRobot/ws_new/install/control_msgs/lib:${LD_LIBRARY_PATH} PYTHONPATH=/home/thomas/MobileRobot/ws_new/install/control_msgs/lib/python3.12/site-packages:${PYTHONPATH} /usr/bin/cmake /home/thomas/MobileRobot/ws_new/src/ros-controls/ros2_control/controller_interface -DCMAKE_INSTALL_PREFIX=/home/thomas/MobileRobot/ws_new/install/controller_interface
[0.300s] -- Found ros2_control_cmake: 0.1.1 (/home/thomas/MobileRobot/ws_new/install/ros2_control_cmake/share/ros2_control_cmake/cmake)
[0.301s] -- Compiler warnings enabled for GNU
[0.301s] -- Detected GCC Version: 13.3.0 (Major: 13, Minor: 3)
[0.301s] -- Found ament_cmake: 2.5.3 (/opt/ros/jazzy/share/ament_cmake/cmake)
[0.676s] -- Override CMake install command with custom implementation using symlinks instead of copying resources
[0.687s] -- Found hardware_interface: 4.29.0 (/home/thomas/MobileRobot/ws_new/install/hardware_interface/share/hardware_interface/cmake)
[0.727s] -- Found rosidl_generator_c: 4.6.5 (/opt/ros/jazzy/share/rosidl_generator_c/cmake)
[0.740s] -- Found rosidl_generator_cpp: 4.6.5 (/opt/ros/jazzy/share/rosidl_generator_cpp/cmake)
[0.757s] -- Using all available rosidl_typesupport_c: rosidl_typesupport_fastrtps_c;rosidl_typesupport_introspection_c
[0.778s] -- Using all available rosidl_typesupport_cpp: rosidl_typesupport_fastrtps_cpp;rosidl_typesupport_introspection_cpp
[1.056s] -- Found TinyXML2 via Config file: /usr/lib/x86_64-linux-gnu/cmake/tinyxml2
[1.104s] -- Found rmw_implementation_cmake: 7.3.1 (/opt/ros/jazzy/share/rmw_implementation_cmake/cmake)
[1.106s] -- Found rmw_cyclonedds_cpp: 2.2.3 (/opt/ros/jazzy/share/rmw_cyclonedds_cpp/cmake)
[1.138s] -- Using RMW implementation 'rmw_cyclonedds_cpp' as default
[1.318s] -- Found ament_cmake_gmock: 2.5.3 (/opt/ros/jazzy/share/ament_cmake_gmock/cmake)
[1.320s] -- Found gmock sources under '/opt/ros/jazzy/src/gmock_vendor': C++ tests using 'Google Mock' will be built
[1.324s] -- Found ament_cmake_gtest: 2.5.3 (/opt/ros/jazzy/share/ament_cmake_gtest/cmake)
[1.325s] -- Found gtest sources under '/opt/ros/jazzy/src/gtest_vendor': C++ tests using 'Google Test' will be built
[1.471s] -- Configuring done (1.2s)
[1.880s] -- Generating done (0.4s)
[1.921s] -- Build files have been written to: /home/thomas/MobileRobot/ws_new/build/controller_interface
[1.935s] Invoked command in '/home/thomas/MobileRobot/ws_new/build/controller_interface' returned '0': AMENT_PREFIX_PATH=/home/thomas/MobileRobot/ws_new/install/hardware_interface:/home/thomas/MobileRobot/ws_new/install/joint_limits:/home/thomas/MobileRobot/ws_new/install/realtime_tools:/home/thomas/MobileRobot/ws_new/install/ros2_control_test_assets:/home/thomas/MobileRobot/ws_new/install/ros2_control_cmake:/home/thomas/MobileRobot/ws_new/install/control_msgs:${AMENT_PREFIX_PATH} CMAKE_PREFIX_PATH=/home/thomas/MobileRobot/ws_new/install/hardware_interface:/home/thomas/MobileRobot/ws_new/install/joint_limits:/home/thomas/MobileRobot/ws_new/install/realtime_tools:/home/thomas/MobileRobot/ws_new/install/ros2_control_test_assets:/home/thomas/MobileRobot/ws_new/install/ros2_control_cmake:/home/thomas/MobileRobot/ws_new/install/control_msgs:/home/thomas/MobileRobot/ws_new/install/my_kinematics_pkg:/home/thomas/MobileRobot/ws_new/install/mobile_robot:/home/thomas/MobileRobot/ws_new/install/backward:/opt/ros/jazzy/opt/gz_sim_vendor:/opt/ros/jazzy/opt/gz_sensors_vendor:/opt/ros/jazzy/opt/gz_physics_vendor:/opt/ros/jazzy/opt/sdformat_vendor:/opt/ros/jazzy/opt/gz_gui_vendor:/opt/ros/jazzy/opt/gz_transport_vendor:/opt/ros/jazzy/opt/gz_rendering_vendor:/opt/ros/jazzy/opt/gz_plugin_vendor:/opt/ros/jazzy/opt/gz_fuel_tools_vendor:/opt/ros/jazzy/opt/gz_msgs_vendor:/opt/ros/jazzy/opt/gz_common_vendor:/opt/ros/jazzy/opt/gz_math_vendor:/opt/ros/jazzy/opt/gz_utils_vendor:/opt/ros/jazzy/opt/gz_tools_vendor:/opt/ros/jazzy/opt/gz_ogre_next_vendor:/opt/ros/jazzy/opt/gz_dartsim_vendor:/opt/ros/jazzy/opt/gz_cmake_vendor:/home/thomas/dev_ws/install/basic_mobile_robot:/home/thomas/MobileRobot/ws_new/install/publisher_subscriber:/opt/ros/jazzy DEBUGINFOD_URLS=https://debuginfod.ubuntu.com LD_LIBRARY_PATH=/home/thomas/MobileRobot/ws_new/install/hardware_interface/lib:/home/thomas/MobileRobot/ws_new/install/joint_limits/lib:/home/thomas/MobileRobot/ws_new/install/realtime_tools/lib:/home/thomas/MobileRobot/ws_new/install/ros2_control_test_assets/lib:/home/thomas/MobileRobot/ws_new/install/control_msgs/lib:${LD_LIBRARY_PATH} PYTHONPATH=/home/thomas/MobileRobot/ws_new/install/control_msgs/lib/python3.12/site-packages:${PYTHONPATH} /usr/bin/cmake /home/thomas/MobileRobot/ws_new/src/ros-controls/ros2_control/controller_interface -DCMAKE_INSTALL_PREFIX=/home/thomas/MobileRobot/ws_new/install/controller_interface
[1.937s] Invoking command in '/home/thomas/MobileRobot/ws_new/build/controller_interface': AMENT_PREFIX_PATH=/home/thomas/MobileRobot/ws_new/install/hardware_interface:/home/thomas/MobileRobot/ws_new/install/joint_limits:/home/thomas/MobileRobot/ws_new/install/realtime_tools:/home/thomas/MobileRobot/ws_new/install/ros2_control_test_assets:/home/thomas/MobileRobot/ws_new/install/ros2_control_cmake:/home/thomas/MobileRobot/ws_new/install/control_msgs:${AMENT_PREFIX_PATH} CMAKE_PREFIX_PATH=/home/thomas/MobileRobot/ws_new/install/hardware_interface:/home/thomas/MobileRobot/ws_new/install/joint_limits:/home/thomas/MobileRobot/ws_new/install/realtime_tools:/home/thomas/MobileRobot/ws_new/install/ros2_control_test_assets:/home/thomas/MobileRobot/ws_new/install/ros2_control_cmake:/home/thomas/MobileRobot/ws_new/install/control_msgs:/home/thomas/MobileRobot/ws_new/install/my_kinematics_pkg:/home/thomas/MobileRobot/ws_new/install/mobile_robot:/home/thomas/MobileRobot/ws_new/install/backward:/opt/ros/jazzy/opt/gz_sim_vendor:/opt/ros/jazzy/opt/gz_sensors_vendor:/opt/ros/jazzy/opt/gz_physics_vendor:/opt/ros/jazzy/opt/sdformat_vendor:/opt/ros/jazzy/opt/gz_gui_vendor:/opt/ros/jazzy/opt/gz_transport_vendor:/opt/ros/jazzy/opt/gz_rendering_vendor:/opt/ros/jazzy/opt/gz_plugin_vendor:/opt/ros/jazzy/opt/gz_fuel_tools_vendor:/opt/ros/jazzy/opt/gz_msgs_vendor:/opt/ros/jazzy/opt/gz_common_vendor:/opt/ros/jazzy/opt/gz_math_vendor:/opt/ros/jazzy/opt/gz_utils_vendor:/opt/ros/jazzy/opt/gz_tools_vendor:/opt/ros/jazzy/opt/gz_ogre_next_vendor:/opt/ros/jazzy/opt/gz_dartsim_vendor:/opt/ros/jazzy/opt/gz_cmake_vendor:/home/thomas/dev_ws/install/basic_mobile_robot:/home/thomas/MobileRobot/ws_new/install/publisher_subscriber:/opt/ros/jazzy DEBUGINFOD_URLS=https://debuginfod.ubuntu.com LD_LIBRARY_PATH=/home/thomas/MobileRobot/ws_new/install/hardware_interface/lib:/home/thomas/MobileRobot/ws_new/install/joint_limits/lib:/home/thomas/MobileRobot/ws_new/install/realtime_tools/lib:/home/thomas/MobileRobot/ws_new/install/ros2_control_test_assets/lib:/home/thomas/MobileRobot/ws_new/install/control_msgs/lib:${LD_LIBRARY_PATH} PYTHONPATH=/home/thomas/MobileRobot/ws_new/install/control_msgs/lib/python3.12/site-packages:${PYTHONPATH} /usr/bin/cmake --build /home/thomas/MobileRobot/ws_new/build/controller_interface -- -j8 -l8
[2.022s] [  3%] Built target ament_generate_version_header__controller_interface
[2.035s] [ 13%] Built target gmock
[2.036s] [ 20%] Built target gmock_main
[2.119s] [ 33%] Built target controller_interface
[2.203s] [ 40%] Built target test_controller_with_options
[2.236s] [ 46%] Built target test_imu_sensor
[2.243s] [ 53%] Built target test_semantic_component_interface
[2.250s] [ 60%] Built target test_gps_sensor
[2.255s] [ 66%] Built target test_pose_sensor
[2.255s] [ 73%] Built target test_controller_interface
[2.261s] [ 80%] Built target test_force_torque_sensor
[2.270s] [ 86%] Built target test_chainable_controller_interface
[2.292s] [ 93%] Built target test_semantic_component_command_interface
[2.324s] [100%] Built target test_led_rgb_device
[2.341s] Invoked command in '/home/thomas/MobileRobot/ws_new/build/controller_interface' returned '0': AMENT_PREFIX_PATH=/home/thomas/MobileRobot/ws_new/install/hardware_interface:/home/thomas/MobileRobot/ws_new/install/joint_limits:/home/thomas/MobileRobot/ws_new/install/realtime_tools:/home/thomas/MobileRobot/ws_new/install/ros2_control_test_assets:/home/thomas/MobileRobot/ws_new/install/ros2_control_cmake:/home/thomas/MobileRobot/ws_new/install/control_msgs:${AMENT_PREFIX_PATH} CMAKE_PREFIX_PATH=/home/thomas/MobileRobot/ws_new/install/hardware_interface:/home/thomas/MobileRobot/ws_new/install/joint_limits:/home/thomas/MobileRobot/ws_new/install/realtime_tools:/home/thomas/MobileRobot/ws_new/install/ros2_control_test_assets:/home/thomas/MobileRobot/ws_new/install/ros2_control_cmake:/home/thomas/MobileRobot/ws_new/install/control_msgs:/home/thomas/MobileRobot/ws_new/install/my_kinematics_pkg:/home/thomas/MobileRobot/ws_new/install/mobile_robot:/home/thomas/MobileRobot/ws_new/install/backward:/opt/ros/jazzy/opt/gz_sim_vendor:/opt/ros/jazzy/opt/gz_sensors_vendor:/opt/ros/jazzy/opt/gz_physics_vendor:/opt/ros/jazzy/opt/sdformat_vendor:/opt/ros/jazzy/opt/gz_gui_vendor:/opt/ros/jazzy/opt/gz_transport_vendor:/opt/ros/jazzy/opt/gz_rendering_vendor:/opt/ros/jazzy/opt/gz_plugin_vendor:/opt/ros/jazzy/opt/gz_fuel_tools_vendor:/opt/ros/jazzy/opt/gz_msgs_vendor:/opt/ros/jazzy/opt/gz_common_vendor:/opt/ros/jazzy/opt/gz_math_vendor:/opt/ros/jazzy/opt/gz_utils_vendor:/opt/ros/jazzy/opt/gz_tools_vendor:/opt/ros/jazzy/opt/gz_ogre_next_vendor:/opt/ros/jazzy/opt/gz_dartsim_vendor:/opt/ros/jazzy/opt/gz_cmake_vendor:/home/thomas/dev_ws/install/basic_mobile_robot:/home/thomas/MobileRobot/ws_new/install/publisher_subscriber:/opt/ros/jazzy DEBUGINFOD_URLS=https://debuginfod.ubuntu.com LD_LIBRARY_PATH=/home/thomas/MobileRobot/ws_new/install/hardware_interface/lib:/home/thomas/MobileRobot/ws_new/install/joint_limits/lib:/home/thomas/MobileRobot/ws_new/install/realtime_tools/lib:/home/thomas/MobileRobot/ws_new/install/ros2_control_test_assets/lib:/home/thomas/MobileRobot/ws_new/install/control_msgs/lib:${LD_LIBRARY_PATH} PYTHONPATH=/home/thomas/MobileRobot/ws_new/install/control_msgs/lib/python3.12/site-packages:${PYTHONPATH} /usr/bin/cmake --build /home/thomas/MobileRobot/ws_new/build/controller_interface -- -j8 -l8
[2.359s] Invoking command in '/home/thomas/MobileRobot/ws_new/build/controller_interface': AMENT_PREFIX_PATH=/home/thomas/MobileRobot/ws_new/install/hardware_interface:/home/thomas/MobileRobot/ws_new/install/joint_limits:/home/thomas/MobileRobot/ws_new/install/realtime_tools:/home/thomas/MobileRobot/ws_new/install/ros2_control_test_assets:/home/thomas/MobileRobot/ws_new/install/ros2_control_cmake:/home/thomas/MobileRobot/ws_new/install/control_msgs:${AMENT_PREFIX_PATH} CMAKE_PREFIX_PATH=/home/thomas/MobileRobot/ws_new/install/hardware_interface:/home/thomas/MobileRobot/ws_new/install/joint_limits:/home/thomas/MobileRobot/ws_new/install/realtime_tools:/home/thomas/MobileRobot/ws_new/install/ros2_control_test_assets:/home/thomas/MobileRobot/ws_new/install/ros2_control_cmake:/home/thomas/MobileRobot/ws_new/install/control_msgs:/home/thomas/MobileRobot/ws_new/install/my_kinematics_pkg:/home/thomas/MobileRobot/ws_new/install/mobile_robot:/home/thomas/MobileRobot/ws_new/install/backward:/opt/ros/jazzy/opt/gz_sim_vendor:/opt/ros/jazzy/opt/gz_sensors_vendor:/opt/ros/jazzy/opt/gz_physics_vendor:/opt/ros/jazzy/opt/sdformat_vendor:/opt/ros/jazzy/opt/gz_gui_vendor:/opt/ros/jazzy/opt/gz_transport_vendor:/opt/ros/jazzy/opt/gz_rendering_vendor:/opt/ros/jazzy/opt/gz_plugin_vendor:/opt/ros/jazzy/opt/gz_fuel_tools_vendor:/opt/ros/jazzy/opt/gz_msgs_vendor:/opt/ros/jazzy/opt/gz_common_vendor:/opt/ros/jazzy/opt/gz_math_vendor:/opt/ros/jazzy/opt/gz_utils_vendor:/opt/ros/jazzy/opt/gz_tools_vendor:/opt/ros/jazzy/opt/gz_ogre_next_vendor:/opt/ros/jazzy/opt/gz_dartsim_vendor:/opt/ros/jazzy/opt/gz_cmake_vendor:/home/thomas/dev_ws/install/basic_mobile_robot:/home/thomas/MobileRobot/ws_new/install/publisher_subscriber:/opt/ros/jazzy DEBUGINFOD_URLS=https://debuginfod.ubuntu.com LD_LIBRARY_PATH=/home/thomas/MobileRobot/ws_new/install/hardware_interface/lib:/home/thomas/MobileRobot/ws_new/install/joint_limits/lib:/home/thomas/MobileRobot/ws_new/install/realtime_tools/lib:/home/thomas/MobileRobot/ws_new/install/ros2_control_test_assets/lib:/home/thomas/MobileRobot/ws_new/install/control_msgs/lib:${LD_LIBRARY_PATH} PYTHONPATH=/home/thomas/MobileRobot/ws_new/install/control_msgs/lib/python3.12/site-packages:${PYTHONPATH} /usr/bin/cmake --install /home/thomas/MobileRobot/ws_new/build/controller_interface
[2.371s] -- Install configuration: ""
[2.373s] -- Execute custom install script
[2.374s] -- Up-to-date symlink: /home/thomas/MobileRobot/ws_new/install/controller_interface/include/controller_interface/controller_interface/chainable_controller_interface.hpp
[2.374s] -- Up-to-date symlink: /home/thomas/MobileRobot/ws_new/install/controller_interface/include/controller_interface/controller_interface/controller_interface.hpp
[2.374s] -- Up-to-date symlink: /home/thomas/MobileRobot/ws_new/install/controller_interface/include/controller_interface/controller_interface/controller_interface_base.hpp
[2.404s] -- Up-to-date symlink: /home/thomas/MobileRobot/ws_new/install/controller_interface/include/controller_interface/controller_interface/helpers.hpp
[2.407s] -- Up-to-date symlink: /home/thomas/MobileRobot/ws_new/install/controller_interface/include/controller_interface/semantic_components/force_torque_sensor.hpp
[2.412s] -- Up-to-date symlink: /home/thomas/MobileRobot/ws_new/install/controller_interface/include/controller_interface/semantic_components/gps_sensor.hpp
[2.413s] -- Up-to-date symlink: /home/thomas/MobileRobot/ws_new/install/controller_interface/include/controller_interface/semantic_components/imu_sensor.hpp
[2.414s] -- Up-to-date symlink: /home/thomas/MobileRobot/ws_new/install/controller_interface/include/controller_interface/semantic_components/led_rgb_device.hpp
[2.414s] -- Up-to-date symlink: /home/thomas/MobileRobot/ws_new/install/controller_interface/include/controller_interface/semantic_components/pose_sensor.hpp
[2.415s] -- Up-to-date symlink: /home/thomas/MobileRobot/ws_new/install/controller_interface/include/controller_interface/semantic_components/range_sensor.hpp
[2.415s] -- Up-to-date symlink: /home/thomas/MobileRobot/ws_new/install/controller_interface/include/controller_interface/semantic_components/semantic_component_command_interface.hpp
[2.416s] -- Up-to-date symlink: /home/thomas/MobileRobot/ws_new/install/controller_interface/include/controller_interface/semantic_components/semantic_component_interface.hpp
[2.416s] -- Up-to-date symlink: /home/thomas/MobileRobot/ws_new/install/controller_interface/share/controller_interface/environment/library_path.sh
[2.417s] -- Up-to-date symlink: /home/thomas/MobileRobot/ws_new/install/controller_interface/share/controller_interface/environment/library_path.dsv
[2.417s] -- Up-to-date symlink: /home/thomas/MobileRobot/ws_new/install/controller_interface/share/ament_index/resource_index/package_run_dependencies/controller_interface
[2.418s] -- Up-to-date symlink: /home/thomas/MobileRobot/ws_new/install/controller_interface/share/ament_index/resource_index/parent_prefix_path/controller_interface
[2.418s] -- Up-to-date symlink: /home/thomas/MobileRobot/ws_new/install/controller_interface/share/controller_interface/environment/ament_prefix_path.sh
[2.419s] -- Up-to-date symlink: /home/thomas/MobileRobot/ws_new/install/controller_interface/share/controller_interface/environment/ament_prefix_path.dsv
[2.419s] -- Up-to-date symlink: /home/thomas/MobileRobot/ws_new/install/controller_interface/share/controller_interface/environment/path.sh
[2.420s] -- Up-to-date symlink: /home/thomas/MobileRobot/ws_new/install/controller_interface/share/controller_interface/environment/path.dsv
[2.420s] -- Up-to-date symlink: /home/thomas/MobileRobot/ws_new/install/controller_interface/share/controller_interface/local_setup.bash
[2.421s] -- Up-to-date symlink: /home/thomas/MobileRobot/ws_new/install/controller_interface/share/controller_interface/local_setup.sh
[2.421s] -- Up-to-date symlink: /home/thomas/MobileRobot/ws_new/install/controller_interface/share/controller_interface/local_setup.zsh
[2.422s] -- Up-to-date symlink: /home/thomas/MobileRobot/ws_new/install/controller_interface/share/controller_interface/local_setup.dsv
[2.422s] -- Symlinking: /home/thomas/MobileRobot/ws_new/install/controller_interface/share/controller_interface/package.dsv
[2.436s] -- Up-to-date symlink: /home/thomas/MobileRobot/ws_new/install/controller_interface/share/ament_index/resource_index/packages/controller_interface
[2.437s] -- Up-to-date symlink: /home/thomas/MobileRobot/ws_new/install/controller_interface/share/controller_interface/cmake/ament_cmake_export_targets-extras.cmake
[2.437s] -- Up-to-date symlink: /home/thomas/MobileRobot/ws_new/install/controller_interface/share/controller_interface/cmake/ament_cmake_export_dependencies-extras.cmake
[2.437s] -- Up-to-date symlink: /home/thomas/MobileRobot/ws_new/install/controller_interface/share/controller_interface/cmake/controller_interfaceConfig.cmake
[2.437s] -- Up-to-date symlink: /home/thomas/MobileRobot/ws_new/install/controller_interface/share/controller_interface/cmake/controller_interfaceConfig-version.cmake
[2.438s] -- Up-to-date symlink: /home/thomas/MobileRobot/ws_new/install/controller_interface/share/controller_interface/package.xml
[2.438s] -- Up-to-date symlink: /home/thomas/MobileRobot/ws_new/install/controller_interface/include/controller_interface/controller_interface/version.h
[2.503s] -- Up-to-date: /home/thomas/MobileRobot/ws_new/install/controller_interface/lib/libcontroller_interface.so
[2.504s] -- Up-to-date: /home/thomas/MobileRobot/ws_new/install/controller_interface/share/controller_interface/cmake/export_controller_interfaceExport.cmake
[2.504s] -- Up-to-date: /home/thomas/MobileRobot/ws_new/install/controller_interface/share/controller_interface/cmake/export_controller_interfaceExport-noconfig.cmake
[2.609s] Invoked command in '/home/thomas/MobileRobot/ws_new/build/controller_interface' returned '0': AMENT_PREFIX_PATH=/home/thomas/MobileRobot/ws_new/install/hardware_interface:/home/thomas/MobileRobot/ws_new/install/joint_limits:/home/thomas/MobileRobot/ws_new/install/realtime_tools:/home/thomas/MobileRobot/ws_new/install/ros2_control_test_assets:/home/thomas/MobileRobot/ws_new/install/ros2_control_cmake:/home/thomas/MobileRobot/ws_new/install/control_msgs:${AMENT_PREFIX_PATH} CMAKE_PREFIX_PATH=/home/thomas/MobileRobot/ws_new/install/hardware_interface:/home/thomas/MobileRobot/ws_new/install/joint_limits:/home/thomas/MobileRobot/ws_new/install/realtime_tools:/home/thomas/MobileRobot/ws_new/install/ros2_control_test_assets:/home/thomas/MobileRobot/ws_new/install/ros2_control_cmake:/home/thomas/MobileRobot/ws_new/install/control_msgs:/home/thomas/MobileRobot/ws_new/install/my_kinematics_pkg:/home/thomas/MobileRobot/ws_new/install/mobile_robot:/home/thomas/MobileRobot/ws_new/install/backward:/opt/ros/jazzy/opt/gz_sim_vendor:/opt/ros/jazzy/opt/gz_sensors_vendor:/opt/ros/jazzy/opt/gz_physics_vendor:/opt/ros/jazzy/opt/sdformat_vendor:/opt/ros/jazzy/opt/gz_gui_vendor:/opt/ros/jazzy/opt/gz_transport_vendor:/opt/ros/jazzy/opt/gz_rendering_vendor:/opt/ros/jazzy/opt/gz_plugin_vendor:/opt/ros/jazzy/opt/gz_fuel_tools_vendor:/opt/ros/jazzy/opt/gz_msgs_vendor:/opt/ros/jazzy/opt/gz_common_vendor:/opt/ros/jazzy/opt/gz_math_vendor:/opt/ros/jazzy/opt/gz_utils_vendor:/opt/ros/jazzy/opt/gz_tools_vendor:/opt/ros/jazzy/opt/gz_ogre_next_vendor:/opt/ros/jazzy/opt/gz_dartsim_vendor:/opt/ros/jazzy/opt/gz_cmake_vendor:/home/thomas/dev_ws/install/basic_mobile_robot:/home/thomas/MobileRobot/ws_new/install/publisher_subscriber:/opt/ros/jazzy DEBUGINFOD_URLS=https://debuginfod.ubuntu.com LD_LIBRARY_PATH=/home/thomas/MobileRobot/ws_new/install/hardware_interface/lib:/home/thomas/MobileRobot/ws_new/install/joint_limits/lib:/home/thomas/MobileRobot/ws_new/install/realtime_tools/lib:/home/thomas/MobileRobot/ws_new/install/ros2_control_test_assets/lib:/home/thomas/MobileRobot/ws_new/install/control_msgs/lib:${LD_LIBRARY_PATH} PYTHONPATH=/home/thomas/MobileRobot/ws_new/install/control_msgs/lib/python3.12/site-packages:${PYTHONPATH} /usr/bin/cmake --install /home/thomas/MobileRobot/ws_new/build/controller_interface
