[0.213s] Invoking command in '/home/thomas/MobileRobot/ws_new/build/nav2_smac_planner': AMENT_PREFIX_PATH=/home/thomas/MobileRobot/ws_new/install/nav2_core:/home/thomas/MobileRobot/ws_new/install/nav2_costmap_2d:/home/thomas/MobileRobot/ws_new/install/nav2_map_server:/home/thomas/MobileRobot/ws_new/install/nav2_lifecycle_manager:/home/thomas/MobileRobot/ws_new/install/nav2_behavior_tree:/home/thomas/MobileRobot/ws_new/install/nav2_util:/home/thomas/MobileRobot/ws_new/install/visualization_msgs:/home/thomas/MobileRobot/ws_new/install/nav2_msgs:/home/thomas/MobileRobot/ws_new/install/sensor_msgs:/home/thomas/MobileRobot/ws_new/install/nav_msgs:/home/thomas/MobileRobot/ws_new/install/nav2_voxel_grid:/home/thomas/MobileRobot/ws_new/install/geometry_msgs:/home/thomas/MobileRobot/ws_new/install/std_srvs:/home/thomas/MobileRobot/ws_new/install/std_msgs:/home/thomas/MobileRobot/ws_new/install/nav2_common:${AMENT_PREFIX_PATH} CMAKE_PREFIX_PATH=/home/thomas/MobileRobot/ws_new/install/nav2_core:/home/thomas/MobileRobot/ws_new/install/nav2_costmap_2d:/home/thomas/MobileRobot/ws_new/install/nav2_map_server:/home/thomas/MobileRobot/ws_new/install/nav2_lifecycle_manager:/home/thomas/MobileRobot/ws_new/install/nav2_behavior_tree:/home/thomas/MobileRobot/ws_new/install/nav2_util:/home/thomas/MobileRobot/ws_new/install/visualization_msgs:/home/thomas/MobileRobot/ws_new/install/nav2_msgs:/home/thomas/MobileRobot/ws_new/install/sensor_msgs:/home/thomas/MobileRobot/ws_new/install/nav_msgs:/home/thomas/MobileRobot/ws_new/install/nav2_voxel_grid:/home/thomas/MobileRobot/ws_new/install/geometry_msgs:/home/thomas/MobileRobot/ws_new/install/std_srvs:/home/thomas/MobileRobot/ws_new/install/std_msgs:/home/thomas/MobileRobot/ws_new/install/nav2_common:/opt/ros/jazzy/opt/gz_sim_vendor:/opt/ros/jazzy/opt/gz_sensors_vendor:/opt/ros/jazzy/opt/gz_physics_vendor:/opt/ros/jazzy/opt/sdformat_vendor:/opt/ros/jazzy/opt/gz_gui_vendor:/opt/ros/jazzy/opt/gz_transport_vendor:/opt/ros/jazzy/opt/gz_rendering_vendor:/opt/ros/jazzy/opt/gz_plugin_vendor:/opt/ros/jazzy/opt/gz_fuel_tools_vendor:/opt/ros/jazzy/opt/gz_msgs_vendor:/opt/ros/jazzy/opt/gz_common_vendor:/opt/ros/jazzy/opt/gz_math_vendor:/opt/ros/jazzy/opt/gz_utils_vendor:/opt/ros/jazzy/opt/gz_tools_vendor:/opt/ros/jazzy/opt/gz_ogre_next_vendor:/opt/ros/jazzy/opt/gz_dartsim_vendor:/opt/ros/jazzy/opt/gz_cmake_vendor:/home/thomas/dev_ws/install/basic_mobile_robot:/opt/ros/jazzy DEBUGINFOD_URLS=https://debuginfod.ubuntu.com LD_LIBRARY_PATH=/home/thomas/MobileRobot/ws_new/install/nav2_costmap_2d/lib:/home/thomas/MobileRobot/ws_new/install/nav2_map_server/lib:/home/thomas/MobileRobot/ws_new/install/nav2_lifecycle_manager/lib:/home/thomas/MobileRobot/ws_new/install/nav2_behavior_tree/lib:/home/thomas/MobileRobot/ws_new/install/nav2_util/lib:/home/thomas/MobileRobot/ws_new/install/visualization_msgs/lib:/home/thomas/MobileRobot/ws_new/install/nav2_msgs/lib:/home/thomas/MobileRobot/ws_new/install/sensor_msgs/lib:/home/thomas/MobileRobot/ws_new/install/nav_msgs/lib:/home/thomas/MobileRobot/ws_new/install/nav2_voxel_grid/lib:/home/thomas/MobileRobot/ws_new/install/geometry_msgs/lib:/home/thomas/MobileRobot/ws_new/install/std_srvs/lib:/home/thomas/MobileRobot/ws_new/install/std_msgs/lib:${LD_LIBRARY_PATH} PYTHONPATH=/home/thomas/MobileRobot/ws_new/install/visualization_msgs/lib/python3.12/site-packages:/home/thomas/MobileRobot/ws_new/install/nav2_msgs/lib/python3.12/site-packages:/home/thomas/MobileRobot/ws_new/install/sensor_msgs/lib/python3.12/site-packages:/home/thomas/MobileRobot/ws_new/install/nav_msgs/lib/python3.12/site-packages:/home/thomas/MobileRobot/ws_new/install/geometry_msgs/lib/python3.12/site-packages:/home/thomas/MobileRobot/ws_new/install/std_srvs/lib/python3.12/site-packages:/home/thomas/MobileRobot/ws_new/install/std_msgs/lib/python3.12/site-packages:/home/thomas/MobileRobot/ws_new/install/nav2_common/lib/python3.12/site-packages:${PYTHONPATH} /usr/bin/cmake /home/thomas/MobileRobot/ws_new/src/navigation2/nav2_smac_planner -DCMAKE_INSTALL_PREFIX=/home/thomas/MobileRobot/ws_new/install/nav2_smac_planner
[0.384s] -- The C compiler identification is GNU 13.3.0
[0.472s] -- The CXX compiler identification is GNU 13.3.0
[0.493s] -- Detecting C compiler ABI info
[0.618s] -- Detecting C compiler ABI info - done
[0.630s] -- Check for working C compiler: /usr/bin/cc - skipped
[0.630s] -- Detecting C compile features
[0.631s] -- Detecting C compile features - done
[0.643s] -- Detecting CXX compiler ABI info
[0.779s] -- Detecting CXX compiler ABI info - done
[0.790s] -- Check for working CXX compiler: /usr/bin/c++ - skipped
[0.790s] -- Detecting CXX compile features
[0.791s] -- Detecting CXX compile features - done
[0.799s] -- Found ament_cmake: 2.5.3 (/opt/ros/jazzy/share/ament_cmake/cmake)
[1.025s] -- Found Python3: /usr/bin/python3 (found version "3.12.3") found components: Interpreter 
[1.209s] -- Found nav2_common: 1.3.6 (/home/thomas/MobileRobot/ws_new/install/nav2_common/share/nav2_common/cmake)
[1.215s] -- Found rclcpp: 28.1.8 (/opt/ros/jazzy/share/rclcpp/cmake)
[1.304s] -- Found rosidl_generator_c: 4.6.5 (/opt/ros/jazzy/share/rosidl_generator_c/cmake)
[1.335s] -- Found rosidl_generator_cpp: 4.6.5 (/opt/ros/jazzy/share/rosidl_generator_cpp/cmake)
[1.367s] -- Using all available rosidl_typesupport_c: rosidl_typesupport_fastrtps_c;rosidl_typesupport_introspection_c
[1.401s] -- Using all available rosidl_typesupport_cpp: rosidl_typesupport_fastrtps_cpp;rosidl_typesupport_introspection_cpp
[1.539s] -- Found rmw_implementation_cmake: 7.3.1 (/opt/ros/jazzy/share/rmw_implementation_cmake/cmake)
[1.547s] -- Found rmw_cyclonedds_cpp: 2.2.3 (/opt/ros/jazzy/share/rmw_cyclonedds_cpp/cmake)
[1.605s] -- Using RMW implementation 'rmw_cyclonedds_cpp' as default
[1.712s] -- Found rclcpp_action: 28.1.6 (/opt/ros/jazzy/share/rclcpp_action/cmake)
[1.784s] -- Found rclcpp_lifecycle: 28.1.6 (/opt/ros/jazzy/share/rclcpp_lifecycle/cmake)
[1.834s] -- Found std_msgs: 5.3.6 (/home/thomas/MobileRobot/ws_new/install/std_msgs/share/std_msgs/cmake)
[1.850s] -- Found visualization_msgs: 5.3.6 (/home/thomas/MobileRobot/ws_new/install/visualization_msgs/share/visualization_msgs/cmake)
[1.945s] -- Found nav2_util: 1.3.6 (/home/thomas/MobileRobot/ws_new/install/nav2_util/share/nav2_util/cmake)
[2.212s] -- Found eigen3_cmake_module: 0.3.0 (/opt/ros/jazzy/share/eigen3_cmake_module/cmake)
[2.214s] -- Found Eigen3: TRUE (found version "3.4.0") 
[2.214s] -- Ensuring Eigen3 include directory is part of orocos-kdl CMake target
[2.350s] -- Found nav2_core: 1.3.6 (/home/thomas/MobileRobot/ws_new/install/nav2_core/share/nav2_core/cmake)
[2.453s] -- Found TinyXML2 via Config file: /usr/lib/x86_64-linux-gnu/cmake/tinyxml2
[2.606s] -- Found ompl: /opt/ros/jazzy/include/ompl-1.6;/usr/include;/usr/include/eigen3;/usr/include/hdf5/openmpi;/usr/lib/x86_64-linux-gnu/openmpi/include;/usr/lib/x86_64-linux-gnu/fortran/gfortran-mod-15/openmpi;/usr/lib/x86_64-linux-gnu/openmpi/include/openmpi  
[2.759s] -- Found ament_lint_auto: 0.17.1 (/opt/ros/jazzy/share/ament_lint_auto/cmake)
[2.996s] -- Found gtest sources under '/opt/ros/jazzy/src/gtest_vendor': C++ tests using 'Google Test' will be built
[2.999s] -- Performing Test CMAKE_HAVE_LIBC_PTHREAD
[3.127s] -- Performing Test CMAKE_HAVE_LIBC_PTHREAD - Success
[3.129s] -- Found Threads: TRUE  
[3.733s] -- Added test 'copyright' to check source files copyright and LICENSE
[3.749s] -- Added test 'cppcheck' to perform static code analysis on C / C++ code
[3.752s] -- Configured cppcheck include dirs: /home/thomas/MobileRobot/ws_new/src/navigation2/nav2_smac_planner/include
[3.752s] -- Configured cppcheck exclude dirs and/or files: include/nav2_smac_planner/thirdparty/robin_hood.h
[3.764s] -- Added test 'cpplint' to check C / C++ code against the Google style
[3.764s] -- Configured cpplint exclude dirs and/or files: include/nav2_smac_planner/thirdparty/robin_hood.h
[3.766s] -- Added test 'flake8' to check Python code syntax and style conventions
[3.766s] -- Configured 'flake8' exclude dirs and/or files: include/nav2_smac_planner/thirdparty/robin_hood.h
[3.770s] -- Added test 'lint_cmake' to check CMake code style
[3.772s] -- Added test 'pep257' to check Python code against some of the docstring style conventions in PEP 257
[3.779s] -- Added test 'uncrustify' to check C / C++ code style
[3.779s] -- Configured uncrustify additional arguments: 
[3.781s] -- Added test 'xmllint' to check XML markup files
[3.786s] -- Configuring done (3.5s)
[5.309s] -- Generating done (1.4s)
[5.382s] -- Build files have been written to: /home/thomas/MobileRobot/ws_new/build/nav2_smac_planner
[5.403s] Invoked command in '/home/thomas/MobileRobot/ws_new/build/nav2_smac_planner' returned '0': AMENT_PREFIX_PATH=/home/thomas/MobileRobot/ws_new/install/nav2_core:/home/thomas/MobileRobot/ws_new/install/nav2_costmap_2d:/home/thomas/MobileRobot/ws_new/install/nav2_map_server:/home/thomas/MobileRobot/ws_new/install/nav2_lifecycle_manager:/home/thomas/MobileRobot/ws_new/install/nav2_behavior_tree:/home/thomas/MobileRobot/ws_new/install/nav2_util:/home/thomas/MobileRobot/ws_new/install/visualization_msgs:/home/thomas/MobileRobot/ws_new/install/nav2_msgs:/home/thomas/MobileRobot/ws_new/install/sensor_msgs:/home/thomas/MobileRobot/ws_new/install/nav_msgs:/home/thomas/MobileRobot/ws_new/install/nav2_voxel_grid:/home/thomas/MobileRobot/ws_new/install/geometry_msgs:/home/thomas/MobileRobot/ws_new/install/std_srvs:/home/thomas/MobileRobot/ws_new/install/std_msgs:/home/thomas/MobileRobot/ws_new/install/nav2_common:${AMENT_PREFIX_PATH} CMAKE_PREFIX_PATH=/home/thomas/MobileRobot/ws_new/install/nav2_core:/home/thomas/MobileRobot/ws_new/install/nav2_costmap_2d:/home/thomas/MobileRobot/ws_new/install/nav2_map_server:/home/thomas/MobileRobot/ws_new/install/nav2_lifecycle_manager:/home/thomas/MobileRobot/ws_new/install/nav2_behavior_tree:/home/thomas/MobileRobot/ws_new/install/nav2_util:/home/thomas/MobileRobot/ws_new/install/visualization_msgs:/home/thomas/MobileRobot/ws_new/install/nav2_msgs:/home/thomas/MobileRobot/ws_new/install/sensor_msgs:/home/thomas/MobileRobot/ws_new/install/nav_msgs:/home/thomas/MobileRobot/ws_new/install/nav2_voxel_grid:/home/thomas/MobileRobot/ws_new/install/geometry_msgs:/home/thomas/MobileRobot/ws_new/install/std_srvs:/home/thomas/MobileRobot/ws_new/install/std_msgs:/home/thomas/MobileRobot/ws_new/install/nav2_common:/opt/ros/jazzy/opt/gz_sim_vendor:/opt/ros/jazzy/opt/gz_sensors_vendor:/opt/ros/jazzy/opt/gz_physics_vendor:/opt/ros/jazzy/opt/sdformat_vendor:/opt/ros/jazzy/opt/gz_gui_vendor:/opt/ros/jazzy/opt/gz_transport_vendor:/opt/ros/jazzy/opt/gz_rendering_vendor:/opt/ros/jazzy/opt/gz_plugin_vendor:/opt/ros/jazzy/opt/gz_fuel_tools_vendor:/opt/ros/jazzy/opt/gz_msgs_vendor:/opt/ros/jazzy/opt/gz_common_vendor:/opt/ros/jazzy/opt/gz_math_vendor:/opt/ros/jazzy/opt/gz_utils_vendor:/opt/ros/jazzy/opt/gz_tools_vendor:/opt/ros/jazzy/opt/gz_ogre_next_vendor:/opt/ros/jazzy/opt/gz_dartsim_vendor:/opt/ros/jazzy/opt/gz_cmake_vendor:/home/thomas/dev_ws/install/basic_mobile_robot:/opt/ros/jazzy DEBUGINFOD_URLS=https://debuginfod.ubuntu.com LD_LIBRARY_PATH=/home/thomas/MobileRobot/ws_new/install/nav2_costmap_2d/lib:/home/thomas/MobileRobot/ws_new/install/nav2_map_server/lib:/home/thomas/MobileRobot/ws_new/install/nav2_lifecycle_manager/lib:/home/thomas/MobileRobot/ws_new/install/nav2_behavior_tree/lib:/home/thomas/MobileRobot/ws_new/install/nav2_util/lib:/home/thomas/MobileRobot/ws_new/install/visualization_msgs/lib:/home/thomas/MobileRobot/ws_new/install/nav2_msgs/lib:/home/thomas/MobileRobot/ws_new/install/sensor_msgs/lib:/home/thomas/MobileRobot/ws_new/install/nav_msgs/lib:/home/thomas/MobileRobot/ws_new/install/nav2_voxel_grid/lib:/home/thomas/MobileRobot/ws_new/install/geometry_msgs/lib:/home/thomas/MobileRobot/ws_new/install/std_srvs/lib:/home/thomas/MobileRobot/ws_new/install/std_msgs/lib:${LD_LIBRARY_PATH} PYTHONPATH=/home/thomas/MobileRobot/ws_new/install/visualization_msgs/lib/python3.12/site-packages:/home/thomas/MobileRobot/ws_new/install/nav2_msgs/lib/python3.12/site-packages:/home/thomas/MobileRobot/ws_new/install/sensor_msgs/lib/python3.12/site-packages:/home/thomas/MobileRobot/ws_new/install/nav_msgs/lib/python3.12/site-packages:/home/thomas/MobileRobot/ws_new/install/geometry_msgs/lib/python3.12/site-packages:/home/thomas/MobileRobot/ws_new/install/std_srvs/lib/python3.12/site-packages:/home/thomas/MobileRobot/ws_new/install/std_msgs/lib/python3.12/site-packages:/home/thomas/MobileRobot/ws_new/install/nav2_common/lib/python3.12/site-packages:${PYTHONPATH} /usr/bin/cmake /home/thomas/MobileRobot/ws_new/src/navigation2/nav2_smac_planner -DCMAKE_INSTALL_PREFIX=/home/thomas/MobileRobot/ws_new/install/nav2_smac_planner
[5.454s] Invoking command in '/home/thomas/MobileRobot/ws_new/build/nav2_smac_planner': AMENT_PREFIX_PATH=/home/thomas/MobileRobot/ws_new/install/nav2_core:/home/thomas/MobileRobot/ws_new/install/nav2_costmap_2d:/home/thomas/MobileRobot/ws_new/install/nav2_map_server:/home/thomas/MobileRobot/ws_new/install/nav2_lifecycle_manager:/home/thomas/MobileRobot/ws_new/install/nav2_behavior_tree:/home/thomas/MobileRobot/ws_new/install/nav2_util:/home/thomas/MobileRobot/ws_new/install/visualization_msgs:/home/thomas/MobileRobot/ws_new/install/nav2_msgs:/home/thomas/MobileRobot/ws_new/install/sensor_msgs:/home/thomas/MobileRobot/ws_new/install/nav_msgs:/home/thomas/MobileRobot/ws_new/install/nav2_voxel_grid:/home/thomas/MobileRobot/ws_new/install/geometry_msgs:/home/thomas/MobileRobot/ws_new/install/std_srvs:/home/thomas/MobileRobot/ws_new/install/std_msgs:/home/thomas/MobileRobot/ws_new/install/nav2_common:${AMENT_PREFIX_PATH} CMAKE_PREFIX_PATH=/home/thomas/MobileRobot/ws_new/install/nav2_core:/home/thomas/MobileRobot/ws_new/install/nav2_costmap_2d:/home/thomas/MobileRobot/ws_new/install/nav2_map_server:/home/thomas/MobileRobot/ws_new/install/nav2_lifecycle_manager:/home/thomas/MobileRobot/ws_new/install/nav2_behavior_tree:/home/thomas/MobileRobot/ws_new/install/nav2_util:/home/thomas/MobileRobot/ws_new/install/visualization_msgs:/home/thomas/MobileRobot/ws_new/install/nav2_msgs:/home/thomas/MobileRobot/ws_new/install/sensor_msgs:/home/thomas/MobileRobot/ws_new/install/nav_msgs:/home/thomas/MobileRobot/ws_new/install/nav2_voxel_grid:/home/thomas/MobileRobot/ws_new/install/geometry_msgs:/home/thomas/MobileRobot/ws_new/install/std_srvs:/home/thomas/MobileRobot/ws_new/install/std_msgs:/home/thomas/MobileRobot/ws_new/install/nav2_common:/opt/ros/jazzy/opt/gz_sim_vendor:/opt/ros/jazzy/opt/gz_sensors_vendor:/opt/ros/jazzy/opt/gz_physics_vendor:/opt/ros/jazzy/opt/sdformat_vendor:/opt/ros/jazzy/opt/gz_gui_vendor:/opt/ros/jazzy/opt/gz_transport_vendor:/opt/ros/jazzy/opt/gz_rendering_vendor:/opt/ros/jazzy/opt/gz_plugin_vendor:/opt/ros/jazzy/opt/gz_fuel_tools_vendor:/opt/ros/jazzy/opt/gz_msgs_vendor:/opt/ros/jazzy/opt/gz_common_vendor:/opt/ros/jazzy/opt/gz_math_vendor:/opt/ros/jazzy/opt/gz_utils_vendor:/opt/ros/jazzy/opt/gz_tools_vendor:/opt/ros/jazzy/opt/gz_ogre_next_vendor:/opt/ros/jazzy/opt/gz_dartsim_vendor:/opt/ros/jazzy/opt/gz_cmake_vendor:/home/thomas/dev_ws/install/basic_mobile_robot:/opt/ros/jazzy DEBUGINFOD_URLS=https://debuginfod.ubuntu.com LD_LIBRARY_PATH=/home/thomas/MobileRobot/ws_new/install/nav2_costmap_2d/lib:/home/thomas/MobileRobot/ws_new/install/nav2_map_server/lib:/home/thomas/MobileRobot/ws_new/install/nav2_lifecycle_manager/lib:/home/thomas/MobileRobot/ws_new/install/nav2_behavior_tree/lib:/home/thomas/MobileRobot/ws_new/install/nav2_util/lib:/home/thomas/MobileRobot/ws_new/install/visualization_msgs/lib:/home/thomas/MobileRobot/ws_new/install/nav2_msgs/lib:/home/thomas/MobileRobot/ws_new/install/sensor_msgs/lib:/home/thomas/MobileRobot/ws_new/install/nav_msgs/lib:/home/thomas/MobileRobot/ws_new/install/nav2_voxel_grid/lib:/home/thomas/MobileRobot/ws_new/install/geometry_msgs/lib:/home/thomas/MobileRobot/ws_new/install/std_srvs/lib:/home/thomas/MobileRobot/ws_new/install/std_msgs/lib:${LD_LIBRARY_PATH} PYTHONPATH=/home/thomas/MobileRobot/ws_new/install/visualization_msgs/lib/python3.12/site-packages:/home/thomas/MobileRobot/ws_new/install/nav2_msgs/lib/python3.12/site-packages:/home/thomas/MobileRobot/ws_new/install/sensor_msgs/lib/python3.12/site-packages:/home/thomas/MobileRobot/ws_new/install/nav_msgs/lib/python3.12/site-packages:/home/thomas/MobileRobot/ws_new/install/geometry_msgs/lib/python3.12/site-packages:/home/thomas/MobileRobot/ws_new/install/std_srvs/lib/python3.12/site-packages:/home/thomas/MobileRobot/ws_new/install/std_msgs/lib/python3.12/site-packages:/home/thomas/MobileRobot/ws_new/install/nav2_common/lib/python3.12/site-packages:${PYTHONPATH} /usr/bin/cmake --build /home/thomas/MobileRobot/ws_new/build/nav2_smac_planner -- -j8 -l8
[5.547s] [  4%] [32mBuilding CXX object CMakeFiles/nav2_smac_planner_lattice.dir/src/smac_planner_lattice.cpp.o[0m
[5.547s] [  4%] [32mBuilding CXX object gtest/CMakeFiles/gtest_main.dir/src/gtest_main.cc.o[0m
[5.548s] [  4%] [32mBuilding CXX object gtest/CMakeFiles/gtest.dir/src/gtest-all.cc.o[0m
[5.548s] [  6%] [32mBuilding CXX object CMakeFiles/nav2_smac_planner_lattice.dir/src/smoother.cpp.o[0m
[5.549s] [  8%] [32mBuilding CXX object CMakeFiles/nav2_smac_planner_lattice.dir/src/a_star.cpp.o[0m
[5.549s] [  9%] [32mBuilding CXX object CMakeFiles/nav2_smac_planner_lattice.dir/src/collision_checker.cpp.o[0m
[5.557s] [ 11%] [32mBuilding CXX object CMakeFiles/nav2_smac_planner_2d.dir/src/smac_planner_2d.cpp.o[0m
[5.565s] [ 13%] [32mBuilding CXX object CMakeFiles/nav2_smac_planner.dir/src/smac_planner_hybrid.cpp.o[0m
[7.111s] [ 14%] [32m[1mLinking CXX static library libgtest_main.a[0m
[7.204s] [ 14%] Built target gtest_main
[7.221s] [ 16%] [32mBuilding CXX object CMakeFiles/nav2_smac_planner_lattice.dir/src/analytic_expansion.cpp.o[0m
[16.614s] [ 18%] [32mBuilding CXX object CMakeFiles/nav2_smac_planner_2d.dir/src/a_star.cpp.o[0m
[21.444s] [ 19%] [32mBuilding CXX object CMakeFiles/nav2_smac_planner_2d.dir/src/smoother.cpp.o[0m
[24.544s] [ 21%] [32m[1mLinking CXX static library libgtest.a[0m
[24.642s] [ 21%] Built target gtest
[24.666s] [ 22%] [32mBuilding CXX object CMakeFiles/nav2_smac_planner_2d.dir/src/collision_checker.cpp.o[0m
[25.279s] [ 24%] [32mBuilding CXX object CMakeFiles/nav2_smac_planner_2d.dir/src/analytic_expansion.cpp.o[0m
[26.375s] [ 26%] [32mBuilding CXX object CMakeFiles/nav2_smac_planner.dir/src/a_star.cpp.o[0m
[30.988s] [ 27%] [32mBuilding CXX object CMakeFiles/nav2_smac_planner.dir/src/collision_checker.cpp.o[0m
[35.627s] [ 29%] [32mBuilding CXX object CMakeFiles/nav2_smac_planner.dir/src/smoother.cpp.o[0m
[35.729s] [ 31%] [32mBuilding CXX object CMakeFiles/nav2_smac_planner_2d.dir/src/node_hybrid.cpp.o[0m
[36.778s] [ 32%] [32mBuilding CXX object CMakeFiles/nav2_smac_planner_lattice.dir/src/node_hybrid.cpp.o[0m
[39.564s] [ 34%] [32mBuilding CXX object CMakeFiles/nav2_smac_planner_2d.dir/src/node_lattice.cpp.o[0m
[43.069s] [ 36%] [32mBuilding CXX object CMakeFiles/nav2_smac_planner_2d.dir/src/costmap_downsampler.cpp.o[0m
[44.593s] [ 37%] [32mBuilding CXX object CMakeFiles/nav2_smac_planner.dir/src/analytic_expansion.cpp.o[0m
[46.014s] [ 39%] [32mBuilding CXX object CMakeFiles/nav2_smac_planner_lattice.dir/src/node_lattice.cpp.o[0m
[49.918s] [ 40%] [32mBuilding CXX object CMakeFiles/nav2_smac_planner_2d.dir/src/node_2d.cpp.o[0m
[52.222s] [ 42%] [32mBuilding CXX object CMakeFiles/nav2_smac_planner_lattice.dir/src/costmap_downsampler.cpp.o[0m
[53.042s] [ 44%] [32mBuilding CXX object CMakeFiles/nav2_smac_planner_2d.dir/src/node_basic.cpp.o[0m
[54.128s] [ 45%] [32mBuilding CXX object CMakeFiles/nav2_smac_planner.dir/src/node_hybrid.cpp.o[0m
[54.365s] [ 47%] [32mBuilding CXX object CMakeFiles/nav2_smac_planner.dir/src/node_lattice.cpp.o[0m
[63.011s] [ 49%] [32mBuilding CXX object CMakeFiles/nav2_smac_planner.dir/src/costmap_downsampler.cpp.o[0m
[63.084s] [ 50%] [32mBuilding CXX object CMakeFiles/nav2_smac_planner.dir/src/node_2d.cpp.o[0m
[64.497s] [ 52%] [32mBuilding CXX object CMakeFiles/nav2_smac_planner.dir/src/node_basic.cpp.o[0m
[64.897s] [ 54%] [32mBuilding CXX object CMakeFiles/nav2_smac_planner_lattice.dir/src/node_2d.cpp.o[0m
[68.133s] [ 55%] [32m[1mLinking CXX shared library libnav2_smac_planner_2d.so[0m
[69.927s] [ 55%] Built target nav2_smac_planner_2d
[69.952s] [ 57%] [32mBuilding CXX object CMakeFiles/nav2_smac_planner_lattice.dir/src/node_basic.cpp.o[0m
[71.746s] [ 59%] [32mBuilding CXX object test/CMakeFiles/test_smac_2d.dir/test_smac_2d.cpp.o[0m
[78.684s] [ 60%] [32m[1mLinking CXX shared library libnav2_smac_planner.so[0m
[79.843s] [ 60%] Built target nav2_smac_planner
[79.900s] [ 62%] [32mBuilding CXX object test/CMakeFiles/test_costmap_downsampler.dir/test_costmap_downsampler.cpp.o[0m
[79.900s] [ 63%] [32mBuilding CXX object test/CMakeFiles/test_nodehybrid.dir/test_nodehybrid.cpp.o[0m
[79.900s] [ 65%] [32mBuilding CXX object test/CMakeFiles/test_node2d.dir/test_node2d.cpp.o[0m
[79.903s] [ 67%] [32mBuilding CXX object test/CMakeFiles/test_collision_checker.dir/test_collision_checker.cpp.o[0m
[79.906s] [ 68%] [32mBuilding CXX object test/CMakeFiles/test_utils.dir/test_utils.cpp.o[0m
[79.910s] [ 70%] [32mBuilding CXX object test/CMakeFiles/test_nodebasic.dir/test_nodebasic.cpp.o[0m
[81.980s] [ 72%] [32m[1mLinking CXX shared library libnav2_smac_planner_lattice.so[0m
[83.888s] [ 72%] Built target nav2_smac_planner_lattice
[83.948s] [ 73%] [32mBuilding CXX object test/CMakeFiles/test_a_star.dir/test_a_star.cpp.o[0m
[91.128s] [ 75%] [32m[1mLinking CXX executable test_smac_2d[0m
[92.499s] [ 77%] [32m[1mLinking CXX executable test_costmap_downsampler[0m
[92.828s] [ 77%] Built target test_smac_2d
[92.893s] [ 78%] [32mBuilding CXX object test/CMakeFiles/test_smac_hybrid.dir/test_smac_hybrid.cpp.o[0m
[93.654s] [ 80%] [32m[1mLinking CXX executable test_collision_checker[0m
[94.409s] [ 80%] Built target test_costmap_downsampler
[94.475s] [ 81%] [32mBuilding CXX object test/CMakeFiles/test_smac_lattice.dir/test_smac_lattice.cpp.o[0m
[95.463s] [ 81%] Built target test_collision_checker
[95.547s] [ 83%] [32mBuilding CXX object test/CMakeFiles/test_smoother.dir/test_smoother.cpp.o[0m
[96.099s] [ 85%] [32m[1mLinking CXX executable test_node2d[0m
[96.300s] [ 86%] [32m[1mLinking CXX executable test_utils[0m
[96.331s] [ 88%] [32m[1mLinking CXX executable test_nodebasic[0m
[97.708s] [ 90%] [32m[1mLinking CXX executable test_nodehybrid[0m
[97.751s] [ 90%] Built target test_nodebasic
[97.822s] [ 91%] [32mBuilding CXX object test/CMakeFiles/test_lattice_node.dir/test_nodelattice.cpp.o[0m
[97.975s] [ 91%] Built target test_node2d
[97.984s] [ 91%] Built target test_utils
[99.237s] [ 91%] Built target test_nodehybrid
[102.096s] [ 93%] [32m[1mLinking CXX executable test_a_star[0m
[103.189s] [ 93%] Built target test_a_star
[108.860s] [ 95%] [32m[1mLinking CXX executable test_smac_lattice[0m
[109.914s] [ 95%] Built target test_smac_lattice
[110.953s] [ 96%] [32m[1mLinking CXX executable test_smac_hybrid[0m
[111.677s] [ 98%] [32m[1mLinking CXX executable test_smoother[0m
[111.928s] [ 98%] Built target test_smac_hybrid
[112.590s] [ 98%] Built target test_smoother
[112.849s] [100%] [32m[1mLinking CXX executable test_lattice_node[0m
[113.582s] [100%] Built target test_lattice_node
[113.602s] Invoked command in '/home/thomas/MobileRobot/ws_new/build/nav2_smac_planner' returned '0': AMENT_PREFIX_PATH=/home/thomas/MobileRobot/ws_new/install/nav2_core:/home/thomas/MobileRobot/ws_new/install/nav2_costmap_2d:/home/thomas/MobileRobot/ws_new/install/nav2_map_server:/home/thomas/MobileRobot/ws_new/install/nav2_lifecycle_manager:/home/thomas/MobileRobot/ws_new/install/nav2_behavior_tree:/home/thomas/MobileRobot/ws_new/install/nav2_util:/home/thomas/MobileRobot/ws_new/install/visualization_msgs:/home/thomas/MobileRobot/ws_new/install/nav2_msgs:/home/thomas/MobileRobot/ws_new/install/sensor_msgs:/home/thomas/MobileRobot/ws_new/install/nav_msgs:/home/thomas/MobileRobot/ws_new/install/nav2_voxel_grid:/home/thomas/MobileRobot/ws_new/install/geometry_msgs:/home/thomas/MobileRobot/ws_new/install/std_srvs:/home/thomas/MobileRobot/ws_new/install/std_msgs:/home/thomas/MobileRobot/ws_new/install/nav2_common:${AMENT_PREFIX_PATH} CMAKE_PREFIX_PATH=/home/thomas/MobileRobot/ws_new/install/nav2_core:/home/thomas/MobileRobot/ws_new/install/nav2_costmap_2d:/home/thomas/MobileRobot/ws_new/install/nav2_map_server:/home/thomas/MobileRobot/ws_new/install/nav2_lifecycle_manager:/home/thomas/MobileRobot/ws_new/install/nav2_behavior_tree:/home/thomas/MobileRobot/ws_new/install/nav2_util:/home/thomas/MobileRobot/ws_new/install/visualization_msgs:/home/thomas/MobileRobot/ws_new/install/nav2_msgs:/home/thomas/MobileRobot/ws_new/install/sensor_msgs:/home/thomas/MobileRobot/ws_new/install/nav_msgs:/home/thomas/MobileRobot/ws_new/install/nav2_voxel_grid:/home/thomas/MobileRobot/ws_new/install/geometry_msgs:/home/thomas/MobileRobot/ws_new/install/std_srvs:/home/thomas/MobileRobot/ws_new/install/std_msgs:/home/thomas/MobileRobot/ws_new/install/nav2_common:/opt/ros/jazzy/opt/gz_sim_vendor:/opt/ros/jazzy/opt/gz_sensors_vendor:/opt/ros/jazzy/opt/gz_physics_vendor:/opt/ros/jazzy/opt/sdformat_vendor:/opt/ros/jazzy/opt/gz_gui_vendor:/opt/ros/jazzy/opt/gz_transport_vendor:/opt/ros/jazzy/opt/gz_rendering_vendor:/opt/ros/jazzy/opt/gz_plugin_vendor:/opt/ros/jazzy/opt/gz_fuel_tools_vendor:/opt/ros/jazzy/opt/gz_msgs_vendor:/opt/ros/jazzy/opt/gz_common_vendor:/opt/ros/jazzy/opt/gz_math_vendor:/opt/ros/jazzy/opt/gz_utils_vendor:/opt/ros/jazzy/opt/gz_tools_vendor:/opt/ros/jazzy/opt/gz_ogre_next_vendor:/opt/ros/jazzy/opt/gz_dartsim_vendor:/opt/ros/jazzy/opt/gz_cmake_vendor:/home/thomas/dev_ws/install/basic_mobile_robot:/opt/ros/jazzy DEBUGINFOD_URLS=https://debuginfod.ubuntu.com LD_LIBRARY_PATH=/home/thomas/MobileRobot/ws_new/install/nav2_costmap_2d/lib:/home/thomas/MobileRobot/ws_new/install/nav2_map_server/lib:/home/thomas/MobileRobot/ws_new/install/nav2_lifecycle_manager/lib:/home/thomas/MobileRobot/ws_new/install/nav2_behavior_tree/lib:/home/thomas/MobileRobot/ws_new/install/nav2_util/lib:/home/thomas/MobileRobot/ws_new/install/visualization_msgs/lib:/home/thomas/MobileRobot/ws_new/install/nav2_msgs/lib:/home/thomas/MobileRobot/ws_new/install/sensor_msgs/lib:/home/thomas/MobileRobot/ws_new/install/nav_msgs/lib:/home/thomas/MobileRobot/ws_new/install/nav2_voxel_grid/lib:/home/thomas/MobileRobot/ws_new/install/geometry_msgs/lib:/home/thomas/MobileRobot/ws_new/install/std_srvs/lib:/home/thomas/MobileRobot/ws_new/install/std_msgs/lib:${LD_LIBRARY_PATH} PYTHONPATH=/home/thomas/MobileRobot/ws_new/install/visualization_msgs/lib/python3.12/site-packages:/home/thomas/MobileRobot/ws_new/install/nav2_msgs/lib/python3.12/site-packages:/home/thomas/MobileRobot/ws_new/install/sensor_msgs/lib/python3.12/site-packages:/home/thomas/MobileRobot/ws_new/install/nav_msgs/lib/python3.12/site-packages:/home/thomas/MobileRobot/ws_new/install/geometry_msgs/lib/python3.12/site-packages:/home/thomas/MobileRobot/ws_new/install/std_srvs/lib/python3.12/site-packages:/home/thomas/MobileRobot/ws_new/install/std_msgs/lib/python3.12/site-packages:/home/thomas/MobileRobot/ws_new/install/nav2_common/lib/python3.12/site-packages:${PYTHONPATH} /usr/bin/cmake --build /home/thomas/MobileRobot/ws_new/build/nav2_smac_planner -- -j8 -l8
[113.635s] Invoking command in '/home/thomas/MobileRobot/ws_new/build/nav2_smac_planner': AMENT_PREFIX_PATH=/home/thomas/MobileRobot/ws_new/install/nav2_core:/home/thomas/MobileRobot/ws_new/install/nav2_costmap_2d:/home/thomas/MobileRobot/ws_new/install/nav2_map_server:/home/thomas/MobileRobot/ws_new/install/nav2_lifecycle_manager:/home/thomas/MobileRobot/ws_new/install/nav2_behavior_tree:/home/thomas/MobileRobot/ws_new/install/nav2_util:/home/thomas/MobileRobot/ws_new/install/visualization_msgs:/home/thomas/MobileRobot/ws_new/install/nav2_msgs:/home/thomas/MobileRobot/ws_new/install/sensor_msgs:/home/thomas/MobileRobot/ws_new/install/nav_msgs:/home/thomas/MobileRobot/ws_new/install/nav2_voxel_grid:/home/thomas/MobileRobot/ws_new/install/geometry_msgs:/home/thomas/MobileRobot/ws_new/install/std_srvs:/home/thomas/MobileRobot/ws_new/install/std_msgs:/home/thomas/MobileRobot/ws_new/install/nav2_common:${AMENT_PREFIX_PATH} CMAKE_PREFIX_PATH=/home/thomas/MobileRobot/ws_new/install/nav2_core:/home/thomas/MobileRobot/ws_new/install/nav2_costmap_2d:/home/thomas/MobileRobot/ws_new/install/nav2_map_server:/home/thomas/MobileRobot/ws_new/install/nav2_lifecycle_manager:/home/thomas/MobileRobot/ws_new/install/nav2_behavior_tree:/home/thomas/MobileRobot/ws_new/install/nav2_util:/home/thomas/MobileRobot/ws_new/install/visualization_msgs:/home/thomas/MobileRobot/ws_new/install/nav2_msgs:/home/thomas/MobileRobot/ws_new/install/sensor_msgs:/home/thomas/MobileRobot/ws_new/install/nav_msgs:/home/thomas/MobileRobot/ws_new/install/nav2_voxel_grid:/home/thomas/MobileRobot/ws_new/install/geometry_msgs:/home/thomas/MobileRobot/ws_new/install/std_srvs:/home/thomas/MobileRobot/ws_new/install/std_msgs:/home/thomas/MobileRobot/ws_new/install/nav2_common:/opt/ros/jazzy/opt/gz_sim_vendor:/opt/ros/jazzy/opt/gz_sensors_vendor:/opt/ros/jazzy/opt/gz_physics_vendor:/opt/ros/jazzy/opt/sdformat_vendor:/opt/ros/jazzy/opt/gz_gui_vendor:/opt/ros/jazzy/opt/gz_transport_vendor:/opt/ros/jazzy/opt/gz_rendering_vendor:/opt/ros/jazzy/opt/gz_plugin_vendor:/opt/ros/jazzy/opt/gz_fuel_tools_vendor:/opt/ros/jazzy/opt/gz_msgs_vendor:/opt/ros/jazzy/opt/gz_common_vendor:/opt/ros/jazzy/opt/gz_math_vendor:/opt/ros/jazzy/opt/gz_utils_vendor:/opt/ros/jazzy/opt/gz_tools_vendor:/opt/ros/jazzy/opt/gz_ogre_next_vendor:/opt/ros/jazzy/opt/gz_dartsim_vendor:/opt/ros/jazzy/opt/gz_cmake_vendor:/home/thomas/dev_ws/install/basic_mobile_robot:/opt/ros/jazzy DEBUGINFOD_URLS=https://debuginfod.ubuntu.com LD_LIBRARY_PATH=/home/thomas/MobileRobot/ws_new/install/nav2_costmap_2d/lib:/home/thomas/MobileRobot/ws_new/install/nav2_map_server/lib:/home/thomas/MobileRobot/ws_new/install/nav2_lifecycle_manager/lib:/home/thomas/MobileRobot/ws_new/install/nav2_behavior_tree/lib:/home/thomas/MobileRobot/ws_new/install/nav2_util/lib:/home/thomas/MobileRobot/ws_new/install/visualization_msgs/lib:/home/thomas/MobileRobot/ws_new/install/nav2_msgs/lib:/home/thomas/MobileRobot/ws_new/install/sensor_msgs/lib:/home/thomas/MobileRobot/ws_new/install/nav_msgs/lib:/home/thomas/MobileRobot/ws_new/install/nav2_voxel_grid/lib:/home/thomas/MobileRobot/ws_new/install/geometry_msgs/lib:/home/thomas/MobileRobot/ws_new/install/std_srvs/lib:/home/thomas/MobileRobot/ws_new/install/std_msgs/lib:${LD_LIBRARY_PATH} PYTHONPATH=/home/thomas/MobileRobot/ws_new/install/visualization_msgs/lib/python3.12/site-packages:/home/thomas/MobileRobot/ws_new/install/nav2_msgs/lib/python3.12/site-packages:/home/thomas/MobileRobot/ws_new/install/sensor_msgs/lib/python3.12/site-packages:/home/thomas/MobileRobot/ws_new/install/nav_msgs/lib/python3.12/site-packages:/home/thomas/MobileRobot/ws_new/install/geometry_msgs/lib/python3.12/site-packages:/home/thomas/MobileRobot/ws_new/install/std_srvs/lib/python3.12/site-packages:/home/thomas/MobileRobot/ws_new/install/std_msgs/lib/python3.12/site-packages:/home/thomas/MobileRobot/ws_new/install/nav2_common/lib/python3.12/site-packages:${PYTHONPATH} /usr/bin/cmake --install /home/thomas/MobileRobot/ws_new/build/nav2_smac_planner
[113.670s] -- Install configuration: "Release"
[113.670s] -- Installing: /home/thomas/MobileRobot/ws_new/install/nav2_smac_planner/share/nav2_smac_planner/smac_plugin_hybrid.xml
[113.681s] -- Installing: /home/thomas/MobileRobot/ws_new/install/nav2_smac_planner/share/nav2_smac_planner/smac_plugin_2d.xml
[113.681s] -- Installing: /home/thomas/MobileRobot/ws_new/install/nav2_smac_planner/share/nav2_smac_planner/smac_plugin_lattice.xml
[113.681s] -- Installing: /home/thomas/MobileRobot/ws_new/install/nav2_smac_planner/lib/libnav2_smac_planner.so
[113.684s] -- Set non-toolchain portion of runtime path of "/home/thomas/MobileRobot/ws_new/install/nav2_smac_planner/lib/libnav2_smac_planner.so" to ""
[113.684s] -- Installing: /home/thomas/MobileRobot/ws_new/install/nav2_smac_planner/lib/libnav2_smac_planner_2d.so
[113.685s] -- Set non-toolchain portion of runtime path of "/home/thomas/MobileRobot/ws_new/install/nav2_smac_planner/lib/libnav2_smac_planner_2d.so" to ""
[113.685s] -- Installing: /home/thomas/MobileRobot/ws_new/install/nav2_smac_planner/lib/libnav2_smac_planner_lattice.so
[113.687s] -- Set non-toolchain portion of runtime path of "/home/thomas/MobileRobot/ws_new/install/nav2_smac_planner/lib/libnav2_smac_planner_lattice.so" to ""
[113.687s] -- Installing: /home/thomas/MobileRobot/ws_new/install/nav2_smac_planner/include/
[113.688s] -- Installing: /home/thomas/MobileRobot/ws_new/install/nav2_smac_planner/include//nav2_smac_planner
[113.688s] -- Installing: /home/thomas/MobileRobot/ws_new/install/nav2_smac_planner/include//nav2_smac_planner/smac_planner_lattice.hpp
[113.688s] -- Installing: /home/thomas/MobileRobot/ws_new/install/nav2_smac_planner/include//nav2_smac_planner/types.hpp
[113.688s] -- Installing: /home/thomas/MobileRobot/ws_new/install/nav2_smac_planner/include//nav2_smac_planner/utils.hpp
[113.688s] -- Installing: /home/thomas/MobileRobot/ws_new/install/nav2_smac_planner/include//nav2_smac_planner/analytic_expansion.hpp
[113.688s] -- Installing: /home/thomas/MobileRobot/ws_new/install/nav2_smac_planner/include//nav2_smac_planner/node_lattice.hpp
[113.688s] -- Installing: /home/thomas/MobileRobot/ws_new/install/nav2_smac_planner/include//nav2_smac_planner/node_basic.hpp
[113.689s] -- Installing: /home/thomas/MobileRobot/ws_new/install/nav2_smac_planner/include//nav2_smac_planner/constants.hpp
[113.689s] -- Installing: /home/thomas/MobileRobot/ws_new/install/nav2_smac_planner/include//nav2_smac_planner/a_star.hpp
[113.689s] -- Installing: /home/thomas/MobileRobot/ws_new/install/nav2_smac_planner/include//nav2_smac_planner/node_hybrid.hpp
[113.689s] -- Installing: /home/thomas/MobileRobot/ws_new/install/nav2_smac_planner/include//nav2_smac_planner/smac_planner_hybrid.hpp
[113.689s] -- Installing: /home/thomas/MobileRobot/ws_new/install/nav2_smac_planner/include//nav2_smac_planner/thirdparty
[113.689s] -- Installing: /home/thomas/MobileRobot/ws_new/install/nav2_smac_planner/include//nav2_smac_planner/thirdparty/robin_hood.h
[113.689s] -- Installing: /home/thomas/MobileRobot/ws_new/install/nav2_smac_planner/include//nav2_smac_planner/smoother.hpp
[113.690s] -- Installing: /home/thomas/MobileRobot/ws_new/install/nav2_smac_planner/include//nav2_smac_planner/collision_checker.hpp
[113.690s] -- Installing: /home/thomas/MobileRobot/ws_new/install/nav2_smac_planner/include//nav2_smac_planner/smac_planner_2d.hpp
[113.690s] -- Installing: /home/thomas/MobileRobot/ws_new/install/nav2_smac_planner/include//nav2_smac_planner/costmap_downsampler.hpp
[113.690s] -- Installing: /home/thomas/MobileRobot/ws_new/install/nav2_smac_planner/include//nav2_smac_planner/node_2d.hpp
[113.690s] -- Installing: /home/thomas/MobileRobot/ws_new/install/nav2_smac_planner/share/nav2_smac_planner/sample_primitives
[113.690s] -- Installing: /home/thomas/MobileRobot/ws_new/install/nav2_smac_planner/share/nav2_smac_planner/sample_primitives/5cm_resolution
[113.690s] -- Installing: /home/thomas/MobileRobot/ws_new/install/nav2_smac_planner/share/nav2_smac_planner/sample_primitives/5cm_resolution/1m_turning_radius
[113.691s] -- Installing: /home/thomas/MobileRobot/ws_new/install/nav2_smac_planner/share/nav2_smac_planner/sample_primitives/5cm_resolution/1m_turning_radius/diff
[113.691s] -- Installing: /home/thomas/MobileRobot/ws_new/install/nav2_smac_planner/share/nav2_smac_planner/sample_primitives/5cm_resolution/1m_turning_radius/diff/output.json
[113.706s] -- Installing: /home/thomas/MobileRobot/ws_new/install/nav2_smac_planner/share/nav2_smac_planner/sample_primitives/5cm_resolution/1m_turning_radius/ackermann
[113.706s] -- Installing: /home/thomas/MobileRobot/ws_new/install/nav2_smac_planner/share/nav2_smac_planner/sample_primitives/5cm_resolution/1m_turning_radius/ackermann/output.json
[113.723s] -- Installing: /home/thomas/MobileRobot/ws_new/install/nav2_smac_planner/share/nav2_smac_planner/sample_primitives/5cm_resolution/1m_turning_radius/all_trajectories.png
[113.723s] -- Installing: /home/thomas/MobileRobot/ws_new/install/nav2_smac_planner/share/nav2_smac_planner/sample_primitives/5cm_resolution/1m_turning_radius/omni
[113.723s] -- Installing: /home/thomas/MobileRobot/ws_new/install/nav2_smac_planner/share/nav2_smac_planner/sample_primitives/5cm_resolution/1m_turning_radius/omni/output.json
[113.724s] -- Installing: /home/thomas/MobileRobot/ws_new/install/nav2_smac_planner/share/nav2_smac_planner/sample_primitives/5cm_resolution/0.5m_turning_radius
[113.724s] -- Installing: /home/thomas/MobileRobot/ws_new/install/nav2_smac_planner/share/nav2_smac_planner/sample_primitives/5cm_resolution/0.5m_turning_radius/diff
[113.724s] -- Installing: /home/thomas/MobileRobot/ws_new/install/nav2_smac_planner/share/nav2_smac_planner/sample_primitives/5cm_resolution/0.5m_turning_radius/diff/output.json
[113.740s] -- Installing: /home/thomas/MobileRobot/ws_new/install/nav2_smac_planner/share/nav2_smac_planner/sample_primitives/5cm_resolution/0.5m_turning_radius/ackermann
[113.741s] -- Installing: /home/thomas/MobileRobot/ws_new/install/nav2_smac_planner/share/nav2_smac_planner/sample_primitives/5cm_resolution/0.5m_turning_radius/ackermann/output.json
[113.741s] -- Installing: /home/thomas/MobileRobot/ws_new/install/nav2_smac_planner/share/nav2_smac_planner/sample_primitives/5cm_resolution/0.5m_turning_radius/all_trajectories.png
[113.742s] -- Installing: /home/thomas/MobileRobot/ws_new/install/nav2_smac_planner/share/nav2_smac_planner/sample_primitives/5cm_resolution/0.5m_turning_radius/omni
[113.742s] -- Installing: /home/thomas/MobileRobot/ws_new/install/nav2_smac_planner/share/nav2_smac_planner/sample_primitives/5cm_resolution/0.5m_turning_radius/omni/output.json
[113.743s] -- Installing: /home/thomas/MobileRobot/ws_new/install/nav2_smac_planner/share/nav2_smac_planner/environment/library_path.sh
[113.743s] -- Installing: /home/thomas/MobileRobot/ws_new/install/nav2_smac_planner/share/nav2_smac_planner/environment/library_path.dsv
[113.744s] -- Installing: /home/thomas/MobileRobot/ws_new/install/nav2_smac_planner/share/ament_index/resource_index/package_run_dependencies/nav2_smac_planner
[113.745s] -- Installing: /home/thomas/MobileRobot/ws_new/install/nav2_smac_planner/share/ament_index/resource_index/parent_prefix_path/nav2_smac_planner
[113.745s] -- Installing: /home/thomas/MobileRobot/ws_new/install/nav2_smac_planner/share/nav2_smac_planner/environment/ament_prefix_path.sh
[113.746s] -- Installing: /home/thomas/MobileRobot/ws_new/install/nav2_smac_planner/share/nav2_smac_planner/environment/ament_prefix_path.dsv
[113.746s] -- Installing: /home/thomas/MobileRobot/ws_new/install/nav2_smac_planner/share/nav2_smac_planner/environment/path.sh
[113.746s] -- Installing: /home/thomas/MobileRobot/ws_new/install/nav2_smac_planner/share/nav2_smac_planner/environment/path.dsv
[113.747s] -- Installing: /home/thomas/MobileRobot/ws_new/install/nav2_smac_planner/share/nav2_smac_planner/local_setup.bash
[113.747s] -- Installing: /home/thomas/MobileRobot/ws_new/install/nav2_smac_planner/share/nav2_smac_planner/local_setup.sh
[113.748s] -- Installing: /home/thomas/MobileRobot/ws_new/install/nav2_smac_planner/share/nav2_smac_planner/local_setup.zsh
[113.748s] -- Installing: /home/thomas/MobileRobot/ws_new/install/nav2_smac_planner/share/nav2_smac_planner/local_setup.dsv
[113.748s] -- Installing: /home/thomas/MobileRobot/ws_new/install/nav2_smac_planner/share/nav2_smac_planner/package.dsv
[113.749s] -- Installing: /home/thomas/MobileRobot/ws_new/install/nav2_smac_planner/share/ament_index/resource_index/packages/nav2_smac_planner
[113.750s] -- Installing: /home/thomas/MobileRobot/ws_new/install/nav2_smac_planner/share/ament_index/resource_index/nav2_core__pluginlib__plugin/nav2_smac_planner
[113.750s] -- Installing: /home/thomas/MobileRobot/ws_new/install/nav2_smac_planner/share/nav2_smac_planner/cmake/ament_cmake_export_include_directories-extras.cmake
[113.751s] -- Installing: /home/thomas/MobileRobot/ws_new/install/nav2_smac_planner/share/nav2_smac_planner/cmake/ament_cmake_export_libraries-extras.cmake
[113.751s] -- Installing: /home/thomas/MobileRobot/ws_new/install/nav2_smac_planner/share/nav2_smac_planner/cmake/ament_cmake_export_dependencies-extras.cmake
[113.752s] -- Installing: /home/thomas/MobileRobot/ws_new/install/nav2_smac_planner/share/nav2_smac_planner/cmake/nav2_smac_plannerConfig.cmake
[113.752s] -- Installing: /home/thomas/MobileRobot/ws_new/install/nav2_smac_planner/share/nav2_smac_planner/cmake/nav2_smac_plannerConfig-version.cmake
[113.752s] -- Installing: /home/thomas/MobileRobot/ws_new/install/nav2_smac_planner/share/nav2_smac_planner/package.xml
[113.758s] Invoked command in '/home/thomas/MobileRobot/ws_new/build/nav2_smac_planner' returned '0': AMENT_PREFIX_PATH=/home/thomas/MobileRobot/ws_new/install/nav2_core:/home/thomas/MobileRobot/ws_new/install/nav2_costmap_2d:/home/thomas/MobileRobot/ws_new/install/nav2_map_server:/home/thomas/MobileRobot/ws_new/install/nav2_lifecycle_manager:/home/thomas/MobileRobot/ws_new/install/nav2_behavior_tree:/home/thomas/MobileRobot/ws_new/install/nav2_util:/home/thomas/MobileRobot/ws_new/install/visualization_msgs:/home/thomas/MobileRobot/ws_new/install/nav2_msgs:/home/thomas/MobileRobot/ws_new/install/sensor_msgs:/home/thomas/MobileRobot/ws_new/install/nav_msgs:/home/thomas/MobileRobot/ws_new/install/nav2_voxel_grid:/home/thomas/MobileRobot/ws_new/install/geometry_msgs:/home/thomas/MobileRobot/ws_new/install/std_srvs:/home/thomas/MobileRobot/ws_new/install/std_msgs:/home/thomas/MobileRobot/ws_new/install/nav2_common:${AMENT_PREFIX_PATH} CMAKE_PREFIX_PATH=/home/thomas/MobileRobot/ws_new/install/nav2_core:/home/thomas/MobileRobot/ws_new/install/nav2_costmap_2d:/home/thomas/MobileRobot/ws_new/install/nav2_map_server:/home/thomas/MobileRobot/ws_new/install/nav2_lifecycle_manager:/home/thomas/MobileRobot/ws_new/install/nav2_behavior_tree:/home/thomas/MobileRobot/ws_new/install/nav2_util:/home/thomas/MobileRobot/ws_new/install/visualization_msgs:/home/thomas/MobileRobot/ws_new/install/nav2_msgs:/home/thomas/MobileRobot/ws_new/install/sensor_msgs:/home/thomas/MobileRobot/ws_new/install/nav_msgs:/home/thomas/MobileRobot/ws_new/install/nav2_voxel_grid:/home/thomas/MobileRobot/ws_new/install/geometry_msgs:/home/thomas/MobileRobot/ws_new/install/std_srvs:/home/thomas/MobileRobot/ws_new/install/std_msgs:/home/thomas/MobileRobot/ws_new/install/nav2_common:/opt/ros/jazzy/opt/gz_sim_vendor:/opt/ros/jazzy/opt/gz_sensors_vendor:/opt/ros/jazzy/opt/gz_physics_vendor:/opt/ros/jazzy/opt/sdformat_vendor:/opt/ros/jazzy/opt/gz_gui_vendor:/opt/ros/jazzy/opt/gz_transport_vendor:/opt/ros/jazzy/opt/gz_rendering_vendor:/opt/ros/jazzy/opt/gz_plugin_vendor:/opt/ros/jazzy/opt/gz_fuel_tools_vendor:/opt/ros/jazzy/opt/gz_msgs_vendor:/opt/ros/jazzy/opt/gz_common_vendor:/opt/ros/jazzy/opt/gz_math_vendor:/opt/ros/jazzy/opt/gz_utils_vendor:/opt/ros/jazzy/opt/gz_tools_vendor:/opt/ros/jazzy/opt/gz_ogre_next_vendor:/opt/ros/jazzy/opt/gz_dartsim_vendor:/opt/ros/jazzy/opt/gz_cmake_vendor:/home/thomas/dev_ws/install/basic_mobile_robot:/opt/ros/jazzy DEBUGINFOD_URLS=https://debuginfod.ubuntu.com LD_LIBRARY_PATH=/home/thomas/MobileRobot/ws_new/install/nav2_costmap_2d/lib:/home/thomas/MobileRobot/ws_new/install/nav2_map_server/lib:/home/thomas/MobileRobot/ws_new/install/nav2_lifecycle_manager/lib:/home/thomas/MobileRobot/ws_new/install/nav2_behavior_tree/lib:/home/thomas/MobileRobot/ws_new/install/nav2_util/lib:/home/thomas/MobileRobot/ws_new/install/visualization_msgs/lib:/home/thomas/MobileRobot/ws_new/install/nav2_msgs/lib:/home/thomas/MobileRobot/ws_new/install/sensor_msgs/lib:/home/thomas/MobileRobot/ws_new/install/nav_msgs/lib:/home/thomas/MobileRobot/ws_new/install/nav2_voxel_grid/lib:/home/thomas/MobileRobot/ws_new/install/geometry_msgs/lib:/home/thomas/MobileRobot/ws_new/install/std_srvs/lib:/home/thomas/MobileRobot/ws_new/install/std_msgs/lib:${LD_LIBRARY_PATH} PYTHONPATH=/home/thomas/MobileRobot/ws_new/install/visualization_msgs/lib/python3.12/site-packages:/home/thomas/MobileRobot/ws_new/install/nav2_msgs/lib/python3.12/site-packages:/home/thomas/MobileRobot/ws_new/install/sensor_msgs/lib/python3.12/site-packages:/home/thomas/MobileRobot/ws_new/install/nav_msgs/lib/python3.12/site-packages:/home/thomas/MobileRobot/ws_new/install/geometry_msgs/lib/python3.12/site-packages:/home/thomas/MobileRobot/ws_new/install/std_srvs/lib/python3.12/site-packages:/home/thomas/MobileRobot/ws_new/install/std_msgs/lib/python3.12/site-packages:/home/thomas/MobileRobot/ws_new/install/nav2_common/lib/python3.12/site-packages:${PYTHONPATH} /usr/bin/cmake --install /home/thomas/MobileRobot/ws_new/build/nav2_smac_planner
