[0.283s] Invoking command in '/home/thomas/MobileRobot/ws_new/build/nav2_amcl': AMENT_PREFIX_PATH=/home/thomas/MobileRobot/ws_new/install/nav2_util:/home/thomas/MobileRobot/ws_new/install/nav2_msgs:/home/thomas/MobileRobot/ws_new/install/sensor_msgs:/home/thomas/MobileRobot/ws_new/install/nav_msgs:/home/thomas/MobileRobot/ws_new/install/geometry_msgs:/home/thomas/MobileRobot/ws_new/install/std_srvs:/home/thomas/MobileRobot/ws_new/install/std_msgs:/home/thomas/MobileRobot/ws_new/install/nav2_common:${AMENT_PREFIX_PATH} CMAKE_PREFIX_PATH=/home/thomas/MobileRobot/ws_new/install/nav2_util:/home/thomas/MobileRobot/ws_new/install/nav2_msgs:/home/thomas/MobileRobot/ws_new/install/sensor_msgs:/home/thomas/MobileRobot/ws_new/install/nav_msgs:/home/thomas/MobileRobot/ws_new/install/geometry_msgs:/home/thomas/MobileRobot/ws_new/install/std_srvs:/home/thomas/MobileRobot/ws_new/install/std_msgs:/home/thomas/MobileRobot/ws_new/install/nav2_common:/opt/ros/jazzy/opt/gz_sim_vendor:/opt/ros/jazzy/opt/gz_sensors_vendor:/opt/ros/jazzy/opt/gz_physics_vendor:/opt/ros/jazzy/opt/sdformat_vendor:/opt/ros/jazzy/opt/gz_gui_vendor:/opt/ros/jazzy/opt/gz_transport_vendor:/opt/ros/jazzy/opt/gz_rendering_vendor:/opt/ros/jazzy/opt/gz_plugin_vendor:/opt/ros/jazzy/opt/gz_fuel_tools_vendor:/opt/ros/jazzy/opt/gz_msgs_vendor:/opt/ros/jazzy/opt/gz_common_vendor:/opt/ros/jazzy/opt/gz_math_vendor:/opt/ros/jazzy/opt/gz_utils_vendor:/opt/ros/jazzy/opt/gz_tools_vendor:/opt/ros/jazzy/opt/gz_ogre_next_vendor:/opt/ros/jazzy/opt/gz_dartsim_vendor:/opt/ros/jazzy/opt/gz_cmake_vendor:/home/thomas/dev_ws/install/basic_mobile_robot:/opt/ros/jazzy DEBUGINFOD_URLS=https://debuginfod.ubuntu.com LD_LIBRARY_PATH=/home/thomas/MobileRobot/ws_new/install/nav2_util/lib:/home/thomas/MobileRobot/ws_new/install/nav2_msgs/lib:/home/thomas/MobileRobot/ws_new/install/sensor_msgs/lib:/home/thomas/MobileRobot/ws_new/install/nav_msgs/lib:/home/thomas/MobileRobot/ws_new/install/geometry_msgs/lib:/home/thomas/MobileRobot/ws_new/install/std_srvs/lib:/home/thomas/MobileRobot/ws_new/install/std_msgs/lib:${LD_LIBRARY_PATH} PYTHONPATH=/home/thomas/MobileRobot/ws_new/install/nav2_msgs/lib/python3.12/site-packages:/home/thomas/MobileRobot/ws_new/install/sensor_msgs/lib/python3.12/site-packages:/home/thomas/MobileRobot/ws_new/install/nav_msgs/lib/python3.12/site-packages:/home/thomas/MobileRobot/ws_new/install/geometry_msgs/lib/python3.12/site-packages:/home/thomas/MobileRobot/ws_new/install/std_srvs/lib/python3.12/site-packages:/home/thomas/MobileRobot/ws_new/install/std_msgs/lib/python3.12/site-packages:/home/thomas/MobileRobot/ws_new/install/nav2_common/lib/python3.12/site-packages:${PYTHONPATH} /usr/bin/cmake --build /home/thomas/MobileRobot/ws_new/build/nav2_amcl -- -j8 -l8
[0.917s] [ 20%] Built target map_lib
[0.989s] [ 50%] Built target pf_lib
[1.205s] [ 70%] Built target sensors_lib
[1.416s] [ 83%] Built target motions_lib
[1.424s] [ 91%] Built target amcl_core
[1.972s] [100%] Built target amcl
[2.536s] Invoked command in '/home/thomas/MobileRobot/ws_new/build/nav2_amcl' returned '0': AMENT_PREFIX_PATH=/home/thomas/MobileRobot/ws_new/install/nav2_util:/home/thomas/MobileRobot/ws_new/install/nav2_msgs:/home/thomas/MobileRobot/ws_new/install/sensor_msgs:/home/thomas/MobileRobot/ws_new/install/nav_msgs:/home/thomas/MobileRobot/ws_new/install/geometry_msgs:/home/thomas/MobileRobot/ws_new/install/std_srvs:/home/thomas/MobileRobot/ws_new/install/std_msgs:/home/thomas/MobileRobot/ws_new/install/nav2_common:${AMENT_PREFIX_PATH} CMAKE_PREFIX_PATH=/home/thomas/MobileRobot/ws_new/install/nav2_util:/home/thomas/MobileRobot/ws_new/install/nav2_msgs:/home/thomas/MobileRobot/ws_new/install/sensor_msgs:/home/thomas/MobileRobot/ws_new/install/nav_msgs:/home/thomas/MobileRobot/ws_new/install/geometry_msgs:/home/thomas/MobileRobot/ws_new/install/std_srvs:/home/thomas/MobileRobot/ws_new/install/std_msgs:/home/thomas/MobileRobot/ws_new/install/nav2_common:/opt/ros/jazzy/opt/gz_sim_vendor:/opt/ros/jazzy/opt/gz_sensors_vendor:/opt/ros/jazzy/opt/gz_physics_vendor:/opt/ros/jazzy/opt/sdformat_vendor:/opt/ros/jazzy/opt/gz_gui_vendor:/opt/ros/jazzy/opt/gz_transport_vendor:/opt/ros/jazzy/opt/gz_rendering_vendor:/opt/ros/jazzy/opt/gz_plugin_vendor:/opt/ros/jazzy/opt/gz_fuel_tools_vendor:/opt/ros/jazzy/opt/gz_msgs_vendor:/opt/ros/jazzy/opt/gz_common_vendor:/opt/ros/jazzy/opt/gz_math_vendor:/opt/ros/jazzy/opt/gz_utils_vendor:/opt/ros/jazzy/opt/gz_tools_vendor:/opt/ros/jazzy/opt/gz_ogre_next_vendor:/opt/ros/jazzy/opt/gz_dartsim_vendor:/opt/ros/jazzy/opt/gz_cmake_vendor:/home/thomas/dev_ws/install/basic_mobile_robot:/opt/ros/jazzy DEBUGINFOD_URLS=https://debuginfod.ubuntu.com LD_LIBRARY_PATH=/home/thomas/MobileRobot/ws_new/install/nav2_util/lib:/home/thomas/MobileRobot/ws_new/install/nav2_msgs/lib:/home/thomas/MobileRobot/ws_new/install/sensor_msgs/lib:/home/thomas/MobileRobot/ws_new/install/nav_msgs/lib:/home/thomas/MobileRobot/ws_new/install/geometry_msgs/lib:/home/thomas/MobileRobot/ws_new/install/std_srvs/lib:/home/thomas/MobileRobot/ws_new/install/std_msgs/lib:${LD_LIBRARY_PATH} PYTHONPATH=/home/thomas/MobileRobot/ws_new/install/nav2_msgs/lib/python3.12/site-packages:/home/thomas/MobileRobot/ws_new/install/sensor_msgs/lib/python3.12/site-packages:/home/thomas/MobileRobot/ws_new/install/nav_msgs/lib/python3.12/site-packages:/home/thomas/MobileRobot/ws_new/install/geometry_msgs/lib/python3.12/site-packages:/home/thomas/MobileRobot/ws_new/install/std_srvs/lib/python3.12/site-packages:/home/thomas/MobileRobot/ws_new/install/std_msgs/lib/python3.12/site-packages:/home/thomas/MobileRobot/ws_new/install/nav2_common/lib/python3.12/site-packages:${PYTHONPATH} /usr/bin/cmake --build /home/thomas/MobileRobot/ws_new/build/nav2_amcl -- -j8 -l8
[2.633s] Invoking command in '/home/thomas/MobileRobot/ws_new/build/nav2_amcl': AMENT_PREFIX_PATH=/home/thomas/MobileRobot/ws_new/install/nav2_util:/home/thomas/MobileRobot/ws_new/install/nav2_msgs:/home/thomas/MobileRobot/ws_new/install/sensor_msgs:/home/thomas/MobileRobot/ws_new/install/nav_msgs:/home/thomas/MobileRobot/ws_new/install/geometry_msgs:/home/thomas/MobileRobot/ws_new/install/std_srvs:/home/thomas/MobileRobot/ws_new/install/std_msgs:/home/thomas/MobileRobot/ws_new/install/nav2_common:${AMENT_PREFIX_PATH} CMAKE_PREFIX_PATH=/home/thomas/MobileRobot/ws_new/install/nav2_util:/home/thomas/MobileRobot/ws_new/install/nav2_msgs:/home/thomas/MobileRobot/ws_new/install/sensor_msgs:/home/thomas/MobileRobot/ws_new/install/nav_msgs:/home/thomas/MobileRobot/ws_new/install/geometry_msgs:/home/thomas/MobileRobot/ws_new/install/std_srvs:/home/thomas/MobileRobot/ws_new/install/std_msgs:/home/thomas/MobileRobot/ws_new/install/nav2_common:/opt/ros/jazzy/opt/gz_sim_vendor:/opt/ros/jazzy/opt/gz_sensors_vendor:/opt/ros/jazzy/opt/gz_physics_vendor:/opt/ros/jazzy/opt/sdformat_vendor:/opt/ros/jazzy/opt/gz_gui_vendor:/opt/ros/jazzy/opt/gz_transport_vendor:/opt/ros/jazzy/opt/gz_rendering_vendor:/opt/ros/jazzy/opt/gz_plugin_vendor:/opt/ros/jazzy/opt/gz_fuel_tools_vendor:/opt/ros/jazzy/opt/gz_msgs_vendor:/opt/ros/jazzy/opt/gz_common_vendor:/opt/ros/jazzy/opt/gz_math_vendor:/opt/ros/jazzy/opt/gz_utils_vendor:/opt/ros/jazzy/opt/gz_tools_vendor:/opt/ros/jazzy/opt/gz_ogre_next_vendor:/opt/ros/jazzy/opt/gz_dartsim_vendor:/opt/ros/jazzy/opt/gz_cmake_vendor:/home/thomas/dev_ws/install/basic_mobile_robot:/opt/ros/jazzy DEBUGINFOD_URLS=https://debuginfod.ubuntu.com LD_LIBRARY_PATH=/home/thomas/MobileRobot/ws_new/install/nav2_util/lib:/home/thomas/MobileRobot/ws_new/install/nav2_msgs/lib:/home/thomas/MobileRobot/ws_new/install/sensor_msgs/lib:/home/thomas/MobileRobot/ws_new/install/nav_msgs/lib:/home/thomas/MobileRobot/ws_new/install/geometry_msgs/lib:/home/thomas/MobileRobot/ws_new/install/std_srvs/lib:/home/thomas/MobileRobot/ws_new/install/std_msgs/lib:${LD_LIBRARY_PATH} PYTHONPATH=/home/thomas/MobileRobot/ws_new/install/nav2_msgs/lib/python3.12/site-packages:/home/thomas/MobileRobot/ws_new/install/sensor_msgs/lib/python3.12/site-packages:/home/thomas/MobileRobot/ws_new/install/nav_msgs/lib/python3.12/site-packages:/home/thomas/MobileRobot/ws_new/install/geometry_msgs/lib/python3.12/site-packages:/home/thomas/MobileRobot/ws_new/install/std_srvs/lib/python3.12/site-packages:/home/thomas/MobileRobot/ws_new/install/std_msgs/lib/python3.12/site-packages:/home/thomas/MobileRobot/ws_new/install/nav2_common/lib/python3.12/site-packages:${PYTHONPATH} /usr/bin/cmake --install /home/thomas/MobileRobot/ws_new/build/nav2_amcl
[2.686s] -- Install configuration: "Release"
[2.892s] -- Up-to-date: /home/thomas/MobileRobot/ws_new/install/nav2_amcl/lib/libamcl_core.so
[3.208s] -- Up-to-date: /home/thomas/MobileRobot/ws_new/install/nav2_amcl/lib/nav2_amcl/amcl
[3.208s] -- Up-to-date: /home/thomas/MobileRobot/ws_new/install/nav2_amcl/include/
[3.212s] -- Up-to-date: /home/thomas/MobileRobot/ws_new/install/nav2_amcl/include//nav2_amcl
[3.212s] -- Up-to-date: /home/thomas/MobileRobot/ws_new/install/nav2_amcl/include//nav2_amcl/sensors
[3.216s] -- Up-to-date: /home/thomas/MobileRobot/ws_new/install/nav2_amcl/include//nav2_amcl/sensors/laser
[3.230s] -- Up-to-date: /home/thomas/MobileRobot/ws_new/install/nav2_amcl/include//nav2_amcl/sensors/laser/laser.hpp
[3.230s] -- Up-to-date: /home/thomas/MobileRobot/ws_new/install/nav2_amcl/include//nav2_amcl/angleutils.hpp
[3.230s] -- Up-to-date: /home/thomas/MobileRobot/ws_new/install/nav2_amcl/include//nav2_amcl/motion_model
[3.232s] -- Up-to-date: /home/thomas/MobileRobot/ws_new/install/nav2_amcl/include//nav2_amcl/motion_model/motion_model.hpp
[3.232s] -- Up-to-date: /home/thomas/MobileRobot/ws_new/install/nav2_amcl/include//nav2_amcl/motion_model/omni_motion_model.hpp
[3.232s] -- Up-to-date: /home/thomas/MobileRobot/ws_new/install/nav2_amcl/include//nav2_amcl/motion_model/differential_motion_model.hpp
[3.232s] -- Up-to-date: /home/thomas/MobileRobot/ws_new/install/nav2_amcl/include//nav2_amcl/map
[3.242s] -- Up-to-date: /home/thomas/MobileRobot/ws_new/install/nav2_amcl/include//nav2_amcl/map/map.hpp
[3.242s] -- Up-to-date: /home/thomas/MobileRobot/ws_new/install/nav2_amcl/include//nav2_amcl/amcl_node.hpp
[3.242s] -- Up-to-date: /home/thomas/MobileRobot/ws_new/install/nav2_amcl/include//nav2_amcl/pf
[3.247s] -- Up-to-date: /home/thomas/MobileRobot/ws_new/install/nav2_amcl/include//nav2_amcl/pf/pf_kdtree.hpp
[3.247s] -- Up-to-date: /home/thomas/MobileRobot/ws_new/install/nav2_amcl/include//nav2_amcl/pf/pf_pdf.hpp
[3.247s] -- Up-to-date: /home/thomas/MobileRobot/ws_new/install/nav2_amcl/include//nav2_amcl/pf/eig3.hpp
[3.247s] -- Up-to-date: /home/thomas/MobileRobot/ws_new/install/nav2_amcl/include//nav2_amcl/pf/pf_vector.hpp
[3.247s] -- Up-to-date: /home/thomas/MobileRobot/ws_new/install/nav2_amcl/include//nav2_amcl/pf/pf.hpp
[3.248s] -- Up-to-date: /home/thomas/MobileRobot/ws_new/install/nav2_amcl/include//nav2_amcl/portable_utils.hpp
[3.248s] -- Up-to-date: /home/thomas/MobileRobot/ws_new/install/nav2_amcl/share/nav2_amcl/environment/library_path.sh
[3.248s] -- Up-to-date: /home/thomas/MobileRobot/ws_new/install/nav2_amcl/share/nav2_amcl/environment/library_path.dsv
[3.248s] -- Up-to-date: /home/thomas/MobileRobot/ws_new/install/nav2_amcl/share/nav2_amcl/plugins.xml
[3.248s] -- Up-to-date: /home/thomas/MobileRobot/ws_new/install/nav2_amcl/share/ament_index/resource_index/package_run_dependencies/nav2_amcl
[3.248s] -- Up-to-date: /home/thomas/MobileRobot/ws_new/install/nav2_amcl/share/ament_index/resource_index/parent_prefix_path/nav2_amcl
[3.249s] -- Up-to-date: /home/thomas/MobileRobot/ws_new/install/nav2_amcl/share/nav2_amcl/environment/ament_prefix_path.sh
[3.249s] -- Up-to-date: /home/thomas/MobileRobot/ws_new/install/nav2_amcl/share/nav2_amcl/environment/ament_prefix_path.dsv
[3.249s] -- Up-to-date: /home/thomas/MobileRobot/ws_new/install/nav2_amcl/share/nav2_amcl/environment/path.sh
[3.249s] -- Up-to-date: /home/thomas/MobileRobot/ws_new/install/nav2_amcl/share/nav2_amcl/environment/path.dsv
[3.249s] -- Up-to-date: /home/thomas/MobileRobot/ws_new/install/nav2_amcl/share/nav2_amcl/local_setup.bash
[3.250s] -- Up-to-date: /home/thomas/MobileRobot/ws_new/install/nav2_amcl/share/nav2_amcl/local_setup.sh
[3.250s] -- Up-to-date: /home/thomas/MobileRobot/ws_new/install/nav2_amcl/share/nav2_amcl/local_setup.zsh
[3.250s] -- Up-to-date: /home/thomas/MobileRobot/ws_new/install/nav2_amcl/share/nav2_amcl/local_setup.dsv
[3.250s] -- Installing: /home/thomas/MobileRobot/ws_new/install/nav2_amcl/share/nav2_amcl/package.dsv
[3.281s] -- Up-to-date: /home/thomas/MobileRobot/ws_new/install/nav2_amcl/share/ament_index/resource_index/packages/nav2_amcl
[3.282s] -- Up-to-date: /home/thomas/MobileRobot/ws_new/install/nav2_amcl/share/ament_index/resource_index/nav2_amcl__pluginlib__plugin/nav2_amcl
[3.297s] -- Up-to-date: /home/thomas/MobileRobot/ws_new/install/nav2_amcl/share/ament_index/resource_index/rclcpp_components/nav2_amcl
[3.299s] -- Up-to-date: /home/thomas/MobileRobot/ws_new/install/nav2_amcl/share/nav2_amcl/cmake/ament_cmake_export_include_directories-extras.cmake
[3.299s] -- Up-to-date: /home/thomas/MobileRobot/ws_new/install/nav2_amcl/share/nav2_amcl/cmake/ament_cmake_export_libraries-extras.cmake
[3.299s] -- Up-to-date: /home/thomas/MobileRobot/ws_new/install/nav2_amcl/share/nav2_amcl/cmake/ament_cmake_export_dependencies-extras.cmake
[3.299s] -- Up-to-date: /home/thomas/MobileRobot/ws_new/install/nav2_amcl/share/nav2_amcl/cmake/nav2_amclConfig.cmake
[3.299s] -- Up-to-date: /home/thomas/MobileRobot/ws_new/install/nav2_amcl/share/nav2_amcl/cmake/nav2_amclConfig-version.cmake
[3.300s] -- Up-to-date: /home/thomas/MobileRobot/ws_new/install/nav2_amcl/share/nav2_amcl/package.xml
[3.600s] -- Up-to-date: /home/thomas/MobileRobot/ws_new/install/nav2_amcl/lib/libpf_lib.so
[3.649s] -- Up-to-date: /home/thomas/MobileRobot/ws_new/install/nav2_amcl/lib/libmap_lib.so
[3.700s] -- Up-to-date: /home/thomas/MobileRobot/ws_new/install/nav2_amcl/lib/libmotions_lib.so
[3.701s] -- Up-to-date: /home/thomas/MobileRobot/ws_new/install/nav2_amcl/lib/libsensors_lib.so
[3.720s] Invoked command in '/home/thomas/MobileRobot/ws_new/build/nav2_amcl' returned '0': AMENT_PREFIX_PATH=/home/thomas/MobileRobot/ws_new/install/nav2_util:/home/thomas/MobileRobot/ws_new/install/nav2_msgs:/home/thomas/MobileRobot/ws_new/install/sensor_msgs:/home/thomas/MobileRobot/ws_new/install/nav_msgs:/home/thomas/MobileRobot/ws_new/install/geometry_msgs:/home/thomas/MobileRobot/ws_new/install/std_srvs:/home/thomas/MobileRobot/ws_new/install/std_msgs:/home/thomas/MobileRobot/ws_new/install/nav2_common:${AMENT_PREFIX_PATH} CMAKE_PREFIX_PATH=/home/thomas/MobileRobot/ws_new/install/nav2_util:/home/thomas/MobileRobot/ws_new/install/nav2_msgs:/home/thomas/MobileRobot/ws_new/install/sensor_msgs:/home/thomas/MobileRobot/ws_new/install/nav_msgs:/home/thomas/MobileRobot/ws_new/install/geometry_msgs:/home/thomas/MobileRobot/ws_new/install/std_srvs:/home/thomas/MobileRobot/ws_new/install/std_msgs:/home/thomas/MobileRobot/ws_new/install/nav2_common:/opt/ros/jazzy/opt/gz_sim_vendor:/opt/ros/jazzy/opt/gz_sensors_vendor:/opt/ros/jazzy/opt/gz_physics_vendor:/opt/ros/jazzy/opt/sdformat_vendor:/opt/ros/jazzy/opt/gz_gui_vendor:/opt/ros/jazzy/opt/gz_transport_vendor:/opt/ros/jazzy/opt/gz_rendering_vendor:/opt/ros/jazzy/opt/gz_plugin_vendor:/opt/ros/jazzy/opt/gz_fuel_tools_vendor:/opt/ros/jazzy/opt/gz_msgs_vendor:/opt/ros/jazzy/opt/gz_common_vendor:/opt/ros/jazzy/opt/gz_math_vendor:/opt/ros/jazzy/opt/gz_utils_vendor:/opt/ros/jazzy/opt/gz_tools_vendor:/opt/ros/jazzy/opt/gz_ogre_next_vendor:/opt/ros/jazzy/opt/gz_dartsim_vendor:/opt/ros/jazzy/opt/gz_cmake_vendor:/home/thomas/dev_ws/install/basic_mobile_robot:/opt/ros/jazzy DEBUGINFOD_URLS=https://debuginfod.ubuntu.com LD_LIBRARY_PATH=/home/thomas/MobileRobot/ws_new/install/nav2_util/lib:/home/thomas/MobileRobot/ws_new/install/nav2_msgs/lib:/home/thomas/MobileRobot/ws_new/install/sensor_msgs/lib:/home/thomas/MobileRobot/ws_new/install/nav_msgs/lib:/home/thomas/MobileRobot/ws_new/install/geometry_msgs/lib:/home/thomas/MobileRobot/ws_new/install/std_srvs/lib:/home/thomas/MobileRobot/ws_new/install/std_msgs/lib:${LD_LIBRARY_PATH} PYTHONPATH=/home/thomas/MobileRobot/ws_new/install/nav2_msgs/lib/python3.12/site-packages:/home/thomas/MobileRobot/ws_new/install/sensor_msgs/lib/python3.12/site-packages:/home/thomas/MobileRobot/ws_new/install/nav_msgs/lib/python3.12/site-packages:/home/thomas/MobileRobot/ws_new/install/geometry_msgs/lib/python3.12/site-packages:/home/thomas/MobileRobot/ws_new/install/std_srvs/lib/python3.12/site-packages:/home/thomas/MobileRobot/ws_new/install/std_msgs/lib/python3.12/site-packages:/home/thomas/MobileRobot/ws_new/install/nav2_common/lib/python3.12/site-packages:${PYTHONPATH} /usr/bin/cmake --install /home/thomas/MobileRobot/ws_new/build/nav2_amcl
