[7.816s] Invoking command in '/home/thomas/MobileRobot/ws_new/src/navigation': DEBUGINFOD_URLS=https://debuginfod.ubuntu.com PYTHONPATH=/home/thomas/MobileRobot/ws_new/build/navigation/prefix_override:/usr/lib/python3/dist-packages/colcon_core/task/python/colcon_distutils_commands:/home/thomas/MobileRobot/ws_new/install/navigation/lib/python3.12/site-packages:${PYTHONPATH} /usr/bin/python3 -W ignore:setup.py install is deprecated -W ignore:easy_install command is deprecated setup.py egg_info --egg-base ../../build/navigation build --build-base /home/thomas/MobileRobot/ws_new/build/navigation/build install --record /home/thomas/MobileRobot/ws_new/build/navigation/install.log --single-version-externally-managed install_data
[8.897s] running egg_info
[8.981s] writing ../../build/navigation/navigation.egg-info/PKG-INFO
[8.981s] writing dependency_links to ../../build/navigation/navigation.egg-info/dependency_links.txt
[8.981s] writing entry points to ../../build/navigation/navigation.egg-info/entry_points.txt
[8.982s] writing requirements to ../../build/navigation/navigation.egg-info/requires.txt
[8.982s] writing top-level names to ../../build/navigation/navigation.egg-info/top_level.txt
[9.162s] reading manifest file '../../build/navigation/navigation.egg-info/SOURCES.txt'
[9.173s] writing manifest file '../../build/navigation/navigation.egg-info/SOURCES.txt'
[9.174s] running build
[9.175s] running build_py
[9.177s] copying navigation/GPS_path_planing.py -> /home/thomas/MobileRobot/ws_new/build/navigation/build/lib/navigation
[9.177s] running install
[9.198s] running install_lib
[9.287s] copying /home/thomas/MobileRobot/ws_new/build/navigation/build/lib/navigation/GPS_path_planing.py -> /home/thomas/MobileRobot/ws_new/install/navigation/lib/python3.12/site-packages/navigation
[9.293s] byte-compiling /home/thomas/MobileRobot/ws_new/install/navigation/lib/python3.12/site-packages/navigation/GPS_path_planing.py to GPS_path_planing.cpython-312.pyc
[9.293s] running install_data
[9.295s] running install_egg_info
[9.381s] removing '/home/thomas/MobileRobot/ws_new/install/navigation/lib/python3.12/site-packages/navigation-0.0.0-py3.12.egg-info' (and everything under it)
[9.382s] Copying ../../build/navigation/navigation.egg-info to /home/thomas/MobileRobot/ws_new/install/navigation/lib/python3.12/site-packages/navigation-0.0.0-py3.12.egg-info
[9.397s] running install_scripts
[9.953s] Installing gps_path_follow script to /home/thomas/MobileRobot/ws_new/install/navigation/lib/navigation
[9.953s] Installing nav_node script to /home/thomas/MobileRobot/ws_new/install/navigation/lib/navigation
[9.954s] Installing waypoint_follow script to /home/thomas/MobileRobot/ws_new/install/navigation/lib/navigation
[9.954s] writing list of installed files to '/home/thomas/MobileRobot/ws_new/build/navigation/install.log'
[10.068s] Invoked command in '/home/thomas/MobileRobot/ws_new/src/navigation' returned '0': DEBUGINFOD_URLS=https://debuginfod.ubuntu.com PYTHONPATH=/home/thomas/MobileRobot/ws_new/build/navigation/prefix_override:/usr/lib/python3/dist-packages/colcon_core/task/python/colcon_distutils_commands:/home/thomas/MobileRobot/ws_new/install/navigation/lib/python3.12/site-packages:${PYTHONPATH} /usr/bin/python3 -W ignore:setup.py install is deprecated -W ignore:easy_install command is deprecated setup.py egg_info --egg-base ../../build/navigation build --build-base /home/thomas/MobileRobot/ws_new/build/navigation/build install --record /home/thomas/MobileRobot/ws_new/build/navigation/install.log --single-version-externally-managed install_data
