[0.301s] Invoking command in '/home/thomas/MobileRobot/ws_new/build/nav2_util': AMENT_PREFIX_PATH=/home/thomas/MobileRobot/ws_new/install/nav2_msgs:/home/thomas/MobileRobot/ws_new/install/nav_msgs:/home/thomas/MobileRobot/ws_new/install/geometry_msgs:/home/thomas/MobileRobot/ws_new/install/std_srvs:/home/thomas/MobileRobot/ws_new/install/std_msgs:/home/thomas/MobileRobot/ws_new/install/nav2_common:${AMENT_PREFIX_PATH} CMAKE_PREFIX_PATH=/home/thomas/MobileRobot/ws_new/install/nav2_msgs:/home/thomas/MobileRobot/ws_new/install/nav_msgs:/home/thomas/MobileRobot/ws_new/install/geometry_msgs:/home/thomas/MobileRobot/ws_new/install/std_srvs:/home/thomas/MobileRobot/ws_new/install/std_msgs:/home/thomas/MobileRobot/ws_new/install/nav2_common:/opt/ros/jazzy/opt/gz_sim_vendor:/opt/ros/jazzy/opt/gz_sensors_vendor:/opt/ros/jazzy/opt/gz_physics_vendor:/opt/ros/jazzy/opt/sdformat_vendor:/opt/ros/jazzy/opt/gz_gui_vendor:/opt/ros/jazzy/opt/gz_transport_vendor:/opt/ros/jazzy/opt/gz_rendering_vendor:/opt/ros/jazzy/opt/gz_plugin_vendor:/opt/ros/jazzy/opt/gz_fuel_tools_vendor:/opt/ros/jazzy/opt/gz_msgs_vendor:/opt/ros/jazzy/opt/gz_common_vendor:/opt/ros/jazzy/opt/gz_math_vendor:/opt/ros/jazzy/opt/gz_utils_vendor:/opt/ros/jazzy/opt/gz_tools_vendor:/opt/ros/jazzy/opt/gz_ogre_next_vendor:/opt/ros/jazzy/opt/gz_dartsim_vendor:/opt/ros/jazzy/opt/gz_cmake_vendor:/home/thomas/dev_ws/install/basic_mobile_robot:/opt/ros/jazzy DEBUGINFOD_URLS=https://debuginfod.ubuntu.com LD_LIBRARY_PATH=/home/thomas/MobileRobot/ws_new/install/nav2_msgs/lib:/home/thomas/MobileRobot/ws_new/install/nav_msgs/lib:/home/thomas/MobileRobot/ws_new/install/geometry_msgs/lib:/home/thomas/MobileRobot/ws_new/install/std_srvs/lib:/home/thomas/MobileRobot/ws_new/install/std_msgs/lib:${LD_LIBRARY_PATH} PYTHONPATH=/home/thomas/MobileRobot/ws_new/install/nav2_msgs/lib/python3.12/site-packages:/home/thomas/MobileRobot/ws_new/install/nav_msgs/lib/python3.12/site-packages:/home/thomas/MobileRobot/ws_new/install/geometry_msgs/lib/python3.12/site-packages:/home/thomas/MobileRobot/ws_new/install/std_srvs/lib/python3.12/site-packages:/home/thomas/MobileRobot/ws_new/install/std_msgs/lib/python3.12/site-packages:/home/thomas/MobileRobot/ws_new/install/nav2_common/lib/python3.12/site-packages:${PYTHONPATH} /usr/bin/cmake --build /home/thomas/MobileRobot/ws_new/build/nav2_util -- -j8 -l8
[0.799s] [  5%] Built target gtest_main
[0.799s] [  7%] Built target gtest
[1.103s] [ 29%] Built target nav2_util_core
[1.428s] [ 33%] Built target test_execution_timer
[1.482s] [ 37%] Built target test_string_utils
[1.484s] [ 41%] Built target test_lifecycle_utils
[1.485s] [ 45%] Built target lifecycle_bringup
[1.631s] [ 49%] Built target test_service_client
[1.633s] [ 52%] Built target test_node_utils
[1.726s] [ 56%] Built target base_footprint_publisher
[1.827s] [ 60%] Built target test_actions
[1.838s] [ 64%] Built target test_lifecycle_node
[1.857s] [ 68%] Built target test_lifecycle_cli_node
[1.857s] [ 72%] Built target test_robot_utils
[1.864s] [ 76%] Built target test_geometry_utils
[1.865s] [ 80%] Built target test_base_footprint_publisher
[1.867s] [ 84%] Built target test_array_parser
[1.878s] [ 88%] Built target test_odometry_utils
[1.906s] [ 92%] Built target test_twist_publisher
[1.921s] [ 96%] Built target test_twist_subscriber
[1.936s] [100%] Built target test_validation_messages
[1.953s] Invoked command in '/home/thomas/MobileRobot/ws_new/build/nav2_util' returned '0': AMENT_PREFIX_PATH=/home/thomas/MobileRobot/ws_new/install/nav2_msgs:/home/thomas/MobileRobot/ws_new/install/nav_msgs:/home/thomas/MobileRobot/ws_new/install/geometry_msgs:/home/thomas/MobileRobot/ws_new/install/std_srvs:/home/thomas/MobileRobot/ws_new/install/std_msgs:/home/thomas/MobileRobot/ws_new/install/nav2_common:${AMENT_PREFIX_PATH} CMAKE_PREFIX_PATH=/home/thomas/MobileRobot/ws_new/install/nav2_msgs:/home/thomas/MobileRobot/ws_new/install/nav_msgs:/home/thomas/MobileRobot/ws_new/install/geometry_msgs:/home/thomas/MobileRobot/ws_new/install/std_srvs:/home/thomas/MobileRobot/ws_new/install/std_msgs:/home/thomas/MobileRobot/ws_new/install/nav2_common:/opt/ros/jazzy/opt/gz_sim_vendor:/opt/ros/jazzy/opt/gz_sensors_vendor:/opt/ros/jazzy/opt/gz_physics_vendor:/opt/ros/jazzy/opt/sdformat_vendor:/opt/ros/jazzy/opt/gz_gui_vendor:/opt/ros/jazzy/opt/gz_transport_vendor:/opt/ros/jazzy/opt/gz_rendering_vendor:/opt/ros/jazzy/opt/gz_plugin_vendor:/opt/ros/jazzy/opt/gz_fuel_tools_vendor:/opt/ros/jazzy/opt/gz_msgs_vendor:/opt/ros/jazzy/opt/gz_common_vendor:/opt/ros/jazzy/opt/gz_math_vendor:/opt/ros/jazzy/opt/gz_utils_vendor:/opt/ros/jazzy/opt/gz_tools_vendor:/opt/ros/jazzy/opt/gz_ogre_next_vendor:/opt/ros/jazzy/opt/gz_dartsim_vendor:/opt/ros/jazzy/opt/gz_cmake_vendor:/home/thomas/dev_ws/install/basic_mobile_robot:/opt/ros/jazzy DEBUGINFOD_URLS=https://debuginfod.ubuntu.com LD_LIBRARY_PATH=/home/thomas/MobileRobot/ws_new/install/nav2_msgs/lib:/home/thomas/MobileRobot/ws_new/install/nav_msgs/lib:/home/thomas/MobileRobot/ws_new/install/geometry_msgs/lib:/home/thomas/MobileRobot/ws_new/install/std_srvs/lib:/home/thomas/MobileRobot/ws_new/install/std_msgs/lib:${LD_LIBRARY_PATH} PYTHONPATH=/home/thomas/MobileRobot/ws_new/install/nav2_msgs/lib/python3.12/site-packages:/home/thomas/MobileRobot/ws_new/install/nav_msgs/lib/python3.12/site-packages:/home/thomas/MobileRobot/ws_new/install/geometry_msgs/lib/python3.12/site-packages:/home/thomas/MobileRobot/ws_new/install/std_srvs/lib/python3.12/site-packages:/home/thomas/MobileRobot/ws_new/install/std_msgs/lib/python3.12/site-packages:/home/thomas/MobileRobot/ws_new/install/nav2_common/lib/python3.12/site-packages:${PYTHONPATH} /usr/bin/cmake --build /home/thomas/MobileRobot/ws_new/build/nav2_util -- -j8 -l8
[1.982s] Invoking command in '/home/thomas/MobileRobot/ws_new/build/nav2_util': AMENT_PREFIX_PATH=/home/thomas/MobileRobot/ws_new/install/nav2_msgs:/home/thomas/MobileRobot/ws_new/install/nav_msgs:/home/thomas/MobileRobot/ws_new/install/geometry_msgs:/home/thomas/MobileRobot/ws_new/install/std_srvs:/home/thomas/MobileRobot/ws_new/install/std_msgs:/home/thomas/MobileRobot/ws_new/install/nav2_common:${AMENT_PREFIX_PATH} CMAKE_PREFIX_PATH=/home/thomas/MobileRobot/ws_new/install/nav2_msgs:/home/thomas/MobileRobot/ws_new/install/nav_msgs:/home/thomas/MobileRobot/ws_new/install/geometry_msgs:/home/thomas/MobileRobot/ws_new/install/std_srvs:/home/thomas/MobileRobot/ws_new/install/std_msgs:/home/thomas/MobileRobot/ws_new/install/nav2_common:/opt/ros/jazzy/opt/gz_sim_vendor:/opt/ros/jazzy/opt/gz_sensors_vendor:/opt/ros/jazzy/opt/gz_physics_vendor:/opt/ros/jazzy/opt/sdformat_vendor:/opt/ros/jazzy/opt/gz_gui_vendor:/opt/ros/jazzy/opt/gz_transport_vendor:/opt/ros/jazzy/opt/gz_rendering_vendor:/opt/ros/jazzy/opt/gz_plugin_vendor:/opt/ros/jazzy/opt/gz_fuel_tools_vendor:/opt/ros/jazzy/opt/gz_msgs_vendor:/opt/ros/jazzy/opt/gz_common_vendor:/opt/ros/jazzy/opt/gz_math_vendor:/opt/ros/jazzy/opt/gz_utils_vendor:/opt/ros/jazzy/opt/gz_tools_vendor:/opt/ros/jazzy/opt/gz_ogre_next_vendor:/opt/ros/jazzy/opt/gz_dartsim_vendor:/opt/ros/jazzy/opt/gz_cmake_vendor:/home/thomas/dev_ws/install/basic_mobile_robot:/opt/ros/jazzy DEBUGINFOD_URLS=https://debuginfod.ubuntu.com LD_LIBRARY_PATH=/home/thomas/MobileRobot/ws_new/install/nav2_msgs/lib:/home/thomas/MobileRobot/ws_new/install/nav_msgs/lib:/home/thomas/MobileRobot/ws_new/install/geometry_msgs/lib:/home/thomas/MobileRobot/ws_new/install/std_srvs/lib:/home/thomas/MobileRobot/ws_new/install/std_msgs/lib:${LD_LIBRARY_PATH} PYTHONPATH=/home/thomas/MobileRobot/ws_new/install/nav2_msgs/lib/python3.12/site-packages:/home/thomas/MobileRobot/ws_new/install/nav_msgs/lib/python3.12/site-packages:/home/thomas/MobileRobot/ws_new/install/geometry_msgs/lib/python3.12/site-packages:/home/thomas/MobileRobot/ws_new/install/std_srvs/lib/python3.12/site-packages:/home/thomas/MobileRobot/ws_new/install/std_msgs/lib/python3.12/site-packages:/home/thomas/MobileRobot/ws_new/install/nav2_common/lib/python3.12/site-packages:${PYTHONPATH} /usr/bin/cmake --install /home/thomas/MobileRobot/ws_new/build/nav2_util
[2.011s] -- Install configuration: "Release"
[2.011s] -- Up-to-date: /home/thomas/MobileRobot/ws_new/install/nav2_util/include/nav2_util
[2.012s] -- Up-to-date: /home/thomas/MobileRobot/ws_new/install/nav2_util/include/nav2_util/nav2_util
[2.012s] -- Up-to-date: /home/thomas/MobileRobot/ws_new/install/nav2_util/include/nav2_util/nav2_util/lifecycle_service_client.hpp
[2.012s] -- Up-to-date: /home/thomas/MobileRobot/ws_new/install/nav2_util/include/nav2_util/nav2_util/costmap.hpp
[2.012s] -- Up-to-date: /home/thomas/MobileRobot/ws_new/install/nav2_util/include/nav2_util/nav2_util/execution_timer.hpp
[2.012s] -- Up-to-date: /home/thomas/MobileRobot/ws_new/install/nav2_util/include/nav2_util/nav2_util/simple_action_server.hpp
[2.013s] -- Up-to-date: /home/thomas/MobileRobot/ws_new/install/nav2_util/include/nav2_util/nav2_util/line_iterator.hpp
[2.013s] -- Up-to-date: /home/thomas/MobileRobot/ws_new/install/nav2_util/include/nav2_util/nav2_util/geometry_utils.hpp
[2.013s] -- Up-to-date: /home/thomas/MobileRobot/ws_new/install/nav2_util/include/nav2_util/nav2_util/array_parser.hpp
[2.013s] -- Up-to-date: /home/thomas/MobileRobot/ws_new/install/nav2_util/include/nav2_util/nav2_util/service_client.hpp
[2.013s] -- Up-to-date: /home/thomas/MobileRobot/ws_new/install/nav2_util/include/nav2_util/nav2_util/robot_utils.hpp
[2.013s] -- Up-to-date: /home/thomas/MobileRobot/ws_new/install/nav2_util/include/nav2_util/nav2_util/node_thread.hpp
[2.013s] -- Up-to-date: /home/thomas/MobileRobot/ws_new/install/nav2_util/include/nav2_util/nav2_util/clear_entirely_costmap_service_client.hpp
[2.013s] -- Up-to-date: /home/thomas/MobileRobot/ws_new/install/nav2_util/include/nav2_util/nav2_util/string_utils.hpp
[2.013s] -- Up-to-date: /home/thomas/MobileRobot/ws_new/install/nav2_util/include/nav2_util/nav2_util/twist_publisher.hpp
[2.014s] -- Up-to-date: /home/thomas/MobileRobot/ws_new/install/nav2_util/include/nav2_util/nav2_util/odometry_utils.hpp
[2.014s] -- Up-to-date: /home/thomas/MobileRobot/ws_new/install/nav2_util/include/nav2_util/nav2_util/occ_grid_values.hpp
[2.014s] -- Up-to-date: /home/thomas/MobileRobot/ws_new/install/nav2_util/include/nav2_util/nav2_util/node_utils.hpp
[2.014s] -- Up-to-date: /home/thomas/MobileRobot/ws_new/install/nav2_util/include/nav2_util/nav2_util/validate_messages.hpp
[2.014s] -- Up-to-date: /home/thomas/MobileRobot/ws_new/install/nav2_util/include/nav2_util/nav2_util/lifecycle_node.hpp
[2.014s] -- Up-to-date: /home/thomas/MobileRobot/ws_new/install/nav2_util/include/nav2_util/nav2_util/lifecycle_utils.hpp
[2.014s] -- Up-to-date: /home/thomas/MobileRobot/ws_new/install/nav2_util/include/nav2_util/nav2_util/twist_subscriber.hpp
[2.018s] -- Up-to-date: /home/thomas/MobileRobot/ws_new/install/nav2_util/share/nav2_util/environment/library_path.sh
[2.018s] -- Up-to-date: /home/thomas/MobileRobot/ws_new/install/nav2_util/share/nav2_util/environment/library_path.dsv
[2.021s] -- Up-to-date: /home/thomas/MobileRobot/ws_new/install/nav2_util/share/ament_index/resource_index/package_run_dependencies/nav2_util
[2.021s] -- Up-to-date: /home/thomas/MobileRobot/ws_new/install/nav2_util/share/ament_index/resource_index/parent_prefix_path/nav2_util
[2.021s] -- Up-to-date: /home/thomas/MobileRobot/ws_new/install/nav2_util/share/nav2_util/environment/ament_prefix_path.sh
[2.022s] -- Up-to-date: /home/thomas/MobileRobot/ws_new/install/nav2_util/share/nav2_util/environment/ament_prefix_path.dsv
[2.022s] -- Up-to-date: /home/thomas/MobileRobot/ws_new/install/nav2_util/share/nav2_util/environment/path.sh
[2.022s] -- Up-to-date: /home/thomas/MobileRobot/ws_new/install/nav2_util/share/nav2_util/environment/path.dsv
[2.022s] -- Up-to-date: /home/thomas/MobileRobot/ws_new/install/nav2_util/share/nav2_util/local_setup.bash
[2.022s] -- Up-to-date: /home/thomas/MobileRobot/ws_new/install/nav2_util/share/nav2_util/local_setup.sh
[2.022s] -- Up-to-date: /home/thomas/MobileRobot/ws_new/install/nav2_util/share/nav2_util/local_setup.zsh
[2.022s] -- Up-to-date: /home/thomas/MobileRobot/ws_new/install/nav2_util/share/nav2_util/local_setup.dsv
[2.023s] -- Installing: /home/thomas/MobileRobot/ws_new/install/nav2_util/share/nav2_util/package.dsv
[2.023s] -- Up-to-date: /home/thomas/MobileRobot/ws_new/install/nav2_util/share/ament_index/resource_index/packages/nav2_util
[2.048s] -- Up-to-date: /home/thomas/MobileRobot/ws_new/install/nav2_util/share/nav2_util/cmake/nav2_util_coreExport.cmake
[2.049s] -- Up-to-date: /home/thomas/MobileRobot/ws_new/install/nav2_util/share/nav2_util/cmake/nav2_util_coreExport-release.cmake
[2.049s] -- Up-to-date: /home/thomas/MobileRobot/ws_new/install/nav2_util/share/nav2_util/cmake/ament_cmake_export_include_directories-extras.cmake
[2.049s] -- Up-to-date: /home/thomas/MobileRobot/ws_new/install/nav2_util/share/nav2_util/cmake/ament_cmake_export_libraries-extras.cmake
[2.049s] -- Up-to-date: /home/thomas/MobileRobot/ws_new/install/nav2_util/share/nav2_util/cmake/ament_cmake_export_dependencies-extras.cmake
[2.049s] -- Up-to-date: /home/thomas/MobileRobot/ws_new/install/nav2_util/share/nav2_util/cmake/ament_cmake_export_targets-extras.cmake
[2.049s] -- Up-to-date: /home/thomas/MobileRobot/ws_new/install/nav2_util/share/nav2_util/cmake/nav2_utilConfig.cmake
[2.049s] -- Up-to-date: /home/thomas/MobileRobot/ws_new/install/nav2_util/share/nav2_util/cmake/nav2_utilConfig-version.cmake
[2.050s] -- Up-to-date: /home/thomas/MobileRobot/ws_new/install/nav2_util/share/nav2_util/package.xml
[2.677s] -- Up-to-date: /home/thomas/MobileRobot/ws_new/install/nav2_util/lib/libnav2_util_core.so
[2.695s] -- Up-to-date: /home/thomas/MobileRobot/ws_new/install/nav2_util/lib/nav2_util/lifecycle_bringup
[2.737s] Invoked command in '/home/thomas/MobileRobot/ws_new/build/nav2_util' returned '0': AMENT_PREFIX_PATH=/home/thomas/MobileRobot/ws_new/install/nav2_msgs:/home/thomas/MobileRobot/ws_new/install/nav_msgs:/home/thomas/MobileRobot/ws_new/install/geometry_msgs:/home/thomas/MobileRobot/ws_new/install/std_srvs:/home/thomas/MobileRobot/ws_new/install/std_msgs:/home/thomas/MobileRobot/ws_new/install/nav2_common:${AMENT_PREFIX_PATH} CMAKE_PREFIX_PATH=/home/thomas/MobileRobot/ws_new/install/nav2_msgs:/home/thomas/MobileRobot/ws_new/install/nav_msgs:/home/thomas/MobileRobot/ws_new/install/geometry_msgs:/home/thomas/MobileRobot/ws_new/install/std_srvs:/home/thomas/MobileRobot/ws_new/install/std_msgs:/home/thomas/MobileRobot/ws_new/install/nav2_common:/opt/ros/jazzy/opt/gz_sim_vendor:/opt/ros/jazzy/opt/gz_sensors_vendor:/opt/ros/jazzy/opt/gz_physics_vendor:/opt/ros/jazzy/opt/sdformat_vendor:/opt/ros/jazzy/opt/gz_gui_vendor:/opt/ros/jazzy/opt/gz_transport_vendor:/opt/ros/jazzy/opt/gz_rendering_vendor:/opt/ros/jazzy/opt/gz_plugin_vendor:/opt/ros/jazzy/opt/gz_fuel_tools_vendor:/opt/ros/jazzy/opt/gz_msgs_vendor:/opt/ros/jazzy/opt/gz_common_vendor:/opt/ros/jazzy/opt/gz_math_vendor:/opt/ros/jazzy/opt/gz_utils_vendor:/opt/ros/jazzy/opt/gz_tools_vendor:/opt/ros/jazzy/opt/gz_ogre_next_vendor:/opt/ros/jazzy/opt/gz_dartsim_vendor:/opt/ros/jazzy/opt/gz_cmake_vendor:/home/thomas/dev_ws/install/basic_mobile_robot:/opt/ros/jazzy DEBUGINFOD_URLS=https://debuginfod.ubuntu.com LD_LIBRARY_PATH=/home/thomas/MobileRobot/ws_new/install/nav2_msgs/lib:/home/thomas/MobileRobot/ws_new/install/nav_msgs/lib:/home/thomas/MobileRobot/ws_new/install/geometry_msgs/lib:/home/thomas/MobileRobot/ws_new/install/std_srvs/lib:/home/thomas/MobileRobot/ws_new/install/std_msgs/lib:${LD_LIBRARY_PATH} PYTHONPATH=/home/thomas/MobileRobot/ws_new/install/nav2_msgs/lib/python3.12/site-packages:/home/thomas/MobileRobot/ws_new/install/nav_msgs/lib/python3.12/site-packages:/home/thomas/MobileRobot/ws_new/install/geometry_msgs/lib/python3.12/site-packages:/home/thomas/MobileRobot/ws_new/install/std_srvs/lib/python3.12/site-packages:/home/thomas/MobileRobot/ws_new/install/std_msgs/lib/python3.12/site-packages:/home/thomas/MobileRobot/ws_new/install/nav2_common/lib/python3.12/site-packages:${PYTHONPATH} /usr/bin/cmake --install /home/thomas/MobileRobot/ws_new/build/nav2_util
