[0.057s] Invoking command in '/home/thomas/MobileRobot/ws_new/build/mobile_robot': CMAKE_PREFIX_PATH=${CMAKE_PREFIX_PATH}:/home/thomas/MobileRobot/ws_new/install/rqt_joint_trajectory_controller:/home/thomas/MobileRobot/ws_new/install/ros2controlcli:/home/thomas/MobileRobot/ws_new/install/ros2_controllers_test_nodes:/home/thomas/MobileRobot/ws_new/install/publisher_subscriber:/opt/ros/jazzy DEBUGINFOD_URLS=https://debuginfod.ubuntu.com /usr/bin/cmake --build /home/thomas/MobileRobot/ws_new/build/mobile_robot -- -j8 -l8
[2.087s] -- Found ament_cmake: 2.5.3 (/opt/ros/jazzy/share/ament_cmake/cmake)
[3.170s] -- Found rclcpp: 28.1.8 (/opt/ros/jazzy/share/rclcpp/cmake)
[3.436s] -- Found rosidl_generator_c: 4.6.5 (/opt/ros/jazzy/share/rosidl_generator_c/cmake)
[3.462s] -- Found rosidl_generator_cpp: 4.6.5 (/opt/ros/jazzy/share/rosidl_generator_cpp/cmake)
[3.542s] -- Using all available rosidl_typesupport_c: rosidl_typesupport_fastrtps_c;rosidl_typesupport_introspection_c
[3.575s] -- Using all available rosidl_typesupport_cpp: rosidl_typesupport_fastrtps_cpp;rosidl_typesupport_introspection_cpp
[3.780s] -- Found rmw_implementation_cmake: 7.3.1 (/opt/ros/jazzy/share/rmw_implementation_cmake/cmake)
[3.809s] -- Found rmw_cyclonedds_cpp: 2.2.3 (/opt/ros/jazzy/share/rmw_cyclonedds_cpp/cmake)
[4.008s] -- Using RMW implementation 'rmw_cyclonedds_cpp' as default
[4.168s] -- Found std_msgs: 5.3.5 (/opt/ros/jazzy/share/std_msgs/cmake)
[4.202s] -- Found ros_gz_sim: 1.0.9 (/opt/ros/jazzy/share/ros_gz_sim/cmake)
[4.212s] -- Found ros_gz_bridge: 1.0.9 (/opt/ros/jazzy/share/ros_gz_bridge/cmake)
[4.368s] -- Looking for gz-msgs10 -- found version 10.3.2
[4.444s] -- Searching for dependencies of gz-msgs10
[4.945s] -- Looking for gz-utils2 -- found version 2.2.1
[4.945s] -- Searching for dependencies of gz-utils2
[4.960s] -- Looking for gz-math7 -- found version 7.5.2
[4.961s] -- Searching for dependencies of gz-math7
[4.961s] -- Looking for gz-utils2 -- found version 2.2.1
[5.017s] -- Checking for module 'tinyxml2'
[5.238s] --   Found tinyxml2, version 10.0.0
[5.542s] -- Looking for gz-transport13 -- found version 13.4.1
[5.543s] -- Searching for dependencies of gz-transport13
[5.632s] -- Config-file not installed for ZeroMQ -- checking for pkg-config
[5.638s] -- Checking for module 'libzmq >= 4'
[5.698s] --   Found libzmq, version 4.3.5
[5.880s] -- Checking for module 'uuid'
[5.912s] --   Found uuid, version 2.39.3
[5.965s] -- Looking for gz-utils2 -- found version 2.2.1
[5.965s] -- Searching for dependencies of gz-utils2
[5.965s] -- Searching for <gz-utils2> component [cli]
[5.966s] -- Looking for gz-utils2-cli -- found version 2.2.1
[5.966s] -- Searching for dependencies of gz-utils2-cli
[5.968s] -- Looking for gz-msgs10 -- found version 10.3.2
[6.429s] -- Found controller_manager: 4.27.0 (/opt/ros/jazzy/share/controller_manager/cmake)
[6.705s] -- Found TinyXML2 via Config file: /usr/lib/x86_64-linux-gnu/cmake/tinyxml2
[6.996s] -- Found gz_ros2_control: 1.2.11 (/opt/ros/jazzy/share/gz_ros2_control/cmake)
[7.013s] -- Found xacro: 2.0.11 (/opt/ros/jazzy/share/xacro/cmake)
[7.035s] [31mCMake Error at CMakeLists.txt:20 (add_subdirectory):
[7.036s]   add_subdirectory given source
[7.036s]   "/home/thomas/MobileRobot/ws_new/src/mobile_robot/../libs/backward-cpp"
[7.036s]   which is not an existing directory.
[7.036s] 
[7.036s] [0m
[7.053s] [31mCMake Error at CMakeLists.txt:37 (target_link_libraries):
[7.053s]   The plain signature for target_link_libraries has already been used with
[7.053s]   the target "my_node".  All uses of target_link_libraries with a target must
[7.053s]   be either all-keyword or all-plain.
[7.054s] 
[7.054s]   The uses of the plain signature are here:
[7.054s] 
[7.054s]    * /opt/ros/jazzy/share/ament_cmake_target_dependencies/cmake/ament_target_dependencies.cmake:146 (target_link_libraries)
[7.055s]    * /opt/ros/jazzy/share/ament_cmake_target_dependencies/cmake/ament_target_dependencies.cmake:152 (target_link_libraries)
[7.055s] 
[7.055s] 
[7.055s] [0m
[7.069s] -- Found ament_lint_auto: 0.17.1 (/opt/ros/jazzy/share/ament_lint_auto/cmake)
[7.331s] -- Added test 'flake8' to check Python code syntax and style conventions
[7.331s] -- Configured 'flake8' exclude dirs and/or files: 
[7.335s] -- Added test 'lint_cmake' to check CMake code style
[7.338s] -- Added test 'pep257' to check Python code against some of the docstring style conventions in PEP 257
[7.348s] -- Added test 'xmllint' to check XML markup files
[7.350s] -- Configuring incomplete, errors occurred!
[7.367s] gmake: *** [Makefile:226: cmake_check_build_system] Error 1
[7.370s] Invoked command in '/home/thomas/MobileRobot/ws_new/build/mobile_robot' returned '2': CMAKE_PREFIX_PATH=${CMAKE_PREFIX_PATH}:/home/thomas/MobileRobot/ws_new/install/rqt_joint_trajectory_controller:/home/thomas/MobileRobot/ws_new/install/ros2controlcli:/home/thomas/MobileRobot/ws_new/install/ros2_controllers_test_nodes:/home/thomas/MobileRobot/ws_new/install/publisher_subscriber:/opt/ros/jazzy DEBUGINFOD_URLS=https://debuginfod.ubuntu.com /usr/bin/cmake --build /home/thomas/MobileRobot/ws_new/build/mobile_robot -- -j8 -l8
