[0.200s] Invoking command in '/home/thomas/MobileRobot/ws_new/build/nav2_common': CMAKE_PREFIX_PATH=${CMAKE_PREFIX_PATH}:/opt/ros/jazzy DEBUGINFOD_URLS=https://debuginfod.ubuntu.com /usr/bin/cmake --build /home/thomas/MobileRobot/ws_new/build/nav2_common -- -j8 -l8
[1.255s] Built target ament_cmake_python_copy_nav2_common
[1.868s] running egg_info
[1.932s] writing nav2_common.egg-info/PKG-INFO
[1.932s] writing dependency_links to nav2_common.egg-info/dependency_links.txt
[1.933s] writing top-level names to nav2_common.egg-info/top_level.txt
[2.056s] reading manifest file 'nav2_common.egg-info/SOURCES.txt'
[2.123s] writing manifest file 'nav2_common.egg-info/SOURCES.txt'
[2.180s] Built target ament_cmake_python_build_nav2_common_egg
[2.196s] Invoked command in '/home/thomas/MobileRobot/ws_new/build/nav2_common' returned '0': CMAKE_PREFIX_PATH=${CMAKE_PREFIX_PATH}:/opt/ros/jazzy DEBUGINFOD_URLS=https://debuginfod.ubuntu.com /usr/bin/cmake --build /home/thomas/MobileRobot/ws_new/build/nav2_common -- -j8 -l8
[2.414s] Invoking command in '/home/thomas/MobileRobot/ws_new/build/nav2_common': CMAKE_PREFIX_PATH=${CMAKE_PREFIX_PATH}:/opt/ros/jazzy DEBUGINFOD_URLS=https://debuginfod.ubuntu.com /usr/bin/cmake --install /home/thomas/MobileRobot/ws_new/build/nav2_common
[2.757s] -- Install configuration: ""
[2.777s] -- Up-to-date: /home/thomas/MobileRobot/ws_new/install/nav2_common/share/nav2_common/environment/pythonpath.sh
[2.777s] -- Up-to-date: /home/thomas/MobileRobot/ws_new/install/nav2_common/share/nav2_common/environment/pythonpath.dsv
[2.796s] -- Up-to-date: /home/thomas/MobileRobot/ws_new/install/nav2_common/lib/python3.12/site-packages/nav2_common-1.3.6-py3.12.egg-info
[2.807s] -- Installing: /home/thomas/MobileRobot/ws_new/install/nav2_common/lib/python3.12/site-packages/nav2_common-1.3.6-py3.12.egg-info/top_level.txt
[2.807s] -- Installing: /home/thomas/MobileRobot/ws_new/install/nav2_common/lib/python3.12/site-packages/nav2_common-1.3.6-py3.12.egg-info/SOURCES.txt
[2.807s] -- Installing: /home/thomas/MobileRobot/ws_new/install/nav2_common/lib/python3.12/site-packages/nav2_common-1.3.6-py3.12.egg-info/dependency_links.txt
[2.808s] -- Installing: /home/thomas/MobileRobot/ws_new/install/nav2_common/lib/python3.12/site-packages/nav2_common-1.3.6-py3.12.egg-info/PKG-INFO
[2.808s] -- Up-to-date: /home/thomas/MobileRobot/ws_new/install/nav2_common/lib/python3.12/site-packages/nav2_common
[2.808s] -- Up-to-date: /home/thomas/MobileRobot/ws_new/install/nav2_common/lib/python3.12/site-packages/nav2_common/__init__.py
[2.808s] -- Up-to-date: /home/thomas/MobileRobot/ws_new/install/nav2_common/lib/python3.12/site-packages/nav2_common/launch
[2.809s] -- Up-to-date: /home/thomas/MobileRobot/ws_new/install/nav2_common/lib/python3.12/site-packages/nav2_common/launch/parse_multirobot_pose.py
[2.809s] -- Up-to-date: /home/thomas/MobileRobot/ws_new/install/nav2_common/lib/python3.12/site-packages/nav2_common/launch/__init__.py
[2.809s] -- Up-to-date: /home/thomas/MobileRobot/ws_new/install/nav2_common/lib/python3.12/site-packages/nav2_common/launch/has_node_params.py
[2.809s] -- Up-to-date: /home/thomas/MobileRobot/ws_new/install/nav2_common/lib/python3.12/site-packages/nav2_common/launch/replace_string.py
[2.809s] -- Up-to-date: /home/thomas/MobileRobot/ws_new/install/nav2_common/lib/python3.12/site-packages/nav2_common/launch/rewritten_yaml.py
[3.092s] Listing '/home/thomas/MobileRobot/ws_new/install/nav2_common/lib/python3.12/site-packages/nav2_common'...
[3.092s] Listing '/home/thomas/MobileRobot/ws_new/install/nav2_common/lib/python3.12/site-packages/nav2_common/launch'...
[3.123s] -- Up-to-date: /home/thomas/MobileRobot/ws_new/install/nav2_common/share/ament_index/resource_index/package_run_dependencies/nav2_common
[3.124s] -- Up-to-date: /home/thomas/MobileRobot/ws_new/install/nav2_common/share/ament_index/resource_index/parent_prefix_path/nav2_common
[3.124s] -- Up-to-date: /home/thomas/MobileRobot/ws_new/install/nav2_common/share/nav2_common/environment/ament_prefix_path.sh
[3.124s] -- Up-to-date: /home/thomas/MobileRobot/ws_new/install/nav2_common/share/nav2_common/environment/ament_prefix_path.dsv
[3.125s] -- Up-to-date: /home/thomas/MobileRobot/ws_new/install/nav2_common/share/nav2_common/environment/path.sh
[3.125s] -- Up-to-date: /home/thomas/MobileRobot/ws_new/install/nav2_common/share/nav2_common/environment/path.dsv
[3.125s] -- Up-to-date: /home/thomas/MobileRobot/ws_new/install/nav2_common/share/nav2_common/local_setup.bash
[3.125s] -- Up-to-date: /home/thomas/MobileRobot/ws_new/install/nav2_common/share/nav2_common/local_setup.sh
[3.125s] -- Up-to-date: /home/thomas/MobileRobot/ws_new/install/nav2_common/share/nav2_common/local_setup.zsh
[3.125s] -- Up-to-date: /home/thomas/MobileRobot/ws_new/install/nav2_common/share/nav2_common/local_setup.dsv
[3.125s] -- Installing: /home/thomas/MobileRobot/ws_new/install/nav2_common/share/nav2_common/package.dsv
[3.240s] -- Up-to-date: /home/thomas/MobileRobot/ws_new/install/nav2_common/share/ament_index/resource_index/packages/nav2_common
[3.244s] -- Up-to-date: /home/thomas/MobileRobot/ws_new/install/nav2_common/share/nav2_common/cmake/nav2_common-extras.cmake
[3.244s] -- Up-to-date: /home/thomas/MobileRobot/ws_new/install/nav2_common/share/nav2_common/cmake/nav2_commonConfig.cmake
[3.244s] -- Up-to-date: /home/thomas/MobileRobot/ws_new/install/nav2_common/share/nav2_common/cmake/nav2_commonConfig-version.cmake
[3.245s] -- Up-to-date: /home/thomas/MobileRobot/ws_new/install/nav2_common/share/nav2_common/package.xml
[3.245s] -- Up-to-date: /home/thomas/MobileRobot/ws_new/install/nav2_common/share/nav2_common/cmake
[3.382s] -- Up-to-date: /home/thomas/MobileRobot/ws_new/install/nav2_common/share/nav2_common/cmake/nav2_package.cmake
[3.385s] Invoked command in '/home/thomas/MobileRobot/ws_new/build/nav2_common' returned '0': CMAKE_PREFIX_PATH=${CMAKE_PREFIX_PATH}:/opt/ros/jazzy DEBUGINFOD_URLS=https://debuginfod.ubuntu.com /usr/bin/cmake --install /home/thomas/MobileRobot/ws_new/build/nav2_common
