[6.683s] Invoking command in '/home/thomas/MobileRobot/ws_new/src/navigation': DEBUGINFOD_URLS=https://debuginfod.ubuntu.com PYTHONPATH=/home/thomas/MobileRobot/ws_new/build/navigation/prefix_override:/usr/lib/python3/dist-packages/colcon_core/task/python/colcon_distutils_commands:/home/thomas/MobileRobot/ws_new/install/navigation/lib/python3.12/site-packages:${PYTHONPATH} /usr/bin/python3 -W ignore:setup.py install is deprecated -W ignore:easy_install command is deprecated setup.py egg_info --egg-base ../../build/navigation build --build-base /home/thomas/MobileRobot/ws_new/build/navigation/build install --record /home/thomas/MobileRobot/ws_new/build/navigation/install.log --single-version-externally-managed install_data
[8.447s] running egg_info
[8.594s] writing ../../build/navigation/navigation.egg-info/PKG-INFO
[8.595s] writing dependency_links to ../../build/navigation/navigation.egg-info/dependency_links.txt
[8.596s] writing entry points to ../../build/navigation/navigation.egg-info/entry_points.txt
[8.597s] writing requirements to ../../build/navigation/navigation.egg-info/requires.txt
[8.597s] writing top-level names to ../../build/navigation/navigation.egg-info/top_level.txt
[8.898s] reading manifest file '../../build/navigation/navigation.egg-info/SOURCES.txt'
[8.903s] writing manifest file '../../build/navigation/navigation.egg-info/SOURCES.txt'
[8.905s] running build
[8.906s] running build_py
[8.906s] running install
[8.940s] running install_lib
[9.096s] running install_data
[9.097s] running install_egg_info
[9.258s] removing '/home/thomas/MobileRobot/ws_new/install/navigation/lib/python3.12/site-packages/navigation-0.0.0-py3.12.egg-info' (and everything under it)
[9.259s] Copying ../../build/navigation/navigation.egg-info to /home/thomas/MobileRobot/ws_new/install/navigation/lib/python3.12/site-packages/navigation-0.0.0-py3.12.egg-info
[9.262s] running install_scripts
[10.206s] Installing gps_path_follow script to /home/thomas/MobileRobot/ws_new/install/navigation/lib/navigation
[10.207s] Installing nav_node script to /home/thomas/MobileRobot/ws_new/install/navigation/lib/navigation
[10.211s] Installing waypoint_follow script to /home/thomas/MobileRobot/ws_new/install/navigation/lib/navigation
[10.220s] writing list of installed files to '/home/thomas/MobileRobot/ws_new/build/navigation/install.log'
[10.330s] Invoked command in '/home/thomas/MobileRobot/ws_new/src/navigation' returned '0': DEBUGINFOD_URLS=https://debuginfod.ubuntu.com PYTHONPATH=/home/thomas/MobileRobot/ws_new/build/navigation/prefix_override:/usr/lib/python3/dist-packages/colcon_core/task/python/colcon_distutils_commands:/home/thomas/MobileRobot/ws_new/install/navigation/lib/python3.12/site-packages:${PYTHONPATH} /usr/bin/python3 -W ignore:setup.py install is deprecated -W ignore:easy_install command is deprecated setup.py egg_info --egg-base ../../build/navigation build --build-base /home/thomas/MobileRobot/ws_new/build/navigation/build install --record /home/thomas/MobileRobot/ws_new/build/navigation/install.log --single-version-externally-managed install_data
