[2.932s] Invoking command in '/home/thomas/MobileRobot/ws_new/src/navigation': DEBUGINFOD_URLS=https://debuginfod.ubuntu.com PYTHONPATH=/home/thomas/MobileRobot/ws_new/build/navigation/prefix_override:/usr/lib/python3/dist-packages/colcon_core/task/python/colcon_distutils_commands:/home/thomas/MobileRobot/ws_new/install/navigation/lib/python3.12/site-packages:${PYTHONPATH} /usr/bin/python3 -W ignore:setup.py install is deprecated -W ignore:easy_install command is deprecated setup.py egg_info --egg-base ../../build/navigation build --build-base /home/thomas/MobileRobot/ws_new/build/navigation/build install --record /home/thomas/MobileRobot/ws_new/build/navigation/install.log --single-version-externally-managed install_data
[3.333s] running egg_info
[3.362s] writing ../../build/navigation/navigation.egg-info/PKG-INFO
[3.362s] writing dependency_links to ../../build/navigation/navigation.egg-info/dependency_links.txt
[3.362s] writing entry points to ../../build/navigation/navigation.egg-info/entry_points.txt
[3.363s] writing requirements to ../../build/navigation/navigation.egg-info/requires.txt
[3.363s] writing top-level names to ../../build/navigation/navigation.egg-info/top_level.txt
[3.426s] reading manifest file '../../build/navigation/navigation.egg-info/SOURCES.txt'
[3.427s] writing manifest file '../../build/navigation/navigation.egg-info/SOURCES.txt'
[3.427s] running build
[3.427s] running build_py
[3.428s] copying navigation/gps_path_follow.py -> /home/thomas/MobileRobot/ws_new/build/navigation/build/lib/navigation
[3.428s] running install
[3.437s] running install_lib
[3.469s] copying /home/thomas/MobileRobot/ws_new/build/navigation/build/lib/navigation/gps_path_follow.py -> /home/thomas/MobileRobot/ws_new/install/navigation/lib/python3.12/site-packages/navigation
[3.470s] byte-compiling /home/thomas/MobileRobot/ws_new/install/navigation/lib/python3.12/site-packages/navigation/gps_path_follow.py to gps_path_follow.cpython-312.pyc
[3.473s] running install_data
[3.473s] running install_egg_info
[3.509s] removing '/home/thomas/MobileRobot/ws_new/install/navigation/lib/python3.12/site-packages/navigation-0.0.0-py3.12.egg-info' (and everything under it)
[3.509s] Copying ../../build/navigation/navigation.egg-info to /home/thomas/MobileRobot/ws_new/install/navigation/lib/python3.12/site-packages/navigation-0.0.0-py3.12.egg-info
[3.510s] running install_scripts
[3.710s] Installing gps_path_follower script to /home/thomas/MobileRobot/ws_new/install/navigation/lib/navigation
[3.710s] Installing nav_node script to /home/thomas/MobileRobot/ws_new/install/navigation/lib/navigation
[3.710s] writing list of installed files to '/home/thomas/MobileRobot/ws_new/build/navigation/install.log'
[3.753s] Invoked command in '/home/thomas/MobileRobot/ws_new/src/navigation' returned '0': DEBUGINFOD_URLS=https://debuginfod.ubuntu.com PYTHONPATH=/home/thomas/MobileRobot/ws_new/build/navigation/prefix_override:/usr/lib/python3/dist-packages/colcon_core/task/python/colcon_distutils_commands:/home/thomas/MobileRobot/ws_new/install/navigation/lib/python3.12/site-packages:${PYTHONPATH} /usr/bin/python3 -W ignore:setup.py install is deprecated -W ignore:easy_install command is deprecated setup.py egg_info --egg-base ../../build/navigation build --build-base /home/thomas/MobileRobot/ws_new/build/navigation/build install --record /home/thomas/MobileRobot/ws_new/build/navigation/install.log --single-version-externally-managed install_data
