[0.074s] Invoking command in '/home/thomas/MobileRobot/ws_new/build/nav_2d_msgs': AMENT_PREFIX_PATH=/home/thomas/MobileRobot/ws_new/install/geometry_msgs:/home/thomas/MobileRobot/ws_new/install/std_msgs:${AMENT_PREFIX_PATH} CMAKE_PREFIX_PATH=/home/thomas/MobileRobot/ws_new/install/geometry_msgs:/home/thomas/MobileRobot/ws_new/install/std_msgs:/opt/ros/jazzy/opt/gz_sim_vendor:/opt/ros/jazzy/opt/gz_sensors_vendor:/opt/ros/jazzy/opt/gz_physics_vendor:/opt/ros/jazzy/opt/sdformat_vendor:/opt/ros/jazzy/opt/gz_gui_vendor:/opt/ros/jazzy/opt/gz_transport_vendor:/opt/ros/jazzy/opt/gz_rendering_vendor:/opt/ros/jazzy/opt/gz_plugin_vendor:/opt/ros/jazzy/opt/gz_fuel_tools_vendor:/opt/ros/jazzy/opt/gz_msgs_vendor:/opt/ros/jazzy/opt/gz_common_vendor:/opt/ros/jazzy/opt/gz_math_vendor:/opt/ros/jazzy/opt/gz_utils_vendor:/opt/ros/jazzy/opt/gz_tools_vendor:/opt/ros/jazzy/opt/gz_ogre_next_vendor:/opt/ros/jazzy/opt/gz_dartsim_vendor:/opt/ros/jazzy/opt/gz_cmake_vendor:/home/thomas/dev_ws/install/basic_mobile_robot:/opt/ros/jazzy DEBUGINFOD_URLS=https://debuginfod.ubuntu.com LD_LIBRARY_PATH=/home/thomas/MobileRobot/ws_new/install/geometry_msgs/lib:/home/thomas/MobileRobot/ws_new/install/std_msgs/lib:${LD_LIBRARY_PATH} PYTHONPATH=/home/thomas/MobileRobot/ws_new/install/geometry_msgs/lib/python3.12/site-packages:/home/thomas/MobileRobot/ws_new/install/std_msgs/lib/python3.12/site-packages:${PYTHONPATH} /usr/bin/cmake --build /home/thomas/MobileRobot/ws_new/build/nav_2d_msgs -- -j8 -l8
[0.249s] -- Found geometry_msgs: 5.3.5 (/opt/ros/jazzy/share/geometry_msgs/cmake)
[0.310s] -- Found Python3: /usr/bin/python3 (found version "3.12.3") found components: Interpreter 
[0.616s] -- Found rosidl_generator_c: 4.6.5 (/opt/ros/jazzy/share/rosidl_generator_c/cmake)
[0.642s] -- Found rosidl_generator_cpp: 4.6.5 (/opt/ros/jazzy/share/rosidl_generator_cpp/cmake)
[0.760s] -- Using all available rosidl_typesupport_c: rosidl_typesupport_fastrtps_c;rosidl_typesupport_introspection_c
[0.792s] -- Using all available rosidl_typesupport_cpp: rosidl_typesupport_fastrtps_cpp;rosidl_typesupport_introspection_cpp
[1.312s] -- Found rosidl_default_generators: 1.6.0 (/opt/ros/jazzy/share/rosidl_default_generators/cmake)
[1.325s] -- Found rosidl_adapter: 4.6.5 (/opt/ros/jazzy/share/rosidl_adapter/cmake)
[2.093s] -- Found ament_cmake_ros: 0.12.0 (/opt/ros/jazzy/share/ament_cmake_ros/cmake)
[3.002s] -- Using all available rosidl_typesupport_c: rosidl_typesupport_fastrtps_c;rosidl_typesupport_introspection_c
[3.272s] -- Using all available rosidl_typesupport_cpp: rosidl_typesupport_fastrtps_cpp;rosidl_typesupport_introspection_cpp
[3.275s] -- Found python_cmake_module: 0.11.1 (/opt/ros/jazzy/share/python_cmake_module/cmake)
[3.845s] -- Found Python3: /usr/bin/python3 (found version "3.12.3") found components: Interpreter Development NumPy Development.Module Development.Embed 
[4.004s] -- Configuring done (3.8s)
[4.308s] -- Generating done (0.3s)
[4.335s] -- Build files have been written to: /home/thomas/MobileRobot/ws_new/build/nav_2d_msgs
[4.413s] [  1%] Built target nav_2d_msgs__rosidl_generator_type_description
[4.487s] [  2%] Built target nav_2d_msgs__cpp
[4.502s] [  2%] Built target ament_cmake_python_copy_nav_2d_msgs
[4.521s] [ 26%] Built target nav_2d_msgs__rosidl_generator_c
[4.618s] [ 35%] Built target nav_2d_msgs__rosidl_typesupport_introspection_c
[4.658s] [ 45%] Built target nav_2d_msgs__rosidl_typesupport_c
[4.691s] [ 54%] Built target nav_2d_msgs__rosidl_typesupport_introspection_cpp
[4.752s] [ 64%] Built target nav_2d_msgs__rosidl_typesupport_fastrtps_cpp
[4.766s] [ 73%] Built target nav_2d_msgs__rosidl_typesupport_fastrtps_c
[4.799s] [ 83%] Built target nav_2d_msgs__rosidl_typesupport_cpp
[4.861s] [ 83%] Built target nav_2d_msgs
[4.927s] [ 84%] Built target nav_2d_msgs__py
[4.999s] [ 92%] Built target nav_2d_msgs__rosidl_generator_py
[5.091s] [ 95%] Built target nav_2d_msgs_s__rosidl_typesupport_c
[5.112s] [ 97%] Built target nav_2d_msgs_s__rosidl_typesupport_fastrtps_c
[5.119s] [100%] Built target nav_2d_msgs_s__rosidl_typesupport_introspection_c
[5.158s] running egg_info
[5.218s] writing nav_2d_msgs.egg-info/PKG-INFO
[5.218s] writing dependency_links to nav_2d_msgs.egg-info/dependency_links.txt
[5.219s] writing top-level names to nav_2d_msgs.egg-info/top_level.txt
[5.413s] reading manifest file 'nav_2d_msgs.egg-info/SOURCES.txt'
[5.425s] writing manifest file 'nav_2d_msgs.egg-info/SOURCES.txt'
[5.496s] [100%] Built target ament_cmake_python_build_nav_2d_msgs_egg
[5.522s] Invoked command in '/home/thomas/MobileRobot/ws_new/build/nav_2d_msgs' returned '0': AMENT_PREFIX_PATH=/home/thomas/MobileRobot/ws_new/install/geometry_msgs:/home/thomas/MobileRobot/ws_new/install/std_msgs:${AMENT_PREFIX_PATH} CMAKE_PREFIX_PATH=/home/thomas/MobileRobot/ws_new/install/geometry_msgs:/home/thomas/MobileRobot/ws_new/install/std_msgs:/opt/ros/jazzy/opt/gz_sim_vendor:/opt/ros/jazzy/opt/gz_sensors_vendor:/opt/ros/jazzy/opt/gz_physics_vendor:/opt/ros/jazzy/opt/sdformat_vendor:/opt/ros/jazzy/opt/gz_gui_vendor:/opt/ros/jazzy/opt/gz_transport_vendor:/opt/ros/jazzy/opt/gz_rendering_vendor:/opt/ros/jazzy/opt/gz_plugin_vendor:/opt/ros/jazzy/opt/gz_fuel_tools_vendor:/opt/ros/jazzy/opt/gz_msgs_vendor:/opt/ros/jazzy/opt/gz_common_vendor:/opt/ros/jazzy/opt/gz_math_vendor:/opt/ros/jazzy/opt/gz_utils_vendor:/opt/ros/jazzy/opt/gz_tools_vendor:/opt/ros/jazzy/opt/gz_ogre_next_vendor:/opt/ros/jazzy/opt/gz_dartsim_vendor:/opt/ros/jazzy/opt/gz_cmake_vendor:/home/thomas/dev_ws/install/basic_mobile_robot:/opt/ros/jazzy DEBUGINFOD_URLS=https://debuginfod.ubuntu.com LD_LIBRARY_PATH=/home/thomas/MobileRobot/ws_new/install/geometry_msgs/lib:/home/thomas/MobileRobot/ws_new/install/std_msgs/lib:${LD_LIBRARY_PATH} PYTHONPATH=/home/thomas/MobileRobot/ws_new/install/geometry_msgs/lib/python3.12/site-packages:/home/thomas/MobileRobot/ws_new/install/std_msgs/lib/python3.12/site-packages:${PYTHONPATH} /usr/bin/cmake --build /home/thomas/MobileRobot/ws_new/build/nav_2d_msgs -- -j8 -l8
[5.524s] Invoking command in '/home/thomas/MobileRobot/ws_new/build/nav_2d_msgs': AMENT_PREFIX_PATH=/home/thomas/MobileRobot/ws_new/install/geometry_msgs:/home/thomas/MobileRobot/ws_new/install/std_msgs:${AMENT_PREFIX_PATH} CMAKE_PREFIX_PATH=/home/thomas/MobileRobot/ws_new/install/geometry_msgs:/home/thomas/MobileRobot/ws_new/install/std_msgs:/opt/ros/jazzy/opt/gz_sim_vendor:/opt/ros/jazzy/opt/gz_sensors_vendor:/opt/ros/jazzy/opt/gz_physics_vendor:/opt/ros/jazzy/opt/sdformat_vendor:/opt/ros/jazzy/opt/gz_gui_vendor:/opt/ros/jazzy/opt/gz_transport_vendor:/opt/ros/jazzy/opt/gz_rendering_vendor:/opt/ros/jazzy/opt/gz_plugin_vendor:/opt/ros/jazzy/opt/gz_fuel_tools_vendor:/opt/ros/jazzy/opt/gz_msgs_vendor:/opt/ros/jazzy/opt/gz_common_vendor:/opt/ros/jazzy/opt/gz_math_vendor:/opt/ros/jazzy/opt/gz_utils_vendor:/opt/ros/jazzy/opt/gz_tools_vendor:/opt/ros/jazzy/opt/gz_ogre_next_vendor:/opt/ros/jazzy/opt/gz_dartsim_vendor:/opt/ros/jazzy/opt/gz_cmake_vendor:/home/thomas/dev_ws/install/basic_mobile_robot:/opt/ros/jazzy DEBUGINFOD_URLS=https://debuginfod.ubuntu.com LD_LIBRARY_PATH=/home/thomas/MobileRobot/ws_new/install/geometry_msgs/lib:/home/thomas/MobileRobot/ws_new/install/std_msgs/lib:${LD_LIBRARY_PATH} PYTHONPATH=/home/thomas/MobileRobot/ws_new/install/geometry_msgs/lib/python3.12/site-packages:/home/thomas/MobileRobot/ws_new/install/std_msgs/lib/python3.12/site-packages:${PYTHONPATH} /usr/bin/cmake --install /home/thomas/MobileRobot/ws_new/build/nav_2d_msgs
[5.541s] -- Install configuration: ""
[5.542s] -- Up-to-date: /home/thomas/MobileRobot/ws_new/install/nav_2d_msgs/share/ament_index/resource_index/rosidl_interfaces/nav_2d_msgs
[5.542s] -- Up-to-date: /home/thomas/MobileRobot/ws_new/install/nav_2d_msgs/share/nav_2d_msgs/msg/Path2D.json
[5.543s] -- Up-to-date: /home/thomas/MobileRobot/ws_new/install/nav_2d_msgs/share/nav_2d_msgs/msg/Pose2D32.json
[5.543s] -- Up-to-date: /home/thomas/MobileRobot/ws_new/install/nav_2d_msgs/share/nav_2d_msgs/msg/Pose2DStamped.json
[5.543s] -- Up-to-date: /home/thomas/MobileRobot/ws_new/install/nav_2d_msgs/share/nav_2d_msgs/msg/Twist2D.json
[5.543s] -- Up-to-date: /home/thomas/MobileRobot/ws_new/install/nav_2d_msgs/share/nav_2d_msgs/msg/Twist2D32.json
[5.543s] -- Up-to-date: /home/thomas/MobileRobot/ws_new/install/nav_2d_msgs/share/nav_2d_msgs/msg/Twist2DStamped.json
[5.543s] -- Up-to-date: /home/thomas/MobileRobot/ws_new/install/nav_2d_msgs/include/nav_2d_msgs/nav_2d_msgs
[5.555s] -- Up-to-date: /home/thomas/MobileRobot/ws_new/install/nav_2d_msgs/include/nav_2d_msgs/nav_2d_msgs/msg
[5.556s] -- Up-to-date: /home/thomas/MobileRobot/ws_new/install/nav_2d_msgs/include/nav_2d_msgs/nav_2d_msgs/msg/detail
[5.560s] -- Up-to-date: /home/thomas/MobileRobot/ws_new/install/nav_2d_msgs/include/nav_2d_msgs/nav_2d_msgs/msg/detail/path2_d__description.c
[5.561s] -- Up-to-date: /home/thomas/MobileRobot/ws_new/install/nav_2d_msgs/include/nav_2d_msgs/nav_2d_msgs/msg/detail/twist2_d__description.c
[5.561s] -- Up-to-date: /home/thomas/MobileRobot/ws_new/install/nav_2d_msgs/include/nav_2d_msgs/nav_2d_msgs/msg/detail/pose2_d32__struct.h
[5.561s] -- Up-to-date: /home/thomas/MobileRobot/ws_new/install/nav_2d_msgs/include/nav_2d_msgs/nav_2d_msgs/msg/detail/path2_d__struct.h
[5.561s] -- Up-to-date: /home/thomas/MobileRobot/ws_new/install/nav_2d_msgs/include/nav_2d_msgs/nav_2d_msgs/msg/detail/pose2_d_stamped__description.c
[5.561s] -- Up-to-date: /home/thomas/MobileRobot/ws_new/install/nav_2d_msgs/include/nav_2d_msgs/nav_2d_msgs/msg/detail/twist2_d32__description.c
[5.561s] -- Up-to-date: /home/thomas/MobileRobot/ws_new/install/nav_2d_msgs/include/nav_2d_msgs/nav_2d_msgs/msg/detail/pose2_d_stamped__type_support.h
[5.562s] -- Up-to-date: /home/thomas/MobileRobot/ws_new/install/nav_2d_msgs/include/nav_2d_msgs/nav_2d_msgs/msg/detail/pose2_d32__description.c
[5.562s] -- Up-to-date: /home/thomas/MobileRobot/ws_new/install/nav_2d_msgs/include/nav_2d_msgs/nav_2d_msgs/msg/detail/twist2_d32__functions.c
[5.562s] -- Up-to-date: /home/thomas/MobileRobot/ws_new/install/nav_2d_msgs/include/nav_2d_msgs/nav_2d_msgs/msg/detail/twist2_d32__struct.h
[5.562s] -- Up-to-date: /home/thomas/MobileRobot/ws_new/install/nav_2d_msgs/include/nav_2d_msgs/nav_2d_msgs/msg/detail/pose2_d_stamped__functions.c
[5.562s] -- Up-to-date: /home/thomas/MobileRobot/ws_new/install/nav_2d_msgs/include/nav_2d_msgs/nav_2d_msgs/msg/detail/pose2_d32__type_support.h
[5.566s] -- Up-to-date: /home/thomas/MobileRobot/ws_new/install/nav_2d_msgs/include/nav_2d_msgs/nav_2d_msgs/msg/detail/twist2_d_stamped__functions.c
[5.567s] -- Up-to-date: /home/thomas/MobileRobot/ws_new/install/nav_2d_msgs/include/nav_2d_msgs/nav_2d_msgs/msg/detail/pose2_d32__functions.c
[5.567s] -- Installing: /home/thomas/MobileRobot/ws_new/install/nav_2d_msgs/include/nav_2d_msgs/nav_2d_msgs/msg/detail/twist2_d32__type_support.c
[5.567s] -- Up-to-date: /home/thomas/MobileRobot/ws_new/install/nav_2d_msgs/include/nav_2d_msgs/nav_2d_msgs/msg/detail/twist2_d32__type_support.h
[5.567s] -- Up-to-date: /home/thomas/MobileRobot/ws_new/install/nav_2d_msgs/include/nav_2d_msgs/nav_2d_msgs/msg/detail/path2_d__functions.h
[5.568s] -- Up-to-date: /home/thomas/MobileRobot/ws_new/install/nav_2d_msgs/include/nav_2d_msgs/nav_2d_msgs/msg/detail/twist2_d__functions.h
[5.568s] -- Installing: /home/thomas/MobileRobot/ws_new/install/nav_2d_msgs/include/nav_2d_msgs/nav_2d_msgs/msg/detail/twist2_d_stamped__type_support.c
[5.568s] -- Installing: /home/thomas/MobileRobot/ws_new/install/nav_2d_msgs/include/nav_2d_msgs/nav_2d_msgs/msg/detail/path2_d__type_support.c
[5.568s] -- Up-to-date: /home/thomas/MobileRobot/ws_new/install/nav_2d_msgs/include/nav_2d_msgs/nav_2d_msgs/msg/detail/twist2_d__struct.h
[5.568s] -- Up-to-date: /home/thomas/MobileRobot/ws_new/install/nav_2d_msgs/include/nav_2d_msgs/nav_2d_msgs/msg/detail/path2_d__functions.c
[5.568s] -- Installing: /home/thomas/MobileRobot/ws_new/install/nav_2d_msgs/include/nav_2d_msgs/nav_2d_msgs/msg/detail/pose2_d32__type_support.c
[5.569s] -- Up-to-date: /home/thomas/MobileRobot/ws_new/install/nav_2d_msgs/include/nav_2d_msgs/nav_2d_msgs/msg/detail/path2_d__type_support.h
[5.569s] -- Up-to-date: /home/thomas/MobileRobot/ws_new/install/nav_2d_msgs/include/nav_2d_msgs/nav_2d_msgs/msg/detail/pose2_d32__functions.h
[5.569s] -- Up-to-date: /home/thomas/MobileRobot/ws_new/install/nav_2d_msgs/include/nav_2d_msgs/nav_2d_msgs/msg/detail/twist2_d__functions.c
[5.569s] -- Up-to-date: /home/thomas/MobileRobot/ws_new/install/nav_2d_msgs/include/nav_2d_msgs/nav_2d_msgs/msg/detail/twist2_d__type_support.h
[5.569s] -- Up-to-date: /home/thomas/MobileRobot/ws_new/install/nav_2d_msgs/include/nav_2d_msgs/nav_2d_msgs/msg/detail/twist2_d_stamped__struct.h
[5.570s] -- Up-to-date: /home/thomas/MobileRobot/ws_new/install/nav_2d_msgs/include/nav_2d_msgs/nav_2d_msgs/msg/detail/twist2_d_stamped__functions.h
[5.570s] -- Up-to-date: /home/thomas/MobileRobot/ws_new/install/nav_2d_msgs/include/nav_2d_msgs/nav_2d_msgs/msg/detail/twist2_d32__functions.h
[5.570s] -- Up-to-date: /home/thomas/MobileRobot/ws_new/install/nav_2d_msgs/include/nav_2d_msgs/nav_2d_msgs/msg/detail/pose2_d_stamped__functions.h
[5.570s] -- Installing: /home/thomas/MobileRobot/ws_new/install/nav_2d_msgs/include/nav_2d_msgs/nav_2d_msgs/msg/detail/twist2_d__type_support.c
[5.571s] -- Up-to-date: /home/thomas/MobileRobot/ws_new/install/nav_2d_msgs/include/nav_2d_msgs/nav_2d_msgs/msg/detail/pose2_d_stamped__struct.h
[5.571s] -- Up-to-date: /home/thomas/MobileRobot/ws_new/install/nav_2d_msgs/include/nav_2d_msgs/nav_2d_msgs/msg/detail/twist2_d_stamped__description.c
[5.572s] -- Installing: /home/thomas/MobileRobot/ws_new/install/nav_2d_msgs/include/nav_2d_msgs/nav_2d_msgs/msg/detail/pose2_d_stamped__type_support.c
[5.572s] -- Up-to-date: /home/thomas/MobileRobot/ws_new/install/nav_2d_msgs/include/nav_2d_msgs/nav_2d_msgs/msg/detail/twist2_d_stamped__type_support.h
[5.572s] -- Up-to-date: /home/thomas/MobileRobot/ws_new/install/nav_2d_msgs/include/nav_2d_msgs/nav_2d_msgs/msg/path2_d.h
[5.572s] -- Up-to-date: /home/thomas/MobileRobot/ws_new/install/nav_2d_msgs/include/nav_2d_msgs/nav_2d_msgs/msg/pose2_d32.h
[5.572s] -- Up-to-date: /home/thomas/MobileRobot/ws_new/install/nav_2d_msgs/include/nav_2d_msgs/nav_2d_msgs/msg/twist2_d_stamped.h
[5.572s] -- Up-to-date: /home/thomas/MobileRobot/ws_new/install/nav_2d_msgs/include/nav_2d_msgs/nav_2d_msgs/msg/twist2_d.h
[5.573s] -- Up-to-date: /home/thomas/MobileRobot/ws_new/install/nav_2d_msgs/include/nav_2d_msgs/nav_2d_msgs/msg/rosidl_generator_c__visibility_control.h
[5.573s] -- Up-to-date: /home/thomas/MobileRobot/ws_new/install/nav_2d_msgs/include/nav_2d_msgs/nav_2d_msgs/msg/twist2_d32.h
[5.573s] -- Up-to-date: /home/thomas/MobileRobot/ws_new/install/nav_2d_msgs/include/nav_2d_msgs/nav_2d_msgs/msg/pose2_d_stamped.h
[5.573s] -- Up-to-date: /home/thomas/MobileRobot/ws_new/install/nav_2d_msgs/share/nav_2d_msgs/environment/library_path.sh
[5.573s] -- Up-to-date: /home/thomas/MobileRobot/ws_new/install/nav_2d_msgs/share/nav_2d_msgs/environment/library_path.dsv
[5.575s] -- Up-to-date: /home/thomas/MobileRobot/ws_new/install/nav_2d_msgs/lib/libnav_2d_msgs__rosidl_generator_c.so
[5.575s] -- Up-to-date: /home/thomas/MobileRobot/ws_new/install/nav_2d_msgs/include/nav_2d_msgs/nav_2d_msgs
[5.576s] -- Up-to-date: /home/thomas/MobileRobot/ws_new/install/nav_2d_msgs/include/nav_2d_msgs/nav_2d_msgs/msg
[5.576s] -- Up-to-date: /home/thomas/MobileRobot/ws_new/install/nav_2d_msgs/include/nav_2d_msgs/nav_2d_msgs/msg/detail
[5.576s] -- Up-to-date: /home/thomas/MobileRobot/ws_new/install/nav_2d_msgs/include/nav_2d_msgs/nav_2d_msgs/msg/detail/twist2_d_stamped__rosidl_typesupport_fastrtps_c.h
[5.576s] -- Up-to-date: /home/thomas/MobileRobot/ws_new/install/nav_2d_msgs/include/nav_2d_msgs/nav_2d_msgs/msg/detail/pose2_d32__rosidl_typesupport_fastrtps_c.h
[5.576s] -- Up-to-date: /home/thomas/MobileRobot/ws_new/install/nav_2d_msgs/include/nav_2d_msgs/nav_2d_msgs/msg/detail/twist2_d32__rosidl_typesupport_fastrtps_c.h
[5.577s] -- Up-to-date: /home/thomas/MobileRobot/ws_new/install/nav_2d_msgs/include/nav_2d_msgs/nav_2d_msgs/msg/detail/path2_d__rosidl_typesupport_fastrtps_c.h
[5.577s] -- Up-to-date: /home/thomas/MobileRobot/ws_new/install/nav_2d_msgs/include/nav_2d_msgs/nav_2d_msgs/msg/detail/pose2_d_stamped__rosidl_typesupport_fastrtps_c.h
[5.577s] -- Up-to-date: /home/thomas/MobileRobot/ws_new/install/nav_2d_msgs/include/nav_2d_msgs/nav_2d_msgs/msg/detail/twist2_d__rosidl_typesupport_fastrtps_c.h
[5.577s] -- Up-to-date: /home/thomas/MobileRobot/ws_new/install/nav_2d_msgs/include/nav_2d_msgs/nav_2d_msgs/msg/rosidl_typesupport_fastrtps_c__visibility_control.h
[5.591s] -- Up-to-date: /home/thomas/MobileRobot/ws_new/install/nav_2d_msgs/lib/libnav_2d_msgs__rosidl_typesupport_fastrtps_c.so
[5.592s] -- Up-to-date: /home/thomas/MobileRobot/ws_new/install/nav_2d_msgs/include/nav_2d_msgs/nav_2d_msgs
[5.592s] -- Up-to-date: /home/thomas/MobileRobot/ws_new/install/nav_2d_msgs/include/nav_2d_msgs/nav_2d_msgs/msg
[5.592s] -- Up-to-date: /home/thomas/MobileRobot/ws_new/install/nav_2d_msgs/include/nav_2d_msgs/nav_2d_msgs/msg/detail
[5.593s] -- Up-to-date: /home/thomas/MobileRobot/ws_new/install/nav_2d_msgs/include/nav_2d_msgs/nav_2d_msgs/msg/detail/twist2_d_stamped__type_support.hpp
[5.593s] -- Up-to-date: /home/thomas/MobileRobot/ws_new/install/nav_2d_msgs/include/nav_2d_msgs/nav_2d_msgs/msg/detail/path2_d__traits.hpp
[5.594s] -- Up-to-date: /home/thomas/MobileRobot/ws_new/install/nav_2d_msgs/include/nav_2d_msgs/nav_2d_msgs/msg/detail/twist2_d_stamped__builder.hpp
[5.594s] -- Up-to-date: /home/thomas/MobileRobot/ws_new/install/nav_2d_msgs/include/nav_2d_msgs/nav_2d_msgs/msg/detail/twist2_d_stamped__traits.hpp
[5.594s] -- Up-to-date: /home/thomas/MobileRobot/ws_new/install/nav_2d_msgs/include/nav_2d_msgs/nav_2d_msgs/msg/detail/pose2_d32__type_support.hpp
[5.594s] -- Up-to-date: /home/thomas/MobileRobot/ws_new/install/nav_2d_msgs/include/nav_2d_msgs/nav_2d_msgs/msg/detail/twist2_d32__builder.hpp
[5.594s] -- Up-to-date: /home/thomas/MobileRobot/ws_new/install/nav_2d_msgs/include/nav_2d_msgs/nav_2d_msgs/msg/detail/path2_d__builder.hpp
[5.595s] -- Up-to-date: /home/thomas/MobileRobot/ws_new/install/nav_2d_msgs/include/nav_2d_msgs/nav_2d_msgs/msg/detail/twist2_d_stamped__struct.hpp
[5.595s] -- Up-to-date: /home/thomas/MobileRobot/ws_new/install/nav_2d_msgs/include/nav_2d_msgs/nav_2d_msgs/msg/detail/path2_d__type_support.hpp
[5.595s] -- Up-to-date: /home/thomas/MobileRobot/ws_new/install/nav_2d_msgs/include/nav_2d_msgs/nav_2d_msgs/msg/detail/pose2_d32__struct.hpp
[5.595s] -- Up-to-date: /home/thomas/MobileRobot/ws_new/install/nav_2d_msgs/include/nav_2d_msgs/nav_2d_msgs/msg/detail/twist2_d__struct.hpp
[5.595s] -- Up-to-date: /home/thomas/MobileRobot/ws_new/install/nav_2d_msgs/include/nav_2d_msgs/nav_2d_msgs/msg/detail/path2_d__struct.hpp
[5.596s] -- Up-to-date: /home/thomas/MobileRobot/ws_new/install/nav_2d_msgs/include/nav_2d_msgs/nav_2d_msgs/msg/detail/twist2_d__builder.hpp
[5.596s] -- Up-to-date: /home/thomas/MobileRobot/ws_new/install/nav_2d_msgs/include/nav_2d_msgs/nav_2d_msgs/msg/detail/pose2_d_stamped__struct.hpp
[5.596s] -- Up-to-date: /home/thomas/MobileRobot/ws_new/install/nav_2d_msgs/include/nav_2d_msgs/nav_2d_msgs/msg/detail/twist2_d32__type_support.hpp
[5.596s] -- Up-to-date: /home/thomas/MobileRobot/ws_new/install/nav_2d_msgs/include/nav_2d_msgs/nav_2d_msgs/msg/detail/twist2_d32__traits.hpp
[5.596s] -- Up-to-date: /home/thomas/MobileRobot/ws_new/install/nav_2d_msgs/include/nav_2d_msgs/nav_2d_msgs/msg/detail/pose2_d_stamped__builder.hpp
[5.597s] -- Up-to-date: /home/thomas/MobileRobot/ws_new/install/nav_2d_msgs/include/nav_2d_msgs/nav_2d_msgs/msg/detail/pose2_d_stamped__type_support.hpp
[5.597s] -- Up-to-date: /home/thomas/MobileRobot/ws_new/install/nav_2d_msgs/include/nav_2d_msgs/nav_2d_msgs/msg/detail/twist2_d__type_support.hpp
[5.597s] -- Up-to-date: /home/thomas/MobileRobot/ws_new/install/nav_2d_msgs/include/nav_2d_msgs/nav_2d_msgs/msg/detail/twist2_d32__struct.hpp
[5.597s] -- Up-to-date: /home/thomas/MobileRobot/ws_new/install/nav_2d_msgs/include/nav_2d_msgs/nav_2d_msgs/msg/detail/twist2_d__traits.hpp
[5.597s] -- Up-to-date: /home/thomas/MobileRobot/ws_new/install/nav_2d_msgs/include/nav_2d_msgs/nav_2d_msgs/msg/detail/pose2_d32__builder.hpp
[5.598s] -- Up-to-date: /home/thomas/MobileRobot/ws_new/install/nav_2d_msgs/include/nav_2d_msgs/nav_2d_msgs/msg/detail/pose2_d32__traits.hpp
[5.598s] -- Up-to-date: /home/thomas/MobileRobot/ws_new/install/nav_2d_msgs/include/nav_2d_msgs/nav_2d_msgs/msg/detail/pose2_d_stamped__traits.hpp
[5.598s] -- Up-to-date: /home/thomas/MobileRobot/ws_new/install/nav_2d_msgs/include/nav_2d_msgs/nav_2d_msgs/msg/twist2_d.hpp
[5.598s] -- Up-to-date: /home/thomas/MobileRobot/ws_new/install/nav_2d_msgs/include/nav_2d_msgs/nav_2d_msgs/msg/twist2_d32.hpp
[5.598s] -- Up-to-date: /home/thomas/MobileRobot/ws_new/install/nav_2d_msgs/include/nav_2d_msgs/nav_2d_msgs/msg/pose2_d32.hpp
[5.599s] -- Up-to-date: /home/thomas/MobileRobot/ws_new/install/nav_2d_msgs/include/nav_2d_msgs/nav_2d_msgs/msg/pose2_d_stamped.hpp
[5.599s] -- Up-to-date: /home/thomas/MobileRobot/ws_new/install/nav_2d_msgs/include/nav_2d_msgs/nav_2d_msgs/msg/twist2_d_stamped.hpp
[5.599s] -- Up-to-date: /home/thomas/MobileRobot/ws_new/install/nav_2d_msgs/include/nav_2d_msgs/nav_2d_msgs/msg/path2_d.hpp
[5.599s] -- Up-to-date: /home/thomas/MobileRobot/ws_new/install/nav_2d_msgs/include/nav_2d_msgs/nav_2d_msgs/msg/rosidl_generator_cpp__visibility_control.hpp
[5.599s] -- Up-to-date: /home/thomas/MobileRobot/ws_new/install/nav_2d_msgs/include/nav_2d_msgs/nav_2d_msgs
[5.608s] -- Up-to-date: /home/thomas/MobileRobot/ws_new/install/nav_2d_msgs/include/nav_2d_msgs/nav_2d_msgs/msg
[5.608s] -- Up-to-date: /home/thomas/MobileRobot/ws_new/install/nav_2d_msgs/include/nav_2d_msgs/nav_2d_msgs/msg/detail
[5.609s] -- Up-to-date: /home/thomas/MobileRobot/ws_new/install/nav_2d_msgs/include/nav_2d_msgs/nav_2d_msgs/msg/detail/twist2_d_stamped__rosidl_typesupport_fastrtps_cpp.hpp
[5.609s] -- Up-to-date: /home/thomas/MobileRobot/ws_new/install/nav_2d_msgs/include/nav_2d_msgs/nav_2d_msgs/msg/detail/path2_d__rosidl_typesupport_fastrtps_cpp.hpp
[5.612s] -- Up-to-date: /home/thomas/MobileRobot/ws_new/install/nav_2d_msgs/include/nav_2d_msgs/nav_2d_msgs/msg/detail/pose2_d_stamped__rosidl_typesupport_fastrtps_cpp.hpp
[5.612s] -- Up-to-date: /home/thomas/MobileRobot/ws_new/install/nav_2d_msgs/include/nav_2d_msgs/nav_2d_msgs/msg/detail/twist2_d__rosidl_typesupport_fastrtps_cpp.hpp
[5.613s] -- Up-to-date: /home/thomas/MobileRobot/ws_new/install/nav_2d_msgs/include/nav_2d_msgs/nav_2d_msgs/msg/detail/twist2_d32__rosidl_typesupport_fastrtps_cpp.hpp
[5.613s] -- Up-to-date: /home/thomas/MobileRobot/ws_new/install/nav_2d_msgs/include/nav_2d_msgs/nav_2d_msgs/msg/detail/dds_fastrtps
[5.613s] -- Up-to-date: /home/thomas/MobileRobot/ws_new/install/nav_2d_msgs/include/nav_2d_msgs/nav_2d_msgs/msg/detail/pose2_d32__rosidl_typesupport_fastrtps_cpp.hpp
[5.613s] -- Up-to-date: /home/thomas/MobileRobot/ws_new/install/nav_2d_msgs/include/nav_2d_msgs/nav_2d_msgs/msg/rosidl_typesupport_fastrtps_cpp__visibility_control.h
[5.614s] -- Up-to-date: /home/thomas/MobileRobot/ws_new/install/nav_2d_msgs/lib/libnav_2d_msgs__rosidl_typesupport_fastrtps_cpp.so
[5.614s] -- Up-to-date: /home/thomas/MobileRobot/ws_new/install/nav_2d_msgs/include/nav_2d_msgs/nav_2d_msgs
[5.614s] -- Up-to-date: /home/thomas/MobileRobot/ws_new/install/nav_2d_msgs/include/nav_2d_msgs/nav_2d_msgs/msg
[5.614s] -- Up-to-date: /home/thomas/MobileRobot/ws_new/install/nav_2d_msgs/include/nav_2d_msgs/nav_2d_msgs/msg/detail
[5.614s] -- Up-to-date: /home/thomas/MobileRobot/ws_new/install/nav_2d_msgs/include/nav_2d_msgs/nav_2d_msgs/msg/detail/twist2_d__rosidl_typesupport_introspection_c.h
[5.615s] -- Up-to-date: /home/thomas/MobileRobot/ws_new/install/nav_2d_msgs/include/nav_2d_msgs/nav_2d_msgs/msg/detail/twist2_d32__rosidl_typesupport_introspection_c.h
[5.615s] -- Installing: /home/thomas/MobileRobot/ws_new/install/nav_2d_msgs/include/nav_2d_msgs/nav_2d_msgs/msg/detail/twist2_d32__type_support.c
[5.623s] -- Up-to-date: /home/thomas/MobileRobot/ws_new/install/nav_2d_msgs/include/nav_2d_msgs/nav_2d_msgs/msg/detail/path2_d__rosidl_typesupport_introspection_c.h
[5.623s] -- Installing: /home/thomas/MobileRobot/ws_new/install/nav_2d_msgs/include/nav_2d_msgs/nav_2d_msgs/msg/detail/twist2_d_stamped__type_support.c
[5.623s] -- Installing: /home/thomas/MobileRobot/ws_new/install/nav_2d_msgs/include/nav_2d_msgs/nav_2d_msgs/msg/detail/path2_d__type_support.c
[5.623s] -- Installing: /home/thomas/MobileRobot/ws_new/install/nav_2d_msgs/include/nav_2d_msgs/nav_2d_msgs/msg/detail/pose2_d32__type_support.c
[5.624s] -- Up-to-date: /home/thomas/MobileRobot/ws_new/install/nav_2d_msgs/include/nav_2d_msgs/nav_2d_msgs/msg/detail/twist2_d_stamped__rosidl_typesupport_introspection_c.h
[5.624s] -- Up-to-date: /home/thomas/MobileRobot/ws_new/install/nav_2d_msgs/include/nav_2d_msgs/nav_2d_msgs/msg/detail/pose2_d_stamped__rosidl_typesupport_introspection_c.h
[5.624s] -- Installing: /home/thomas/MobileRobot/ws_new/install/nav_2d_msgs/include/nav_2d_msgs/nav_2d_msgs/msg/detail/twist2_d__type_support.c
[5.624s] -- Up-to-date: /home/thomas/MobileRobot/ws_new/install/nav_2d_msgs/include/nav_2d_msgs/nav_2d_msgs/msg/detail/pose2_d32__rosidl_typesupport_introspection_c.h
[5.624s] -- Installing: /home/thomas/MobileRobot/ws_new/install/nav_2d_msgs/include/nav_2d_msgs/nav_2d_msgs/msg/detail/pose2_d_stamped__type_support.c
[5.625s] -- Up-to-date: /home/thomas/MobileRobot/ws_new/install/nav_2d_msgs/include/nav_2d_msgs/nav_2d_msgs/msg/rosidl_typesupport_introspection_c__visibility_control.h
[5.625s] -- Up-to-date: /home/thomas/MobileRobot/ws_new/install/nav_2d_msgs/lib/libnav_2d_msgs__rosidl_typesupport_introspection_c.so
[5.626s] -- Up-to-date: /home/thomas/MobileRobot/ws_new/install/nav_2d_msgs/lib/libnav_2d_msgs__rosidl_typesupport_c.so
[5.627s] -- Up-to-date: /home/thomas/MobileRobot/ws_new/install/nav_2d_msgs/include/nav_2d_msgs/nav_2d_msgs
[5.627s] -- Up-to-date: /home/thomas/MobileRobot/ws_new/install/nav_2d_msgs/include/nav_2d_msgs/nav_2d_msgs/msg
[5.627s] -- Up-to-date: /home/thomas/MobileRobot/ws_new/install/nav_2d_msgs/include/nav_2d_msgs/nav_2d_msgs/msg/detail
[5.627s] -- Up-to-date: /home/thomas/MobileRobot/ws_new/install/nav_2d_msgs/include/nav_2d_msgs/nav_2d_msgs/msg/detail/pose2_d32__type_support.cpp
[5.628s] -- Up-to-date: /home/thomas/MobileRobot/ws_new/install/nav_2d_msgs/include/nav_2d_msgs/nav_2d_msgs/msg/detail/pose2_d_stamped__rosidl_typesupport_introspection_cpp.hpp
[5.628s] -- Up-to-date: /home/thomas/MobileRobot/ws_new/install/nav_2d_msgs/include/nav_2d_msgs/nav_2d_msgs/msg/detail/path2_d__type_support.cpp
[5.628s] -- Up-to-date: /home/thomas/MobileRobot/ws_new/install/nav_2d_msgs/include/nav_2d_msgs/nav_2d_msgs/msg/detail/pose2_d32__rosidl_typesupport_introspection_cpp.hpp
[5.628s] -- Up-to-date: /home/thomas/MobileRobot/ws_new/install/nav_2d_msgs/include/nav_2d_msgs/nav_2d_msgs/msg/detail/twist2_d__type_support.cpp
[5.628s] -- Up-to-date: /home/thomas/MobileRobot/ws_new/install/nav_2d_msgs/include/nav_2d_msgs/nav_2d_msgs/msg/detail/twist2_d32__type_support.cpp
[5.628s] -- Up-to-date: /home/thomas/MobileRobot/ws_new/install/nav_2d_msgs/include/nav_2d_msgs/nav_2d_msgs/msg/detail/path2_d__rosidl_typesupport_introspection_cpp.hpp
[5.628s] -- Up-to-date: /home/thomas/MobileRobot/ws_new/install/nav_2d_msgs/include/nav_2d_msgs/nav_2d_msgs/msg/detail/pose2_d_stamped__type_support.cpp
[5.628s] -- Up-to-date: /home/thomas/MobileRobot/ws_new/install/nav_2d_msgs/include/nav_2d_msgs/nav_2d_msgs/msg/detail/twist2_d32__rosidl_typesupport_introspection_cpp.hpp
[5.629s] -- Up-to-date: /home/thomas/MobileRobot/ws_new/install/nav_2d_msgs/include/nav_2d_msgs/nav_2d_msgs/msg/detail/twist2_d__rosidl_typesupport_introspection_cpp.hpp
[5.629s] -- Up-to-date: /home/thomas/MobileRobot/ws_new/install/nav_2d_msgs/include/nav_2d_msgs/nav_2d_msgs/msg/detail/twist2_d_stamped__type_support.cpp
[5.630s] -- Up-to-date: /home/thomas/MobileRobot/ws_new/install/nav_2d_msgs/include/nav_2d_msgs/nav_2d_msgs/msg/detail/twist2_d_stamped__rosidl_typesupport_introspection_cpp.hpp
[5.644s] -- Up-to-date: /home/thomas/MobileRobot/ws_new/install/nav_2d_msgs/lib/libnav_2d_msgs__rosidl_typesupport_introspection_cpp.so
[5.671s] -- Up-to-date: /home/thomas/MobileRobot/ws_new/install/nav_2d_msgs/lib/libnav_2d_msgs__rosidl_typesupport_cpp.so
[5.672s] -- Up-to-date: /home/thomas/MobileRobot/ws_new/install/nav_2d_msgs/share/nav_2d_msgs/environment/pythonpath.sh
[5.678s] -- Up-to-date: /home/thomas/MobileRobot/ws_new/install/nav_2d_msgs/share/nav_2d_msgs/environment/pythonpath.dsv
[5.679s] -- Installing: /home/thomas/MobileRobot/ws_new/install/nav_2d_msgs/lib/python3.12/site-packages/nav_2d_msgs-1.3.6-py3.12.egg-info
[5.679s] -- Installing: /home/thomas/MobileRobot/ws_new/install/nav_2d_msgs/lib/python3.12/site-packages/nav_2d_msgs-1.3.6-py3.12.egg-info/top_level.txt
[5.679s] -- Installing: /home/thomas/MobileRobot/ws_new/install/nav_2d_msgs/lib/python3.12/site-packages/nav_2d_msgs-1.3.6-py3.12.egg-info/SOURCES.txt
[5.679s] -- Installing: /home/thomas/MobileRobot/ws_new/install/nav_2d_msgs/lib/python3.12/site-packages/nav_2d_msgs-1.3.6-py3.12.egg-info/dependency_links.txt
[5.679s] -- Installing: /home/thomas/MobileRobot/ws_new/install/nav_2d_msgs/lib/python3.12/site-packages/nav_2d_msgs-1.3.6-py3.12.egg-info/PKG-INFO
[5.679s] -- Up-to-date: /home/thomas/MobileRobot/ws_new/install/nav_2d_msgs/lib/python3.12/site-packages/nav_2d_msgs
[5.680s] -- Up-to-date: /home/thomas/MobileRobot/ws_new/install/nav_2d_msgs/lib/python3.12/site-packages/nav_2d_msgs/nav_2d_msgs_s__rosidl_typesupport_introspection_c.so
[5.680s] -- Installing: /home/thomas/MobileRobot/ws_new/install/nav_2d_msgs/lib/python3.12/site-packages/nav_2d_msgs/__init__.py
[5.680s] -- Up-to-date: /home/thomas/MobileRobot/ws_new/install/nav_2d_msgs/lib/python3.12/site-packages/nav_2d_msgs/nav_2d_msgs_s__rosidl_typesupport_fastrtps_c.so
[5.684s] -- Up-to-date: /home/thomas/MobileRobot/ws_new/install/nav_2d_msgs/lib/python3.12/site-packages/nav_2d_msgs/_nav_2d_msgs_s.ep.rosidl_typesupport_introspection_c.c
[5.684s] -- Up-to-date: /home/thomas/MobileRobot/ws_new/install/nav_2d_msgs/lib/python3.12/site-packages/nav_2d_msgs/_nav_2d_msgs_s.ep.rosidl_typesupport_fastrtps_c.c
[5.685s] -- Up-to-date: /home/thomas/MobileRobot/ws_new/install/nav_2d_msgs/lib/python3.12/site-packages/nav_2d_msgs/nav_2d_msgs_s__rosidl_typesupport_c.so
[5.685s] -- Up-to-date: /home/thomas/MobileRobot/ws_new/install/nav_2d_msgs/lib/python3.12/site-packages/nav_2d_msgs/msg
[5.685s] -- Up-to-date: /home/thomas/MobileRobot/ws_new/install/nav_2d_msgs/lib/python3.12/site-packages/nav_2d_msgs/msg/_pose2_d_stamped.py
[5.685s] -- Up-to-date: /home/thomas/MobileRobot/ws_new/install/nav_2d_msgs/lib/python3.12/site-packages/nav_2d_msgs/msg/_twist2_d32.py
[5.685s] -- Up-to-date: /home/thomas/MobileRobot/ws_new/install/nav_2d_msgs/lib/python3.12/site-packages/nav_2d_msgs/msg/__init__.py
[5.685s] -- Up-to-date: /home/thomas/MobileRobot/ws_new/install/nav_2d_msgs/lib/python3.12/site-packages/nav_2d_msgs/msg/_twist2_d.py
[5.686s] -- Up-to-date: /home/thomas/MobileRobot/ws_new/install/nav_2d_msgs/lib/python3.12/site-packages/nav_2d_msgs/msg/_twist2_d_stamped.py
[5.686s] -- Up-to-date: /home/thomas/MobileRobot/ws_new/install/nav_2d_msgs/lib/python3.12/site-packages/nav_2d_msgs/msg/_twist2_d_s.c
[5.686s] -- Up-to-date: /home/thomas/MobileRobot/ws_new/install/nav_2d_msgs/lib/python3.12/site-packages/nav_2d_msgs/msg/_twist2_d32_s.c
[5.686s] -- Up-to-date: /home/thomas/MobileRobot/ws_new/install/nav_2d_msgs/lib/python3.12/site-packages/nav_2d_msgs/msg/_pose2_d32.py
[5.686s] -- Up-to-date: /home/thomas/MobileRobot/ws_new/install/nav_2d_msgs/lib/python3.12/site-packages/nav_2d_msgs/msg/_pose2_d_stamped_s.c
[5.687s] -- Up-to-date: /home/thomas/MobileRobot/ws_new/install/nav_2d_msgs/lib/python3.12/site-packages/nav_2d_msgs/msg/_path2_d_s.c
[5.687s] -- Up-to-date: /home/thomas/MobileRobot/ws_new/install/nav_2d_msgs/lib/python3.12/site-packages/nav_2d_msgs/msg/_pose2_d32_s.c
[5.687s] -- Up-to-date: /home/thomas/MobileRobot/ws_new/install/nav_2d_msgs/lib/python3.12/site-packages/nav_2d_msgs/msg/_path2_d.py
[5.687s] -- Up-to-date: /home/thomas/MobileRobot/ws_new/install/nav_2d_msgs/lib/python3.12/site-packages/nav_2d_msgs/msg/_twist2_d_stamped_s.c
[5.687s] -- Up-to-date: /home/thomas/MobileRobot/ws_new/install/nav_2d_msgs/lib/python3.12/site-packages/nav_2d_msgs/_nav_2d_msgs_s.ep.rosidl_typesupport_c.c
[5.801s] Listing '/home/thomas/MobileRobot/ws_new/install/nav_2d_msgs/lib/python3.12/site-packages/nav_2d_msgs'...
[5.802s] Compiling '/home/thomas/MobileRobot/ws_new/install/nav_2d_msgs/lib/python3.12/site-packages/nav_2d_msgs/__init__.py'...
[5.802s] Listing '/home/thomas/MobileRobot/ws_new/install/nav_2d_msgs/lib/python3.12/site-packages/nav_2d_msgs/msg'...
[5.822s] -- Up-to-date: /home/thomas/MobileRobot/ws_new/install/nav_2d_msgs/lib/python3.12/site-packages/nav_2d_msgs/nav_2d_msgs_s__rosidl_typesupport_fastrtps_c.so
[5.824s] -- Up-to-date: /home/thomas/MobileRobot/ws_new/install/nav_2d_msgs/lib/python3.12/site-packages/nav_2d_msgs/nav_2d_msgs_s__rosidl_typesupport_introspection_c.so
[5.826s] -- Up-to-date: /home/thomas/MobileRobot/ws_new/install/nav_2d_msgs/lib/python3.12/site-packages/nav_2d_msgs/nav_2d_msgs_s__rosidl_typesupport_c.so
[5.829s] -- Up-to-date: /home/thomas/MobileRobot/ws_new/install/nav_2d_msgs/lib/libnav_2d_msgs__rosidl_generator_py.so
[5.829s] -- Up-to-date: /home/thomas/MobileRobot/ws_new/install/nav_2d_msgs/share/nav_2d_msgs/msg/Path2D.idl
[5.829s] -- Up-to-date: /home/thomas/MobileRobot/ws_new/install/nav_2d_msgs/share/nav_2d_msgs/msg/Pose2D32.idl
[5.830s] -- Up-to-date: /home/thomas/MobileRobot/ws_new/install/nav_2d_msgs/share/nav_2d_msgs/msg/Pose2DStamped.idl
[5.830s] -- Up-to-date: /home/thomas/MobileRobot/ws_new/install/nav_2d_msgs/share/nav_2d_msgs/msg/Twist2D.idl
[5.830s] -- Up-to-date: /home/thomas/MobileRobot/ws_new/install/nav_2d_msgs/share/nav_2d_msgs/msg/Twist2D32.idl
[5.835s] -- Up-to-date: /home/thomas/MobileRobot/ws_new/install/nav_2d_msgs/share/nav_2d_msgs/msg/Twist2DStamped.idl
[5.835s] -- Installing: /home/thomas/MobileRobot/ws_new/install/nav_2d_msgs/share/nav_2d_msgs/msg/Path2D.msg
[5.835s] -- Installing: /home/thomas/MobileRobot/ws_new/install/nav_2d_msgs/share/nav_2d_msgs/msg/Pose2D32.msg
[5.835s] -- Installing: /home/thomas/MobileRobot/ws_new/install/nav_2d_msgs/share/nav_2d_msgs/msg/Pose2DStamped.msg
[5.836s] -- Installing: /home/thomas/MobileRobot/ws_new/install/nav_2d_msgs/share/nav_2d_msgs/msg/Twist2D.msg
[5.843s] -- Installing: /home/thomas/MobileRobot/ws_new/install/nav_2d_msgs/share/nav_2d_msgs/msg/Twist2D32.msg
[5.843s] -- Installing: /home/thomas/MobileRobot/ws_new/install/nav_2d_msgs/share/nav_2d_msgs/msg/Twist2DStamped.msg
[5.843s] -- Up-to-date: /home/thomas/MobileRobot/ws_new/install/nav_2d_msgs/share/ament_index/resource_index/package_run_dependencies/nav_2d_msgs
[5.843s] -- Installing: /home/thomas/MobileRobot/ws_new/install/nav_2d_msgs/share/ament_index/resource_index/parent_prefix_path/nav_2d_msgs
[5.844s] -- Up-to-date: /home/thomas/MobileRobot/ws_new/install/nav_2d_msgs/share/nav_2d_msgs/environment/ament_prefix_path.sh
[5.844s] -- Up-to-date: /home/thomas/MobileRobot/ws_new/install/nav_2d_msgs/share/nav_2d_msgs/environment/ament_prefix_path.dsv
[5.845s] -- Up-to-date: /home/thomas/MobileRobot/ws_new/install/nav_2d_msgs/share/nav_2d_msgs/environment/path.sh
[5.845s] -- Up-to-date: /home/thomas/MobileRobot/ws_new/install/nav_2d_msgs/share/nav_2d_msgs/environment/path.dsv
[5.855s] -- Up-to-date: /home/thomas/MobileRobot/ws_new/install/nav_2d_msgs/share/nav_2d_msgs/local_setup.bash
[5.855s] -- Up-to-date: /home/thomas/MobileRobot/ws_new/install/nav_2d_msgs/share/nav_2d_msgs/local_setup.sh
[5.855s] -- Up-to-date: /home/thomas/MobileRobot/ws_new/install/nav_2d_msgs/share/nav_2d_msgs/local_setup.zsh
[5.855s] -- Up-to-date: /home/thomas/MobileRobot/ws_new/install/nav_2d_msgs/share/nav_2d_msgs/local_setup.dsv
[5.855s] -- Installing: /home/thomas/MobileRobot/ws_new/install/nav_2d_msgs/share/nav_2d_msgs/package.dsv
[5.855s] -- Up-to-date: /home/thomas/MobileRobot/ws_new/install/nav_2d_msgs/share/ament_index/resource_index/packages/nav_2d_msgs
[5.856s] -- Up-to-date: /home/thomas/MobileRobot/ws_new/install/nav_2d_msgs/share/nav_2d_msgs/cmake/export_nav_2d_msgs__rosidl_generator_cExport.cmake
[5.856s] -- Up-to-date: /home/thomas/MobileRobot/ws_new/install/nav_2d_msgs/share/nav_2d_msgs/cmake/export_nav_2d_msgs__rosidl_generator_cExport-noconfig.cmake
[5.857s] -- Up-to-date: /home/thomas/MobileRobot/ws_new/install/nav_2d_msgs/share/nav_2d_msgs/cmake/export_nav_2d_msgs__rosidl_typesupport_fastrtps_cExport.cmake
[5.857s] -- Up-to-date: /home/thomas/MobileRobot/ws_new/install/nav_2d_msgs/share/nav_2d_msgs/cmake/export_nav_2d_msgs__rosidl_typesupport_fastrtps_cExport-noconfig.cmake
[5.858s] -- Up-to-date: /home/thomas/MobileRobot/ws_new/install/nav_2d_msgs/share/nav_2d_msgs/cmake/export_nav_2d_msgs__rosidl_generator_cppExport.cmake
[5.858s] -- Up-to-date: /home/thomas/MobileRobot/ws_new/install/nav_2d_msgs/share/nav_2d_msgs/cmake/export_nav_2d_msgs__rosidl_typesupport_fastrtps_cppExport.cmake
[5.859s] -- Up-to-date: /home/thomas/MobileRobot/ws_new/install/nav_2d_msgs/share/nav_2d_msgs/cmake/export_nav_2d_msgs__rosidl_typesupport_fastrtps_cppExport-noconfig.cmake
[5.859s] -- Up-to-date: /home/thomas/MobileRobot/ws_new/install/nav_2d_msgs/share/nav_2d_msgs/cmake/nav_2d_msgs__rosidl_typesupport_introspection_cExport.cmake
[5.860s] -- Up-to-date: /home/thomas/MobileRobot/ws_new/install/nav_2d_msgs/share/nav_2d_msgs/cmake/nav_2d_msgs__rosidl_typesupport_introspection_cExport-noconfig.cmake
[5.860s] -- Up-to-date: /home/thomas/MobileRobot/ws_new/install/nav_2d_msgs/share/nav_2d_msgs/cmake/nav_2d_msgs__rosidl_typesupport_cExport.cmake
[5.860s] -- Up-to-date: /home/thomas/MobileRobot/ws_new/install/nav_2d_msgs/share/nav_2d_msgs/cmake/nav_2d_msgs__rosidl_typesupport_cExport-noconfig.cmake
[5.862s] -- Up-to-date: /home/thomas/MobileRobot/ws_new/install/nav_2d_msgs/share/nav_2d_msgs/cmake/nav_2d_msgs__rosidl_typesupport_introspection_cppExport.cmake
[5.862s] -- Up-to-date: /home/thomas/MobileRobot/ws_new/install/nav_2d_msgs/share/nav_2d_msgs/cmake/nav_2d_msgs__rosidl_typesupport_introspection_cppExport-noconfig.cmake
[5.865s] -- Up-to-date: /home/thomas/MobileRobot/ws_new/install/nav_2d_msgs/share/nav_2d_msgs/cmake/nav_2d_msgs__rosidl_typesupport_cppExport.cmake
[5.865s] -- Up-to-date: /home/thomas/MobileRobot/ws_new/install/nav_2d_msgs/share/nav_2d_msgs/cmake/nav_2d_msgs__rosidl_typesupport_cppExport-noconfig.cmake
[5.871s] -- Up-to-date: /home/thomas/MobileRobot/ws_new/install/nav_2d_msgs/share/nav_2d_msgs/cmake/export_nav_2d_msgs__rosidl_generator_pyExport.cmake
[5.872s] -- Up-to-date: /home/thomas/MobileRobot/ws_new/install/nav_2d_msgs/share/nav_2d_msgs/cmake/export_nav_2d_msgs__rosidl_generator_pyExport-noconfig.cmake
[5.872s] -- Up-to-date: /home/thomas/MobileRobot/ws_new/install/nav_2d_msgs/share/nav_2d_msgs/cmake/rosidl_cmake-extras.cmake
[5.872s] -- Up-to-date: /home/thomas/MobileRobot/ws_new/install/nav_2d_msgs/share/nav_2d_msgs/cmake/ament_cmake_export_dependencies-extras.cmake
[5.873s] -- Up-to-date: /home/thomas/MobileRobot/ws_new/install/nav_2d_msgs/share/nav_2d_msgs/cmake/ament_cmake_export_include_directories-extras.cmake
[5.873s] -- Up-to-date: /home/thomas/MobileRobot/ws_new/install/nav_2d_msgs/share/nav_2d_msgs/cmake/ament_cmake_export_libraries-extras.cmake
[5.873s] -- Up-to-date: /home/thomas/MobileRobot/ws_new/install/nav_2d_msgs/share/nav_2d_msgs/cmake/ament_cmake_export_targets-extras.cmake
[5.873s] -- Up-to-date: /home/thomas/MobileRobot/ws_new/install/nav_2d_msgs/share/nav_2d_msgs/cmake/rosidl_cmake_export_typesupport_targets-extras.cmake
[5.874s] -- Up-to-date: /home/thomas/MobileRobot/ws_new/install/nav_2d_msgs/share/nav_2d_msgs/cmake/rosidl_cmake_export_typesupport_libraries-extras.cmake
[5.874s] -- Installing: /home/thomas/MobileRobot/ws_new/install/nav_2d_msgs/share/nav_2d_msgs/cmake/nav_2d_msgsConfig.cmake
[5.874s] -- Installing: /home/thomas/MobileRobot/ws_new/install/nav_2d_msgs/share/nav_2d_msgs/cmake/nav_2d_msgsConfig-version.cmake
[5.874s] -- Installing: /home/thomas/MobileRobot/ws_new/install/nav_2d_msgs/share/nav_2d_msgs/package.xml
[5.883s] Invoked command in '/home/thomas/MobileRobot/ws_new/build/nav_2d_msgs' returned '0': AMENT_PREFIX_PATH=/home/thomas/MobileRobot/ws_new/install/geometry_msgs:/home/thomas/MobileRobot/ws_new/install/std_msgs:${AMENT_PREFIX_PATH} CMAKE_PREFIX_PATH=/home/thomas/MobileRobot/ws_new/install/geometry_msgs:/home/thomas/MobileRobot/ws_new/install/std_msgs:/opt/ros/jazzy/opt/gz_sim_vendor:/opt/ros/jazzy/opt/gz_sensors_vendor:/opt/ros/jazzy/opt/gz_physics_vendor:/opt/ros/jazzy/opt/sdformat_vendor:/opt/ros/jazzy/opt/gz_gui_vendor:/opt/ros/jazzy/opt/gz_transport_vendor:/opt/ros/jazzy/opt/gz_rendering_vendor:/opt/ros/jazzy/opt/gz_plugin_vendor:/opt/ros/jazzy/opt/gz_fuel_tools_vendor:/opt/ros/jazzy/opt/gz_msgs_vendor:/opt/ros/jazzy/opt/gz_common_vendor:/opt/ros/jazzy/opt/gz_math_vendor:/opt/ros/jazzy/opt/gz_utils_vendor:/opt/ros/jazzy/opt/gz_tools_vendor:/opt/ros/jazzy/opt/gz_ogre_next_vendor:/opt/ros/jazzy/opt/gz_dartsim_vendor:/opt/ros/jazzy/opt/gz_cmake_vendor:/home/thomas/dev_ws/install/basic_mobile_robot:/opt/ros/jazzy DEBUGINFOD_URLS=https://debuginfod.ubuntu.com LD_LIBRARY_PATH=/home/thomas/MobileRobot/ws_new/install/geometry_msgs/lib:/home/thomas/MobileRobot/ws_new/install/std_msgs/lib:${LD_LIBRARY_PATH} PYTHONPATH=/home/thomas/MobileRobot/ws_new/install/geometry_msgs/lib/python3.12/site-packages:/home/thomas/MobileRobot/ws_new/install/std_msgs/lib/python3.12/site-packages:${PYTHONPATH} /usr/bin/cmake --install /home/thomas/MobileRobot/ws_new/build/nav_2d_msgs
