[3.296s] Invoking command in '/home/thomas/MobileRobot/ws_new/src/navigation': DEBUGINFOD_URLS=https://debuginfod.ubuntu.com PYTHONPATH=/home/thomas/MobileRobot/ws_new/build/navigation/prefix_override:/usr/lib/python3/dist-packages/colcon_core/task/python/colcon_distutils_commands:/home/thomas/MobileRobot/ws_new/install/navigation/lib/python3.12/site-packages:${PYTHONPATH} /usr/bin/python3 -W ignore:setup.py install is deprecated -W ignore:easy_install command is deprecated setup.py egg_info --egg-base ../../build/navigation build --build-base /home/thomas/MobileRobot/ws_new/build/navigation/build install --record /home/thomas/MobileRobot/ws_new/build/navigation/install.log --single-version-externally-managed install_data
[4.428s] running egg_info
[4.534s] writing ../../build/navigation/navigation.egg-info/PKG-INFO
[4.537s] writing dependency_links to ../../build/navigation/navigation.egg-info/dependency_links.txt
[4.537s] writing entry points to ../../build/navigation/navigation.egg-info/entry_points.txt
[4.538s] writing requirements to ../../build/navigation/navigation.egg-info/requires.txt
[4.539s] writing top-level names to ../../build/navigation/navigation.egg-info/top_level.txt
[4.740s] reading manifest file '../../build/navigation/navigation.egg-info/SOURCES.txt'
[4.743s] writing manifest file '../../build/navigation/navigation.egg-info/SOURCES.txt'
[4.744s] running build
[4.744s] running build_py
[4.745s] running install
[4.771s] running install_lib
[4.881s] running install_data
[4.881s] copying package.xml -> /home/thomas/MobileRobot/ws_new/install/navigation/share/navigation
[4.883s] running install_egg_info
[4.984s] removing '/home/thomas/MobileRobot/ws_new/install/navigation/lib/python3.12/site-packages/navigation-0.0.0-py3.12.egg-info' (and everything under it)
[4.985s] Copying ../../build/navigation/navigation.egg-info to /home/thomas/MobileRobot/ws_new/install/navigation/lib/python3.12/site-packages/navigation-0.0.0-py3.12.egg-info
[4.990s] running install_scripts
[5.570s] Installing gps_path_follow script to /home/thomas/MobileRobot/ws_new/install/navigation/lib/navigation
[5.572s] Installing nav_node script to /home/thomas/MobileRobot/ws_new/install/navigation/lib/navigation
[5.573s] writing list of installed files to '/home/thomas/MobileRobot/ws_new/build/navigation/install.log'
[5.688s] Invoked command in '/home/thomas/MobileRobot/ws_new/src/navigation' returned '0': DEBUGINFOD_URLS=https://debuginfod.ubuntu.com PYTHONPATH=/home/thomas/MobileRobot/ws_new/build/navigation/prefix_override:/usr/lib/python3/dist-packages/colcon_core/task/python/colcon_distutils_commands:/home/thomas/MobileRobot/ws_new/install/navigation/lib/python3.12/site-packages:${PYTHONPATH} /usr/bin/python3 -W ignore:setup.py install is deprecated -W ignore:easy_install command is deprecated setup.py egg_info --egg-base ../../build/navigation build --build-base /home/thomas/MobileRobot/ws_new/build/navigation/build install --record /home/thomas/MobileRobot/ws_new/build/navigation/install.log --single-version-externally-managed install_data
