[0.058s] Invoking command in '/home/thomas/MobileRobot/ws_new/build/nav2_constrained_smoother': AMENT_PREFIX_PATH=/home/thomas/MobileRobot/ws_new/install/nav2_core:/home/thomas/MobileRobot/ws_new/install/nav2_costmap_2d:/home/thomas/MobileRobot/ws_new/install/nav2_map_server:/home/thomas/MobileRobot/ws_new/install/nav2_lifecycle_manager:/home/thomas/MobileRobot/ws_new/install/nav2_behavior_tree:/home/thomas/MobileRobot/ws_new/install/nav2_util:/home/thomas/MobileRobot/ws_new/install/visualization_msgs:/home/thomas/MobileRobot/ws_new/install/nav2_msgs:/home/thomas/MobileRobot/ws_new/install/sensor_msgs:/home/thomas/MobileRobot/ws_new/install/nav_msgs:/home/thomas/MobileRobot/ws_new/install/nav2_voxel_grid:/home/thomas/MobileRobot/ws_new/install/geometry_msgs:/home/thomas/MobileRobot/ws_new/install/std_srvs:/home/thomas/MobileRobot/ws_new/install/std_msgs:/home/thomas/MobileRobot/ws_new/install/nav2_common:${AMENT_PREFIX_PATH} CMAKE_PREFIX_PATH=/home/thomas/MobileRobot/ws_new/install/nav2_core:/home/thomas/MobileRobot/ws_new/install/nav2_costmap_2d:/home/thomas/MobileRobot/ws_new/install/nav2_map_server:/home/thomas/MobileRobot/ws_new/install/nav2_lifecycle_manager:/home/thomas/MobileRobot/ws_new/install/nav2_behavior_tree:/home/thomas/MobileRobot/ws_new/install/nav2_util:/home/thomas/MobileRobot/ws_new/install/visualization_msgs:/home/thomas/MobileRobot/ws_new/install/nav2_msgs:/home/thomas/MobileRobot/ws_new/install/sensor_msgs:/home/thomas/MobileRobot/ws_new/install/nav_msgs:/home/thomas/MobileRobot/ws_new/install/nav2_voxel_grid:/home/thomas/MobileRobot/ws_new/install/geometry_msgs:/home/thomas/MobileRobot/ws_new/install/std_srvs:/home/thomas/MobileRobot/ws_new/install/std_msgs:/home/thomas/MobileRobot/ws_new/install/nav2_common:/opt/ros/jazzy/opt/gz_sim_vendor:/opt/ros/jazzy/opt/gz_sensors_vendor:/opt/ros/jazzy/opt/gz_physics_vendor:/opt/ros/jazzy/opt/sdformat_vendor:/opt/ros/jazzy/opt/gz_gui_vendor:/opt/ros/jazzy/opt/gz_transport_vendor:/opt/ros/jazzy/opt/gz_rendering_vendor:/opt/ros/jazzy/opt/gz_plugin_vendor:/opt/ros/jazzy/opt/gz_fuel_tools_vendor:/opt/ros/jazzy/opt/gz_msgs_vendor:/opt/ros/jazzy/opt/gz_common_vendor:/opt/ros/jazzy/opt/gz_math_vendor:/opt/ros/jazzy/opt/gz_utils_vendor:/opt/ros/jazzy/opt/gz_tools_vendor:/opt/ros/jazzy/opt/gz_ogre_next_vendor:/opt/ros/jazzy/opt/gz_dartsim_vendor:/opt/ros/jazzy/opt/gz_cmake_vendor:/home/thomas/dev_ws/install/basic_mobile_robot:/opt/ros/jazzy DEBUGINFOD_URLS=https://debuginfod.ubuntu.com LD_LIBRARY_PATH=/home/thomas/MobileRobot/ws_new/install/nav2_costmap_2d/lib:/home/thomas/MobileRobot/ws_new/install/nav2_map_server/lib:/home/thomas/MobileRobot/ws_new/install/nav2_lifecycle_manager/lib:/home/thomas/MobileRobot/ws_new/install/nav2_behavior_tree/lib:/home/thomas/MobileRobot/ws_new/install/nav2_util/lib:/home/thomas/MobileRobot/ws_new/install/visualization_msgs/lib:/home/thomas/MobileRobot/ws_new/install/nav2_msgs/lib:/home/thomas/MobileRobot/ws_new/install/sensor_msgs/lib:/home/thomas/MobileRobot/ws_new/install/nav_msgs/lib:/home/thomas/MobileRobot/ws_new/install/nav2_voxel_grid/lib:/home/thomas/MobileRobot/ws_new/install/geometry_msgs/lib:/home/thomas/MobileRobot/ws_new/install/std_srvs/lib:/home/thomas/MobileRobot/ws_new/install/std_msgs/lib:${LD_LIBRARY_PATH} PYTHONPATH=/home/thomas/MobileRobot/ws_new/install/visualization_msgs/lib/python3.12/site-packages:/home/thomas/MobileRobot/ws_new/install/nav2_msgs/lib/python3.12/site-packages:/home/thomas/MobileRobot/ws_new/install/sensor_msgs/lib/python3.12/site-packages:/home/thomas/MobileRobot/ws_new/install/nav_msgs/lib/python3.12/site-packages:/home/thomas/MobileRobot/ws_new/install/geometry_msgs/lib/python3.12/site-packages:/home/thomas/MobileRobot/ws_new/install/std_srvs/lib/python3.12/site-packages:/home/thomas/MobileRobot/ws_new/install/std_msgs/lib/python3.12/site-packages:/home/thomas/MobileRobot/ws_new/install/nav2_common/lib/python3.12/site-packages:${PYTHONPATH} /usr/bin/cmake /home/thomas/MobileRobot/ws_new/src/navigation2/nav2_constrained_smoother -DCMAKE_INSTALL_PREFIX=/home/thomas/MobileRobot/ws_new/install/nav2_constrained_smoother
[0.185s] -- The C compiler identification is GNU 13.3.0
[0.270s] -- The CXX compiler identification is GNU 13.3.0
[0.292s] -- Detecting C compiler ABI info
[0.416s] -- Detecting C compiler ABI info - done
[0.427s] -- Check for working C compiler: /usr/bin/cc - skipped
[0.428s] -- Detecting C compile features
[0.428s] -- Detecting C compile features - done
[0.441s] -- Detecting CXX compiler ABI info
[0.577s] -- Detecting CXX compiler ABI info - done
[0.588s] -- Check for working CXX compiler: /usr/bin/c++ - skipped
[0.589s] -- Detecting CXX compile features
[0.590s] -- Detecting CXX compile features - done
[0.599s] -- Found ament_cmake: 2.5.3 (/opt/ros/jazzy/share/ament_cmake/cmake)
[0.825s] -- Found Python3: /usr/bin/python3 (found version "3.12.3") found components: Interpreter 
[1.005s] -- Found nav2_core: 1.3.6 (/home/thomas/MobileRobot/ws_new/install/nav2_core/share/nav2_core/cmake)
[1.103s] -- Found rosidl_generator_c: 4.6.5 (/opt/ros/jazzy/share/rosidl_generator_c/cmake)
[1.132s] -- Found rosidl_generator_cpp: 4.6.5 (/opt/ros/jazzy/share/rosidl_generator_cpp/cmake)
[1.164s] -- Using all available rosidl_typesupport_c: rosidl_typesupport_fastrtps_c;rosidl_typesupport_introspection_c
[1.200s] -- Using all available rosidl_typesupport_cpp: rosidl_typesupport_fastrtps_cpp;rosidl_typesupport_introspection_cpp
[1.335s] -- Found rmw_implementation_cmake: 7.3.1 (/opt/ros/jazzy/share/rmw_implementation_cmake/cmake)
[1.344s] -- Found rmw_cyclonedds_cpp: 2.2.3 (/opt/ros/jazzy/share/rmw_cyclonedds_cpp/cmake)
[1.404s] -- Using RMW implementation 'rmw_cyclonedds_cpp' as default
[2.063s] -- Found eigen3_cmake_module: 0.3.0 (/opt/ros/jazzy/share/eigen3_cmake_module/cmake)
[2.064s] -- Found Eigen3: TRUE (found version "3.4.0") 
[2.064s] -- Ensuring Eigen3 include directory is part of orocos-kdl CMake target
[2.221s] -- Found TinyXML2 via Config file: /usr/lib/x86_64-linux-gnu/cmake/tinyxml2
[2.363s] -- Found nav2_common: 1.3.6 (/home/thomas/MobileRobot/ws_new/install/nav2_common/share/nav2_common/cmake)
[2.553s] -- Performing Test CMAKE_HAVE_LIBC_PTHREAD
[2.677s] -- Performing Test CMAKE_HAVE_LIBC_PTHREAD - Success
[2.678s] -- Found Threads: TRUE  
[3.715s] -- Found AMD headers in: /usr/include/suitesparse
[3.732s] -- Found AMD library: /usr/lib/x86_64-linux-gnu/libamd.so
[3.735s] -- Found CAMD headers in: /usr/include/suitesparse
[3.741s] -- Found CAMD library: /usr/lib/x86_64-linux-gnu/libcamd.so
[3.746s] -- Found CCOLAMD headers in: /usr/include/suitesparse
[3.752s] -- Found CCOLAMD library: /usr/lib/x86_64-linux-gnu/libccolamd.so
[3.756s] -- Found CHOLMOD headers in: /usr/include/suitesparse
[3.763s] -- Found CHOLMOD library: /usr/lib/x86_64-linux-gnu/libcholmod.so
[3.766s] -- Found COLAMD headers in: /usr/include/suitesparse
[3.769s] -- Found COLAMD library: /usr/lib/x86_64-linux-gnu/libcolamd.so
[3.772s] -- Found SPQR headers in: /usr/include/suitesparse
[3.775s] -- Found SPQR library: /usr/lib/x86_64-linux-gnu/libspqr.so
[3.776s] -- Found Config headers in: /usr/include/suitesparse
[3.779s] -- Found Config library: /usr/lib/x86_64-linux-gnu/libsuitesparseconfig.so
[3.808s] -- Found Intel Thread Building Blocks (TBB) library (2021.11 / ) include location: . Assuming SuiteSparseQR was compiled with TBB.
[3.809s] -- Looking for shm_open in rt
[3.976s] -- Looking for shm_open in rt - found
[3.976s] -- Adding librt to SuiteSparse_config libraries (required on Linux & Unix [not OSX] if SuiteSparse is compiled with timing).
[4.017s] -- Could NOT find METIS (missing: METIS_INCLUDE_DIR METIS_LIBRARY) 
[4.018s] -- Found SuiteSparse: /usr/include/suitesparse (found suitable version "7.6.1", minimum required is "7.6.1") found components: AMD CAMD CCOLAMD CHOLMOD COLAMD SPQR Config 
[4.023s] -- Found required Ceres dependency: Eigen version 3.4.0 in /usr/share/eigen3/cmake
[4.158s] -- Found required Ceres dependency: glog
[4.160s] -- Found required Ceres dependency: gflags
[4.163s] -- Found Ceres version: 2.2.0 installed in: /usr with components: [EigenSparse, SparseLinearAlgebraLibrary, LAPACK, SuiteSparse, SchurSpecializations]
[4.232s] -- Found ament_lint_auto: 0.17.1 (/opt/ros/jazzy/share/ament_lint_auto/cmake)
[4.440s] -- Found gtest sources under '/opt/ros/jazzy/src/gtest_vendor': C++ tests using 'Google Test' will be built
[4.533s] -- Added test 'cppcheck' to perform static code analysis on C / C++ code
[4.534s] -- Configured cppcheck include dirs: /home/thomas/MobileRobot/ws_new/src/navigation2/nav2_constrained_smoother/include
[4.534s] -- Configured cppcheck exclude dirs and/or files: 
[4.536s] -- Added test 'cpplint' to check C / C++ code against the Google style
[4.536s] -- Configured cpplint exclude dirs and/or files: 
[4.538s] -- Added test 'lint_cmake' to check CMake code style
[4.541s] -- Added test 'uncrustify' to check C / C++ code style
[4.541s] -- Configured uncrustify additional arguments: 
[4.542s] -- Added test 'xmllint' to check XML markup files
[4.547s] -- Configuring done (4.5s)
[4.853s] -- Generating done (0.3s)
[4.868s] -- Build files have been written to: /home/thomas/MobileRobot/ws_new/build/nav2_constrained_smoother
[4.885s] Invoked command in '/home/thomas/MobileRobot/ws_new/build/nav2_constrained_smoother' returned '0': AMENT_PREFIX_PATH=/home/thomas/MobileRobot/ws_new/install/nav2_core:/home/thomas/MobileRobot/ws_new/install/nav2_costmap_2d:/home/thomas/MobileRobot/ws_new/install/nav2_map_server:/home/thomas/MobileRobot/ws_new/install/nav2_lifecycle_manager:/home/thomas/MobileRobot/ws_new/install/nav2_behavior_tree:/home/thomas/MobileRobot/ws_new/install/nav2_util:/home/thomas/MobileRobot/ws_new/install/visualization_msgs:/home/thomas/MobileRobot/ws_new/install/nav2_msgs:/home/thomas/MobileRobot/ws_new/install/sensor_msgs:/home/thomas/MobileRobot/ws_new/install/nav_msgs:/home/thomas/MobileRobot/ws_new/install/nav2_voxel_grid:/home/thomas/MobileRobot/ws_new/install/geometry_msgs:/home/thomas/MobileRobot/ws_new/install/std_srvs:/home/thomas/MobileRobot/ws_new/install/std_msgs:/home/thomas/MobileRobot/ws_new/install/nav2_common:${AMENT_PREFIX_PATH} CMAKE_PREFIX_PATH=/home/thomas/MobileRobot/ws_new/install/nav2_core:/home/thomas/MobileRobot/ws_new/install/nav2_costmap_2d:/home/thomas/MobileRobot/ws_new/install/nav2_map_server:/home/thomas/MobileRobot/ws_new/install/nav2_lifecycle_manager:/home/thomas/MobileRobot/ws_new/install/nav2_behavior_tree:/home/thomas/MobileRobot/ws_new/install/nav2_util:/home/thomas/MobileRobot/ws_new/install/visualization_msgs:/home/thomas/MobileRobot/ws_new/install/nav2_msgs:/home/thomas/MobileRobot/ws_new/install/sensor_msgs:/home/thomas/MobileRobot/ws_new/install/nav_msgs:/home/thomas/MobileRobot/ws_new/install/nav2_voxel_grid:/home/thomas/MobileRobot/ws_new/install/geometry_msgs:/home/thomas/MobileRobot/ws_new/install/std_srvs:/home/thomas/MobileRobot/ws_new/install/std_msgs:/home/thomas/MobileRobot/ws_new/install/nav2_common:/opt/ros/jazzy/opt/gz_sim_vendor:/opt/ros/jazzy/opt/gz_sensors_vendor:/opt/ros/jazzy/opt/gz_physics_vendor:/opt/ros/jazzy/opt/sdformat_vendor:/opt/ros/jazzy/opt/gz_gui_vendor:/opt/ros/jazzy/opt/gz_transport_vendor:/opt/ros/jazzy/opt/gz_rendering_vendor:/opt/ros/jazzy/opt/gz_plugin_vendor:/opt/ros/jazzy/opt/gz_fuel_tools_vendor:/opt/ros/jazzy/opt/gz_msgs_vendor:/opt/ros/jazzy/opt/gz_common_vendor:/opt/ros/jazzy/opt/gz_math_vendor:/opt/ros/jazzy/opt/gz_utils_vendor:/opt/ros/jazzy/opt/gz_tools_vendor:/opt/ros/jazzy/opt/gz_ogre_next_vendor:/opt/ros/jazzy/opt/gz_dartsim_vendor:/opt/ros/jazzy/opt/gz_cmake_vendor:/home/thomas/dev_ws/install/basic_mobile_robot:/opt/ros/jazzy DEBUGINFOD_URLS=https://debuginfod.ubuntu.com LD_LIBRARY_PATH=/home/thomas/MobileRobot/ws_new/install/nav2_costmap_2d/lib:/home/thomas/MobileRobot/ws_new/install/nav2_map_server/lib:/home/thomas/MobileRobot/ws_new/install/nav2_lifecycle_manager/lib:/home/thomas/MobileRobot/ws_new/install/nav2_behavior_tree/lib:/home/thomas/MobileRobot/ws_new/install/nav2_util/lib:/home/thomas/MobileRobot/ws_new/install/visualization_msgs/lib:/home/thomas/MobileRobot/ws_new/install/nav2_msgs/lib:/home/thomas/MobileRobot/ws_new/install/sensor_msgs/lib:/home/thomas/MobileRobot/ws_new/install/nav_msgs/lib:/home/thomas/MobileRobot/ws_new/install/nav2_voxel_grid/lib:/home/thomas/MobileRobot/ws_new/install/geometry_msgs/lib:/home/thomas/MobileRobot/ws_new/install/std_srvs/lib:/home/thomas/MobileRobot/ws_new/install/std_msgs/lib:${LD_LIBRARY_PATH} PYTHONPATH=/home/thomas/MobileRobot/ws_new/install/visualization_msgs/lib/python3.12/site-packages:/home/thomas/MobileRobot/ws_new/install/nav2_msgs/lib/python3.12/site-packages:/home/thomas/MobileRobot/ws_new/install/sensor_msgs/lib/python3.12/site-packages:/home/thomas/MobileRobot/ws_new/install/nav_msgs/lib/python3.12/site-packages:/home/thomas/MobileRobot/ws_new/install/geometry_msgs/lib/python3.12/site-packages:/home/thomas/MobileRobot/ws_new/install/std_srvs/lib/python3.12/site-packages:/home/thomas/MobileRobot/ws_new/install/std_msgs/lib/python3.12/site-packages:/home/thomas/MobileRobot/ws_new/install/nav2_common/lib/python3.12/site-packages:${PYTHONPATH} /usr/bin/cmake /home/thomas/MobileRobot/ws_new/src/navigation2/nav2_constrained_smoother -DCMAKE_INSTALL_PREFIX=/home/thomas/MobileRobot/ws_new/install/nav2_constrained_smoother
[4.887s] Invoking command in '/home/thomas/MobileRobot/ws_new/build/nav2_constrained_smoother': AMENT_PREFIX_PATH=/home/thomas/MobileRobot/ws_new/install/nav2_core:/home/thomas/MobileRobot/ws_new/install/nav2_costmap_2d:/home/thomas/MobileRobot/ws_new/install/nav2_map_server:/home/thomas/MobileRobot/ws_new/install/nav2_lifecycle_manager:/home/thomas/MobileRobot/ws_new/install/nav2_behavior_tree:/home/thomas/MobileRobot/ws_new/install/nav2_util:/home/thomas/MobileRobot/ws_new/install/visualization_msgs:/home/thomas/MobileRobot/ws_new/install/nav2_msgs:/home/thomas/MobileRobot/ws_new/install/sensor_msgs:/home/thomas/MobileRobot/ws_new/install/nav_msgs:/home/thomas/MobileRobot/ws_new/install/nav2_voxel_grid:/home/thomas/MobileRobot/ws_new/install/geometry_msgs:/home/thomas/MobileRobot/ws_new/install/std_srvs:/home/thomas/MobileRobot/ws_new/install/std_msgs:/home/thomas/MobileRobot/ws_new/install/nav2_common:${AMENT_PREFIX_PATH} CMAKE_PREFIX_PATH=/home/thomas/MobileRobot/ws_new/install/nav2_core:/home/thomas/MobileRobot/ws_new/install/nav2_costmap_2d:/home/thomas/MobileRobot/ws_new/install/nav2_map_server:/home/thomas/MobileRobot/ws_new/install/nav2_lifecycle_manager:/home/thomas/MobileRobot/ws_new/install/nav2_behavior_tree:/home/thomas/MobileRobot/ws_new/install/nav2_util:/home/thomas/MobileRobot/ws_new/install/visualization_msgs:/home/thomas/MobileRobot/ws_new/install/nav2_msgs:/home/thomas/MobileRobot/ws_new/install/sensor_msgs:/home/thomas/MobileRobot/ws_new/install/nav_msgs:/home/thomas/MobileRobot/ws_new/install/nav2_voxel_grid:/home/thomas/MobileRobot/ws_new/install/geometry_msgs:/home/thomas/MobileRobot/ws_new/install/std_srvs:/home/thomas/MobileRobot/ws_new/install/std_msgs:/home/thomas/MobileRobot/ws_new/install/nav2_common:/opt/ros/jazzy/opt/gz_sim_vendor:/opt/ros/jazzy/opt/gz_sensors_vendor:/opt/ros/jazzy/opt/gz_physics_vendor:/opt/ros/jazzy/opt/sdformat_vendor:/opt/ros/jazzy/opt/gz_gui_vendor:/opt/ros/jazzy/opt/gz_transport_vendor:/opt/ros/jazzy/opt/gz_rendering_vendor:/opt/ros/jazzy/opt/gz_plugin_vendor:/opt/ros/jazzy/opt/gz_fuel_tools_vendor:/opt/ros/jazzy/opt/gz_msgs_vendor:/opt/ros/jazzy/opt/gz_common_vendor:/opt/ros/jazzy/opt/gz_math_vendor:/opt/ros/jazzy/opt/gz_utils_vendor:/opt/ros/jazzy/opt/gz_tools_vendor:/opt/ros/jazzy/opt/gz_ogre_next_vendor:/opt/ros/jazzy/opt/gz_dartsim_vendor:/opt/ros/jazzy/opt/gz_cmake_vendor:/home/thomas/dev_ws/install/basic_mobile_robot:/opt/ros/jazzy DEBUGINFOD_URLS=https://debuginfod.ubuntu.com LD_LIBRARY_PATH=/home/thomas/MobileRobot/ws_new/install/nav2_costmap_2d/lib:/home/thomas/MobileRobot/ws_new/install/nav2_map_server/lib:/home/thomas/MobileRobot/ws_new/install/nav2_lifecycle_manager/lib:/home/thomas/MobileRobot/ws_new/install/nav2_behavior_tree/lib:/home/thomas/MobileRobot/ws_new/install/nav2_util/lib:/home/thomas/MobileRobot/ws_new/install/visualization_msgs/lib:/home/thomas/MobileRobot/ws_new/install/nav2_msgs/lib:/home/thomas/MobileRobot/ws_new/install/sensor_msgs/lib:/home/thomas/MobileRobot/ws_new/install/nav_msgs/lib:/home/thomas/MobileRobot/ws_new/install/nav2_voxel_grid/lib:/home/thomas/MobileRobot/ws_new/install/geometry_msgs/lib:/home/thomas/MobileRobot/ws_new/install/std_srvs/lib:/home/thomas/MobileRobot/ws_new/install/std_msgs/lib:${LD_LIBRARY_PATH} PYTHONPATH=/home/thomas/MobileRobot/ws_new/install/visualization_msgs/lib/python3.12/site-packages:/home/thomas/MobileRobot/ws_new/install/nav2_msgs/lib/python3.12/site-packages:/home/thomas/MobileRobot/ws_new/install/sensor_msgs/lib/python3.12/site-packages:/home/thomas/MobileRobot/ws_new/install/nav_msgs/lib/python3.12/site-packages:/home/thomas/MobileRobot/ws_new/install/geometry_msgs/lib/python3.12/site-packages:/home/thomas/MobileRobot/ws_new/install/std_srvs/lib/python3.12/site-packages:/home/thomas/MobileRobot/ws_new/install/std_msgs/lib/python3.12/site-packages:/home/thomas/MobileRobot/ws_new/install/nav2_common/lib/python3.12/site-packages:${PYTHONPATH} /usr/bin/cmake --build /home/thomas/MobileRobot/ws_new/build/nav2_constrained_smoother -- -j8 -l8
[4.973s] [ 20%] [32mBuilding CXX object gtest/CMakeFiles/gtest_main.dir/src/gtest_main.cc.o[0m
[4.973s] [ 20%] [32mBuilding CXX object gtest/CMakeFiles/gtest.dir/src/gtest-all.cc.o[0m
[4.973s] [ 30%] [32mBuilding CXX object CMakeFiles/nav2_constrained_smoother.dir/src/constrained_smoother.cpp.o[0m
[6.016s] [ 40%] [32m[1mLinking CXX static library libgtest_main.a[0m
[6.069s] [ 40%] Built target gtest_main
[15.399s] [ 50%] [32m[1mLinking CXX static library libgtest.a[0m
[15.462s] [ 50%] Built target gtest
[18.018s] [ 60%] [32m[1mLinking CXX shared library libnav2_constrained_smoother.so[0m
[18.571s] [ 60%] Built target nav2_constrained_smoother
[18.607s] [ 80%] [32mBuilding CXX object test/CMakeFiles/test_constrained_smoother.dir/test_constrained_smoother.cpp.o[0m
[18.607s] [ 80%] [32mBuilding CXX object test/CMakeFiles/test_smoother_cost_function.dir/test_smoother_cost_function.cpp.o[0m
[26.217s] [ 90%] [32m[1mLinking CXX executable test_smoother_cost_function[0m
[26.851s] [ 90%] Built target test_smoother_cost_function
[35.788s] [100%] [32m[1mLinking CXX executable test_constrained_smoother[0m
[36.595s] [100%] Built target test_constrained_smoother
[36.615s] Invoked command in '/home/thomas/MobileRobot/ws_new/build/nav2_constrained_smoother' returned '0': AMENT_PREFIX_PATH=/home/thomas/MobileRobot/ws_new/install/nav2_core:/home/thomas/MobileRobot/ws_new/install/nav2_costmap_2d:/home/thomas/MobileRobot/ws_new/install/nav2_map_server:/home/thomas/MobileRobot/ws_new/install/nav2_lifecycle_manager:/home/thomas/MobileRobot/ws_new/install/nav2_behavior_tree:/home/thomas/MobileRobot/ws_new/install/nav2_util:/home/thomas/MobileRobot/ws_new/install/visualization_msgs:/home/thomas/MobileRobot/ws_new/install/nav2_msgs:/home/thomas/MobileRobot/ws_new/install/sensor_msgs:/home/thomas/MobileRobot/ws_new/install/nav_msgs:/home/thomas/MobileRobot/ws_new/install/nav2_voxel_grid:/home/thomas/MobileRobot/ws_new/install/geometry_msgs:/home/thomas/MobileRobot/ws_new/install/std_srvs:/home/thomas/MobileRobot/ws_new/install/std_msgs:/home/thomas/MobileRobot/ws_new/install/nav2_common:${AMENT_PREFIX_PATH} CMAKE_PREFIX_PATH=/home/thomas/MobileRobot/ws_new/install/nav2_core:/home/thomas/MobileRobot/ws_new/install/nav2_costmap_2d:/home/thomas/MobileRobot/ws_new/install/nav2_map_server:/home/thomas/MobileRobot/ws_new/install/nav2_lifecycle_manager:/home/thomas/MobileRobot/ws_new/install/nav2_behavior_tree:/home/thomas/MobileRobot/ws_new/install/nav2_util:/home/thomas/MobileRobot/ws_new/install/visualization_msgs:/home/thomas/MobileRobot/ws_new/install/nav2_msgs:/home/thomas/MobileRobot/ws_new/install/sensor_msgs:/home/thomas/MobileRobot/ws_new/install/nav_msgs:/home/thomas/MobileRobot/ws_new/install/nav2_voxel_grid:/home/thomas/MobileRobot/ws_new/install/geometry_msgs:/home/thomas/MobileRobot/ws_new/install/std_srvs:/home/thomas/MobileRobot/ws_new/install/std_msgs:/home/thomas/MobileRobot/ws_new/install/nav2_common:/opt/ros/jazzy/opt/gz_sim_vendor:/opt/ros/jazzy/opt/gz_sensors_vendor:/opt/ros/jazzy/opt/gz_physics_vendor:/opt/ros/jazzy/opt/sdformat_vendor:/opt/ros/jazzy/opt/gz_gui_vendor:/opt/ros/jazzy/opt/gz_transport_vendor:/opt/ros/jazzy/opt/gz_rendering_vendor:/opt/ros/jazzy/opt/gz_plugin_vendor:/opt/ros/jazzy/opt/gz_fuel_tools_vendor:/opt/ros/jazzy/opt/gz_msgs_vendor:/opt/ros/jazzy/opt/gz_common_vendor:/opt/ros/jazzy/opt/gz_math_vendor:/opt/ros/jazzy/opt/gz_utils_vendor:/opt/ros/jazzy/opt/gz_tools_vendor:/opt/ros/jazzy/opt/gz_ogre_next_vendor:/opt/ros/jazzy/opt/gz_dartsim_vendor:/opt/ros/jazzy/opt/gz_cmake_vendor:/home/thomas/dev_ws/install/basic_mobile_robot:/opt/ros/jazzy DEBUGINFOD_URLS=https://debuginfod.ubuntu.com LD_LIBRARY_PATH=/home/thomas/MobileRobot/ws_new/install/nav2_costmap_2d/lib:/home/thomas/MobileRobot/ws_new/install/nav2_map_server/lib:/home/thomas/MobileRobot/ws_new/install/nav2_lifecycle_manager/lib:/home/thomas/MobileRobot/ws_new/install/nav2_behavior_tree/lib:/home/thomas/MobileRobot/ws_new/install/nav2_util/lib:/home/thomas/MobileRobot/ws_new/install/visualization_msgs/lib:/home/thomas/MobileRobot/ws_new/install/nav2_msgs/lib:/home/thomas/MobileRobot/ws_new/install/sensor_msgs/lib:/home/thomas/MobileRobot/ws_new/install/nav_msgs/lib:/home/thomas/MobileRobot/ws_new/install/nav2_voxel_grid/lib:/home/thomas/MobileRobot/ws_new/install/geometry_msgs/lib:/home/thomas/MobileRobot/ws_new/install/std_srvs/lib:/home/thomas/MobileRobot/ws_new/install/std_msgs/lib:${LD_LIBRARY_PATH} PYTHONPATH=/home/thomas/MobileRobot/ws_new/install/visualization_msgs/lib/python3.12/site-packages:/home/thomas/MobileRobot/ws_new/install/nav2_msgs/lib/python3.12/site-packages:/home/thomas/MobileRobot/ws_new/install/sensor_msgs/lib/python3.12/site-packages:/home/thomas/MobileRobot/ws_new/install/nav_msgs/lib/python3.12/site-packages:/home/thomas/MobileRobot/ws_new/install/geometry_msgs/lib/python3.12/site-packages:/home/thomas/MobileRobot/ws_new/install/std_srvs/lib/python3.12/site-packages:/home/thomas/MobileRobot/ws_new/install/std_msgs/lib/python3.12/site-packages:/home/thomas/MobileRobot/ws_new/install/nav2_common/lib/python3.12/site-packages:${PYTHONPATH} /usr/bin/cmake --build /home/thomas/MobileRobot/ws_new/build/nav2_constrained_smoother -- -j8 -l8
[36.617s] Invoking command in '/home/thomas/MobileRobot/ws_new/build/nav2_constrained_smoother': AMENT_PREFIX_PATH=/home/thomas/MobileRobot/ws_new/install/nav2_core:/home/thomas/MobileRobot/ws_new/install/nav2_costmap_2d:/home/thomas/MobileRobot/ws_new/install/nav2_map_server:/home/thomas/MobileRobot/ws_new/install/nav2_lifecycle_manager:/home/thomas/MobileRobot/ws_new/install/nav2_behavior_tree:/home/thomas/MobileRobot/ws_new/install/nav2_util:/home/thomas/MobileRobot/ws_new/install/visualization_msgs:/home/thomas/MobileRobot/ws_new/install/nav2_msgs:/home/thomas/MobileRobot/ws_new/install/sensor_msgs:/home/thomas/MobileRobot/ws_new/install/nav_msgs:/home/thomas/MobileRobot/ws_new/install/nav2_voxel_grid:/home/thomas/MobileRobot/ws_new/install/geometry_msgs:/home/thomas/MobileRobot/ws_new/install/std_srvs:/home/thomas/MobileRobot/ws_new/install/std_msgs:/home/thomas/MobileRobot/ws_new/install/nav2_common:${AMENT_PREFIX_PATH} CMAKE_PREFIX_PATH=/home/thomas/MobileRobot/ws_new/install/nav2_core:/home/thomas/MobileRobot/ws_new/install/nav2_costmap_2d:/home/thomas/MobileRobot/ws_new/install/nav2_map_server:/home/thomas/MobileRobot/ws_new/install/nav2_lifecycle_manager:/home/thomas/MobileRobot/ws_new/install/nav2_behavior_tree:/home/thomas/MobileRobot/ws_new/install/nav2_util:/home/thomas/MobileRobot/ws_new/install/visualization_msgs:/home/thomas/MobileRobot/ws_new/install/nav2_msgs:/home/thomas/MobileRobot/ws_new/install/sensor_msgs:/home/thomas/MobileRobot/ws_new/install/nav_msgs:/home/thomas/MobileRobot/ws_new/install/nav2_voxel_grid:/home/thomas/MobileRobot/ws_new/install/geometry_msgs:/home/thomas/MobileRobot/ws_new/install/std_srvs:/home/thomas/MobileRobot/ws_new/install/std_msgs:/home/thomas/MobileRobot/ws_new/install/nav2_common:/opt/ros/jazzy/opt/gz_sim_vendor:/opt/ros/jazzy/opt/gz_sensors_vendor:/opt/ros/jazzy/opt/gz_physics_vendor:/opt/ros/jazzy/opt/sdformat_vendor:/opt/ros/jazzy/opt/gz_gui_vendor:/opt/ros/jazzy/opt/gz_transport_vendor:/opt/ros/jazzy/opt/gz_rendering_vendor:/opt/ros/jazzy/opt/gz_plugin_vendor:/opt/ros/jazzy/opt/gz_fuel_tools_vendor:/opt/ros/jazzy/opt/gz_msgs_vendor:/opt/ros/jazzy/opt/gz_common_vendor:/opt/ros/jazzy/opt/gz_math_vendor:/opt/ros/jazzy/opt/gz_utils_vendor:/opt/ros/jazzy/opt/gz_tools_vendor:/opt/ros/jazzy/opt/gz_ogre_next_vendor:/opt/ros/jazzy/opt/gz_dartsim_vendor:/opt/ros/jazzy/opt/gz_cmake_vendor:/home/thomas/dev_ws/install/basic_mobile_robot:/opt/ros/jazzy DEBUGINFOD_URLS=https://debuginfod.ubuntu.com LD_LIBRARY_PATH=/home/thomas/MobileRobot/ws_new/install/nav2_costmap_2d/lib:/home/thomas/MobileRobot/ws_new/install/nav2_map_server/lib:/home/thomas/MobileRobot/ws_new/install/nav2_lifecycle_manager/lib:/home/thomas/MobileRobot/ws_new/install/nav2_behavior_tree/lib:/home/thomas/MobileRobot/ws_new/install/nav2_util/lib:/home/thomas/MobileRobot/ws_new/install/visualization_msgs/lib:/home/thomas/MobileRobot/ws_new/install/nav2_msgs/lib:/home/thomas/MobileRobot/ws_new/install/sensor_msgs/lib:/home/thomas/MobileRobot/ws_new/install/nav_msgs/lib:/home/thomas/MobileRobot/ws_new/install/nav2_voxel_grid/lib:/home/thomas/MobileRobot/ws_new/install/geometry_msgs/lib:/home/thomas/MobileRobot/ws_new/install/std_srvs/lib:/home/thomas/MobileRobot/ws_new/install/std_msgs/lib:${LD_LIBRARY_PATH} PYTHONPATH=/home/thomas/MobileRobot/ws_new/install/visualization_msgs/lib/python3.12/site-packages:/home/thomas/MobileRobot/ws_new/install/nav2_msgs/lib/python3.12/site-packages:/home/thomas/MobileRobot/ws_new/install/sensor_msgs/lib/python3.12/site-packages:/home/thomas/MobileRobot/ws_new/install/nav_msgs/lib/python3.12/site-packages:/home/thomas/MobileRobot/ws_new/install/geometry_msgs/lib/python3.12/site-packages:/home/thomas/MobileRobot/ws_new/install/std_srvs/lib/python3.12/site-packages:/home/thomas/MobileRobot/ws_new/install/std_msgs/lib/python3.12/site-packages:/home/thomas/MobileRobot/ws_new/install/nav2_common/lib/python3.12/site-packages:${PYTHONPATH} /usr/bin/cmake --install /home/thomas/MobileRobot/ws_new/build/nav2_constrained_smoother
[36.630s] -- Install configuration: "Release"
[36.630s] -- Installing: /home/thomas/MobileRobot/ws_new/install/nav2_constrained_smoother/lib/libnav2_constrained_smoother.so
[36.631s] -- Set non-toolchain portion of runtime path of "/home/thomas/MobileRobot/ws_new/install/nav2_constrained_smoother/lib/libnav2_constrained_smoother.so" to ""
[36.631s] -- Installing: /home/thomas/MobileRobot/ws_new/install/nav2_constrained_smoother/include/
[36.631s] -- Installing: /home/thomas/MobileRobot/ws_new/install/nav2_constrained_smoother/include//nav2_constrained_smoother
[36.632s] -- Installing: /home/thomas/MobileRobot/ws_new/install/nav2_constrained_smoother/include//nav2_constrained_smoother/constrained_smoother.hpp
[36.632s] -- Installing: /home/thomas/MobileRobot/ws_new/install/nav2_constrained_smoother/include//nav2_constrained_smoother/utils.hpp
[36.632s] -- Installing: /home/thomas/MobileRobot/ws_new/install/nav2_constrained_smoother/include//nav2_constrained_smoother/options.hpp
[36.632s] -- Installing: /home/thomas/MobileRobot/ws_new/install/nav2_constrained_smoother/include//nav2_constrained_smoother/smoother.hpp
[36.632s] -- Installing: /home/thomas/MobileRobot/ws_new/install/nav2_constrained_smoother/include//nav2_constrained_smoother/smoother_cost_function.hpp
[36.632s] -- Installing: /home/thomas/MobileRobot/ws_new/install/nav2_constrained_smoother/share/nav2_constrained_smoother/environment/library_path.sh
[36.632s] -- Installing: /home/thomas/MobileRobot/ws_new/install/nav2_constrained_smoother/share/nav2_constrained_smoother/environment/library_path.dsv
[36.632s] -- Installing: /home/thomas/MobileRobot/ws_new/install/nav2_constrained_smoother/share/nav2_constrained_smoother/nav2_constrained_smoother.xml
[36.648s] -- Installing: /home/thomas/MobileRobot/ws_new/install/nav2_constrained_smoother/share/ament_index/resource_index/package_run_dependencies/nav2_constrained_smoother
[36.649s] -- Installing: /home/thomas/MobileRobot/ws_new/install/nav2_constrained_smoother/share/ament_index/resource_index/parent_prefix_path/nav2_constrained_smoother
[36.649s] -- Installing: /home/thomas/MobileRobot/ws_new/install/nav2_constrained_smoother/share/nav2_constrained_smoother/environment/ament_prefix_path.sh
[36.650s] -- Installing: /home/thomas/MobileRobot/ws_new/install/nav2_constrained_smoother/share/nav2_constrained_smoother/environment/ament_prefix_path.dsv
[36.650s] -- Installing: /home/thomas/MobileRobot/ws_new/install/nav2_constrained_smoother/share/nav2_constrained_smoother/environment/path.sh
[36.650s] -- Installing: /home/thomas/MobileRobot/ws_new/install/nav2_constrained_smoother/share/nav2_constrained_smoother/environment/path.dsv
[36.651s] -- Installing: /home/thomas/MobileRobot/ws_new/install/nav2_constrained_smoother/share/nav2_constrained_smoother/local_setup.bash
[36.651s] -- Installing: /home/thomas/MobileRobot/ws_new/install/nav2_constrained_smoother/share/nav2_constrained_smoother/local_setup.sh
[36.651s] -- Installing: /home/thomas/MobileRobot/ws_new/install/nav2_constrained_smoother/share/nav2_constrained_smoother/local_setup.zsh
[36.651s] -- Installing: /home/thomas/MobileRobot/ws_new/install/nav2_constrained_smoother/share/nav2_constrained_smoother/local_setup.dsv
[36.652s] -- Installing: /home/thomas/MobileRobot/ws_new/install/nav2_constrained_smoother/share/nav2_constrained_smoother/package.dsv
[36.652s] -- Installing: /home/thomas/MobileRobot/ws_new/install/nav2_constrained_smoother/share/ament_index/resource_index/packages/nav2_constrained_smoother
[36.652s] -- Installing: /home/thomas/MobileRobot/ws_new/install/nav2_constrained_smoother/share/ament_index/resource_index/nav2_core__pluginlib__plugin/nav2_constrained_smoother
[36.653s] -- Installing: /home/thomas/MobileRobot/ws_new/install/nav2_constrained_smoother/share/nav2_constrained_smoother/cmake/ament_cmake_export_include_directories-extras.cmake
[36.653s] -- Installing: /home/thomas/MobileRobot/ws_new/install/nav2_constrained_smoother/share/nav2_constrained_smoother/cmake/ament_cmake_export_libraries-extras.cmake
[36.654s] -- Installing: /home/thomas/MobileRobot/ws_new/install/nav2_constrained_smoother/share/nav2_constrained_smoother/cmake/ament_cmake_export_dependencies-extras.cmake
[36.654s] -- Installing: /home/thomas/MobileRobot/ws_new/install/nav2_constrained_smoother/share/nav2_constrained_smoother/cmake/nav2_constrained_smootherConfig.cmake
[36.654s] -- Installing: /home/thomas/MobileRobot/ws_new/install/nav2_constrained_smoother/share/nav2_constrained_smoother/cmake/nav2_constrained_smootherConfig-version.cmake
[36.655s] -- Installing: /home/thomas/MobileRobot/ws_new/install/nav2_constrained_smoother/share/nav2_constrained_smoother/package.xml
[36.659s] Invoked command in '/home/thomas/MobileRobot/ws_new/build/nav2_constrained_smoother' returned '0': AMENT_PREFIX_PATH=/home/thomas/MobileRobot/ws_new/install/nav2_core:/home/thomas/MobileRobot/ws_new/install/nav2_costmap_2d:/home/thomas/MobileRobot/ws_new/install/nav2_map_server:/home/thomas/MobileRobot/ws_new/install/nav2_lifecycle_manager:/home/thomas/MobileRobot/ws_new/install/nav2_behavior_tree:/home/thomas/MobileRobot/ws_new/install/nav2_util:/home/thomas/MobileRobot/ws_new/install/visualization_msgs:/home/thomas/MobileRobot/ws_new/install/nav2_msgs:/home/thomas/MobileRobot/ws_new/install/sensor_msgs:/home/thomas/MobileRobot/ws_new/install/nav_msgs:/home/thomas/MobileRobot/ws_new/install/nav2_voxel_grid:/home/thomas/MobileRobot/ws_new/install/geometry_msgs:/home/thomas/MobileRobot/ws_new/install/std_srvs:/home/thomas/MobileRobot/ws_new/install/std_msgs:/home/thomas/MobileRobot/ws_new/install/nav2_common:${AMENT_PREFIX_PATH} CMAKE_PREFIX_PATH=/home/thomas/MobileRobot/ws_new/install/nav2_core:/home/thomas/MobileRobot/ws_new/install/nav2_costmap_2d:/home/thomas/MobileRobot/ws_new/install/nav2_map_server:/home/thomas/MobileRobot/ws_new/install/nav2_lifecycle_manager:/home/thomas/MobileRobot/ws_new/install/nav2_behavior_tree:/home/thomas/MobileRobot/ws_new/install/nav2_util:/home/thomas/MobileRobot/ws_new/install/visualization_msgs:/home/thomas/MobileRobot/ws_new/install/nav2_msgs:/home/thomas/MobileRobot/ws_new/install/sensor_msgs:/home/thomas/MobileRobot/ws_new/install/nav_msgs:/home/thomas/MobileRobot/ws_new/install/nav2_voxel_grid:/home/thomas/MobileRobot/ws_new/install/geometry_msgs:/home/thomas/MobileRobot/ws_new/install/std_srvs:/home/thomas/MobileRobot/ws_new/install/std_msgs:/home/thomas/MobileRobot/ws_new/install/nav2_common:/opt/ros/jazzy/opt/gz_sim_vendor:/opt/ros/jazzy/opt/gz_sensors_vendor:/opt/ros/jazzy/opt/gz_physics_vendor:/opt/ros/jazzy/opt/sdformat_vendor:/opt/ros/jazzy/opt/gz_gui_vendor:/opt/ros/jazzy/opt/gz_transport_vendor:/opt/ros/jazzy/opt/gz_rendering_vendor:/opt/ros/jazzy/opt/gz_plugin_vendor:/opt/ros/jazzy/opt/gz_fuel_tools_vendor:/opt/ros/jazzy/opt/gz_msgs_vendor:/opt/ros/jazzy/opt/gz_common_vendor:/opt/ros/jazzy/opt/gz_math_vendor:/opt/ros/jazzy/opt/gz_utils_vendor:/opt/ros/jazzy/opt/gz_tools_vendor:/opt/ros/jazzy/opt/gz_ogre_next_vendor:/opt/ros/jazzy/opt/gz_dartsim_vendor:/opt/ros/jazzy/opt/gz_cmake_vendor:/home/thomas/dev_ws/install/basic_mobile_robot:/opt/ros/jazzy DEBUGINFOD_URLS=https://debuginfod.ubuntu.com LD_LIBRARY_PATH=/home/thomas/MobileRobot/ws_new/install/nav2_costmap_2d/lib:/home/thomas/MobileRobot/ws_new/install/nav2_map_server/lib:/home/thomas/MobileRobot/ws_new/install/nav2_lifecycle_manager/lib:/home/thomas/MobileRobot/ws_new/install/nav2_behavior_tree/lib:/home/thomas/MobileRobot/ws_new/install/nav2_util/lib:/home/thomas/MobileRobot/ws_new/install/visualization_msgs/lib:/home/thomas/MobileRobot/ws_new/install/nav2_msgs/lib:/home/thomas/MobileRobot/ws_new/install/sensor_msgs/lib:/home/thomas/MobileRobot/ws_new/install/nav_msgs/lib:/home/thomas/MobileRobot/ws_new/install/nav2_voxel_grid/lib:/home/thomas/MobileRobot/ws_new/install/geometry_msgs/lib:/home/thomas/MobileRobot/ws_new/install/std_srvs/lib:/home/thomas/MobileRobot/ws_new/install/std_msgs/lib:${LD_LIBRARY_PATH} PYTHONPATH=/home/thomas/MobileRobot/ws_new/install/visualization_msgs/lib/python3.12/site-packages:/home/thomas/MobileRobot/ws_new/install/nav2_msgs/lib/python3.12/site-packages:/home/thomas/MobileRobot/ws_new/install/sensor_msgs/lib/python3.12/site-packages:/home/thomas/MobileRobot/ws_new/install/nav_msgs/lib/python3.12/site-packages:/home/thomas/MobileRobot/ws_new/install/geometry_msgs/lib/python3.12/site-packages:/home/thomas/MobileRobot/ws_new/install/std_srvs/lib/python3.12/site-packages:/home/thomas/MobileRobot/ws_new/install/std_msgs/lib/python3.12/site-packages:/home/thomas/MobileRobot/ws_new/install/nav2_common/lib/python3.12/site-packages:${PYTHONPATH} /usr/bin/cmake --install /home/thomas/MobileRobot/ws_new/build/nav2_constrained_smoother
