[4.335s] Invoking command in '/home/thomas/MobileRobot/ws_new/src/navigation': DEBUGINFOD_URLS=https://debuginfod.ubuntu.com PYTHONPATH=/home/thomas/MobileRobot/ws_new/build/navigation/prefix_override:/usr/lib/python3/dist-packages/colcon_core/task/python/colcon_distutils_commands:/home/thomas/MobileRobot/ws_new/install/navigation/lib/python3.12/site-packages:${PYTHONPATH} /usr/bin/python3 -W ignore:setup.py install is deprecated -W ignore:easy_install command is deprecated setup.py egg_info --egg-base ../../build/navigation build --build-base /home/thomas/MobileRobot/ws_new/build/navigation/build install --record /home/thomas/MobileRobot/ws_new/build/navigation/install.log --single-version-externally-managed install_data
[5.475s] running egg_info
[5.565s] writing ../../build/navigation/navigation.egg-info/PKG-INFO
[5.566s] writing dependency_links to ../../build/navigation/navigation.egg-info/dependency_links.txt
[5.567s] writing entry points to ../../build/navigation/navigation.egg-info/entry_points.txt
[5.568s] writing requirements to ../../build/navigation/navigation.egg-info/requires.txt
[5.568s] writing top-level names to ../../build/navigation/navigation.egg-info/top_level.txt
[5.750s] reading manifest file '../../build/navigation/navigation.egg-info/SOURCES.txt'
[5.754s] writing manifest file '../../build/navigation/navigation.egg-info/SOURCES.txt'
[5.757s] running build
[5.757s] running build_py
[5.758s] running install
[5.780s] running install_lib
[5.875s] running install_data
[5.877s] running install_egg_info
[5.975s] removing '/home/thomas/MobileRobot/ws_new/install/navigation/lib/python3.12/site-packages/navigation-0.0.0-py3.12.egg-info' (and everything under it)
[5.976s] Copying ../../build/navigation/navigation.egg-info to /home/thomas/MobileRobot/ws_new/install/navigation/lib/python3.12/site-packages/navigation-0.0.0-py3.12.egg-info
[5.977s] running install_scripts
[6.561s] Installing gps_path_follow script to /home/thomas/MobileRobot/ws_new/install/navigation/lib/navigation
[6.561s] Installing nav_node script to /home/thomas/MobileRobot/ws_new/install/navigation/lib/navigation
[6.562s] Installing waypoint_follow script to /home/thomas/MobileRobot/ws_new/install/navigation/lib/navigation
[6.563s] writing list of installed files to '/home/thomas/MobileRobot/ws_new/build/navigation/install.log'
[6.676s] Invoked command in '/home/thomas/MobileRobot/ws_new/src/navigation' returned '0': DEBUGINFOD_URLS=https://debuginfod.ubuntu.com PYTHONPATH=/home/thomas/MobileRobot/ws_new/build/navigation/prefix_override:/usr/lib/python3/dist-packages/colcon_core/task/python/colcon_distutils_commands:/home/thomas/MobileRobot/ws_new/install/navigation/lib/python3.12/site-packages:${PYTHONPATH} /usr/bin/python3 -W ignore:setup.py install is deprecated -W ignore:easy_install command is deprecated setup.py egg_info --egg-base ../../build/navigation build --build-base /home/thomas/MobileRobot/ws_new/build/navigation/build install --record /home/thomas/MobileRobot/ws_new/build/navigation/install.log --single-version-externally-managed install_data
