[0.074s] Invoking command in '/home/thomas/MobileRobot/ws_new/build/nav2_controller': AMENT_PREFIX_PATH=/home/thomas/MobileRobot/ws_new/install/nav2_core:/home/thomas/MobileRobot/ws_new/install/nav2_costmap_2d:/home/thomas/MobileRobot/ws_new/install/nav_2d_utils:/home/thomas/MobileRobot/ws_new/install/nav2_map_server:/home/thomas/MobileRobot/ws_new/install/nav2_lifecycle_manager:/home/thomas/MobileRobot/ws_new/install/nav2_behavior_tree:/home/thomas/MobileRobot/ws_new/install/nav2_util:/home/thomas/MobileRobot/ws_new/install/visualization_msgs:/home/thomas/MobileRobot/ws_new/install/nav2_msgs:/home/thomas/MobileRobot/ws_new/install/sensor_msgs:/home/thomas/MobileRobot/ws_new/install/nav_msgs:/home/thomas/MobileRobot/ws_new/install/nav_2d_msgs:/home/thomas/MobileRobot/ws_new/install/nav2_voxel_grid:/home/thomas/MobileRobot/ws_new/install/geometry_msgs:/home/thomas/MobileRobot/ws_new/install/std_srvs:/home/thomas/MobileRobot/ws_new/install/std_msgs:/home/thomas/MobileRobot/ws_new/install/nav2_common:${AMENT_PREFIX_PATH} CMAKE_PREFIX_PATH=/home/thomas/MobileRobot/ws_new/install/nav2_core:/home/thomas/MobileRobot/ws_new/install/nav2_costmap_2d:/home/thomas/MobileRobot/ws_new/install/nav_2d_utils:/home/thomas/MobileRobot/ws_new/install/nav2_map_server:/home/thomas/MobileRobot/ws_new/install/nav2_lifecycle_manager:/home/thomas/MobileRobot/ws_new/install/nav2_behavior_tree:/home/thomas/MobileRobot/ws_new/install/nav2_util:/home/thomas/MobileRobot/ws_new/install/visualization_msgs:/home/thomas/MobileRobot/ws_new/install/nav2_msgs:/home/thomas/MobileRobot/ws_new/install/sensor_msgs:/home/thomas/MobileRobot/ws_new/install/nav_msgs:/home/thomas/MobileRobot/ws_new/install/nav_2d_msgs:/home/thomas/MobileRobot/ws_new/install/nav2_voxel_grid:/home/thomas/MobileRobot/ws_new/install/geometry_msgs:/home/thomas/MobileRobot/ws_new/install/std_srvs:/home/thomas/MobileRobot/ws_new/install/std_msgs:/home/thomas/MobileRobot/ws_new/install/nav2_common:/opt/ros/jazzy/opt/gz_sim_vendor:/opt/ros/jazzy/opt/gz_sensors_vendor:/opt/ros/jazzy/opt/gz_physics_vendor:/opt/ros/jazzy/opt/sdformat_vendor:/opt/ros/jazzy/opt/gz_gui_vendor:/opt/ros/jazzy/opt/gz_transport_vendor:/opt/ros/jazzy/opt/gz_rendering_vendor:/opt/ros/jazzy/opt/gz_plugin_vendor:/opt/ros/jazzy/opt/gz_fuel_tools_vendor:/opt/ros/jazzy/opt/gz_msgs_vendor:/opt/ros/jazzy/opt/gz_common_vendor:/opt/ros/jazzy/opt/gz_math_vendor:/opt/ros/jazzy/opt/gz_utils_vendor:/opt/ros/jazzy/opt/gz_tools_vendor:/opt/ros/jazzy/opt/gz_ogre_next_vendor:/opt/ros/jazzy/opt/gz_dartsim_vendor:/opt/ros/jazzy/opt/gz_cmake_vendor:/home/thomas/dev_ws/install/basic_mobile_robot:/opt/ros/jazzy DEBUGINFOD_URLS=https://debuginfod.ubuntu.com LD_LIBRARY_PATH=/home/thomas/MobileRobot/ws_new/install/nav2_costmap_2d/lib:/home/thomas/MobileRobot/ws_new/install/nav_2d_utils/lib:/home/thomas/MobileRobot/ws_new/install/nav2_map_server/lib:/home/thomas/MobileRobot/ws_new/install/nav2_lifecycle_manager/lib:/home/thomas/MobileRobot/ws_new/install/nav2_behavior_tree/lib:/home/thomas/MobileRobot/ws_new/install/nav2_util/lib:/home/thomas/MobileRobot/ws_new/install/visualization_msgs/lib:/home/thomas/MobileRobot/ws_new/install/nav2_msgs/lib:/home/thomas/MobileRobot/ws_new/install/sensor_msgs/lib:/home/thomas/MobileRobot/ws_new/install/nav_msgs/lib:/home/thomas/MobileRobot/ws_new/install/nav_2d_msgs/lib:/home/thomas/MobileRobot/ws_new/install/nav2_voxel_grid/lib:/home/thomas/MobileRobot/ws_new/install/geometry_msgs/lib:/home/thomas/MobileRobot/ws_new/install/std_srvs/lib:/home/thomas/MobileRobot/ws_new/install/std_msgs/lib:${LD_LIBRARY_PATH} PYTHONPATH=/home/thomas/MobileRobot/ws_new/install/visualization_msgs/lib/python3.12/site-packages:/home/thomas/MobileRobot/ws_new/install/nav2_msgs/lib/python3.12/site-packages:/home/thomas/MobileRobot/ws_new/install/sensor_msgs/lib/python3.12/site-packages:/home/thomas/MobileRobot/ws_new/install/nav_msgs/lib/python3.12/site-packages:/home/thomas/MobileRobot/ws_new/install/nav_2d_msgs/lib/python3.12/site-packages:/home/thomas/MobileRobot/ws_new/install/geometry_msgs/lib/python3.12/site-packages:/home/thomas/MobileRobot/ws_new/install/std_srvs/lib/python3.12/site-packages:/home/thomas/MobileRobot/ws_new/install/std_msgs/lib/python3.12/site-packages:/home/thomas/MobileRobot/ws_new/install/nav2_common/lib/python3.12/site-packages:${PYTHONPATH} /usr/bin/cmake /home/thomas/MobileRobot/ws_new/src/navigation2/nav2_controller -DCMAKE_INSTALL_PREFIX=/home/thomas/MobileRobot/ws_new/install/nav2_controller
[0.242s] -- The C compiler identification is GNU 13.3.0
[0.313s] -- The CXX compiler identification is GNU 13.3.0
[0.336s] -- Detecting C compiler ABI info
[0.464s] -- Detecting C compiler ABI info - done
[0.475s] -- Check for working C compiler: /usr/bin/cc - skipped
[0.475s] -- Detecting C compile features
[0.476s] -- Detecting C compile features - done
[0.488s] -- Detecting CXX compiler ABI info
[0.628s] -- Detecting CXX compiler ABI info - done
[0.640s] -- Check for working CXX compiler: /usr/bin/c++ - skipped
[0.640s] -- Detecting CXX compile features
[0.641s] -- Detecting CXX compile features - done
[0.649s] -- Found ament_cmake: 2.5.3 (/opt/ros/jazzy/share/ament_cmake/cmake)
[0.878s] -- Found Python3: /usr/bin/python3 (found version "3.12.3") found components: Interpreter 
[1.061s] -- Found nav2_core: 1.3.6 (/home/thomas/MobileRobot/ws_new/install/nav2_core/share/nav2_core/cmake)
[1.162s] -- Found rosidl_generator_c: 4.6.5 (/opt/ros/jazzy/share/rosidl_generator_c/cmake)
[1.191s] -- Found rosidl_generator_cpp: 4.6.5 (/opt/ros/jazzy/share/rosidl_generator_cpp/cmake)
[1.225s] -- Using all available rosidl_typesupport_c: rosidl_typesupport_fastrtps_c;rosidl_typesupport_introspection_c
[1.261s] -- Using all available rosidl_typesupport_cpp: rosidl_typesupport_fastrtps_cpp;rosidl_typesupport_introspection_cpp
[1.401s] -- Found rmw_implementation_cmake: 7.3.1 (/opt/ros/jazzy/share/rmw_implementation_cmake/cmake)
[1.409s] -- Found rmw_cyclonedds_cpp: 2.2.3 (/opt/ros/jazzy/share/rmw_cyclonedds_cpp/cmake)
[1.471s] -- Using RMW implementation 'rmw_cyclonedds_cpp' as default
[2.134s] -- Found eigen3_cmake_module: 0.3.0 (/opt/ros/jazzy/share/eigen3_cmake_module/cmake)
[2.135s] -- Found Eigen3: TRUE (found version "3.4.0") 
[2.135s] -- Ensuring Eigen3 include directory is part of orocos-kdl CMake target
[2.292s] -- Found TinyXML2 via Config file: /usr/lib/x86_64-linux-gnu/cmake/tinyxml2
[2.437s] -- Found nav2_common: 1.3.6 (/home/thomas/MobileRobot/ws_new/install/nav2_common/share/nav2_common/cmake)
[2.490s] -- Found nav_2d_utils: 1.3.6 (/home/thomas/MobileRobot/ws_new/install/nav_2d_utils/share/nav_2d_utils/cmake)
[2.602s] -- Setting build type to Release as none was specified.
[3.074s] -- Found ament_lint_auto: 0.17.1 (/opt/ros/jazzy/share/ament_lint_auto/cmake)
[3.325s] -- Found gtest sources under '/opt/ros/jazzy/src/gtest_vendor': C++ tests using 'Google Test' will be built
[3.362s] -- Performing Test CMAKE_HAVE_LIBC_PTHREAD
[3.729s] -- Performing Test CMAKE_HAVE_LIBC_PTHREAD - Success
[3.731s] -- Found Threads: TRUE  
[3.847s] -- Found gtest sources under '/opt/ros/jazzy/src/gtest_vendor': C++ tests using 'Google Test' will be built
[3.934s] -- Added test 'cppcheck' to perform static code analysis on C / C++ code
[3.936s] -- Configured cppcheck include dirs: /home/thomas/MobileRobot/ws_new/src/navigation2/nav2_controller/include
[3.936s] -- Configured cppcheck exclude dirs and/or files: 
[3.939s] -- Added test 'cpplint' to check C / C++ code against the Google style
[3.939s] -- Configured cpplint exclude dirs and/or files: 
[3.942s] -- Added test 'lint_cmake' to check CMake code style
[3.945s] -- Added test 'uncrustify' to check C / C++ code style
[3.945s] -- Configured uncrustify additional arguments: 
[3.947s] -- Added test 'xmllint' to check XML markup files
[3.976s] -- Configuring done (3.9s)
[6.163s] -- Generating done (2.1s)
[6.204s] -- Build files have been written to: /home/thomas/MobileRobot/ws_new/build/nav2_controller
[6.223s] Invoked command in '/home/thomas/MobileRobot/ws_new/build/nav2_controller' returned '0': AMENT_PREFIX_PATH=/home/thomas/MobileRobot/ws_new/install/nav2_core:/home/thomas/MobileRobot/ws_new/install/nav2_costmap_2d:/home/thomas/MobileRobot/ws_new/install/nav_2d_utils:/home/thomas/MobileRobot/ws_new/install/nav2_map_server:/home/thomas/MobileRobot/ws_new/install/nav2_lifecycle_manager:/home/thomas/MobileRobot/ws_new/install/nav2_behavior_tree:/home/thomas/MobileRobot/ws_new/install/nav2_util:/home/thomas/MobileRobot/ws_new/install/visualization_msgs:/home/thomas/MobileRobot/ws_new/install/nav2_msgs:/home/thomas/MobileRobot/ws_new/install/sensor_msgs:/home/thomas/MobileRobot/ws_new/install/nav_msgs:/home/thomas/MobileRobot/ws_new/install/nav_2d_msgs:/home/thomas/MobileRobot/ws_new/install/nav2_voxel_grid:/home/thomas/MobileRobot/ws_new/install/geometry_msgs:/home/thomas/MobileRobot/ws_new/install/std_srvs:/home/thomas/MobileRobot/ws_new/install/std_msgs:/home/thomas/MobileRobot/ws_new/install/nav2_common:${AMENT_PREFIX_PATH} CMAKE_PREFIX_PATH=/home/thomas/MobileRobot/ws_new/install/nav2_core:/home/thomas/MobileRobot/ws_new/install/nav2_costmap_2d:/home/thomas/MobileRobot/ws_new/install/nav_2d_utils:/home/thomas/MobileRobot/ws_new/install/nav2_map_server:/home/thomas/MobileRobot/ws_new/install/nav2_lifecycle_manager:/home/thomas/MobileRobot/ws_new/install/nav2_behavior_tree:/home/thomas/MobileRobot/ws_new/install/nav2_util:/home/thomas/MobileRobot/ws_new/install/visualization_msgs:/home/thomas/MobileRobot/ws_new/install/nav2_msgs:/home/thomas/MobileRobot/ws_new/install/sensor_msgs:/home/thomas/MobileRobot/ws_new/install/nav_msgs:/home/thomas/MobileRobot/ws_new/install/nav_2d_msgs:/home/thomas/MobileRobot/ws_new/install/nav2_voxel_grid:/home/thomas/MobileRobot/ws_new/install/geometry_msgs:/home/thomas/MobileRobot/ws_new/install/std_srvs:/home/thomas/MobileRobot/ws_new/install/std_msgs:/home/thomas/MobileRobot/ws_new/install/nav2_common:/opt/ros/jazzy/opt/gz_sim_vendor:/opt/ros/jazzy/opt/gz_sensors_vendor:/opt/ros/jazzy/opt/gz_physics_vendor:/opt/ros/jazzy/opt/sdformat_vendor:/opt/ros/jazzy/opt/gz_gui_vendor:/opt/ros/jazzy/opt/gz_transport_vendor:/opt/ros/jazzy/opt/gz_rendering_vendor:/opt/ros/jazzy/opt/gz_plugin_vendor:/opt/ros/jazzy/opt/gz_fuel_tools_vendor:/opt/ros/jazzy/opt/gz_msgs_vendor:/opt/ros/jazzy/opt/gz_common_vendor:/opt/ros/jazzy/opt/gz_math_vendor:/opt/ros/jazzy/opt/gz_utils_vendor:/opt/ros/jazzy/opt/gz_tools_vendor:/opt/ros/jazzy/opt/gz_ogre_next_vendor:/opt/ros/jazzy/opt/gz_dartsim_vendor:/opt/ros/jazzy/opt/gz_cmake_vendor:/home/thomas/dev_ws/install/basic_mobile_robot:/opt/ros/jazzy DEBUGINFOD_URLS=https://debuginfod.ubuntu.com LD_LIBRARY_PATH=/home/thomas/MobileRobot/ws_new/install/nav2_costmap_2d/lib:/home/thomas/MobileRobot/ws_new/install/nav_2d_utils/lib:/home/thomas/MobileRobot/ws_new/install/nav2_map_server/lib:/home/thomas/MobileRobot/ws_new/install/nav2_lifecycle_manager/lib:/home/thomas/MobileRobot/ws_new/install/nav2_behavior_tree/lib:/home/thomas/MobileRobot/ws_new/install/nav2_util/lib:/home/thomas/MobileRobot/ws_new/install/visualization_msgs/lib:/home/thomas/MobileRobot/ws_new/install/nav2_msgs/lib:/home/thomas/MobileRobot/ws_new/install/sensor_msgs/lib:/home/thomas/MobileRobot/ws_new/install/nav_msgs/lib:/home/thomas/MobileRobot/ws_new/install/nav_2d_msgs/lib:/home/thomas/MobileRobot/ws_new/install/nav2_voxel_grid/lib:/home/thomas/MobileRobot/ws_new/install/geometry_msgs/lib:/home/thomas/MobileRobot/ws_new/install/std_srvs/lib:/home/thomas/MobileRobot/ws_new/install/std_msgs/lib:${LD_LIBRARY_PATH} PYTHONPATH=/home/thomas/MobileRobot/ws_new/install/visualization_msgs/lib/python3.12/site-packages:/home/thomas/MobileRobot/ws_new/install/nav2_msgs/lib/python3.12/site-packages:/home/thomas/MobileRobot/ws_new/install/sensor_msgs/lib/python3.12/site-packages:/home/thomas/MobileRobot/ws_new/install/nav_msgs/lib/python3.12/site-packages:/home/thomas/MobileRobot/ws_new/install/nav_2d_msgs/lib/python3.12/site-packages:/home/thomas/MobileRobot/ws_new/install/geometry_msgs/lib/python3.12/site-packages:/home/thomas/MobileRobot/ws_new/install/std_srvs/lib/python3.12/site-packages:/home/thomas/MobileRobot/ws_new/install/std_msgs/lib/python3.12/site-packages:/home/thomas/MobileRobot/ws_new/install/nav2_common/lib/python3.12/site-packages:${PYTHONPATH} /usr/bin/cmake /home/thomas/MobileRobot/ws_new/src/navigation2/nav2_controller -DCMAKE_INSTALL_PREFIX=/home/thomas/MobileRobot/ws_new/install/nav2_controller
[6.225s] Invoking command in '/home/thomas/MobileRobot/ws_new/build/nav2_controller': AMENT_PREFIX_PATH=/home/thomas/MobileRobot/ws_new/install/nav2_core:/home/thomas/MobileRobot/ws_new/install/nav2_costmap_2d:/home/thomas/MobileRobot/ws_new/install/nav_2d_utils:/home/thomas/MobileRobot/ws_new/install/nav2_map_server:/home/thomas/MobileRobot/ws_new/install/nav2_lifecycle_manager:/home/thomas/MobileRobot/ws_new/install/nav2_behavior_tree:/home/thomas/MobileRobot/ws_new/install/nav2_util:/home/thomas/MobileRobot/ws_new/install/visualization_msgs:/home/thomas/MobileRobot/ws_new/install/nav2_msgs:/home/thomas/MobileRobot/ws_new/install/sensor_msgs:/home/thomas/MobileRobot/ws_new/install/nav_msgs:/home/thomas/MobileRobot/ws_new/install/nav_2d_msgs:/home/thomas/MobileRobot/ws_new/install/nav2_voxel_grid:/home/thomas/MobileRobot/ws_new/install/geometry_msgs:/home/thomas/MobileRobot/ws_new/install/std_srvs:/home/thomas/MobileRobot/ws_new/install/std_msgs:/home/thomas/MobileRobot/ws_new/install/nav2_common:${AMENT_PREFIX_PATH} CMAKE_PREFIX_PATH=/home/thomas/MobileRobot/ws_new/install/nav2_core:/home/thomas/MobileRobot/ws_new/install/nav2_costmap_2d:/home/thomas/MobileRobot/ws_new/install/nav_2d_utils:/home/thomas/MobileRobot/ws_new/install/nav2_map_server:/home/thomas/MobileRobot/ws_new/install/nav2_lifecycle_manager:/home/thomas/MobileRobot/ws_new/install/nav2_behavior_tree:/home/thomas/MobileRobot/ws_new/install/nav2_util:/home/thomas/MobileRobot/ws_new/install/visualization_msgs:/home/thomas/MobileRobot/ws_new/install/nav2_msgs:/home/thomas/MobileRobot/ws_new/install/sensor_msgs:/home/thomas/MobileRobot/ws_new/install/nav_msgs:/home/thomas/MobileRobot/ws_new/install/nav_2d_msgs:/home/thomas/MobileRobot/ws_new/install/nav2_voxel_grid:/home/thomas/MobileRobot/ws_new/install/geometry_msgs:/home/thomas/MobileRobot/ws_new/install/std_srvs:/home/thomas/MobileRobot/ws_new/install/std_msgs:/home/thomas/MobileRobot/ws_new/install/nav2_common:/opt/ros/jazzy/opt/gz_sim_vendor:/opt/ros/jazzy/opt/gz_sensors_vendor:/opt/ros/jazzy/opt/gz_physics_vendor:/opt/ros/jazzy/opt/sdformat_vendor:/opt/ros/jazzy/opt/gz_gui_vendor:/opt/ros/jazzy/opt/gz_transport_vendor:/opt/ros/jazzy/opt/gz_rendering_vendor:/opt/ros/jazzy/opt/gz_plugin_vendor:/opt/ros/jazzy/opt/gz_fuel_tools_vendor:/opt/ros/jazzy/opt/gz_msgs_vendor:/opt/ros/jazzy/opt/gz_common_vendor:/opt/ros/jazzy/opt/gz_math_vendor:/opt/ros/jazzy/opt/gz_utils_vendor:/opt/ros/jazzy/opt/gz_tools_vendor:/opt/ros/jazzy/opt/gz_ogre_next_vendor:/opt/ros/jazzy/opt/gz_dartsim_vendor:/opt/ros/jazzy/opt/gz_cmake_vendor:/home/thomas/dev_ws/install/basic_mobile_robot:/opt/ros/jazzy DEBUGINFOD_URLS=https://debuginfod.ubuntu.com LD_LIBRARY_PATH=/home/thomas/MobileRobot/ws_new/install/nav2_costmap_2d/lib:/home/thomas/MobileRobot/ws_new/install/nav_2d_utils/lib:/home/thomas/MobileRobot/ws_new/install/nav2_map_server/lib:/home/thomas/MobileRobot/ws_new/install/nav2_lifecycle_manager/lib:/home/thomas/MobileRobot/ws_new/install/nav2_behavior_tree/lib:/home/thomas/MobileRobot/ws_new/install/nav2_util/lib:/home/thomas/MobileRobot/ws_new/install/visualization_msgs/lib:/home/thomas/MobileRobot/ws_new/install/nav2_msgs/lib:/home/thomas/MobileRobot/ws_new/install/sensor_msgs/lib:/home/thomas/MobileRobot/ws_new/install/nav_msgs/lib:/home/thomas/MobileRobot/ws_new/install/nav_2d_msgs/lib:/home/thomas/MobileRobot/ws_new/install/nav2_voxel_grid/lib:/home/thomas/MobileRobot/ws_new/install/geometry_msgs/lib:/home/thomas/MobileRobot/ws_new/install/std_srvs/lib:/home/thomas/MobileRobot/ws_new/install/std_msgs/lib:${LD_LIBRARY_PATH} PYTHONPATH=/home/thomas/MobileRobot/ws_new/install/visualization_msgs/lib/python3.12/site-packages:/home/thomas/MobileRobot/ws_new/install/nav2_msgs/lib/python3.12/site-packages:/home/thomas/MobileRobot/ws_new/install/sensor_msgs/lib/python3.12/site-packages:/home/thomas/MobileRobot/ws_new/install/nav_msgs/lib/python3.12/site-packages:/home/thomas/MobileRobot/ws_new/install/nav_2d_msgs/lib/python3.12/site-packages:/home/thomas/MobileRobot/ws_new/install/geometry_msgs/lib/python3.12/site-packages:/home/thomas/MobileRobot/ws_new/install/std_srvs/lib/python3.12/site-packages:/home/thomas/MobileRobot/ws_new/install/std_msgs/lib/python3.12/site-packages:/home/thomas/MobileRobot/ws_new/install/nav2_common/lib/python3.12/site-packages:${PYTHONPATH} /usr/bin/cmake --build /home/thomas/MobileRobot/ws_new/build/nav2_controller -- -j8 -l8
[6.314s] [  4%] [32mBuilding CXX object gtest/CMakeFiles/gtest_main.dir/src/gtest_main.cc.o[0m
[6.317s] [  8%] [32mBuilding CXX object CMakeFiles/simple_progress_checker.dir/plugins/simple_progress_checker.cpp.o[0m
[6.320s] [ 12%] [32mBuilding CXX object CMakeFiles/simple_goal_checker.dir/plugins/simple_goal_checker.cpp.o[0m
[6.321s] [ 16%] [32mBuilding CXX object gtest/CMakeFiles/gtest.dir/src/gtest-all.cc.o[0m
[6.329s] [ 20%] [32mBuilding CXX object CMakeFiles/controller_server_core.dir/src/controller_server.cpp.o[0m
[7.445s] [ 25%] [32m[1mLinking CXX static library libgtest_main.a[0m
[7.634s] [ 25%] Built target gtest_main
[12.395s] [ 29%] [32m[1mLinking CXX shared library libsimple_progress_checker.so[0m
[13.104s] [ 29%] Built target simple_progress_checker
[13.146s] [ 33%] [32mBuilding CXX object CMakeFiles/pose_progress_checker.dir/plugins/pose_progress_checker.cpp.o[0m
[14.844s] [ 37%] [32m[1mLinking CXX shared library libsimple_goal_checker.so[0m
[15.350s] [ 37%] Built target simple_goal_checker
[15.400s] [ 41%] [32mBuilding CXX object CMakeFiles/position_goal_checker.dir/plugins/position_goal_checker.cpp.o[0m
[15.407s] [ 45%] [32mBuilding CXX object CMakeFiles/stopped_goal_checker.dir/plugins/stopped_goal_checker.cpp.o[0m
[18.512s] [ 50%] [32m[1mLinking CXX static library libgtest.a[0m
[18.585s] [ 50%] Built target gtest
[18.741s] [ 54%] [32m[1mLinking CXX shared library libpose_progress_checker.so[0m
[19.222s] [ 54%] Built target pose_progress_checker
[19.263s] [ 58%] [32mBuilding CXX object plugins/test/CMakeFiles/pctest.dir/progress_checker.cpp.o[0m
[24.506s] [ 62%] [32m[1mLinking CXX shared library libposition_goal_checker.so[0m
[24.517s] [ 66%] [32m[1mLinking CXX shared library libstopped_goal_checker.so[0m
[25.006s] [ 66%] Built target position_goal_checker
[25.008s] [ 66%] Built target stopped_goal_checker
[25.049s] [ 70%] [32mBuilding CXX object plugins/test/CMakeFiles/gctest.dir/goal_checker.cpp.o[0m
[27.350s] [ 75%] [32m[1mLinking CXX executable pctest[0m
[27.903s] [ 75%] Built target pctest
[34.477s] [ 79%] [32m[1mLinking CXX executable gctest[0m
[35.096s] [ 79%] Built target gctest
[43.380s] [ 83%] [32m[1mLinking CXX shared library libcontroller_server_core.so[0m
[44.062s] [ 83%] Built target controller_server_core
[44.100s] [ 91%] [32mBuilding CXX object test/CMakeFiles/test_dynamic_parameters.dir/test_dynamic_parameters.cpp.o[0m
[44.100s] [ 91%] [32mBuilding CXX object CMakeFiles/controller_server.dir/src/main.cpp.o[0m
[54.200s] [ 95%] [32m[1mLinking CXX executable controller_server[0m
[54.963s] [ 95%] Built target controller_server
[55.890s] [100%] [32m[1mLinking CXX executable test_dynamic_parameters[0m
[56.636s] [100%] Built target test_dynamic_parameters
[56.656s] Invoked command in '/home/thomas/MobileRobot/ws_new/build/nav2_controller' returned '0': AMENT_PREFIX_PATH=/home/thomas/MobileRobot/ws_new/install/nav2_core:/home/thomas/MobileRobot/ws_new/install/nav2_costmap_2d:/home/thomas/MobileRobot/ws_new/install/nav_2d_utils:/home/thomas/MobileRobot/ws_new/install/nav2_map_server:/home/thomas/MobileRobot/ws_new/install/nav2_lifecycle_manager:/home/thomas/MobileRobot/ws_new/install/nav2_behavior_tree:/home/thomas/MobileRobot/ws_new/install/nav2_util:/home/thomas/MobileRobot/ws_new/install/visualization_msgs:/home/thomas/MobileRobot/ws_new/install/nav2_msgs:/home/thomas/MobileRobot/ws_new/install/sensor_msgs:/home/thomas/MobileRobot/ws_new/install/nav_msgs:/home/thomas/MobileRobot/ws_new/install/nav_2d_msgs:/home/thomas/MobileRobot/ws_new/install/nav2_voxel_grid:/home/thomas/MobileRobot/ws_new/install/geometry_msgs:/home/thomas/MobileRobot/ws_new/install/std_srvs:/home/thomas/MobileRobot/ws_new/install/std_msgs:/home/thomas/MobileRobot/ws_new/install/nav2_common:${AMENT_PREFIX_PATH} CMAKE_PREFIX_PATH=/home/thomas/MobileRobot/ws_new/install/nav2_core:/home/thomas/MobileRobot/ws_new/install/nav2_costmap_2d:/home/thomas/MobileRobot/ws_new/install/nav_2d_utils:/home/thomas/MobileRobot/ws_new/install/nav2_map_server:/home/thomas/MobileRobot/ws_new/install/nav2_lifecycle_manager:/home/thomas/MobileRobot/ws_new/install/nav2_behavior_tree:/home/thomas/MobileRobot/ws_new/install/nav2_util:/home/thomas/MobileRobot/ws_new/install/visualization_msgs:/home/thomas/MobileRobot/ws_new/install/nav2_msgs:/home/thomas/MobileRobot/ws_new/install/sensor_msgs:/home/thomas/MobileRobot/ws_new/install/nav_msgs:/home/thomas/MobileRobot/ws_new/install/nav_2d_msgs:/home/thomas/MobileRobot/ws_new/install/nav2_voxel_grid:/home/thomas/MobileRobot/ws_new/install/geometry_msgs:/home/thomas/MobileRobot/ws_new/install/std_srvs:/home/thomas/MobileRobot/ws_new/install/std_msgs:/home/thomas/MobileRobot/ws_new/install/nav2_common:/opt/ros/jazzy/opt/gz_sim_vendor:/opt/ros/jazzy/opt/gz_sensors_vendor:/opt/ros/jazzy/opt/gz_physics_vendor:/opt/ros/jazzy/opt/sdformat_vendor:/opt/ros/jazzy/opt/gz_gui_vendor:/opt/ros/jazzy/opt/gz_transport_vendor:/opt/ros/jazzy/opt/gz_rendering_vendor:/opt/ros/jazzy/opt/gz_plugin_vendor:/opt/ros/jazzy/opt/gz_fuel_tools_vendor:/opt/ros/jazzy/opt/gz_msgs_vendor:/opt/ros/jazzy/opt/gz_common_vendor:/opt/ros/jazzy/opt/gz_math_vendor:/opt/ros/jazzy/opt/gz_utils_vendor:/opt/ros/jazzy/opt/gz_tools_vendor:/opt/ros/jazzy/opt/gz_ogre_next_vendor:/opt/ros/jazzy/opt/gz_dartsim_vendor:/opt/ros/jazzy/opt/gz_cmake_vendor:/home/thomas/dev_ws/install/basic_mobile_robot:/opt/ros/jazzy DEBUGINFOD_URLS=https://debuginfod.ubuntu.com LD_LIBRARY_PATH=/home/thomas/MobileRobot/ws_new/install/nav2_costmap_2d/lib:/home/thomas/MobileRobot/ws_new/install/nav_2d_utils/lib:/home/thomas/MobileRobot/ws_new/install/nav2_map_server/lib:/home/thomas/MobileRobot/ws_new/install/nav2_lifecycle_manager/lib:/home/thomas/MobileRobot/ws_new/install/nav2_behavior_tree/lib:/home/thomas/MobileRobot/ws_new/install/nav2_util/lib:/home/thomas/MobileRobot/ws_new/install/visualization_msgs/lib:/home/thomas/MobileRobot/ws_new/install/nav2_msgs/lib:/home/thomas/MobileRobot/ws_new/install/sensor_msgs/lib:/home/thomas/MobileRobot/ws_new/install/nav_msgs/lib:/home/thomas/MobileRobot/ws_new/install/nav_2d_msgs/lib:/home/thomas/MobileRobot/ws_new/install/nav2_voxel_grid/lib:/home/thomas/MobileRobot/ws_new/install/geometry_msgs/lib:/home/thomas/MobileRobot/ws_new/install/std_srvs/lib:/home/thomas/MobileRobot/ws_new/install/std_msgs/lib:${LD_LIBRARY_PATH} PYTHONPATH=/home/thomas/MobileRobot/ws_new/install/visualization_msgs/lib/python3.12/site-packages:/home/thomas/MobileRobot/ws_new/install/nav2_msgs/lib/python3.12/site-packages:/home/thomas/MobileRobot/ws_new/install/sensor_msgs/lib/python3.12/site-packages:/home/thomas/MobileRobot/ws_new/install/nav_msgs/lib/python3.12/site-packages:/home/thomas/MobileRobot/ws_new/install/nav_2d_msgs/lib/python3.12/site-packages:/home/thomas/MobileRobot/ws_new/install/geometry_msgs/lib/python3.12/site-packages:/home/thomas/MobileRobot/ws_new/install/std_srvs/lib/python3.12/site-packages:/home/thomas/MobileRobot/ws_new/install/std_msgs/lib/python3.12/site-packages:/home/thomas/MobileRobot/ws_new/install/nav2_common/lib/python3.12/site-packages:${PYTHONPATH} /usr/bin/cmake --build /home/thomas/MobileRobot/ws_new/build/nav2_controller -- -j8 -l8
[56.657s] Invoking command in '/home/thomas/MobileRobot/ws_new/build/nav2_controller': AMENT_PREFIX_PATH=/home/thomas/MobileRobot/ws_new/install/nav2_core:/home/thomas/MobileRobot/ws_new/install/nav2_costmap_2d:/home/thomas/MobileRobot/ws_new/install/nav_2d_utils:/home/thomas/MobileRobot/ws_new/install/nav2_map_server:/home/thomas/MobileRobot/ws_new/install/nav2_lifecycle_manager:/home/thomas/MobileRobot/ws_new/install/nav2_behavior_tree:/home/thomas/MobileRobot/ws_new/install/nav2_util:/home/thomas/MobileRobot/ws_new/install/visualization_msgs:/home/thomas/MobileRobot/ws_new/install/nav2_msgs:/home/thomas/MobileRobot/ws_new/install/sensor_msgs:/home/thomas/MobileRobot/ws_new/install/nav_msgs:/home/thomas/MobileRobot/ws_new/install/nav_2d_msgs:/home/thomas/MobileRobot/ws_new/install/nav2_voxel_grid:/home/thomas/MobileRobot/ws_new/install/geometry_msgs:/home/thomas/MobileRobot/ws_new/install/std_srvs:/home/thomas/MobileRobot/ws_new/install/std_msgs:/home/thomas/MobileRobot/ws_new/install/nav2_common:${AMENT_PREFIX_PATH} CMAKE_PREFIX_PATH=/home/thomas/MobileRobot/ws_new/install/nav2_core:/home/thomas/MobileRobot/ws_new/install/nav2_costmap_2d:/home/thomas/MobileRobot/ws_new/install/nav_2d_utils:/home/thomas/MobileRobot/ws_new/install/nav2_map_server:/home/thomas/MobileRobot/ws_new/install/nav2_lifecycle_manager:/home/thomas/MobileRobot/ws_new/install/nav2_behavior_tree:/home/thomas/MobileRobot/ws_new/install/nav2_util:/home/thomas/MobileRobot/ws_new/install/visualization_msgs:/home/thomas/MobileRobot/ws_new/install/nav2_msgs:/home/thomas/MobileRobot/ws_new/install/sensor_msgs:/home/thomas/MobileRobot/ws_new/install/nav_msgs:/home/thomas/MobileRobot/ws_new/install/nav_2d_msgs:/home/thomas/MobileRobot/ws_new/install/nav2_voxel_grid:/home/thomas/MobileRobot/ws_new/install/geometry_msgs:/home/thomas/MobileRobot/ws_new/install/std_srvs:/home/thomas/MobileRobot/ws_new/install/std_msgs:/home/thomas/MobileRobot/ws_new/install/nav2_common:/opt/ros/jazzy/opt/gz_sim_vendor:/opt/ros/jazzy/opt/gz_sensors_vendor:/opt/ros/jazzy/opt/gz_physics_vendor:/opt/ros/jazzy/opt/sdformat_vendor:/opt/ros/jazzy/opt/gz_gui_vendor:/opt/ros/jazzy/opt/gz_transport_vendor:/opt/ros/jazzy/opt/gz_rendering_vendor:/opt/ros/jazzy/opt/gz_plugin_vendor:/opt/ros/jazzy/opt/gz_fuel_tools_vendor:/opt/ros/jazzy/opt/gz_msgs_vendor:/opt/ros/jazzy/opt/gz_common_vendor:/opt/ros/jazzy/opt/gz_math_vendor:/opt/ros/jazzy/opt/gz_utils_vendor:/opt/ros/jazzy/opt/gz_tools_vendor:/opt/ros/jazzy/opt/gz_ogre_next_vendor:/opt/ros/jazzy/opt/gz_dartsim_vendor:/opt/ros/jazzy/opt/gz_cmake_vendor:/home/thomas/dev_ws/install/basic_mobile_robot:/opt/ros/jazzy DEBUGINFOD_URLS=https://debuginfod.ubuntu.com LD_LIBRARY_PATH=/home/thomas/MobileRobot/ws_new/install/nav2_costmap_2d/lib:/home/thomas/MobileRobot/ws_new/install/nav_2d_utils/lib:/home/thomas/MobileRobot/ws_new/install/nav2_map_server/lib:/home/thomas/MobileRobot/ws_new/install/nav2_lifecycle_manager/lib:/home/thomas/MobileRobot/ws_new/install/nav2_behavior_tree/lib:/home/thomas/MobileRobot/ws_new/install/nav2_util/lib:/home/thomas/MobileRobot/ws_new/install/visualization_msgs/lib:/home/thomas/MobileRobot/ws_new/install/nav2_msgs/lib:/home/thomas/MobileRobot/ws_new/install/sensor_msgs/lib:/home/thomas/MobileRobot/ws_new/install/nav_msgs/lib:/home/thomas/MobileRobot/ws_new/install/nav_2d_msgs/lib:/home/thomas/MobileRobot/ws_new/install/nav2_voxel_grid/lib:/home/thomas/MobileRobot/ws_new/install/geometry_msgs/lib:/home/thomas/MobileRobot/ws_new/install/std_srvs/lib:/home/thomas/MobileRobot/ws_new/install/std_msgs/lib:${LD_LIBRARY_PATH} PYTHONPATH=/home/thomas/MobileRobot/ws_new/install/visualization_msgs/lib/python3.12/site-packages:/home/thomas/MobileRobot/ws_new/install/nav2_msgs/lib/python3.12/site-packages:/home/thomas/MobileRobot/ws_new/install/sensor_msgs/lib/python3.12/site-packages:/home/thomas/MobileRobot/ws_new/install/nav_msgs/lib/python3.12/site-packages:/home/thomas/MobileRobot/ws_new/install/nav_2d_msgs/lib/python3.12/site-packages:/home/thomas/MobileRobot/ws_new/install/geometry_msgs/lib/python3.12/site-packages:/home/thomas/MobileRobot/ws_new/install/std_srvs/lib/python3.12/site-packages:/home/thomas/MobileRobot/ws_new/install/std_msgs/lib/python3.12/site-packages:/home/thomas/MobileRobot/ws_new/install/nav2_common/lib/python3.12/site-packages:${PYTHONPATH} /usr/bin/cmake --install /home/thomas/MobileRobot/ws_new/build/nav2_controller
[56.671s] -- Install configuration: "Release"
[56.671s] -- Installing: /home/thomas/MobileRobot/ws_new/install/nav2_controller/lib/libsimple_progress_checker.so
[56.672s] -- Set non-toolchain portion of runtime path of "/home/thomas/MobileRobot/ws_new/install/nav2_controller/lib/libsimple_progress_checker.so" to ""
[56.672s] -- Installing: /home/thomas/MobileRobot/ws_new/install/nav2_controller/lib/libposition_goal_checker.so
[56.673s] -- Set non-toolchain portion of runtime path of "/home/thomas/MobileRobot/ws_new/install/nav2_controller/lib/libposition_goal_checker.so" to ""
[56.673s] -- Installing: /home/thomas/MobileRobot/ws_new/install/nav2_controller/lib/libpose_progress_checker.so
[56.674s] -- Set non-toolchain portion of runtime path of "/home/thomas/MobileRobot/ws_new/install/nav2_controller/lib/libpose_progress_checker.so" to ""
[56.674s] -- Installing: /home/thomas/MobileRobot/ws_new/install/nav2_controller/lib/libsimple_goal_checker.so
[56.674s] -- Set non-toolchain portion of runtime path of "/home/thomas/MobileRobot/ws_new/install/nav2_controller/lib/libsimple_goal_checker.so" to ""
[56.674s] -- Installing: /home/thomas/MobileRobot/ws_new/install/nav2_controller/lib/libstopped_goal_checker.so
[56.675s] -- Set non-toolchain portion of runtime path of "/home/thomas/MobileRobot/ws_new/install/nav2_controller/lib/libstopped_goal_checker.so" to ""
[56.675s] -- Installing: /home/thomas/MobileRobot/ws_new/install/nav2_controller/lib/libcontroller_server_core.so
[56.678s] -- Set non-toolchain portion of runtime path of "/home/thomas/MobileRobot/ws_new/install/nav2_controller/lib/libcontroller_server_core.so" to ""
[56.678s] -- Installing: /home/thomas/MobileRobot/ws_new/install/nav2_controller/lib/nav2_controller/controller_server
[56.679s] -- Set non-toolchain portion of runtime path of "/home/thomas/MobileRobot/ws_new/install/nav2_controller/lib/nav2_controller/controller_server" to ""
[56.679s] -- Installing: /home/thomas/MobileRobot/ws_new/install/nav2_controller/include/
[56.679s] -- Installing: /home/thomas/MobileRobot/ws_new/install/nav2_controller/include//nav2_controller
[56.680s] -- Installing: /home/thomas/MobileRobot/ws_new/install/nav2_controller/include//nav2_controller/controller_server.hpp
[56.680s] -- Installing: /home/thomas/MobileRobot/ws_new/install/nav2_controller/include//nav2_controller/plugins
[56.680s] -- Installing: /home/thomas/MobileRobot/ws_new/install/nav2_controller/include//nav2_controller/plugins/stopped_goal_checker.hpp
[56.680s] -- Installing: /home/thomas/MobileRobot/ws_new/install/nav2_controller/include//nav2_controller/plugins/simple_goal_checker.hpp
[56.680s] -- Installing: /home/thomas/MobileRobot/ws_new/install/nav2_controller/include//nav2_controller/plugins/simple_progress_checker.hpp
[56.680s] -- Installing: /home/thomas/MobileRobot/ws_new/install/nav2_controller/include//nav2_controller/plugins/pose_progress_checker.hpp
[56.680s] -- Installing: /home/thomas/MobileRobot/ws_new/install/nav2_controller/include//nav2_controller/plugins/position_goal_checker.hpp
[56.680s] -- Installing: /home/thomas/MobileRobot/ws_new/install/nav2_controller/share/nav2_controller/environment/library_path.sh
[56.681s] -- Installing: /home/thomas/MobileRobot/ws_new/install/nav2_controller/share/nav2_controller/environment/library_path.dsv
[56.681s] -- Installing: /home/thomas/MobileRobot/ws_new/install/nav2_controller/share/nav2_controller/plugins.xml
[56.681s] -- Installing: /home/thomas/MobileRobot/ws_new/install/nav2_controller/share/ament_index/resource_index/package_run_dependencies/nav2_controller
[56.681s] -- Installing: /home/thomas/MobileRobot/ws_new/install/nav2_controller/share/ament_index/resource_index/parent_prefix_path/nav2_controller
[56.682s] -- Installing: /home/thomas/MobileRobot/ws_new/install/nav2_controller/share/nav2_controller/environment/ament_prefix_path.sh
[56.682s] -- Installing: /home/thomas/MobileRobot/ws_new/install/nav2_controller/share/nav2_controller/environment/ament_prefix_path.dsv
[56.682s] -- Installing: /home/thomas/MobileRobot/ws_new/install/nav2_controller/share/nav2_controller/environment/path.sh
[56.682s] -- Installing: /home/thomas/MobileRobot/ws_new/install/nav2_controller/share/nav2_controller/environment/path.dsv
[56.683s] -- Installing: /home/thomas/MobileRobot/ws_new/install/nav2_controller/share/nav2_controller/local_setup.bash
[56.683s] -- Installing: /home/thomas/MobileRobot/ws_new/install/nav2_controller/share/nav2_controller/local_setup.sh
[56.683s] -- Installing: /home/thomas/MobileRobot/ws_new/install/nav2_controller/share/nav2_controller/local_setup.zsh
[56.683s] -- Installing: /home/thomas/MobileRobot/ws_new/install/nav2_controller/share/nav2_controller/local_setup.dsv
[56.683s] -- Installing: /home/thomas/MobileRobot/ws_new/install/nav2_controller/share/nav2_controller/package.dsv
[56.683s] -- Installing: /home/thomas/MobileRobot/ws_new/install/nav2_controller/share/ament_index/resource_index/packages/nav2_controller
[56.684s] -- Installing: /home/thomas/MobileRobot/ws_new/install/nav2_controller/share/ament_index/resource_index/nav2_core__pluginlib__plugin/nav2_controller
[56.684s] -- Installing: /home/thomas/MobileRobot/ws_new/install/nav2_controller/share/ament_index/resource_index/rclcpp_components/nav2_controller
[56.684s] -- Installing: /home/thomas/MobileRobot/ws_new/install/nav2_controller/share/nav2_controller/cmake/ament_cmake_export_include_directories-extras.cmake
[56.684s] -- Installing: /home/thomas/MobileRobot/ws_new/install/nav2_controller/share/nav2_controller/cmake/ament_cmake_export_libraries-extras.cmake
[56.685s] -- Installing: /home/thomas/MobileRobot/ws_new/install/nav2_controller/share/nav2_controller/cmake/ament_cmake_export_dependencies-extras.cmake
[56.685s] -- Installing: /home/thomas/MobileRobot/ws_new/install/nav2_controller/share/nav2_controller/cmake/nav2_controllerConfig.cmake
[56.685s] -- Installing: /home/thomas/MobileRobot/ws_new/install/nav2_controller/share/nav2_controller/cmake/nav2_controllerConfig-version.cmake
[56.685s] -- Installing: /home/thomas/MobileRobot/ws_new/install/nav2_controller/share/nav2_controller/package.xml
[56.688s] Invoked command in '/home/thomas/MobileRobot/ws_new/build/nav2_controller' returned '0': AMENT_PREFIX_PATH=/home/thomas/MobileRobot/ws_new/install/nav2_core:/home/thomas/MobileRobot/ws_new/install/nav2_costmap_2d:/home/thomas/MobileRobot/ws_new/install/nav_2d_utils:/home/thomas/MobileRobot/ws_new/install/nav2_map_server:/home/thomas/MobileRobot/ws_new/install/nav2_lifecycle_manager:/home/thomas/MobileRobot/ws_new/install/nav2_behavior_tree:/home/thomas/MobileRobot/ws_new/install/nav2_util:/home/thomas/MobileRobot/ws_new/install/visualization_msgs:/home/thomas/MobileRobot/ws_new/install/nav2_msgs:/home/thomas/MobileRobot/ws_new/install/sensor_msgs:/home/thomas/MobileRobot/ws_new/install/nav_msgs:/home/thomas/MobileRobot/ws_new/install/nav_2d_msgs:/home/thomas/MobileRobot/ws_new/install/nav2_voxel_grid:/home/thomas/MobileRobot/ws_new/install/geometry_msgs:/home/thomas/MobileRobot/ws_new/install/std_srvs:/home/thomas/MobileRobot/ws_new/install/std_msgs:/home/thomas/MobileRobot/ws_new/install/nav2_common:${AMENT_PREFIX_PATH} CMAKE_PREFIX_PATH=/home/thomas/MobileRobot/ws_new/install/nav2_core:/home/thomas/MobileRobot/ws_new/install/nav2_costmap_2d:/home/thomas/MobileRobot/ws_new/install/nav_2d_utils:/home/thomas/MobileRobot/ws_new/install/nav2_map_server:/home/thomas/MobileRobot/ws_new/install/nav2_lifecycle_manager:/home/thomas/MobileRobot/ws_new/install/nav2_behavior_tree:/home/thomas/MobileRobot/ws_new/install/nav2_util:/home/thomas/MobileRobot/ws_new/install/visualization_msgs:/home/thomas/MobileRobot/ws_new/install/nav2_msgs:/home/thomas/MobileRobot/ws_new/install/sensor_msgs:/home/thomas/MobileRobot/ws_new/install/nav_msgs:/home/thomas/MobileRobot/ws_new/install/nav_2d_msgs:/home/thomas/MobileRobot/ws_new/install/nav2_voxel_grid:/home/thomas/MobileRobot/ws_new/install/geometry_msgs:/home/thomas/MobileRobot/ws_new/install/std_srvs:/home/thomas/MobileRobot/ws_new/install/std_msgs:/home/thomas/MobileRobot/ws_new/install/nav2_common:/opt/ros/jazzy/opt/gz_sim_vendor:/opt/ros/jazzy/opt/gz_sensors_vendor:/opt/ros/jazzy/opt/gz_physics_vendor:/opt/ros/jazzy/opt/sdformat_vendor:/opt/ros/jazzy/opt/gz_gui_vendor:/opt/ros/jazzy/opt/gz_transport_vendor:/opt/ros/jazzy/opt/gz_rendering_vendor:/opt/ros/jazzy/opt/gz_plugin_vendor:/opt/ros/jazzy/opt/gz_fuel_tools_vendor:/opt/ros/jazzy/opt/gz_msgs_vendor:/opt/ros/jazzy/opt/gz_common_vendor:/opt/ros/jazzy/opt/gz_math_vendor:/opt/ros/jazzy/opt/gz_utils_vendor:/opt/ros/jazzy/opt/gz_tools_vendor:/opt/ros/jazzy/opt/gz_ogre_next_vendor:/opt/ros/jazzy/opt/gz_dartsim_vendor:/opt/ros/jazzy/opt/gz_cmake_vendor:/home/thomas/dev_ws/install/basic_mobile_robot:/opt/ros/jazzy DEBUGINFOD_URLS=https://debuginfod.ubuntu.com LD_LIBRARY_PATH=/home/thomas/MobileRobot/ws_new/install/nav2_costmap_2d/lib:/home/thomas/MobileRobot/ws_new/install/nav_2d_utils/lib:/home/thomas/MobileRobot/ws_new/install/nav2_map_server/lib:/home/thomas/MobileRobot/ws_new/install/nav2_lifecycle_manager/lib:/home/thomas/MobileRobot/ws_new/install/nav2_behavior_tree/lib:/home/thomas/MobileRobot/ws_new/install/nav2_util/lib:/home/thomas/MobileRobot/ws_new/install/visualization_msgs/lib:/home/thomas/MobileRobot/ws_new/install/nav2_msgs/lib:/home/thomas/MobileRobot/ws_new/install/sensor_msgs/lib:/home/thomas/MobileRobot/ws_new/install/nav_msgs/lib:/home/thomas/MobileRobot/ws_new/install/nav_2d_msgs/lib:/home/thomas/MobileRobot/ws_new/install/nav2_voxel_grid/lib:/home/thomas/MobileRobot/ws_new/install/geometry_msgs/lib:/home/thomas/MobileRobot/ws_new/install/std_srvs/lib:/home/thomas/MobileRobot/ws_new/install/std_msgs/lib:${LD_LIBRARY_PATH} PYTHONPATH=/home/thomas/MobileRobot/ws_new/install/visualization_msgs/lib/python3.12/site-packages:/home/thomas/MobileRobot/ws_new/install/nav2_msgs/lib/python3.12/site-packages:/home/thomas/MobileRobot/ws_new/install/sensor_msgs/lib/python3.12/site-packages:/home/thomas/MobileRobot/ws_new/install/nav_msgs/lib/python3.12/site-packages:/home/thomas/MobileRobot/ws_new/install/nav_2d_msgs/lib/python3.12/site-packages:/home/thomas/MobileRobot/ws_new/install/geometry_msgs/lib/python3.12/site-packages:/home/thomas/MobileRobot/ws_new/install/std_srvs/lib/python3.12/site-packages:/home/thomas/MobileRobot/ws_new/install/std_msgs/lib/python3.12/site-packages:/home/thomas/MobileRobot/ws_new/install/nav2_common/lib/python3.12/site-packages:${PYTHONPATH} /usr/bin/cmake --install /home/thomas/MobileRobot/ws_new/build/nav2_controller
