[0.262s] Invoking command in '/home/thomas/MobileRobot/ws_new/build/controller_manager_msgs': CMAKE_PREFIX_PATH=${CMAKE_PREFIX_PATH}:/home/thomas/MobileRobot/ws_new/install/publisher_subscriber:/opt/ros/jazzy DEBUGINFOD_URLS=https://debuginfod.ubuntu.com /usr/bin/cmake /home/thomas/MobileRobot/ws_new/src/ros-controls/ros2_control/controller_manager_msgs -DCMAKE_INSTALL_PREFIX=/home/thomas/MobileRobot/ws_new/install/controller_manager_msgs
[0.917s] -- Found ament_cmake: 2.5.3 (/opt/ros/jazzy/share/ament_cmake/cmake)
[0.917s] -- Found Python3: /usr/bin/python3 (found version "3.12.3") found components: Interpreter 
[0.918s] -- Override CMake install command with custom implementation using symlinks instead of copying resources
[0.918s] -- Found builtin_interfaces: 2.0.2 (/opt/ros/jazzy/share/builtin_interfaces/cmake)
[0.918s] -- Found rosidl_generator_c: 4.6.5 (/opt/ros/jazzy/share/rosidl_generator_c/cmake)
[0.919s] -- Found rosidl_generator_cpp: 4.6.5 (/opt/ros/jazzy/share/rosidl_generator_cpp/cmake)
[0.919s] -- Using all available rosidl_typesupport_c: rosidl_typesupport_fastrtps_c;rosidl_typesupport_introspection_c
[0.920s] -- Using all available rosidl_typesupport_cpp: rosidl_typesupport_fastrtps_cpp;rosidl_typesupport_introspection_cpp
[0.920s] -- Found lifecycle_msgs: 2.0.2 (/opt/ros/jazzy/share/lifecycle_msgs/cmake)
[0.921s] -- Found std_msgs: 5.3.5 (/opt/ros/jazzy/share/std_msgs/cmake)
[0.931s] -- Found rosidl_default_generators: 1.6.0 (/opt/ros/jazzy/share/rosidl_default_generators/cmake)
[1.308s] -- Found rosidl_adapter: 4.6.5 (/opt/ros/jazzy/share/rosidl_adapter/cmake)
[2.457s] -- Found ament_cmake_cppcheck: 0.17.1 (/opt/ros/jazzy/share/ament_cmake_cppcheck/cmake)
[2.458s] -- Found ament_cmake_cpplint: 0.17.1 (/opt/ros/jazzy/share/ament_cmake_cpplint/cmake)
[2.460s] -- Found ament_cmake_uncrustify: 0.17.1 (/opt/ros/jazzy/share/ament_cmake_uncrustify/cmake)
[2.505s] -- Found ament_cmake_ros: 0.12.0 (/opt/ros/jazzy/share/ament_cmake_ros/cmake)
[3.428s] -- Using all available rosidl_typesupport_c: rosidl_typesupport_fastrtps_c;rosidl_typesupport_introspection_c
[3.666s] -- Using all available rosidl_typesupport_cpp: rosidl_typesupport_fastrtps_cpp;rosidl_typesupport_introspection_cpp
[3.723s] -- Found python_cmake_module: 0.11.1 (/opt/ros/jazzy/share/python_cmake_module/cmake)
[4.310s] -- Found Python3: /usr/bin/python3 (found version "3.12.3") found components: Interpreter Development NumPy Development.Module Development.Embed 
[4.459s] -- Found ament_cmake_flake8: 0.17.1 (/opt/ros/jazzy/share/ament_cmake_flake8/cmake)
[4.459s] -- Found ament_cmake_pep257: 0.17.1 (/opt/ros/jazzy/share/ament_cmake_pep257/cmake)
[4.847s] -- Configuring done (4.6s)
[6.119s] -- Generating done (1.2s)
[6.152s] -- Build files have been written to: /home/thomas/MobileRobot/ws_new/build/controller_manager_msgs
[6.167s] Invoked command in '/home/thomas/MobileRobot/ws_new/build/controller_manager_msgs' returned '0': CMAKE_PREFIX_PATH=${CMAKE_PREFIX_PATH}:/home/thomas/MobileRobot/ws_new/install/publisher_subscriber:/opt/ros/jazzy DEBUGINFOD_URLS=https://debuginfod.ubuntu.com /usr/bin/cmake /home/thomas/MobileRobot/ws_new/src/ros-controls/ros2_control/controller_manager_msgs -DCMAKE_INSTALL_PREFIX=/home/thomas/MobileRobot/ws_new/install/controller_manager_msgs
[6.168s] Invoking command in '/home/thomas/MobileRobot/ws_new/build/controller_manager_msgs': CMAKE_PREFIX_PATH=${CMAKE_PREFIX_PATH}:/home/thomas/MobileRobot/ws_new/install/publisher_subscriber:/opt/ros/jazzy DEBUGINFOD_URLS=https://debuginfod.ubuntu.com /usr/bin/cmake --build /home/thomas/MobileRobot/ws_new/build/controller_manager_msgs -- -j8 -l8
[6.355s] [  0%] Built target ament_cmake_python_symlink_controller_manager_msgs
[6.362s] [  1%] Built target controller_manager_msgs__rosidl_generator_type_description
[6.459s] [  1%] Built target controller_manager_msgs__cpp
[6.656s] [ 28%] Built target controller_manager_msgs__rosidl_generator_c
[6.895s] [ 37%] Built target controller_manager_msgs__rosidl_typesupport_c
[6.939s] running egg_info
[6.994s] [ 46%] Built target controller_manager_msgs__rosidl_typesupport_introspection_c
[7.022s] [ 56%] Built target controller_manager_msgs__rosidl_typesupport_cpp
[7.022s] writing controller_manager_msgs.egg-info/PKG-INFO
[7.022s] writing dependency_links to controller_manager_msgs.egg-info/dependency_links.txt
[7.023s] writing top-level names to controller_manager_msgs.egg-info/top_level.txt
[7.023s] [ 66%] Built target controller_manager_msgs__rosidl_typesupport_introspection_cpp
[7.203s] [ 76%] Built target controller_manager_msgs__rosidl_typesupport_fastrtps_cpp
[7.207s] [ 86%] Built target controller_manager_msgs__rosidl_typesupport_fastrtps_c
[7.228s] reading manifest file 'controller_manager_msgs.egg-info/SOURCES.txt'
[7.246s] writing manifest file 'controller_manager_msgs.egg-info/SOURCES.txt'
[7.298s] [ 86%] Built target controller_manager_msgs
[7.340s] [ 86%] Built target ament_cmake_python_build_controller_manager_msgs_egg
[7.358s] [ 87%] Built target controller_manager_msgs__py
[7.860s] [ 96%] Built target controller_manager_msgs__rosidl_generator_py
[7.923s] [ 97%] Built target controller_manager_msgs_s__rosidl_typesupport_fastrtps_c
[7.926s] [ 98%] Built target controller_manager_msgs_s__rosidl_typesupport_c
[7.934s] [100%] Built target controller_manager_msgs_s__rosidl_typesupport_introspection_c
[7.981s] Invoked command in '/home/thomas/MobileRobot/ws_new/build/controller_manager_msgs' returned '0': CMAKE_PREFIX_PATH=${CMAKE_PREFIX_PATH}:/home/thomas/MobileRobot/ws_new/install/publisher_subscriber:/opt/ros/jazzy DEBUGINFOD_URLS=https://debuginfod.ubuntu.com /usr/bin/cmake --build /home/thomas/MobileRobot/ws_new/build/controller_manager_msgs -- -j8 -l8
[8.021s] Invoking command in '/home/thomas/MobileRobot/ws_new/build/controller_manager_msgs': CMAKE_PREFIX_PATH=${CMAKE_PREFIX_PATH}:/home/thomas/MobileRobot/ws_new/install/publisher_subscriber:/opt/ros/jazzy DEBUGINFOD_URLS=https://debuginfod.ubuntu.com /usr/bin/cmake --install /home/thomas/MobileRobot/ws_new/build/controller_manager_msgs
[8.130s] -- Install configuration: ""
[8.130s] -- Execute custom install script
[8.131s] -- Up-to-date symlink: /home/thomas/MobileRobot/ws_new/install/controller_manager_msgs/share/ament_index/resource_index/rosidl_interfaces/controller_manager_msgs
[8.131s] -- Up-to-date symlink: /home/thomas/MobileRobot/ws_new/install/controller_manager_msgs/share/controller_manager_msgs/msg/ControllerState.json
[8.131s] -- Up-to-date symlink: /home/thomas/MobileRobot/ws_new/install/controller_manager_msgs/share/controller_manager_msgs/msg/ChainConnection.json
[8.132s] -- Up-to-date symlink: /home/thomas/MobileRobot/ws_new/install/controller_manager_msgs/share/controller_manager_msgs/msg/HardwareComponentState.json
[8.132s] -- Up-to-date symlink: /home/thomas/MobileRobot/ws_new/install/controller_manager_msgs/share/controller_manager_msgs/msg/HardwareInterface.json
[8.132s] -- Up-to-date symlink: /home/thomas/MobileRobot/ws_new/install/controller_manager_msgs/share/controller_manager_msgs/msg/NamedLifecycleState.json
[8.132s] -- Up-to-date symlink: /home/thomas/MobileRobot/ws_new/install/controller_manager_msgs/share/controller_manager_msgs/msg/ControllerManagerActivity.json
[8.133s] -- Up-to-date symlink: /home/thomas/MobileRobot/ws_new/install/controller_manager_msgs/share/controller_manager_msgs/srv/ConfigureController.json
[8.133s] -- Up-to-date symlink: /home/thomas/MobileRobot/ws_new/install/controller_manager_msgs/share/controller_manager_msgs/srv/ListControllers.json
[8.133s] -- Up-to-date symlink: /home/thomas/MobileRobot/ws_new/install/controller_manager_msgs/share/controller_manager_msgs/srv/ListControllerTypes.json
[8.133s] -- Up-to-date symlink: /home/thomas/MobileRobot/ws_new/install/controller_manager_msgs/share/controller_manager_msgs/srv/ListHardwareComponents.json
[8.133s] -- Up-to-date symlink: /home/thomas/MobileRobot/ws_new/install/controller_manager_msgs/share/controller_manager_msgs/srv/ListHardwareInterfaces.json
[8.133s] -- Up-to-date symlink: /home/thomas/MobileRobot/ws_new/install/controller_manager_msgs/share/controller_manager_msgs/srv/LoadController.json
[8.134s] -- Up-to-date symlink: /home/thomas/MobileRobot/ws_new/install/controller_manager_msgs/share/controller_manager_msgs/srv/ReloadControllerLibraries.json
[8.134s] -- Up-to-date symlink: /home/thomas/MobileRobot/ws_new/install/controller_manager_msgs/share/controller_manager_msgs/srv/SetHardwareComponentState.json
[8.134s] -- Up-to-date symlink: /home/thomas/MobileRobot/ws_new/install/controller_manager_msgs/share/controller_manager_msgs/srv/SwitchController.json
[8.134s] -- Up-to-date symlink: /home/thomas/MobileRobot/ws_new/install/controller_manager_msgs/share/controller_manager_msgs/srv/UnloadController.json
[8.135s] -- Up-to-date symlink: /home/thomas/MobileRobot/ws_new/install/controller_manager_msgs/include/controller_manager_msgs/controller_manager_msgs/msg/chain_connection.h
[8.135s] -- Up-to-date symlink: /home/thomas/MobileRobot/ws_new/install/controller_manager_msgs/include/controller_manager_msgs/controller_manager_msgs/msg/controller_manager_activity.h
[8.135s] -- Up-to-date symlink: /home/thomas/MobileRobot/ws_new/install/controller_manager_msgs/include/controller_manager_msgs/controller_manager_msgs/msg/controller_state.h
[8.135s] -- Up-to-date symlink: /home/thomas/MobileRobot/ws_new/install/controller_manager_msgs/include/controller_manager_msgs/controller_manager_msgs/msg/detail/chain_connection__functions.h
[8.135s] -- Up-to-date symlink: /home/thomas/MobileRobot/ws_new/install/controller_manager_msgs/include/controller_manager_msgs/controller_manager_msgs/msg/detail/chain_connection__struct.h
[8.135s] -- Up-to-date symlink: /home/thomas/MobileRobot/ws_new/install/controller_manager_msgs/include/controller_manager_msgs/controller_manager_msgs/msg/detail/chain_connection__type_support.h
[8.135s] -- Up-to-date symlink: /home/thomas/MobileRobot/ws_new/install/controller_manager_msgs/include/controller_manager_msgs/controller_manager_msgs/msg/detail/controller_manager_activity__functions.h
[8.135s] -- Up-to-date symlink: /home/thomas/MobileRobot/ws_new/install/controller_manager_msgs/include/controller_manager_msgs/controller_manager_msgs/msg/detail/controller_manager_activity__struct.h
[8.136s] -- Up-to-date symlink: /home/thomas/MobileRobot/ws_new/install/controller_manager_msgs/include/controller_manager_msgs/controller_manager_msgs/msg/detail/controller_manager_activity__type_support.h
[8.136s] -- Up-to-date symlink: /home/thomas/MobileRobot/ws_new/install/controller_manager_msgs/include/controller_manager_msgs/controller_manager_msgs/msg/detail/controller_state__functions.h
[8.136s] -- Up-to-date symlink: /home/thomas/MobileRobot/ws_new/install/controller_manager_msgs/include/controller_manager_msgs/controller_manager_msgs/msg/detail/controller_state__struct.h
[8.136s] -- Up-to-date symlink: /home/thomas/MobileRobot/ws_new/install/controller_manager_msgs/include/controller_manager_msgs/controller_manager_msgs/msg/detail/controller_state__type_support.h
[8.136s] -- Up-to-date symlink: /home/thomas/MobileRobot/ws_new/install/controller_manager_msgs/include/controller_manager_msgs/controller_manager_msgs/msg/detail/hardware_component_state__functions.h
[8.136s] -- Up-to-date symlink: /home/thomas/MobileRobot/ws_new/install/controller_manager_msgs/include/controller_manager_msgs/controller_manager_msgs/msg/detail/hardware_component_state__struct.h
[8.136s] -- Up-to-date symlink: /home/thomas/MobileRobot/ws_new/install/controller_manager_msgs/include/controller_manager_msgs/controller_manager_msgs/msg/detail/hardware_component_state__type_support.h
[8.136s] -- Up-to-date symlink: /home/thomas/MobileRobot/ws_new/install/controller_manager_msgs/include/controller_manager_msgs/controller_manager_msgs/msg/detail/hardware_interface__functions.h
[8.136s] -- Up-to-date symlink: /home/thomas/MobileRobot/ws_new/install/controller_manager_msgs/include/controller_manager_msgs/controller_manager_msgs/msg/detail/hardware_interface__struct.h
[8.136s] -- Up-to-date symlink: /home/thomas/MobileRobot/ws_new/install/controller_manager_msgs/include/controller_manager_msgs/controller_manager_msgs/msg/detail/hardware_interface__type_support.h
[8.136s] -- Up-to-date symlink: /home/thomas/MobileRobot/ws_new/install/controller_manager_msgs/include/controller_manager_msgs/controller_manager_msgs/msg/detail/named_lifecycle_state__functions.h
[8.136s] -- Up-to-date symlink: /home/thomas/MobileRobot/ws_new/install/controller_manager_msgs/include/controller_manager_msgs/controller_manager_msgs/msg/detail/named_lifecycle_state__struct.h
[8.137s] -- Up-to-date symlink: /home/thomas/MobileRobot/ws_new/install/controller_manager_msgs/include/controller_manager_msgs/controller_manager_msgs/msg/detail/named_lifecycle_state__type_support.h
[8.137s] -- Up-to-date symlink: /home/thomas/MobileRobot/ws_new/install/controller_manager_msgs/include/controller_manager_msgs/controller_manager_msgs/msg/hardware_component_state.h
[8.137s] -- Up-to-date symlink: /home/thomas/MobileRobot/ws_new/install/controller_manager_msgs/include/controller_manager_msgs/controller_manager_msgs/msg/hardware_interface.h
[8.137s] -- Up-to-date symlink: /home/thomas/MobileRobot/ws_new/install/controller_manager_msgs/include/controller_manager_msgs/controller_manager_msgs/msg/named_lifecycle_state.h
[8.148s] -- Up-to-date symlink: /home/thomas/MobileRobot/ws_new/install/controller_manager_msgs/include/controller_manager_msgs/controller_manager_msgs/msg/rosidl_generator_c__visibility_control.h
[8.149s] -- Up-to-date symlink: /home/thomas/MobileRobot/ws_new/install/controller_manager_msgs/include/controller_manager_msgs/controller_manager_msgs/srv/configure_controller.h
[8.150s] -- Up-to-date symlink: /home/thomas/MobileRobot/ws_new/install/controller_manager_msgs/include/controller_manager_msgs/controller_manager_msgs/srv/detail/configure_controller__functions.h
[8.152s] -- Up-to-date symlink: /home/thomas/MobileRobot/ws_new/install/controller_manager_msgs/include/controller_manager_msgs/controller_manager_msgs/srv/detail/configure_controller__struct.h
[8.160s] -- Up-to-date symlink: /home/thomas/MobileRobot/ws_new/install/controller_manager_msgs/include/controller_manager_msgs/controller_manager_msgs/srv/detail/configure_controller__type_support.h
[8.161s] -- Up-to-date symlink: /home/thomas/MobileRobot/ws_new/install/controller_manager_msgs/include/controller_manager_msgs/controller_manager_msgs/srv/detail/list_controller_types__functions.h
[8.162s] -- Up-to-date symlink: /home/thomas/MobileRobot/ws_new/install/controller_manager_msgs/include/controller_manager_msgs/controller_manager_msgs/srv/detail/list_controller_types__struct.h
[8.162s] -- Up-to-date symlink: /home/thomas/MobileRobot/ws_new/install/controller_manager_msgs/include/controller_manager_msgs/controller_manager_msgs/srv/detail/list_controller_types__type_support.h
[8.163s] -- Up-to-date symlink: /home/thomas/MobileRobot/ws_new/install/controller_manager_msgs/include/controller_manager_msgs/controller_manager_msgs/srv/detail/list_controllers__functions.h
[8.163s] -- Up-to-date symlink: /home/thomas/MobileRobot/ws_new/install/controller_manager_msgs/include/controller_manager_msgs/controller_manager_msgs/srv/detail/list_controllers__struct.h
[8.165s] -- Up-to-date symlink: /home/thomas/MobileRobot/ws_new/install/controller_manager_msgs/include/controller_manager_msgs/controller_manager_msgs/srv/detail/list_controllers__type_support.h
[8.166s] -- Up-to-date symlink: /home/thomas/MobileRobot/ws_new/install/controller_manager_msgs/include/controller_manager_msgs/controller_manager_msgs/srv/detail/list_hardware_components__functions.h
[8.167s] -- Up-to-date symlink: /home/thomas/MobileRobot/ws_new/install/controller_manager_msgs/include/controller_manager_msgs/controller_manager_msgs/srv/detail/list_hardware_components__struct.h
[8.167s] -- Up-to-date symlink: /home/thomas/MobileRobot/ws_new/install/controller_manager_msgs/include/controller_manager_msgs/controller_manager_msgs/srv/detail/list_hardware_components__type_support.h
[8.168s] -- Up-to-date symlink: /home/thomas/MobileRobot/ws_new/install/controller_manager_msgs/include/controller_manager_msgs/controller_manager_msgs/srv/detail/list_hardware_interfaces__functions.h
[8.169s] -- Up-to-date symlink: /home/thomas/MobileRobot/ws_new/install/controller_manager_msgs/include/controller_manager_msgs/controller_manager_msgs/srv/detail/list_hardware_interfaces__struct.h
[8.169s] -- Up-to-date symlink: /home/thomas/MobileRobot/ws_new/install/controller_manager_msgs/include/controller_manager_msgs/controller_manager_msgs/srv/detail/list_hardware_interfaces__type_support.h
[8.170s] -- Up-to-date symlink: /home/thomas/MobileRobot/ws_new/install/controller_manager_msgs/include/controller_manager_msgs/controller_manager_msgs/srv/detail/load_controller__functions.h
[8.170s] -- Up-to-date symlink: /home/thomas/MobileRobot/ws_new/install/controller_manager_msgs/include/controller_manager_msgs/controller_manager_msgs/srv/detail/load_controller__struct.h
[8.171s] -- Up-to-date symlink: /home/thomas/MobileRobot/ws_new/install/controller_manager_msgs/include/controller_manager_msgs/controller_manager_msgs/srv/detail/load_controller__type_support.h
[8.173s] -- Up-to-date symlink: /home/thomas/MobileRobot/ws_new/install/controller_manager_msgs/include/controller_manager_msgs/controller_manager_msgs/srv/detail/reload_controller_libraries__functions.h
[8.173s] -- Up-to-date symlink: /home/thomas/MobileRobot/ws_new/install/controller_manager_msgs/include/controller_manager_msgs/controller_manager_msgs/srv/detail/reload_controller_libraries__struct.h
[8.174s] -- Up-to-date symlink: /home/thomas/MobileRobot/ws_new/install/controller_manager_msgs/include/controller_manager_msgs/controller_manager_msgs/srv/detail/reload_controller_libraries__type_support.h
[8.180s] -- Up-to-date symlink: /home/thomas/MobileRobot/ws_new/install/controller_manager_msgs/include/controller_manager_msgs/controller_manager_msgs/srv/detail/set_hardware_component_state__functions.h
[8.181s] -- Up-to-date symlink: /home/thomas/MobileRobot/ws_new/install/controller_manager_msgs/include/controller_manager_msgs/controller_manager_msgs/srv/detail/set_hardware_component_state__struct.h
[8.181s] -- Up-to-date symlink: /home/thomas/MobileRobot/ws_new/install/controller_manager_msgs/include/controller_manager_msgs/controller_manager_msgs/srv/detail/set_hardware_component_state__type_support.h
[8.182s] -- Up-to-date symlink: /home/thomas/MobileRobot/ws_new/install/controller_manager_msgs/include/controller_manager_msgs/controller_manager_msgs/srv/detail/switch_controller__functions.h
[8.183s] -- Up-to-date symlink: /home/thomas/MobileRobot/ws_new/install/controller_manager_msgs/include/controller_manager_msgs/controller_manager_msgs/srv/detail/switch_controller__struct.h
[8.183s] -- Up-to-date symlink: /home/thomas/MobileRobot/ws_new/install/controller_manager_msgs/include/controller_manager_msgs/controller_manager_msgs/srv/detail/switch_controller__type_support.h
[8.192s] -- Up-to-date symlink: /home/thomas/MobileRobot/ws_new/install/controller_manager_msgs/include/controller_manager_msgs/controller_manager_msgs/srv/detail/unload_controller__functions.h
[8.193s] -- Up-to-date symlink: /home/thomas/MobileRobot/ws_new/install/controller_manager_msgs/include/controller_manager_msgs/controller_manager_msgs/srv/detail/unload_controller__struct.h
[8.194s] -- Up-to-date symlink: /home/thomas/MobileRobot/ws_new/install/controller_manager_msgs/include/controller_manager_msgs/controller_manager_msgs/srv/detail/unload_controller__type_support.h
[8.195s] -- Up-to-date symlink: /home/thomas/MobileRobot/ws_new/install/controller_manager_msgs/include/controller_manager_msgs/controller_manager_msgs/srv/list_controller_types.h
[8.195s] -- Up-to-date symlink: /home/thomas/MobileRobot/ws_new/install/controller_manager_msgs/include/controller_manager_msgs/controller_manager_msgs/srv/list_controllers.h
[8.195s] -- Up-to-date symlink: /home/thomas/MobileRobot/ws_new/install/controller_manager_msgs/include/controller_manager_msgs/controller_manager_msgs/srv/list_hardware_components.h
[8.196s] -- Up-to-date symlink: /home/thomas/MobileRobot/ws_new/install/controller_manager_msgs/include/controller_manager_msgs/controller_manager_msgs/srv/list_hardware_interfaces.h
[8.197s] -- Up-to-date symlink: /home/thomas/MobileRobot/ws_new/install/controller_manager_msgs/include/controller_manager_msgs/controller_manager_msgs/srv/load_controller.h
[8.197s] -- Up-to-date symlink: /home/thomas/MobileRobot/ws_new/install/controller_manager_msgs/include/controller_manager_msgs/controller_manager_msgs/srv/reload_controller_libraries.h
[8.198s] -- Up-to-date symlink: /home/thomas/MobileRobot/ws_new/install/controller_manager_msgs/include/controller_manager_msgs/controller_manager_msgs/srv/set_hardware_component_state.h
[8.198s] -- Up-to-date symlink: /home/thomas/MobileRobot/ws_new/install/controller_manager_msgs/include/controller_manager_msgs/controller_manager_msgs/srv/switch_controller.h
[8.199s] -- Up-to-date symlink: /home/thomas/MobileRobot/ws_new/install/controller_manager_msgs/include/controller_manager_msgs/controller_manager_msgs/srv/unload_controller.h
[8.199s] -- Up-to-date symlink: /home/thomas/MobileRobot/ws_new/install/controller_manager_msgs/share/controller_manager_msgs/environment/library_path.sh
[8.200s] -- Up-to-date symlink: /home/thomas/MobileRobot/ws_new/install/controller_manager_msgs/share/controller_manager_msgs/environment/library_path.dsv
[8.203s] -- Up-to-date symlink: /home/thomas/MobileRobot/ws_new/install/controller_manager_msgs/include/controller_manager_msgs/controller_manager_msgs/msg/detail/chain_connection__rosidl_typesupport_fastrtps_c.h
[8.204s] -- Up-to-date symlink: /home/thomas/MobileRobot/ws_new/install/controller_manager_msgs/include/controller_manager_msgs/controller_manager_msgs/msg/detail/controller_manager_activity__rosidl_typesupport_fastrtps_c.h
[8.204s] -- Up-to-date symlink: /home/thomas/MobileRobot/ws_new/install/controller_manager_msgs/include/controller_manager_msgs/controller_manager_msgs/msg/detail/controller_state__rosidl_typesupport_fastrtps_c.h
[8.204s] -- Up-to-date symlink: /home/thomas/MobileRobot/ws_new/install/controller_manager_msgs/include/controller_manager_msgs/controller_manager_msgs/msg/detail/hardware_component_state__rosidl_typesupport_fastrtps_c.h
[8.205s] -- Up-to-date symlink: /home/thomas/MobileRobot/ws_new/install/controller_manager_msgs/include/controller_manager_msgs/controller_manager_msgs/msg/detail/hardware_interface__rosidl_typesupport_fastrtps_c.h
[8.206s] -- Up-to-date symlink: /home/thomas/MobileRobot/ws_new/install/controller_manager_msgs/include/controller_manager_msgs/controller_manager_msgs/msg/detail/named_lifecycle_state__rosidl_typesupport_fastrtps_c.h
[8.207s] -- Up-to-date symlink: /home/thomas/MobileRobot/ws_new/install/controller_manager_msgs/include/controller_manager_msgs/controller_manager_msgs/msg/rosidl_typesupport_fastrtps_c__visibility_control.h
[8.207s] -- Up-to-date symlink: /home/thomas/MobileRobot/ws_new/install/controller_manager_msgs/include/controller_manager_msgs/controller_manager_msgs/srv/detail/configure_controller__rosidl_typesupport_fastrtps_c.h
[8.208s] -- Up-to-date symlink: /home/thomas/MobileRobot/ws_new/install/controller_manager_msgs/include/controller_manager_msgs/controller_manager_msgs/srv/detail/list_controller_types__rosidl_typesupport_fastrtps_c.h
[8.209s] -- Up-to-date symlink: /home/thomas/MobileRobot/ws_new/install/controller_manager_msgs/include/controller_manager_msgs/controller_manager_msgs/srv/detail/list_controllers__rosidl_typesupport_fastrtps_c.h
[8.209s] -- Up-to-date symlink: /home/thomas/MobileRobot/ws_new/install/controller_manager_msgs/include/controller_manager_msgs/controller_manager_msgs/srv/detail/list_hardware_components__rosidl_typesupport_fastrtps_c.h
[8.216s] -- Up-to-date symlink: /home/thomas/MobileRobot/ws_new/install/controller_manager_msgs/include/controller_manager_msgs/controller_manager_msgs/srv/detail/list_hardware_interfaces__rosidl_typesupport_fastrtps_c.h
[8.217s] -- Up-to-date symlink: /home/thomas/MobileRobot/ws_new/install/controller_manager_msgs/include/controller_manager_msgs/controller_manager_msgs/srv/detail/load_controller__rosidl_typesupport_fastrtps_c.h
[8.217s] -- Up-to-date symlink: /home/thomas/MobileRobot/ws_new/install/controller_manager_msgs/include/controller_manager_msgs/controller_manager_msgs/srv/detail/reload_controller_libraries__rosidl_typesupport_fastrtps_c.h
[8.218s] -- Up-to-date symlink: /home/thomas/MobileRobot/ws_new/install/controller_manager_msgs/include/controller_manager_msgs/controller_manager_msgs/srv/detail/set_hardware_component_state__rosidl_typesupport_fastrtps_c.h
[8.218s] -- Up-to-date symlink: /home/thomas/MobileRobot/ws_new/install/controller_manager_msgs/include/controller_manager_msgs/controller_manager_msgs/srv/detail/switch_controller__rosidl_typesupport_fastrtps_c.h
[8.219s] -- Up-to-date symlink: /home/thomas/MobileRobot/ws_new/install/controller_manager_msgs/include/controller_manager_msgs/controller_manager_msgs/srv/detail/unload_controller__rosidl_typesupport_fastrtps_c.h
[8.239s] -- Up-to-date symlink: /home/thomas/MobileRobot/ws_new/install/controller_manager_msgs/include/controller_manager_msgs/controller_manager_msgs/msg/chain_connection.hpp
[8.240s] -- Up-to-date symlink: /home/thomas/MobileRobot/ws_new/install/controller_manager_msgs/include/controller_manager_msgs/controller_manager_msgs/msg/controller_manager_activity.hpp
[8.242s] -- Up-to-date symlink: /home/thomas/MobileRobot/ws_new/install/controller_manager_msgs/include/controller_manager_msgs/controller_manager_msgs/msg/controller_state.hpp
[8.243s] -- Up-to-date symlink: /home/thomas/MobileRobot/ws_new/install/controller_manager_msgs/include/controller_manager_msgs/controller_manager_msgs/msg/detail/chain_connection__builder.hpp
[8.243s] -- Up-to-date symlink: /home/thomas/MobileRobot/ws_new/install/controller_manager_msgs/include/controller_manager_msgs/controller_manager_msgs/msg/detail/chain_connection__struct.hpp
[8.244s] -- Up-to-date symlink: /home/thomas/MobileRobot/ws_new/install/controller_manager_msgs/include/controller_manager_msgs/controller_manager_msgs/msg/detail/chain_connection__traits.hpp
[8.256s] -- Up-to-date symlink: /home/thomas/MobileRobot/ws_new/install/controller_manager_msgs/include/controller_manager_msgs/controller_manager_msgs/msg/detail/chain_connection__type_support.hpp
[8.257s] -- Up-to-date symlink: /home/thomas/MobileRobot/ws_new/install/controller_manager_msgs/include/controller_manager_msgs/controller_manager_msgs/msg/detail/controller_manager_activity__builder.hpp
[8.257s] -- Up-to-date symlink: /home/thomas/MobileRobot/ws_new/install/controller_manager_msgs/include/controller_manager_msgs/controller_manager_msgs/msg/detail/controller_manager_activity__struct.hpp
[8.257s] -- Up-to-date symlink: /home/thomas/MobileRobot/ws_new/install/controller_manager_msgs/include/controller_manager_msgs/controller_manager_msgs/msg/detail/controller_manager_activity__traits.hpp
[8.257s] -- Up-to-date symlink: /home/thomas/MobileRobot/ws_new/install/controller_manager_msgs/include/controller_manager_msgs/controller_manager_msgs/msg/detail/controller_manager_activity__type_support.hpp
[8.259s] -- Up-to-date symlink: /home/thomas/MobileRobot/ws_new/install/controller_manager_msgs/include/controller_manager_msgs/controller_manager_msgs/msg/detail/controller_state__builder.hpp
[8.259s] -- Up-to-date symlink: /home/thomas/MobileRobot/ws_new/install/controller_manager_msgs/include/controller_manager_msgs/controller_manager_msgs/msg/detail/controller_state__struct.hpp
[8.259s] -- Up-to-date symlink: /home/thomas/MobileRobot/ws_new/install/controller_manager_msgs/include/controller_manager_msgs/controller_manager_msgs/msg/detail/controller_state__traits.hpp
[8.260s] -- Up-to-date symlink: /home/thomas/MobileRobot/ws_new/install/controller_manager_msgs/include/controller_manager_msgs/controller_manager_msgs/msg/detail/controller_state__type_support.hpp
[8.269s] -- Up-to-date symlink: /home/thomas/MobileRobot/ws_new/install/controller_manager_msgs/include/controller_manager_msgs/controller_manager_msgs/msg/detail/hardware_component_state__builder.hpp
[8.269s] -- Up-to-date symlink: /home/thomas/MobileRobot/ws_new/install/controller_manager_msgs/include/controller_manager_msgs/controller_manager_msgs/msg/detail/hardware_component_state__struct.hpp
[8.270s] -- Up-to-date symlink: /home/thomas/MobileRobot/ws_new/install/controller_manager_msgs/include/controller_manager_msgs/controller_manager_msgs/msg/detail/hardware_component_state__traits.hpp
[8.270s] -- Up-to-date symlink: /home/thomas/MobileRobot/ws_new/install/controller_manager_msgs/include/controller_manager_msgs/controller_manager_msgs/msg/detail/hardware_component_state__type_support.hpp
[8.281s] -- Up-to-date symlink: /home/thomas/MobileRobot/ws_new/install/controller_manager_msgs/include/controller_manager_msgs/controller_manager_msgs/msg/detail/hardware_interface__builder.hpp
[8.281s] -- Up-to-date symlink: /home/thomas/MobileRobot/ws_new/install/controller_manager_msgs/include/controller_manager_msgs/controller_manager_msgs/msg/detail/hardware_interface__struct.hpp
[8.281s] -- Up-to-date symlink: /home/thomas/MobileRobot/ws_new/install/controller_manager_msgs/include/controller_manager_msgs/controller_manager_msgs/msg/detail/hardware_interface__traits.hpp
[8.283s] -- Up-to-date symlink: /home/thomas/MobileRobot/ws_new/install/controller_manager_msgs/include/controller_manager_msgs/controller_manager_msgs/msg/detail/hardware_interface__type_support.hpp
[8.290s] -- Up-to-date symlink: /home/thomas/MobileRobot/ws_new/install/controller_manager_msgs/include/controller_manager_msgs/controller_manager_msgs/msg/detail/named_lifecycle_state__builder.hpp
[8.291s] -- Up-to-date symlink: /home/thomas/MobileRobot/ws_new/install/controller_manager_msgs/include/controller_manager_msgs/controller_manager_msgs/msg/detail/named_lifecycle_state__struct.hpp
[8.291s] -- Up-to-date symlink: /home/thomas/MobileRobot/ws_new/install/controller_manager_msgs/include/controller_manager_msgs/controller_manager_msgs/msg/detail/named_lifecycle_state__traits.hpp
[8.323s] -- Up-to-date symlink: /home/thomas/MobileRobot/ws_new/install/controller_manager_msgs/include/controller_manager_msgs/controller_manager_msgs/msg/detail/named_lifecycle_state__type_support.hpp
[8.326s] -- Up-to-date symlink: /home/thomas/MobileRobot/ws_new/install/controller_manager_msgs/include/controller_manager_msgs/controller_manager_msgs/msg/hardware_component_state.hpp
[8.328s] -- Up-to-date symlink: /home/thomas/MobileRobot/ws_new/install/controller_manager_msgs/include/controller_manager_msgs/controller_manager_msgs/msg/hardware_interface.hpp
[8.328s] -- Up-to-date symlink: /home/thomas/MobileRobot/ws_new/install/controller_manager_msgs/include/controller_manager_msgs/controller_manager_msgs/msg/named_lifecycle_state.hpp
[8.329s] -- Up-to-date symlink: /home/thomas/MobileRobot/ws_new/install/controller_manager_msgs/include/controller_manager_msgs/controller_manager_msgs/msg/rosidl_generator_cpp__visibility_control.hpp
[8.329s] -- Up-to-date symlink: /home/thomas/MobileRobot/ws_new/install/controller_manager_msgs/include/controller_manager_msgs/controller_manager_msgs/srv/configure_controller.hpp
[8.329s] -- Up-to-date symlink: /home/thomas/MobileRobot/ws_new/install/controller_manager_msgs/include/controller_manager_msgs/controller_manager_msgs/srv/detail/configure_controller__builder.hpp
[8.330s] -- Up-to-date symlink: /home/thomas/MobileRobot/ws_new/install/controller_manager_msgs/include/controller_manager_msgs/controller_manager_msgs/srv/detail/configure_controller__struct.hpp
[8.330s] -- Up-to-date symlink: /home/thomas/MobileRobot/ws_new/install/controller_manager_msgs/include/controller_manager_msgs/controller_manager_msgs/srv/detail/configure_controller__traits.hpp
[8.330s] -- Up-to-date symlink: /home/thomas/MobileRobot/ws_new/install/controller_manager_msgs/include/controller_manager_msgs/controller_manager_msgs/srv/detail/configure_controller__type_support.hpp
[8.330s] -- Up-to-date symlink: /home/thomas/MobileRobot/ws_new/install/controller_manager_msgs/include/controller_manager_msgs/controller_manager_msgs/srv/detail/list_controller_types__builder.hpp
[8.331s] -- Up-to-date symlink: /home/thomas/MobileRobot/ws_new/install/controller_manager_msgs/include/controller_manager_msgs/controller_manager_msgs/srv/detail/list_controller_types__struct.hpp
[8.331s] -- Up-to-date symlink: /home/thomas/MobileRobot/ws_new/install/controller_manager_msgs/include/controller_manager_msgs/controller_manager_msgs/srv/detail/list_controller_types__traits.hpp
[8.331s] -- Up-to-date symlink: /home/thomas/MobileRobot/ws_new/install/controller_manager_msgs/include/controller_manager_msgs/controller_manager_msgs/srv/detail/list_controller_types__type_support.hpp
[8.331s] -- Up-to-date symlink: /home/thomas/MobileRobot/ws_new/install/controller_manager_msgs/include/controller_manager_msgs/controller_manager_msgs/srv/detail/list_controllers__builder.hpp
[8.331s] -- Up-to-date symlink: /home/thomas/MobileRobot/ws_new/install/controller_manager_msgs/include/controller_manager_msgs/controller_manager_msgs/srv/detail/list_controllers__struct.hpp
[8.332s] -- Up-to-date symlink: /home/thomas/MobileRobot/ws_new/install/controller_manager_msgs/include/controller_manager_msgs/controller_manager_msgs/srv/detail/list_controllers__traits.hpp
[8.332s] -- Up-to-date symlink: /home/thomas/MobileRobot/ws_new/install/controller_manager_msgs/include/controller_manager_msgs/controller_manager_msgs/srv/detail/list_controllers__type_support.hpp
[8.332s] -- Up-to-date symlink: /home/thomas/MobileRobot/ws_new/install/controller_manager_msgs/include/controller_manager_msgs/controller_manager_msgs/srv/detail/list_hardware_components__builder.hpp
[8.333s] -- Up-to-date symlink: /home/thomas/MobileRobot/ws_new/install/controller_manager_msgs/include/controller_manager_msgs/controller_manager_msgs/srv/detail/list_hardware_components__struct.hpp
[8.333s] -- Up-to-date symlink: /home/thomas/MobileRobot/ws_new/install/controller_manager_msgs/include/controller_manager_msgs/controller_manager_msgs/srv/detail/list_hardware_components__traits.hpp
[8.333s] -- Up-to-date symlink: /home/thomas/MobileRobot/ws_new/install/controller_manager_msgs/include/controller_manager_msgs/controller_manager_msgs/srv/detail/list_hardware_components__type_support.hpp
[8.333s] -- Up-to-date symlink: /home/thomas/MobileRobot/ws_new/install/controller_manager_msgs/include/controller_manager_msgs/controller_manager_msgs/srv/detail/list_hardware_interfaces__builder.hpp
[8.333s] -- Up-to-date symlink: /home/thomas/MobileRobot/ws_new/install/controller_manager_msgs/include/controller_manager_msgs/controller_manager_msgs/srv/detail/list_hardware_interfaces__struct.hpp
[8.334s] -- Up-to-date symlink: /home/thomas/MobileRobot/ws_new/install/controller_manager_msgs/include/controller_manager_msgs/controller_manager_msgs/srv/detail/list_hardware_interfaces__traits.hpp
[8.334s] -- Up-to-date symlink: /home/thomas/MobileRobot/ws_new/install/controller_manager_msgs/include/controller_manager_msgs/controller_manager_msgs/srv/detail/list_hardware_interfaces__type_support.hpp
[8.334s] -- Up-to-date symlink: /home/thomas/MobileRobot/ws_new/install/controller_manager_msgs/include/controller_manager_msgs/controller_manager_msgs/srv/detail/load_controller__builder.hpp
[8.334s] -- Up-to-date symlink: /home/thomas/MobileRobot/ws_new/install/controller_manager_msgs/include/controller_manager_msgs/controller_manager_msgs/srv/detail/load_controller__struct.hpp
[8.335s] -- Up-to-date symlink: /home/thomas/MobileRobot/ws_new/install/controller_manager_msgs/include/controller_manager_msgs/controller_manager_msgs/srv/detail/load_controller__traits.hpp
[8.335s] -- Up-to-date symlink: /home/thomas/MobileRobot/ws_new/install/controller_manager_msgs/include/controller_manager_msgs/controller_manager_msgs/srv/detail/load_controller__type_support.hpp
[8.335s] -- Up-to-date symlink: /home/thomas/MobileRobot/ws_new/install/controller_manager_msgs/include/controller_manager_msgs/controller_manager_msgs/srv/detail/reload_controller_libraries__builder.hpp
[8.335s] -- Up-to-date symlink: /home/thomas/MobileRobot/ws_new/install/controller_manager_msgs/include/controller_manager_msgs/controller_manager_msgs/srv/detail/reload_controller_libraries__struct.hpp
[8.336s] -- Up-to-date symlink: /home/thomas/MobileRobot/ws_new/install/controller_manager_msgs/include/controller_manager_msgs/controller_manager_msgs/srv/detail/reload_controller_libraries__traits.hpp
[8.336s] -- Up-to-date symlink: /home/thomas/MobileRobot/ws_new/install/controller_manager_msgs/include/controller_manager_msgs/controller_manager_msgs/srv/detail/reload_controller_libraries__type_support.hpp
[8.336s] -- Up-to-date symlink: /home/thomas/MobileRobot/ws_new/install/controller_manager_msgs/include/controller_manager_msgs/controller_manager_msgs/srv/detail/set_hardware_component_state__builder.hpp
[8.336s] -- Up-to-date symlink: /home/thomas/MobileRobot/ws_new/install/controller_manager_msgs/include/controller_manager_msgs/controller_manager_msgs/srv/detail/set_hardware_component_state__struct.hpp
[8.337s] -- Up-to-date symlink: /home/thomas/MobileRobot/ws_new/install/controller_manager_msgs/include/controller_manager_msgs/controller_manager_msgs/srv/detail/set_hardware_component_state__traits.hpp
[8.337s] -- Up-to-date symlink: /home/thomas/MobileRobot/ws_new/install/controller_manager_msgs/include/controller_manager_msgs/controller_manager_msgs/srv/detail/set_hardware_component_state__type_support.hpp
[8.337s] -- Up-to-date symlink: /home/thomas/MobileRobot/ws_new/install/controller_manager_msgs/include/controller_manager_msgs/controller_manager_msgs/srv/detail/switch_controller__builder.hpp
[8.337s] -- Up-to-date symlink: /home/thomas/MobileRobot/ws_new/install/controller_manager_msgs/include/controller_manager_msgs/controller_manager_msgs/srv/detail/switch_controller__struct.hpp
[8.338s] -- Up-to-date symlink: /home/thomas/MobileRobot/ws_new/install/controller_manager_msgs/include/controller_manager_msgs/controller_manager_msgs/srv/detail/switch_controller__traits.hpp
[8.338s] -- Up-to-date symlink: /home/thomas/MobileRobot/ws_new/install/controller_manager_msgs/include/controller_manager_msgs/controller_manager_msgs/srv/detail/switch_controller__type_support.hpp
[8.338s] -- Up-to-date symlink: /home/thomas/MobileRobot/ws_new/install/controller_manager_msgs/include/controller_manager_msgs/controller_manager_msgs/srv/detail/unload_controller__builder.hpp
[8.338s] -- Up-to-date symlink: /home/thomas/MobileRobot/ws_new/install/controller_manager_msgs/include/controller_manager_msgs/controller_manager_msgs/srv/detail/unload_controller__struct.hpp
[8.339s] -- Up-to-date symlink: /home/thomas/MobileRobot/ws_new/install/controller_manager_msgs/include/controller_manager_msgs/controller_manager_msgs/srv/detail/unload_controller__traits.hpp
[8.339s] -- Up-to-date symlink: /home/thomas/MobileRobot/ws_new/install/controller_manager_msgs/include/controller_manager_msgs/controller_manager_msgs/srv/detail/unload_controller__type_support.hpp
[8.339s] -- Up-to-date symlink: /home/thomas/MobileRobot/ws_new/install/controller_manager_msgs/include/controller_manager_msgs/controller_manager_msgs/srv/list_controller_types.hpp
[8.340s] -- Up-to-date symlink: /home/thomas/MobileRobot/ws_new/install/controller_manager_msgs/include/controller_manager_msgs/controller_manager_msgs/srv/list_controllers.hpp
[8.340s] -- Up-to-date symlink: /home/thomas/MobileRobot/ws_new/install/controller_manager_msgs/include/controller_manager_msgs/controller_manager_msgs/srv/list_hardware_components.hpp
[8.340s] -- Up-to-date symlink: /home/thomas/MobileRobot/ws_new/install/controller_manager_msgs/include/controller_manager_msgs/controller_manager_msgs/srv/list_hardware_interfaces.hpp
[8.340s] -- Up-to-date symlink: /home/thomas/MobileRobot/ws_new/install/controller_manager_msgs/include/controller_manager_msgs/controller_manager_msgs/srv/load_controller.hpp
[8.341s] -- Up-to-date symlink: /home/thomas/MobileRobot/ws_new/install/controller_manager_msgs/include/controller_manager_msgs/controller_manager_msgs/srv/reload_controller_libraries.hpp
[8.341s] -- Up-to-date symlink: /home/thomas/MobileRobot/ws_new/install/controller_manager_msgs/include/controller_manager_msgs/controller_manager_msgs/srv/set_hardware_component_state.hpp
[8.341s] -- Up-to-date symlink: /home/thomas/MobileRobot/ws_new/install/controller_manager_msgs/include/controller_manager_msgs/controller_manager_msgs/srv/switch_controller.hpp
[8.342s] -- Up-to-date symlink: /home/thomas/MobileRobot/ws_new/install/controller_manager_msgs/include/controller_manager_msgs/controller_manager_msgs/srv/unload_controller.hpp
[8.352s] -- Up-to-date symlink: /home/thomas/MobileRobot/ws_new/install/controller_manager_msgs/include/controller_manager_msgs/controller_manager_msgs/msg/detail/chain_connection__rosidl_typesupport_fastrtps_cpp.hpp
[8.353s] -- Up-to-date symlink: /home/thomas/MobileRobot/ws_new/install/controller_manager_msgs/include/controller_manager_msgs/controller_manager_msgs/msg/detail/controller_manager_activity__rosidl_typesupport_fastrtps_cpp.hpp
[8.353s] -- Up-to-date symlink: /home/thomas/MobileRobot/ws_new/install/controller_manager_msgs/include/controller_manager_msgs/controller_manager_msgs/msg/detail/controller_state__rosidl_typesupport_fastrtps_cpp.hpp
[8.354s] -- Up-to-date symlink: /home/thomas/MobileRobot/ws_new/install/controller_manager_msgs/include/controller_manager_msgs/controller_manager_msgs/msg/detail/hardware_component_state__rosidl_typesupport_fastrtps_cpp.hpp
[8.354s] -- Up-to-date symlink: /home/thomas/MobileRobot/ws_new/install/controller_manager_msgs/include/controller_manager_msgs/controller_manager_msgs/msg/detail/hardware_interface__rosidl_typesupport_fastrtps_cpp.hpp
[8.355s] -- Up-to-date symlink: /home/thomas/MobileRobot/ws_new/install/controller_manager_msgs/include/controller_manager_msgs/controller_manager_msgs/msg/detail/named_lifecycle_state__rosidl_typesupport_fastrtps_cpp.hpp
[8.356s] -- Up-to-date symlink: /home/thomas/MobileRobot/ws_new/install/controller_manager_msgs/include/controller_manager_msgs/controller_manager_msgs/msg/rosidl_typesupport_fastrtps_cpp__visibility_control.h
[8.356s] -- Up-to-date symlink: /home/thomas/MobileRobot/ws_new/install/controller_manager_msgs/include/controller_manager_msgs/controller_manager_msgs/srv/detail/configure_controller__rosidl_typesupport_fastrtps_cpp.hpp
[8.357s] -- Up-to-date symlink: /home/thomas/MobileRobot/ws_new/install/controller_manager_msgs/include/controller_manager_msgs/controller_manager_msgs/srv/detail/list_controller_types__rosidl_typesupport_fastrtps_cpp.hpp
[8.359s] -- Up-to-date symlink: /home/thomas/MobileRobot/ws_new/install/controller_manager_msgs/include/controller_manager_msgs/controller_manager_msgs/srv/detail/list_controllers__rosidl_typesupport_fastrtps_cpp.hpp
[8.360s] -- Up-to-date symlink: /home/thomas/MobileRobot/ws_new/install/controller_manager_msgs/include/controller_manager_msgs/controller_manager_msgs/srv/detail/list_hardware_components__rosidl_typesupport_fastrtps_cpp.hpp
[8.361s] -- Up-to-date symlink: /home/thomas/MobileRobot/ws_new/install/controller_manager_msgs/include/controller_manager_msgs/controller_manager_msgs/srv/detail/list_hardware_interfaces__rosidl_typesupport_fastrtps_cpp.hpp
[8.361s] -- Up-to-date symlink: /home/thomas/MobileRobot/ws_new/install/controller_manager_msgs/include/controller_manager_msgs/controller_manager_msgs/srv/detail/load_controller__rosidl_typesupport_fastrtps_cpp.hpp
[8.362s] -- Up-to-date symlink: /home/thomas/MobileRobot/ws_new/install/controller_manager_msgs/include/controller_manager_msgs/controller_manager_msgs/srv/detail/reload_controller_libraries__rosidl_typesupport_fastrtps_cpp.hpp
[8.362s] -- Up-to-date symlink: /home/thomas/MobileRobot/ws_new/install/controller_manager_msgs/include/controller_manager_msgs/controller_manager_msgs/srv/detail/set_hardware_component_state__rosidl_typesupport_fastrtps_cpp.hpp
[8.372s] -- Up-to-date symlink: /home/thomas/MobileRobot/ws_new/install/controller_manager_msgs/include/controller_manager_msgs/controller_manager_msgs/srv/detail/switch_controller__rosidl_typesupport_fastrtps_cpp.hpp
[8.373s] -- Up-to-date symlink: /home/thomas/MobileRobot/ws_new/install/controller_manager_msgs/include/controller_manager_msgs/controller_manager_msgs/srv/detail/unload_controller__rosidl_typesupport_fastrtps_cpp.hpp
[8.427s] -- Up-to-date symlink: /home/thomas/MobileRobot/ws_new/install/controller_manager_msgs/include/controller_manager_msgs/controller_manager_msgs/msg/detail/chain_connection__rosidl_typesupport_introspection_c.h
[8.429s] -- Up-to-date symlink: /home/thomas/MobileRobot/ws_new/install/controller_manager_msgs/include/controller_manager_msgs/controller_manager_msgs/msg/detail/controller_manager_activity__rosidl_typesupport_introspection_c.h
[8.429s] -- Up-to-date symlink: /home/thomas/MobileRobot/ws_new/install/controller_manager_msgs/include/controller_manager_msgs/controller_manager_msgs/msg/detail/controller_state__rosidl_typesupport_introspection_c.h
[8.430s] -- Up-to-date symlink: /home/thomas/MobileRobot/ws_new/install/controller_manager_msgs/include/controller_manager_msgs/controller_manager_msgs/msg/detail/hardware_component_state__rosidl_typesupport_introspection_c.h
[8.431s] -- Up-to-date symlink: /home/thomas/MobileRobot/ws_new/install/controller_manager_msgs/include/controller_manager_msgs/controller_manager_msgs/msg/detail/hardware_interface__rosidl_typesupport_introspection_c.h
[8.431s] -- Up-to-date symlink: /home/thomas/MobileRobot/ws_new/install/controller_manager_msgs/include/controller_manager_msgs/controller_manager_msgs/msg/detail/named_lifecycle_state__rosidl_typesupport_introspection_c.h
[8.432s] -- Up-to-date symlink: /home/thomas/MobileRobot/ws_new/install/controller_manager_msgs/include/controller_manager_msgs/controller_manager_msgs/msg/rosidl_typesupport_introspection_c__visibility_control.h
[8.432s] -- Up-to-date symlink: /home/thomas/MobileRobot/ws_new/install/controller_manager_msgs/include/controller_manager_msgs/controller_manager_msgs/srv/detail/configure_controller__rosidl_typesupport_introspection_c.h
[8.433s] -- Up-to-date symlink: /home/thomas/MobileRobot/ws_new/install/controller_manager_msgs/include/controller_manager_msgs/controller_manager_msgs/srv/detail/list_controller_types__rosidl_typesupport_introspection_c.h
[8.434s] -- Up-to-date symlink: /home/thomas/MobileRobot/ws_new/install/controller_manager_msgs/include/controller_manager_msgs/controller_manager_msgs/srv/detail/list_controllers__rosidl_typesupport_introspection_c.h
[8.434s] -- Up-to-date symlink: /home/thomas/MobileRobot/ws_new/install/controller_manager_msgs/include/controller_manager_msgs/controller_manager_msgs/srv/detail/list_hardware_components__rosidl_typesupport_introspection_c.h
[8.435s] -- Up-to-date symlink: /home/thomas/MobileRobot/ws_new/install/controller_manager_msgs/include/controller_manager_msgs/controller_manager_msgs/srv/detail/list_hardware_interfaces__rosidl_typesupport_introspection_c.h
[8.435s] -- Up-to-date symlink: /home/thomas/MobileRobot/ws_new/install/controller_manager_msgs/include/controller_manager_msgs/controller_manager_msgs/srv/detail/load_controller__rosidl_typesupport_introspection_c.h
[8.436s] -- Up-to-date symlink: /home/thomas/MobileRobot/ws_new/install/controller_manager_msgs/include/controller_manager_msgs/controller_manager_msgs/srv/detail/reload_controller_libraries__rosidl_typesupport_introspection_c.h
[8.436s] -- Up-to-date symlink: /home/thomas/MobileRobot/ws_new/install/controller_manager_msgs/include/controller_manager_msgs/controller_manager_msgs/srv/detail/set_hardware_component_state__rosidl_typesupport_introspection_c.h
[8.437s] -- Up-to-date symlink: /home/thomas/MobileRobot/ws_new/install/controller_manager_msgs/include/controller_manager_msgs/controller_manager_msgs/srv/detail/switch_controller__rosidl_typesupport_introspection_c.h
[8.437s] -- Up-to-date symlink: /home/thomas/MobileRobot/ws_new/install/controller_manager_msgs/include/controller_manager_msgs/controller_manager_msgs/srv/detail/unload_controller__rosidl_typesupport_introspection_c.h
[8.442s] -- Up-to-date symlink: /home/thomas/MobileRobot/ws_new/install/controller_manager_msgs/include/controller_manager_msgs/controller_manager_msgs/msg/detail/chain_connection__rosidl_typesupport_introspection_cpp.hpp
[8.443s] -- Up-to-date symlink: /home/thomas/MobileRobot/ws_new/install/controller_manager_msgs/include/controller_manager_msgs/controller_manager_msgs/msg/detail/controller_manager_activity__rosidl_typesupport_introspection_cpp.hpp
[8.444s] -- Up-to-date symlink: /home/thomas/MobileRobot/ws_new/install/controller_manager_msgs/include/controller_manager_msgs/controller_manager_msgs/msg/detail/controller_state__rosidl_typesupport_introspection_cpp.hpp
[8.444s] -- Up-to-date symlink: /home/thomas/MobileRobot/ws_new/install/controller_manager_msgs/include/controller_manager_msgs/controller_manager_msgs/msg/detail/hardware_component_state__rosidl_typesupport_introspection_cpp.hpp
[8.445s] -- Up-to-date symlink: /home/thomas/MobileRobot/ws_new/install/controller_manager_msgs/include/controller_manager_msgs/controller_manager_msgs/msg/detail/hardware_interface__rosidl_typesupport_introspection_cpp.hpp
[8.478s] -- Up-to-date symlink: /home/thomas/MobileRobot/ws_new/install/controller_manager_msgs/include/controller_manager_msgs/controller_manager_msgs/msg/detail/named_lifecycle_state__rosidl_typesupport_introspection_cpp.hpp
[8.480s] -- Up-to-date symlink: /home/thomas/MobileRobot/ws_new/install/controller_manager_msgs/include/controller_manager_msgs/controller_manager_msgs/srv/detail/configure_controller__rosidl_typesupport_introspection_cpp.hpp
[8.481s] -- Up-to-date symlink: /home/thomas/MobileRobot/ws_new/install/controller_manager_msgs/include/controller_manager_msgs/controller_manager_msgs/srv/detail/list_controller_types__rosidl_typesupport_introspection_cpp.hpp
[8.481s] -- Up-to-date symlink: /home/thomas/MobileRobot/ws_new/install/controller_manager_msgs/include/controller_manager_msgs/controller_manager_msgs/srv/detail/list_controllers__rosidl_typesupport_introspection_cpp.hpp
[8.482s] -- Up-to-date symlink: /home/thomas/MobileRobot/ws_new/install/controller_manager_msgs/include/controller_manager_msgs/controller_manager_msgs/srv/detail/list_hardware_components__rosidl_typesupport_introspection_cpp.hpp
[8.482s] -- Up-to-date symlink: /home/thomas/MobileRobot/ws_new/install/controller_manager_msgs/include/controller_manager_msgs/controller_manager_msgs/srv/detail/list_hardware_interfaces__rosidl_typesupport_introspection_cpp.hpp
[8.483s] -- Up-to-date symlink: /home/thomas/MobileRobot/ws_new/install/controller_manager_msgs/include/controller_manager_msgs/controller_manager_msgs/srv/detail/load_controller__rosidl_typesupport_introspection_cpp.hpp
[8.485s] -- Up-to-date symlink: /home/thomas/MobileRobot/ws_new/install/controller_manager_msgs/include/controller_manager_msgs/controller_manager_msgs/srv/detail/reload_controller_libraries__rosidl_typesupport_introspection_cpp.hpp
[8.491s] -- Up-to-date symlink: /home/thomas/MobileRobot/ws_new/install/controller_manager_msgs/include/controller_manager_msgs/controller_manager_msgs/srv/detail/set_hardware_component_state__rosidl_typesupport_introspection_cpp.hpp
[8.495s] -- Up-to-date symlink: /home/thomas/MobileRobot/ws_new/install/controller_manager_msgs/include/controller_manager_msgs/controller_manager_msgs/srv/detail/switch_controller__rosidl_typesupport_introspection_cpp.hpp
[8.510s] -- Up-to-date symlink: /home/thomas/MobileRobot/ws_new/install/controller_manager_msgs/include/controller_manager_msgs/controller_manager_msgs/srv/detail/unload_controller__rosidl_typesupport_introspection_cpp.hpp
[8.510s] -- Up-to-date symlink: /home/thomas/MobileRobot/ws_new/install/controller_manager_msgs/share/controller_manager_msgs/environment/pythonpath.sh
[8.510s] -- Up-to-date symlink: /home/thomas/MobileRobot/ws_new/install/controller_manager_msgs/share/controller_manager_msgs/environment/pythonpath.dsv
[8.511s] -- Up-to-date symlink: /home/thomas/MobileRobot/ws_new/install/controller_manager_msgs/lib/python3.12/site-packages/controller_manager_msgs-4.29.0-py3.12.egg-info/PKG-INFO
[8.511s] -- Up-to-date symlink: /home/thomas/MobileRobot/ws_new/install/controller_manager_msgs/lib/python3.12/site-packages/controller_manager_msgs-4.29.0-py3.12.egg-info/SOURCES.txt
[8.512s] -- Up-to-date symlink: /home/thomas/MobileRobot/ws_new/install/controller_manager_msgs/lib/python3.12/site-packages/controller_manager_msgs-4.29.0-py3.12.egg-info/dependency_links.txt
[8.514s] -- Up-to-date symlink: /home/thomas/MobileRobot/ws_new/install/controller_manager_msgs/lib/python3.12/site-packages/controller_manager_msgs-4.29.0-py3.12.egg-info/top_level.txt
[8.515s] -- Up-to-date symlink: /home/thomas/MobileRobot/ws_new/install/controller_manager_msgs/lib/python3.12/site-packages/controller_manager_msgs/__init__.py
[8.531s] -- Up-to-date symlink: /home/thomas/MobileRobot/ws_new/install/controller_manager_msgs/lib/python3.12/site-packages/controller_manager_msgs/_controller_manager_msgs_s.ep.rosidl_typesupport_c.c
[8.532s] -- Up-to-date symlink: /home/thomas/MobileRobot/ws_new/install/controller_manager_msgs/lib/python3.12/site-packages/controller_manager_msgs/_controller_manager_msgs_s.ep.rosidl_typesupport_fastrtps_c.c
[8.533s] -- Up-to-date symlink: /home/thomas/MobileRobot/ws_new/install/controller_manager_msgs/lib/python3.12/site-packages/controller_manager_msgs/_controller_manager_msgs_s.ep.rosidl_typesupport_introspection_c.c
[8.533s] -- Up-to-date symlink: /home/thomas/MobileRobot/ws_new/install/controller_manager_msgs/lib/python3.12/site-packages/controller_manager_msgs/controller_manager_msgs_s__rosidl_typesupport_c.so
[8.534s] -- Up-to-date symlink: /home/thomas/MobileRobot/ws_new/install/controller_manager_msgs/lib/python3.12/site-packages/controller_manager_msgs/controller_manager_msgs_s__rosidl_typesupport_fastrtps_c.so
[8.535s] -- Up-to-date symlink: /home/thomas/MobileRobot/ws_new/install/controller_manager_msgs/lib/python3.12/site-packages/controller_manager_msgs/controller_manager_msgs_s__rosidl_typesupport_introspection_c.so
[8.535s] -- Up-to-date symlink: /home/thomas/MobileRobot/ws_new/install/controller_manager_msgs/lib/python3.12/site-packages/controller_manager_msgs/msg/__init__.py
[8.536s] -- Up-to-date symlink: /home/thomas/MobileRobot/ws_new/install/controller_manager_msgs/lib/python3.12/site-packages/controller_manager_msgs/msg/_chain_connection.py
[8.536s] -- Up-to-date symlink: /home/thomas/MobileRobot/ws_new/install/controller_manager_msgs/lib/python3.12/site-packages/controller_manager_msgs/msg/_chain_connection_s.c
[8.544s] -- Up-to-date symlink: /home/thomas/MobileRobot/ws_new/install/controller_manager_msgs/lib/python3.12/site-packages/controller_manager_msgs/msg/_controller_manager_activity.py
[8.545s] -- Up-to-date symlink: /home/thomas/MobileRobot/ws_new/install/controller_manager_msgs/lib/python3.12/site-packages/controller_manager_msgs/msg/_controller_manager_activity_s.c
[8.547s] -- Up-to-date symlink: /home/thomas/MobileRobot/ws_new/install/controller_manager_msgs/lib/python3.12/site-packages/controller_manager_msgs/msg/_controller_state.py
[8.547s] -- Up-to-date symlink: /home/thomas/MobileRobot/ws_new/install/controller_manager_msgs/lib/python3.12/site-packages/controller_manager_msgs/msg/_controller_state_s.c
[8.562s] -- Up-to-date symlink: /home/thomas/MobileRobot/ws_new/install/controller_manager_msgs/lib/python3.12/site-packages/controller_manager_msgs/msg/_hardware_component_state.py
[8.562s] -- Up-to-date symlink: /home/thomas/MobileRobot/ws_new/install/controller_manager_msgs/lib/python3.12/site-packages/controller_manager_msgs/msg/_hardware_component_state_s.c
[8.578s] -- Up-to-date symlink: /home/thomas/MobileRobot/ws_new/install/controller_manager_msgs/lib/python3.12/site-packages/controller_manager_msgs/msg/_hardware_interface.py
[8.582s] -- Up-to-date symlink: /home/thomas/MobileRobot/ws_new/install/controller_manager_msgs/lib/python3.12/site-packages/controller_manager_msgs/msg/_hardware_interface_s.c
[8.585s] -- Up-to-date symlink: /home/thomas/MobileRobot/ws_new/install/controller_manager_msgs/lib/python3.12/site-packages/controller_manager_msgs/msg/_named_lifecycle_state.py
[8.586s] -- Up-to-date symlink: /home/thomas/MobileRobot/ws_new/install/controller_manager_msgs/lib/python3.12/site-packages/controller_manager_msgs/msg/_named_lifecycle_state_s.c
[8.586s] -- Up-to-date symlink: /home/thomas/MobileRobot/ws_new/install/controller_manager_msgs/lib/python3.12/site-packages/controller_manager_msgs/srv/__init__.py
[8.587s] -- Up-to-date symlink: /home/thomas/MobileRobot/ws_new/install/controller_manager_msgs/lib/python3.12/site-packages/controller_manager_msgs/srv/_configure_controller.py
[8.587s] -- Up-to-date symlink: /home/thomas/MobileRobot/ws_new/install/controller_manager_msgs/lib/python3.12/site-packages/controller_manager_msgs/srv/_configure_controller_s.c
[8.588s] -- Up-to-date symlink: /home/thomas/MobileRobot/ws_new/install/controller_manager_msgs/lib/python3.12/site-packages/controller_manager_msgs/srv/_list_controller_types.py
[8.588s] -- Up-to-date symlink: /home/thomas/MobileRobot/ws_new/install/controller_manager_msgs/lib/python3.12/site-packages/controller_manager_msgs/srv/_list_controller_types_s.c
[8.588s] -- Up-to-date symlink: /home/thomas/MobileRobot/ws_new/install/controller_manager_msgs/lib/python3.12/site-packages/controller_manager_msgs/srv/_list_controllers.py
[8.588s] -- Up-to-date symlink: /home/thomas/MobileRobot/ws_new/install/controller_manager_msgs/lib/python3.12/site-packages/controller_manager_msgs/srv/_list_controllers_s.c
[8.588s] -- Up-to-date symlink: /home/thomas/MobileRobot/ws_new/install/controller_manager_msgs/lib/python3.12/site-packages/controller_manager_msgs/srv/_list_hardware_components.py
[8.589s] -- Up-to-date symlink: /home/thomas/MobileRobot/ws_new/install/controller_manager_msgs/lib/python3.12/site-packages/controller_manager_msgs/srv/_list_hardware_components_s.c
[8.589s] -- Up-to-date symlink: /home/thomas/MobileRobot/ws_new/install/controller_manager_msgs/lib/python3.12/site-packages/controller_manager_msgs/srv/_list_hardware_interfaces.py
[8.592s] -- Up-to-date symlink: /home/thomas/MobileRobot/ws_new/install/controller_manager_msgs/lib/python3.12/site-packages/controller_manager_msgs/srv/_list_hardware_interfaces_s.c
[8.592s] -- Up-to-date symlink: /home/thomas/MobileRobot/ws_new/install/controller_manager_msgs/lib/python3.12/site-packages/controller_manager_msgs/srv/_load_controller.py
[8.592s] -- Up-to-date symlink: /home/thomas/MobileRobot/ws_new/install/controller_manager_msgs/lib/python3.12/site-packages/controller_manager_msgs/srv/_load_controller_s.c
[8.593s] -- Up-to-date symlink: /home/thomas/MobileRobot/ws_new/install/controller_manager_msgs/lib/python3.12/site-packages/controller_manager_msgs/srv/_reload_controller_libraries.py
[8.595s] -- Up-to-date symlink: /home/thomas/MobileRobot/ws_new/install/controller_manager_msgs/lib/python3.12/site-packages/controller_manager_msgs/srv/_reload_controller_libraries_s.c
[8.606s] -- Up-to-date symlink: /home/thomas/MobileRobot/ws_new/install/controller_manager_msgs/lib/python3.12/site-packages/controller_manager_msgs/srv/_set_hardware_component_state.py
[8.607s] -- Up-to-date symlink: /home/thomas/MobileRobot/ws_new/install/controller_manager_msgs/lib/python3.12/site-packages/controller_manager_msgs/srv/_set_hardware_component_state_s.c
[8.607s] -- Up-to-date symlink: /home/thomas/MobileRobot/ws_new/install/controller_manager_msgs/lib/python3.12/site-packages/controller_manager_msgs/srv/_switch_controller.py
[8.608s] -- Up-to-date symlink: /home/thomas/MobileRobot/ws_new/install/controller_manager_msgs/lib/python3.12/site-packages/controller_manager_msgs/srv/_switch_controller_s.c
[8.609s] -- Up-to-date symlink: /home/thomas/MobileRobot/ws_new/install/controller_manager_msgs/lib/python3.12/site-packages/controller_manager_msgs/srv/_unload_controller.py
[8.609s] -- Up-to-date symlink: /home/thomas/MobileRobot/ws_new/install/controller_manager_msgs/lib/python3.12/site-packages/controller_manager_msgs/srv/_unload_controller_s.c
[8.610s] -- Up-to-date symlink: /home/thomas/MobileRobot/ws_new/install/controller_manager_msgs/lib/python3.12/site-packages/controller_manager_msgs/controller_manager_msgs_s__rosidl_typesupport_fastrtps_c.so
[8.611s] -- Up-to-date symlink: /home/thomas/MobileRobot/ws_new/install/controller_manager_msgs/lib/python3.12/site-packages/controller_manager_msgs/controller_manager_msgs_s__rosidl_typesupport_introspection_c.so
[8.611s] -- Up-to-date symlink: /home/thomas/MobileRobot/ws_new/install/controller_manager_msgs/lib/python3.12/site-packages/controller_manager_msgs/controller_manager_msgs_s__rosidl_typesupport_c.so
[8.612s] -- Up-to-date symlink: /home/thomas/MobileRobot/ws_new/install/controller_manager_msgs/share/controller_manager_msgs/msg/ControllerState.idl
[8.612s] -- Up-to-date symlink: /home/thomas/MobileRobot/ws_new/install/controller_manager_msgs/share/controller_manager_msgs/msg/ChainConnection.idl
[8.613s] -- Up-to-date symlink: /home/thomas/MobileRobot/ws_new/install/controller_manager_msgs/share/controller_manager_msgs/msg/HardwareComponentState.idl
[8.614s] -- Up-to-date symlink: /home/thomas/MobileRobot/ws_new/install/controller_manager_msgs/share/controller_manager_msgs/msg/HardwareInterface.idl
[8.615s] -- Up-to-date symlink: /home/thomas/MobileRobot/ws_new/install/controller_manager_msgs/share/controller_manager_msgs/msg/NamedLifecycleState.idl
[8.615s] -- Up-to-date symlink: /home/thomas/MobileRobot/ws_new/install/controller_manager_msgs/share/controller_manager_msgs/msg/ControllerManagerActivity.idl
[8.616s] -- Up-to-date symlink: /home/thomas/MobileRobot/ws_new/install/controller_manager_msgs/share/controller_manager_msgs/srv/ConfigureController.idl
[8.616s] -- Up-to-date symlink: /home/thomas/MobileRobot/ws_new/install/controller_manager_msgs/share/controller_manager_msgs/srv/ListControllers.idl
[8.616s] -- Up-to-date symlink: /home/thomas/MobileRobot/ws_new/install/controller_manager_msgs/share/controller_manager_msgs/srv/ListControllerTypes.idl
[8.617s] -- Up-to-date symlink: /home/thomas/MobileRobot/ws_new/install/controller_manager_msgs/share/controller_manager_msgs/srv/ListHardwareComponents.idl
[8.617s] -- Up-to-date symlink: /home/thomas/MobileRobot/ws_new/install/controller_manager_msgs/share/controller_manager_msgs/srv/ListHardwareInterfaces.idl
[8.618s] -- Up-to-date symlink: /home/thomas/MobileRobot/ws_new/install/controller_manager_msgs/share/controller_manager_msgs/srv/LoadController.idl
[8.618s] -- Up-to-date symlink: /home/thomas/MobileRobot/ws_new/install/controller_manager_msgs/share/controller_manager_msgs/srv/ReloadControllerLibraries.idl
[8.619s] -- Up-to-date symlink: /home/thomas/MobileRobot/ws_new/install/controller_manager_msgs/share/controller_manager_msgs/srv/SetHardwareComponentState.idl
[8.619s] -- Up-to-date symlink: /home/thomas/MobileRobot/ws_new/install/controller_manager_msgs/share/controller_manager_msgs/srv/SwitchController.idl
[8.620s] -- Up-to-date symlink: /home/thomas/MobileRobot/ws_new/install/controller_manager_msgs/share/controller_manager_msgs/srv/UnloadController.idl
[8.620s] -- Up-to-date symlink: /home/thomas/MobileRobot/ws_new/install/controller_manager_msgs/share/controller_manager_msgs/msg/ControllerState.msg
[8.621s] -- Up-to-date symlink: /home/thomas/MobileRobot/ws_new/install/controller_manager_msgs/share/controller_manager_msgs/msg/ChainConnection.msg
[8.621s] -- Up-to-date symlink: /home/thomas/MobileRobot/ws_new/install/controller_manager_msgs/share/controller_manager_msgs/msg/HardwareComponentState.msg
[8.621s] -- Up-to-date symlink: /home/thomas/MobileRobot/ws_new/install/controller_manager_msgs/share/controller_manager_msgs/msg/HardwareInterface.msg
[8.622s] -- Up-to-date symlink: /home/thomas/MobileRobot/ws_new/install/controller_manager_msgs/share/controller_manager_msgs/msg/NamedLifecycleState.msg
[8.622s] -- Up-to-date symlink: /home/thomas/MobileRobot/ws_new/install/controller_manager_msgs/share/controller_manager_msgs/msg/ControllerManagerActivity.msg
[8.623s] -- Up-to-date symlink: /home/thomas/MobileRobot/ws_new/install/controller_manager_msgs/share/controller_manager_msgs/srv/ConfigureController.srv
[8.623s] -- Up-to-date symlink: /home/thomas/MobileRobot/ws_new/install/controller_manager_msgs/share/controller_manager_msgs/srv/ListControllers.srv
[8.624s] -- Up-to-date symlink: /home/thomas/MobileRobot/ws_new/install/controller_manager_msgs/share/controller_manager_msgs/srv/ListControllerTypes.srv
[8.624s] -- Up-to-date symlink: /home/thomas/MobileRobot/ws_new/install/controller_manager_msgs/share/controller_manager_msgs/srv/ListHardwareComponents.srv
[8.625s] -- Up-to-date symlink: /home/thomas/MobileRobot/ws_new/install/controller_manager_msgs/share/controller_manager_msgs/srv/ListHardwareInterfaces.srv
[8.625s] -- Up-to-date symlink: /home/thomas/MobileRobot/ws_new/install/controller_manager_msgs/share/controller_manager_msgs/srv/LoadController.srv
[8.626s] -- Up-to-date symlink: /home/thomas/MobileRobot/ws_new/install/controller_manager_msgs/share/controller_manager_msgs/srv/ReloadControllerLibraries.srv
[8.626s] -- Up-to-date symlink: /home/thomas/MobileRobot/ws_new/install/controller_manager_msgs/share/controller_manager_msgs/srv/SetHardwareComponentState.srv
[8.626s] -- Up-to-date symlink: /home/thomas/MobileRobot/ws_new/install/controller_manager_msgs/share/controller_manager_msgs/srv/SwitchController.srv
[8.627s] -- Up-to-date symlink: /home/thomas/MobileRobot/ws_new/install/controller_manager_msgs/share/controller_manager_msgs/srv/UnloadController.srv
[8.627s] -- Up-to-date symlink: /home/thomas/MobileRobot/ws_new/install/controller_manager_msgs/share/ament_index/resource_index/package_run_dependencies/controller_manager_msgs
[8.628s] -- Up-to-date symlink: /home/thomas/MobileRobot/ws_new/install/controller_manager_msgs/share/ament_index/resource_index/parent_prefix_path/controller_manager_msgs
[8.628s] -- Up-to-date symlink: /home/thomas/MobileRobot/ws_new/install/controller_manager_msgs/share/controller_manager_msgs/environment/ament_prefix_path.sh
[8.629s] -- Up-to-date symlink: /home/thomas/MobileRobot/ws_new/install/controller_manager_msgs/share/controller_manager_msgs/environment/ament_prefix_path.dsv
[8.629s] -- Up-to-date symlink: /home/thomas/MobileRobot/ws_new/install/controller_manager_msgs/share/controller_manager_msgs/environment/path.sh
[8.630s] -- Up-to-date symlink: /home/thomas/MobileRobot/ws_new/install/controller_manager_msgs/share/controller_manager_msgs/environment/path.dsv
[8.631s] -- Up-to-date symlink: /home/thomas/MobileRobot/ws_new/install/controller_manager_msgs/share/controller_manager_msgs/local_setup.bash
[8.631s] -- Up-to-date symlink: /home/thomas/MobileRobot/ws_new/install/controller_manager_msgs/share/controller_manager_msgs/local_setup.sh
[8.631s] -- Up-to-date symlink: /home/thomas/MobileRobot/ws_new/install/controller_manager_msgs/share/controller_manager_msgs/local_setup.zsh
[8.632s] -- Up-to-date symlink: /home/thomas/MobileRobot/ws_new/install/controller_manager_msgs/share/controller_manager_msgs/local_setup.dsv
[8.632s] -- Symlinking: /home/thomas/MobileRobot/ws_new/install/controller_manager_msgs/share/controller_manager_msgs/package.dsv
[8.652s] -- Up-to-date symlink: /home/thomas/MobileRobot/ws_new/install/controller_manager_msgs/share/ament_index/resource_index/packages/controller_manager_msgs
[8.652s] -- Up-to-date symlink: /home/thomas/MobileRobot/ws_new/install/controller_manager_msgs/share/controller_manager_msgs/cmake/rosidl_cmake-extras.cmake
[8.652s] -- Up-to-date symlink: /home/thomas/MobileRobot/ws_new/install/controller_manager_msgs/share/controller_manager_msgs/cmake/ament_cmake_export_dependencies-extras.cmake
[8.653s] -- Up-to-date symlink: /home/thomas/MobileRobot/ws_new/install/controller_manager_msgs/share/controller_manager_msgs/cmake/ament_cmake_export_include_directories-extras.cmake
[8.653s] -- Up-to-date symlink: /home/thomas/MobileRobot/ws_new/install/controller_manager_msgs/share/controller_manager_msgs/cmake/ament_cmake_export_libraries-extras.cmake
[8.653s] -- Up-to-date symlink: /home/thomas/MobileRobot/ws_new/install/controller_manager_msgs/share/controller_manager_msgs/cmake/ament_cmake_export_targets-extras.cmake
[8.654s] -- Up-to-date symlink: /home/thomas/MobileRobot/ws_new/install/controller_manager_msgs/share/controller_manager_msgs/cmake/rosidl_cmake_export_typesupport_targets-extras.cmake
[8.654s] -- Up-to-date symlink: /home/thomas/MobileRobot/ws_new/install/controller_manager_msgs/share/controller_manager_msgs/cmake/rosidl_cmake_export_typesupport_libraries-extras.cmake
[8.655s] -- Up-to-date symlink: /home/thomas/MobileRobot/ws_new/install/controller_manager_msgs/share/controller_manager_msgs/cmake/controller_manager_msgsConfig.cmake
[8.655s] -- Up-to-date symlink: /home/thomas/MobileRobot/ws_new/install/controller_manager_msgs/share/controller_manager_msgs/cmake/controller_manager_msgsConfig-version.cmake
[8.655s] -- Up-to-date symlink: /home/thomas/MobileRobot/ws_new/install/controller_manager_msgs/share/controller_manager_msgs/package.xml
[8.671s] -- Up-to-date: /home/thomas/MobileRobot/ws_new/install/controller_manager_msgs/lib/libcontroller_manager_msgs__rosidl_generator_c.so
[8.671s] -- Up-to-date: /home/thomas/MobileRobot/ws_new/install/controller_manager_msgs/lib/libcontroller_manager_msgs__rosidl_typesupport_fastrtps_c.so
[8.698s] -- Up-to-date: /home/thomas/MobileRobot/ws_new/install/controller_manager_msgs/lib/libcontroller_manager_msgs__rosidl_typesupport_fastrtps_cpp.so
[8.698s] -- Up-to-date: /home/thomas/MobileRobot/ws_new/install/controller_manager_msgs/lib/libcontroller_manager_msgs__rosidl_typesupport_introspection_c.so
[8.698s] -- Up-to-date: /home/thomas/MobileRobot/ws_new/install/controller_manager_msgs/lib/libcontroller_manager_msgs__rosidl_typesupport_c.so
[8.712s] -- Up-to-date: /home/thomas/MobileRobot/ws_new/install/controller_manager_msgs/lib/libcontroller_manager_msgs__rosidl_typesupport_introspection_cpp.so
[8.818s] -- Up-to-date: /home/thomas/MobileRobot/ws_new/install/controller_manager_msgs/lib/libcontroller_manager_msgs__rosidl_typesupport_cpp.so
[9.010s] Listing '/home/thomas/MobileRobot/ws_new/install/controller_manager_msgs/lib/python3.12/site-packages/controller_manager_msgs'...
[9.010s] Compiling '/home/thomas/MobileRobot/ws_new/install/controller_manager_msgs/lib/python3.12/site-packages/controller_manager_msgs/__init__.py'...
[9.010s] Listing '/home/thomas/MobileRobot/ws_new/install/controller_manager_msgs/lib/python3.12/site-packages/controller_manager_msgs/msg'...
[9.010s] Listing '/home/thomas/MobileRobot/ws_new/install/controller_manager_msgs/lib/python3.12/site-packages/controller_manager_msgs/srv'...
[9.094s] -- Up-to-date: /home/thomas/MobileRobot/ws_new/install/controller_manager_msgs/lib/libcontroller_manager_msgs__rosidl_generator_py.so
[9.094s] -- Up-to-date: /home/thomas/MobileRobot/ws_new/install/controller_manager_msgs/share/controller_manager_msgs/cmake/export_controller_manager_msgs__rosidl_generator_cExport.cmake
[9.094s] -- Up-to-date: /home/thomas/MobileRobot/ws_new/install/controller_manager_msgs/share/controller_manager_msgs/cmake/export_controller_manager_msgs__rosidl_generator_cExport-noconfig.cmake
[9.094s] -- Up-to-date: /home/thomas/MobileRobot/ws_new/install/controller_manager_msgs/share/controller_manager_msgs/cmake/export_controller_manager_msgs__rosidl_typesupport_fastrtps_cExport.cmake
[9.094s] -- Up-to-date: /home/thomas/MobileRobot/ws_new/install/controller_manager_msgs/share/controller_manager_msgs/cmake/export_controller_manager_msgs__rosidl_typesupport_fastrtps_cExport-noconfig.cmake
[9.094s] -- Up-to-date: /home/thomas/MobileRobot/ws_new/install/controller_manager_msgs/share/controller_manager_msgs/cmake/export_controller_manager_msgs__rosidl_generator_cppExport.cmake
[9.094s] -- Up-to-date: /home/thomas/MobileRobot/ws_new/install/controller_manager_msgs/share/controller_manager_msgs/cmake/export_controller_manager_msgs__rosidl_typesupport_fastrtps_cppExport.cmake
[9.094s] -- Up-to-date: /home/thomas/MobileRobot/ws_new/install/controller_manager_msgs/share/controller_manager_msgs/cmake/export_controller_manager_msgs__rosidl_typesupport_fastrtps_cppExport-noconfig.cmake
[9.094s] -- Up-to-date: /home/thomas/MobileRobot/ws_new/install/controller_manager_msgs/share/controller_manager_msgs/cmake/controller_manager_msgs__rosidl_typesupport_introspection_cExport.cmake
[9.094s] -- Up-to-date: /home/thomas/MobileRobot/ws_new/install/controller_manager_msgs/share/controller_manager_msgs/cmake/controller_manager_msgs__rosidl_typesupport_introspection_cExport-noconfig.cmake
[9.094s] -- Up-to-date: /home/thomas/MobileRobot/ws_new/install/controller_manager_msgs/share/controller_manager_msgs/cmake/controller_manager_msgs__rosidl_typesupport_cExport.cmake
[9.095s] -- Up-to-date: /home/thomas/MobileRobot/ws_new/install/controller_manager_msgs/share/controller_manager_msgs/cmake/controller_manager_msgs__rosidl_typesupport_cExport-noconfig.cmake
[9.095s] -- Up-to-date: /home/thomas/MobileRobot/ws_new/install/controller_manager_msgs/share/controller_manager_msgs/cmake/controller_manager_msgs__rosidl_typesupport_introspection_cppExport.cmake
[9.095s] -- Up-to-date: /home/thomas/MobileRobot/ws_new/install/controller_manager_msgs/share/controller_manager_msgs/cmake/controller_manager_msgs__rosidl_typesupport_introspection_cppExport-noconfig.cmake
[9.095s] -- Up-to-date: /home/thomas/MobileRobot/ws_new/install/controller_manager_msgs/share/controller_manager_msgs/cmake/controller_manager_msgs__rosidl_typesupport_cppExport.cmake
[9.095s] -- Up-to-date: /home/thomas/MobileRobot/ws_new/install/controller_manager_msgs/share/controller_manager_msgs/cmake/controller_manager_msgs__rosidl_typesupport_cppExport-noconfig.cmake
[9.095s] -- Up-to-date: /home/thomas/MobileRobot/ws_new/install/controller_manager_msgs/share/controller_manager_msgs/cmake/export_controller_manager_msgs__rosidl_generator_pyExport.cmake
[9.095s] -- Up-to-date: /home/thomas/MobileRobot/ws_new/install/controller_manager_msgs/share/controller_manager_msgs/cmake/export_controller_manager_msgs__rosidl_generator_pyExport-noconfig.cmake
[9.097s] Invoked command in '/home/thomas/MobileRobot/ws_new/build/controller_manager_msgs' returned '0': CMAKE_PREFIX_PATH=${CMAKE_PREFIX_PATH}:/home/thomas/MobileRobot/ws_new/install/publisher_subscriber:/opt/ros/jazzy DEBUGINFOD_URLS=https://debuginfod.ubuntu.com /usr/bin/cmake --install /home/thomas/MobileRobot/ws_new/build/controller_manager_msgs
