[3.303s] Invoking command in '/home/thomas/MobileRobot/ws_new/src/navigation': DEBUGINFOD_URLS=https://debuginfod.ubuntu.com PYTHONPATH=/home/thomas/MobileRobot/ws_new/build/navigation/prefix_override:/usr/lib/python3/dist-packages/colcon_core/task/python/colcon_distutils_commands:/home/thomas/MobileRobot/ws_new/install/navigation/lib/python3.12/site-packages:${PYTHONPATH} /usr/bin/python3 -W ignore:setup.py install is deprecated -W ignore:easy_install command is deprecated setup.py egg_info --egg-base ../../build/navigation build --build-base /home/thomas/MobileRobot/ws_new/build/navigation/build install --record /home/thomas/MobileRobot/ws_new/build/navigation/install.log --single-version-externally-managed install_data
[3.810s] running egg_info
[3.852s] writing ../../build/navigation/navigation.egg-info/PKG-INFO
[3.852s] writing dependency_links to ../../build/navigation/navigation.egg-info/dependency_links.txt
[3.853s] writing entry points to ../../build/navigation/navigation.egg-info/entry_points.txt
[3.853s] writing requirements to ../../build/navigation/navigation.egg-info/requires.txt
[3.853s] writing top-level names to ../../build/navigation/navigation.egg-info/top_level.txt
[3.942s] reading manifest file '../../build/navigation/navigation.egg-info/SOURCES.txt'
[3.943s] writing manifest file '../../build/navigation/navigation.egg-info/SOURCES.txt'
[3.944s] running build
[3.944s] running build_py
[3.944s] running install
[3.953s] running install_lib
[3.998s] running install_data
[3.998s] running install_egg_info
[4.045s] removing '/home/thomas/MobileRobot/ws_new/install/navigation/lib/python3.12/site-packages/navigation-0.0.0-py3.12.egg-info' (and everything under it)
[4.045s] Copying ../../build/navigation/navigation.egg-info to /home/thomas/MobileRobot/ws_new/install/navigation/lib/python3.12/site-packages/navigation-0.0.0-py3.12.egg-info
[4.047s] running install_scripts
[4.327s] Installing gps_path_follow script to /home/thomas/MobileRobot/ws_new/install/navigation/lib/navigation
[4.327s] Installing nav_node script to /home/thomas/MobileRobot/ws_new/install/navigation/lib/navigation
[4.328s] Installing waypoint_follow script to /home/thomas/MobileRobot/ws_new/install/navigation/lib/navigation
[4.328s] writing list of installed files to '/home/thomas/MobileRobot/ws_new/build/navigation/install.log'
[4.378s] Invoked command in '/home/thomas/MobileRobot/ws_new/src/navigation' returned '0': DEBUGINFOD_URLS=https://debuginfod.ubuntu.com PYTHONPATH=/home/thomas/MobileRobot/ws_new/build/navigation/prefix_override:/usr/lib/python3/dist-packages/colcon_core/task/python/colcon_distutils_commands:/home/thomas/MobileRobot/ws_new/install/navigation/lib/python3.12/site-packages:${PYTHONPATH} /usr/bin/python3 -W ignore:setup.py install is deprecated -W ignore:easy_install command is deprecated setup.py egg_info --egg-base ../../build/navigation build --build-base /home/thomas/MobileRobot/ws_new/build/navigation/build install --record /home/thomas/MobileRobot/ws_new/build/navigation/install.log --single-version-externally-managed install_data
