[0.094s] Invoking command in '/home/thomas/MobileRobot/ws_new/build/stereo_msgs': AMENT_PREFIX_PATH=/home/thomas/MobileRobot/ws_new/install/sensor_msgs:/home/thomas/MobileRobot/ws_new/install/geometry_msgs:/home/thomas/MobileRobot/ws_new/install/std_msgs:${AMENT_PREFIX_PATH} CMAKE_PREFIX_PATH=/home/thomas/MobileRobot/ws_new/install/sensor_msgs:/home/thomas/MobileRobot/ws_new/install/geometry_msgs:/home/thomas/MobileRobot/ws_new/install/std_msgs:/opt/ros/jazzy/opt/gz_sim_vendor:/opt/ros/jazzy/opt/gz_sensors_vendor:/opt/ros/jazzy/opt/gz_physics_vendor:/opt/ros/jazzy/opt/sdformat_vendor:/opt/ros/jazzy/opt/gz_gui_vendor:/opt/ros/jazzy/opt/gz_transport_vendor:/opt/ros/jazzy/opt/gz_rendering_vendor:/opt/ros/jazzy/opt/gz_plugin_vendor:/opt/ros/jazzy/opt/gz_fuel_tools_vendor:/opt/ros/jazzy/opt/gz_msgs_vendor:/opt/ros/jazzy/opt/gz_common_vendor:/opt/ros/jazzy/opt/gz_math_vendor:/opt/ros/jazzy/opt/gz_utils_vendor:/opt/ros/jazzy/opt/gz_tools_vendor:/opt/ros/jazzy/opt/gz_ogre_next_vendor:/opt/ros/jazzy/opt/gz_dartsim_vendor:/opt/ros/jazzy/opt/gz_cmake_vendor:/home/thomas/dev_ws/install/basic_mobile_robot:/opt/ros/jazzy DEBUGINFOD_URLS=https://debuginfod.ubuntu.com LD_LIBRARY_PATH=/home/thomas/MobileRobot/ws_new/install/sensor_msgs/lib:/home/thomas/MobileRobot/ws_new/install/geometry_msgs/lib:/home/thomas/MobileRobot/ws_new/install/std_msgs/lib:${LD_LIBRARY_PATH} PYTHONPATH=/home/thomas/MobileRobot/ws_new/install/sensor_msgs/lib/python3.12/site-packages:/home/thomas/MobileRobot/ws_new/install/geometry_msgs/lib/python3.12/site-packages:/home/thomas/MobileRobot/ws_new/install/std_msgs/lib/python3.12/site-packages:${PYTHONPATH} /usr/bin/cmake --build /home/thomas/MobileRobot/ws_new/build/stereo_msgs -- -j8 -l8
[0.276s] [  2%] Built target stereo_msgs__rosidl_generator_type_description
[0.358s] [  5%] Built target stereo_msgs__cpp
[0.364s] [  5%] Built target ament_cmake_python_copy_stereo_msgs
[0.389s] [ 20%] Built target stereo_msgs__rosidl_generator_c
[0.507s] [ 29%] Built target stereo_msgs__rosidl_typesupport_introspection_c
[0.508s] [ 38%] Built target stereo_msgs__rosidl_typesupport_fastrtps_c
[0.510s] [ 47%] Built target stereo_msgs__rosidl_typesupport_fastrtps_cpp
[0.513s] [ 55%] Built target stereo_msgs__rosidl_typesupport_cpp
[0.528s] [ 64%] Built target stereo_msgs__rosidl_typesupport_c
[0.529s] [ 73%] Built target stereo_msgs__rosidl_typesupport_introspection_cpp
[0.560s] [ 73%] Built target stereo_msgs
[0.625s] [ 76%] Built target stereo_msgs__py
[0.676s] [ 82%] Built target stereo_msgs__rosidl_generator_py
[0.741s] running egg_info
[0.756s] [ 88%] Built target stereo_msgs_s__rosidl_typesupport_introspection_c
[0.757s] [ 94%] Built target stereo_msgs_s__rosidl_typesupport_c
[0.762s] [100%] Built target stereo_msgs_s__rosidl_typesupport_fastrtps_c
[0.777s] writing stereo_msgs.egg-info/PKG-INFO
[0.777s] writing dependency_links to stereo_msgs.egg-info/dependency_links.txt
[0.778s] writing top-level names to stereo_msgs.egg-info/top_level.txt
[0.875s] reading manifest file 'stereo_msgs.egg-info/SOURCES.txt'
[0.876s] writing manifest file 'stereo_msgs.egg-info/SOURCES.txt'
[0.908s] [100%] Built target ament_cmake_python_build_stereo_msgs_egg
[0.924s] Invoked command in '/home/thomas/MobileRobot/ws_new/build/stereo_msgs' returned '0': AMENT_PREFIX_PATH=/home/thomas/MobileRobot/ws_new/install/sensor_msgs:/home/thomas/MobileRobot/ws_new/install/geometry_msgs:/home/thomas/MobileRobot/ws_new/install/std_msgs:${AMENT_PREFIX_PATH} CMAKE_PREFIX_PATH=/home/thomas/MobileRobot/ws_new/install/sensor_msgs:/home/thomas/MobileRobot/ws_new/install/geometry_msgs:/home/thomas/MobileRobot/ws_new/install/std_msgs:/opt/ros/jazzy/opt/gz_sim_vendor:/opt/ros/jazzy/opt/gz_sensors_vendor:/opt/ros/jazzy/opt/gz_physics_vendor:/opt/ros/jazzy/opt/sdformat_vendor:/opt/ros/jazzy/opt/gz_gui_vendor:/opt/ros/jazzy/opt/gz_transport_vendor:/opt/ros/jazzy/opt/gz_rendering_vendor:/opt/ros/jazzy/opt/gz_plugin_vendor:/opt/ros/jazzy/opt/gz_fuel_tools_vendor:/opt/ros/jazzy/opt/gz_msgs_vendor:/opt/ros/jazzy/opt/gz_common_vendor:/opt/ros/jazzy/opt/gz_math_vendor:/opt/ros/jazzy/opt/gz_utils_vendor:/opt/ros/jazzy/opt/gz_tools_vendor:/opt/ros/jazzy/opt/gz_ogre_next_vendor:/opt/ros/jazzy/opt/gz_dartsim_vendor:/opt/ros/jazzy/opt/gz_cmake_vendor:/home/thomas/dev_ws/install/basic_mobile_robot:/opt/ros/jazzy DEBUGINFOD_URLS=https://debuginfod.ubuntu.com LD_LIBRARY_PATH=/home/thomas/MobileRobot/ws_new/install/sensor_msgs/lib:/home/thomas/MobileRobot/ws_new/install/geometry_msgs/lib:/home/thomas/MobileRobot/ws_new/install/std_msgs/lib:${LD_LIBRARY_PATH} PYTHONPATH=/home/thomas/MobileRobot/ws_new/install/sensor_msgs/lib/python3.12/site-packages:/home/thomas/MobileRobot/ws_new/install/geometry_msgs/lib/python3.12/site-packages:/home/thomas/MobileRobot/ws_new/install/std_msgs/lib/python3.12/site-packages:${PYTHONPATH} /usr/bin/cmake --build /home/thomas/MobileRobot/ws_new/build/stereo_msgs -- -j8 -l8
[0.967s] Invoking command in '/home/thomas/MobileRobot/ws_new/build/stereo_msgs': AMENT_PREFIX_PATH=/home/thomas/MobileRobot/ws_new/install/sensor_msgs:/home/thomas/MobileRobot/ws_new/install/geometry_msgs:/home/thomas/MobileRobot/ws_new/install/std_msgs:${AMENT_PREFIX_PATH} CMAKE_PREFIX_PATH=/home/thomas/MobileRobot/ws_new/install/sensor_msgs:/home/thomas/MobileRobot/ws_new/install/geometry_msgs:/home/thomas/MobileRobot/ws_new/install/std_msgs:/opt/ros/jazzy/opt/gz_sim_vendor:/opt/ros/jazzy/opt/gz_sensors_vendor:/opt/ros/jazzy/opt/gz_physics_vendor:/opt/ros/jazzy/opt/sdformat_vendor:/opt/ros/jazzy/opt/gz_gui_vendor:/opt/ros/jazzy/opt/gz_transport_vendor:/opt/ros/jazzy/opt/gz_rendering_vendor:/opt/ros/jazzy/opt/gz_plugin_vendor:/opt/ros/jazzy/opt/gz_fuel_tools_vendor:/opt/ros/jazzy/opt/gz_msgs_vendor:/opt/ros/jazzy/opt/gz_common_vendor:/opt/ros/jazzy/opt/gz_math_vendor:/opt/ros/jazzy/opt/gz_utils_vendor:/opt/ros/jazzy/opt/gz_tools_vendor:/opt/ros/jazzy/opt/gz_ogre_next_vendor:/opt/ros/jazzy/opt/gz_dartsim_vendor:/opt/ros/jazzy/opt/gz_cmake_vendor:/home/thomas/dev_ws/install/basic_mobile_robot:/opt/ros/jazzy DEBUGINFOD_URLS=https://debuginfod.ubuntu.com LD_LIBRARY_PATH=/home/thomas/MobileRobot/ws_new/install/sensor_msgs/lib:/home/thomas/MobileRobot/ws_new/install/geometry_msgs/lib:/home/thomas/MobileRobot/ws_new/install/std_msgs/lib:${LD_LIBRARY_PATH} PYTHONPATH=/home/thomas/MobileRobot/ws_new/install/sensor_msgs/lib/python3.12/site-packages:/home/thomas/MobileRobot/ws_new/install/geometry_msgs/lib/python3.12/site-packages:/home/thomas/MobileRobot/ws_new/install/std_msgs/lib/python3.12/site-packages:${PYTHONPATH} /usr/bin/cmake --install /home/thomas/MobileRobot/ws_new/build/stereo_msgs
[0.990s] -- Install configuration: ""
[1.009s] -- Up-to-date: /home/thomas/MobileRobot/ws_new/install/stereo_msgs/share/ament_index/resource_index/rosidl_interfaces/stereo_msgs
[1.009s] -- Up-to-date: /home/thomas/MobileRobot/ws_new/install/stereo_msgs/share/stereo_msgs/msg/DisparityImage.json
[1.010s] -- Up-to-date: /home/thomas/MobileRobot/ws_new/install/stereo_msgs/include/stereo_msgs/stereo_msgs
[1.011s] -- Up-to-date: /home/thomas/MobileRobot/ws_new/install/stereo_msgs/include/stereo_msgs/stereo_msgs/msg
[1.012s] -- Up-to-date: /home/thomas/MobileRobot/ws_new/install/stereo_msgs/include/stereo_msgs/stereo_msgs/msg/detail
[1.012s] -- Up-to-date: /home/thomas/MobileRobot/ws_new/install/stereo_msgs/include/stereo_msgs/stereo_msgs/msg/detail/disparity_image__functions.c
[1.013s] -- Up-to-date: /home/thomas/MobileRobot/ws_new/install/stereo_msgs/include/stereo_msgs/stereo_msgs/msg/detail/disparity_image__struct.h
[1.013s] -- Up-to-date: /home/thomas/MobileRobot/ws_new/install/stereo_msgs/include/stereo_msgs/stereo_msgs/msg/detail/disparity_image__functions.h
[1.014s] -- Up-to-date: /home/thomas/MobileRobot/ws_new/install/stereo_msgs/include/stereo_msgs/stereo_msgs/msg/detail/disparity_image__type_support.h
[1.014s] -- Up-to-date: /home/thomas/MobileRobot/ws_new/install/stereo_msgs/include/stereo_msgs/stereo_msgs/msg/detail/disparity_image__description.c
[1.014s] -- Installing: /home/thomas/MobileRobot/ws_new/install/stereo_msgs/include/stereo_msgs/stereo_msgs/msg/detail/disparity_image__type_support.c
[1.025s] -- Up-to-date: /home/thomas/MobileRobot/ws_new/install/stereo_msgs/include/stereo_msgs/stereo_msgs/msg/disparity_image.h
[1.026s] -- Up-to-date: /home/thomas/MobileRobot/ws_new/install/stereo_msgs/include/stereo_msgs/stereo_msgs/msg/rosidl_generator_c__visibility_control.h
[1.026s] -- Up-to-date: /home/thomas/MobileRobot/ws_new/install/stereo_msgs/share/stereo_msgs/environment/library_path.sh
[1.026s] -- Up-to-date: /home/thomas/MobileRobot/ws_new/install/stereo_msgs/share/stereo_msgs/environment/library_path.dsv
[1.041s] -- Up-to-date: /home/thomas/MobileRobot/ws_new/install/stereo_msgs/lib/libstereo_msgs__rosidl_generator_c.so
[1.042s] -- Up-to-date: /home/thomas/MobileRobot/ws_new/install/stereo_msgs/include/stereo_msgs/stereo_msgs
[1.043s] -- Up-to-date: /home/thomas/MobileRobot/ws_new/install/stereo_msgs/include/stereo_msgs/stereo_msgs/msg
[1.044s] -- Up-to-date: /home/thomas/MobileRobot/ws_new/install/stereo_msgs/include/stereo_msgs/stereo_msgs/msg/detail
[1.044s] -- Up-to-date: /home/thomas/MobileRobot/ws_new/install/stereo_msgs/include/stereo_msgs/stereo_msgs/msg/detail/disparity_image__rosidl_typesupport_fastrtps_c.h
[1.044s] -- Up-to-date: /home/thomas/MobileRobot/ws_new/install/stereo_msgs/include/stereo_msgs/stereo_msgs/msg/rosidl_typesupport_fastrtps_c__visibility_control.h
[1.045s] -- Up-to-date: /home/thomas/MobileRobot/ws_new/install/stereo_msgs/lib/libstereo_msgs__rosidl_typesupport_fastrtps_c.so
[1.046s] -- Up-to-date: /home/thomas/MobileRobot/ws_new/install/stereo_msgs/include/stereo_msgs/stereo_msgs
[1.046s] -- Up-to-date: /home/thomas/MobileRobot/ws_new/install/stereo_msgs/include/stereo_msgs/stereo_msgs/msg
[1.047s] -- Up-to-date: /home/thomas/MobileRobot/ws_new/install/stereo_msgs/include/stereo_msgs/stereo_msgs/msg/detail
[1.047s] -- Up-to-date: /home/thomas/MobileRobot/ws_new/install/stereo_msgs/include/stereo_msgs/stereo_msgs/msg/detail/disparity_image__rosidl_typesupport_introspection_c.h
[1.047s] -- Installing: /home/thomas/MobileRobot/ws_new/install/stereo_msgs/include/stereo_msgs/stereo_msgs/msg/detail/disparity_image__type_support.c
[1.066s] -- Up-to-date: /home/thomas/MobileRobot/ws_new/install/stereo_msgs/include/stereo_msgs/stereo_msgs/msg/rosidl_typesupport_introspection_c__visibility_control.h
[1.068s] -- Up-to-date: /home/thomas/MobileRobot/ws_new/install/stereo_msgs/lib/libstereo_msgs__rosidl_typesupport_introspection_c.so
[1.070s] -- Up-to-date: /home/thomas/MobileRobot/ws_new/install/stereo_msgs/lib/libstereo_msgs__rosidl_typesupport_c.so
[1.071s] -- Up-to-date: /home/thomas/MobileRobot/ws_new/install/stereo_msgs/include/stereo_msgs/stereo_msgs
[1.072s] -- Up-to-date: /home/thomas/MobileRobot/ws_new/install/stereo_msgs/include/stereo_msgs/stereo_msgs/msg
[1.073s] -- Up-to-date: /home/thomas/MobileRobot/ws_new/install/stereo_msgs/include/stereo_msgs/stereo_msgs/msg/detail
[1.073s] -- Up-to-date: /home/thomas/MobileRobot/ws_new/install/stereo_msgs/include/stereo_msgs/stereo_msgs/msg/detail/disparity_image__type_support.hpp
[1.074s] -- Up-to-date: /home/thomas/MobileRobot/ws_new/install/stereo_msgs/include/stereo_msgs/stereo_msgs/msg/detail/disparity_image__struct.hpp
[1.074s] -- Up-to-date: /home/thomas/MobileRobot/ws_new/install/stereo_msgs/include/stereo_msgs/stereo_msgs/msg/detail/disparity_image__builder.hpp
[1.074s] -- Up-to-date: /home/thomas/MobileRobot/ws_new/install/stereo_msgs/include/stereo_msgs/stereo_msgs/msg/detail/disparity_image__traits.hpp
[1.074s] -- Up-to-date: /home/thomas/MobileRobot/ws_new/install/stereo_msgs/include/stereo_msgs/stereo_msgs/msg/disparity_image.hpp
[1.075s] -- Up-to-date: /home/thomas/MobileRobot/ws_new/install/stereo_msgs/include/stereo_msgs/stereo_msgs/msg/rosidl_generator_cpp__visibility_control.hpp
[1.075s] -- Up-to-date: /home/thomas/MobileRobot/ws_new/install/stereo_msgs/include/stereo_msgs/stereo_msgs
[1.075s] -- Up-to-date: /home/thomas/MobileRobot/ws_new/install/stereo_msgs/include/stereo_msgs/stereo_msgs/msg
[1.076s] -- Up-to-date: /home/thomas/MobileRobot/ws_new/install/stereo_msgs/include/stereo_msgs/stereo_msgs/msg/detail
[1.076s] -- Up-to-date: /home/thomas/MobileRobot/ws_new/install/stereo_msgs/include/stereo_msgs/stereo_msgs/msg/detail/disparity_image__rosidl_typesupport_fastrtps_cpp.hpp
[1.076s] -- Up-to-date: /home/thomas/MobileRobot/ws_new/install/stereo_msgs/include/stereo_msgs/stereo_msgs/msg/detail/dds_fastrtps
[1.077s] -- Up-to-date: /home/thomas/MobileRobot/ws_new/install/stereo_msgs/include/stereo_msgs/stereo_msgs/msg/rosidl_typesupport_fastrtps_cpp__visibility_control.h
[1.077s] -- Up-to-date: /home/thomas/MobileRobot/ws_new/install/stereo_msgs/lib/libstereo_msgs__rosidl_typesupport_fastrtps_cpp.so
[1.077s] -- Up-to-date: /home/thomas/MobileRobot/ws_new/install/stereo_msgs/include/stereo_msgs/stereo_msgs
[1.078s] -- Up-to-date: /home/thomas/MobileRobot/ws_new/install/stereo_msgs/include/stereo_msgs/stereo_msgs/msg
[1.078s] -- Up-to-date: /home/thomas/MobileRobot/ws_new/install/stereo_msgs/include/stereo_msgs/stereo_msgs/msg/detail
[1.078s] -- Up-to-date: /home/thomas/MobileRobot/ws_new/install/stereo_msgs/include/stereo_msgs/stereo_msgs/msg/detail/disparity_image__rosidl_typesupport_introspection_cpp.hpp
[1.079s] -- Up-to-date: /home/thomas/MobileRobot/ws_new/install/stereo_msgs/include/stereo_msgs/stereo_msgs/msg/detail/disparity_image__type_support.cpp
[1.079s] -- Up-to-date: /home/thomas/MobileRobot/ws_new/install/stereo_msgs/lib/libstereo_msgs__rosidl_typesupport_introspection_cpp.so
[1.080s] -- Up-to-date: /home/thomas/MobileRobot/ws_new/install/stereo_msgs/lib/libstereo_msgs__rosidl_typesupport_cpp.so
[1.081s] -- Up-to-date: /home/thomas/MobileRobot/ws_new/install/stereo_msgs/share/stereo_msgs/environment/pythonpath.sh
[1.082s] -- Up-to-date: /home/thomas/MobileRobot/ws_new/install/stereo_msgs/share/stereo_msgs/environment/pythonpath.dsv
[1.082s] -- Up-to-date: /home/thomas/MobileRobot/ws_new/install/stereo_msgs/lib/python3.12/site-packages/stereo_msgs-5.3.6-py3.12.egg-info
[1.083s] -- Installing: /home/thomas/MobileRobot/ws_new/install/stereo_msgs/lib/python3.12/site-packages/stereo_msgs-5.3.6-py3.12.egg-info/top_level.txt
[1.083s] -- Installing: /home/thomas/MobileRobot/ws_new/install/stereo_msgs/lib/python3.12/site-packages/stereo_msgs-5.3.6-py3.12.egg-info/SOURCES.txt
[1.084s] -- Installing: /home/thomas/MobileRobot/ws_new/install/stereo_msgs/lib/python3.12/site-packages/stereo_msgs-5.3.6-py3.12.egg-info/dependency_links.txt
[1.085s] -- Installing: /home/thomas/MobileRobot/ws_new/install/stereo_msgs/lib/python3.12/site-packages/stereo_msgs-5.3.6-py3.12.egg-info/PKG-INFO
[1.085s] -- Up-to-date: /home/thomas/MobileRobot/ws_new/install/stereo_msgs/lib/python3.12/site-packages/stereo_msgs
[1.085s] -- Up-to-date: /home/thomas/MobileRobot/ws_new/install/stereo_msgs/lib/python3.12/site-packages/stereo_msgs/__init__.py
[1.086s] -- Up-to-date: /home/thomas/MobileRobot/ws_new/install/stereo_msgs/lib/python3.12/site-packages/stereo_msgs/stereo_msgs_s__rosidl_typesupport_fastrtps_c.so
[1.086s] -- Up-to-date: /home/thomas/MobileRobot/ws_new/install/stereo_msgs/lib/python3.12/site-packages/stereo_msgs/_stereo_msgs_s.ep.rosidl_typesupport_c.c
[1.087s] -- Up-to-date: /home/thomas/MobileRobot/ws_new/install/stereo_msgs/lib/python3.12/site-packages/stereo_msgs/stereo_msgs_s__rosidl_typesupport_c.so
[1.087s] -- Up-to-date: /home/thomas/MobileRobot/ws_new/install/stereo_msgs/lib/python3.12/site-packages/stereo_msgs/_stereo_msgs_s.ep.rosidl_typesupport_introspection_c.c
[1.087s] -- Up-to-date: /home/thomas/MobileRobot/ws_new/install/stereo_msgs/lib/python3.12/site-packages/stereo_msgs/msg
[1.088s] -- Up-to-date: /home/thomas/MobileRobot/ws_new/install/stereo_msgs/lib/python3.12/site-packages/stereo_msgs/msg/__init__.py
[1.088s] -- Up-to-date: /home/thomas/MobileRobot/ws_new/install/stereo_msgs/lib/python3.12/site-packages/stereo_msgs/msg/_disparity_image_s.c
[1.088s] -- Up-to-date: /home/thomas/MobileRobot/ws_new/install/stereo_msgs/lib/python3.12/site-packages/stereo_msgs/msg/_disparity_image.py
[1.088s] -- Up-to-date: /home/thomas/MobileRobot/ws_new/install/stereo_msgs/lib/python3.12/site-packages/stereo_msgs/_stereo_msgs_s.ep.rosidl_typesupport_fastrtps_c.c
[1.089s] -- Up-to-date: /home/thomas/MobileRobot/ws_new/install/stereo_msgs/lib/python3.12/site-packages/stereo_msgs/stereo_msgs_s__rosidl_typesupport_introspection_c.so
[1.158s] Listing '/home/thomas/MobileRobot/ws_new/install/stereo_msgs/lib/python3.12/site-packages/stereo_msgs'...
[1.158s] Listing '/home/thomas/MobileRobot/ws_new/install/stereo_msgs/lib/python3.12/site-packages/stereo_msgs/msg'...
[1.164s] -- Up-to-date: /home/thomas/MobileRobot/ws_new/install/stereo_msgs/lib/python3.12/site-packages/stereo_msgs/stereo_msgs_s__rosidl_typesupport_fastrtps_c.so
[1.165s] -- Up-to-date: /home/thomas/MobileRobot/ws_new/install/stereo_msgs/lib/python3.12/site-packages/stereo_msgs/stereo_msgs_s__rosidl_typesupport_introspection_c.so
[1.165s] -- Up-to-date: /home/thomas/MobileRobot/ws_new/install/stereo_msgs/lib/python3.12/site-packages/stereo_msgs/stereo_msgs_s__rosidl_typesupport_c.so
[1.166s] -- Up-to-date: /home/thomas/MobileRobot/ws_new/install/stereo_msgs/lib/libstereo_msgs__rosidl_generator_py.so
[1.167s] -- Up-to-date: /home/thomas/MobileRobot/ws_new/install/stereo_msgs/share/stereo_msgs/msg/DisparityImage.idl
[1.167s] -- Up-to-date: /home/thomas/MobileRobot/ws_new/install/stereo_msgs/share/stereo_msgs/msg/DisparityImage.msg
[1.167s] -- Up-to-date: /home/thomas/MobileRobot/ws_new/install/stereo_msgs/share/ament_index/resource_index/package_run_dependencies/stereo_msgs
[1.167s] -- Up-to-date: /home/thomas/MobileRobot/ws_new/install/stereo_msgs/share/ament_index/resource_index/parent_prefix_path/stereo_msgs
[1.167s] -- Up-to-date: /home/thomas/MobileRobot/ws_new/install/stereo_msgs/share/stereo_msgs/environment/ament_prefix_path.sh
[1.168s] -- Up-to-date: /home/thomas/MobileRobot/ws_new/install/stereo_msgs/share/stereo_msgs/environment/ament_prefix_path.dsv
[1.168s] -- Up-to-date: /home/thomas/MobileRobot/ws_new/install/stereo_msgs/share/stereo_msgs/environment/path.sh
[1.168s] -- Up-to-date: /home/thomas/MobileRobot/ws_new/install/stereo_msgs/share/stereo_msgs/environment/path.dsv
[1.168s] -- Up-to-date: /home/thomas/MobileRobot/ws_new/install/stereo_msgs/share/stereo_msgs/local_setup.bash
[1.168s] -- Up-to-date: /home/thomas/MobileRobot/ws_new/install/stereo_msgs/share/stereo_msgs/local_setup.sh
[1.168s] -- Up-to-date: /home/thomas/MobileRobot/ws_new/install/stereo_msgs/share/stereo_msgs/local_setup.zsh
[1.168s] -- Up-to-date: /home/thomas/MobileRobot/ws_new/install/stereo_msgs/share/stereo_msgs/local_setup.dsv
[1.168s] -- Installing: /home/thomas/MobileRobot/ws_new/install/stereo_msgs/share/stereo_msgs/package.dsv
[1.185s] -- Up-to-date: /home/thomas/MobileRobot/ws_new/install/stereo_msgs/share/ament_index/resource_index/packages/stereo_msgs
[1.187s] -- Up-to-date: /home/thomas/MobileRobot/ws_new/install/stereo_msgs/share/stereo_msgs/cmake/export_stereo_msgs__rosidl_generator_cExport.cmake
[1.188s] -- Up-to-date: /home/thomas/MobileRobot/ws_new/install/stereo_msgs/share/stereo_msgs/cmake/export_stereo_msgs__rosidl_generator_cExport-noconfig.cmake
[1.188s] -- Up-to-date: /home/thomas/MobileRobot/ws_new/install/stereo_msgs/share/stereo_msgs/cmake/export_stereo_msgs__rosidl_typesupport_fastrtps_cExport.cmake
[1.189s] -- Up-to-date: /home/thomas/MobileRobot/ws_new/install/stereo_msgs/share/stereo_msgs/cmake/export_stereo_msgs__rosidl_typesupport_fastrtps_cExport-noconfig.cmake
[1.190s] -- Up-to-date: /home/thomas/MobileRobot/ws_new/install/stereo_msgs/share/stereo_msgs/cmake/stereo_msgs__rosidl_typesupport_introspection_cExport.cmake
[1.190s] -- Up-to-date: /home/thomas/MobileRobot/ws_new/install/stereo_msgs/share/stereo_msgs/cmake/stereo_msgs__rosidl_typesupport_introspection_cExport-noconfig.cmake
[1.191s] -- Up-to-date: /home/thomas/MobileRobot/ws_new/install/stereo_msgs/share/stereo_msgs/cmake/stereo_msgs__rosidl_typesupport_cExport.cmake
[1.191s] -- Up-to-date: /home/thomas/MobileRobot/ws_new/install/stereo_msgs/share/stereo_msgs/cmake/stereo_msgs__rosidl_typesupport_cExport-noconfig.cmake
[1.192s] -- Up-to-date: /home/thomas/MobileRobot/ws_new/install/stereo_msgs/share/stereo_msgs/cmake/export_stereo_msgs__rosidl_generator_cppExport.cmake
[1.193s] -- Up-to-date: /home/thomas/MobileRobot/ws_new/install/stereo_msgs/share/stereo_msgs/cmake/export_stereo_msgs__rosidl_typesupport_fastrtps_cppExport.cmake
[1.193s] -- Up-to-date: /home/thomas/MobileRobot/ws_new/install/stereo_msgs/share/stereo_msgs/cmake/export_stereo_msgs__rosidl_typesupport_fastrtps_cppExport-noconfig.cmake
[1.193s] -- Up-to-date: /home/thomas/MobileRobot/ws_new/install/stereo_msgs/share/stereo_msgs/cmake/stereo_msgs__rosidl_typesupport_introspection_cppExport.cmake
[1.194s] -- Up-to-date: /home/thomas/MobileRobot/ws_new/install/stereo_msgs/share/stereo_msgs/cmake/stereo_msgs__rosidl_typesupport_introspection_cppExport-noconfig.cmake
[1.194s] -- Up-to-date: /home/thomas/MobileRobot/ws_new/install/stereo_msgs/share/stereo_msgs/cmake/stereo_msgs__rosidl_typesupport_cppExport.cmake
[1.195s] -- Up-to-date: /home/thomas/MobileRobot/ws_new/install/stereo_msgs/share/stereo_msgs/cmake/stereo_msgs__rosidl_typesupport_cppExport-noconfig.cmake
[1.196s] -- Up-to-date: /home/thomas/MobileRobot/ws_new/install/stereo_msgs/share/stereo_msgs/cmake/export_stereo_msgs__rosidl_generator_pyExport.cmake
[1.196s] -- Up-to-date: /home/thomas/MobileRobot/ws_new/install/stereo_msgs/share/stereo_msgs/cmake/export_stereo_msgs__rosidl_generator_pyExport-noconfig.cmake
[1.197s] -- Up-to-date: /home/thomas/MobileRobot/ws_new/install/stereo_msgs/share/stereo_msgs/cmake/rosidl_cmake-extras.cmake
[1.198s] -- Up-to-date: /home/thomas/MobileRobot/ws_new/install/stereo_msgs/share/stereo_msgs/cmake/ament_cmake_export_dependencies-extras.cmake
[1.198s] -- Up-to-date: /home/thomas/MobileRobot/ws_new/install/stereo_msgs/share/stereo_msgs/cmake/ament_cmake_export_include_directories-extras.cmake
[1.198s] -- Up-to-date: /home/thomas/MobileRobot/ws_new/install/stereo_msgs/share/stereo_msgs/cmake/ament_cmake_export_libraries-extras.cmake
[1.199s] -- Up-to-date: /home/thomas/MobileRobot/ws_new/install/stereo_msgs/share/stereo_msgs/cmake/ament_cmake_export_targets-extras.cmake
[1.199s] -- Up-to-date: /home/thomas/MobileRobot/ws_new/install/stereo_msgs/share/stereo_msgs/cmake/rosidl_cmake_export_typesupport_targets-extras.cmake
[1.199s] -- Up-to-date: /home/thomas/MobileRobot/ws_new/install/stereo_msgs/share/stereo_msgs/cmake/rosidl_cmake_export_typesupport_libraries-extras.cmake
[1.199s] -- Up-to-date: /home/thomas/MobileRobot/ws_new/install/stereo_msgs/share/stereo_msgs/cmake/stereo_msgsConfig.cmake
[1.200s] -- Up-to-date: /home/thomas/MobileRobot/ws_new/install/stereo_msgs/share/stereo_msgs/cmake/stereo_msgsConfig-version.cmake
[1.200s] -- Up-to-date: /home/thomas/MobileRobot/ws_new/install/stereo_msgs/share/stereo_msgs/package.xml
[1.206s] Invoked command in '/home/thomas/MobileRobot/ws_new/build/stereo_msgs' returned '0': AMENT_PREFIX_PATH=/home/thomas/MobileRobot/ws_new/install/sensor_msgs:/home/thomas/MobileRobot/ws_new/install/geometry_msgs:/home/thomas/MobileRobot/ws_new/install/std_msgs:${AMENT_PREFIX_PATH} CMAKE_PREFIX_PATH=/home/thomas/MobileRobot/ws_new/install/sensor_msgs:/home/thomas/MobileRobot/ws_new/install/geometry_msgs:/home/thomas/MobileRobot/ws_new/install/std_msgs:/opt/ros/jazzy/opt/gz_sim_vendor:/opt/ros/jazzy/opt/gz_sensors_vendor:/opt/ros/jazzy/opt/gz_physics_vendor:/opt/ros/jazzy/opt/sdformat_vendor:/opt/ros/jazzy/opt/gz_gui_vendor:/opt/ros/jazzy/opt/gz_transport_vendor:/opt/ros/jazzy/opt/gz_rendering_vendor:/opt/ros/jazzy/opt/gz_plugin_vendor:/opt/ros/jazzy/opt/gz_fuel_tools_vendor:/opt/ros/jazzy/opt/gz_msgs_vendor:/opt/ros/jazzy/opt/gz_common_vendor:/opt/ros/jazzy/opt/gz_math_vendor:/opt/ros/jazzy/opt/gz_utils_vendor:/opt/ros/jazzy/opt/gz_tools_vendor:/opt/ros/jazzy/opt/gz_ogre_next_vendor:/opt/ros/jazzy/opt/gz_dartsim_vendor:/opt/ros/jazzy/opt/gz_cmake_vendor:/home/thomas/dev_ws/install/basic_mobile_robot:/opt/ros/jazzy DEBUGINFOD_URLS=https://debuginfod.ubuntu.com LD_LIBRARY_PATH=/home/thomas/MobileRobot/ws_new/install/sensor_msgs/lib:/home/thomas/MobileRobot/ws_new/install/geometry_msgs/lib:/home/thomas/MobileRobot/ws_new/install/std_msgs/lib:${LD_LIBRARY_PATH} PYTHONPATH=/home/thomas/MobileRobot/ws_new/install/sensor_msgs/lib/python3.12/site-packages:/home/thomas/MobileRobot/ws_new/install/geometry_msgs/lib/python3.12/site-packages:/home/thomas/MobileRobot/ws_new/install/std_msgs/lib/python3.12/site-packages:${PYTHONPATH} /usr/bin/cmake --install /home/thomas/MobileRobot/ws_new/build/stereo_msgs
