-- Found ros2_control_cmake: 0.1.1 (/home/thomas/MobileRobot/ws_new/install/ros2_control_cmake/share/ros2_control_cmake/cmake)
-- Compiler warnings enabled for GNU
-- Detected GCC Version: 13.3.0 (Major: 13, Minor: 3)
-- Found ament_cmake: 2.5.3 (/opt/ros/jazzy/share/ament_cmake/cmake)
-- Override CMake install command with custom implementation using symlinks instead of copying resources
-- Found control_msgs: 5.4.0 (/home/thomas/MobileRobot/ws_new/install/control_msgs/share/control_msgs/cmake)
-- Found rosidl_generator_c: 4.6.5 (/opt/ros/jazzy/share/rosidl_generator_c/cmake)
-- Found rosidl_generator_cpp: 4.6.5 (/opt/ros/jazzy/share/rosidl_generator_cpp/cmake)
-- Using all available rosidl_typesupport_c: rosidl_typesupport_fastrtps_c;rosidl_typesupport_introspection_c
-- Using all available rosidl_typesupport_cpp: rosidl_typesupport_fastrtps_cpp;rosidl_typesupport_introspection_cpp
-- Found controller_interface: 4.29.0 (/home/thomas/MobileRobot/ws_new/install/controller_interface/share/controller_interface/cmake)
-- Found TinyXML2 via Config file: /usr/lib/x86_64-linux-gnu/cmake/tinyxml2
-- Found rmw_implementation_cmake: 7.3.1 (/opt/ros/jazzy/share/rmw_implementation_cmake/cmake)
-- Found rmw_cyclonedds_cpp: 2.2.3 (/opt/ros/jazzy/share/rmw_cyclonedds_cpp/cmake)
-- Using RMW implementation 'rmw_cyclonedds_cpp' as default
-- Found generate_parameter_library: 0.4.0 (/opt/ros/jazzy/share/generate_parameter_library/cmake)
-- Found parameter_traits: 0.4.0 (/opt/ros/jazzy/share/parameter_traits/cmake)
-- Found nav_msgs: 5.3.5 (/opt/ros/jazzy/share/nav_msgs/cmake)
-- Found std_srvs: 5.3.5 (/opt/ros/jazzy/share/std_srvs/cmake)
-- Found tf2: 0.36.8 (/opt/ros/jazzy/share/tf2/cmake)
-- Found tf2_msgs: 0.36.8 (/opt/ros/jazzy/share/tf2_msgs/cmake)
-- Found tf2_geometry_msgs: 0.36.8 (/opt/ros/jazzy/share/tf2_geometry_msgs/cmake)
-- Found eigen3_cmake_module: 0.3.0 (/opt/ros/jazzy/share/eigen3_cmake_module/cmake)
-- Ensuring Eigen3 include directory is part of orocos-kdl CMake target
-- Found ament_cmake_gmock: 2.5.3 (/opt/ros/jazzy/share/ament_cmake_gmock/cmake)
-- Found controller_manager: 4.29.0 (/home/thomas/MobileRobot/ws_new/install/controller_manager/share/controller_manager/cmake)
-- Found ros2_control_test_assets: 4.29.0 (/home/thomas/MobileRobot/ws_new/install/ros2_control_test_assets/share/ros2_control_test_assets/cmake)
-- Found gmock sources under '/opt/ros/jazzy/src/gmock_vendor': C++ tests using 'Google Mock' will be built
-- Found ament_cmake_gtest: 2.5.3 (/opt/ros/jazzy/share/ament_cmake_gtest/cmake)
-- Found gtest sources under '/opt/ros/jazzy/src/gtest_vendor': C++ tests using 'Google Test' will be built
-- Found gmock sources under '/opt/ros/jazzy/src/gmock_vendor': C++ tests using 'Google Mock' will be built
-- Found ament_cmake_gtest: 2.5.3 (/opt/ros/jazzy/share/ament_cmake_gtest/cmake)
-- Found gtest sources under '/opt/ros/jazzy/src/gtest_vendor': C++ tests using 'Google Test' will be built
-- Configuring done (2.5s)
-- Generating done (0.2s)
-- Build files have been written to: /home/thomas/MobileRobot/ws_new/build/steering_controllers_library
[ 14%] Built target steering_controllers_library_parameters
[ 28%] Built target gmock_main
[ 50%] Built target gmock
[ 71%] Built target steering_controllers_library
[ 85%] Built target test_steering_odometry
[100%] Built target test_steering_controllers_library
-- Install configuration: ""
-- Execute custom install script
-- Up-to-date symlink: /home/thomas/MobileRobot/ws_new/install/steering_controllers_library/include/steering_controllers_library/steering_controllers_library_parameters.hpp
-- Up-to-date symlink: /home/thomas/MobileRobot/ws_new/install/steering_controllers_library/include/steering_controllers_library/steering_controllers_library/steering_controllers_library.hpp
-- Up-to-date symlink: /home/thomas/MobileRobot/ws_new/install/steering_controllers_library/include/steering_controllers_library/steering_controllers_library/steering_odometry.hpp
-- Up-to-date symlink: /home/thomas/MobileRobot/ws_new/install/steering_controllers_library/share/steering_controllers_library/environment/library_path.sh
-- Up-to-date symlink: /home/thomas/MobileRobot/ws_new/install/steering_controllers_library/share/steering_controllers_library/environment/library_path.dsv
-- Up-to-date symlink: /home/thomas/MobileRobot/ws_new/install/steering_controllers_library/share/ament_index/resource_index/package_run_dependencies/steering_controllers_library
-- Up-to-date symlink: /home/thomas/MobileRobot/ws_new/install/steering_controllers_library/share/ament_index/resource_index/parent_prefix_path/steering_controllers_library
-- Up-to-date symlink: /home/thomas/MobileRobot/ws_new/install/steering_controllers_library/share/steering_controllers_library/environment/ament_prefix_path.sh
-- Up-to-date symlink: /home/thomas/MobileRobot/ws_new/install/steering_controllers_library/share/steering_controllers_library/environment/ament_prefix_path.dsv
-- Up-to-date symlink: /home/thomas/MobileRobot/ws_new/install/steering_controllers_library/share/steering_controllers_library/environment/path.sh
-- Up-to-date symlink: /home/thomas/MobileRobot/ws_new/install/steering_controllers_library/share/steering_controllers_library/environment/path.dsv
-- Up-to-date symlink: /home/thomas/MobileRobot/ws_new/install/steering_controllers_library/share/steering_controllers_library/local_setup.bash
-- Up-to-date symlink: /home/thomas/MobileRobot/ws_new/install/steering_controllers_library/share/steering_controllers_library/local_setup.sh
-- Up-to-date symlink: /home/thomas/MobileRobot/ws_new/install/steering_controllers_library/share/steering_controllers_library/local_setup.zsh
-- Up-to-date symlink: /home/thomas/MobileRobot/ws_new/install/steering_controllers_library/share/steering_controllers_library/local_setup.dsv
-- Symlinking: /home/thomas/MobileRobot/ws_new/install/steering_controllers_library/share/steering_controllers_library/package.dsv
-- Up-to-date symlink: /home/thomas/MobileRobot/ws_new/install/steering_controllers_library/share/ament_index/resource_index/packages/steering_controllers_library
-- Up-to-date symlink: /home/thomas/MobileRobot/ws_new/install/steering_controllers_library/share/steering_controllers_library/cmake/ament_cmake_export_dependencies-extras.cmake
-- Up-to-date symlink: /home/thomas/MobileRobot/ws_new/install/steering_controllers_library/share/steering_controllers_library/cmake/ament_cmake_export_targets-extras.cmake
-- Up-to-date symlink: /home/thomas/MobileRobot/ws_new/install/steering_controllers_library/share/steering_controllers_library/cmake/steering_controllers_libraryConfig.cmake
-- Up-to-date symlink: /home/thomas/MobileRobot/ws_new/install/steering_controllers_library/share/steering_controllers_library/cmake/steering_controllers_libraryConfig-version.cmake
-- Up-to-date symlink: /home/thomas/MobileRobot/ws_new/install/steering_controllers_library/share/steering_controllers_library/package.xml
-- Up-to-date: /home/thomas/MobileRobot/ws_new/install/steering_controllers_library/lib/libsteering_controllers_library.so
-- Up-to-date: /home/thomas/MobileRobot/ws_new/install/steering_controllers_library/share/steering_controllers_library/cmake/export_steering_controllers_libraryExport.cmake
-- Up-to-date: /home/thomas/MobileRobot/ws_new/install/steering_controllers_library/share/steering_controllers_library/cmake/export_steering_controllers_libraryExport-noconfig.cmake
