[0.603s] DEBUG:colcon:Command line arguments: ['/usr/bin/colcon', 'build']
[0.603s] DEBUG:colcon:Parsed command line arguments: Namespace(log_base=None, log_level=None, verb_name='build', build_base='build', install_base='install', merge_install=False, symlink_install=False, test_result_base=None, continue_on_error=False, executor='parallel', parallel_workers=8, event_handlers=None, ignore_user_meta=False, metas=['./colcon.meta'], base_paths=['.'], packages_ignore=None, packages_ignore_regex=None, paths=None, packages_up_to=None, packages_up_to_regex=None, packages_above=None, packages_above_and_dependencies=None, packages_above_depth=None, packages_select_by_dep=None, packages_skip_by_dep=None, packages_skip_up_to=None, packages_select_build_failed=False, packages_skip_build_finished=False, packages_select_test_failures=False, packages_skip_test_passed=False, packages_select=None, packages_skip=None, packages_select_regex=None, packages_skip_regex=None, packages_start=None, packages_end=None, allow_overriding=[], cmake_args=None, cmake_target=None, cmake_target_skip_unavailable=False, cmake_clean_cache=False, cmake_clean_first=False, cmake_force_configure=False, ament_cmake_args=None, catkin_cmake_args=None, catkin_skip_building_tests=False, verb_parser=<colcon_defaults.argument_parser.defaults.DefaultArgumentsDecorator object at 0x735572d1f4a0>, verb_extension=<colcon_core.verb.build.BuildVerb object at 0x735572d1f200>, main=<bound method BuildVerb.main of <colcon_core.verb.build.BuildVerb object at 0x735572d1f200>>)
[0.735s] Level 1:colcon.colcon_core.package_discovery:discover_packages(colcon_meta) check parameters
[0.735s] Level 1:colcon.colcon_core.package_discovery:discover_packages(recursive) check parameters
[0.736s] Level 1:colcon.colcon_core.package_discovery:discover_packages(ignore) check parameters
[0.736s] Level 1:colcon.colcon_core.package_discovery:discover_packages(path) check parameters
[0.736s] Level 1:colcon.colcon_core.package_discovery:discover_packages(colcon_meta) discover
[0.736s] Level 1:colcon.colcon_core.package_discovery:discover_packages(recursive) discover
[0.736s] INFO:colcon.colcon_core.package_discovery:Crawling recursively for packages in '/home/thomas/MobileRobot/ws_new'
[0.736s] Level 1:colcon.colcon_core.package_identification:_identify(.) by extensions ['ignore', 'ignore_ament_install']
[0.736s] Level 1:colcon.colcon_core.package_identification:_identify(.) by extension 'ignore'
[0.737s] Level 1:colcon.colcon_core.package_identification:_identify(.) by extension 'ignore_ament_install'
[0.737s] Level 1:colcon.colcon_core.package_identification:_identify(.) by extensions ['colcon_pkg']
[0.737s] Level 1:colcon.colcon_core.package_identification:_identify(.) by extension 'colcon_pkg'
[0.737s] Level 1:colcon.colcon_core.package_identification:_identify(.) by extensions ['colcon_meta']
[0.737s] Level 1:colcon.colcon_core.package_identification:_identify(.) by extension 'colcon_meta'
[0.737s] Level 1:colcon.colcon_core.package_identification:_identify(.) by extensions ['ros']
[0.737s] Level 1:colcon.colcon_core.package_identification:_identify(.) by extension 'ros'
[0.810s] Level 1:colcon.colcon_core.package_identification:_identify(.) by extensions ['cmake', 'python']
[0.810s] Level 1:colcon.colcon_core.package_identification:_identify(.) by extension 'cmake'
[0.811s] Level 1:colcon.colcon_core.package_identification:_identify(.) by extension 'python'
[0.811s] Level 1:colcon.colcon_core.package_identification:_identify(.) by extensions ['python_setup_py']
[0.812s] Level 1:colcon.colcon_core.package_identification:_identify(.) by extension 'python_setup_py'
[0.812s] Level 1:colcon.colcon_core.package_identification:_identify(build) by extensions ['ignore', 'ignore_ament_install']
[0.812s] Level 1:colcon.colcon_core.package_identification:_identify(build) by extension 'ignore'
[0.813s] Level 1:colcon.colcon_core.package_identification:_identify(build) ignored
[0.813s] Level 1:colcon.colcon_core.package_identification:_identify(install) by extensions ['ignore', 'ignore_ament_install']
[0.813s] Level 1:colcon.colcon_core.package_identification:_identify(install) by extension 'ignore'
[0.813s] Level 1:colcon.colcon_core.package_identification:_identify(install) ignored
[0.814s] Level 1:colcon.colcon_core.package_identification:_identify(log) by extensions ['ignore', 'ignore_ament_install']
[0.814s] Level 1:colcon.colcon_core.package_identification:_identify(log) by extension 'ignore'
[0.815s] Level 1:colcon.colcon_core.package_identification:_identify(log) ignored
[0.815s] Level 1:colcon.colcon_core.package_identification:_identify(src) by extensions ['ignore', 'ignore_ament_install']
[0.815s] Level 1:colcon.colcon_core.package_identification:_identify(src) by extension 'ignore'
[0.815s] Level 1:colcon.colcon_core.package_identification:_identify(src) by extension 'ignore_ament_install'
[0.815s] Level 1:colcon.colcon_core.package_identification:_identify(src) by extensions ['colcon_pkg']
[0.815s] Level 1:colcon.colcon_core.package_identification:_identify(src) by extension 'colcon_pkg'
[0.816s] Level 1:colcon.colcon_core.package_identification:_identify(src) by extensions ['colcon_meta']
[0.816s] Level 1:colcon.colcon_core.package_identification:_identify(src) by extension 'colcon_meta'
[0.816s] Level 1:colcon.colcon_core.package_identification:_identify(src) by extensions ['ros']
[0.816s] Level 1:colcon.colcon_core.package_identification:_identify(src) by extension 'ros'
[0.816s] Level 1:colcon.colcon_core.package_identification:_identify(src) by extensions ['cmake', 'python']
[0.816s] Level 1:colcon.colcon_core.package_identification:_identify(src) by extension 'cmake'
[0.817s] Level 1:colcon.colcon_core.package_identification:_identify(src) by extension 'python'
[0.817s] Level 1:colcon.colcon_core.package_identification:_identify(src) by extensions ['python_setup_py']
[0.817s] Level 1:colcon.colcon_core.package_identification:_identify(src) by extension 'python_setup_py'
[0.817s] Level 1:colcon.colcon_core.package_identification:_identify(src/mobile_robot) by extensions ['ignore', 'ignore_ament_install']
[0.817s] Level 1:colcon.colcon_core.package_identification:_identify(src/mobile_robot) by extension 'ignore'
[0.817s] Level 1:colcon.colcon_core.package_identification:_identify(src/mobile_robot) by extension 'ignore_ament_install'
[0.817s] Level 1:colcon.colcon_core.package_identification:_identify(src/mobile_robot) by extensions ['colcon_pkg']
[0.818s] Level 1:colcon.colcon_core.package_identification:_identify(src/mobile_robot) by extension 'colcon_pkg'
[0.818s] Level 1:colcon.colcon_core.package_identification:_identify(src/mobile_robot) by extensions ['colcon_meta']
[0.818s] Level 1:colcon.colcon_core.package_identification:_identify(src/mobile_robot) by extension 'colcon_meta'
[0.818s] Level 1:colcon.colcon_core.package_identification:_identify(src/mobile_robot) by extensions ['ros']
[0.818s] Level 1:colcon.colcon_core.package_identification:_identify(src/mobile_robot) by extension 'ros'
[0.827s] DEBUG:colcon.colcon_core.package_identification:Package 'src/mobile_robot' with type 'ros.ament_cmake' and name 'mobile_robot'
[0.827s] Level 1:colcon.colcon_core.package_identification:_identify(src/my_kinematics_pkg) by extensions ['ignore', 'ignore_ament_install']
[0.827s] Level 1:colcon.colcon_core.package_identification:_identify(src/my_kinematics_pkg) by extension 'ignore'
[0.827s] Level 1:colcon.colcon_core.package_identification:_identify(src/my_kinematics_pkg) by extension 'ignore_ament_install'
[0.828s] Level 1:colcon.colcon_core.package_identification:_identify(src/my_kinematics_pkg) by extensions ['colcon_pkg']
[0.828s] Level 1:colcon.colcon_core.package_identification:_identify(src/my_kinematics_pkg) by extension 'colcon_pkg'
[0.828s] Level 1:colcon.colcon_core.package_identification:_identify(src/my_kinematics_pkg) by extensions ['colcon_meta']
[0.828s] Level 1:colcon.colcon_core.package_identification:_identify(src/my_kinematics_pkg) by extension 'colcon_meta'
[0.828s] Level 1:colcon.colcon_core.package_identification:_identify(src/my_kinematics_pkg) by extensions ['ros']
[0.828s] Level 1:colcon.colcon_core.package_identification:_identify(src/my_kinematics_pkg) by extension 'ros'
[0.831s] DEBUG:colcon.colcon_core.package_identification:Package 'src/my_kinematics_pkg' with type 'ros.ament_cmake' and name 'my_kinematics_pkg'
[0.831s] Level 1:colcon.colcon_core.package_identification:_identify(src/navigation) by extensions ['ignore', 'ignore_ament_install']
[0.831s] Level 1:colcon.colcon_core.package_identification:_identify(src/navigation) by extension 'ignore'
[0.832s] Level 1:colcon.colcon_core.package_identification:_identify(src/navigation) by extension 'ignore_ament_install'
[0.832s] Level 1:colcon.colcon_core.package_identification:_identify(src/navigation) by extensions ['colcon_pkg']
[0.832s] Level 1:colcon.colcon_core.package_identification:_identify(src/navigation) by extension 'colcon_pkg'
[0.833s] Level 1:colcon.colcon_core.package_identification:_identify(src/navigation) by extensions ['colcon_meta']
[0.833s] Level 1:colcon.colcon_core.package_identification:_identify(src/navigation) by extension 'colcon_meta'
[0.833s] Level 1:colcon.colcon_core.package_identification:_identify(src/navigation) by extensions ['ros']
[0.833s] Level 1:colcon.colcon_core.package_identification:_identify(src/navigation) by extension 'ros'
[0.836s] DEBUG:colcon.colcon_core.package_identification:Package 'src/navigation' with type 'ros.ament_python' and name 'navigation'
[0.836s] Level 1:colcon.colcon_core.package_identification:_identify(src/publisher_subscriber) by extensions ['ignore', 'ignore_ament_install']
[0.836s] Level 1:colcon.colcon_core.package_identification:_identify(src/publisher_subscriber) by extension 'ignore'
[0.836s] Level 1:colcon.colcon_core.package_identification:_identify(src/publisher_subscriber) by extension 'ignore_ament_install'
[0.836s] Level 1:colcon.colcon_core.package_identification:_identify(src/publisher_subscriber) by extensions ['colcon_pkg']
[0.836s] Level 1:colcon.colcon_core.package_identification:_identify(src/publisher_subscriber) by extension 'colcon_pkg'
[0.837s] Level 1:colcon.colcon_core.package_identification:_identify(src/publisher_subscriber) by extensions ['colcon_meta']
[0.837s] Level 1:colcon.colcon_core.package_identification:_identify(src/publisher_subscriber) by extension 'colcon_meta'
[0.837s] Level 1:colcon.colcon_core.package_identification:_identify(src/publisher_subscriber) by extensions ['ros']
[0.837s] Level 1:colcon.colcon_core.package_identification:_identify(src/publisher_subscriber) by extension 'ros'
[0.838s] DEBUG:colcon.colcon_core.package_identification:Package 'src/publisher_subscriber' with type 'ros.ament_python' and name 'publisher_subscriber'
[0.838s] Level 1:colcon.colcon_core.package_identification:_identify(vectors) by extensions ['ignore', 'ignore_ament_install']
[0.838s] Level 1:colcon.colcon_core.package_identification:_identify(vectors) by extension 'ignore'
[0.838s] Level 1:colcon.colcon_core.package_identification:_identify(vectors) by extension 'ignore_ament_install'
[0.839s] Level 1:colcon.colcon_core.package_identification:_identify(vectors) by extensions ['colcon_pkg']
[0.839s] Level 1:colcon.colcon_core.package_identification:_identify(vectors) by extension 'colcon_pkg'
[0.839s] Level 1:colcon.colcon_core.package_identification:_identify(vectors) by extensions ['colcon_meta']
[0.839s] Level 1:colcon.colcon_core.package_identification:_identify(vectors) by extension 'colcon_meta'
[0.839s] Level 1:colcon.colcon_core.package_identification:_identify(vectors) by extensions ['ros']
[0.839s] Level 1:colcon.colcon_core.package_identification:_identify(vectors) by extension 'ros'
[0.840s] Level 1:colcon.colcon_core.package_identification:_identify(vectors) by extensions ['cmake', 'python']
[0.840s] Level 1:colcon.colcon_core.package_identification:_identify(vectors) by extension 'cmake'
[0.840s] Level 1:colcon.colcon_core.package_identification:_identify(vectors) by extension 'python'
[0.840s] Level 1:colcon.colcon_core.package_identification:_identify(vectors) by extensions ['python_setup_py']
[0.841s] Level 1:colcon.colcon_core.package_identification:_identify(vectors) by extension 'python_setup_py'
[0.841s] Level 1:colcon.colcon_core.package_discovery:discover_packages(recursive) using defaults
[0.841s] Level 1:colcon.colcon_core.package_discovery:discover_packages(ignore) discover
[0.841s] Level 1:colcon.colcon_core.package_discovery:discover_packages(ignore) using defaults
[0.841s] Level 1:colcon.colcon_core.package_discovery:discover_packages(path) discover
[0.841s] Level 1:colcon.colcon_core.package_discovery:discover_packages(path) using defaults
[0.907s] Level 1:colcon.colcon_core.package_discovery:discover_packages(prefix_path) check parameters
[0.908s] Level 1:colcon.colcon_core.package_discovery:discover_packages(prefix_path) discover
[0.918s] DEBUG:colcon.colcon_installed_package_information.package_discovery:Found 4 installed packages in /home/thomas/MobileRobot/ws_new/install
[0.919s] DEBUG:colcon.colcon_installed_package_information.package_discovery:Found 1 installed packages in /home/thomas/dev_ws/install
[0.920s] DEBUG:colcon.colcon_installed_package_information.package_discovery:Found 0 installed packages in /home/thomas/mobile_robot/install
[0.928s] DEBUG:colcon.colcon_installed_package_information.package_discovery:Found 439 installed packages in /opt/ros/jazzy
[0.932s] Level 1:colcon.colcon_core.package_discovery:discover_packages(prefix_path) using defaults
[1.141s] Level 5:colcon.colcon_core.verb:set package 'mobile_robot' build argument 'cmake_args' from command line to 'None'
[1.142s] Level 5:colcon.colcon_core.verb:set package 'mobile_robot' build argument 'cmake_target' from command line to 'None'
[1.142s] Level 5:colcon.colcon_core.verb:set package 'mobile_robot' build argument 'cmake_target_skip_unavailable' from command line to 'False'
[1.142s] Level 5:colcon.colcon_core.verb:set package 'mobile_robot' build argument 'cmake_clean_cache' from command line to 'False'
[1.142s] Level 5:colcon.colcon_core.verb:set package 'mobile_robot' build argument 'cmake_clean_first' from command line to 'False'
[1.142s] Level 5:colcon.colcon_core.verb:set package 'mobile_robot' build argument 'cmake_force_configure' from command line to 'False'
[1.142s] Level 5:colcon.colcon_core.verb:set package 'mobile_robot' build argument 'ament_cmake_args' from command line to 'None'
[1.142s] Level 5:colcon.colcon_core.verb:set package 'mobile_robot' build argument 'catkin_cmake_args' from command line to 'None'
[1.142s] Level 5:colcon.colcon_core.verb:set package 'mobile_robot' build argument 'catkin_skip_building_tests' from command line to 'False'
[1.142s] DEBUG:colcon.colcon_core.verb:Building package 'mobile_robot' with the following arguments: {'ament_cmake_args': None, 'build_base': '/home/thomas/MobileRobot/ws_new/build/mobile_robot', 'catkin_cmake_args': None, 'catkin_skip_building_tests': False, 'cmake_args': None, 'cmake_clean_cache': False, 'cmake_clean_first': False, 'cmake_force_configure': False, 'cmake_target': None, 'cmake_target_skip_unavailable': False, 'install_base': '/home/thomas/MobileRobot/ws_new/install/mobile_robot', 'merge_install': False, 'path': '/home/thomas/MobileRobot/ws_new/src/mobile_robot', 'symlink_install': False, 'test_result_base': None}
[1.143s] Level 5:colcon.colcon_core.verb:set package 'my_kinematics_pkg' build argument 'cmake_args' from command line to 'None'
[1.143s] Level 5:colcon.colcon_core.verb:set package 'my_kinematics_pkg' build argument 'cmake_target' from command line to 'None'
[1.144s] Level 5:colcon.colcon_core.verb:set package 'my_kinematics_pkg' build argument 'cmake_target_skip_unavailable' from command line to 'False'
[1.144s] Level 5:colcon.colcon_core.verb:set package 'my_kinematics_pkg' build argument 'cmake_clean_cache' from command line to 'False'
[1.144s] Level 5:colcon.colcon_core.verb:set package 'my_kinematics_pkg' build argument 'cmake_clean_first' from command line to 'False'
[1.144s] Level 5:colcon.colcon_core.verb:set package 'my_kinematics_pkg' build argument 'cmake_force_configure' from command line to 'False'
[1.144s] Level 5:colcon.colcon_core.verb:set package 'my_kinematics_pkg' build argument 'ament_cmake_args' from command line to 'None'
[1.144s] Level 5:colcon.colcon_core.verb:set package 'my_kinematics_pkg' build argument 'catkin_cmake_args' from command line to 'None'
[1.144s] Level 5:colcon.colcon_core.verb:set package 'my_kinematics_pkg' build argument 'catkin_skip_building_tests' from command line to 'False'
[1.144s] DEBUG:colcon.colcon_core.verb:Building package 'my_kinematics_pkg' with the following arguments: {'ament_cmake_args': None, 'build_base': '/home/thomas/MobileRobot/ws_new/build/my_kinematics_pkg', 'catkin_cmake_args': None, 'catkin_skip_building_tests': False, 'cmake_args': None, 'cmake_clean_cache': False, 'cmake_clean_first': False, 'cmake_force_configure': False, 'cmake_target': None, 'cmake_target_skip_unavailable': False, 'install_base': '/home/thomas/MobileRobot/ws_new/install/my_kinematics_pkg', 'merge_install': False, 'path': '/home/thomas/MobileRobot/ws_new/src/my_kinematics_pkg', 'symlink_install': False, 'test_result_base': None}
[1.146s] Level 5:colcon.colcon_core.verb:set package 'navigation' build argument 'cmake_args' from command line to 'None'
[1.146s] Level 5:colcon.colcon_core.verb:set package 'navigation' build argument 'cmake_target' from command line to 'None'
[1.146s] Level 5:colcon.colcon_core.verb:set package 'navigation' build argument 'cmake_target_skip_unavailable' from command line to 'False'
[1.146s] Level 5:colcon.colcon_core.verb:set package 'navigation' build argument 'cmake_clean_cache' from command line to 'False'
[1.146s] Level 5:colcon.colcon_core.verb:set package 'navigation' build argument 'cmake_clean_first' from command line to 'False'
[1.146s] Level 5:colcon.colcon_core.verb:set package 'navigation' build argument 'cmake_force_configure' from command line to 'False'
[1.146s] Level 5:colcon.colcon_core.verb:set package 'navigation' build argument 'ament_cmake_args' from command line to 'None'
[1.146s] Level 5:colcon.colcon_core.verb:set package 'navigation' build argument 'catkin_cmake_args' from command line to 'None'
[1.146s] Level 5:colcon.colcon_core.verb:set package 'navigation' build argument 'catkin_skip_building_tests' from command line to 'False'
[1.146s] DEBUG:colcon.colcon_core.verb:Building package 'navigation' with the following arguments: {'ament_cmake_args': None, 'build_base': '/home/thomas/MobileRobot/ws_new/build/navigation', 'catkin_cmake_args': None, 'catkin_skip_building_tests': False, 'cmake_args': None, 'cmake_clean_cache': False, 'cmake_clean_first': False, 'cmake_force_configure': False, 'cmake_target': None, 'cmake_target_skip_unavailable': False, 'install_base': '/home/thomas/MobileRobot/ws_new/install/navigation', 'merge_install': False, 'path': '/home/thomas/MobileRobot/ws_new/src/navigation', 'symlink_install': False, 'test_result_base': None}
[1.147s] Level 5:colcon.colcon_core.verb:set package 'publisher_subscriber' build argument 'cmake_args' from command line to 'None'
[1.147s] Level 5:colcon.colcon_core.verb:set package 'publisher_subscriber' build argument 'cmake_target' from command line to 'None'
[1.147s] Level 5:colcon.colcon_core.verb:set package 'publisher_subscriber' build argument 'cmake_target_skip_unavailable' from command line to 'False'
[1.147s] Level 5:colcon.colcon_core.verb:set package 'publisher_subscriber' build argument 'cmake_clean_cache' from command line to 'False'
[1.148s] Level 5:colcon.colcon_core.verb:set package 'publisher_subscriber' build argument 'cmake_clean_first' from command line to 'False'
[1.148s] Level 5:colcon.colcon_core.verb:set package 'publisher_subscriber' build argument 'cmake_force_configure' from command line to 'False'
[1.148s] Level 5:colcon.colcon_core.verb:set package 'publisher_subscriber' build argument 'ament_cmake_args' from command line to 'None'
[1.148s] Level 5:colcon.colcon_core.verb:set package 'publisher_subscriber' build argument 'catkin_cmake_args' from command line to 'None'
[1.148s] Level 5:colcon.colcon_core.verb:set package 'publisher_subscriber' build argument 'catkin_skip_building_tests' from command line to 'False'
[1.148s] DEBUG:colcon.colcon_core.verb:Building package 'publisher_subscriber' with the following arguments: {'ament_cmake_args': None, 'build_base': '/home/thomas/MobileRobot/ws_new/build/publisher_subscriber', 'catkin_cmake_args': None, 'catkin_skip_building_tests': False, 'cmake_args': None, 'cmake_clean_cache': False, 'cmake_clean_first': False, 'cmake_force_configure': False, 'cmake_target': None, 'cmake_target_skip_unavailable': False, 'install_base': '/home/thomas/MobileRobot/ws_new/install/publisher_subscriber', 'merge_install': False, 'path': '/home/thomas/MobileRobot/ws_new/src/publisher_subscriber', 'symlink_install': False, 'test_result_base': None}
[1.148s] INFO:colcon.colcon_core.executor:Executing jobs using 'parallel' executor
[1.150s] DEBUG:colcon.colcon_parallel_executor.executor.parallel:run_until_complete
[1.151s] INFO:colcon.colcon_ros.task.ament_cmake.build:Building ROS package in '/home/thomas/MobileRobot/ws_new/src/mobile_robot' with build type 'ament_cmake'
[1.151s] INFO:colcon.colcon_cmake.task.cmake.build:Building CMake package in '/home/thomas/MobileRobot/ws_new/src/mobile_robot'
[1.168s] INFO:colcon.colcon_core.plugin_system:Skipping extension 'colcon_core.shell.bat': Not used on non-Windows systems
[1.168s] INFO:colcon.colcon_core.shell:Skip shell extension 'powershell' for command environment: Not usable outside of PowerShell
[1.169s] DEBUG:colcon.colcon_core.shell:Skip shell extension 'dsv' for command environment
[1.187s] INFO:colcon.colcon_ros.task.ament_cmake.build:Building ROS package in '/home/thomas/MobileRobot/ws_new/src/my_kinematics_pkg' with build type 'ament_cmake'
[1.188s] INFO:colcon.colcon_cmake.task.cmake.build:Building CMake package in '/home/thomas/MobileRobot/ws_new/src/my_kinematics_pkg'
[1.188s] INFO:colcon.colcon_core.shell:Skip shell extension 'powershell' for command environment: Not usable outside of PowerShell
[1.189s] DEBUG:colcon.colcon_core.shell:Skip shell extension 'dsv' for command environment
[1.206s] INFO:colcon.colcon_ros.task.ament_python.build:Building ROS package in '/home/thomas/MobileRobot/ws_new/src/navigation' with build type 'ament_python'
[1.207s] Level 1:colcon.colcon_core.shell:create_environment_hook('navigation', 'ament_prefix_path')
[1.207s] INFO:colcon.colcon_core.shell:Creating environment hook '/home/thomas/MobileRobot/ws_new/install/navigation/share/navigation/hook/ament_prefix_path.ps1'
[1.209s] INFO:colcon.colcon_core.shell:Creating environment descriptor '/home/thomas/MobileRobot/ws_new/install/navigation/share/navigation/hook/ament_prefix_path.dsv'
[1.211s] INFO:colcon.colcon_core.shell:Creating environment hook '/home/thomas/MobileRobot/ws_new/install/navigation/share/navigation/hook/ament_prefix_path.sh'
[1.214s] INFO:colcon.colcon_core.shell:Skip shell extension 'powershell' for command environment: Not usable outside of PowerShell
[1.215s] DEBUG:colcon.colcon_core.shell:Skip shell extension 'dsv' for command environment
[1.236s] INFO:colcon.colcon_ros.task.ament_python.build:Building ROS package in '/home/thomas/MobileRobot/ws_new/src/publisher_subscriber' with build type 'ament_python'
[1.237s] Level 1:colcon.colcon_core.shell:create_environment_hook('publisher_subscriber', 'ament_prefix_path')
[1.237s] INFO:colcon.colcon_core.shell:Creating environment hook '/home/thomas/MobileRobot/ws_new/install/publisher_subscriber/share/publisher_subscriber/hook/ament_prefix_path.ps1'
[1.239s] INFO:colcon.colcon_core.shell:Creating environment descriptor '/home/thomas/MobileRobot/ws_new/install/publisher_subscriber/share/publisher_subscriber/hook/ament_prefix_path.dsv'
[1.240s] INFO:colcon.colcon_core.shell:Creating environment hook '/home/thomas/MobileRobot/ws_new/install/publisher_subscriber/share/publisher_subscriber/hook/ament_prefix_path.sh'
[1.241s] INFO:colcon.colcon_core.shell:Skip shell extension 'powershell' for command environment: Not usable outside of PowerShell
[1.241s] DEBUG:colcon.colcon_core.shell:Skip shell extension 'dsv' for command environment
[1.273s] DEBUG:colcon.colcon_core.event_handler.log_command:Invoking command in '/home/thomas/MobileRobot/ws_new/build/mobile_robot': CMAKE_PREFIX_PATH=${CMAKE_PREFIX_PATH}:/home/thomas/MobileRobot/ws_new/install/publisher_subscriber:/home/thomas/MobileRobot/ws_new/install/navigation:/opt/ros/jazzy DEBUGINFOD_URLS=https://debuginfod.ubuntu.com /usr/bin/cmake --build /home/thomas/MobileRobot/ws_new/build/mobile_robot -- -j8 -l8
[1.289s] DEBUG:colcon.colcon_core.event_handler.log_command:Invoking command in '/home/thomas/MobileRobot/ws_new/build/my_kinematics_pkg': CMAKE_PREFIX_PATH=${CMAKE_PREFIX_PATH}:/home/thomas/MobileRobot/ws_new/install/publisher_subscriber:/home/thomas/MobileRobot/ws_new/install/navigation:/opt/ros/jazzy DEBUGINFOD_URLS=https://debuginfod.ubuntu.com /usr/bin/cmake --build /home/thomas/MobileRobot/ws_new/build/my_kinematics_pkg -- -j8 -l8
[2.237s] INFO:colcon.colcon_core.task.python.build:Building Python package in '/home/thomas/MobileRobot/ws_new/src/navigation'
[2.238s] INFO:colcon.colcon_core.shell:Skip shell extension 'powershell' for command environment: Not usable outside of PowerShell
[2.238s] DEBUG:colcon.colcon_core.shell:Skip shell extension 'dsv' for command environment
[2.260s] DEBUG:colcon.colcon_core.event_handler.log_command:Invoked command in '/home/thomas/MobileRobot/ws_new/build/mobile_robot' returned '0': CMAKE_PREFIX_PATH=${CMAKE_PREFIX_PATH}:/home/thomas/MobileRobot/ws_new/install/publisher_subscriber:/home/thomas/MobileRobot/ws_new/install/navigation:/opt/ros/jazzy DEBUGINFOD_URLS=https://debuginfod.ubuntu.com /usr/bin/cmake --build /home/thomas/MobileRobot/ws_new/build/mobile_robot -- -j8 -l8
[2.290s] DEBUG:colcon.colcon_core.event_handler.log_command:Invoking command in '/home/thomas/MobileRobot/ws_new/build/mobile_robot': CMAKE_PREFIX_PATH=${CMAKE_PREFIX_PATH}:/home/thomas/MobileRobot/ws_new/install/publisher_subscriber:/home/thomas/MobileRobot/ws_new/install/navigation:/opt/ros/jazzy DEBUGINFOD_URLS=https://debuginfod.ubuntu.com /usr/bin/cmake --install /home/thomas/MobileRobot/ws_new/build/mobile_robot
[2.294s] DEBUG:colcon.colcon_core.event_handler.log_command:Invoked command in '/home/thomas/MobileRobot/ws_new/build/my_kinematics_pkg' returned '0': CMAKE_PREFIX_PATH=${CMAKE_PREFIX_PATH}:/home/thomas/MobileRobot/ws_new/install/publisher_subscriber:/home/thomas/MobileRobot/ws_new/install/navigation:/opt/ros/jazzy DEBUGINFOD_URLS=https://debuginfod.ubuntu.com /usr/bin/cmake --build /home/thomas/MobileRobot/ws_new/build/my_kinematics_pkg -- -j8 -l8
[2.297s] DEBUG:colcon.colcon_core.event_handler.log_command:Invoking command in '/home/thomas/MobileRobot/ws_new/build/my_kinematics_pkg': CMAKE_PREFIX_PATH=${CMAKE_PREFIX_PATH}:/home/thomas/MobileRobot/ws_new/install/publisher_subscriber:/home/thomas/MobileRobot/ws_new/install/navigation:/opt/ros/jazzy DEBUGINFOD_URLS=https://debuginfod.ubuntu.com /usr/bin/cmake --install /home/thomas/MobileRobot/ws_new/build/my_kinematics_pkg
[3.188s] INFO:colcon.colcon_core.task.python.build:Building Python package in '/home/thomas/MobileRobot/ws_new/src/publisher_subscriber'
[3.189s] INFO:colcon.colcon_core.shell:Skip shell extension 'powershell' for command environment: Not usable outside of PowerShell
[3.189s] DEBUG:colcon.colcon_core.shell:Skip shell extension 'dsv' for command environment
[3.221s] Level 1:colcon.colcon_core.environment:create_environment_scripts_only(my_kinematics_pkg)
[3.252s] Level 1:colcon.colcon_core.environment:checking '/home/thomas/MobileRobot/ws_new/install/my_kinematics_pkg' for CMake module files
[3.255s] Level 1:colcon.colcon_core.environment:checking '/home/thomas/MobileRobot/ws_new/install/my_kinematics_pkg' for CMake config files
[3.256s] Level 1:colcon.colcon_core.shell:create_environment_hook('my_kinematics_pkg', 'cmake_prefix_path')
[3.257s] INFO:colcon.colcon_core.shell:Creating environment hook '/home/thomas/MobileRobot/ws_new/install/my_kinematics_pkg/share/my_kinematics_pkg/hook/cmake_prefix_path.ps1'
[3.258s] DEBUG:colcon.colcon_core.event_handler.log_command:Invoked command in '/home/thomas/MobileRobot/ws_new/build/my_kinematics_pkg' returned '0': CMAKE_PREFIX_PATH=${CMAKE_PREFIX_PATH}:/home/thomas/MobileRobot/ws_new/install/publisher_subscriber:/home/thomas/MobileRobot/ws_new/install/navigation:/opt/ros/jazzy DEBUGINFOD_URLS=https://debuginfod.ubuntu.com /usr/bin/cmake --install /home/thomas/MobileRobot/ws_new/build/my_kinematics_pkg
[3.259s] INFO:colcon.colcon_core.shell:Creating environment descriptor '/home/thomas/MobileRobot/ws_new/install/my_kinematics_pkg/share/my_kinematics_pkg/hook/cmake_prefix_path.dsv'
[3.261s] INFO:colcon.colcon_core.shell:Creating environment hook '/home/thomas/MobileRobot/ws_new/install/my_kinematics_pkg/share/my_kinematics_pkg/hook/cmake_prefix_path.sh'
[3.263s] Level 1:colcon.colcon_core.environment:checking '/home/thomas/MobileRobot/ws_new/install/my_kinematics_pkg/lib'
[3.264s] Level 1:colcon.colcon_core.environment:checking '/home/thomas/MobileRobot/ws_new/install/my_kinematics_pkg/bin'
[3.264s] Level 1:colcon.colcon_core.environment:checking '/home/thomas/MobileRobot/ws_new/install/my_kinematics_pkg/lib/pkgconfig/my_kinematics_pkg.pc'
[3.265s] Level 1:colcon.colcon_core.environment:checking '/home/thomas/MobileRobot/ws_new/install/my_kinematics_pkg/lib/python3.12/site-packages'
[3.265s] Level 1:colcon.colcon_core.environment:checking '/home/thomas/MobileRobot/ws_new/install/my_kinematics_pkg/bin'
[3.266s] INFO:colcon.colcon_core.shell:Creating package script '/home/thomas/MobileRobot/ws_new/install/my_kinematics_pkg/share/my_kinematics_pkg/package.ps1'
[3.268s] INFO:colcon.colcon_core.shell:Creating package descriptor '/home/thomas/MobileRobot/ws_new/install/my_kinematics_pkg/share/my_kinematics_pkg/package.dsv'
[3.269s] INFO:colcon.colcon_core.shell:Creating package script '/home/thomas/MobileRobot/ws_new/install/my_kinematics_pkg/share/my_kinematics_pkg/package.sh'
[3.270s] INFO:colcon.colcon_core.shell:Creating package script '/home/thomas/MobileRobot/ws_new/install/my_kinematics_pkg/share/my_kinematics_pkg/package.bash'
[3.272s] INFO:colcon.colcon_core.shell:Creating package script '/home/thomas/MobileRobot/ws_new/install/my_kinematics_pkg/share/my_kinematics_pkg/package.zsh'
[3.274s] Level 1:colcon.colcon_core.environment:create_file_with_runtime_dependencies(/home/thomas/MobileRobot/ws_new/install/my_kinematics_pkg/share/colcon-core/packages/my_kinematics_pkg)
[3.278s] Level 1:colcon.colcon_core.environment:create_environment_scripts_only(my_kinematics_pkg)
[3.279s] Level 1:colcon.colcon_core.environment:checking '/home/thomas/MobileRobot/ws_new/install/my_kinematics_pkg' for CMake module files
[3.282s] Level 1:colcon.colcon_core.environment:checking '/home/thomas/MobileRobot/ws_new/install/my_kinematics_pkg' for CMake config files
[3.283s] Level 1:colcon.colcon_core.shell:create_environment_hook('my_kinematics_pkg', 'cmake_prefix_path')
[3.284s] INFO:colcon.colcon_core.shell:Creating environment hook '/home/thomas/MobileRobot/ws_new/install/my_kinematics_pkg/share/my_kinematics_pkg/hook/cmake_prefix_path.ps1'
[3.285s] INFO:colcon.colcon_core.shell:Creating environment descriptor '/home/thomas/MobileRobot/ws_new/install/my_kinematics_pkg/share/my_kinematics_pkg/hook/cmake_prefix_path.dsv'
[3.285s] INFO:colcon.colcon_core.shell:Creating environment hook '/home/thomas/MobileRobot/ws_new/install/my_kinematics_pkg/share/my_kinematics_pkg/hook/cmake_prefix_path.sh'
[3.287s] Level 1:colcon.colcon_core.environment:checking '/home/thomas/MobileRobot/ws_new/install/my_kinematics_pkg/lib'
[3.287s] Level 1:colcon.colcon_core.environment:checking '/home/thomas/MobileRobot/ws_new/install/my_kinematics_pkg/bin'
[3.287s] Level 1:colcon.colcon_core.environment:checking '/home/thomas/MobileRobot/ws_new/install/my_kinematics_pkg/lib/pkgconfig/my_kinematics_pkg.pc'
[3.288s] Level 1:colcon.colcon_core.environment:checking '/home/thomas/MobileRobot/ws_new/install/my_kinematics_pkg/lib/python3.12/site-packages'
[3.288s] Level 1:colcon.colcon_core.environment:checking '/home/thomas/MobileRobot/ws_new/install/my_kinematics_pkg/bin'
[3.289s] INFO:colcon.colcon_core.shell:Creating package script '/home/thomas/MobileRobot/ws_new/install/my_kinematics_pkg/share/my_kinematics_pkg/package.ps1'
[3.290s] INFO:colcon.colcon_core.shell:Creating package descriptor '/home/thomas/MobileRobot/ws_new/install/my_kinematics_pkg/share/my_kinematics_pkg/package.dsv'
[3.293s] INFO:colcon.colcon_core.shell:Creating package script '/home/thomas/MobileRobot/ws_new/install/my_kinematics_pkg/share/my_kinematics_pkg/package.sh'
[3.295s] INFO:colcon.colcon_core.shell:Creating package script '/home/thomas/MobileRobot/ws_new/install/my_kinematics_pkg/share/my_kinematics_pkg/package.bash'
[3.297s] INFO:colcon.colcon_core.shell:Creating package script '/home/thomas/MobileRobot/ws_new/install/my_kinematics_pkg/share/my_kinematics_pkg/package.zsh'
[3.298s] Level 1:colcon.colcon_core.environment:create_file_with_runtime_dependencies(/home/thomas/MobileRobot/ws_new/install/my_kinematics_pkg/share/colcon-core/packages/my_kinematics_pkg)
[3.299s] Level 1:colcon.colcon_core.environment:create_environment_scripts_only(mobile_robot)
[3.301s] Level 1:colcon.colcon_core.environment:checking '/home/thomas/MobileRobot/ws_new/install/mobile_robot' for CMake module files
[3.305s] DEBUG:colcon.colcon_core.event_handler.log_command:Invoked command in '/home/thomas/MobileRobot/ws_new/build/mobile_robot' returned '0': CMAKE_PREFIX_PATH=${CMAKE_PREFIX_PATH}:/home/thomas/MobileRobot/ws_new/install/publisher_subscriber:/home/thomas/MobileRobot/ws_new/install/navigation:/opt/ros/jazzy DEBUGINFOD_URLS=https://debuginfod.ubuntu.com /usr/bin/cmake --install /home/thomas/MobileRobot/ws_new/build/mobile_robot
[3.305s] Level 1:colcon.colcon_core.environment:checking '/home/thomas/MobileRobot/ws_new/install/mobile_robot' for CMake config files
[3.306s] Level 1:colcon.colcon_core.shell:create_environment_hook('mobile_robot', 'cmake_prefix_path')
[3.306s] INFO:colcon.colcon_core.shell:Creating environment hook '/home/thomas/MobileRobot/ws_new/install/mobile_robot/share/mobile_robot/hook/cmake_prefix_path.ps1'
[3.307s] INFO:colcon.colcon_core.shell:Creating environment descriptor '/home/thomas/MobileRobot/ws_new/install/mobile_robot/share/mobile_robot/hook/cmake_prefix_path.dsv'
[3.308s] INFO:colcon.colcon_core.shell:Creating environment hook '/home/thomas/MobileRobot/ws_new/install/mobile_robot/share/mobile_robot/hook/cmake_prefix_path.sh'
[3.310s] Level 1:colcon.colcon_core.environment:checking '/home/thomas/MobileRobot/ws_new/install/mobile_robot/bin'
[3.311s] Level 1:colcon.colcon_core.environment:checking '/home/thomas/MobileRobot/ws_new/install/mobile_robot/lib/pkgconfig/mobile_robot.pc'
[3.312s] Level 1:colcon.colcon_core.environment:checking '/home/thomas/MobileRobot/ws_new/install/mobile_robot/lib/python3.12/site-packages'
[3.313s] Level 1:colcon.colcon_core.environment:checking '/home/thomas/MobileRobot/ws_new/install/mobile_robot/bin'
[3.314s] INFO:colcon.colcon_core.shell:Creating package script '/home/thomas/MobileRobot/ws_new/install/mobile_robot/share/mobile_robot/package.ps1'
[3.317s] INFO:colcon.colcon_core.shell:Creating package descriptor '/home/thomas/MobileRobot/ws_new/install/mobile_robot/share/mobile_robot/package.dsv'
[3.318s] INFO:colcon.colcon_core.shell:Creating package script '/home/thomas/MobileRobot/ws_new/install/mobile_robot/share/mobile_robot/package.sh'
[3.319s] INFO:colcon.colcon_core.shell:Creating package script '/home/thomas/MobileRobot/ws_new/install/mobile_robot/share/mobile_robot/package.bash'
[3.320s] INFO:colcon.colcon_core.shell:Creating package script '/home/thomas/MobileRobot/ws_new/install/mobile_robot/share/mobile_robot/package.zsh'
[3.322s] Level 1:colcon.colcon_core.environment:create_file_with_runtime_dependencies(/home/thomas/MobileRobot/ws_new/install/mobile_robot/share/colcon-core/packages/mobile_robot)
[3.323s] Level 1:colcon.colcon_core.environment:create_environment_scripts_only(mobile_robot)
[3.323s] Level 1:colcon.colcon_core.environment:checking '/home/thomas/MobileRobot/ws_new/install/mobile_robot' for CMake module files
[3.325s] Level 1:colcon.colcon_core.environment:checking '/home/thomas/MobileRobot/ws_new/install/mobile_robot' for CMake config files
[3.326s] Level 1:colcon.colcon_core.shell:create_environment_hook('mobile_robot', 'cmake_prefix_path')
[3.326s] INFO:colcon.colcon_core.shell:Creating environment hook '/home/thomas/MobileRobot/ws_new/install/mobile_robot/share/mobile_robot/hook/cmake_prefix_path.ps1'
[3.328s] INFO:colcon.colcon_core.shell:Creating environment descriptor '/home/thomas/MobileRobot/ws_new/install/mobile_robot/share/mobile_robot/hook/cmake_prefix_path.dsv'
[3.330s] INFO:colcon.colcon_core.shell:Creating environment hook '/home/thomas/MobileRobot/ws_new/install/mobile_robot/share/mobile_robot/hook/cmake_prefix_path.sh'
[3.332s] Level 1:colcon.colcon_core.environment:checking '/home/thomas/MobileRobot/ws_new/install/mobile_robot/bin'
[3.333s] Level 1:colcon.colcon_core.environment:checking '/home/thomas/MobileRobot/ws_new/install/mobile_robot/lib/pkgconfig/mobile_robot.pc'
[3.334s] Level 1:colcon.colcon_core.environment:checking '/home/thomas/MobileRobot/ws_new/install/mobile_robot/lib/python3.12/site-packages'
[3.334s] Level 1:colcon.colcon_core.environment:checking '/home/thomas/MobileRobot/ws_new/install/mobile_robot/bin'
[3.335s] INFO:colcon.colcon_core.shell:Creating package script '/home/thomas/MobileRobot/ws_new/install/mobile_robot/share/mobile_robot/package.ps1'
[3.339s] INFO:colcon.colcon_core.shell:Creating package descriptor '/home/thomas/MobileRobot/ws_new/install/mobile_robot/share/mobile_robot/package.dsv'
[3.340s] INFO:colcon.colcon_core.shell:Creating package script '/home/thomas/MobileRobot/ws_new/install/mobile_robot/share/mobile_robot/package.sh'
[3.341s] INFO:colcon.colcon_core.shell:Creating package script '/home/thomas/MobileRobot/ws_new/install/mobile_robot/share/mobile_robot/package.bash'
[3.344s] INFO:colcon.colcon_core.shell:Creating package script '/home/thomas/MobileRobot/ws_new/install/mobile_robot/share/mobile_robot/package.zsh'
[3.346s] Level 1:colcon.colcon_core.environment:create_file_with_runtime_dependencies(/home/thomas/MobileRobot/ws_new/install/mobile_robot/share/colcon-core/packages/mobile_robot)
[5.975s] DEBUG:colcon.colcon_core.event_handler.log_command:Invoking command in '/home/thomas/MobileRobot/ws_new/src/navigation': DEBUGINFOD_URLS=https://debuginfod.ubuntu.com PYTHONPATH=/home/thomas/MobileRobot/ws_new/build/navigation/prefix_override:/usr/lib/python3/dist-packages/colcon_core/task/python/colcon_distutils_commands:/home/thomas/MobileRobot/ws_new/install/navigation/lib/python3.12/site-packages:${PYTHONPATH} /usr/bin/python3 -W ignore:setup.py install is deprecated -W ignore:easy_install command is deprecated setup.py egg_info --egg-base ../../build/navigation build --build-base /home/thomas/MobileRobot/ws_new/build/navigation/build install --record /home/thomas/MobileRobot/ws_new/build/navigation/install.log --single-version-externally-managed install_data
[6.157s] DEBUG:colcon.colcon_core.event_handler.log_command:Invoking command in '/home/thomas/MobileRobot/ws_new/src/publisher_subscriber': DEBUGINFOD_URLS=https://debuginfod.ubuntu.com PYTHONPATH=/home/thomas/MobileRobot/ws_new/build/publisher_subscriber/prefix_override:/usr/lib/python3/dist-packages/colcon_core/task/python/colcon_distutils_commands:/home/thomas/MobileRobot/ws_new/install/publisher_subscriber/lib/python3.12/site-packages:${PYTHONPATH} /usr/bin/python3 -W ignore:setup.py install is deprecated -W ignore:easy_install command is deprecated setup.py egg_info --egg-base ../../build/publisher_subscriber build --build-base /home/thomas/MobileRobot/ws_new/build/publisher_subscriber/build install --record /home/thomas/MobileRobot/ws_new/build/publisher_subscriber/install.log --single-version-externally-managed install_data
[8.623s] Level 1:colcon.colcon_core.environment:checking '/home/thomas/MobileRobot/ws_new/install/navigation' for CMake module files
[8.624s] DEBUG:colcon.colcon_core.event_handler.log_command:Invoked command in '/home/thomas/MobileRobot/ws_new/src/navigation' returned '0': DEBUGINFOD_URLS=https://debuginfod.ubuntu.com PYTHONPATH=/home/thomas/MobileRobot/ws_new/build/navigation/prefix_override:/usr/lib/python3/dist-packages/colcon_core/task/python/colcon_distutils_commands:/home/thomas/MobileRobot/ws_new/install/navigation/lib/python3.12/site-packages:${PYTHONPATH} /usr/bin/python3 -W ignore:setup.py install is deprecated -W ignore:easy_install command is deprecated setup.py egg_info --egg-base ../../build/navigation build --build-base /home/thomas/MobileRobot/ws_new/build/navigation/build install --record /home/thomas/MobileRobot/ws_new/build/navigation/install.log --single-version-externally-managed install_data
[8.625s] Level 1:colcon.colcon_core.environment:checking '/home/thomas/MobileRobot/ws_new/install/navigation' for CMake config files
[8.627s] Level 1:colcon.colcon_core.environment:checking '/home/thomas/MobileRobot/ws_new/install/navigation/lib'
[8.627s] Level 1:colcon.colcon_core.environment:checking '/home/thomas/MobileRobot/ws_new/install/navigation/bin'
[8.628s] Level 1:colcon.colcon_core.environment:checking '/home/thomas/MobileRobot/ws_new/install/navigation/lib/pkgconfig/navigation.pc'
[8.628s] Level 1:colcon.colcon_core.environment:checking '/home/thomas/MobileRobot/ws_new/install/navigation/lib/python3.12/site-packages'
[8.629s] Level 1:colcon.colcon_core.shell:create_environment_hook('navigation', 'pythonpath')
[8.630s] INFO:colcon.colcon_core.shell:Creating environment hook '/home/thomas/MobileRobot/ws_new/install/navigation/share/navigation/hook/pythonpath.ps1'
[8.632s] INFO:colcon.colcon_core.shell:Creating environment descriptor '/home/thomas/MobileRobot/ws_new/install/navigation/share/navigation/hook/pythonpath.dsv'
[8.633s] INFO:colcon.colcon_core.shell:Creating environment hook '/home/thomas/MobileRobot/ws_new/install/navigation/share/navigation/hook/pythonpath.sh'
[8.635s] Level 1:colcon.colcon_core.environment:checking '/home/thomas/MobileRobot/ws_new/install/navigation/bin'
[8.635s] Level 1:colcon.colcon_core.environment:create_environment_scripts_only(navigation)
[8.636s] INFO:colcon.colcon_core.shell:Creating package script '/home/thomas/MobileRobot/ws_new/install/navigation/share/navigation/package.ps1'
[8.637s] INFO:colcon.colcon_core.shell:Creating package descriptor '/home/thomas/MobileRobot/ws_new/install/navigation/share/navigation/package.dsv'
[8.638s] INFO:colcon.colcon_core.shell:Creating package script '/home/thomas/MobileRobot/ws_new/install/navigation/share/navigation/package.sh'
[8.640s] INFO:colcon.colcon_core.shell:Creating package script '/home/thomas/MobileRobot/ws_new/install/navigation/share/navigation/package.bash'
[8.641s] INFO:colcon.colcon_core.shell:Creating package script '/home/thomas/MobileRobot/ws_new/install/navigation/share/navigation/package.zsh'
[8.642s] Level 1:colcon.colcon_core.environment:create_file_with_runtime_dependencies(/home/thomas/MobileRobot/ws_new/install/navigation/share/colcon-core/packages/navigation)
[8.767s] Level 1:colcon.colcon_core.environment:checking '/home/thomas/MobileRobot/ws_new/install/publisher_subscriber' for CMake module files
[8.770s] DEBUG:colcon.colcon_core.event_handler.log_command:Invoked command in '/home/thomas/MobileRobot/ws_new/src/publisher_subscriber' returned '0': DEBUGINFOD_URLS=https://debuginfod.ubuntu.com PYTHONPATH=/home/thomas/MobileRobot/ws_new/build/publisher_subscriber/prefix_override:/usr/lib/python3/dist-packages/colcon_core/task/python/colcon_distutils_commands:/home/thomas/MobileRobot/ws_new/install/publisher_subscriber/lib/python3.12/site-packages:${PYTHONPATH} /usr/bin/python3 -W ignore:setup.py install is deprecated -W ignore:easy_install command is deprecated setup.py egg_info --egg-base ../../build/publisher_subscriber build --build-base /home/thomas/MobileRobot/ws_new/build/publisher_subscriber/build install --record /home/thomas/MobileRobot/ws_new/build/publisher_subscriber/install.log --single-version-externally-managed install_data
[8.770s] Level 1:colcon.colcon_core.environment:checking '/home/thomas/MobileRobot/ws_new/install/publisher_subscriber' for CMake config files
[8.772s] Level 1:colcon.colcon_core.environment:checking '/home/thomas/MobileRobot/ws_new/install/publisher_subscriber/lib'
[8.772s] Level 1:colcon.colcon_core.environment:checking '/home/thomas/MobileRobot/ws_new/install/publisher_subscriber/bin'
[8.772s] Level 1:colcon.colcon_core.environment:checking '/home/thomas/MobileRobot/ws_new/install/publisher_subscriber/lib/pkgconfig/publisher_subscriber.pc'
[8.773s] Level 1:colcon.colcon_core.environment:checking '/home/thomas/MobileRobot/ws_new/install/publisher_subscriber/lib/python3.12/site-packages'
[8.773s] Level 1:colcon.colcon_core.shell:create_environment_hook('publisher_subscriber', 'pythonpath')
[8.774s] INFO:colcon.colcon_core.shell:Creating environment hook '/home/thomas/MobileRobot/ws_new/install/publisher_subscriber/share/publisher_subscriber/hook/pythonpath.ps1'
[8.775s] INFO:colcon.colcon_core.shell:Creating environment descriptor '/home/thomas/MobileRobot/ws_new/install/publisher_subscriber/share/publisher_subscriber/hook/pythonpath.dsv'
[8.776s] INFO:colcon.colcon_core.shell:Creating environment hook '/home/thomas/MobileRobot/ws_new/install/publisher_subscriber/share/publisher_subscriber/hook/pythonpath.sh'
[8.779s] Level 1:colcon.colcon_core.environment:checking '/home/thomas/MobileRobot/ws_new/install/publisher_subscriber/bin'
[8.779s] Level 1:colcon.colcon_core.environment:create_environment_scripts_only(publisher_subscriber)
[8.780s] INFO:colcon.colcon_core.shell:Creating package script '/home/thomas/MobileRobot/ws_new/install/publisher_subscriber/share/publisher_subscriber/package.ps1'
[8.782s] INFO:colcon.colcon_core.shell:Creating package descriptor '/home/thomas/MobileRobot/ws_new/install/publisher_subscriber/share/publisher_subscriber/package.dsv'
[8.784s] INFO:colcon.colcon_core.shell:Creating package script '/home/thomas/MobileRobot/ws_new/install/publisher_subscriber/share/publisher_subscriber/package.sh'
[8.785s] INFO:colcon.colcon_core.shell:Creating package script '/home/thomas/MobileRobot/ws_new/install/publisher_subscriber/share/publisher_subscriber/package.bash'
[8.788s] INFO:colcon.colcon_core.shell:Creating package script '/home/thomas/MobileRobot/ws_new/install/publisher_subscriber/share/publisher_subscriber/package.zsh'
[8.789s] Level 1:colcon.colcon_core.environment:create_file_with_runtime_dependencies(/home/thomas/MobileRobot/ws_new/install/publisher_subscriber/share/colcon-core/packages/publisher_subscriber)
[8.789s] DEBUG:colcon.colcon_parallel_executor.executor.parallel:closing loop
[8.790s] DEBUG:colcon.colcon_parallel_executor.executor.parallel:loop closed
[8.790s] DEBUG:colcon.colcon_parallel_executor.executor.parallel:run_until_complete finished with '0'
[8.791s] DEBUG:colcon.colcon_core.event_reactor:joining thread
[8.815s] INFO:colcon.colcon_core.plugin_system:Skipping extension 'colcon_notification.desktop_notification.terminal_notifier': Not used on non-Darwin systems
[8.815s] INFO:colcon.colcon_core.plugin_system:Skipping extension 'colcon_notification.desktop_notification.win32': Not used on non-Windows systems
[8.815s] INFO:colcon.colcon_notification.desktop_notification:Sending desktop notification using 'notify2'
[8.878s] DEBUG:colcon.colcon_core.event_reactor:joined thread
[8.878s] INFO:colcon.colcon_core.shell:Creating prefix script '/home/thomas/MobileRobot/ws_new/install/local_setup.ps1'
[8.881s] INFO:colcon.colcon_core.shell:Creating prefix util module '/home/thomas/MobileRobot/ws_new/install/_local_setup_util_ps1.py'
[8.884s] INFO:colcon.colcon_core.shell:Creating prefix chain script '/home/thomas/MobileRobot/ws_new/install/setup.ps1'
[8.886s] INFO:colcon.colcon_core.shell:Creating prefix script '/home/thomas/MobileRobot/ws_new/install/local_setup.sh'
[8.888s] INFO:colcon.colcon_core.shell:Creating prefix util module '/home/thomas/MobileRobot/ws_new/install/_local_setup_util_sh.py'
[8.890s] INFO:colcon.colcon_core.shell:Creating prefix chain script '/home/thomas/MobileRobot/ws_new/install/setup.sh'
[8.894s] INFO:colcon.colcon_core.shell:Creating prefix script '/home/thomas/MobileRobot/ws_new/install/local_setup.bash'
[8.896s] INFO:colcon.colcon_core.shell:Creating prefix chain script '/home/thomas/MobileRobot/ws_new/install/setup.bash'
[8.901s] INFO:colcon.colcon_core.shell:Creating prefix script '/home/thomas/MobileRobot/ws_new/install/local_setup.zsh'
[8.902s] INFO:colcon.colcon_core.shell:Creating prefix chain script '/home/thomas/MobileRobot/ws_new/install/setup.zsh'
