[0.232s] Invoking command in '/home/thomas/MobileRobot/ws_new/build/diagnostic_msgs': AMENT_PREFIX_PATH=/home/thomas/MobileRobot/ws_new/install/geometry_msgs:/home/thomas/MobileRobot/ws_new/install/std_msgs:${AMENT_PREFIX_PATH} CMAKE_PREFIX_PATH=/home/thomas/MobileRobot/ws_new/install/geometry_msgs:/home/thomas/MobileRobot/ws_new/install/std_msgs:/opt/ros/jazzy/opt/gz_sim_vendor:/opt/ros/jazzy/opt/gz_sensors_vendor:/opt/ros/jazzy/opt/gz_physics_vendor:/opt/ros/jazzy/opt/sdformat_vendor:/opt/ros/jazzy/opt/gz_gui_vendor:/opt/ros/jazzy/opt/gz_transport_vendor:/opt/ros/jazzy/opt/gz_rendering_vendor:/opt/ros/jazzy/opt/gz_plugin_vendor:/opt/ros/jazzy/opt/gz_fuel_tools_vendor:/opt/ros/jazzy/opt/gz_msgs_vendor:/opt/ros/jazzy/opt/gz_common_vendor:/opt/ros/jazzy/opt/gz_math_vendor:/opt/ros/jazzy/opt/gz_utils_vendor:/opt/ros/jazzy/opt/gz_tools_vendor:/opt/ros/jazzy/opt/gz_ogre_next_vendor:/opt/ros/jazzy/opt/gz_dartsim_vendor:/opt/ros/jazzy/opt/gz_cmake_vendor:/home/thomas/dev_ws/install/basic_mobile_robot:/opt/ros/jazzy DEBUGINFOD_URLS=https://debuginfod.ubuntu.com LD_LIBRARY_PATH=/home/thomas/MobileRobot/ws_new/install/geometry_msgs/lib:/home/thomas/MobileRobot/ws_new/install/std_msgs/lib:${LD_LIBRARY_PATH} PYTHONPATH=/home/thomas/MobileRobot/ws_new/install/geometry_msgs/lib/python3.12/site-packages:/home/thomas/MobileRobot/ws_new/install/std_msgs/lib/python3.12/site-packages:${PYTHONPATH} /usr/bin/cmake --build /home/thomas/MobileRobot/ws_new/build/diagnostic_msgs -- -j8 -l8
[0.659s] [  1%] Built target diagnostic_msgs__rosidl_generator_type_description
[0.868s] [  2%] Built target diagnostic_msgs__cpp
[1.182s] [ 25%] Built target diagnostic_msgs__rosidl_generator_c
[1.795s] [ 35%] Built target diagnostic_msgs__rosidl_typesupport_fastrtps_c
[1.861s] [ 44%] Built target diagnostic_msgs__rosidl_typesupport_c
[1.864s] [ 44%] Built target ament_cmake_python_copy_diagnostic_msgs
[1.869s] [ 54%] Built target diagnostic_msgs__rosidl_typesupport_introspection_c
[1.890s] [ 63%] Built target diagnostic_msgs__rosidl_typesupport_introspection_cpp
[1.981s] [ 72%] Built target diagnostic_msgs__rosidl_typesupport_cpp
[1.995s] [ 82%] Built target diagnostic_msgs__rosidl_typesupport_fastrtps_cpp
[2.112s] [ 82%] Built target diagnostic_msgs
[2.192s] [ 83%] Built target diagnostic_msgs__py
[2.529s] [ 91%] Built target diagnostic_msgs__rosidl_generator_py
[2.579s] running egg_info
[2.626s] writing diagnostic_msgs.egg-info/PKG-INFO
[2.626s] writing dependency_links to diagnostic_msgs.egg-info/dependency_links.txt
[2.626s] writing top-level names to diagnostic_msgs.egg-info/top_level.txt
[2.801s] [ 94%] Built target diagnostic_msgs_s__rosidl_typesupport_introspection_c
[2.803s] reading manifest file 'diagnostic_msgs.egg-info/SOURCES.txt'
[2.804s] [ 97%] Built target diagnostic_msgs_s__rosidl_typesupport_fastrtps_c
[2.805s] [100%] Built target diagnostic_msgs_s__rosidl_typesupport_c
[2.873s] writing manifest file 'diagnostic_msgs.egg-info/SOURCES.txt'
[2.967s] [100%] Built target ament_cmake_python_build_diagnostic_msgs_egg
[2.988s] Invoked command in '/home/thomas/MobileRobot/ws_new/build/diagnostic_msgs' returned '0': AMENT_PREFIX_PATH=/home/thomas/MobileRobot/ws_new/install/geometry_msgs:/home/thomas/MobileRobot/ws_new/install/std_msgs:${AMENT_PREFIX_PATH} CMAKE_PREFIX_PATH=/home/thomas/MobileRobot/ws_new/install/geometry_msgs:/home/thomas/MobileRobot/ws_new/install/std_msgs:/opt/ros/jazzy/opt/gz_sim_vendor:/opt/ros/jazzy/opt/gz_sensors_vendor:/opt/ros/jazzy/opt/gz_physics_vendor:/opt/ros/jazzy/opt/sdformat_vendor:/opt/ros/jazzy/opt/gz_gui_vendor:/opt/ros/jazzy/opt/gz_transport_vendor:/opt/ros/jazzy/opt/gz_rendering_vendor:/opt/ros/jazzy/opt/gz_plugin_vendor:/opt/ros/jazzy/opt/gz_fuel_tools_vendor:/opt/ros/jazzy/opt/gz_msgs_vendor:/opt/ros/jazzy/opt/gz_common_vendor:/opt/ros/jazzy/opt/gz_math_vendor:/opt/ros/jazzy/opt/gz_utils_vendor:/opt/ros/jazzy/opt/gz_tools_vendor:/opt/ros/jazzy/opt/gz_ogre_next_vendor:/opt/ros/jazzy/opt/gz_dartsim_vendor:/opt/ros/jazzy/opt/gz_cmake_vendor:/home/thomas/dev_ws/install/basic_mobile_robot:/opt/ros/jazzy DEBUGINFOD_URLS=https://debuginfod.ubuntu.com LD_LIBRARY_PATH=/home/thomas/MobileRobot/ws_new/install/geometry_msgs/lib:/home/thomas/MobileRobot/ws_new/install/std_msgs/lib:${LD_LIBRARY_PATH} PYTHONPATH=/home/thomas/MobileRobot/ws_new/install/geometry_msgs/lib/python3.12/site-packages:/home/thomas/MobileRobot/ws_new/install/std_msgs/lib/python3.12/site-packages:${PYTHONPATH} /usr/bin/cmake --build /home/thomas/MobileRobot/ws_new/build/diagnostic_msgs -- -j8 -l8
[3.025s] Invoking command in '/home/thomas/MobileRobot/ws_new/build/diagnostic_msgs': AMENT_PREFIX_PATH=/home/thomas/MobileRobot/ws_new/install/geometry_msgs:/home/thomas/MobileRobot/ws_new/install/std_msgs:${AMENT_PREFIX_PATH} CMAKE_PREFIX_PATH=/home/thomas/MobileRobot/ws_new/install/geometry_msgs:/home/thomas/MobileRobot/ws_new/install/std_msgs:/opt/ros/jazzy/opt/gz_sim_vendor:/opt/ros/jazzy/opt/gz_sensors_vendor:/opt/ros/jazzy/opt/gz_physics_vendor:/opt/ros/jazzy/opt/sdformat_vendor:/opt/ros/jazzy/opt/gz_gui_vendor:/opt/ros/jazzy/opt/gz_transport_vendor:/opt/ros/jazzy/opt/gz_rendering_vendor:/opt/ros/jazzy/opt/gz_plugin_vendor:/opt/ros/jazzy/opt/gz_fuel_tools_vendor:/opt/ros/jazzy/opt/gz_msgs_vendor:/opt/ros/jazzy/opt/gz_common_vendor:/opt/ros/jazzy/opt/gz_math_vendor:/opt/ros/jazzy/opt/gz_utils_vendor:/opt/ros/jazzy/opt/gz_tools_vendor:/opt/ros/jazzy/opt/gz_ogre_next_vendor:/opt/ros/jazzy/opt/gz_dartsim_vendor:/opt/ros/jazzy/opt/gz_cmake_vendor:/home/thomas/dev_ws/install/basic_mobile_robot:/opt/ros/jazzy DEBUGINFOD_URLS=https://debuginfod.ubuntu.com LD_LIBRARY_PATH=/home/thomas/MobileRobot/ws_new/install/geometry_msgs/lib:/home/thomas/MobileRobot/ws_new/install/std_msgs/lib:${LD_LIBRARY_PATH} PYTHONPATH=/home/thomas/MobileRobot/ws_new/install/geometry_msgs/lib/python3.12/site-packages:/home/thomas/MobileRobot/ws_new/install/std_msgs/lib/python3.12/site-packages:${PYTHONPATH} /usr/bin/cmake --install /home/thomas/MobileRobot/ws_new/build/diagnostic_msgs
[3.131s] -- Install configuration: ""
[3.159s] -- Up-to-date: /home/thomas/MobileRobot/ws_new/install/diagnostic_msgs/share/ament_index/resource_index/rosidl_interfaces/diagnostic_msgs
[3.168s] -- Up-to-date: /home/thomas/MobileRobot/ws_new/install/diagnostic_msgs/share/diagnostic_msgs/msg/DiagnosticArray.json
[3.168s] -- Up-to-date: /home/thomas/MobileRobot/ws_new/install/diagnostic_msgs/share/diagnostic_msgs/msg/DiagnosticStatus.json
[3.168s] -- Up-to-date: /home/thomas/MobileRobot/ws_new/install/diagnostic_msgs/share/diagnostic_msgs/msg/KeyValue.json
[3.174s] -- Up-to-date: /home/thomas/MobileRobot/ws_new/install/diagnostic_msgs/share/diagnostic_msgs/srv/AddDiagnostics.json
[3.174s] -- Up-to-date: /home/thomas/MobileRobot/ws_new/install/diagnostic_msgs/share/diagnostic_msgs/srv/SelfTest.json
[3.175s] -- Up-to-date: /home/thomas/MobileRobot/ws_new/install/diagnostic_msgs/include/diagnostic_msgs/diagnostic_msgs
[3.180s] -- Up-to-date: /home/thomas/MobileRobot/ws_new/install/diagnostic_msgs/include/diagnostic_msgs/diagnostic_msgs/srv
[3.180s] -- Up-to-date: /home/thomas/MobileRobot/ws_new/install/diagnostic_msgs/include/diagnostic_msgs/diagnostic_msgs/srv/detail
[3.191s] -- Installing: /home/thomas/MobileRobot/ws_new/install/diagnostic_msgs/include/diagnostic_msgs/diagnostic_msgs/srv/detail/add_diagnostics__type_support.c
[3.196s] -- Up-to-date: /home/thomas/MobileRobot/ws_new/install/diagnostic_msgs/include/diagnostic_msgs/diagnostic_msgs/srv/detail/self_test__struct.h
[3.196s] -- Installing: /home/thomas/MobileRobot/ws_new/install/diagnostic_msgs/include/diagnostic_msgs/diagnostic_msgs/srv/detail/self_test__type_support.c
[3.237s] -- Up-to-date: /home/thomas/MobileRobot/ws_new/install/diagnostic_msgs/include/diagnostic_msgs/diagnostic_msgs/srv/detail/self_test__type_support.h
[3.238s] -- Up-to-date: /home/thomas/MobileRobot/ws_new/install/diagnostic_msgs/include/diagnostic_msgs/diagnostic_msgs/srv/detail/self_test__description.c
[3.238s] -- Up-to-date: /home/thomas/MobileRobot/ws_new/install/diagnostic_msgs/include/diagnostic_msgs/diagnostic_msgs/srv/detail/add_diagnostics__type_support.h
[3.238s] -- Up-to-date: /home/thomas/MobileRobot/ws_new/install/diagnostic_msgs/include/diagnostic_msgs/diagnostic_msgs/srv/detail/add_diagnostics__description.c
[3.238s] -- Up-to-date: /home/thomas/MobileRobot/ws_new/install/diagnostic_msgs/include/diagnostic_msgs/diagnostic_msgs/srv/detail/add_diagnostics__struct.h
[3.238s] -- Up-to-date: /home/thomas/MobileRobot/ws_new/install/diagnostic_msgs/include/diagnostic_msgs/diagnostic_msgs/srv/detail/add_diagnostics__functions.h
[3.238s] -- Up-to-date: /home/thomas/MobileRobot/ws_new/install/diagnostic_msgs/include/diagnostic_msgs/diagnostic_msgs/srv/detail/self_test__functions.h
[3.238s] -- Up-to-date: /home/thomas/MobileRobot/ws_new/install/diagnostic_msgs/include/diagnostic_msgs/diagnostic_msgs/srv/detail/self_test__functions.c
[3.239s] -- Up-to-date: /home/thomas/MobileRobot/ws_new/install/diagnostic_msgs/include/diagnostic_msgs/diagnostic_msgs/srv/detail/add_diagnostics__functions.c
[3.239s] -- Up-to-date: /home/thomas/MobileRobot/ws_new/install/diagnostic_msgs/include/diagnostic_msgs/diagnostic_msgs/srv/self_test.h
[3.239s] -- Up-to-date: /home/thomas/MobileRobot/ws_new/install/diagnostic_msgs/include/diagnostic_msgs/diagnostic_msgs/srv/add_diagnostics.h
[3.239s] -- Up-to-date: /home/thomas/MobileRobot/ws_new/install/diagnostic_msgs/include/diagnostic_msgs/diagnostic_msgs/msg
[3.243s] -- Up-to-date: /home/thomas/MobileRobot/ws_new/install/diagnostic_msgs/include/diagnostic_msgs/diagnostic_msgs/msg/detail
[3.247s] -- Up-to-date: /home/thomas/MobileRobot/ws_new/install/diagnostic_msgs/include/diagnostic_msgs/diagnostic_msgs/msg/detail/key_value__functions.h
[3.247s] -- Up-to-date: /home/thomas/MobileRobot/ws_new/install/diagnostic_msgs/include/diagnostic_msgs/diagnostic_msgs/msg/detail/diagnostic_status__struct.h
[3.247s] -- Up-to-date: /home/thomas/MobileRobot/ws_new/install/diagnostic_msgs/include/diagnostic_msgs/diagnostic_msgs/msg/detail/diagnostic_array__description.c
[3.247s] -- Up-to-date: /home/thomas/MobileRobot/ws_new/install/diagnostic_msgs/include/diagnostic_msgs/diagnostic_msgs/msg/detail/key_value__type_support.h
[3.248s] -- Installing: /home/thomas/MobileRobot/ws_new/install/diagnostic_msgs/include/diagnostic_msgs/diagnostic_msgs/msg/detail/diagnostic_status__type_support.c
[3.277s] -- Up-to-date: /home/thomas/MobileRobot/ws_new/install/diagnostic_msgs/include/diagnostic_msgs/diagnostic_msgs/msg/detail/diagnostic_status__type_support.h
[3.277s] -- Up-to-date: /home/thomas/MobileRobot/ws_new/install/diagnostic_msgs/include/diagnostic_msgs/diagnostic_msgs/msg/detail/diagnostic_array__functions.h
[3.278s] -- Up-to-date: /home/thomas/MobileRobot/ws_new/install/diagnostic_msgs/include/diagnostic_msgs/diagnostic_msgs/msg/detail/diagnostic_array__type_support.h
[3.278s] -- Up-to-date: /home/thomas/MobileRobot/ws_new/install/diagnostic_msgs/include/diagnostic_msgs/diagnostic_msgs/msg/detail/diagnostic_array__struct.h
[3.278s] -- Up-to-date: /home/thomas/MobileRobot/ws_new/install/diagnostic_msgs/include/diagnostic_msgs/diagnostic_msgs/msg/detail/diagnostic_status__functions.c
[3.278s] -- Up-to-date: /home/thomas/MobileRobot/ws_new/install/diagnostic_msgs/include/diagnostic_msgs/diagnostic_msgs/msg/detail/key_value__functions.c
[3.279s] -- Up-to-date: /home/thomas/MobileRobot/ws_new/install/diagnostic_msgs/include/diagnostic_msgs/diagnostic_msgs/msg/detail/key_value__struct.h
[3.279s] -- Installing: /home/thomas/MobileRobot/ws_new/install/diagnostic_msgs/include/diagnostic_msgs/diagnostic_msgs/msg/detail/diagnostic_array__type_support.c
[3.316s] -- Up-to-date: /home/thomas/MobileRobot/ws_new/install/diagnostic_msgs/include/diagnostic_msgs/diagnostic_msgs/msg/detail/key_value__description.c
[3.316s] -- Up-to-date: /home/thomas/MobileRobot/ws_new/install/diagnostic_msgs/include/diagnostic_msgs/diagnostic_msgs/msg/detail/diagnostic_status__functions.h
[3.316s] -- Installing: /home/thomas/MobileRobot/ws_new/install/diagnostic_msgs/include/diagnostic_msgs/diagnostic_msgs/msg/detail/key_value__type_support.c
[3.326s] -- Up-to-date: /home/thomas/MobileRobot/ws_new/install/diagnostic_msgs/include/diagnostic_msgs/diagnostic_msgs/msg/detail/diagnostic_array__functions.c
[3.327s] -- Up-to-date: /home/thomas/MobileRobot/ws_new/install/diagnostic_msgs/include/diagnostic_msgs/diagnostic_msgs/msg/detail/diagnostic_status__description.c
[3.327s] -- Up-to-date: /home/thomas/MobileRobot/ws_new/install/diagnostic_msgs/include/diagnostic_msgs/diagnostic_msgs/msg/diagnostic_array.h
[3.327s] -- Up-to-date: /home/thomas/MobileRobot/ws_new/install/diagnostic_msgs/include/diagnostic_msgs/diagnostic_msgs/msg/diagnostic_status.h
[3.327s] -- Up-to-date: /home/thomas/MobileRobot/ws_new/install/diagnostic_msgs/include/diagnostic_msgs/diagnostic_msgs/msg/rosidl_generator_c__visibility_control.h
[3.327s] -- Up-to-date: /home/thomas/MobileRobot/ws_new/install/diagnostic_msgs/include/diagnostic_msgs/diagnostic_msgs/msg/key_value.h
[3.329s] -- Up-to-date: /home/thomas/MobileRobot/ws_new/install/diagnostic_msgs/share/diagnostic_msgs/environment/library_path.sh
[3.329s] -- Up-to-date: /home/thomas/MobileRobot/ws_new/install/diagnostic_msgs/share/diagnostic_msgs/environment/library_path.dsv
[3.384s] -- Up-to-date: /home/thomas/MobileRobot/ws_new/install/diagnostic_msgs/lib/libdiagnostic_msgs__rosidl_generator_c.so
[3.384s] -- Up-to-date: /home/thomas/MobileRobot/ws_new/install/diagnostic_msgs/include/diagnostic_msgs/diagnostic_msgs
[3.384s] -- Up-to-date: /home/thomas/MobileRobot/ws_new/install/diagnostic_msgs/include/diagnostic_msgs/diagnostic_msgs/srv
[3.384s] -- Up-to-date: /home/thomas/MobileRobot/ws_new/install/diagnostic_msgs/include/diagnostic_msgs/diagnostic_msgs/srv/detail
[3.385s] -- Up-to-date: /home/thomas/MobileRobot/ws_new/install/diagnostic_msgs/include/diagnostic_msgs/diagnostic_msgs/srv/detail/add_diagnostics__rosidl_typesupport_fastrtps_c.h
[3.385s] -- Up-to-date: /home/thomas/MobileRobot/ws_new/install/diagnostic_msgs/include/diagnostic_msgs/diagnostic_msgs/srv/detail/self_test__rosidl_typesupport_fastrtps_c.h
[3.385s] -- Up-to-date: /home/thomas/MobileRobot/ws_new/install/diagnostic_msgs/include/diagnostic_msgs/diagnostic_msgs/msg
[3.385s] -- Up-to-date: /home/thomas/MobileRobot/ws_new/install/diagnostic_msgs/include/diagnostic_msgs/diagnostic_msgs/msg/detail
[3.385s] -- Up-to-date: /home/thomas/MobileRobot/ws_new/install/diagnostic_msgs/include/diagnostic_msgs/diagnostic_msgs/msg/detail/diagnostic_status__rosidl_typesupport_fastrtps_c.h
[3.385s] -- Up-to-date: /home/thomas/MobileRobot/ws_new/install/diagnostic_msgs/include/diagnostic_msgs/diagnostic_msgs/msg/detail/diagnostic_array__rosidl_typesupport_fastrtps_c.h
[3.385s] -- Up-to-date: /home/thomas/MobileRobot/ws_new/install/diagnostic_msgs/include/diagnostic_msgs/diagnostic_msgs/msg/detail/key_value__rosidl_typesupport_fastrtps_c.h
[3.385s] -- Up-to-date: /home/thomas/MobileRobot/ws_new/install/diagnostic_msgs/include/diagnostic_msgs/diagnostic_msgs/msg/rosidl_typesupport_fastrtps_c__visibility_control.h
[3.411s] -- Up-to-date: /home/thomas/MobileRobot/ws_new/install/diagnostic_msgs/lib/libdiagnostic_msgs__rosidl_typesupport_fastrtps_c.so
[3.412s] -- Up-to-date: /home/thomas/MobileRobot/ws_new/install/diagnostic_msgs/include/diagnostic_msgs/diagnostic_msgs
[3.412s] -- Up-to-date: /home/thomas/MobileRobot/ws_new/install/diagnostic_msgs/include/diagnostic_msgs/diagnostic_msgs/srv
[3.412s] -- Up-to-date: /home/thomas/MobileRobot/ws_new/install/diagnostic_msgs/include/diagnostic_msgs/diagnostic_msgs/srv/detail
[3.412s] -- Installing: /home/thomas/MobileRobot/ws_new/install/diagnostic_msgs/include/diagnostic_msgs/diagnostic_msgs/srv/detail/add_diagnostics__type_support.c
[3.433s] -- Installing: /home/thomas/MobileRobot/ws_new/install/diagnostic_msgs/include/diagnostic_msgs/diagnostic_msgs/srv/detail/self_test__type_support.c
[3.439s] -- Up-to-date: /home/thomas/MobileRobot/ws_new/install/diagnostic_msgs/include/diagnostic_msgs/diagnostic_msgs/srv/detail/self_test__rosidl_typesupport_introspection_c.h
[3.439s] -- Up-to-date: /home/thomas/MobileRobot/ws_new/install/diagnostic_msgs/include/diagnostic_msgs/diagnostic_msgs/srv/detail/add_diagnostics__rosidl_typesupport_introspection_c.h
[3.439s] -- Up-to-date: /home/thomas/MobileRobot/ws_new/install/diagnostic_msgs/include/diagnostic_msgs/diagnostic_msgs/msg
[3.439s] -- Up-to-date: /home/thomas/MobileRobot/ws_new/install/diagnostic_msgs/include/diagnostic_msgs/diagnostic_msgs/msg/detail
[3.439s] -- Up-to-date: /home/thomas/MobileRobot/ws_new/install/diagnostic_msgs/include/diagnostic_msgs/diagnostic_msgs/msg/detail/diagnostic_status__rosidl_typesupport_introspection_c.h
[3.439s] -- Installing: /home/thomas/MobileRobot/ws_new/install/diagnostic_msgs/include/diagnostic_msgs/diagnostic_msgs/msg/detail/diagnostic_status__type_support.c
[3.459s] -- Up-to-date: /home/thomas/MobileRobot/ws_new/install/diagnostic_msgs/include/diagnostic_msgs/diagnostic_msgs/msg/detail/key_value__rosidl_typesupport_introspection_c.h
[3.459s] -- Installing: /home/thomas/MobileRobot/ws_new/install/diagnostic_msgs/include/diagnostic_msgs/diagnostic_msgs/msg/detail/diagnostic_array__type_support.c
[3.459s] -- Up-to-date: /home/thomas/MobileRobot/ws_new/install/diagnostic_msgs/include/diagnostic_msgs/diagnostic_msgs/msg/detail/diagnostic_array__rosidl_typesupport_introspection_c.h
[3.459s] -- Installing: /home/thomas/MobileRobot/ws_new/install/diagnostic_msgs/include/diagnostic_msgs/diagnostic_msgs/msg/detail/key_value__type_support.c
[3.517s] -- Up-to-date: /home/thomas/MobileRobot/ws_new/install/diagnostic_msgs/include/diagnostic_msgs/diagnostic_msgs/msg/rosidl_typesupport_introspection_c__visibility_control.h
[3.730s] -- Up-to-date: /home/thomas/MobileRobot/ws_new/install/diagnostic_msgs/lib/libdiagnostic_msgs__rosidl_typesupport_introspection_c.so
[3.775s] -- Up-to-date: /home/thomas/MobileRobot/ws_new/install/diagnostic_msgs/lib/libdiagnostic_msgs__rosidl_typesupport_c.so
[3.776s] -- Up-to-date: /home/thomas/MobileRobot/ws_new/install/diagnostic_msgs/include/diagnostic_msgs/diagnostic_msgs
[3.778s] -- Up-to-date: /home/thomas/MobileRobot/ws_new/install/diagnostic_msgs/include/diagnostic_msgs/diagnostic_msgs/srv
[3.779s] -- Up-to-date: /home/thomas/MobileRobot/ws_new/install/diagnostic_msgs/include/diagnostic_msgs/diagnostic_msgs/srv/detail
[3.780s] -- Up-to-date: /home/thomas/MobileRobot/ws_new/install/diagnostic_msgs/include/diagnostic_msgs/diagnostic_msgs/srv/detail/self_test__traits.hpp
[3.781s] -- Up-to-date: /home/thomas/MobileRobot/ws_new/install/diagnostic_msgs/include/diagnostic_msgs/diagnostic_msgs/srv/detail/add_diagnostics__type_support.hpp
[3.782s] -- Up-to-date: /home/thomas/MobileRobot/ws_new/install/diagnostic_msgs/include/diagnostic_msgs/diagnostic_msgs/srv/detail/self_test__builder.hpp
[3.782s] -- Up-to-date: /home/thomas/MobileRobot/ws_new/install/diagnostic_msgs/include/diagnostic_msgs/diagnostic_msgs/srv/detail/self_test__struct.hpp
[3.783s] -- Up-to-date: /home/thomas/MobileRobot/ws_new/install/diagnostic_msgs/include/diagnostic_msgs/diagnostic_msgs/srv/detail/self_test__type_support.hpp
[3.784s] -- Up-to-date: /home/thomas/MobileRobot/ws_new/install/diagnostic_msgs/include/diagnostic_msgs/diagnostic_msgs/srv/detail/add_diagnostics__struct.hpp
[3.784s] -- Up-to-date: /home/thomas/MobileRobot/ws_new/install/diagnostic_msgs/include/diagnostic_msgs/diagnostic_msgs/srv/detail/add_diagnostics__builder.hpp
[3.784s] -- Up-to-date: /home/thomas/MobileRobot/ws_new/install/diagnostic_msgs/include/diagnostic_msgs/diagnostic_msgs/srv/detail/add_diagnostics__traits.hpp
[3.785s] -- Up-to-date: /home/thomas/MobileRobot/ws_new/install/diagnostic_msgs/include/diagnostic_msgs/diagnostic_msgs/srv/add_diagnostics.hpp
[3.785s] -- Up-to-date: /home/thomas/MobileRobot/ws_new/install/diagnostic_msgs/include/diagnostic_msgs/diagnostic_msgs/srv/self_test.hpp
[3.786s] -- Up-to-date: /home/thomas/MobileRobot/ws_new/install/diagnostic_msgs/include/diagnostic_msgs/diagnostic_msgs/msg
[3.786s] -- Up-to-date: /home/thomas/MobileRobot/ws_new/install/diagnostic_msgs/include/diagnostic_msgs/diagnostic_msgs/msg/detail
[3.787s] -- Up-to-date: /home/thomas/MobileRobot/ws_new/install/diagnostic_msgs/include/diagnostic_msgs/diagnostic_msgs/msg/detail/diagnostic_array__type_support.hpp
[3.787s] -- Up-to-date: /home/thomas/MobileRobot/ws_new/install/diagnostic_msgs/include/diagnostic_msgs/diagnostic_msgs/msg/detail/diagnostic_array__traits.hpp
[3.787s] -- Up-to-date: /home/thomas/MobileRobot/ws_new/install/diagnostic_msgs/include/diagnostic_msgs/diagnostic_msgs/msg/detail/diagnostic_status__traits.hpp
[3.788s] -- Up-to-date: /home/thomas/MobileRobot/ws_new/install/diagnostic_msgs/include/diagnostic_msgs/diagnostic_msgs/msg/detail/diagnostic_array__struct.hpp
[3.788s] -- Up-to-date: /home/thomas/MobileRobot/ws_new/install/diagnostic_msgs/include/diagnostic_msgs/diagnostic_msgs/msg/detail/key_value__struct.hpp
[3.788s] -- Up-to-date: /home/thomas/MobileRobot/ws_new/install/diagnostic_msgs/include/diagnostic_msgs/diagnostic_msgs/msg/detail/diagnostic_status__struct.hpp
[3.789s] -- Up-to-date: /home/thomas/MobileRobot/ws_new/install/diagnostic_msgs/include/diagnostic_msgs/diagnostic_msgs/msg/detail/diagnostic_status__type_support.hpp
[3.789s] -- Up-to-date: /home/thomas/MobileRobot/ws_new/install/diagnostic_msgs/include/diagnostic_msgs/diagnostic_msgs/msg/detail/key_value__type_support.hpp
[3.790s] -- Up-to-date: /home/thomas/MobileRobot/ws_new/install/diagnostic_msgs/include/diagnostic_msgs/diagnostic_msgs/msg/detail/diagnostic_status__builder.hpp
[3.790s] -- Up-to-date: /home/thomas/MobileRobot/ws_new/install/diagnostic_msgs/include/diagnostic_msgs/diagnostic_msgs/msg/detail/key_value__builder.hpp
[3.790s] -- Up-to-date: /home/thomas/MobileRobot/ws_new/install/diagnostic_msgs/include/diagnostic_msgs/diagnostic_msgs/msg/detail/key_value__traits.hpp
[3.791s] -- Up-to-date: /home/thomas/MobileRobot/ws_new/install/diagnostic_msgs/include/diagnostic_msgs/diagnostic_msgs/msg/detail/diagnostic_array__builder.hpp
[3.791s] -- Up-to-date: /home/thomas/MobileRobot/ws_new/install/diagnostic_msgs/include/diagnostic_msgs/diagnostic_msgs/msg/key_value.hpp
[3.791s] -- Up-to-date: /home/thomas/MobileRobot/ws_new/install/diagnostic_msgs/include/diagnostic_msgs/diagnostic_msgs/msg/diagnostic_status.hpp
[3.792s] -- Up-to-date: /home/thomas/MobileRobot/ws_new/install/diagnostic_msgs/include/diagnostic_msgs/diagnostic_msgs/msg/diagnostic_array.hpp
[3.792s] -- Up-to-date: /home/thomas/MobileRobot/ws_new/install/diagnostic_msgs/include/diagnostic_msgs/diagnostic_msgs/msg/rosidl_generator_cpp__visibility_control.hpp
[3.792s] -- Up-to-date: /home/thomas/MobileRobot/ws_new/install/diagnostic_msgs/include/diagnostic_msgs/diagnostic_msgs
[3.793s] -- Up-to-date: /home/thomas/MobileRobot/ws_new/install/diagnostic_msgs/include/diagnostic_msgs/diagnostic_msgs/srv
[3.793s] -- Up-to-date: /home/thomas/MobileRobot/ws_new/install/diagnostic_msgs/include/diagnostic_msgs/diagnostic_msgs/srv/detail
[3.793s] -- Up-to-date: /home/thomas/MobileRobot/ws_new/install/diagnostic_msgs/include/diagnostic_msgs/diagnostic_msgs/srv/detail/self_test__rosidl_typesupport_fastrtps_cpp.hpp
[3.793s] -- Up-to-date: /home/thomas/MobileRobot/ws_new/install/diagnostic_msgs/include/diagnostic_msgs/diagnostic_msgs/srv/detail/add_diagnostics__rosidl_typesupport_fastrtps_cpp.hpp
[3.793s] -- Up-to-date: /home/thomas/MobileRobot/ws_new/install/diagnostic_msgs/include/diagnostic_msgs/diagnostic_msgs/srv/detail/dds_fastrtps
[3.794s] -- Up-to-date: /home/thomas/MobileRobot/ws_new/install/diagnostic_msgs/include/diagnostic_msgs/diagnostic_msgs/msg
[3.794s] -- Up-to-date: /home/thomas/MobileRobot/ws_new/install/diagnostic_msgs/include/diagnostic_msgs/diagnostic_msgs/msg/detail
[3.794s] -- Up-to-date: /home/thomas/MobileRobot/ws_new/install/diagnostic_msgs/include/diagnostic_msgs/diagnostic_msgs/msg/detail/diagnostic_status__rosidl_typesupport_fastrtps_cpp.hpp
[3.794s] -- Up-to-date: /home/thomas/MobileRobot/ws_new/install/diagnostic_msgs/include/diagnostic_msgs/diagnostic_msgs/msg/detail/diagnostic_array__rosidl_typesupport_fastrtps_cpp.hpp
[3.795s] -- Up-to-date: /home/thomas/MobileRobot/ws_new/install/diagnostic_msgs/include/diagnostic_msgs/diagnostic_msgs/msg/detail/dds_fastrtps
[3.795s] -- Up-to-date: /home/thomas/MobileRobot/ws_new/install/diagnostic_msgs/include/diagnostic_msgs/diagnostic_msgs/msg/detail/key_value__rosidl_typesupport_fastrtps_cpp.hpp
[3.795s] -- Up-to-date: /home/thomas/MobileRobot/ws_new/install/diagnostic_msgs/include/diagnostic_msgs/diagnostic_msgs/msg/rosidl_typesupport_fastrtps_cpp__visibility_control.h
[4.917s] -- Up-to-date: /home/thomas/MobileRobot/ws_new/install/diagnostic_msgs/lib/libdiagnostic_msgs__rosidl_typesupport_fastrtps_cpp.so
[4.918s] -- Up-to-date: /home/thomas/MobileRobot/ws_new/install/diagnostic_msgs/include/diagnostic_msgs/diagnostic_msgs
[4.919s] -- Up-to-date: /home/thomas/MobileRobot/ws_new/install/diagnostic_msgs/include/diagnostic_msgs/diagnostic_msgs/srv
[4.919s] -- Up-to-date: /home/thomas/MobileRobot/ws_new/install/diagnostic_msgs/include/diagnostic_msgs/diagnostic_msgs/srv/detail
[4.919s] -- Up-to-date: /home/thomas/MobileRobot/ws_new/install/diagnostic_msgs/include/diagnostic_msgs/diagnostic_msgs/srv/detail/add_diagnostics__type_support.cpp
[4.920s] -- Up-to-date: /home/thomas/MobileRobot/ws_new/install/diagnostic_msgs/include/diagnostic_msgs/diagnostic_msgs/srv/detail/self_test__rosidl_typesupport_introspection_cpp.hpp
[4.921s] -- Up-to-date: /home/thomas/MobileRobot/ws_new/install/diagnostic_msgs/include/diagnostic_msgs/diagnostic_msgs/srv/detail/self_test__type_support.cpp
[4.921s] -- Up-to-date: /home/thomas/MobileRobot/ws_new/install/diagnostic_msgs/include/diagnostic_msgs/diagnostic_msgs/srv/detail/add_diagnostics__rosidl_typesupport_introspection_cpp.hpp
[4.921s] -- Up-to-date: /home/thomas/MobileRobot/ws_new/install/diagnostic_msgs/include/diagnostic_msgs/diagnostic_msgs/msg
[4.921s] -- Up-to-date: /home/thomas/MobileRobot/ws_new/install/diagnostic_msgs/include/diagnostic_msgs/diagnostic_msgs/msg/detail
[4.922s] -- Up-to-date: /home/thomas/MobileRobot/ws_new/install/diagnostic_msgs/include/diagnostic_msgs/diagnostic_msgs/msg/detail/key_value__type_support.cpp
[4.922s] -- Up-to-date: /home/thomas/MobileRobot/ws_new/install/diagnostic_msgs/include/diagnostic_msgs/diagnostic_msgs/msg/detail/diagnostic_array__rosidl_typesupport_introspection_cpp.hpp
[4.922s] -- Up-to-date: /home/thomas/MobileRobot/ws_new/install/diagnostic_msgs/include/diagnostic_msgs/diagnostic_msgs/msg/detail/diagnostic_array__type_support.cpp
[4.923s] -- Up-to-date: /home/thomas/MobileRobot/ws_new/install/diagnostic_msgs/include/diagnostic_msgs/diagnostic_msgs/msg/detail/key_value__rosidl_typesupport_introspection_cpp.hpp
[4.923s] -- Up-to-date: /home/thomas/MobileRobot/ws_new/install/diagnostic_msgs/include/diagnostic_msgs/diagnostic_msgs/msg/detail/diagnostic_status__rosidl_typesupport_introspection_cpp.hpp
[4.924s] -- Up-to-date: /home/thomas/MobileRobot/ws_new/install/diagnostic_msgs/include/diagnostic_msgs/diagnostic_msgs/msg/detail/diagnostic_status__type_support.cpp
[5.384s] -- Up-to-date: /home/thomas/MobileRobot/ws_new/install/diagnostic_msgs/lib/libdiagnostic_msgs__rosidl_typesupport_introspection_cpp.so
[5.610s] -- Up-to-date: /home/thomas/MobileRobot/ws_new/install/diagnostic_msgs/lib/libdiagnostic_msgs__rosidl_typesupport_cpp.so
[5.611s] -- Up-to-date: /home/thomas/MobileRobot/ws_new/install/diagnostic_msgs/share/diagnostic_msgs/environment/pythonpath.sh
[5.611s] -- Up-to-date: /home/thomas/MobileRobot/ws_new/install/diagnostic_msgs/share/diagnostic_msgs/environment/pythonpath.dsv
[5.660s] -- Up-to-date: /home/thomas/MobileRobot/ws_new/install/diagnostic_msgs/lib/python3.12/site-packages/diagnostic_msgs-5.3.6-py3.12.egg-info
[5.661s] -- Installing: /home/thomas/MobileRobot/ws_new/install/diagnostic_msgs/lib/python3.12/site-packages/diagnostic_msgs-5.3.6-py3.12.egg-info/top_level.txt
[5.662s] -- Installing: /home/thomas/MobileRobot/ws_new/install/diagnostic_msgs/lib/python3.12/site-packages/diagnostic_msgs-5.3.6-py3.12.egg-info/SOURCES.txt
[5.662s] -- Installing: /home/thomas/MobileRobot/ws_new/install/diagnostic_msgs/lib/python3.12/site-packages/diagnostic_msgs-5.3.6-py3.12.egg-info/dependency_links.txt
[5.662s] -- Installing: /home/thomas/MobileRobot/ws_new/install/diagnostic_msgs/lib/python3.12/site-packages/diagnostic_msgs-5.3.6-py3.12.egg-info/PKG-INFO
[5.662s] -- Up-to-date: /home/thomas/MobileRobot/ws_new/install/diagnostic_msgs/lib/python3.12/site-packages/diagnostic_msgs
[5.665s] -- Up-to-date: /home/thomas/MobileRobot/ws_new/install/diagnostic_msgs/lib/python3.12/site-packages/diagnostic_msgs/__init__.py
[5.665s] -- Up-to-date: /home/thomas/MobileRobot/ws_new/install/diagnostic_msgs/lib/python3.12/site-packages/diagnostic_msgs/diagnostic_msgs_s__rosidl_typesupport_introspection_c.so
[5.665s] -- Up-to-date: /home/thomas/MobileRobot/ws_new/install/diagnostic_msgs/lib/python3.12/site-packages/diagnostic_msgs/srv
[5.678s] -- Up-to-date: /home/thomas/MobileRobot/ws_new/install/diagnostic_msgs/lib/python3.12/site-packages/diagnostic_msgs/srv/_self_test_s.c
[5.678s] -- Up-to-date: /home/thomas/MobileRobot/ws_new/install/diagnostic_msgs/lib/python3.12/site-packages/diagnostic_msgs/srv/__init__.py
[5.678s] -- Up-to-date: /home/thomas/MobileRobot/ws_new/install/diagnostic_msgs/lib/python3.12/site-packages/diagnostic_msgs/srv/_self_test.py
[5.678s] -- Up-to-date: /home/thomas/MobileRobot/ws_new/install/diagnostic_msgs/lib/python3.12/site-packages/diagnostic_msgs/srv/_add_diagnostics.py
[5.678s] -- Up-to-date: /home/thomas/MobileRobot/ws_new/install/diagnostic_msgs/lib/python3.12/site-packages/diagnostic_msgs/srv/_add_diagnostics_s.c
[5.679s] -- Up-to-date: /home/thomas/MobileRobot/ws_new/install/diagnostic_msgs/lib/python3.12/site-packages/diagnostic_msgs/diagnostic_msgs_s__rosidl_typesupport_fastrtps_c.so
[5.679s] -- Up-to-date: /home/thomas/MobileRobot/ws_new/install/diagnostic_msgs/lib/python3.12/site-packages/diagnostic_msgs/msg
[5.690s] -- Up-to-date: /home/thomas/MobileRobot/ws_new/install/diagnostic_msgs/lib/python3.12/site-packages/diagnostic_msgs/msg/_diagnostic_status.py
[5.690s] -- Up-to-date: /home/thomas/MobileRobot/ws_new/install/diagnostic_msgs/lib/python3.12/site-packages/diagnostic_msgs/msg/_diagnostic_array.py
[5.691s] -- Up-to-date: /home/thomas/MobileRobot/ws_new/install/diagnostic_msgs/lib/python3.12/site-packages/diagnostic_msgs/msg/__init__.py
[5.691s] -- Up-to-date: /home/thomas/MobileRobot/ws_new/install/diagnostic_msgs/lib/python3.12/site-packages/diagnostic_msgs/msg/_key_value_s.c
[5.691s] -- Up-to-date: /home/thomas/MobileRobot/ws_new/install/diagnostic_msgs/lib/python3.12/site-packages/diagnostic_msgs/msg/_diagnostic_array_s.c
[5.691s] -- Up-to-date: /home/thomas/MobileRobot/ws_new/install/diagnostic_msgs/lib/python3.12/site-packages/diagnostic_msgs/msg/_diagnostic_status_s.c
[5.691s] -- Up-to-date: /home/thomas/MobileRobot/ws_new/install/diagnostic_msgs/lib/python3.12/site-packages/diagnostic_msgs/msg/_key_value.py
[5.691s] -- Up-to-date: /home/thomas/MobileRobot/ws_new/install/diagnostic_msgs/lib/python3.12/site-packages/diagnostic_msgs/diagnostic_msgs_s__rosidl_typesupport_c.so
[5.691s] -- Up-to-date: /home/thomas/MobileRobot/ws_new/install/diagnostic_msgs/lib/python3.12/site-packages/diagnostic_msgs/_diagnostic_msgs_s.ep.rosidl_typesupport_introspection_c.c
[5.691s] -- Up-to-date: /home/thomas/MobileRobot/ws_new/install/diagnostic_msgs/lib/python3.12/site-packages/diagnostic_msgs/_diagnostic_msgs_s.ep.rosidl_typesupport_c.c
[5.691s] -- Up-to-date: /home/thomas/MobileRobot/ws_new/install/diagnostic_msgs/lib/python3.12/site-packages/diagnostic_msgs/_diagnostic_msgs_s.ep.rosidl_typesupport_fastrtps_c.c
[5.856s] Listing '/home/thomas/MobileRobot/ws_new/install/diagnostic_msgs/lib/python3.12/site-packages/diagnostic_msgs'...
[5.856s] Listing '/home/thomas/MobileRobot/ws_new/install/diagnostic_msgs/lib/python3.12/site-packages/diagnostic_msgs/msg'...
[5.857s] Listing '/home/thomas/MobileRobot/ws_new/install/diagnostic_msgs/lib/python3.12/site-packages/diagnostic_msgs/srv'...
[5.874s] -- Up-to-date: /home/thomas/MobileRobot/ws_new/install/diagnostic_msgs/lib/python3.12/site-packages/diagnostic_msgs/diagnostic_msgs_s__rosidl_typesupport_fastrtps_c.so
[5.945s] -- Up-to-date: /home/thomas/MobileRobot/ws_new/install/diagnostic_msgs/lib/python3.12/site-packages/diagnostic_msgs/diagnostic_msgs_s__rosidl_typesupport_introspection_c.so
[5.956s] -- Up-to-date: /home/thomas/MobileRobot/ws_new/install/diagnostic_msgs/lib/python3.12/site-packages/diagnostic_msgs/diagnostic_msgs_s__rosidl_typesupport_c.so
[5.995s] -- Up-to-date: /home/thomas/MobileRobot/ws_new/install/diagnostic_msgs/lib/libdiagnostic_msgs__rosidl_generator_py.so
[5.995s] -- Up-to-date: /home/thomas/MobileRobot/ws_new/install/diagnostic_msgs/share/diagnostic_msgs/msg/DiagnosticArray.idl
[5.996s] -- Up-to-date: /home/thomas/MobileRobot/ws_new/install/diagnostic_msgs/share/diagnostic_msgs/msg/DiagnosticStatus.idl
[5.996s] -- Up-to-date: /home/thomas/MobileRobot/ws_new/install/diagnostic_msgs/share/diagnostic_msgs/msg/KeyValue.idl
[5.996s] -- Up-to-date: /home/thomas/MobileRobot/ws_new/install/diagnostic_msgs/share/diagnostic_msgs/srv/AddDiagnostics.idl
[5.996s] -- Up-to-date: /home/thomas/MobileRobot/ws_new/install/diagnostic_msgs/share/diagnostic_msgs/srv/SelfTest.idl
[5.996s] -- Up-to-date: /home/thomas/MobileRobot/ws_new/install/diagnostic_msgs/share/diagnostic_msgs/msg/DiagnosticArray.msg
[5.997s] -- Up-to-date: /home/thomas/MobileRobot/ws_new/install/diagnostic_msgs/share/diagnostic_msgs/msg/DiagnosticStatus.msg
[5.997s] -- Up-to-date: /home/thomas/MobileRobot/ws_new/install/diagnostic_msgs/share/diagnostic_msgs/msg/KeyValue.msg
[5.997s] -- Up-to-date: /home/thomas/MobileRobot/ws_new/install/diagnostic_msgs/share/diagnostic_msgs/srv/AddDiagnostics.srv
[5.997s] -- Up-to-date: /home/thomas/MobileRobot/ws_new/install/diagnostic_msgs/share/diagnostic_msgs/srv/SelfTest.srv
[6.006s] -- Up-to-date: /home/thomas/MobileRobot/ws_new/install/diagnostic_msgs/share/ament_index/resource_index/package_run_dependencies/diagnostic_msgs
[6.006s] -- Up-to-date: /home/thomas/MobileRobot/ws_new/install/diagnostic_msgs/share/ament_index/resource_index/parent_prefix_path/diagnostic_msgs
[6.006s] -- Up-to-date: /home/thomas/MobileRobot/ws_new/install/diagnostic_msgs/share/diagnostic_msgs/environment/ament_prefix_path.sh
[6.006s] -- Up-to-date: /home/thomas/MobileRobot/ws_new/install/diagnostic_msgs/share/diagnostic_msgs/environment/ament_prefix_path.dsv
[6.007s] -- Up-to-date: /home/thomas/MobileRobot/ws_new/install/diagnostic_msgs/share/diagnostic_msgs/environment/path.sh
[6.007s] -- Up-to-date: /home/thomas/MobileRobot/ws_new/install/diagnostic_msgs/share/diagnostic_msgs/environment/path.dsv
[6.007s] -- Up-to-date: /home/thomas/MobileRobot/ws_new/install/diagnostic_msgs/share/diagnostic_msgs/local_setup.bash
[6.007s] -- Up-to-date: /home/thomas/MobileRobot/ws_new/install/diagnostic_msgs/share/diagnostic_msgs/local_setup.sh
[6.007s] -- Up-to-date: /home/thomas/MobileRobot/ws_new/install/diagnostic_msgs/share/diagnostic_msgs/local_setup.zsh
[6.007s] -- Up-to-date: /home/thomas/MobileRobot/ws_new/install/diagnostic_msgs/share/diagnostic_msgs/local_setup.dsv
[6.007s] -- Installing: /home/thomas/MobileRobot/ws_new/install/diagnostic_msgs/share/diagnostic_msgs/package.dsv
[6.038s] -- Up-to-date: /home/thomas/MobileRobot/ws_new/install/diagnostic_msgs/share/ament_index/resource_index/packages/diagnostic_msgs
[6.460s] -- Up-to-date: /home/thomas/MobileRobot/ws_new/install/diagnostic_msgs/share/diagnostic_msgs/cmake/export_diagnostic_msgs__rosidl_generator_cExport.cmake
[6.460s] -- Up-to-date: /home/thomas/MobileRobot/ws_new/install/diagnostic_msgs/share/diagnostic_msgs/cmake/export_diagnostic_msgs__rosidl_generator_cExport-noconfig.cmake
[6.516s] -- Up-to-date: /home/thomas/MobileRobot/ws_new/install/diagnostic_msgs/share/diagnostic_msgs/cmake/export_diagnostic_msgs__rosidl_typesupport_fastrtps_cExport.cmake
[6.517s] -- Up-to-date: /home/thomas/MobileRobot/ws_new/install/diagnostic_msgs/share/diagnostic_msgs/cmake/export_diagnostic_msgs__rosidl_typesupport_fastrtps_cExport-noconfig.cmake
[6.525s] -- Up-to-date: /home/thomas/MobileRobot/ws_new/install/diagnostic_msgs/share/diagnostic_msgs/cmake/diagnostic_msgs__rosidl_typesupport_introspection_cExport.cmake
[6.526s] -- Up-to-date: /home/thomas/MobileRobot/ws_new/install/diagnostic_msgs/share/diagnostic_msgs/cmake/diagnostic_msgs__rosidl_typesupport_introspection_cExport-noconfig.cmake
[6.544s] -- Up-to-date: /home/thomas/MobileRobot/ws_new/install/diagnostic_msgs/share/diagnostic_msgs/cmake/diagnostic_msgs__rosidl_typesupport_cExport.cmake
[6.545s] -- Up-to-date: /home/thomas/MobileRobot/ws_new/install/diagnostic_msgs/share/diagnostic_msgs/cmake/diagnostic_msgs__rosidl_typesupport_cExport-noconfig.cmake
[6.546s] -- Up-to-date: /home/thomas/MobileRobot/ws_new/install/diagnostic_msgs/share/diagnostic_msgs/cmake/export_diagnostic_msgs__rosidl_generator_cppExport.cmake
[6.555s] -- Up-to-date: /home/thomas/MobileRobot/ws_new/install/diagnostic_msgs/share/diagnostic_msgs/cmake/export_diagnostic_msgs__rosidl_typesupport_fastrtps_cppExport.cmake
[6.555s] -- Up-to-date: /home/thomas/MobileRobot/ws_new/install/diagnostic_msgs/share/diagnostic_msgs/cmake/export_diagnostic_msgs__rosidl_typesupport_fastrtps_cppExport-noconfig.cmake
[6.565s] -- Up-to-date: /home/thomas/MobileRobot/ws_new/install/diagnostic_msgs/share/diagnostic_msgs/cmake/diagnostic_msgs__rosidl_typesupport_introspection_cppExport.cmake
[6.565s] -- Up-to-date: /home/thomas/MobileRobot/ws_new/install/diagnostic_msgs/share/diagnostic_msgs/cmake/diagnostic_msgs__rosidl_typesupport_introspection_cppExport-noconfig.cmake
[6.566s] -- Up-to-date: /home/thomas/MobileRobot/ws_new/install/diagnostic_msgs/share/diagnostic_msgs/cmake/diagnostic_msgs__rosidl_typesupport_cppExport.cmake
[6.566s] -- Up-to-date: /home/thomas/MobileRobot/ws_new/install/diagnostic_msgs/share/diagnostic_msgs/cmake/diagnostic_msgs__rosidl_typesupport_cppExport-noconfig.cmake
[6.568s] -- Up-to-date: /home/thomas/MobileRobot/ws_new/install/diagnostic_msgs/share/diagnostic_msgs/cmake/export_diagnostic_msgs__rosidl_generator_pyExport.cmake
[6.568s] -- Up-to-date: /home/thomas/MobileRobot/ws_new/install/diagnostic_msgs/share/diagnostic_msgs/cmake/export_diagnostic_msgs__rosidl_generator_pyExport-noconfig.cmake
[6.569s] -- Up-to-date: /home/thomas/MobileRobot/ws_new/install/diagnostic_msgs/share/diagnostic_msgs/cmake/rosidl_cmake-extras.cmake
[6.569s] -- Up-to-date: /home/thomas/MobileRobot/ws_new/install/diagnostic_msgs/share/diagnostic_msgs/cmake/ament_cmake_export_dependencies-extras.cmake
[6.569s] -- Up-to-date: /home/thomas/MobileRobot/ws_new/install/diagnostic_msgs/share/diagnostic_msgs/cmake/ament_cmake_export_include_directories-extras.cmake
[6.569s] -- Up-to-date: /home/thomas/MobileRobot/ws_new/install/diagnostic_msgs/share/diagnostic_msgs/cmake/ament_cmake_export_libraries-extras.cmake
[6.569s] -- Up-to-date: /home/thomas/MobileRobot/ws_new/install/diagnostic_msgs/share/diagnostic_msgs/cmake/ament_cmake_export_targets-extras.cmake
[6.570s] -- Up-to-date: /home/thomas/MobileRobot/ws_new/install/diagnostic_msgs/share/diagnostic_msgs/cmake/rosidl_cmake_export_typesupport_targets-extras.cmake
[6.570s] -- Up-to-date: /home/thomas/MobileRobot/ws_new/install/diagnostic_msgs/share/diagnostic_msgs/cmake/rosidl_cmake_export_typesupport_libraries-extras.cmake
[6.570s] -- Up-to-date: /home/thomas/MobileRobot/ws_new/install/diagnostic_msgs/share/diagnostic_msgs/cmake/diagnostic_msgsConfig.cmake
[6.570s] -- Up-to-date: /home/thomas/MobileRobot/ws_new/install/diagnostic_msgs/share/diagnostic_msgs/cmake/diagnostic_msgsConfig-version.cmake
[6.570s] -- Up-to-date: /home/thomas/MobileRobot/ws_new/install/diagnostic_msgs/share/diagnostic_msgs/package.xml
[6.584s] Invoked command in '/home/thomas/MobileRobot/ws_new/build/diagnostic_msgs' returned '0': AMENT_PREFIX_PATH=/home/thomas/MobileRobot/ws_new/install/geometry_msgs:/home/thomas/MobileRobot/ws_new/install/std_msgs:${AMENT_PREFIX_PATH} CMAKE_PREFIX_PATH=/home/thomas/MobileRobot/ws_new/install/geometry_msgs:/home/thomas/MobileRobot/ws_new/install/std_msgs:/opt/ros/jazzy/opt/gz_sim_vendor:/opt/ros/jazzy/opt/gz_sensors_vendor:/opt/ros/jazzy/opt/gz_physics_vendor:/opt/ros/jazzy/opt/sdformat_vendor:/opt/ros/jazzy/opt/gz_gui_vendor:/opt/ros/jazzy/opt/gz_transport_vendor:/opt/ros/jazzy/opt/gz_rendering_vendor:/opt/ros/jazzy/opt/gz_plugin_vendor:/opt/ros/jazzy/opt/gz_fuel_tools_vendor:/opt/ros/jazzy/opt/gz_msgs_vendor:/opt/ros/jazzy/opt/gz_common_vendor:/opt/ros/jazzy/opt/gz_math_vendor:/opt/ros/jazzy/opt/gz_utils_vendor:/opt/ros/jazzy/opt/gz_tools_vendor:/opt/ros/jazzy/opt/gz_ogre_next_vendor:/opt/ros/jazzy/opt/gz_dartsim_vendor:/opt/ros/jazzy/opt/gz_cmake_vendor:/home/thomas/dev_ws/install/basic_mobile_robot:/opt/ros/jazzy DEBUGINFOD_URLS=https://debuginfod.ubuntu.com LD_LIBRARY_PATH=/home/thomas/MobileRobot/ws_new/install/geometry_msgs/lib:/home/thomas/MobileRobot/ws_new/install/std_msgs/lib:${LD_LIBRARY_PATH} PYTHONPATH=/home/thomas/MobileRobot/ws_new/install/geometry_msgs/lib/python3.12/site-packages:/home/thomas/MobileRobot/ws_new/install/std_msgs/lib/python3.12/site-packages:${PYTHONPATH} /usr/bin/cmake --install /home/thomas/MobileRobot/ws_new/build/diagnostic_msgs
