[3.593s] Invoking command in '/home/thomas/MobileRobot/ws_new/src/navigation': DEBUGINFOD_URLS=https://debuginfod.ubuntu.com PYTHONPATH=/home/thomas/MobileRobot/ws_new/build/navigation/prefix_override:/usr/lib/python3/dist-packages/colcon_core/task/python/colcon_distutils_commands:/home/thomas/MobileRobot/ws_new/install/navigation/lib/python3.12/site-packages:${PYTHONPATH} /usr/bin/python3 -W ignore:setup.py install is deprecated -W ignore:easy_install command is deprecated setup.py egg_info --egg-base ../../build/navigation build --build-base /home/thomas/MobileRobot/ws_new/build/navigation/build install --record /home/thomas/MobileRobot/ws_new/build/navigation/install.log --single-version-externally-managed install_data
[4.760s] running egg_info
[4.865s] writing ../../build/navigation/navigation.egg-info/PKG-INFO
[4.866s] writing dependency_links to ../../build/navigation/navigation.egg-info/dependency_links.txt
[4.867s] writing entry points to ../../build/navigation/navigation.egg-info/entry_points.txt
[4.867s] writing requirements to ../../build/navigation/navigation.egg-info/requires.txt
[4.867s] writing top-level names to ../../build/navigation/navigation.egg-info/top_level.txt
[5.101s] reading manifest file '../../build/navigation/navigation.egg-info/SOURCES.txt'
[5.103s] writing manifest file '../../build/navigation/navigation.egg-info/SOURCES.txt'
[5.105s] running build
[5.107s] running build_py
[5.107s] running install
[5.131s] running install_lib
[5.228s] running install_data
[5.230s] running install_egg_info
[5.340s] removing '/home/thomas/MobileRobot/ws_new/install/navigation/lib/python3.12/site-packages/navigation-0.0.0-py3.12.egg-info' (and everything under it)
[5.343s] Copying ../../build/navigation/navigation.egg-info to /home/thomas/MobileRobot/ws_new/install/navigation/lib/python3.12/site-packages/navigation-0.0.0-py3.12.egg-info
[5.345s] running install_scripts
[5.971s] Installing gps_path_follow script to /home/thomas/MobileRobot/ws_new/install/navigation/lib/navigation
[5.972s] Installing gps_waypoint_sender script to /home/thomas/MobileRobot/ws_new/install/navigation/lib/navigation
[5.972s] Installing nav_node script to /home/thomas/MobileRobot/ws_new/install/navigation/lib/navigation
[5.973s] Installing waypoint_follow script to /home/thomas/MobileRobot/ws_new/install/navigation/lib/navigation
[5.975s] writing list of installed files to '/home/thomas/MobileRobot/ws_new/build/navigation/install.log'
[6.084s] Invoked command in '/home/thomas/MobileRobot/ws_new/src/navigation' returned '0': DEBUGINFOD_URLS=https://debuginfod.ubuntu.com PYTHONPATH=/home/thomas/MobileRobot/ws_new/build/navigation/prefix_override:/usr/lib/python3/dist-packages/colcon_core/task/python/colcon_distutils_commands:/home/thomas/MobileRobot/ws_new/install/navigation/lib/python3.12/site-packages:${PYTHONPATH} /usr/bin/python3 -W ignore:setup.py install is deprecated -W ignore:easy_install command is deprecated setup.py egg_info --egg-base ../../build/navigation build --build-base /home/thomas/MobileRobot/ws_new/build/navigation/build install --record /home/thomas/MobileRobot/ws_new/build/navigation/install.log --single-version-externally-managed install_data
