[6.927s] Invoking command in '/home/thomas/MobileRobot/ws_new/src/navigation': DEBUGINFOD_URLS=https://debuginfod.ubuntu.com PYTHONPATH=/home/thomas/MobileRobot/ws_new/build/navigation/prefix_override:/usr/lib/python3/dist-packages/colcon_core/task/python/colcon_distutils_commands:/home/thomas/MobileRobot/ws_new/install/navigation/lib/python3.12/site-packages:${PYTHONPATH} /usr/bin/python3 -W ignore:setup.py install is deprecated -W ignore:easy_install command is deprecated setup.py egg_info --egg-base ../../build/navigation build --build-base /home/thomas/MobileRobot/ws_new/build/navigation/build install --record /home/thomas/MobileRobot/ws_new/build/navigation/install.log --single-version-externally-managed install_data
[9.002s] running egg_info
[9.134s] writing ../../build/navigation/navigation.egg-info/PKG-INFO
[9.139s] writing dependency_links to ../../build/navigation/navigation.egg-info/dependency_links.txt
[9.140s] writing entry points to ../../build/navigation/navigation.egg-info/entry_points.txt
[9.141s] writing requirements to ../../build/navigation/navigation.egg-info/requires.txt
[9.141s] writing top-level names to ../../build/navigation/navigation.egg-info/top_level.txt
[9.448s] reading manifest file '../../build/navigation/navigation.egg-info/SOURCES.txt'
[9.458s] writing manifest file '../../build/navigation/navigation.egg-info/SOURCES.txt'
[9.459s] running build
[9.459s] running build_py
[9.464s] running install
[9.503s] running install_lib
[9.705s] running install_data
[9.706s] running install_egg_info
[9.862s] removing '/home/thomas/MobileRobot/ws_new/install/navigation/lib/python3.12/site-packages/navigation-0.0.0-py3.12.egg-info' (and everything under it)
[9.862s] Copying ../../build/navigation/navigation.egg-info to /home/thomas/MobileRobot/ws_new/install/navigation/lib/python3.12/site-packages/navigation-0.0.0-py3.12.egg-info
[9.872s] running install_scripts
[10.737s] Installing gps_path_follow script to /home/thomas/MobileRobot/ws_new/install/navigation/lib/navigation
[10.737s] Installing nav_node script to /home/thomas/MobileRobot/ws_new/install/navigation/lib/navigation
[10.738s] Installing waypoint_follow script to /home/thomas/MobileRobot/ws_new/install/navigation/lib/navigation
[10.738s] writing list of installed files to '/home/thomas/MobileRobot/ws_new/build/navigation/install.log'
[10.875s] Invoked command in '/home/thomas/MobileRobot/ws_new/src/navigation' returned '0': DEBUGINFOD_URLS=https://debuginfod.ubuntu.com PYTHONPATH=/home/thomas/MobileRobot/ws_new/build/navigation/prefix_override:/usr/lib/python3/dist-packages/colcon_core/task/python/colcon_distutils_commands:/home/thomas/MobileRobot/ws_new/install/navigation/lib/python3.12/site-packages:${PYTHONPATH} /usr/bin/python3 -W ignore:setup.py install is deprecated -W ignore:easy_install command is deprecated setup.py egg_info --egg-base ../../build/navigation build --build-base /home/thomas/MobileRobot/ws_new/build/navigation/build install --record /home/thomas/MobileRobot/ws_new/build/navigation/install.log --single-version-externally-managed install_data
