[  1%] Built target actionlib_msgs__rosidl_generator_type_description
[  3%] Built target actionlib_msgs__cpp
[ 24%] Built target actionlib_msgs__rosidl_generator_c
[ 24%] Built target ament_cmake_python_copy_actionlib_msgs
[ 33%] Built target actionlib_msgs__rosidl_typesupport_c
[ 48%] Built target actionlib_msgs__rosidl_typesupport_cpp
[ 51%] Built target actionlib_msgs__rosidl_typesupport_introspection_cpp
[ 61%] Built target actionlib_msgs__rosidl_typesupport_introspection_c
[ 70%] Built target actionlib_msgs__rosidl_typesupport_fastrtps_c
[ 79%] Built target actionlib_msgs__rosidl_typesupport_fastrtps_cpp
[ 79%] Built target actionlib_msgs
[ 81%] Built target actionlib_msgs__py
[ 88%] Built target actionlib_msgs__rosidl_generator_py
[ 92%] Built target actionlib_msgs_s__rosidl_typesupport_fastrtps_c
[ 96%] Built target actionlib_msgs_s__rosidl_typesupport_introspection_c
[100%] Built target actionlib_msgs_s__rosidl_typesupport_c
running egg_info
writing actionlib_msgs.egg-info/PKG-INFO
writing dependency_links to actionlib_msgs.egg-info/dependency_links.txt
writing top-level names to actionlib_msgs.egg-info/top_level.txt
reading manifest file 'actionlib_msgs.egg-info/SOURCES.txt'
writing manifest file 'actionlib_msgs.egg-info/SOURCES.txt'
[100%] Built target ament_cmake_python_build_actionlib_msgs_egg
-- Install configuration: ""
-- Up-to-date: /home/thomas/MobileRobot/ws_new/install/actionlib_msgs/share/ament_index/resource_index/rosidl_interfaces/actionlib_msgs
-- Up-to-date: /home/thomas/MobileRobot/ws_new/install/actionlib_msgs/share/actionlib_msgs/msg/GoalID.json
-- Up-to-date: /home/thomas/MobileRobot/ws_new/install/actionlib_msgs/share/actionlib_msgs/msg/GoalStatus.json
-- Up-to-date: /home/thomas/MobileRobot/ws_new/install/actionlib_msgs/share/actionlib_msgs/msg/GoalStatusArray.json
-- Up-to-date: /home/thomas/MobileRobot/ws_new/install/actionlib_msgs/include/actionlib_msgs/actionlib_msgs
-- Up-to-date: /home/thomas/MobileRobot/ws_new/install/actionlib_msgs/include/actionlib_msgs/actionlib_msgs/msg
-- Up-to-date: /home/thomas/MobileRobot/ws_new/install/actionlib_msgs/include/actionlib_msgs/actionlib_msgs/msg/detail
-- Up-to-date: /home/thomas/MobileRobot/ws_new/install/actionlib_msgs/include/actionlib_msgs/actionlib_msgs/msg/detail/goal_id__type_support.h
-- Up-to-date: /home/thomas/MobileRobot/ws_new/install/actionlib_msgs/include/actionlib_msgs/actionlib_msgs/msg/detail/goal_status_array__type_support.h
-- Up-to-date: /home/thomas/MobileRobot/ws_new/install/actionlib_msgs/include/actionlib_msgs/actionlib_msgs/msg/detail/goal_status__description.c
-- Up-to-date: /home/thomas/MobileRobot/ws_new/install/actionlib_msgs/include/actionlib_msgs/actionlib_msgs/msg/detail/goal_id__struct.h
-- Up-to-date: /home/thomas/MobileRobot/ws_new/install/actionlib_msgs/include/actionlib_msgs/actionlib_msgs/msg/detail/goal_id__functions.h
-- Up-to-date: /home/thomas/MobileRobot/ws_new/install/actionlib_msgs/include/actionlib_msgs/actionlib_msgs/msg/detail/goal_status__struct.h
-- Up-to-date: /home/thomas/MobileRobot/ws_new/install/actionlib_msgs/include/actionlib_msgs/actionlib_msgs/msg/detail/goal_status__type_support.h
-- Up-to-date: /home/thomas/MobileRobot/ws_new/install/actionlib_msgs/include/actionlib_msgs/actionlib_msgs/msg/detail/goal_id__description.c
-- Up-to-date: /home/thomas/MobileRobot/ws_new/install/actionlib_msgs/include/actionlib_msgs/actionlib_msgs/msg/detail/goal_status__functions.h
-- Up-to-date: /home/thomas/MobileRobot/ws_new/install/actionlib_msgs/include/actionlib_msgs/actionlib_msgs/msg/detail/goal_status__functions.c
-- Up-to-date: /home/thomas/MobileRobot/ws_new/install/actionlib_msgs/include/actionlib_msgs/actionlib_msgs/msg/detail/goal_status_array__description.c
-- Up-to-date: /home/thomas/MobileRobot/ws_new/install/actionlib_msgs/include/actionlib_msgs/actionlib_msgs/msg/detail/goal_id__functions.c
-- Installing: /home/thomas/MobileRobot/ws_new/install/actionlib_msgs/include/actionlib_msgs/actionlib_msgs/msg/detail/goal_id__type_support.c
-- Installing: /home/thomas/MobileRobot/ws_new/install/actionlib_msgs/include/actionlib_msgs/actionlib_msgs/msg/detail/goal_status__type_support.c
-- Up-to-date: /home/thomas/MobileRobot/ws_new/install/actionlib_msgs/include/actionlib_msgs/actionlib_msgs/msg/detail/goal_status_array__struct.h
-- Up-to-date: /home/thomas/MobileRobot/ws_new/install/actionlib_msgs/include/actionlib_msgs/actionlib_msgs/msg/detail/goal_status_array__functions.h
-- Installing: /home/thomas/MobileRobot/ws_new/install/actionlib_msgs/include/actionlib_msgs/actionlib_msgs/msg/detail/goal_status_array__type_support.c
-- Up-to-date: /home/thomas/MobileRobot/ws_new/install/actionlib_msgs/include/actionlib_msgs/actionlib_msgs/msg/detail/goal_status_array__functions.c
-- Up-to-date: /home/thomas/MobileRobot/ws_new/install/actionlib_msgs/include/actionlib_msgs/actionlib_msgs/msg/goal_id.h
-- Up-to-date: /home/thomas/MobileRobot/ws_new/install/actionlib_msgs/include/actionlib_msgs/actionlib_msgs/msg/rosidl_generator_c__visibility_control.h
-- Up-to-date: /home/thomas/MobileRobot/ws_new/install/actionlib_msgs/include/actionlib_msgs/actionlib_msgs/msg/goal_status_array.h
-- Up-to-date: /home/thomas/MobileRobot/ws_new/install/actionlib_msgs/include/actionlib_msgs/actionlib_msgs/msg/goal_status.h
-- Up-to-date: /home/thomas/MobileRobot/ws_new/install/actionlib_msgs/share/actionlib_msgs/environment/library_path.sh
-- Up-to-date: /home/thomas/MobileRobot/ws_new/install/actionlib_msgs/share/actionlib_msgs/environment/library_path.dsv
-- Up-to-date: /home/thomas/MobileRobot/ws_new/install/actionlib_msgs/lib/libactionlib_msgs__rosidl_generator_c.so
-- Up-to-date: /home/thomas/MobileRobot/ws_new/install/actionlib_msgs/include/actionlib_msgs/actionlib_msgs
-- Up-to-date: /home/thomas/MobileRobot/ws_new/install/actionlib_msgs/include/actionlib_msgs/actionlib_msgs/msg
-- Up-to-date: /home/thomas/MobileRobot/ws_new/install/actionlib_msgs/include/actionlib_msgs/actionlib_msgs/msg/detail
-- Up-to-date: /home/thomas/MobileRobot/ws_new/install/actionlib_msgs/include/actionlib_msgs/actionlib_msgs/msg/detail/goal_status_array__rosidl_typesupport_fastrtps_c.h
-- Up-to-date: /home/thomas/MobileRobot/ws_new/install/actionlib_msgs/include/actionlib_msgs/actionlib_msgs/msg/detail/goal_status__rosidl_typesupport_fastrtps_c.h
-- Up-to-date: /home/thomas/MobileRobot/ws_new/install/actionlib_msgs/include/actionlib_msgs/actionlib_msgs/msg/detail/goal_id__rosidl_typesupport_fastrtps_c.h
-- Up-to-date: /home/thomas/MobileRobot/ws_new/install/actionlib_msgs/include/actionlib_msgs/actionlib_msgs/msg/rosidl_typesupport_fastrtps_c__visibility_control.h
-- Up-to-date: /home/thomas/MobileRobot/ws_new/install/actionlib_msgs/lib/libactionlib_msgs__rosidl_typesupport_fastrtps_c.so
-- Up-to-date: /home/thomas/MobileRobot/ws_new/install/actionlib_msgs/include/actionlib_msgs/actionlib_msgs
-- Up-to-date: /home/thomas/MobileRobot/ws_new/install/actionlib_msgs/include/actionlib_msgs/actionlib_msgs/msg
-- Up-to-date: /home/thomas/MobileRobot/ws_new/install/actionlib_msgs/include/actionlib_msgs/actionlib_msgs/msg/detail
-- Up-to-date: /home/thomas/MobileRobot/ws_new/install/actionlib_msgs/include/actionlib_msgs/actionlib_msgs/msg/detail/goal_id__builder.hpp
-- Up-to-date: /home/thomas/MobileRobot/ws_new/install/actionlib_msgs/include/actionlib_msgs/actionlib_msgs/msg/detail/goal_status__traits.hpp
-- Up-to-date: /home/thomas/MobileRobot/ws_new/install/actionlib_msgs/include/actionlib_msgs/actionlib_msgs/msg/detail/goal_status__type_support.hpp
-- Up-to-date: /home/thomas/MobileRobot/ws_new/install/actionlib_msgs/include/actionlib_msgs/actionlib_msgs/msg/detail/goal_status_array__traits.hpp
-- Up-to-date: /home/thomas/MobileRobot/ws_new/install/actionlib_msgs/include/actionlib_msgs/actionlib_msgs/msg/detail/goal_id__type_support.hpp
-- Up-to-date: /home/thomas/MobileRobot/ws_new/install/actionlib_msgs/include/actionlib_msgs/actionlib_msgs/msg/detail/goal_status_array__builder.hpp
-- Up-to-date: /home/thomas/MobileRobot/ws_new/install/actionlib_msgs/include/actionlib_msgs/actionlib_msgs/msg/detail/goal_status_array__struct.hpp
-- Up-to-date: /home/thomas/MobileRobot/ws_new/install/actionlib_msgs/include/actionlib_msgs/actionlib_msgs/msg/detail/goal_status_array__type_support.hpp
-- Up-to-date: /home/thomas/MobileRobot/ws_new/install/actionlib_msgs/include/actionlib_msgs/actionlib_msgs/msg/detail/goal_id__traits.hpp
-- Up-to-date: /home/thomas/MobileRobot/ws_new/install/actionlib_msgs/include/actionlib_msgs/actionlib_msgs/msg/detail/goal_status__builder.hpp
-- Up-to-date: /home/thomas/MobileRobot/ws_new/install/actionlib_msgs/include/actionlib_msgs/actionlib_msgs/msg/detail/goal_status__struct.hpp
-- Up-to-date: /home/thomas/MobileRobot/ws_new/install/actionlib_msgs/include/actionlib_msgs/actionlib_msgs/msg/detail/goal_id__struct.hpp
-- Up-to-date: /home/thomas/MobileRobot/ws_new/install/actionlib_msgs/include/actionlib_msgs/actionlib_msgs/msg/goal_id.hpp
-- Up-to-date: /home/thomas/MobileRobot/ws_new/install/actionlib_msgs/include/actionlib_msgs/actionlib_msgs/msg/goal_status_array.hpp
-- Up-to-date: /home/thomas/MobileRobot/ws_new/install/actionlib_msgs/include/actionlib_msgs/actionlib_msgs/msg/goal_status.hpp
-- Up-to-date: /home/thomas/MobileRobot/ws_new/install/actionlib_msgs/include/actionlib_msgs/actionlib_msgs/msg/rosidl_generator_cpp__visibility_control.hpp
-- Up-to-date: /home/thomas/MobileRobot/ws_new/install/actionlib_msgs/include/actionlib_msgs/actionlib_msgs
-- Up-to-date: /home/thomas/MobileRobot/ws_new/install/actionlib_msgs/include/actionlib_msgs/actionlib_msgs/msg
-- Up-to-date: /home/thomas/MobileRobot/ws_new/install/actionlib_msgs/include/actionlib_msgs/actionlib_msgs/msg/detail
-- Up-to-date: /home/thomas/MobileRobot/ws_new/install/actionlib_msgs/include/actionlib_msgs/actionlib_msgs/msg/detail/goal_status__rosidl_typesupport_fastrtps_cpp.hpp
-- Up-to-date: /home/thomas/MobileRobot/ws_new/install/actionlib_msgs/include/actionlib_msgs/actionlib_msgs/msg/detail/goal_id__rosidl_typesupport_fastrtps_cpp.hpp
-- Up-to-date: /home/thomas/MobileRobot/ws_new/install/actionlib_msgs/include/actionlib_msgs/actionlib_msgs/msg/detail/goal_status_array__rosidl_typesupport_fastrtps_cpp.hpp
-- Up-to-date: /home/thomas/MobileRobot/ws_new/install/actionlib_msgs/include/actionlib_msgs/actionlib_msgs/msg/detail/dds_fastrtps
-- Up-to-date: /home/thomas/MobileRobot/ws_new/install/actionlib_msgs/include/actionlib_msgs/actionlib_msgs/msg/rosidl_typesupport_fastrtps_cpp__visibility_control.h
-- Up-to-date: /home/thomas/MobileRobot/ws_new/install/actionlib_msgs/lib/libactionlib_msgs__rosidl_typesupport_fastrtps_cpp.so
-- Up-to-date: /home/thomas/MobileRobot/ws_new/install/actionlib_msgs/include/actionlib_msgs/actionlib_msgs
-- Up-to-date: /home/thomas/MobileRobot/ws_new/install/actionlib_msgs/include/actionlib_msgs/actionlib_msgs/msg
-- Up-to-date: /home/thomas/MobileRobot/ws_new/install/actionlib_msgs/include/actionlib_msgs/actionlib_msgs/msg/detail
-- Up-to-date: /home/thomas/MobileRobot/ws_new/install/actionlib_msgs/include/actionlib_msgs/actionlib_msgs/msg/detail/goal_status_array__rosidl_typesupport_introspection_c.h
-- Up-to-date: /home/thomas/MobileRobot/ws_new/install/actionlib_msgs/include/actionlib_msgs/actionlib_msgs/msg/detail/goal_id__rosidl_typesupport_introspection_c.h
-- Up-to-date: /home/thomas/MobileRobot/ws_new/install/actionlib_msgs/include/actionlib_msgs/actionlib_msgs/msg/detail/goal_status__rosidl_typesupport_introspection_c.h
-- Installing: /home/thomas/MobileRobot/ws_new/install/actionlib_msgs/include/actionlib_msgs/actionlib_msgs/msg/detail/goal_id__type_support.c
-- Installing: /home/thomas/MobileRobot/ws_new/install/actionlib_msgs/include/actionlib_msgs/actionlib_msgs/msg/detail/goal_status__type_support.c
-- Installing: /home/thomas/MobileRobot/ws_new/install/actionlib_msgs/include/actionlib_msgs/actionlib_msgs/msg/detail/goal_status_array__type_support.c
-- Up-to-date: /home/thomas/MobileRobot/ws_new/install/actionlib_msgs/include/actionlib_msgs/actionlib_msgs/msg/rosidl_typesupport_introspection_c__visibility_control.h
-- Up-to-date: /home/thomas/MobileRobot/ws_new/install/actionlib_msgs/lib/libactionlib_msgs__rosidl_typesupport_introspection_c.so
-- Up-to-date: /home/thomas/MobileRobot/ws_new/install/actionlib_msgs/lib/libactionlib_msgs__rosidl_typesupport_c.so
-- Up-to-date: /home/thomas/MobileRobot/ws_new/install/actionlib_msgs/include/actionlib_msgs/actionlib_msgs
-- Up-to-date: /home/thomas/MobileRobot/ws_new/install/actionlib_msgs/include/actionlib_msgs/actionlib_msgs/msg
-- Up-to-date: /home/thomas/MobileRobot/ws_new/install/actionlib_msgs/include/actionlib_msgs/actionlib_msgs/msg/detail
-- Up-to-date: /home/thomas/MobileRobot/ws_new/install/actionlib_msgs/include/actionlib_msgs/actionlib_msgs/msg/detail/goal_id__rosidl_typesupport_introspection_cpp.hpp
-- Up-to-date: /home/thomas/MobileRobot/ws_new/install/actionlib_msgs/include/actionlib_msgs/actionlib_msgs/msg/detail/goal_status_array__rosidl_typesupport_introspection_cpp.hpp
-- Up-to-date: /home/thomas/MobileRobot/ws_new/install/actionlib_msgs/include/actionlib_msgs/actionlib_msgs/msg/detail/goal_status__type_support.cpp
-- Up-to-date: /home/thomas/MobileRobot/ws_new/install/actionlib_msgs/include/actionlib_msgs/actionlib_msgs/msg/detail/goal_status_array__type_support.cpp
-- Up-to-date: /home/thomas/MobileRobot/ws_new/install/actionlib_msgs/include/actionlib_msgs/actionlib_msgs/msg/detail/goal_status__rosidl_typesupport_introspection_cpp.hpp
-- Up-to-date: /home/thomas/MobileRobot/ws_new/install/actionlib_msgs/include/actionlib_msgs/actionlib_msgs/msg/detail/goal_id__type_support.cpp
-- Up-to-date: /home/thomas/MobileRobot/ws_new/install/actionlib_msgs/lib/libactionlib_msgs__rosidl_typesupport_introspection_cpp.so
-- Up-to-date: /home/thomas/MobileRobot/ws_new/install/actionlib_msgs/lib/libactionlib_msgs__rosidl_typesupport_cpp.so
-- Up-to-date: /home/thomas/MobileRobot/ws_new/install/actionlib_msgs/share/actionlib_msgs/environment/pythonpath.sh
-- Up-to-date: /home/thomas/MobileRobot/ws_new/install/actionlib_msgs/share/actionlib_msgs/environment/pythonpath.dsv
-- Up-to-date: /home/thomas/MobileRobot/ws_new/install/actionlib_msgs/lib/python3.12/site-packages/actionlib_msgs-5.3.6-py3.12.egg-info
-- Installing: /home/thomas/MobileRobot/ws_new/install/actionlib_msgs/lib/python3.12/site-packages/actionlib_msgs-5.3.6-py3.12.egg-info/top_level.txt
-- Installing: /home/thomas/MobileRobot/ws_new/install/actionlib_msgs/lib/python3.12/site-packages/actionlib_msgs-5.3.6-py3.12.egg-info/SOURCES.txt
-- Installing: /home/thomas/MobileRobot/ws_new/install/actionlib_msgs/lib/python3.12/site-packages/actionlib_msgs-5.3.6-py3.12.egg-info/dependency_links.txt
-- Installing: /home/thomas/MobileRobot/ws_new/install/actionlib_msgs/lib/python3.12/site-packages/actionlib_msgs-5.3.6-py3.12.egg-info/PKG-INFO
-- Up-to-date: /home/thomas/MobileRobot/ws_new/install/actionlib_msgs/lib/python3.12/site-packages/actionlib_msgs
-- Up-to-date: /home/thomas/MobileRobot/ws_new/install/actionlib_msgs/lib/python3.12/site-packages/actionlib_msgs/__init__.py
-- Up-to-date: /home/thomas/MobileRobot/ws_new/install/actionlib_msgs/lib/python3.12/site-packages/actionlib_msgs/actionlib_msgs_s__rosidl_typesupport_fastrtps_c.so
-- Up-to-date: /home/thomas/MobileRobot/ws_new/install/actionlib_msgs/lib/python3.12/site-packages/actionlib_msgs/actionlib_msgs_s__rosidl_typesupport_introspection_c.so
-- Up-to-date: /home/thomas/MobileRobot/ws_new/install/actionlib_msgs/lib/python3.12/site-packages/actionlib_msgs/actionlib_msgs_s__rosidl_typesupport_c.so
-- Up-to-date: /home/thomas/MobileRobot/ws_new/install/actionlib_msgs/lib/python3.12/site-packages/actionlib_msgs/_actionlib_msgs_s.ep.rosidl_typesupport_fastrtps_c.c
-- Up-to-date: /home/thomas/MobileRobot/ws_new/install/actionlib_msgs/lib/python3.12/site-packages/actionlib_msgs/msg
-- Up-to-date: /home/thomas/MobileRobot/ws_new/install/actionlib_msgs/lib/python3.12/site-packages/actionlib_msgs/msg/_goal_status_array.py
-- Up-to-date: /home/thomas/MobileRobot/ws_new/install/actionlib_msgs/lib/python3.12/site-packages/actionlib_msgs/msg/__init__.py
-- Up-to-date: /home/thomas/MobileRobot/ws_new/install/actionlib_msgs/lib/python3.12/site-packages/actionlib_msgs/msg/_goal_status.py
-- Up-to-date: /home/thomas/MobileRobot/ws_new/install/actionlib_msgs/lib/python3.12/site-packages/actionlib_msgs/msg/_goal_status_s.c
-- Up-to-date: /home/thomas/MobileRobot/ws_new/install/actionlib_msgs/lib/python3.12/site-packages/actionlib_msgs/msg/_goal_id.py
-- Up-to-date: /home/thomas/MobileRobot/ws_new/install/actionlib_msgs/lib/python3.12/site-packages/actionlib_msgs/msg/_goal_id_s.c
-- Up-to-date: /home/thomas/MobileRobot/ws_new/install/actionlib_msgs/lib/python3.12/site-packages/actionlib_msgs/msg/_goal_status_array_s.c
-- Up-to-date: /home/thomas/MobileRobot/ws_new/install/actionlib_msgs/lib/python3.12/site-packages/actionlib_msgs/_actionlib_msgs_s.ep.rosidl_typesupport_introspection_c.c
-- Up-to-date: /home/thomas/MobileRobot/ws_new/install/actionlib_msgs/lib/python3.12/site-packages/actionlib_msgs/_actionlib_msgs_s.ep.rosidl_typesupport_c.c
Listing '/home/thomas/MobileRobot/ws_new/install/actionlib_msgs/lib/python3.12/site-packages/actionlib_msgs'...
Listing '/home/thomas/MobileRobot/ws_new/install/actionlib_msgs/lib/python3.12/site-packages/actionlib_msgs/msg'...
-- Up-to-date: /home/thomas/MobileRobot/ws_new/install/actionlib_msgs/lib/python3.12/site-packages/actionlib_msgs/actionlib_msgs_s__rosidl_typesupport_fastrtps_c.so
-- Up-to-date: /home/thomas/MobileRobot/ws_new/install/actionlib_msgs/lib/python3.12/site-packages/actionlib_msgs/actionlib_msgs_s__rosidl_typesupport_introspection_c.so
-- Up-to-date: /home/thomas/MobileRobot/ws_new/install/actionlib_msgs/lib/python3.12/site-packages/actionlib_msgs/actionlib_msgs_s__rosidl_typesupport_c.so
-- Up-to-date: /home/thomas/MobileRobot/ws_new/install/actionlib_msgs/lib/libactionlib_msgs__rosidl_generator_py.so
-- Up-to-date: /home/thomas/MobileRobot/ws_new/install/actionlib_msgs/share/actionlib_msgs/msg/GoalID.idl
-- Up-to-date: /home/thomas/MobileRobot/ws_new/install/actionlib_msgs/share/actionlib_msgs/msg/GoalStatus.idl
-- Up-to-date: /home/thomas/MobileRobot/ws_new/install/actionlib_msgs/share/actionlib_msgs/msg/GoalStatusArray.idl
-- Up-to-date: /home/thomas/MobileRobot/ws_new/install/actionlib_msgs/share/actionlib_msgs/msg/GoalID.msg
-- Up-to-date: /home/thomas/MobileRobot/ws_new/install/actionlib_msgs/share/actionlib_msgs/msg/GoalStatus.msg
-- Up-to-date: /home/thomas/MobileRobot/ws_new/install/actionlib_msgs/share/actionlib_msgs/msg/GoalStatusArray.msg
-- Up-to-date: /home/thomas/MobileRobot/ws_new/install/actionlib_msgs/share/ament_index/resource_index/package_run_dependencies/actionlib_msgs
-- Up-to-date: /home/thomas/MobileRobot/ws_new/install/actionlib_msgs/share/ament_index/resource_index/parent_prefix_path/actionlib_msgs
-- Up-to-date: /home/thomas/MobileRobot/ws_new/install/actionlib_msgs/share/actionlib_msgs/environment/ament_prefix_path.sh
-- Up-to-date: /home/thomas/MobileRobot/ws_new/install/actionlib_msgs/share/actionlib_msgs/environment/ament_prefix_path.dsv
-- Up-to-date: /home/thomas/MobileRobot/ws_new/install/actionlib_msgs/share/actionlib_msgs/environment/path.sh
-- Up-to-date: /home/thomas/MobileRobot/ws_new/install/actionlib_msgs/share/actionlib_msgs/environment/path.dsv
-- Up-to-date: /home/thomas/MobileRobot/ws_new/install/actionlib_msgs/share/actionlib_msgs/local_setup.bash
-- Up-to-date: /home/thomas/MobileRobot/ws_new/install/actionlib_msgs/share/actionlib_msgs/local_setup.sh
-- Up-to-date: /home/thomas/MobileRobot/ws_new/install/actionlib_msgs/share/actionlib_msgs/local_setup.zsh
-- Up-to-date: /home/thomas/MobileRobot/ws_new/install/actionlib_msgs/share/actionlib_msgs/local_setup.dsv
-- Installing: /home/thomas/MobileRobot/ws_new/install/actionlib_msgs/share/actionlib_msgs/package.dsv
-- Up-to-date: /home/thomas/MobileRobot/ws_new/install/actionlib_msgs/share/ament_index/resource_index/packages/actionlib_msgs
-- Up-to-date: /home/thomas/MobileRobot/ws_new/install/actionlib_msgs/share/actionlib_msgs/cmake/export_actionlib_msgs__rosidl_generator_cExport.cmake
-- Up-to-date: /home/thomas/MobileRobot/ws_new/install/actionlib_msgs/share/actionlib_msgs/cmake/export_actionlib_msgs__rosidl_generator_cExport-noconfig.cmake
-- Up-to-date: /home/thomas/MobileRobot/ws_new/install/actionlib_msgs/share/actionlib_msgs/cmake/export_actionlib_msgs__rosidl_typesupport_fastrtps_cExport.cmake
-- Up-to-date: /home/thomas/MobileRobot/ws_new/install/actionlib_msgs/share/actionlib_msgs/cmake/export_actionlib_msgs__rosidl_typesupport_fastrtps_cExport-noconfig.cmake
-- Up-to-date: /home/thomas/MobileRobot/ws_new/install/actionlib_msgs/share/actionlib_msgs/cmake/export_actionlib_msgs__rosidl_generator_cppExport.cmake
-- Up-to-date: /home/thomas/MobileRobot/ws_new/install/actionlib_msgs/share/actionlib_msgs/cmake/export_actionlib_msgs__rosidl_typesupport_fastrtps_cppExport.cmake
-- Up-to-date: /home/thomas/MobileRobot/ws_new/install/actionlib_msgs/share/actionlib_msgs/cmake/export_actionlib_msgs__rosidl_typesupport_fastrtps_cppExport-noconfig.cmake
-- Up-to-date: /home/thomas/MobileRobot/ws_new/install/actionlib_msgs/share/actionlib_msgs/cmake/actionlib_msgs__rosidl_typesupport_introspection_cExport.cmake
-- Up-to-date: /home/thomas/MobileRobot/ws_new/install/actionlib_msgs/share/actionlib_msgs/cmake/actionlib_msgs__rosidl_typesupport_introspection_cExport-noconfig.cmake
-- Up-to-date: /home/thomas/MobileRobot/ws_new/install/actionlib_msgs/share/actionlib_msgs/cmake/actionlib_msgs__rosidl_typesupport_cExport.cmake
-- Up-to-date: /home/thomas/MobileRobot/ws_new/install/actionlib_msgs/share/actionlib_msgs/cmake/actionlib_msgs__rosidl_typesupport_cExport-noconfig.cmake
-- Up-to-date: /home/thomas/MobileRobot/ws_new/install/actionlib_msgs/share/actionlib_msgs/cmake/actionlib_msgs__rosidl_typesupport_introspection_cppExport.cmake
-- Up-to-date: /home/thomas/MobileRobot/ws_new/install/actionlib_msgs/share/actionlib_msgs/cmake/actionlib_msgs__rosidl_typesupport_introspection_cppExport-noconfig.cmake
-- Up-to-date: /home/thomas/MobileRobot/ws_new/install/actionlib_msgs/share/actionlib_msgs/cmake/actionlib_msgs__rosidl_typesupport_cppExport.cmake
-- Up-to-date: /home/thomas/MobileRobot/ws_new/install/actionlib_msgs/share/actionlib_msgs/cmake/actionlib_msgs__rosidl_typesupport_cppExport-noconfig.cmake
-- Up-to-date: /home/thomas/MobileRobot/ws_new/install/actionlib_msgs/share/actionlib_msgs/cmake/export_actionlib_msgs__rosidl_generator_pyExport.cmake
-- Up-to-date: /home/thomas/MobileRobot/ws_new/install/actionlib_msgs/share/actionlib_msgs/cmake/export_actionlib_msgs__rosidl_generator_pyExport-noconfig.cmake
-- Up-to-date: /home/thomas/MobileRobot/ws_new/install/actionlib_msgs/share/actionlib_msgs/cmake/rosidl_cmake-extras.cmake
-- Up-to-date: /home/thomas/MobileRobot/ws_new/install/actionlib_msgs/share/actionlib_msgs/cmake/ament_cmake_export_dependencies-extras.cmake
-- Up-to-date: /home/thomas/MobileRobot/ws_new/install/actionlib_msgs/share/actionlib_msgs/cmake/ament_cmake_export_include_directories-extras.cmake
-- Up-to-date: /home/thomas/MobileRobot/ws_new/install/actionlib_msgs/share/actionlib_msgs/cmake/ament_cmake_export_libraries-extras.cmake
-- Up-to-date: /home/thomas/MobileRobot/ws_new/install/actionlib_msgs/share/actionlib_msgs/cmake/ament_cmake_export_targets-extras.cmake
-- Up-to-date: /home/thomas/MobileRobot/ws_new/install/actionlib_msgs/share/actionlib_msgs/cmake/rosidl_cmake_export_typesupport_targets-extras.cmake
-- Up-to-date: /home/thomas/MobileRobot/ws_new/install/actionlib_msgs/share/actionlib_msgs/cmake/rosidl_cmake_export_typesupport_libraries-extras.cmake
-- Up-to-date: /home/thomas/MobileRobot/ws_new/install/actionlib_msgs/share/actionlib_msgs/cmake/actionlib_msgsConfig.cmake
-- Up-to-date: /home/thomas/MobileRobot/ws_new/install/actionlib_msgs/share/actionlib_msgs/cmake/actionlib_msgsConfig-version.cmake
-- Up-to-date: /home/thomas/MobileRobot/ws_new/install/actionlib_msgs/share/actionlib_msgs/package.xml
