[0.232s] Invoking command in '/home/thomas/MobileRobot/ws_new/build/actionlib_msgs': AMENT_PREFIX_PATH=/home/thomas/MobileRobot/ws_new/install/std_msgs:${AMENT_PREFIX_PATH} CMAKE_PREFIX_PATH=/home/thomas/MobileRobot/ws_new/install/std_msgs:/opt/ros/jazzy/opt/gz_sim_vendor:/opt/ros/jazzy/opt/gz_sensors_vendor:/opt/ros/jazzy/opt/gz_physics_vendor:/opt/ros/jazzy/opt/sdformat_vendor:/opt/ros/jazzy/opt/gz_gui_vendor:/opt/ros/jazzy/opt/gz_transport_vendor:/opt/ros/jazzy/opt/gz_rendering_vendor:/opt/ros/jazzy/opt/gz_plugin_vendor:/opt/ros/jazzy/opt/gz_fuel_tools_vendor:/opt/ros/jazzy/opt/gz_msgs_vendor:/opt/ros/jazzy/opt/gz_common_vendor:/opt/ros/jazzy/opt/gz_math_vendor:/opt/ros/jazzy/opt/gz_utils_vendor:/opt/ros/jazzy/opt/gz_tools_vendor:/opt/ros/jazzy/opt/gz_ogre_next_vendor:/opt/ros/jazzy/opt/gz_dartsim_vendor:/opt/ros/jazzy/opt/gz_cmake_vendor:/home/thomas/dev_ws/install/basic_mobile_robot:/opt/ros/jazzy DEBUGINFOD_URLS=https://debuginfod.ubuntu.com LD_LIBRARY_PATH=/home/thomas/MobileRobot/ws_new/install/std_msgs/lib:${LD_LIBRARY_PATH} PYTHONPATH=/home/thomas/MobileRobot/ws_new/install/std_msgs/lib/python3.12/site-packages:${PYTHONPATH} /usr/bin/cmake --build /home/thomas/MobileRobot/ws_new/build/actionlib_msgs -- -j8 -l8
[0.533s] [  1%] Built target actionlib_msgs__rosidl_generator_type_description
[0.599s] [  3%] Built target actionlib_msgs__cpp
[0.677s] [ 24%] Built target actionlib_msgs__rosidl_generator_c
[0.695s] [ 24%] Built target ament_cmake_python_copy_actionlib_msgs
[0.815s] [ 33%] Built target actionlib_msgs__rosidl_typesupport_c
[0.822s] [ 48%] Built target actionlib_msgs__rosidl_typesupport_cpp
[0.823s] [ 51%] Built target actionlib_msgs__rosidl_typesupport_introspection_cpp
[0.840s] [ 61%] Built target actionlib_msgs__rosidl_typesupport_introspection_c
[0.840s] [ 70%] Built target actionlib_msgs__rosidl_typesupport_fastrtps_c
[0.841s] [ 79%] Built target actionlib_msgs__rosidl_typesupport_fastrtps_cpp
[0.910s] [ 79%] Built target actionlib_msgs
[0.970s] [ 81%] Built target actionlib_msgs__py
[1.097s] [ 88%] Built target actionlib_msgs__rosidl_generator_py
[1.180s] [ 92%] Built target actionlib_msgs_s__rosidl_typesupport_fastrtps_c
[1.184s] [ 96%] Built target actionlib_msgs_s__rosidl_typesupport_introspection_c
[1.189s] [100%] Built target actionlib_msgs_s__rosidl_typesupport_c
[1.420s] running egg_info
[1.453s] writing actionlib_msgs.egg-info/PKG-INFO
[1.454s] writing dependency_links to actionlib_msgs.egg-info/dependency_links.txt
[1.454s] writing top-level names to actionlib_msgs.egg-info/top_level.txt
[1.551s] reading manifest file 'actionlib_msgs.egg-info/SOURCES.txt'
[1.551s] writing manifest file 'actionlib_msgs.egg-info/SOURCES.txt'
[1.583s] [100%] Built target ament_cmake_python_build_actionlib_msgs_egg
[1.599s] Invoked command in '/home/thomas/MobileRobot/ws_new/build/actionlib_msgs' returned '0': AMENT_PREFIX_PATH=/home/thomas/MobileRobot/ws_new/install/std_msgs:${AMENT_PREFIX_PATH} CMAKE_PREFIX_PATH=/home/thomas/MobileRobot/ws_new/install/std_msgs:/opt/ros/jazzy/opt/gz_sim_vendor:/opt/ros/jazzy/opt/gz_sensors_vendor:/opt/ros/jazzy/opt/gz_physics_vendor:/opt/ros/jazzy/opt/sdformat_vendor:/opt/ros/jazzy/opt/gz_gui_vendor:/opt/ros/jazzy/opt/gz_transport_vendor:/opt/ros/jazzy/opt/gz_rendering_vendor:/opt/ros/jazzy/opt/gz_plugin_vendor:/opt/ros/jazzy/opt/gz_fuel_tools_vendor:/opt/ros/jazzy/opt/gz_msgs_vendor:/opt/ros/jazzy/opt/gz_common_vendor:/opt/ros/jazzy/opt/gz_math_vendor:/opt/ros/jazzy/opt/gz_utils_vendor:/opt/ros/jazzy/opt/gz_tools_vendor:/opt/ros/jazzy/opt/gz_ogre_next_vendor:/opt/ros/jazzy/opt/gz_dartsim_vendor:/opt/ros/jazzy/opt/gz_cmake_vendor:/home/thomas/dev_ws/install/basic_mobile_robot:/opt/ros/jazzy DEBUGINFOD_URLS=https://debuginfod.ubuntu.com LD_LIBRARY_PATH=/home/thomas/MobileRobot/ws_new/install/std_msgs/lib:${LD_LIBRARY_PATH} PYTHONPATH=/home/thomas/MobileRobot/ws_new/install/std_msgs/lib/python3.12/site-packages:${PYTHONPATH} /usr/bin/cmake --build /home/thomas/MobileRobot/ws_new/build/actionlib_msgs -- -j8 -l8
[1.619s] Invoking command in '/home/thomas/MobileRobot/ws_new/build/actionlib_msgs': AMENT_PREFIX_PATH=/home/thomas/MobileRobot/ws_new/install/std_msgs:${AMENT_PREFIX_PATH} CMAKE_PREFIX_PATH=/home/thomas/MobileRobot/ws_new/install/std_msgs:/opt/ros/jazzy/opt/gz_sim_vendor:/opt/ros/jazzy/opt/gz_sensors_vendor:/opt/ros/jazzy/opt/gz_physics_vendor:/opt/ros/jazzy/opt/sdformat_vendor:/opt/ros/jazzy/opt/gz_gui_vendor:/opt/ros/jazzy/opt/gz_transport_vendor:/opt/ros/jazzy/opt/gz_rendering_vendor:/opt/ros/jazzy/opt/gz_plugin_vendor:/opt/ros/jazzy/opt/gz_fuel_tools_vendor:/opt/ros/jazzy/opt/gz_msgs_vendor:/opt/ros/jazzy/opt/gz_common_vendor:/opt/ros/jazzy/opt/gz_math_vendor:/opt/ros/jazzy/opt/gz_utils_vendor:/opt/ros/jazzy/opt/gz_tools_vendor:/opt/ros/jazzy/opt/gz_ogre_next_vendor:/opt/ros/jazzy/opt/gz_dartsim_vendor:/opt/ros/jazzy/opt/gz_cmake_vendor:/home/thomas/dev_ws/install/basic_mobile_robot:/opt/ros/jazzy DEBUGINFOD_URLS=https://debuginfod.ubuntu.com LD_LIBRARY_PATH=/home/thomas/MobileRobot/ws_new/install/std_msgs/lib:${LD_LIBRARY_PATH} PYTHONPATH=/home/thomas/MobileRobot/ws_new/install/std_msgs/lib/python3.12/site-packages:${PYTHONPATH} /usr/bin/cmake --install /home/thomas/MobileRobot/ws_new/build/actionlib_msgs
[1.631s] -- Install configuration: ""
[1.640s] -- Up-to-date: /home/thomas/MobileRobot/ws_new/install/actionlib_msgs/share/ament_index/resource_index/rosidl_interfaces/actionlib_msgs
[1.641s] -- Up-to-date: /home/thomas/MobileRobot/ws_new/install/actionlib_msgs/share/actionlib_msgs/msg/GoalID.json
[1.641s] -- Up-to-date: /home/thomas/MobileRobot/ws_new/install/actionlib_msgs/share/actionlib_msgs/msg/GoalStatus.json
[1.641s] -- Up-to-date: /home/thomas/MobileRobot/ws_new/install/actionlib_msgs/share/actionlib_msgs/msg/GoalStatusArray.json
[1.641s] -- Up-to-date: /home/thomas/MobileRobot/ws_new/install/actionlib_msgs/include/actionlib_msgs/actionlib_msgs
[1.641s] -- Up-to-date: /home/thomas/MobileRobot/ws_new/install/actionlib_msgs/include/actionlib_msgs/actionlib_msgs/msg
[1.656s] -- Up-to-date: /home/thomas/MobileRobot/ws_new/install/actionlib_msgs/include/actionlib_msgs/actionlib_msgs/msg/detail
[1.656s] -- Up-to-date: /home/thomas/MobileRobot/ws_new/install/actionlib_msgs/include/actionlib_msgs/actionlib_msgs/msg/detail/goal_id__type_support.h
[1.656s] -- Up-to-date: /home/thomas/MobileRobot/ws_new/install/actionlib_msgs/include/actionlib_msgs/actionlib_msgs/msg/detail/goal_status_array__type_support.h
[1.656s] -- Up-to-date: /home/thomas/MobileRobot/ws_new/install/actionlib_msgs/include/actionlib_msgs/actionlib_msgs/msg/detail/goal_status__description.c
[1.657s] -- Up-to-date: /home/thomas/MobileRobot/ws_new/install/actionlib_msgs/include/actionlib_msgs/actionlib_msgs/msg/detail/goal_id__struct.h
[1.657s] -- Up-to-date: /home/thomas/MobileRobot/ws_new/install/actionlib_msgs/include/actionlib_msgs/actionlib_msgs/msg/detail/goal_id__functions.h
[1.657s] -- Up-to-date: /home/thomas/MobileRobot/ws_new/install/actionlib_msgs/include/actionlib_msgs/actionlib_msgs/msg/detail/goal_status__struct.h
[1.657s] -- Up-to-date: /home/thomas/MobileRobot/ws_new/install/actionlib_msgs/include/actionlib_msgs/actionlib_msgs/msg/detail/goal_status__type_support.h
[1.657s] -- Up-to-date: /home/thomas/MobileRobot/ws_new/install/actionlib_msgs/include/actionlib_msgs/actionlib_msgs/msg/detail/goal_id__description.c
[1.657s] -- Up-to-date: /home/thomas/MobileRobot/ws_new/install/actionlib_msgs/include/actionlib_msgs/actionlib_msgs/msg/detail/goal_status__functions.h
[1.657s] -- Up-to-date: /home/thomas/MobileRobot/ws_new/install/actionlib_msgs/include/actionlib_msgs/actionlib_msgs/msg/detail/goal_status__functions.c
[1.657s] -- Up-to-date: /home/thomas/MobileRobot/ws_new/install/actionlib_msgs/include/actionlib_msgs/actionlib_msgs/msg/detail/goal_status_array__description.c
[1.658s] -- Up-to-date: /home/thomas/MobileRobot/ws_new/install/actionlib_msgs/include/actionlib_msgs/actionlib_msgs/msg/detail/goal_id__functions.c
[1.658s] -- Installing: /home/thomas/MobileRobot/ws_new/install/actionlib_msgs/include/actionlib_msgs/actionlib_msgs/msg/detail/goal_id__type_support.c
[1.686s] -- Installing: /home/thomas/MobileRobot/ws_new/install/actionlib_msgs/include/actionlib_msgs/actionlib_msgs/msg/detail/goal_status__type_support.c
[1.687s] -- Up-to-date: /home/thomas/MobileRobot/ws_new/install/actionlib_msgs/include/actionlib_msgs/actionlib_msgs/msg/detail/goal_status_array__struct.h
[1.688s] -- Up-to-date: /home/thomas/MobileRobot/ws_new/install/actionlib_msgs/include/actionlib_msgs/actionlib_msgs/msg/detail/goal_status_array__functions.h
[1.688s] -- Installing: /home/thomas/MobileRobot/ws_new/install/actionlib_msgs/include/actionlib_msgs/actionlib_msgs/msg/detail/goal_status_array__type_support.c
[1.689s] -- Up-to-date: /home/thomas/MobileRobot/ws_new/install/actionlib_msgs/include/actionlib_msgs/actionlib_msgs/msg/detail/goal_status_array__functions.c
[1.689s] -- Up-to-date: /home/thomas/MobileRobot/ws_new/install/actionlib_msgs/include/actionlib_msgs/actionlib_msgs/msg/goal_id.h
[1.689s] -- Up-to-date: /home/thomas/MobileRobot/ws_new/install/actionlib_msgs/include/actionlib_msgs/actionlib_msgs/msg/rosidl_generator_c__visibility_control.h
[1.690s] -- Up-to-date: /home/thomas/MobileRobot/ws_new/install/actionlib_msgs/include/actionlib_msgs/actionlib_msgs/msg/goal_status_array.h
[1.690s] -- Up-to-date: /home/thomas/MobileRobot/ws_new/install/actionlib_msgs/include/actionlib_msgs/actionlib_msgs/msg/goal_status.h
[1.690s] -- Up-to-date: /home/thomas/MobileRobot/ws_new/install/actionlib_msgs/share/actionlib_msgs/environment/library_path.sh
[1.691s] -- Up-to-date: /home/thomas/MobileRobot/ws_new/install/actionlib_msgs/share/actionlib_msgs/environment/library_path.dsv
[1.701s] -- Up-to-date: /home/thomas/MobileRobot/ws_new/install/actionlib_msgs/lib/libactionlib_msgs__rosidl_generator_c.so
[1.703s] -- Up-to-date: /home/thomas/MobileRobot/ws_new/install/actionlib_msgs/include/actionlib_msgs/actionlib_msgs
[1.703s] -- Up-to-date: /home/thomas/MobileRobot/ws_new/install/actionlib_msgs/include/actionlib_msgs/actionlib_msgs/msg
[1.704s] -- Up-to-date: /home/thomas/MobileRobot/ws_new/install/actionlib_msgs/include/actionlib_msgs/actionlib_msgs/msg/detail
[1.751s] -- Up-to-date: /home/thomas/MobileRobot/ws_new/install/actionlib_msgs/include/actionlib_msgs/actionlib_msgs/msg/detail/goal_status_array__rosidl_typesupport_fastrtps_c.h
[1.793s] -- Up-to-date: /home/thomas/MobileRobot/ws_new/install/actionlib_msgs/include/actionlib_msgs/actionlib_msgs/msg/detail/goal_status__rosidl_typesupport_fastrtps_c.h
[1.794s] -- Up-to-date: /home/thomas/MobileRobot/ws_new/install/actionlib_msgs/include/actionlib_msgs/actionlib_msgs/msg/detail/goal_id__rosidl_typesupport_fastrtps_c.h
[1.795s] -- Up-to-date: /home/thomas/MobileRobot/ws_new/install/actionlib_msgs/include/actionlib_msgs/actionlib_msgs/msg/rosidl_typesupport_fastrtps_c__visibility_control.h
[1.795s] -- Up-to-date: /home/thomas/MobileRobot/ws_new/install/actionlib_msgs/lib/libactionlib_msgs__rosidl_typesupport_fastrtps_c.so
[1.795s] -- Up-to-date: /home/thomas/MobileRobot/ws_new/install/actionlib_msgs/include/actionlib_msgs/actionlib_msgs
[1.796s] -- Up-to-date: /home/thomas/MobileRobot/ws_new/install/actionlib_msgs/include/actionlib_msgs/actionlib_msgs/msg
[1.796s] -- Up-to-date: /home/thomas/MobileRobot/ws_new/install/actionlib_msgs/include/actionlib_msgs/actionlib_msgs/msg/detail
[1.796s] -- Up-to-date: /home/thomas/MobileRobot/ws_new/install/actionlib_msgs/include/actionlib_msgs/actionlib_msgs/msg/detail/goal_id__builder.hpp
[1.797s] -- Up-to-date: /home/thomas/MobileRobot/ws_new/install/actionlib_msgs/include/actionlib_msgs/actionlib_msgs/msg/detail/goal_status__traits.hpp
[1.797s] -- Up-to-date: /home/thomas/MobileRobot/ws_new/install/actionlib_msgs/include/actionlib_msgs/actionlib_msgs/msg/detail/goal_status__type_support.hpp
[1.798s] -- Up-to-date: /home/thomas/MobileRobot/ws_new/install/actionlib_msgs/include/actionlib_msgs/actionlib_msgs/msg/detail/goal_status_array__traits.hpp
[1.798s] -- Up-to-date: /home/thomas/MobileRobot/ws_new/install/actionlib_msgs/include/actionlib_msgs/actionlib_msgs/msg/detail/goal_id__type_support.hpp
[1.799s] -- Up-to-date: /home/thomas/MobileRobot/ws_new/install/actionlib_msgs/include/actionlib_msgs/actionlib_msgs/msg/detail/goal_status_array__builder.hpp
[1.799s] -- Up-to-date: /home/thomas/MobileRobot/ws_new/install/actionlib_msgs/include/actionlib_msgs/actionlib_msgs/msg/detail/goal_status_array__struct.hpp
[1.800s] -- Up-to-date: /home/thomas/MobileRobot/ws_new/install/actionlib_msgs/include/actionlib_msgs/actionlib_msgs/msg/detail/goal_status_array__type_support.hpp
[1.800s] -- Up-to-date: /home/thomas/MobileRobot/ws_new/install/actionlib_msgs/include/actionlib_msgs/actionlib_msgs/msg/detail/goal_id__traits.hpp
[1.801s] -- Up-to-date: /home/thomas/MobileRobot/ws_new/install/actionlib_msgs/include/actionlib_msgs/actionlib_msgs/msg/detail/goal_status__builder.hpp
[1.801s] -- Up-to-date: /home/thomas/MobileRobot/ws_new/install/actionlib_msgs/include/actionlib_msgs/actionlib_msgs/msg/detail/goal_status__struct.hpp
[1.802s] -- Up-to-date: /home/thomas/MobileRobot/ws_new/install/actionlib_msgs/include/actionlib_msgs/actionlib_msgs/msg/detail/goal_id__struct.hpp
[1.802s] -- Up-to-date: /home/thomas/MobileRobot/ws_new/install/actionlib_msgs/include/actionlib_msgs/actionlib_msgs/msg/goal_id.hpp
[1.803s] -- Up-to-date: /home/thomas/MobileRobot/ws_new/install/actionlib_msgs/include/actionlib_msgs/actionlib_msgs/msg/goal_status_array.hpp
[1.803s] -- Up-to-date: /home/thomas/MobileRobot/ws_new/install/actionlib_msgs/include/actionlib_msgs/actionlib_msgs/msg/goal_status.hpp
[1.803s] -- Up-to-date: /home/thomas/MobileRobot/ws_new/install/actionlib_msgs/include/actionlib_msgs/actionlib_msgs/msg/rosidl_generator_cpp__visibility_control.hpp
[1.803s] -- Up-to-date: /home/thomas/MobileRobot/ws_new/install/actionlib_msgs/include/actionlib_msgs/actionlib_msgs
[1.804s] -- Up-to-date: /home/thomas/MobileRobot/ws_new/install/actionlib_msgs/include/actionlib_msgs/actionlib_msgs/msg
[1.804s] -- Up-to-date: /home/thomas/MobileRobot/ws_new/install/actionlib_msgs/include/actionlib_msgs/actionlib_msgs/msg/detail
[1.804s] -- Up-to-date: /home/thomas/MobileRobot/ws_new/install/actionlib_msgs/include/actionlib_msgs/actionlib_msgs/msg/detail/goal_status__rosidl_typesupport_fastrtps_cpp.hpp
[1.804s] -- Up-to-date: /home/thomas/MobileRobot/ws_new/install/actionlib_msgs/include/actionlib_msgs/actionlib_msgs/msg/detail/goal_id__rosidl_typesupport_fastrtps_cpp.hpp
[1.805s] -- Up-to-date: /home/thomas/MobileRobot/ws_new/install/actionlib_msgs/include/actionlib_msgs/actionlib_msgs/msg/detail/goal_status_array__rosidl_typesupport_fastrtps_cpp.hpp
[1.805s] -- Up-to-date: /home/thomas/MobileRobot/ws_new/install/actionlib_msgs/include/actionlib_msgs/actionlib_msgs/msg/detail/dds_fastrtps
[1.805s] -- Up-to-date: /home/thomas/MobileRobot/ws_new/install/actionlib_msgs/include/actionlib_msgs/actionlib_msgs/msg/rosidl_typesupport_fastrtps_cpp__visibility_control.h
[1.805s] -- Up-to-date: /home/thomas/MobileRobot/ws_new/install/actionlib_msgs/lib/libactionlib_msgs__rosidl_typesupport_fastrtps_cpp.so
[1.806s] -- Up-to-date: /home/thomas/MobileRobot/ws_new/install/actionlib_msgs/include/actionlib_msgs/actionlib_msgs
[1.806s] -- Up-to-date: /home/thomas/MobileRobot/ws_new/install/actionlib_msgs/include/actionlib_msgs/actionlib_msgs/msg
[1.806s] -- Up-to-date: /home/thomas/MobileRobot/ws_new/install/actionlib_msgs/include/actionlib_msgs/actionlib_msgs/msg/detail
[1.807s] -- Up-to-date: /home/thomas/MobileRobot/ws_new/install/actionlib_msgs/include/actionlib_msgs/actionlib_msgs/msg/detail/goal_status_array__rosidl_typesupport_introspection_c.h
[1.807s] -- Up-to-date: /home/thomas/MobileRobot/ws_new/install/actionlib_msgs/include/actionlib_msgs/actionlib_msgs/msg/detail/goal_id__rosidl_typesupport_introspection_c.h
[1.807s] -- Up-to-date: /home/thomas/MobileRobot/ws_new/install/actionlib_msgs/include/actionlib_msgs/actionlib_msgs/msg/detail/goal_status__rosidl_typesupport_introspection_c.h
[1.807s] -- Installing: /home/thomas/MobileRobot/ws_new/install/actionlib_msgs/include/actionlib_msgs/actionlib_msgs/msg/detail/goal_id__type_support.c
[1.808s] -- Installing: /home/thomas/MobileRobot/ws_new/install/actionlib_msgs/include/actionlib_msgs/actionlib_msgs/msg/detail/goal_status__type_support.c
[1.914s] -- Installing: /home/thomas/MobileRobot/ws_new/install/actionlib_msgs/include/actionlib_msgs/actionlib_msgs/msg/detail/goal_status_array__type_support.c
[1.915s] -- Up-to-date: /home/thomas/MobileRobot/ws_new/install/actionlib_msgs/include/actionlib_msgs/actionlib_msgs/msg/rosidl_typesupport_introspection_c__visibility_control.h
[1.916s] -- Up-to-date: /home/thomas/MobileRobot/ws_new/install/actionlib_msgs/lib/libactionlib_msgs__rosidl_typesupport_introspection_c.so
[1.918s] -- Up-to-date: /home/thomas/MobileRobot/ws_new/install/actionlib_msgs/lib/libactionlib_msgs__rosidl_typesupport_c.so
[1.919s] -- Up-to-date: /home/thomas/MobileRobot/ws_new/install/actionlib_msgs/include/actionlib_msgs/actionlib_msgs
[1.920s] -- Up-to-date: /home/thomas/MobileRobot/ws_new/install/actionlib_msgs/include/actionlib_msgs/actionlib_msgs/msg
[1.921s] -- Up-to-date: /home/thomas/MobileRobot/ws_new/install/actionlib_msgs/include/actionlib_msgs/actionlib_msgs/msg/detail
[1.921s] -- Up-to-date: /home/thomas/MobileRobot/ws_new/install/actionlib_msgs/include/actionlib_msgs/actionlib_msgs/msg/detail/goal_id__rosidl_typesupport_introspection_cpp.hpp
[1.922s] -- Up-to-date: /home/thomas/MobileRobot/ws_new/install/actionlib_msgs/include/actionlib_msgs/actionlib_msgs/msg/detail/goal_status_array__rosidl_typesupport_introspection_cpp.hpp
[1.922s] -- Up-to-date: /home/thomas/MobileRobot/ws_new/install/actionlib_msgs/include/actionlib_msgs/actionlib_msgs/msg/detail/goal_status__type_support.cpp
[1.923s] -- Up-to-date: /home/thomas/MobileRobot/ws_new/install/actionlib_msgs/include/actionlib_msgs/actionlib_msgs/msg/detail/goal_status_array__type_support.cpp
[1.923s] -- Up-to-date: /home/thomas/MobileRobot/ws_new/install/actionlib_msgs/include/actionlib_msgs/actionlib_msgs/msg/detail/goal_status__rosidl_typesupport_introspection_cpp.hpp
[1.924s] -- Up-to-date: /home/thomas/MobileRobot/ws_new/install/actionlib_msgs/include/actionlib_msgs/actionlib_msgs/msg/detail/goal_id__type_support.cpp
[1.924s] -- Up-to-date: /home/thomas/MobileRobot/ws_new/install/actionlib_msgs/lib/libactionlib_msgs__rosidl_typesupport_introspection_cpp.so
[1.924s] -- Up-to-date: /home/thomas/MobileRobot/ws_new/install/actionlib_msgs/lib/libactionlib_msgs__rosidl_typesupport_cpp.so
[1.925s] -- Up-to-date: /home/thomas/MobileRobot/ws_new/install/actionlib_msgs/share/actionlib_msgs/environment/pythonpath.sh
[1.925s] -- Up-to-date: /home/thomas/MobileRobot/ws_new/install/actionlib_msgs/share/actionlib_msgs/environment/pythonpath.dsv
[1.926s] -- Up-to-date: /home/thomas/MobileRobot/ws_new/install/actionlib_msgs/lib/python3.12/site-packages/actionlib_msgs-5.3.6-py3.12.egg-info
[1.926s] -- Installing: /home/thomas/MobileRobot/ws_new/install/actionlib_msgs/lib/python3.12/site-packages/actionlib_msgs-5.3.6-py3.12.egg-info/top_level.txt
[1.927s] -- Installing: /home/thomas/MobileRobot/ws_new/install/actionlib_msgs/lib/python3.12/site-packages/actionlib_msgs-5.3.6-py3.12.egg-info/SOURCES.txt
[1.927s] -- Installing: /home/thomas/MobileRobot/ws_new/install/actionlib_msgs/lib/python3.12/site-packages/actionlib_msgs-5.3.6-py3.12.egg-info/dependency_links.txt
[1.948s] -- Installing: /home/thomas/MobileRobot/ws_new/install/actionlib_msgs/lib/python3.12/site-packages/actionlib_msgs-5.3.6-py3.12.egg-info/PKG-INFO
[1.948s] -- Up-to-date: /home/thomas/MobileRobot/ws_new/install/actionlib_msgs/lib/python3.12/site-packages/actionlib_msgs
[1.950s] -- Up-to-date: /home/thomas/MobileRobot/ws_new/install/actionlib_msgs/lib/python3.12/site-packages/actionlib_msgs/__init__.py
[1.950s] -- Up-to-date: /home/thomas/MobileRobot/ws_new/install/actionlib_msgs/lib/python3.12/site-packages/actionlib_msgs/actionlib_msgs_s__rosidl_typesupport_fastrtps_c.so
[1.951s] -- Up-to-date: /home/thomas/MobileRobot/ws_new/install/actionlib_msgs/lib/python3.12/site-packages/actionlib_msgs/actionlib_msgs_s__rosidl_typesupport_introspection_c.so
[1.951s] -- Up-to-date: /home/thomas/MobileRobot/ws_new/install/actionlib_msgs/lib/python3.12/site-packages/actionlib_msgs/actionlib_msgs_s__rosidl_typesupport_c.so
[1.952s] -- Up-to-date: /home/thomas/MobileRobot/ws_new/install/actionlib_msgs/lib/python3.12/site-packages/actionlib_msgs/_actionlib_msgs_s.ep.rosidl_typesupport_fastrtps_c.c
[1.952s] -- Up-to-date: /home/thomas/MobileRobot/ws_new/install/actionlib_msgs/lib/python3.12/site-packages/actionlib_msgs/msg
[1.952s] -- Up-to-date: /home/thomas/MobileRobot/ws_new/install/actionlib_msgs/lib/python3.12/site-packages/actionlib_msgs/msg/_goal_status_array.py
[1.952s] -- Up-to-date: /home/thomas/MobileRobot/ws_new/install/actionlib_msgs/lib/python3.12/site-packages/actionlib_msgs/msg/__init__.py
[1.953s] -- Up-to-date: /home/thomas/MobileRobot/ws_new/install/actionlib_msgs/lib/python3.12/site-packages/actionlib_msgs/msg/_goal_status.py
[1.953s] -- Up-to-date: /home/thomas/MobileRobot/ws_new/install/actionlib_msgs/lib/python3.12/site-packages/actionlib_msgs/msg/_goal_status_s.c
[1.953s] -- Up-to-date: /home/thomas/MobileRobot/ws_new/install/actionlib_msgs/lib/python3.12/site-packages/actionlib_msgs/msg/_goal_id.py
[1.954s] -- Up-to-date: /home/thomas/MobileRobot/ws_new/install/actionlib_msgs/lib/python3.12/site-packages/actionlib_msgs/msg/_goal_id_s.c
[1.954s] -- Up-to-date: /home/thomas/MobileRobot/ws_new/install/actionlib_msgs/lib/python3.12/site-packages/actionlib_msgs/msg/_goal_status_array_s.c
[1.954s] -- Up-to-date: /home/thomas/MobileRobot/ws_new/install/actionlib_msgs/lib/python3.12/site-packages/actionlib_msgs/_actionlib_msgs_s.ep.rosidl_typesupport_introspection_c.c
[1.955s] -- Up-to-date: /home/thomas/MobileRobot/ws_new/install/actionlib_msgs/lib/python3.12/site-packages/actionlib_msgs/_actionlib_msgs_s.ep.rosidl_typesupport_c.c
[2.141s] Listing '/home/thomas/MobileRobot/ws_new/install/actionlib_msgs/lib/python3.12/site-packages/actionlib_msgs'...
[2.142s] Listing '/home/thomas/MobileRobot/ws_new/install/actionlib_msgs/lib/python3.12/site-packages/actionlib_msgs/msg'...
[2.155s] -- Up-to-date: /home/thomas/MobileRobot/ws_new/install/actionlib_msgs/lib/python3.12/site-packages/actionlib_msgs/actionlib_msgs_s__rosidl_typesupport_fastrtps_c.so
[2.156s] -- Up-to-date: /home/thomas/MobileRobot/ws_new/install/actionlib_msgs/lib/python3.12/site-packages/actionlib_msgs/actionlib_msgs_s__rosidl_typesupport_introspection_c.so
[2.157s] -- Up-to-date: /home/thomas/MobileRobot/ws_new/install/actionlib_msgs/lib/python3.12/site-packages/actionlib_msgs/actionlib_msgs_s__rosidl_typesupport_c.so
[2.158s] -- Up-to-date: /home/thomas/MobileRobot/ws_new/install/actionlib_msgs/lib/libactionlib_msgs__rosidl_generator_py.so
[2.158s] -- Up-to-date: /home/thomas/MobileRobot/ws_new/install/actionlib_msgs/share/actionlib_msgs/msg/GoalID.idl
[2.158s] -- Up-to-date: /home/thomas/MobileRobot/ws_new/install/actionlib_msgs/share/actionlib_msgs/msg/GoalStatus.idl
[2.159s] -- Up-to-date: /home/thomas/MobileRobot/ws_new/install/actionlib_msgs/share/actionlib_msgs/msg/GoalStatusArray.idl
[2.159s] -- Up-to-date: /home/thomas/MobileRobot/ws_new/install/actionlib_msgs/share/actionlib_msgs/msg/GoalID.msg
[2.159s] -- Up-to-date: /home/thomas/MobileRobot/ws_new/install/actionlib_msgs/share/actionlib_msgs/msg/GoalStatus.msg
[2.159s] -- Up-to-date: /home/thomas/MobileRobot/ws_new/install/actionlib_msgs/share/actionlib_msgs/msg/GoalStatusArray.msg
[2.159s] -- Up-to-date: /home/thomas/MobileRobot/ws_new/install/actionlib_msgs/share/ament_index/resource_index/package_run_dependencies/actionlib_msgs
[2.159s] -- Up-to-date: /home/thomas/MobileRobot/ws_new/install/actionlib_msgs/share/ament_index/resource_index/parent_prefix_path/actionlib_msgs
[2.159s] -- Up-to-date: /home/thomas/MobileRobot/ws_new/install/actionlib_msgs/share/actionlib_msgs/environment/ament_prefix_path.sh
[2.159s] -- Up-to-date: /home/thomas/MobileRobot/ws_new/install/actionlib_msgs/share/actionlib_msgs/environment/ament_prefix_path.dsv
[2.160s] -- Up-to-date: /home/thomas/MobileRobot/ws_new/install/actionlib_msgs/share/actionlib_msgs/environment/path.sh
[2.160s] -- Up-to-date: /home/thomas/MobileRobot/ws_new/install/actionlib_msgs/share/actionlib_msgs/environment/path.dsv
[2.160s] -- Up-to-date: /home/thomas/MobileRobot/ws_new/install/actionlib_msgs/share/actionlib_msgs/local_setup.bash
[2.160s] -- Up-to-date: /home/thomas/MobileRobot/ws_new/install/actionlib_msgs/share/actionlib_msgs/local_setup.sh
[2.160s] -- Up-to-date: /home/thomas/MobileRobot/ws_new/install/actionlib_msgs/share/actionlib_msgs/local_setup.zsh
[2.160s] -- Up-to-date: /home/thomas/MobileRobot/ws_new/install/actionlib_msgs/share/actionlib_msgs/local_setup.dsv
[2.160s] -- Installing: /home/thomas/MobileRobot/ws_new/install/actionlib_msgs/share/actionlib_msgs/package.dsv
[2.166s] -- Up-to-date: /home/thomas/MobileRobot/ws_new/install/actionlib_msgs/share/ament_index/resource_index/packages/actionlib_msgs
[2.170s] -- Up-to-date: /home/thomas/MobileRobot/ws_new/install/actionlib_msgs/share/actionlib_msgs/cmake/export_actionlib_msgs__rosidl_generator_cExport.cmake
[2.170s] -- Up-to-date: /home/thomas/MobileRobot/ws_new/install/actionlib_msgs/share/actionlib_msgs/cmake/export_actionlib_msgs__rosidl_generator_cExport-noconfig.cmake
[2.170s] -- Up-to-date: /home/thomas/MobileRobot/ws_new/install/actionlib_msgs/share/actionlib_msgs/cmake/export_actionlib_msgs__rosidl_typesupport_fastrtps_cExport.cmake
[2.170s] -- Up-to-date: /home/thomas/MobileRobot/ws_new/install/actionlib_msgs/share/actionlib_msgs/cmake/export_actionlib_msgs__rosidl_typesupport_fastrtps_cExport-noconfig.cmake
[2.170s] -- Up-to-date: /home/thomas/MobileRobot/ws_new/install/actionlib_msgs/share/actionlib_msgs/cmake/export_actionlib_msgs__rosidl_generator_cppExport.cmake
[2.171s] -- Up-to-date: /home/thomas/MobileRobot/ws_new/install/actionlib_msgs/share/actionlib_msgs/cmake/export_actionlib_msgs__rosidl_typesupport_fastrtps_cppExport.cmake
[2.171s] -- Up-to-date: /home/thomas/MobileRobot/ws_new/install/actionlib_msgs/share/actionlib_msgs/cmake/export_actionlib_msgs__rosidl_typesupport_fastrtps_cppExport-noconfig.cmake
[2.171s] -- Up-to-date: /home/thomas/MobileRobot/ws_new/install/actionlib_msgs/share/actionlib_msgs/cmake/actionlib_msgs__rosidl_typesupport_introspection_cExport.cmake
[2.171s] -- Up-to-date: /home/thomas/MobileRobot/ws_new/install/actionlib_msgs/share/actionlib_msgs/cmake/actionlib_msgs__rosidl_typesupport_introspection_cExport-noconfig.cmake
[2.171s] -- Up-to-date: /home/thomas/MobileRobot/ws_new/install/actionlib_msgs/share/actionlib_msgs/cmake/actionlib_msgs__rosidl_typesupport_cExport.cmake
[2.171s] -- Up-to-date: /home/thomas/MobileRobot/ws_new/install/actionlib_msgs/share/actionlib_msgs/cmake/actionlib_msgs__rosidl_typesupport_cExport-noconfig.cmake
[2.172s] -- Up-to-date: /home/thomas/MobileRobot/ws_new/install/actionlib_msgs/share/actionlib_msgs/cmake/actionlib_msgs__rosidl_typesupport_introspection_cppExport.cmake
[2.172s] -- Up-to-date: /home/thomas/MobileRobot/ws_new/install/actionlib_msgs/share/actionlib_msgs/cmake/actionlib_msgs__rosidl_typesupport_introspection_cppExport-noconfig.cmake
[2.172s] -- Up-to-date: /home/thomas/MobileRobot/ws_new/install/actionlib_msgs/share/actionlib_msgs/cmake/actionlib_msgs__rosidl_typesupport_cppExport.cmake
[2.172s] -- Up-to-date: /home/thomas/MobileRobot/ws_new/install/actionlib_msgs/share/actionlib_msgs/cmake/actionlib_msgs__rosidl_typesupport_cppExport-noconfig.cmake
[2.186s] -- Up-to-date: /home/thomas/MobileRobot/ws_new/install/actionlib_msgs/share/actionlib_msgs/cmake/export_actionlib_msgs__rosidl_generator_pyExport.cmake
[2.186s] -- Up-to-date: /home/thomas/MobileRobot/ws_new/install/actionlib_msgs/share/actionlib_msgs/cmake/export_actionlib_msgs__rosidl_generator_pyExport-noconfig.cmake
[2.186s] -- Up-to-date: /home/thomas/MobileRobot/ws_new/install/actionlib_msgs/share/actionlib_msgs/cmake/rosidl_cmake-extras.cmake
[2.186s] -- Up-to-date: /home/thomas/MobileRobot/ws_new/install/actionlib_msgs/share/actionlib_msgs/cmake/ament_cmake_export_dependencies-extras.cmake
[2.186s] -- Up-to-date: /home/thomas/MobileRobot/ws_new/install/actionlib_msgs/share/actionlib_msgs/cmake/ament_cmake_export_include_directories-extras.cmake
[2.202s] -- Up-to-date: /home/thomas/MobileRobot/ws_new/install/actionlib_msgs/share/actionlib_msgs/cmake/ament_cmake_export_libraries-extras.cmake
[2.203s] -- Up-to-date: /home/thomas/MobileRobot/ws_new/install/actionlib_msgs/share/actionlib_msgs/cmake/ament_cmake_export_targets-extras.cmake
[2.203s] -- Up-to-date: /home/thomas/MobileRobot/ws_new/install/actionlib_msgs/share/actionlib_msgs/cmake/rosidl_cmake_export_typesupport_targets-extras.cmake
[2.203s] -- Up-to-date: /home/thomas/MobileRobot/ws_new/install/actionlib_msgs/share/actionlib_msgs/cmake/rosidl_cmake_export_typesupport_libraries-extras.cmake
[2.204s] -- Up-to-date: /home/thomas/MobileRobot/ws_new/install/actionlib_msgs/share/actionlib_msgs/cmake/actionlib_msgsConfig.cmake
[2.204s] -- Up-to-date: /home/thomas/MobileRobot/ws_new/install/actionlib_msgs/share/actionlib_msgs/cmake/actionlib_msgsConfig-version.cmake
[2.204s] -- Up-to-date: /home/thomas/MobileRobot/ws_new/install/actionlib_msgs/share/actionlib_msgs/package.xml
[2.205s] Invoked command in '/home/thomas/MobileRobot/ws_new/build/actionlib_msgs' returned '0': AMENT_PREFIX_PATH=/home/thomas/MobileRobot/ws_new/install/std_msgs:${AMENT_PREFIX_PATH} CMAKE_PREFIX_PATH=/home/thomas/MobileRobot/ws_new/install/std_msgs:/opt/ros/jazzy/opt/gz_sim_vendor:/opt/ros/jazzy/opt/gz_sensors_vendor:/opt/ros/jazzy/opt/gz_physics_vendor:/opt/ros/jazzy/opt/sdformat_vendor:/opt/ros/jazzy/opt/gz_gui_vendor:/opt/ros/jazzy/opt/gz_transport_vendor:/opt/ros/jazzy/opt/gz_rendering_vendor:/opt/ros/jazzy/opt/gz_plugin_vendor:/opt/ros/jazzy/opt/gz_fuel_tools_vendor:/opt/ros/jazzy/opt/gz_msgs_vendor:/opt/ros/jazzy/opt/gz_common_vendor:/opt/ros/jazzy/opt/gz_math_vendor:/opt/ros/jazzy/opt/gz_utils_vendor:/opt/ros/jazzy/opt/gz_tools_vendor:/opt/ros/jazzy/opt/gz_ogre_next_vendor:/opt/ros/jazzy/opt/gz_dartsim_vendor:/opt/ros/jazzy/opt/gz_cmake_vendor:/home/thomas/dev_ws/install/basic_mobile_robot:/opt/ros/jazzy DEBUGINFOD_URLS=https://debuginfod.ubuntu.com LD_LIBRARY_PATH=/home/thomas/MobileRobot/ws_new/install/std_msgs/lib:${LD_LIBRARY_PATH} PYTHONPATH=/home/thomas/MobileRobot/ws_new/install/std_msgs/lib/python3.12/site-packages:${PYTHONPATH} /usr/bin/cmake --install /home/thomas/MobileRobot/ws_new/build/actionlib_msgs
