[  0%] Built target nav2_spin_cancel_bt_node
[  0%] Built target nav2_behavior_tree
[  1%] Built target nav2_assisted_teleop_cancel_bt_node
[  2%] Built target nav2_back_up_cancel_bt_node
[  3%] Built target nav2_compute_path_to_pose_action_bt_node
[  4%] Built target nav2_compute_path_through_poses_action_bt_node
[  5%] Built target nav2_wait_cancel_bt_node
[  6%] Built target nav2_controller_cancel_bt_node
[  8%] Built target nav2_smooth_path_action_bt_node
[  8%] Built target nav2_follow_path_action_bt_node
[  9%] Built target nav2_drive_on_heading_cancel_bt_node
[ 10%] Built target nav2_back_up_action_bt_node
[ 10%] Built target nav2_drive_on_heading_bt_node
[ 11%] Built target nav2_spin_action_bt_node
[ 12%] Built target nav2_wait_action_bt_node
[ 13%] Built target nav2_assisted_teleop_action_bt_node
[ 14%] Built target nav2_clear_costmap_service_bt_node
[ 15%] Built target nav2_is_path_valid_condition_bt_node
[ 16%] Built target nav2_is_stuck_condition_bt_node
[ 18%] Built target nav2_globally_updated_goal_condition_bt_node
[ 18%] Built target nav2_transform_available_condition_bt_node
[ 19%] Built target nav2_time_expired_condition_bt_node
[ 20%] Built target nav2_goal_reached_condition_bt_node
[ 21%] Built target nav2_goal_updated_condition_bt_node
[ 22%] Built target nav2_are_error_codes_active_condition_bt_node
[ 23%] Built target nav2_initial_pose_received_condition_bt_node
[ 24%] Built target nav2_is_battery_charging_condition_bt_node
[ 25%] Built target nav2_distance_traveled_condition_bt_node
[ 26%] Built target nav2_path_expiring_timer_condition
[ 27%] Built target nav2_is_battery_low_condition_bt_node
[ 28%] Built target nav2_would_a_controller_recovery_help_condition_bt_node
[ 29%] Built target nav2_would_a_planner_recovery_help_condition_bt_node
[ 29%] Built target nav2_reinitialize_global_localization_service_bt_node
[ 29%] Built target nav2_would_a_smoother_recovery_help_condition_bt_node
[ 30%] Built target nav2_distance_controller_bt_node
[ 31%] Built target nav2_truncate_path_local_action_bt_node
[ 32%] Built target nav2_speed_controller_bt_node
[ 33%] Built target nav2_goal_updater_node_bt_node
[ 34%] Built target nav2_path_longer_on_approach_bt_node
[ 35%] Built target nav2_truncate_path_action_bt_node
[ 36%] Built target nav2_rate_controller_bt_node
[ 37%] Built target nav2_remove_passed_goals_action_bt_node
[ 38%] Built target nav2_recovery_node_bt_node
[ 39%] Built target nav2_navigate_to_pose_action_bt_node
[ 39%] Built target nav2_navigate_through_poses_action_bt_node
[ 41%] Built target nav2_pipeline_sequence_bt_node
[ 41%] Built target nav2_round_robin_node_bt_node
[ 42%] Built target nav2_get_pose_from_path_action_bt_node
[ 43%] Built target nav2_single_trigger_bt_node
[ 44%] Built target nav2_smoother_selector_bt_node
[ 45%] Built target nav2_planner_selector_bt_node
[ 45%] Built target generate_nav2_tree_nodes_xml
[ 46%] Built target nav2_controller_selector_bt_node
[ 46%] Built target nav2_goal_updated_controller_bt_node
[ 47%] Built target nav2_goal_checker_selector_bt_node
[ 48%] Built target nav2_progress_checker_selector_bt_node
[ 49%] Built target gtest
[ 50%] Built target gtest_main
[ 51%] Built target test_condition_goal_reached
[ 52%] Built target test_condition_goal_updated
[ 52%] Built target test_condition_path_expiring_timer
[ 52%] Built target test_condition_globally_updated_goal
[ 53%] Built target test_condition_distance_traveled
[ 54%] Built target test_bt_utils
[ 55%] Built target test_condition_time_expired
[ 56%] [32mBuilding CXX object test/plugins/condition/CMakeFiles/test_condition_is_battery_charging.dir/test_is_battery_charging.cpp.o[0m
[ 57%] [32mBuilding CXX object test/plugins/condition/CMakeFiles/test_condition_is_stuck.dir/test_is_stuck.cpp.o[0m
[ 57%] [32mBuilding CXX object test/plugins/condition/CMakeFiles/test_condition_transform_available.dir/test_transform_available.cpp.o[0m
[ 57%] [32mBuilding CXX object test/plugins/condition/CMakeFiles/test_condition_is_battery_low.dir/test_is_battery_low.cpp.o[0m
[ 57%] [32mBuilding CXX object test/plugins/condition/CMakeFiles/test_condition_is_path_valid.dir/test_is_path_valid.cpp.o[0m
[ 57%] [32mBuilding CXX object test/plugins/condition/CMakeFiles/test_are_error_codes_present.dir/test_are_error_codes_present.cpp.o[0m
[ 58%] Built target test_condition_initial_pose_received
[ 58%] [32mBuilding CXX object test/plugins/condition/CMakeFiles/test_would_a_controller_recovery_help.dir/test_would_a_controller_recovery_help.cpp.o[0m
[ 58%] [32mBuilding CXX object test/plugins/condition/CMakeFiles/test_would_a_planner_recovery_help.dir/test_would_a_planner_recovery_help.cpp.o[0m
