[3.327s] Invoking command in '/home/thomas/MobileRobot/ws_new/src/navigation': DEBUGINFOD_URLS=https://debuginfod.ubuntu.com PYTHONPATH=/home/thomas/MobileRobot/ws_new/build/navigation/prefix_override:/usr/lib/python3/dist-packages/colcon_core/task/python/colcon_distutils_commands:/home/thomas/MobileRobot/ws_new/install/navigation/lib/python3.12/site-packages:${PYTHONPATH} /usr/bin/python3 -W ignore:setup.py install is deprecated -W ignore:easy_install command is deprecated setup.py egg_info --egg-base ../../build/navigation build --build-base /home/thomas/MobileRobot/ws_new/build/navigation/build install --record /home/thomas/MobileRobot/ws_new/build/navigation/install.log --single-version-externally-managed install_data
[4.440s] running egg_info
[4.534s] writing ../../build/navigation/navigation.egg-info/PKG-INFO
[4.535s] writing dependency_links to ../../build/navigation/navigation.egg-info/dependency_links.txt
[4.536s] writing entry points to ../../build/navigation/navigation.egg-info/entry_points.txt
[4.536s] writing requirements to ../../build/navigation/navigation.egg-info/requires.txt
[4.536s] writing top-level names to ../../build/navigation/navigation.egg-info/top_level.txt
[4.721s] reading manifest file '../../build/navigation/navigation.egg-info/SOURCES.txt'
[4.723s] writing manifest file '../../build/navigation/navigation.egg-info/SOURCES.txt'
[4.724s] running build
[4.724s] running build_py
[4.725s] copying navigation/gps_path_follow.py -> /home/thomas/MobileRobot/ws_new/build/navigation/build/lib/navigation
[4.725s] running install
[4.747s] running install_lib
[4.840s] copying /home/thomas/MobileRobot/ws_new/build/navigation/build/lib/navigation/gps_path_follow.py -> /home/thomas/MobileRobot/ws_new/install/navigation/lib/python3.12/site-packages/navigation
[4.841s] byte-compiling /home/thomas/MobileRobot/ws_new/install/navigation/lib/python3.12/site-packages/navigation/gps_path_follow.py to gps_path_follow.cpython-312.pyc
[4.845s] running install_data
[4.846s] running install_egg_info
[4.943s] removing '/home/thomas/MobileRobot/ws_new/install/navigation/lib/python3.12/site-packages/navigation-0.0.0-py3.12.egg-info' (and everything under it)
[4.944s] Copying ../../build/navigation/navigation.egg-info to /home/thomas/MobileRobot/ws_new/install/navigation/lib/python3.12/site-packages/navigation-0.0.0-py3.12.egg-info
[4.948s] running install_scripts
[5.519s] Installing gps_path_follow script to /home/thomas/MobileRobot/ws_new/install/navigation/lib/navigation
[5.520s] Installing nav_node script to /home/thomas/MobileRobot/ws_new/install/navigation/lib/navigation
[5.520s] writing list of installed files to '/home/thomas/MobileRobot/ws_new/build/navigation/install.log'
[5.630s] Invoked command in '/home/thomas/MobileRobot/ws_new/src/navigation' returned '0': DEBUGINFOD_URLS=https://debuginfod.ubuntu.com PYTHONPATH=/home/thomas/MobileRobot/ws_new/build/navigation/prefix_override:/usr/lib/python3/dist-packages/colcon_core/task/python/colcon_distutils_commands:/home/thomas/MobileRobot/ws_new/install/navigation/lib/python3.12/site-packages:${PYTHONPATH} /usr/bin/python3 -W ignore:setup.py install is deprecated -W ignore:easy_install command is deprecated setup.py egg_info --egg-base ../../build/navigation build --build-base /home/thomas/MobileRobot/ws_new/build/navigation/build install --record /home/thomas/MobileRobot/ws_new/build/navigation/install.log --single-version-externally-managed install_data
