[1.123s] Invoking command in '/home/thomas/MobileRobot/ws_new/build/nav2_rviz_plugins': AMENT_PREFIX_PATH=/home/thomas/MobileRobot/ws_new/install/nav2_lifecycle_manager:/home/thomas/MobileRobot/ws_new/install/nav2_util:/home/thomas/MobileRobot/ws_new/install/visualization_msgs:/home/thomas/MobileRobot/ws_new/install/nav2_msgs:/home/thomas/MobileRobot/ws_new/install/sensor_msgs:/home/thomas/MobileRobot/ws_new/install/nav_msgs:/home/thomas/MobileRobot/ws_new/install/geometry_msgs:/home/thomas/MobileRobot/ws_new/install/std_srvs:/home/thomas/MobileRobot/ws_new/install/std_msgs:/home/thomas/MobileRobot/ws_new/install/nav2_common:${AMENT_PREFIX_PATH} CMAKE_PREFIX_PATH=/home/thomas/MobileRobot/ws_new/install/nav2_lifecycle_manager:/home/thomas/MobileRobot/ws_new/install/nav2_util:/home/thomas/MobileRobot/ws_new/install/visualization_msgs:/home/thomas/MobileRobot/ws_new/install/nav2_msgs:/home/thomas/MobileRobot/ws_new/install/sensor_msgs:/home/thomas/MobileRobot/ws_new/install/nav_msgs:/home/thomas/MobileRobot/ws_new/install/geometry_msgs:/home/thomas/MobileRobot/ws_new/install/std_srvs:/home/thomas/MobileRobot/ws_new/install/std_msgs:/home/thomas/MobileRobot/ws_new/install/nav2_common:/opt/ros/jazzy/opt/gz_sim_vendor:/opt/ros/jazzy/opt/gz_sensors_vendor:/opt/ros/jazzy/opt/gz_physics_vendor:/opt/ros/jazzy/opt/sdformat_vendor:/opt/ros/jazzy/opt/gz_gui_vendor:/opt/ros/jazzy/opt/gz_transport_vendor:/opt/ros/jazzy/opt/gz_rendering_vendor:/opt/ros/jazzy/opt/gz_plugin_vendor:/opt/ros/jazzy/opt/gz_fuel_tools_vendor:/opt/ros/jazzy/opt/gz_msgs_vendor:/opt/ros/jazzy/opt/gz_common_vendor:/opt/ros/jazzy/opt/gz_math_vendor:/opt/ros/jazzy/opt/gz_utils_vendor:/opt/ros/jazzy/opt/gz_tools_vendor:/opt/ros/jazzy/opt/gz_ogre_next_vendor:/opt/ros/jazzy/opt/gz_dartsim_vendor:/opt/ros/jazzy/opt/gz_cmake_vendor:/home/thomas/dev_ws/install/basic_mobile_robot:/opt/ros/jazzy DEBUGINFOD_URLS=https://debuginfod.ubuntu.com LD_LIBRARY_PATH=/home/thomas/MobileRobot/ws_new/install/nav2_lifecycle_manager/lib:/home/thomas/MobileRobot/ws_new/install/nav2_util/lib:/home/thomas/MobileRobot/ws_new/install/visualization_msgs/lib:/home/thomas/MobileRobot/ws_new/install/nav2_msgs/lib:/home/thomas/MobileRobot/ws_new/install/sensor_msgs/lib:/home/thomas/MobileRobot/ws_new/install/nav_msgs/lib:/home/thomas/MobileRobot/ws_new/install/geometry_msgs/lib:/home/thomas/MobileRobot/ws_new/install/std_srvs/lib:/home/thomas/MobileRobot/ws_new/install/std_msgs/lib:${LD_LIBRARY_PATH} PYTHONPATH=/home/thomas/MobileRobot/ws_new/install/visualization_msgs/lib/python3.12/site-packages:/home/thomas/MobileRobot/ws_new/install/nav2_msgs/lib/python3.12/site-packages:/home/thomas/MobileRobot/ws_new/install/sensor_msgs/lib/python3.12/site-packages:/home/thomas/MobileRobot/ws_new/install/nav_msgs/lib/python3.12/site-packages:/home/thomas/MobileRobot/ws_new/install/geometry_msgs/lib/python3.12/site-packages:/home/thomas/MobileRobot/ws_new/install/std_srvs/lib/python3.12/site-packages:/home/thomas/MobileRobot/ws_new/install/std_msgs/lib/python3.12/site-packages:/home/thomas/MobileRobot/ws_new/install/nav2_common/lib/python3.12/site-packages:${PYTHONPATH} /usr/bin/cmake /home/thomas/MobileRobot/ws_new/src/navigation2/nav2_rviz_plugins -DCMAKE_INSTALL_PREFIX=/home/thomas/MobileRobot/ws_new/install/nav2_rviz_plugins
[1.510s] -- The C compiler identification is GNU 13.3.0
[1.706s] -- The CXX compiler identification is GNU 13.3.0
[1.820s] -- Detecting C compiler ABI info
[2.048s] -- Detecting C compiler ABI info - done
[2.064s] -- Check for working C compiler: /usr/bin/cc - skipped
[2.072s] -- Detecting C compile features
[2.077s] -- Detecting C compile features - done
[2.121s] -- Detecting CXX compiler ABI info
[2.314s] -- Detecting CXX compiler ABI info - done
[2.341s] -- Check for working CXX compiler: /usr/bin/c++ - skipped
[2.342s] -- Detecting CXX compile features
[2.343s] -- Detecting CXX compile features - done
[3.129s] -- Found ament_cmake: 2.5.3 (/opt/ros/jazzy/share/ament_cmake/cmake)
[4.004s] -- Found Python3: /usr/bin/python3 (found version "3.12.3") found components: Interpreter 
[4.621s] -- Found geometry_msgs: 5.3.6 (/home/thomas/MobileRobot/ws_new/install/geometry_msgs/share/geometry_msgs/cmake)
[4.946s] -- Found rosidl_generator_c: 4.6.5 (/opt/ros/jazzy/share/rosidl_generator_c/cmake)
[4.989s] -- Found rosidl_generator_cpp: 4.6.5 (/opt/ros/jazzy/share/rosidl_generator_cpp/cmake)
[5.159s] -- Using all available rosidl_typesupport_c: rosidl_typesupport_fastrtps_c;rosidl_typesupport_introspection_c
[5.226s] -- Using all available rosidl_typesupport_cpp: rosidl_typesupport_fastrtps_cpp;rosidl_typesupport_introspection_cpp
[5.397s] -- Found nav2_util: 1.3.6 (/home/thomas/MobileRobot/ws_new/install/nav2_util/share/nav2_util/cmake)
[5.738s] -- Found rmw_implementation_cmake: 7.3.1 (/opt/ros/jazzy/share/rmw_implementation_cmake/cmake)
[5.769s] -- Found rmw_cyclonedds_cpp: 2.2.3 (/opt/ros/jazzy/share/rmw_cyclonedds_cpp/cmake)
[6.030s] -- Using RMW implementation 'rmw_cyclonedds_cpp' as default
[7.018s] -- Found eigen3_cmake_module: 0.3.0 (/opt/ros/jazzy/share/eigen3_cmake_module/cmake)
[7.020s] -- Found Eigen3: TRUE (found version "3.4.0") 
[7.020s] -- Ensuring Eigen3 include directory is part of orocos-kdl CMake target
[7.307s] -- Found nav2_lifecycle_manager: 1.3.6 (/home/thomas/MobileRobot/ws_new/install/nav2_lifecycle_manager/share/nav2_lifecycle_manager/cmake)
[7.522s] -- Found pluginlib: 5.4.2 (/opt/ros/jazzy/share/pluginlib/cmake)
[7.572s] -- Found TinyXML2 via Config file: /usr/lib/x86_64-linux-gnu/cmake/tinyxml2
[7.945s] -- Found rviz_common: 14.1.7 (/opt/ros/jazzy/share/rviz_common/cmake)
[7.986s] -- Setting OGRE_DIR to: '/opt/ros/jazzy/share/rviz_ogre_vendor/cmake/../../../opt/rviz_ogre_vendor/lib/OGRE/cmake'
[7.992s] -- Found OGRE
[7.993s] --   static     : OFF
[7.993s] --   components : MeshLodGenerator;Overlay;Paging;Property;RTShaderSystem;Terrain;Volume
[7.993s] --   plugins    : Plugin_BSPSceneManager;Plugin_OctreeSceneManager;Plugin_PCZSceneManager;Plugin_ParticleFX;RenderSystem_GL;RenderSystem_GL3Plus;Codec_STBI
[7.993s] --   media      : /opt/ros/jazzy/opt/rviz_ogre_vendor/share/OGRE/Media
[7.993s] -- OGRE_LIBRARIES: OgreMeshLodGenerator;OgreOverlay;OgrePaging;OgreProperty;OgreRTShaderSystem;OgreTerrain;OgreVolume;OgreMain
[7.994s] -- OGRE_LIBRARY_DIRS: /opt/ros/jazzy/opt/rviz_ogre_vendor/lib
[7.994s] -- OGRE_PLUGINS: Plugin_BSPSceneManager;Plugin_OctreeSceneManager;Plugin_PCZSceneManager;Plugin_ParticleFX;RenderSystem_GL;RenderSystem_GL3Plus;Codec_STBI
[7.994s] -- OGRE_PLUGIN_DIR: /opt/ros/jazzy/opt/rviz_ogre_vendor/lib/OGRE
[7.994s] -- rviz_ogre_vendor::OgreOverlay for IMPORTED_LOCATION_RELEASE: /opt/ros/jazzy/opt/rviz_ogre_vendor/lib/libOgreOverlay.so
[7.994s] -- rviz_ogre_vendor::OgreOverlay for IMPORTED_LOCATION_DEBUG: /opt/ros/jazzy/opt/rviz_ogre_vendor/lib/libOgreOverlay.so
[7.995s] -- rviz_ogre_vendor::OgreMain for IMPORTED_LOCATION_RELEASE: /opt/ros/jazzy/opt/rviz_ogre_vendor/lib/libOgreMain.so
[7.995s] -- rviz_ogre_vendor::OgreMain for IMPORTED_LOCATION_DEBUG: /opt/ros/jazzy/opt/rviz_ogre_vendor/lib/libOgreMain.so
[8.303s] -- Found ZLIB: /usr/lib/x86_64-linux-gnu/libz.so (found version "1.3")  
[8.387s] -- Found OpenGL: /usr/lib/x86_64-linux-gnu/libOpenGL.so   
[9.129s] -- Found X11: /usr/include   
[9.137s] -- Looking for XOpenDisplay in /usr/lib/x86_64-linux-gnu/libX11.so;/usr/lib/x86_64-linux-gnu/libXext.so
[9.291s] -- Looking for XOpenDisplay in /usr/lib/x86_64-linux-gnu/libX11.so;/usr/lib/x86_64-linux-gnu/libXext.so - found
[9.291s] -- Looking for gethostbyname
[9.430s] -- Looking for gethostbyname - found
[9.430s] -- Looking for connect
[9.556s] -- Looking for connect - found
[9.556s] -- Looking for remove
[9.692s] -- Looking for remove - found
[9.692s] -- Looking for shmat
[9.827s] -- Looking for shmat - found
[9.827s] -- Looking for IceConnectionNumber in ICE
[9.982s] -- Looking for IceConnectionNumber in ICE - found
[10.285s] -- Setting yaml-cpp_DIR to: '/opt/ros/jazzy/share/yaml_cpp_vendor/cmake/../../../opt/yaml_cpp_vendor/share/cmake/yaml-cpp'
[10.371s] -- Found rviz_default_plugins: 14.1.7 (/opt/ros/jazzy/share/rviz_default_plugins/cmake)
[11.077s] -- Found ament_lint_auto: 0.17.1 (/opt/ros/jazzy/share/ament_lint_auto/cmake)
[11.769s] -- Added test 'copyright' to check source files copyright and LICENSE
[11.850s] -- Added test 'cppcheck' to perform static code analysis on C / C++ code
[11.851s] -- Configured cppcheck include dirs: /home/thomas/MobileRobot/ws_new/src/navigation2/nav2_rviz_plugins/include
[11.851s] -- Configured cppcheck exclude dirs and/or files: 
[11.855s] -- Added test 'cpplint' to check C / C++ code against the Google style
[11.855s] -- Configured cpplint exclude dirs and/or files: 
[11.858s] -- Added test 'lint_cmake' to check CMake code style
[11.863s] -- Added test 'uncrustify' to check C / C++ code style
[11.863s] -- Configured uncrustify additional arguments: 
[11.865s] -- Added test 'xmllint' to check XML markup files
[11.936s] -- Configuring done (10.8s)
[12.986s] -- Generating done (1.0s)
[12.995s] -- Build files have been written to: /home/thomas/MobileRobot/ws_new/build/nav2_rviz_plugins
[13.015s] Invoked command in '/home/thomas/MobileRobot/ws_new/build/nav2_rviz_plugins' returned '0': AMENT_PREFIX_PATH=/home/thomas/MobileRobot/ws_new/install/nav2_lifecycle_manager:/home/thomas/MobileRobot/ws_new/install/nav2_util:/home/thomas/MobileRobot/ws_new/install/visualization_msgs:/home/thomas/MobileRobot/ws_new/install/nav2_msgs:/home/thomas/MobileRobot/ws_new/install/sensor_msgs:/home/thomas/MobileRobot/ws_new/install/nav_msgs:/home/thomas/MobileRobot/ws_new/install/geometry_msgs:/home/thomas/MobileRobot/ws_new/install/std_srvs:/home/thomas/MobileRobot/ws_new/install/std_msgs:/home/thomas/MobileRobot/ws_new/install/nav2_common:${AMENT_PREFIX_PATH} CMAKE_PREFIX_PATH=/home/thomas/MobileRobot/ws_new/install/nav2_lifecycle_manager:/home/thomas/MobileRobot/ws_new/install/nav2_util:/home/thomas/MobileRobot/ws_new/install/visualization_msgs:/home/thomas/MobileRobot/ws_new/install/nav2_msgs:/home/thomas/MobileRobot/ws_new/install/sensor_msgs:/home/thomas/MobileRobot/ws_new/install/nav_msgs:/home/thomas/MobileRobot/ws_new/install/geometry_msgs:/home/thomas/MobileRobot/ws_new/install/std_srvs:/home/thomas/MobileRobot/ws_new/install/std_msgs:/home/thomas/MobileRobot/ws_new/install/nav2_common:/opt/ros/jazzy/opt/gz_sim_vendor:/opt/ros/jazzy/opt/gz_sensors_vendor:/opt/ros/jazzy/opt/gz_physics_vendor:/opt/ros/jazzy/opt/sdformat_vendor:/opt/ros/jazzy/opt/gz_gui_vendor:/opt/ros/jazzy/opt/gz_transport_vendor:/opt/ros/jazzy/opt/gz_rendering_vendor:/opt/ros/jazzy/opt/gz_plugin_vendor:/opt/ros/jazzy/opt/gz_fuel_tools_vendor:/opt/ros/jazzy/opt/gz_msgs_vendor:/opt/ros/jazzy/opt/gz_common_vendor:/opt/ros/jazzy/opt/gz_math_vendor:/opt/ros/jazzy/opt/gz_utils_vendor:/opt/ros/jazzy/opt/gz_tools_vendor:/opt/ros/jazzy/opt/gz_ogre_next_vendor:/opt/ros/jazzy/opt/gz_dartsim_vendor:/opt/ros/jazzy/opt/gz_cmake_vendor:/home/thomas/dev_ws/install/basic_mobile_robot:/opt/ros/jazzy DEBUGINFOD_URLS=https://debuginfod.ubuntu.com LD_LIBRARY_PATH=/home/thomas/MobileRobot/ws_new/install/nav2_lifecycle_manager/lib:/home/thomas/MobileRobot/ws_new/install/nav2_util/lib:/home/thomas/MobileRobot/ws_new/install/visualization_msgs/lib:/home/thomas/MobileRobot/ws_new/install/nav2_msgs/lib:/home/thomas/MobileRobot/ws_new/install/sensor_msgs/lib:/home/thomas/MobileRobot/ws_new/install/nav_msgs/lib:/home/thomas/MobileRobot/ws_new/install/geometry_msgs/lib:/home/thomas/MobileRobot/ws_new/install/std_srvs/lib:/home/thomas/MobileRobot/ws_new/install/std_msgs/lib:${LD_LIBRARY_PATH} PYTHONPATH=/home/thomas/MobileRobot/ws_new/install/visualization_msgs/lib/python3.12/site-packages:/home/thomas/MobileRobot/ws_new/install/nav2_msgs/lib/python3.12/site-packages:/home/thomas/MobileRobot/ws_new/install/sensor_msgs/lib/python3.12/site-packages:/home/thomas/MobileRobot/ws_new/install/nav_msgs/lib/python3.12/site-packages:/home/thomas/MobileRobot/ws_new/install/geometry_msgs/lib/python3.12/site-packages:/home/thomas/MobileRobot/ws_new/install/std_srvs/lib/python3.12/site-packages:/home/thomas/MobileRobot/ws_new/install/std_msgs/lib/python3.12/site-packages:/home/thomas/MobileRobot/ws_new/install/nav2_common/lib/python3.12/site-packages:${PYTHONPATH} /usr/bin/cmake /home/thomas/MobileRobot/ws_new/src/navigation2/nav2_rviz_plugins -DCMAKE_INSTALL_PREFIX=/home/thomas/MobileRobot/ws_new/install/nav2_rviz_plugins
[13.125s] Invoking command in '/home/thomas/MobileRobot/ws_new/build/nav2_rviz_plugins': AMENT_PREFIX_PATH=/home/thomas/MobileRobot/ws_new/install/nav2_lifecycle_manager:/home/thomas/MobileRobot/ws_new/install/nav2_util:/home/thomas/MobileRobot/ws_new/install/visualization_msgs:/home/thomas/MobileRobot/ws_new/install/nav2_msgs:/home/thomas/MobileRobot/ws_new/install/sensor_msgs:/home/thomas/MobileRobot/ws_new/install/nav_msgs:/home/thomas/MobileRobot/ws_new/install/geometry_msgs:/home/thomas/MobileRobot/ws_new/install/std_srvs:/home/thomas/MobileRobot/ws_new/install/std_msgs:/home/thomas/MobileRobot/ws_new/install/nav2_common:${AMENT_PREFIX_PATH} CMAKE_PREFIX_PATH=/home/thomas/MobileRobot/ws_new/install/nav2_lifecycle_manager:/home/thomas/MobileRobot/ws_new/install/nav2_util:/home/thomas/MobileRobot/ws_new/install/visualization_msgs:/home/thomas/MobileRobot/ws_new/install/nav2_msgs:/home/thomas/MobileRobot/ws_new/install/sensor_msgs:/home/thomas/MobileRobot/ws_new/install/nav_msgs:/home/thomas/MobileRobot/ws_new/install/geometry_msgs:/home/thomas/MobileRobot/ws_new/install/std_srvs:/home/thomas/MobileRobot/ws_new/install/std_msgs:/home/thomas/MobileRobot/ws_new/install/nav2_common:/opt/ros/jazzy/opt/gz_sim_vendor:/opt/ros/jazzy/opt/gz_sensors_vendor:/opt/ros/jazzy/opt/gz_physics_vendor:/opt/ros/jazzy/opt/sdformat_vendor:/opt/ros/jazzy/opt/gz_gui_vendor:/opt/ros/jazzy/opt/gz_transport_vendor:/opt/ros/jazzy/opt/gz_rendering_vendor:/opt/ros/jazzy/opt/gz_plugin_vendor:/opt/ros/jazzy/opt/gz_fuel_tools_vendor:/opt/ros/jazzy/opt/gz_msgs_vendor:/opt/ros/jazzy/opt/gz_common_vendor:/opt/ros/jazzy/opt/gz_math_vendor:/opt/ros/jazzy/opt/gz_utils_vendor:/opt/ros/jazzy/opt/gz_tools_vendor:/opt/ros/jazzy/opt/gz_ogre_next_vendor:/opt/ros/jazzy/opt/gz_dartsim_vendor:/opt/ros/jazzy/opt/gz_cmake_vendor:/home/thomas/dev_ws/install/basic_mobile_robot:/opt/ros/jazzy DEBUGINFOD_URLS=https://debuginfod.ubuntu.com LD_LIBRARY_PATH=/home/thomas/MobileRobot/ws_new/install/nav2_lifecycle_manager/lib:/home/thomas/MobileRobot/ws_new/install/nav2_util/lib:/home/thomas/MobileRobot/ws_new/install/visualization_msgs/lib:/home/thomas/MobileRobot/ws_new/install/nav2_msgs/lib:/home/thomas/MobileRobot/ws_new/install/sensor_msgs/lib:/home/thomas/MobileRobot/ws_new/install/nav_msgs/lib:/home/thomas/MobileRobot/ws_new/install/geometry_msgs/lib:/home/thomas/MobileRobot/ws_new/install/std_srvs/lib:/home/thomas/MobileRobot/ws_new/install/std_msgs/lib:${LD_LIBRARY_PATH} PYTHONPATH=/home/thomas/MobileRobot/ws_new/install/visualization_msgs/lib/python3.12/site-packages:/home/thomas/MobileRobot/ws_new/install/nav2_msgs/lib/python3.12/site-packages:/home/thomas/MobileRobot/ws_new/install/sensor_msgs/lib/python3.12/site-packages:/home/thomas/MobileRobot/ws_new/install/nav_msgs/lib/python3.12/site-packages:/home/thomas/MobileRobot/ws_new/install/geometry_msgs/lib/python3.12/site-packages:/home/thomas/MobileRobot/ws_new/install/std_srvs/lib/python3.12/site-packages:/home/thomas/MobileRobot/ws_new/install/std_msgs/lib/python3.12/site-packages:/home/thomas/MobileRobot/ws_new/install/nav2_common/lib/python3.12/site-packages:${PYTHONPATH} /usr/bin/cmake --build /home/thomas/MobileRobot/ws_new/build/nav2_rviz_plugins -- -j8 -l8
[13.211s] [  0%] Built target nav2_rviz_plugins_autogen_timestamp_deps
[13.244s] [  8%] [34m[1mAutomatic MOC for target nav2_rviz_plugins[0m
[16.615s] [  8%] Built target nav2_rviz_plugins_autogen
[16.696s] [ 16%] [32mBuilding CXX object CMakeFiles/nav2_rviz_plugins.dir/nav2_rviz_plugins_autogen/mocs_compilation.cpp.o[0m
[35.030s] [ 25%] [32mBuilding CXX object CMakeFiles/nav2_rviz_plugins.dir/src/particle_cloud_display/flat_weighted_arrows_array.cpp.o[0m
[43.137s] [ 33%] [32mBuilding CXX object CMakeFiles/nav2_rviz_plugins.dir/src/particle_cloud_display/particle_cloud_display.cpp.o[0m
[69.432s] [ 41%] [32mBuilding CXX object CMakeFiles/nav2_rviz_plugins.dir/src/utils.cpp.o[0m
[77.146s] [ 50%] [32mBuilding CXX object CMakeFiles/nav2_rviz_plugins.dir/src/selector.cpp.o[0m
[77.152s] [ 58%] [32mBuilding CXX object CMakeFiles/nav2_rviz_plugins.dir/src/nav2_panel.cpp.o[0m
[125.075s] [ 66%] [32mBuilding CXX object CMakeFiles/nav2_rviz_plugins.dir/src/goal_tool.cpp.o[0m
[134.002s] [ 75%] [32mBuilding CXX object CMakeFiles/nav2_rviz_plugins.dir/src/docking_panel.cpp.o[0m
[167.928s] [ 83%] [32mBuilding CXX object CMakeFiles/nav2_rviz_plugins.dir/src/costmap_cost_tool.cpp.o[0m
[177.292s] [ 91%] [32m[1mLinking CXX shared library libnav2_rviz_plugins.so[0m
[189.651s] [100%] Built target nav2_rviz_plugins
[189.679s] Invoked command in '/home/thomas/MobileRobot/ws_new/build/nav2_rviz_plugins' returned '0': AMENT_PREFIX_PATH=/home/thomas/MobileRobot/ws_new/install/nav2_lifecycle_manager:/home/thomas/MobileRobot/ws_new/install/nav2_util:/home/thomas/MobileRobot/ws_new/install/visualization_msgs:/home/thomas/MobileRobot/ws_new/install/nav2_msgs:/home/thomas/MobileRobot/ws_new/install/sensor_msgs:/home/thomas/MobileRobot/ws_new/install/nav_msgs:/home/thomas/MobileRobot/ws_new/install/geometry_msgs:/home/thomas/MobileRobot/ws_new/install/std_srvs:/home/thomas/MobileRobot/ws_new/install/std_msgs:/home/thomas/MobileRobot/ws_new/install/nav2_common:${AMENT_PREFIX_PATH} CMAKE_PREFIX_PATH=/home/thomas/MobileRobot/ws_new/install/nav2_lifecycle_manager:/home/thomas/MobileRobot/ws_new/install/nav2_util:/home/thomas/MobileRobot/ws_new/install/visualization_msgs:/home/thomas/MobileRobot/ws_new/install/nav2_msgs:/home/thomas/MobileRobot/ws_new/install/sensor_msgs:/home/thomas/MobileRobot/ws_new/install/nav_msgs:/home/thomas/MobileRobot/ws_new/install/geometry_msgs:/home/thomas/MobileRobot/ws_new/install/std_srvs:/home/thomas/MobileRobot/ws_new/install/std_msgs:/home/thomas/MobileRobot/ws_new/install/nav2_common:/opt/ros/jazzy/opt/gz_sim_vendor:/opt/ros/jazzy/opt/gz_sensors_vendor:/opt/ros/jazzy/opt/gz_physics_vendor:/opt/ros/jazzy/opt/sdformat_vendor:/opt/ros/jazzy/opt/gz_gui_vendor:/opt/ros/jazzy/opt/gz_transport_vendor:/opt/ros/jazzy/opt/gz_rendering_vendor:/opt/ros/jazzy/opt/gz_plugin_vendor:/opt/ros/jazzy/opt/gz_fuel_tools_vendor:/opt/ros/jazzy/opt/gz_msgs_vendor:/opt/ros/jazzy/opt/gz_common_vendor:/opt/ros/jazzy/opt/gz_math_vendor:/opt/ros/jazzy/opt/gz_utils_vendor:/opt/ros/jazzy/opt/gz_tools_vendor:/opt/ros/jazzy/opt/gz_ogre_next_vendor:/opt/ros/jazzy/opt/gz_dartsim_vendor:/opt/ros/jazzy/opt/gz_cmake_vendor:/home/thomas/dev_ws/install/basic_mobile_robot:/opt/ros/jazzy DEBUGINFOD_URLS=https://debuginfod.ubuntu.com LD_LIBRARY_PATH=/home/thomas/MobileRobot/ws_new/install/nav2_lifecycle_manager/lib:/home/thomas/MobileRobot/ws_new/install/nav2_util/lib:/home/thomas/MobileRobot/ws_new/install/visualization_msgs/lib:/home/thomas/MobileRobot/ws_new/install/nav2_msgs/lib:/home/thomas/MobileRobot/ws_new/install/sensor_msgs/lib:/home/thomas/MobileRobot/ws_new/install/nav_msgs/lib:/home/thomas/MobileRobot/ws_new/install/geometry_msgs/lib:/home/thomas/MobileRobot/ws_new/install/std_srvs/lib:/home/thomas/MobileRobot/ws_new/install/std_msgs/lib:${LD_LIBRARY_PATH} PYTHONPATH=/home/thomas/MobileRobot/ws_new/install/visualization_msgs/lib/python3.12/site-packages:/home/thomas/MobileRobot/ws_new/install/nav2_msgs/lib/python3.12/site-packages:/home/thomas/MobileRobot/ws_new/install/sensor_msgs/lib/python3.12/site-packages:/home/thomas/MobileRobot/ws_new/install/nav_msgs/lib/python3.12/site-packages:/home/thomas/MobileRobot/ws_new/install/geometry_msgs/lib/python3.12/site-packages:/home/thomas/MobileRobot/ws_new/install/std_srvs/lib/python3.12/site-packages:/home/thomas/MobileRobot/ws_new/install/std_msgs/lib/python3.12/site-packages:/home/thomas/MobileRobot/ws_new/install/nav2_common/lib/python3.12/site-packages:${PYTHONPATH} /usr/bin/cmake --build /home/thomas/MobileRobot/ws_new/build/nav2_rviz_plugins -- -j8 -l8
[189.689s] Invoking command in '/home/thomas/MobileRobot/ws_new/build/nav2_rviz_plugins': AMENT_PREFIX_PATH=/home/thomas/MobileRobot/ws_new/install/nav2_lifecycle_manager:/home/thomas/MobileRobot/ws_new/install/nav2_util:/home/thomas/MobileRobot/ws_new/install/visualization_msgs:/home/thomas/MobileRobot/ws_new/install/nav2_msgs:/home/thomas/MobileRobot/ws_new/install/sensor_msgs:/home/thomas/MobileRobot/ws_new/install/nav_msgs:/home/thomas/MobileRobot/ws_new/install/geometry_msgs:/home/thomas/MobileRobot/ws_new/install/std_srvs:/home/thomas/MobileRobot/ws_new/install/std_msgs:/home/thomas/MobileRobot/ws_new/install/nav2_common:${AMENT_PREFIX_PATH} CMAKE_PREFIX_PATH=/home/thomas/MobileRobot/ws_new/install/nav2_lifecycle_manager:/home/thomas/MobileRobot/ws_new/install/nav2_util:/home/thomas/MobileRobot/ws_new/install/visualization_msgs:/home/thomas/MobileRobot/ws_new/install/nav2_msgs:/home/thomas/MobileRobot/ws_new/install/sensor_msgs:/home/thomas/MobileRobot/ws_new/install/nav_msgs:/home/thomas/MobileRobot/ws_new/install/geometry_msgs:/home/thomas/MobileRobot/ws_new/install/std_srvs:/home/thomas/MobileRobot/ws_new/install/std_msgs:/home/thomas/MobileRobot/ws_new/install/nav2_common:/opt/ros/jazzy/opt/gz_sim_vendor:/opt/ros/jazzy/opt/gz_sensors_vendor:/opt/ros/jazzy/opt/gz_physics_vendor:/opt/ros/jazzy/opt/sdformat_vendor:/opt/ros/jazzy/opt/gz_gui_vendor:/opt/ros/jazzy/opt/gz_transport_vendor:/opt/ros/jazzy/opt/gz_rendering_vendor:/opt/ros/jazzy/opt/gz_plugin_vendor:/opt/ros/jazzy/opt/gz_fuel_tools_vendor:/opt/ros/jazzy/opt/gz_msgs_vendor:/opt/ros/jazzy/opt/gz_common_vendor:/opt/ros/jazzy/opt/gz_math_vendor:/opt/ros/jazzy/opt/gz_utils_vendor:/opt/ros/jazzy/opt/gz_tools_vendor:/opt/ros/jazzy/opt/gz_ogre_next_vendor:/opt/ros/jazzy/opt/gz_dartsim_vendor:/opt/ros/jazzy/opt/gz_cmake_vendor:/home/thomas/dev_ws/install/basic_mobile_robot:/opt/ros/jazzy DEBUGINFOD_URLS=https://debuginfod.ubuntu.com LD_LIBRARY_PATH=/home/thomas/MobileRobot/ws_new/install/nav2_lifecycle_manager/lib:/home/thomas/MobileRobot/ws_new/install/nav2_util/lib:/home/thomas/MobileRobot/ws_new/install/visualization_msgs/lib:/home/thomas/MobileRobot/ws_new/install/nav2_msgs/lib:/home/thomas/MobileRobot/ws_new/install/sensor_msgs/lib:/home/thomas/MobileRobot/ws_new/install/nav_msgs/lib:/home/thomas/MobileRobot/ws_new/install/geometry_msgs/lib:/home/thomas/MobileRobot/ws_new/install/std_srvs/lib:/home/thomas/MobileRobot/ws_new/install/std_msgs/lib:${LD_LIBRARY_PATH} PYTHONPATH=/home/thomas/MobileRobot/ws_new/install/visualization_msgs/lib/python3.12/site-packages:/home/thomas/MobileRobot/ws_new/install/nav2_msgs/lib/python3.12/site-packages:/home/thomas/MobileRobot/ws_new/install/sensor_msgs/lib/python3.12/site-packages:/home/thomas/MobileRobot/ws_new/install/nav_msgs/lib/python3.12/site-packages:/home/thomas/MobileRobot/ws_new/install/geometry_msgs/lib/python3.12/site-packages:/home/thomas/MobileRobot/ws_new/install/std_srvs/lib/python3.12/site-packages:/home/thomas/MobileRobot/ws_new/install/std_msgs/lib/python3.12/site-packages:/home/thomas/MobileRobot/ws_new/install/nav2_common/lib/python3.12/site-packages:${PYTHONPATH} /usr/bin/cmake --install /home/thomas/MobileRobot/ws_new/build/nav2_rviz_plugins
[189.712s] -- Install configuration: ""
[189.713s] -- Installing: /home/thomas/MobileRobot/ws_new/install/nav2_rviz_plugins/share/nav2_rviz_plugins/plugins_description.xml
[189.719s] -- Installing: /home/thomas/MobileRobot/ws_new/install/nav2_rviz_plugins/lib/libnav2_rviz_plugins.so
[189.758s] -- Set non-toolchain portion of runtime path of "/home/thomas/MobileRobot/ws_new/install/nav2_rviz_plugins/lib/libnav2_rviz_plugins.so" to ""
[189.759s] -- Installing: /home/thomas/MobileRobot/ws_new/install/nav2_rviz_plugins/include/
[189.759s] -- Installing: /home/thomas/MobileRobot/ws_new/install/nav2_rviz_plugins/include//nav2_rviz_plugins
[189.760s] -- Installing: /home/thomas/MobileRobot/ws_new/install/nav2_rviz_plugins/include//nav2_rviz_plugins/nav2_panel.hpp
[189.761s] -- Installing: /home/thomas/MobileRobot/ws_new/install/nav2_rviz_plugins/include//nav2_rviz_plugins/utils.hpp
[189.761s] -- Installing: /home/thomas/MobileRobot/ws_new/install/nav2_rviz_plugins/include//nav2_rviz_plugins/particle_cloud_display
[189.762s] -- Installing: /home/thomas/MobileRobot/ws_new/install/nav2_rviz_plugins/include//nav2_rviz_plugins/particle_cloud_display/particle_cloud_display.hpp
[189.763s] -- Installing: /home/thomas/MobileRobot/ws_new/install/nav2_rviz_plugins/include//nav2_rviz_plugins/particle_cloud_display/flat_weighted_arrows_array.hpp
[189.764s] -- Installing: /home/thomas/MobileRobot/ws_new/install/nav2_rviz_plugins/include//nav2_rviz_plugins/selector.hpp
[189.764s] -- Installing: /home/thomas/MobileRobot/ws_new/install/nav2_rviz_plugins/include//nav2_rviz_plugins/costmap_cost_tool.hpp
[189.765s] -- Installing: /home/thomas/MobileRobot/ws_new/install/nav2_rviz_plugins/include//nav2_rviz_plugins/goal_tool.hpp
[189.766s] -- Installing: /home/thomas/MobileRobot/ws_new/install/nav2_rviz_plugins/include//nav2_rviz_plugins/ros_action_qevent.hpp
[189.766s] -- Installing: /home/thomas/MobileRobot/ws_new/install/nav2_rviz_plugins/include//nav2_rviz_plugins/goal_common.hpp
[189.767s] -- Installing: /home/thomas/MobileRobot/ws_new/install/nav2_rviz_plugins/include//nav2_rviz_plugins/goal_pose_updater.hpp
[189.768s] -- Installing: /home/thomas/MobileRobot/ws_new/install/nav2_rviz_plugins/include//nav2_rviz_plugins/docking_panel.hpp
[189.768s] -- Installing: /home/thomas/MobileRobot/ws_new/install/nav2_rviz_plugins/share/nav2_rviz_plugins/icons
[189.769s] -- Installing: /home/thomas/MobileRobot/ws_new/install/nav2_rviz_plugins/share/nav2_rviz_plugins/icons/classes
[189.769s] -- Installing: /home/thomas/MobileRobot/ws_new/install/nav2_rviz_plugins/share/nav2_rviz_plugins/icons/classes/Docking.svg
[189.780s] -- Installing: /home/thomas/MobileRobot/ws_new/install/nav2_rviz_plugins/share/nav2_rviz_plugins/icons/classes/nav2_logo_small.png
[189.781s] -- Installing: /home/thomas/MobileRobot/ws_new/install/nav2_rviz_plugins/share/nav2_rviz_plugins/environment/library_path.sh
[189.782s] -- Installing: /home/thomas/MobileRobot/ws_new/install/nav2_rviz_plugins/share/nav2_rviz_plugins/environment/library_path.dsv
[189.783s] -- Installing: /home/thomas/MobileRobot/ws_new/install/nav2_rviz_plugins/share/ament_index/resource_index/package_run_dependencies/nav2_rviz_plugins
[189.784s] -- Installing: /home/thomas/MobileRobot/ws_new/install/nav2_rviz_plugins/share/ament_index/resource_index/parent_prefix_path/nav2_rviz_plugins
[189.784s] -- Installing: /home/thomas/MobileRobot/ws_new/install/nav2_rviz_plugins/share/nav2_rviz_plugins/environment/ament_prefix_path.sh
[189.785s] -- Installing: /home/thomas/MobileRobot/ws_new/install/nav2_rviz_plugins/share/nav2_rviz_plugins/environment/ament_prefix_path.dsv
[189.786s] -- Installing: /home/thomas/MobileRobot/ws_new/install/nav2_rviz_plugins/share/nav2_rviz_plugins/environment/path.sh
[189.787s] -- Installing: /home/thomas/MobileRobot/ws_new/install/nav2_rviz_plugins/share/nav2_rviz_plugins/environment/path.dsv
[189.788s] -- Installing: /home/thomas/MobileRobot/ws_new/install/nav2_rviz_plugins/share/nav2_rviz_plugins/local_setup.bash
[189.788s] -- Installing: /home/thomas/MobileRobot/ws_new/install/nav2_rviz_plugins/share/nav2_rviz_plugins/local_setup.sh
[189.789s] -- Installing: /home/thomas/MobileRobot/ws_new/install/nav2_rviz_plugins/share/nav2_rviz_plugins/local_setup.zsh
[189.790s] -- Installing: /home/thomas/MobileRobot/ws_new/install/nav2_rviz_plugins/share/nav2_rviz_plugins/local_setup.dsv
[189.790s] -- Installing: /home/thomas/MobileRobot/ws_new/install/nav2_rviz_plugins/share/nav2_rviz_plugins/package.dsv
[189.792s] -- Installing: /home/thomas/MobileRobot/ws_new/install/nav2_rviz_plugins/share/ament_index/resource_index/packages/nav2_rviz_plugins
[189.792s] -- Installing: /home/thomas/MobileRobot/ws_new/install/nav2_rviz_plugins/share/ament_index/resource_index/rviz_common__pluginlib__plugin/nav2_rviz_plugins
[189.794s] -- Installing: /home/thomas/MobileRobot/ws_new/install/nav2_rviz_plugins/share/nav2_rviz_plugins/cmake/nav2_rviz_pluginsExport.cmake
[189.794s] -- Installing: /home/thomas/MobileRobot/ws_new/install/nav2_rviz_plugins/share/nav2_rviz_plugins/cmake/nav2_rviz_pluginsExport-noconfig.cmake
[189.795s] -- Installing: /home/thomas/MobileRobot/ws_new/install/nav2_rviz_plugins/share/nav2_rviz_plugins/cmake/ament_cmake_export_include_directories-extras.cmake
[189.796s] -- Installing: /home/thomas/MobileRobot/ws_new/install/nav2_rviz_plugins/share/nav2_rviz_plugins/cmake/ament_cmake_export_targets-extras.cmake
[189.797s] -- Installing: /home/thomas/MobileRobot/ws_new/install/nav2_rviz_plugins/share/nav2_rviz_plugins/cmake/ament_cmake_export_dependencies-extras.cmake
[189.797s] -- Installing: /home/thomas/MobileRobot/ws_new/install/nav2_rviz_plugins/share/nav2_rviz_plugins/cmake/nav2_rviz_pluginsConfig.cmake
[189.798s] -- Installing: /home/thomas/MobileRobot/ws_new/install/nav2_rviz_plugins/share/nav2_rviz_plugins/cmake/nav2_rviz_pluginsConfig-version.cmake
[189.799s] -- Installing: /home/thomas/MobileRobot/ws_new/install/nav2_rviz_plugins/share/nav2_rviz_plugins/package.xml
[189.813s] Invoked command in '/home/thomas/MobileRobot/ws_new/build/nav2_rviz_plugins' returned '0': AMENT_PREFIX_PATH=/home/thomas/MobileRobot/ws_new/install/nav2_lifecycle_manager:/home/thomas/MobileRobot/ws_new/install/nav2_util:/home/thomas/MobileRobot/ws_new/install/visualization_msgs:/home/thomas/MobileRobot/ws_new/install/nav2_msgs:/home/thomas/MobileRobot/ws_new/install/sensor_msgs:/home/thomas/MobileRobot/ws_new/install/nav_msgs:/home/thomas/MobileRobot/ws_new/install/geometry_msgs:/home/thomas/MobileRobot/ws_new/install/std_srvs:/home/thomas/MobileRobot/ws_new/install/std_msgs:/home/thomas/MobileRobot/ws_new/install/nav2_common:${AMENT_PREFIX_PATH} CMAKE_PREFIX_PATH=/home/thomas/MobileRobot/ws_new/install/nav2_lifecycle_manager:/home/thomas/MobileRobot/ws_new/install/nav2_util:/home/thomas/MobileRobot/ws_new/install/visualization_msgs:/home/thomas/MobileRobot/ws_new/install/nav2_msgs:/home/thomas/MobileRobot/ws_new/install/sensor_msgs:/home/thomas/MobileRobot/ws_new/install/nav_msgs:/home/thomas/MobileRobot/ws_new/install/geometry_msgs:/home/thomas/MobileRobot/ws_new/install/std_srvs:/home/thomas/MobileRobot/ws_new/install/std_msgs:/home/thomas/MobileRobot/ws_new/install/nav2_common:/opt/ros/jazzy/opt/gz_sim_vendor:/opt/ros/jazzy/opt/gz_sensors_vendor:/opt/ros/jazzy/opt/gz_physics_vendor:/opt/ros/jazzy/opt/sdformat_vendor:/opt/ros/jazzy/opt/gz_gui_vendor:/opt/ros/jazzy/opt/gz_transport_vendor:/opt/ros/jazzy/opt/gz_rendering_vendor:/opt/ros/jazzy/opt/gz_plugin_vendor:/opt/ros/jazzy/opt/gz_fuel_tools_vendor:/opt/ros/jazzy/opt/gz_msgs_vendor:/opt/ros/jazzy/opt/gz_common_vendor:/opt/ros/jazzy/opt/gz_math_vendor:/opt/ros/jazzy/opt/gz_utils_vendor:/opt/ros/jazzy/opt/gz_tools_vendor:/opt/ros/jazzy/opt/gz_ogre_next_vendor:/opt/ros/jazzy/opt/gz_dartsim_vendor:/opt/ros/jazzy/opt/gz_cmake_vendor:/home/thomas/dev_ws/install/basic_mobile_robot:/opt/ros/jazzy DEBUGINFOD_URLS=https://debuginfod.ubuntu.com LD_LIBRARY_PATH=/home/thomas/MobileRobot/ws_new/install/nav2_lifecycle_manager/lib:/home/thomas/MobileRobot/ws_new/install/nav2_util/lib:/home/thomas/MobileRobot/ws_new/install/visualization_msgs/lib:/home/thomas/MobileRobot/ws_new/install/nav2_msgs/lib:/home/thomas/MobileRobot/ws_new/install/sensor_msgs/lib:/home/thomas/MobileRobot/ws_new/install/nav_msgs/lib:/home/thomas/MobileRobot/ws_new/install/geometry_msgs/lib:/home/thomas/MobileRobot/ws_new/install/std_srvs/lib:/home/thomas/MobileRobot/ws_new/install/std_msgs/lib:${LD_LIBRARY_PATH} PYTHONPATH=/home/thomas/MobileRobot/ws_new/install/visualization_msgs/lib/python3.12/site-packages:/home/thomas/MobileRobot/ws_new/install/nav2_msgs/lib/python3.12/site-packages:/home/thomas/MobileRobot/ws_new/install/sensor_msgs/lib/python3.12/site-packages:/home/thomas/MobileRobot/ws_new/install/nav_msgs/lib/python3.12/site-packages:/home/thomas/MobileRobot/ws_new/install/geometry_msgs/lib/python3.12/site-packages:/home/thomas/MobileRobot/ws_new/install/std_srvs/lib/python3.12/site-packages:/home/thomas/MobileRobot/ws_new/install/std_msgs/lib/python3.12/site-packages:/home/thomas/MobileRobot/ws_new/install/nav2_common/lib/python3.12/site-packages:${PYTHONPATH} /usr/bin/cmake --install /home/thomas/MobileRobot/ws_new/build/nav2_rviz_plugins
