[0.373s] Invoking command in '/home/thomas/MobileRobot/ws_new/build/my_kinematics_pkg': CMAKE_PREFIX_PATH=${CMAKE_PREFIX_PATH}:/home/thomas/MobileRobot/ws_new/install/publisher_subscriber:/home/thomas/MobileRobot/ws_new/install/navigation:/opt/ros/jazzy DEBUGINFOD_URLS=https://debuginfod.ubuntu.com /usr/bin/cmake --build /home/thomas/MobileRobot/ws_new/build/my_kinematics_pkg -- -j8 -l8
[6.661s] [ 50%] [32mBuilding CXX object CMakeFiles/kinematics_node.dir/src/kinematics_node.cpp.o[0m
[27.859s] [100%] [32m[1mLinking CXX executable kinematics_node[0m
[29.889s] [100%] Built target kinematics_node
[29.906s] Invoked command in '/home/thomas/MobileRobot/ws_new/build/my_kinematics_pkg' returned '0': CMAKE_PREFIX_PATH=${CMAKE_PREFIX_PATH}:/home/thomas/MobileRobot/ws_new/install/publisher_subscriber:/home/thomas/MobileRobot/ws_new/install/navigation:/opt/ros/jazzy DEBUGINFOD_URLS=https://debuginfod.ubuntu.com /usr/bin/cmake --build /home/thomas/MobileRobot/ws_new/build/my_kinematics_pkg -- -j8 -l8
[29.918s] Invoking command in '/home/thomas/MobileRobot/ws_new/build/my_kinematics_pkg': CMAKE_PREFIX_PATH=${CMAKE_PREFIX_PATH}:/home/thomas/MobileRobot/ws_new/install/publisher_subscriber:/home/thomas/MobileRobot/ws_new/install/navigation:/opt/ros/jazzy DEBUGINFOD_URLS=https://debuginfod.ubuntu.com /usr/bin/cmake --install /home/thomas/MobileRobot/ws_new/build/my_kinematics_pkg
[29.954s] -- Install configuration: ""
[29.972s] -- Installing: /home/thomas/MobileRobot/ws_new/install/my_kinematics_pkg/lib/my_kinematics_pkg/kinematics_node
[30.009s] -- Set non-toolchain portion of runtime path of "/home/thomas/MobileRobot/ws_new/install/my_kinematics_pkg/lib/my_kinematics_pkg/kinematics_node" to ""
[30.009s] -- Up-to-date: /home/thomas/MobileRobot/ws_new/install/my_kinematics_pkg/share/ament_index/resource_index/package_run_dependencies/my_kinematics_pkg
[30.010s] -- Up-to-date: /home/thomas/MobileRobot/ws_new/install/my_kinematics_pkg/share/ament_index/resource_index/parent_prefix_path/my_kinematics_pkg
[30.010s] -- Up-to-date: /home/thomas/MobileRobot/ws_new/install/my_kinematics_pkg/share/my_kinematics_pkg/environment/ament_prefix_path.sh
[30.010s] -- Up-to-date: /home/thomas/MobileRobot/ws_new/install/my_kinematics_pkg/share/my_kinematics_pkg/environment/ament_prefix_path.dsv
[30.011s] -- Up-to-date: /home/thomas/MobileRobot/ws_new/install/my_kinematics_pkg/share/my_kinematics_pkg/environment/path.sh
[30.011s] -- Up-to-date: /home/thomas/MobileRobot/ws_new/install/my_kinematics_pkg/share/my_kinematics_pkg/environment/path.dsv
[30.011s] -- Up-to-date: /home/thomas/MobileRobot/ws_new/install/my_kinematics_pkg/share/my_kinematics_pkg/local_setup.bash
[30.011s] -- Up-to-date: /home/thomas/MobileRobot/ws_new/install/my_kinematics_pkg/share/my_kinematics_pkg/local_setup.sh
[30.012s] -- Up-to-date: /home/thomas/MobileRobot/ws_new/install/my_kinematics_pkg/share/my_kinematics_pkg/local_setup.zsh
[30.012s] -- Up-to-date: /home/thomas/MobileRobot/ws_new/install/my_kinematics_pkg/share/my_kinematics_pkg/local_setup.dsv
[30.012s] -- Installing: /home/thomas/MobileRobot/ws_new/install/my_kinematics_pkg/share/my_kinematics_pkg/package.dsv
[30.013s] -- Up-to-date: /home/thomas/MobileRobot/ws_new/install/my_kinematics_pkg/share/ament_index/resource_index/packages/my_kinematics_pkg
[30.013s] -- Up-to-date: /home/thomas/MobileRobot/ws_new/install/my_kinematics_pkg/share/my_kinematics_pkg/cmake/my_kinematics_pkgConfig.cmake
[30.013s] -- Up-to-date: /home/thomas/MobileRobot/ws_new/install/my_kinematics_pkg/share/my_kinematics_pkg/cmake/my_kinematics_pkgConfig-version.cmake
[30.013s] -- Up-to-date: /home/thomas/MobileRobot/ws_new/install/my_kinematics_pkg/share/my_kinematics_pkg/package.xml
[30.015s] Invoked command in '/home/thomas/MobileRobot/ws_new/build/my_kinematics_pkg' returned '0': CMAKE_PREFIX_PATH=${CMAKE_PREFIX_PATH}:/home/thomas/MobileRobot/ws_new/install/publisher_subscriber:/home/thomas/MobileRobot/ws_new/install/navigation:/opt/ros/jazzy DEBUGINFOD_URLS=https://debuginfod.ubuntu.com /usr/bin/cmake --install /home/thomas/MobileRobot/ws_new/build/my_kinematics_pkg
