[13.334s] Invoking command in '/home/thomas/MobileRobot/ws_new/src/navigation': DEBUGINFOD_URLS=https://debuginfod.ubuntu.com PYTHONPATH=/home/thomas/MobileRobot/ws_new/build/navigation/prefix_override:/usr/lib/python3/dist-packages/colcon_core/task/python/colcon_distutils_commands:/home/thomas/MobileRobot/ws_new/install/navigation/lib/python3.12/site-packages:${PYTHONPATH} /usr/bin/python3 -W ignore:setup.py install is deprecated -W ignore:easy_install command is deprecated setup.py egg_info --egg-base ../../build/navigation build --build-base /home/thomas/MobileRobot/ws_new/build/navigation/build install --record /home/thomas/MobileRobot/ws_new/build/navigation/install.log --single-version-externally-managed install_data
[13.742s] running egg_info
[13.779s] writing ../../build/navigation/navigation.egg-info/PKG-INFO
[13.780s] writing dependency_links to ../../build/navigation/navigation.egg-info/dependency_links.txt
[13.780s] writing entry points to ../../build/navigation/navigation.egg-info/entry_points.txt
[13.780s] writing requirements to ../../build/navigation/navigation.egg-info/requires.txt
[13.781s] writing top-level names to ../../build/navigation/navigation.egg-info/top_level.txt
[13.844s] reading manifest file '../../build/navigation/navigation.egg-info/SOURCES.txt'
[13.845s] writing manifest file '../../build/navigation/navigation.egg-info/SOURCES.txt'
[13.845s] running build
[13.845s] running build_py
[13.846s] running install
[13.855s] running install_lib
[13.886s] running install_data
[13.886s] running install_egg_info
[13.919s] removing '/home/thomas/MobileRobot/ws_new/install/navigation/lib/python3.12/site-packages/navigation-0.0.0-py3.12.egg-info' (and everything under it)
[13.920s] Copying ../../build/navigation/navigation.egg-info to /home/thomas/MobileRobot/ws_new/install/navigation/lib/python3.12/site-packages/navigation-0.0.0-py3.12.egg-info
[13.941s] running install_scripts
[14.142s] Installing gps_path_follow script to /home/thomas/MobileRobot/ws_new/install/navigation/lib/navigation
[14.142s] Installing nav_node script to /home/thomas/MobileRobot/ws_new/install/navigation/lib/navigation
[14.143s] Installing waypoint_follow script to /home/thomas/MobileRobot/ws_new/install/navigation/lib/navigation
[14.173s] writing list of installed files to '/home/thomas/MobileRobot/ws_new/build/navigation/install.log'
[14.223s] Invoked command in '/home/thomas/MobileRobot/ws_new/src/navigation' returned '0': DEBUGINFOD_URLS=https://debuginfod.ubuntu.com PYTHONPATH=/home/thomas/MobileRobot/ws_new/build/navigation/prefix_override:/usr/lib/python3/dist-packages/colcon_core/task/python/colcon_distutils_commands:/home/thomas/MobileRobot/ws_new/install/navigation/lib/python3.12/site-packages:${PYTHONPATH} /usr/bin/python3 -W ignore:setup.py install is deprecated -W ignore:easy_install command is deprecated setup.py egg_info --egg-base ../../build/navigation build --build-base /home/thomas/MobileRobot/ws_new/build/navigation/build install --record /home/thomas/MobileRobot/ws_new/build/navigation/install.log --single-version-externally-managed install_data
