[0.444s] Invoking command in '/home/thomas/MobileRobot/ws_new/build/my_kinematics_pkg': CMAKE_PREFIX_PATH=${CMAKE_PREFIX_PATH}:/home/thomas/MobileRobot/ws_new/install/publisher_subscriber:/home/thomas/MobileRobot/ws_new/install/navigation:/opt/ros/jazzy DEBUGINFOD_URLS=https://debuginfod.ubuntu.com /usr/bin/cmake --build /home/thomas/MobileRobot/ws_new/build/my_kinematics_pkg -- -j8 -l8
[5.868s] [100%] Built target kinematics_node
[5.898s] Invoked command in '/home/thomas/MobileRobot/ws_new/build/my_kinematics_pkg' returned '0': CMAKE_PREFIX_PATH=${CMAKE_PREFIX_PATH}:/home/thomas/MobileRobot/ws_new/install/publisher_subscriber:/home/thomas/MobileRobot/ws_new/install/navigation:/opt/ros/jazzy DEBUGINFOD_URLS=https://debuginfod.ubuntu.com /usr/bin/cmake --build /home/thomas/MobileRobot/ws_new/build/my_kinematics_pkg -- -j8 -l8
[5.952s] Invoking command in '/home/thomas/MobileRobot/ws_new/build/my_kinematics_pkg': CMAKE_PREFIX_PATH=${CMAKE_PREFIX_PATH}:/home/thomas/MobileRobot/ws_new/install/publisher_subscriber:/home/thomas/MobileRobot/ws_new/install/navigation:/opt/ros/jazzy DEBUGINFOD_URLS=https://debuginfod.ubuntu.com /usr/bin/cmake --install /home/thomas/MobileRobot/ws_new/build/my_kinematics_pkg
[6.022s] -- Install configuration: ""
[6.138s] -- Up-to-date: /home/thomas/MobileRobot/ws_new/install/my_kinematics_pkg/lib/my_kinematics_pkg/kinematics_node
[6.163s] -- Up-to-date: /home/thomas/MobileRobot/ws_new/install/my_kinematics_pkg/share/ament_index/resource_index/package_run_dependencies/my_kinematics_pkg
[6.164s] -- Up-to-date: /home/thomas/MobileRobot/ws_new/install/my_kinematics_pkg/share/ament_index/resource_index/parent_prefix_path/my_kinematics_pkg
[6.182s] -- Up-to-date: /home/thomas/MobileRobot/ws_new/install/my_kinematics_pkg/share/my_kinematics_pkg/environment/ament_prefix_path.sh
[6.183s] -- Up-to-date: /home/thomas/MobileRobot/ws_new/install/my_kinematics_pkg/share/my_kinematics_pkg/environment/ament_prefix_path.dsv
[6.184s] -- Up-to-date: /home/thomas/MobileRobot/ws_new/install/my_kinematics_pkg/share/my_kinematics_pkg/environment/path.sh
[6.185s] -- Up-to-date: /home/thomas/MobileRobot/ws_new/install/my_kinematics_pkg/share/my_kinematics_pkg/environment/path.dsv
[6.185s] -- Up-to-date: /home/thomas/MobileRobot/ws_new/install/my_kinematics_pkg/share/my_kinematics_pkg/local_setup.bash
[6.185s] -- Up-to-date: /home/thomas/MobileRobot/ws_new/install/my_kinematics_pkg/share/my_kinematics_pkg/local_setup.sh
[6.186s] -- Up-to-date: /home/thomas/MobileRobot/ws_new/install/my_kinematics_pkg/share/my_kinematics_pkg/local_setup.zsh
[6.186s] -- Up-to-date: /home/thomas/MobileRobot/ws_new/install/my_kinematics_pkg/share/my_kinematics_pkg/local_setup.dsv
[6.186s] -- Installing: /home/thomas/MobileRobot/ws_new/install/my_kinematics_pkg/share/my_kinematics_pkg/package.dsv
[6.227s] -- Up-to-date: /home/thomas/MobileRobot/ws_new/install/my_kinematics_pkg/share/ament_index/resource_index/packages/my_kinematics_pkg
[6.229s] -- Up-to-date: /home/thomas/MobileRobot/ws_new/install/my_kinematics_pkg/share/my_kinematics_pkg/cmake/my_kinematics_pkgConfig.cmake
[6.229s] -- Up-to-date: /home/thomas/MobileRobot/ws_new/install/my_kinematics_pkg/share/my_kinematics_pkg/cmake/my_kinematics_pkgConfig-version.cmake
[6.229s] -- Up-to-date: /home/thomas/MobileRobot/ws_new/install/my_kinematics_pkg/share/my_kinematics_pkg/package.xml
[6.235s] Invoked command in '/home/thomas/MobileRobot/ws_new/build/my_kinematics_pkg' returned '0': CMAKE_PREFIX_PATH=${CMAKE_PREFIX_PATH}:/home/thomas/MobileRobot/ws_new/install/publisher_subscriber:/home/thomas/MobileRobot/ws_new/install/navigation:/opt/ros/jazzy DEBUGINFOD_URLS=https://debuginfod.ubuntu.com /usr/bin/cmake --install /home/thomas/MobileRobot/ws_new/build/my_kinematics_pkg
