[0.191s] Invoking command in '/home/thomas/MobileRobot/ws_new/build/nav2_common': CMAKE_PREFIX_PATH=${CMAKE_PREFIX_PATH}:/opt/ros/jazzy DEBUGINFOD_URLS=https://debuginfod.ubuntu.com /usr/bin/cmake --build /home/thomas/MobileRobot/ws_new/build/nav2_common -- -j8 -l8
[1.158s] Built target ament_cmake_python_copy_nav2_common
[1.984s] running egg_info
[2.022s] writing nav2_common.egg-info/PKG-INFO
[2.022s] writing dependency_links to nav2_common.egg-info/dependency_links.txt
[2.022s] writing top-level names to nav2_common.egg-info/top_level.txt
[2.150s] reading manifest file 'nav2_common.egg-info/SOURCES.txt'
[2.151s] writing manifest file 'nav2_common.egg-info/SOURCES.txt'
[2.194s] Built target ament_cmake_python_build_nav2_common_egg
[2.210s] Invoked command in '/home/thomas/MobileRobot/ws_new/build/nav2_common' returned '0': CMAKE_PREFIX_PATH=${CMAKE_PREFIX_PATH}:/opt/ros/jazzy DEBUGINFOD_URLS=https://debuginfod.ubuntu.com /usr/bin/cmake --build /home/thomas/MobileRobot/ws_new/build/nav2_common -- -j8 -l8
[2.326s] Invoking command in '/home/thomas/MobileRobot/ws_new/build/nav2_common': CMAKE_PREFIX_PATH=${CMAKE_PREFIX_PATH}:/opt/ros/jazzy DEBUGINFOD_URLS=https://debuginfod.ubuntu.com /usr/bin/cmake --install /home/thomas/MobileRobot/ws_new/build/nav2_common
[2.367s] -- Install configuration: ""
[2.372s] -- Up-to-date: /home/thomas/MobileRobot/ws_new/install/nav2_common/share/nav2_common/environment/pythonpath.sh
[2.373s] -- Up-to-date: /home/thomas/MobileRobot/ws_new/install/nav2_common/share/nav2_common/environment/pythonpath.dsv
[2.373s] -- Up-to-date: /home/thomas/MobileRobot/ws_new/install/nav2_common/lib/python3.12/site-packages/nav2_common-1.3.6-py3.12.egg-info
[2.373s] -- Installing: /home/thomas/MobileRobot/ws_new/install/nav2_common/lib/python3.12/site-packages/nav2_common-1.3.6-py3.12.egg-info/top_level.txt
[2.388s] -- Installing: /home/thomas/MobileRobot/ws_new/install/nav2_common/lib/python3.12/site-packages/nav2_common-1.3.6-py3.12.egg-info/SOURCES.txt
[2.389s] -- Installing: /home/thomas/MobileRobot/ws_new/install/nav2_common/lib/python3.12/site-packages/nav2_common-1.3.6-py3.12.egg-info/dependency_links.txt
[2.389s] -- Installing: /home/thomas/MobileRobot/ws_new/install/nav2_common/lib/python3.12/site-packages/nav2_common-1.3.6-py3.12.egg-info/PKG-INFO
[2.389s] -- Up-to-date: /home/thomas/MobileRobot/ws_new/install/nav2_common/lib/python3.12/site-packages/nav2_common
[2.389s] -- Up-to-date: /home/thomas/MobileRobot/ws_new/install/nav2_common/lib/python3.12/site-packages/nav2_common/__init__.py
[2.390s] -- Up-to-date: /home/thomas/MobileRobot/ws_new/install/nav2_common/lib/python3.12/site-packages/nav2_common/launch
[2.390s] -- Up-to-date: /home/thomas/MobileRobot/ws_new/install/nav2_common/lib/python3.12/site-packages/nav2_common/launch/parse_multirobot_pose.py
[2.390s] -- Up-to-date: /home/thomas/MobileRobot/ws_new/install/nav2_common/lib/python3.12/site-packages/nav2_common/launch/__init__.py
[2.390s] -- Up-to-date: /home/thomas/MobileRobot/ws_new/install/nav2_common/lib/python3.12/site-packages/nav2_common/launch/has_node_params.py
[2.390s] -- Up-to-date: /home/thomas/MobileRobot/ws_new/install/nav2_common/lib/python3.12/site-packages/nav2_common/launch/replace_string.py
[2.390s] -- Up-to-date: /home/thomas/MobileRobot/ws_new/install/nav2_common/lib/python3.12/site-packages/nav2_common/launch/rewritten_yaml.py
[2.533s] Listing '/home/thomas/MobileRobot/ws_new/install/nav2_common/lib/python3.12/site-packages/nav2_common'...
[2.534s] Listing '/home/thomas/MobileRobot/ws_new/install/nav2_common/lib/python3.12/site-packages/nav2_common/launch'...
[2.553s] -- Up-to-date: /home/thomas/MobileRobot/ws_new/install/nav2_common/share/ament_index/resource_index/package_run_dependencies/nav2_common
[2.554s] -- Up-to-date: /home/thomas/MobileRobot/ws_new/install/nav2_common/share/ament_index/resource_index/parent_prefix_path/nav2_common
[2.555s] -- Up-to-date: /home/thomas/MobileRobot/ws_new/install/nav2_common/share/nav2_common/environment/ament_prefix_path.sh
[2.555s] -- Up-to-date: /home/thomas/MobileRobot/ws_new/install/nav2_common/share/nav2_common/environment/ament_prefix_path.dsv
[2.556s] -- Up-to-date: /home/thomas/MobileRobot/ws_new/install/nav2_common/share/nav2_common/environment/path.sh
[2.556s] -- Up-to-date: /home/thomas/MobileRobot/ws_new/install/nav2_common/share/nav2_common/environment/path.dsv
[2.556s] -- Up-to-date: /home/thomas/MobileRobot/ws_new/install/nav2_common/share/nav2_common/local_setup.bash
[2.557s] -- Up-to-date: /home/thomas/MobileRobot/ws_new/install/nav2_common/share/nav2_common/local_setup.sh
[2.557s] -- Up-to-date: /home/thomas/MobileRobot/ws_new/install/nav2_common/share/nav2_common/local_setup.zsh
[2.557s] -- Up-to-date: /home/thomas/MobileRobot/ws_new/install/nav2_common/share/nav2_common/local_setup.dsv
[2.558s] -- Installing: /home/thomas/MobileRobot/ws_new/install/nav2_common/share/nav2_common/package.dsv
[2.638s] -- Up-to-date: /home/thomas/MobileRobot/ws_new/install/nav2_common/share/ament_index/resource_index/packages/nav2_common
[2.638s] -- Up-to-date: /home/thomas/MobileRobot/ws_new/install/nav2_common/share/nav2_common/cmake/nav2_common-extras.cmake
[2.639s] -- Up-to-date: /home/thomas/MobileRobot/ws_new/install/nav2_common/share/nav2_common/cmake/nav2_commonConfig.cmake
[2.639s] -- Up-to-date: /home/thomas/MobileRobot/ws_new/install/nav2_common/share/nav2_common/cmake/nav2_commonConfig-version.cmake
[2.640s] -- Up-to-date: /home/thomas/MobileRobot/ws_new/install/nav2_common/share/nav2_common/package.xml
[2.640s] -- Up-to-date: /home/thomas/MobileRobot/ws_new/install/nav2_common/share/nav2_common/cmake
[2.664s] -- Up-to-date: /home/thomas/MobileRobot/ws_new/install/nav2_common/share/nav2_common/cmake/nav2_package.cmake
[2.671s] Invoked command in '/home/thomas/MobileRobot/ws_new/build/nav2_common' returned '0': CMAKE_PREFIX_PATH=${CMAKE_PREFIX_PATH}:/opt/ros/jazzy DEBUGINFOD_URLS=https://debuginfod.ubuntu.com /usr/bin/cmake --install /home/thomas/MobileRobot/ws_new/build/nav2_common
