[0.084s] Invoking command in '/home/thomas/MobileRobot/ws_new/build/nav2_map_server': AMENT_PREFIX_PATH=/home/thomas/MobileRobot/ws_new/install/nav2_util:/home/thomas/MobileRobot/ws_new/install/nav2_msgs:/home/thomas/MobileRobot/ws_new/install/nav_msgs:/home/thomas/MobileRobot/ws_new/install/geometry_msgs:/home/thomas/MobileRobot/ws_new/install/std_srvs:/home/thomas/MobileRobot/ws_new/install/std_msgs:/home/thomas/MobileRobot/ws_new/install/nav2_common:${AMENT_PREFIX_PATH} CMAKE_PREFIX_PATH=/home/thomas/MobileRobot/ws_new/install/nav2_util:/home/thomas/MobileRobot/ws_new/install/nav2_msgs:/home/thomas/MobileRobot/ws_new/install/nav_msgs:/home/thomas/MobileRobot/ws_new/install/geometry_msgs:/home/thomas/MobileRobot/ws_new/install/std_srvs:/home/thomas/MobileRobot/ws_new/install/std_msgs:/home/thomas/MobileRobot/ws_new/install/nav2_common:/opt/ros/jazzy/opt/gz_sim_vendor:/opt/ros/jazzy/opt/gz_sensors_vendor:/opt/ros/jazzy/opt/gz_physics_vendor:/opt/ros/jazzy/opt/sdformat_vendor:/opt/ros/jazzy/opt/gz_gui_vendor:/opt/ros/jazzy/opt/gz_transport_vendor:/opt/ros/jazzy/opt/gz_rendering_vendor:/opt/ros/jazzy/opt/gz_plugin_vendor:/opt/ros/jazzy/opt/gz_fuel_tools_vendor:/opt/ros/jazzy/opt/gz_msgs_vendor:/opt/ros/jazzy/opt/gz_common_vendor:/opt/ros/jazzy/opt/gz_math_vendor:/opt/ros/jazzy/opt/gz_utils_vendor:/opt/ros/jazzy/opt/gz_tools_vendor:/opt/ros/jazzy/opt/gz_ogre_next_vendor:/opt/ros/jazzy/opt/gz_dartsim_vendor:/opt/ros/jazzy/opt/gz_cmake_vendor:/home/thomas/dev_ws/install/basic_mobile_robot:/opt/ros/jazzy DEBUGINFOD_URLS=https://debuginfod.ubuntu.com LD_LIBRARY_PATH=/home/thomas/MobileRobot/ws_new/install/nav2_util/lib:/home/thomas/MobileRobot/ws_new/install/nav2_msgs/lib:/home/thomas/MobileRobot/ws_new/install/nav_msgs/lib:/home/thomas/MobileRobot/ws_new/install/geometry_msgs/lib:/home/thomas/MobileRobot/ws_new/install/std_srvs/lib:/home/thomas/MobileRobot/ws_new/install/std_msgs/lib:${LD_LIBRARY_PATH} PYTHONPATH=/home/thomas/MobileRobot/ws_new/install/nav2_msgs/lib/python3.12/site-packages:/home/thomas/MobileRobot/ws_new/install/nav_msgs/lib/python3.12/site-packages:/home/thomas/MobileRobot/ws_new/install/geometry_msgs/lib/python3.12/site-packages:/home/thomas/MobileRobot/ws_new/install/std_srvs/lib/python3.12/site-packages:/home/thomas/MobileRobot/ws_new/install/std_msgs/lib/python3.12/site-packages:/home/thomas/MobileRobot/ws_new/install/nav2_common/lib/python3.12/site-packages:${PYTHONPATH} /usr/bin/cmake --build /home/thomas/MobileRobot/ws_new/build/nav2_map_server -- -j8 -l8
[0.396s] [  5%] Built target gtest_main
[0.397s] [ 11%] Built target gtest
[0.417s] [ 19%] Built target map_io
[0.526s] [ 27%] Built target test_map_saver_cli
[0.552s] [ 36%] Built target test_map_saver_publisher
[0.554s] [ 44%] Built target test_map_io
[0.566s] [ 55%] Built target map_server_core
[0.795s] [ 61%] Built target map_saver_server
[0.795s] [ 66%] Built target test_costmap_filter_info_server
[0.798s] [ 75%] Built target test_map_saver_node
[0.800s] [ 80%] Built target costmap_filter_info_server
[0.801s] [ 91%] Built target map_server
[0.801s] [ 91%] Built target map_saver_cli
[0.804s] [100%] Built target test_map_server_node
[0.822s] Invoked command in '/home/thomas/MobileRobot/ws_new/build/nav2_map_server' returned '0': AMENT_PREFIX_PATH=/home/thomas/MobileRobot/ws_new/install/nav2_util:/home/thomas/MobileRobot/ws_new/install/nav2_msgs:/home/thomas/MobileRobot/ws_new/install/nav_msgs:/home/thomas/MobileRobot/ws_new/install/geometry_msgs:/home/thomas/MobileRobot/ws_new/install/std_srvs:/home/thomas/MobileRobot/ws_new/install/std_msgs:/home/thomas/MobileRobot/ws_new/install/nav2_common:${AMENT_PREFIX_PATH} CMAKE_PREFIX_PATH=/home/thomas/MobileRobot/ws_new/install/nav2_util:/home/thomas/MobileRobot/ws_new/install/nav2_msgs:/home/thomas/MobileRobot/ws_new/install/nav_msgs:/home/thomas/MobileRobot/ws_new/install/geometry_msgs:/home/thomas/MobileRobot/ws_new/install/std_srvs:/home/thomas/MobileRobot/ws_new/install/std_msgs:/home/thomas/MobileRobot/ws_new/install/nav2_common:/opt/ros/jazzy/opt/gz_sim_vendor:/opt/ros/jazzy/opt/gz_sensors_vendor:/opt/ros/jazzy/opt/gz_physics_vendor:/opt/ros/jazzy/opt/sdformat_vendor:/opt/ros/jazzy/opt/gz_gui_vendor:/opt/ros/jazzy/opt/gz_transport_vendor:/opt/ros/jazzy/opt/gz_rendering_vendor:/opt/ros/jazzy/opt/gz_plugin_vendor:/opt/ros/jazzy/opt/gz_fuel_tools_vendor:/opt/ros/jazzy/opt/gz_msgs_vendor:/opt/ros/jazzy/opt/gz_common_vendor:/opt/ros/jazzy/opt/gz_math_vendor:/opt/ros/jazzy/opt/gz_utils_vendor:/opt/ros/jazzy/opt/gz_tools_vendor:/opt/ros/jazzy/opt/gz_ogre_next_vendor:/opt/ros/jazzy/opt/gz_dartsim_vendor:/opt/ros/jazzy/opt/gz_cmake_vendor:/home/thomas/dev_ws/install/basic_mobile_robot:/opt/ros/jazzy DEBUGINFOD_URLS=https://debuginfod.ubuntu.com LD_LIBRARY_PATH=/home/thomas/MobileRobot/ws_new/install/nav2_util/lib:/home/thomas/MobileRobot/ws_new/install/nav2_msgs/lib:/home/thomas/MobileRobot/ws_new/install/nav_msgs/lib:/home/thomas/MobileRobot/ws_new/install/geometry_msgs/lib:/home/thomas/MobileRobot/ws_new/install/std_srvs/lib:/home/thomas/MobileRobot/ws_new/install/std_msgs/lib:${LD_LIBRARY_PATH} PYTHONPATH=/home/thomas/MobileRobot/ws_new/install/nav2_msgs/lib/python3.12/site-packages:/home/thomas/MobileRobot/ws_new/install/nav_msgs/lib/python3.12/site-packages:/home/thomas/MobileRobot/ws_new/install/geometry_msgs/lib/python3.12/site-packages:/home/thomas/MobileRobot/ws_new/install/std_srvs/lib/python3.12/site-packages:/home/thomas/MobileRobot/ws_new/install/std_msgs/lib/python3.12/site-packages:/home/thomas/MobileRobot/ws_new/install/nav2_common/lib/python3.12/site-packages:${PYTHONPATH} /usr/bin/cmake --build /home/thomas/MobileRobot/ws_new/build/nav2_map_server -- -j8 -l8
[0.824s] Invoking command in '/home/thomas/MobileRobot/ws_new/build/nav2_map_server': AMENT_PREFIX_PATH=/home/thomas/MobileRobot/ws_new/install/nav2_util:/home/thomas/MobileRobot/ws_new/install/nav2_msgs:/home/thomas/MobileRobot/ws_new/install/nav_msgs:/home/thomas/MobileRobot/ws_new/install/geometry_msgs:/home/thomas/MobileRobot/ws_new/install/std_srvs:/home/thomas/MobileRobot/ws_new/install/std_msgs:/home/thomas/MobileRobot/ws_new/install/nav2_common:${AMENT_PREFIX_PATH} CMAKE_PREFIX_PATH=/home/thomas/MobileRobot/ws_new/install/nav2_util:/home/thomas/MobileRobot/ws_new/install/nav2_msgs:/home/thomas/MobileRobot/ws_new/install/nav_msgs:/home/thomas/MobileRobot/ws_new/install/geometry_msgs:/home/thomas/MobileRobot/ws_new/install/std_srvs:/home/thomas/MobileRobot/ws_new/install/std_msgs:/home/thomas/MobileRobot/ws_new/install/nav2_common:/opt/ros/jazzy/opt/gz_sim_vendor:/opt/ros/jazzy/opt/gz_sensors_vendor:/opt/ros/jazzy/opt/gz_physics_vendor:/opt/ros/jazzy/opt/sdformat_vendor:/opt/ros/jazzy/opt/gz_gui_vendor:/opt/ros/jazzy/opt/gz_transport_vendor:/opt/ros/jazzy/opt/gz_rendering_vendor:/opt/ros/jazzy/opt/gz_plugin_vendor:/opt/ros/jazzy/opt/gz_fuel_tools_vendor:/opt/ros/jazzy/opt/gz_msgs_vendor:/opt/ros/jazzy/opt/gz_common_vendor:/opt/ros/jazzy/opt/gz_math_vendor:/opt/ros/jazzy/opt/gz_utils_vendor:/opt/ros/jazzy/opt/gz_tools_vendor:/opt/ros/jazzy/opt/gz_ogre_next_vendor:/opt/ros/jazzy/opt/gz_dartsim_vendor:/opt/ros/jazzy/opt/gz_cmake_vendor:/home/thomas/dev_ws/install/basic_mobile_robot:/opt/ros/jazzy DEBUGINFOD_URLS=https://debuginfod.ubuntu.com LD_LIBRARY_PATH=/home/thomas/MobileRobot/ws_new/install/nav2_util/lib:/home/thomas/MobileRobot/ws_new/install/nav2_msgs/lib:/home/thomas/MobileRobot/ws_new/install/nav_msgs/lib:/home/thomas/MobileRobot/ws_new/install/geometry_msgs/lib:/home/thomas/MobileRobot/ws_new/install/std_srvs/lib:/home/thomas/MobileRobot/ws_new/install/std_msgs/lib:${LD_LIBRARY_PATH} PYTHONPATH=/home/thomas/MobileRobot/ws_new/install/nav2_msgs/lib/python3.12/site-packages:/home/thomas/MobileRobot/ws_new/install/nav_msgs/lib/python3.12/site-packages:/home/thomas/MobileRobot/ws_new/install/geometry_msgs/lib/python3.12/site-packages:/home/thomas/MobileRobot/ws_new/install/std_srvs/lib/python3.12/site-packages:/home/thomas/MobileRobot/ws_new/install/std_msgs/lib/python3.12/site-packages:/home/thomas/MobileRobot/ws_new/install/nav2_common/lib/python3.12/site-packages:${PYTHONPATH} /usr/bin/cmake --install /home/thomas/MobileRobot/ws_new/build/nav2_map_server
[0.836s] -- Install configuration: "Release"
[0.865s] -- Up-to-date: /home/thomas/MobileRobot/ws_new/install/nav2_map_server/lib/libmap_server_core.so
[0.871s] -- Up-to-date: /home/thomas/MobileRobot/ws_new/install/nav2_map_server/lib/libmap_io.so
[0.890s] -- Up-to-date: /home/thomas/MobileRobot/ws_new/install/nav2_map_server/lib/nav2_map_server/map_server
[0.892s] -- Up-to-date: /home/thomas/MobileRobot/ws_new/install/nav2_map_server/lib/nav2_map_server/map_saver_cli
[0.894s] -- Up-to-date: /home/thomas/MobileRobot/ws_new/install/nav2_map_server/lib/nav2_map_server/map_saver_server
[0.895s] -- Up-to-date: /home/thomas/MobileRobot/ws_new/install/nav2_map_server/lib/nav2_map_server/costmap_filter_info_server
[0.896s] -- Up-to-date: /home/thomas/MobileRobot/ws_new/install/nav2_map_server/include/
[0.913s] -- Up-to-date: /home/thomas/MobileRobot/ws_new/install/nav2_map_server/include//nav2_map_server
[0.913s] -- Up-to-date: /home/thomas/MobileRobot/ws_new/install/nav2_map_server/include//nav2_map_server/map_mode.hpp
[0.914s] -- Up-to-date: /home/thomas/MobileRobot/ws_new/install/nav2_map_server/include//nav2_map_server/costmap_filter_info_server.hpp
[0.914s] -- Up-to-date: /home/thomas/MobileRobot/ws_new/install/nav2_map_server/include//nav2_map_server/map_saver.hpp
[0.914s] -- Up-to-date: /home/thomas/MobileRobot/ws_new/install/nav2_map_server/include//nav2_map_server/map_io.hpp
[0.915s] -- Up-to-date: /home/thomas/MobileRobot/ws_new/install/nav2_map_server/include//nav2_map_server/map_server.hpp
[0.916s] -- Up-to-date: /home/thomas/MobileRobot/ws_new/install/nav2_map_server/share/nav2_map_server/launch
[0.916s] -- Up-to-date: /home/thomas/MobileRobot/ws_new/install/nav2_map_server/share/nav2_map_server/launch/map_saver_server.launch.py
[0.917s] -- Up-to-date: /home/thomas/MobileRobot/ws_new/install/nav2_map_server/share/nav2_map_server/environment/library_path.sh
[0.917s] -- Up-to-date: /home/thomas/MobileRobot/ws_new/install/nav2_map_server/share/nav2_map_server/environment/library_path.dsv
[0.917s] -- Up-to-date: /home/thomas/MobileRobot/ws_new/install/nav2_map_server/share/ament_index/resource_index/package_run_dependencies/nav2_map_server
[0.918s] -- Up-to-date: /home/thomas/MobileRobot/ws_new/install/nav2_map_server/share/ament_index/resource_index/parent_prefix_path/nav2_map_server
[0.918s] -- Up-to-date: /home/thomas/MobileRobot/ws_new/install/nav2_map_server/share/nav2_map_server/environment/ament_prefix_path.sh
[0.919s] -- Up-to-date: /home/thomas/MobileRobot/ws_new/install/nav2_map_server/share/nav2_map_server/environment/ament_prefix_path.dsv
[0.919s] -- Up-to-date: /home/thomas/MobileRobot/ws_new/install/nav2_map_server/share/nav2_map_server/environment/path.sh
[0.919s] -- Up-to-date: /home/thomas/MobileRobot/ws_new/install/nav2_map_server/share/nav2_map_server/environment/path.dsv
[0.920s] -- Up-to-date: /home/thomas/MobileRobot/ws_new/install/nav2_map_server/share/nav2_map_server/local_setup.bash
[0.920s] -- Up-to-date: /home/thomas/MobileRobot/ws_new/install/nav2_map_server/share/nav2_map_server/local_setup.sh
[0.920s] -- Up-to-date: /home/thomas/MobileRobot/ws_new/install/nav2_map_server/share/nav2_map_server/local_setup.zsh
[0.920s] -- Up-to-date: /home/thomas/MobileRobot/ws_new/install/nav2_map_server/share/nav2_map_server/local_setup.dsv
[0.921s] -- Installing: /home/thomas/MobileRobot/ws_new/install/nav2_map_server/share/nav2_map_server/package.dsv
[0.930s] -- Up-to-date: /home/thomas/MobileRobot/ws_new/install/nav2_map_server/share/ament_index/resource_index/packages/nav2_map_server
[0.931s] -- Up-to-date: /home/thomas/MobileRobot/ws_new/install/nav2_map_server/share/ament_index/resource_index/rclcpp_components/nav2_map_server
[0.932s] -- Up-to-date: /home/thomas/MobileRobot/ws_new/install/nav2_map_server/share/nav2_map_server/cmake/ament_cmake_export_include_directories-extras.cmake
[0.932s] -- Up-to-date: /home/thomas/MobileRobot/ws_new/install/nav2_map_server/share/nav2_map_server/cmake/ament_cmake_export_libraries-extras.cmake
[0.933s] -- Up-to-date: /home/thomas/MobileRobot/ws_new/install/nav2_map_server/share/nav2_map_server/cmake/ament_cmake_export_dependencies-extras.cmake
[0.933s] -- Up-to-date: /home/thomas/MobileRobot/ws_new/install/nav2_map_server/share/nav2_map_server/cmake/nav2_map_serverConfig.cmake
[0.933s] -- Up-to-date: /home/thomas/MobileRobot/ws_new/install/nav2_map_server/share/nav2_map_server/cmake/nav2_map_serverConfig-version.cmake
[0.933s] -- Up-to-date: /home/thomas/MobileRobot/ws_new/install/nav2_map_server/share/nav2_map_server/package.xml
[0.957s] Invoked command in '/home/thomas/MobileRobot/ws_new/build/nav2_map_server' returned '0': AMENT_PREFIX_PATH=/home/thomas/MobileRobot/ws_new/install/nav2_util:/home/thomas/MobileRobot/ws_new/install/nav2_msgs:/home/thomas/MobileRobot/ws_new/install/nav_msgs:/home/thomas/MobileRobot/ws_new/install/geometry_msgs:/home/thomas/MobileRobot/ws_new/install/std_srvs:/home/thomas/MobileRobot/ws_new/install/std_msgs:/home/thomas/MobileRobot/ws_new/install/nav2_common:${AMENT_PREFIX_PATH} CMAKE_PREFIX_PATH=/home/thomas/MobileRobot/ws_new/install/nav2_util:/home/thomas/MobileRobot/ws_new/install/nav2_msgs:/home/thomas/MobileRobot/ws_new/install/nav_msgs:/home/thomas/MobileRobot/ws_new/install/geometry_msgs:/home/thomas/MobileRobot/ws_new/install/std_srvs:/home/thomas/MobileRobot/ws_new/install/std_msgs:/home/thomas/MobileRobot/ws_new/install/nav2_common:/opt/ros/jazzy/opt/gz_sim_vendor:/opt/ros/jazzy/opt/gz_sensors_vendor:/opt/ros/jazzy/opt/gz_physics_vendor:/opt/ros/jazzy/opt/sdformat_vendor:/opt/ros/jazzy/opt/gz_gui_vendor:/opt/ros/jazzy/opt/gz_transport_vendor:/opt/ros/jazzy/opt/gz_rendering_vendor:/opt/ros/jazzy/opt/gz_plugin_vendor:/opt/ros/jazzy/opt/gz_fuel_tools_vendor:/opt/ros/jazzy/opt/gz_msgs_vendor:/opt/ros/jazzy/opt/gz_common_vendor:/opt/ros/jazzy/opt/gz_math_vendor:/opt/ros/jazzy/opt/gz_utils_vendor:/opt/ros/jazzy/opt/gz_tools_vendor:/opt/ros/jazzy/opt/gz_ogre_next_vendor:/opt/ros/jazzy/opt/gz_dartsim_vendor:/opt/ros/jazzy/opt/gz_cmake_vendor:/home/thomas/dev_ws/install/basic_mobile_robot:/opt/ros/jazzy DEBUGINFOD_URLS=https://debuginfod.ubuntu.com LD_LIBRARY_PATH=/home/thomas/MobileRobot/ws_new/install/nav2_util/lib:/home/thomas/MobileRobot/ws_new/install/nav2_msgs/lib:/home/thomas/MobileRobot/ws_new/install/nav_msgs/lib:/home/thomas/MobileRobot/ws_new/install/geometry_msgs/lib:/home/thomas/MobileRobot/ws_new/install/std_srvs/lib:/home/thomas/MobileRobot/ws_new/install/std_msgs/lib:${LD_LIBRARY_PATH} PYTHONPATH=/home/thomas/MobileRobot/ws_new/install/nav2_msgs/lib/python3.12/site-packages:/home/thomas/MobileRobot/ws_new/install/nav_msgs/lib/python3.12/site-packages:/home/thomas/MobileRobot/ws_new/install/geometry_msgs/lib/python3.12/site-packages:/home/thomas/MobileRobot/ws_new/install/std_srvs/lib/python3.12/site-packages:/home/thomas/MobileRobot/ws_new/install/std_msgs/lib/python3.12/site-packages:/home/thomas/MobileRobot/ws_new/install/nav2_common/lib/python3.12/site-packages:${PYTHONPATH} /usr/bin/cmake --install /home/thomas/MobileRobot/ws_new/build/nav2_map_server
