[2.463s] Invoking command in '/home/thomas/MobileRobot/ws_new/src/navigation': DEBUGINFOD_URLS=https://debuginfod.ubuntu.com PYTHONPATH=/home/thomas/MobileRobot/ws_new/build/navigation/prefix_override:/usr/lib/python3/dist-packages/colcon_core/task/python/colcon_distutils_commands:/home/thomas/MobileRobot/ws_new/install/navigation/lib/python3.12/site-packages:${PYTHONPATH} /usr/bin/python3 -W ignore:setup.py install is deprecated -W ignore:easy_install command is deprecated setup.py egg_info --egg-base ../../build/navigation build --build-base /home/thomas/MobileRobot/ws_new/build/navigation/build install --record /home/thomas/MobileRobot/ws_new/build/navigation/install.log --single-version-externally-managed install_data
[3.158s] running egg_info
[3.216s] writing ../../build/navigation/navigation.egg-info/PKG-INFO
[3.217s] writing dependency_links to ../../build/navigation/navigation.egg-info/dependency_links.txt
[3.217s] writing entry points to ../../build/navigation/navigation.egg-info/entry_points.txt
[3.218s] writing requirements to ../../build/navigation/navigation.egg-info/requires.txt
[3.218s] writing top-level names to ../../build/navigation/navigation.egg-info/top_level.txt
[3.339s] reading manifest file '../../build/navigation/navigation.egg-info/SOURCES.txt'
[3.340s] writing manifest file '../../build/navigation/navigation.egg-info/SOURCES.txt'
[3.340s] running build
[3.340s] running build_py
[3.341s] running install
[3.355s] running install_lib
[3.444s] running install_data
[3.445s] running install_egg_info
[3.501s] removing '/home/thomas/MobileRobot/ws_new/install/navigation/lib/python3.12/site-packages/navigation-0.0.0-py3.12.egg-info' (and everything under it)
[3.502s] Copying ../../build/navigation/navigation.egg-info to /home/thomas/MobileRobot/ws_new/install/navigation/lib/python3.12/site-packages/navigation-0.0.0-py3.12.egg-info
[3.504s] running install_scripts
[3.862s] Installing gps_path_follow script to /home/thomas/MobileRobot/ws_new/install/navigation/lib/navigation
[3.863s] Installing nav_node script to /home/thomas/MobileRobot/ws_new/install/navigation/lib/navigation
[3.864s] Installing waypoint_follow script to /home/thomas/MobileRobot/ws_new/install/navigation/lib/navigation
[3.864s] writing list of installed files to '/home/thomas/MobileRobot/ws_new/build/navigation/install.log'
[3.922s] Invoked command in '/home/thomas/MobileRobot/ws_new/src/navigation' returned '0': DEBUGINFOD_URLS=https://debuginfod.ubuntu.com PYTHONPATH=/home/thomas/MobileRobot/ws_new/build/navigation/prefix_override:/usr/lib/python3/dist-packages/colcon_core/task/python/colcon_distutils_commands:/home/thomas/MobileRobot/ws_new/install/navigation/lib/python3.12/site-packages:${PYTHONPATH} /usr/bin/python3 -W ignore:setup.py install is deprecated -W ignore:easy_install command is deprecated setup.py egg_info --egg-base ../../build/navigation build --build-base /home/thomas/MobileRobot/ws_new/build/navigation/build install --record /home/thomas/MobileRobot/ws_new/build/navigation/install.log --single-version-externally-managed install_data
