[2.498s] Invoking command in '/home/thomas/MobileRobot/ws_new/src/common_interfaces/sensor_msgs_py': AMENT_PREFIX_PATH=/home/thomas/MobileRobot/ws_new/install/sensor_msgs:/home/thomas/MobileRobot/ws_new/install/geometry_msgs:/home/thomas/MobileRobot/ws_new/install/std_msgs:${AMENT_PREFIX_PATH} CMAKE_PREFIX_PATH=/home/thomas/MobileRobot/ws_new/install/sensor_msgs:/home/thomas/MobileRobot/ws_new/install/geometry_msgs:/home/thomas/MobileRobot/ws_new/install/std_msgs:${CMAKE_PREFIX_PATH} DEBUGINFOD_URLS=https://debuginfod.ubuntu.com LD_LIBRARY_PATH=/home/thomas/MobileRobot/ws_new/install/sensor_msgs/lib:/home/thomas/MobileRobot/ws_new/install/geometry_msgs/lib:/home/thomas/MobileRobot/ws_new/install/std_msgs/lib:${LD_LIBRARY_PATH} PYTHONPATH=/home/thomas/MobileRobot/ws_new/build/sensor_msgs_py/prefix_override:/usr/lib/python3/dist-packages/colcon_core/task/python/colcon_distutils_commands:/home/thomas/MobileRobot/ws_new/install/sensor_msgs_py/lib/python3.12/site-packages:/home/thomas/MobileRobot/ws_new/install/sensor_msgs/lib/python3.12/site-packages:/home/thomas/MobileRobot/ws_new/install/geometry_msgs/lib/python3.12/site-packages:/home/thomas/MobileRobot/ws_new/install/std_msgs/lib/python3.12/site-packages:${PYTHONPATH} /usr/bin/python3 -W ignore:setup.py install is deprecated -W ignore:easy_install command is deprecated setup.py egg_info --egg-base ../../../build/sensor_msgs_py build --build-base /home/thomas/MobileRobot/ws_new/build/sensor_msgs_py/build install --record /home/thomas/MobileRobot/ws_new/build/sensor_msgs_py/install.log --single-version-externally-managed install_data
[2.968s] running egg_info
[3.007s] writing ../../../build/sensor_msgs_py/sensor_msgs_py.egg-info/PKG-INFO
[3.020s] writing dependency_links to ../../../build/sensor_msgs_py/sensor_msgs_py.egg-info/dependency_links.txt
[3.021s] writing requirements to ../../../build/sensor_msgs_py/sensor_msgs_py.egg-info/requires.txt
[3.021s] writing top-level names to ../../../build/sensor_msgs_py/sensor_msgs_py.egg-info/top_level.txt
[3.203s] reading manifest file '../../../build/sensor_msgs_py/sensor_msgs_py.egg-info/SOURCES.txt'
[3.226s] adding license file 'LICENSE'
[3.227s] writing manifest file '../../../build/sensor_msgs_py/sensor_msgs_py.egg-info/SOURCES.txt'
[3.227s] running build
[3.227s] running build_py
[3.267s] running install
[3.297s] running install_lib
[3.346s] running install_data
[3.355s] running install_egg_info
[3.391s] removing '/home/thomas/MobileRobot/ws_new/install/sensor_msgs_py/lib/python3.12/site-packages/sensor_msgs_py-5.3.6-py3.12.egg-info' (and everything under it)
[3.391s] Copying ../../../build/sensor_msgs_py/sensor_msgs_py.egg-info to /home/thomas/MobileRobot/ws_new/install/sensor_msgs_py/lib/python3.12/site-packages/sensor_msgs_py-5.3.6-py3.12.egg-info
[3.417s] running install_scripts
[3.664s] writing list of installed files to '/home/thomas/MobileRobot/ws_new/build/sensor_msgs_py/install.log'
[3.699s] Invoked command in '/home/thomas/MobileRobot/ws_new/src/common_interfaces/sensor_msgs_py' returned '0': AMENT_PREFIX_PATH=/home/thomas/MobileRobot/ws_new/install/sensor_msgs:/home/thomas/MobileRobot/ws_new/install/geometry_msgs:/home/thomas/MobileRobot/ws_new/install/std_msgs:${AMENT_PREFIX_PATH} CMAKE_PREFIX_PATH=/home/thomas/MobileRobot/ws_new/install/sensor_msgs:/home/thomas/MobileRobot/ws_new/install/geometry_msgs:/home/thomas/MobileRobot/ws_new/install/std_msgs:${CMAKE_PREFIX_PATH} DEBUGINFOD_URLS=https://debuginfod.ubuntu.com LD_LIBRARY_PATH=/home/thomas/MobileRobot/ws_new/install/sensor_msgs/lib:/home/thomas/MobileRobot/ws_new/install/geometry_msgs/lib:/home/thomas/MobileRobot/ws_new/install/std_msgs/lib:${LD_LIBRARY_PATH} PYTHONPATH=/home/thomas/MobileRobot/ws_new/build/sensor_msgs_py/prefix_override:/usr/lib/python3/dist-packages/colcon_core/task/python/colcon_distutils_commands:/home/thomas/MobileRobot/ws_new/install/sensor_msgs_py/lib/python3.12/site-packages:/home/thomas/MobileRobot/ws_new/install/sensor_msgs/lib/python3.12/site-packages:/home/thomas/MobileRobot/ws_new/install/geometry_msgs/lib/python3.12/site-packages:/home/thomas/MobileRobot/ws_new/install/std_msgs/lib/python3.12/site-packages:${PYTHONPATH} /usr/bin/python3 -W ignore:setup.py install is deprecated -W ignore:easy_install command is deprecated setup.py egg_info --egg-base ../../../build/sensor_msgs_py build --build-base /home/thomas/MobileRobot/ws_new/build/sensor_msgs_py/build install --record /home/thomas/MobileRobot/ws_new/build/sensor_msgs_py/install.log --single-version-externally-managed install_data
