[0.222s] Invoking command in '/home/thomas/MobileRobot/ws_new/build/dwb_msgs': AMENT_PREFIX_PATH=/home/thomas/MobileRobot/ws_new/install/nav_msgs:/home/thomas/MobileRobot/ws_new/install/nav_2d_msgs:/home/thomas/MobileRobot/ws_new/install/geometry_msgs:/home/thomas/MobileRobot/ws_new/install/std_msgs:${AMENT_PREFIX_PATH} CMAKE_PREFIX_PATH=/home/thomas/MobileRobot/ws_new/install/nav_msgs:/home/thomas/MobileRobot/ws_new/install/nav_2d_msgs:/home/thomas/MobileRobot/ws_new/install/geometry_msgs:/home/thomas/MobileRobot/ws_new/install/std_msgs:/opt/ros/jazzy/opt/gz_sim_vendor:/opt/ros/jazzy/opt/gz_sensors_vendor:/opt/ros/jazzy/opt/gz_physics_vendor:/opt/ros/jazzy/opt/sdformat_vendor:/opt/ros/jazzy/opt/gz_gui_vendor:/opt/ros/jazzy/opt/gz_transport_vendor:/opt/ros/jazzy/opt/gz_rendering_vendor:/opt/ros/jazzy/opt/gz_plugin_vendor:/opt/ros/jazzy/opt/gz_fuel_tools_vendor:/opt/ros/jazzy/opt/gz_msgs_vendor:/opt/ros/jazzy/opt/gz_common_vendor:/opt/ros/jazzy/opt/gz_math_vendor:/opt/ros/jazzy/opt/gz_utils_vendor:/opt/ros/jazzy/opt/gz_tools_vendor:/opt/ros/jazzy/opt/gz_ogre_next_vendor:/opt/ros/jazzy/opt/gz_dartsim_vendor:/opt/ros/jazzy/opt/gz_cmake_vendor:/home/thomas/dev_ws/install/basic_mobile_robot:/opt/ros/jazzy DEBUGINFOD_URLS=https://debuginfod.ubuntu.com LD_LIBRARY_PATH=/home/thomas/MobileRobot/ws_new/install/nav_msgs/lib:/home/thomas/MobileRobot/ws_new/install/nav_2d_msgs/lib:/home/thomas/MobileRobot/ws_new/install/geometry_msgs/lib:/home/thomas/MobileRobot/ws_new/install/std_msgs/lib:${LD_LIBRARY_PATH} PYTHONPATH=/home/thomas/MobileRobot/ws_new/install/nav_msgs/lib/python3.12/site-packages:/home/thomas/MobileRobot/ws_new/install/nav_2d_msgs/lib/python3.12/site-packages:/home/thomas/MobileRobot/ws_new/install/geometry_msgs/lib/python3.12/site-packages:/home/thomas/MobileRobot/ws_new/install/std_msgs/lib/python3.12/site-packages:${PYTHONPATH} /usr/bin/cmake --build /home/thomas/MobileRobot/ws_new/build/dwb_msgs -- -j8 -l8
[0.665s] [  1%] Built target dwb_msgs__rosidl_generator_type_description
[0.724s] [  1%] Built target dwb_msgs__cpp
[0.899s] [ 27%] Built target dwb_msgs__rosidl_generator_c
[1.063s] [ 27%] Built target ament_cmake_python_copy_dwb_msgs
[1.079s] [ 37%] Built target dwb_msgs__rosidl_typesupport_introspection_c
[1.082s] [ 56%] Built target dwb_msgs__rosidl_typesupport_introspection_cpp
[1.082s] [ 56%] Built target dwb_msgs__rosidl_typesupport_cpp
[1.118s] [ 66%] Built target dwb_msgs__rosidl_typesupport_c
[1.335s] [ 76%] Built target dwb_msgs__rosidl_typesupport_fastrtps_cpp
[1.466s] [ 85%] Built target dwb_msgs__rosidl_typesupport_fastrtps_c
[1.514s] [ 85%] Built target dwb_msgs
[1.593s] [ 86%] Built target dwb_msgs__py
[1.617s] running egg_info
[1.659s] writing dwb_msgs.egg-info/PKG-INFO
[1.659s] writing dependency_links to dwb_msgs.egg-info/dependency_links.txt
[1.660s] writing top-level names to dwb_msgs.egg-info/top_level.txt
[1.766s] reading manifest file 'dwb_msgs.egg-info/SOURCES.txt'
[1.768s] writing manifest file 'dwb_msgs.egg-info/SOURCES.txt'
[1.787s] [ 94%] Built target dwb_msgs__rosidl_generator_py
[1.804s] [ 94%] Built target ament_cmake_python_build_dwb_msgs_egg
[1.908s] [ 96%] Built target dwb_msgs_s__rosidl_typesupport_fastrtps_c
[1.908s] [ 98%] Built target dwb_msgs_s__rosidl_typesupport_introspection_c
[1.908s] [100%] Built target dwb_msgs_s__rosidl_typesupport_c
[1.930s] Invoked command in '/home/thomas/MobileRobot/ws_new/build/dwb_msgs' returned '0': AMENT_PREFIX_PATH=/home/thomas/MobileRobot/ws_new/install/nav_msgs:/home/thomas/MobileRobot/ws_new/install/nav_2d_msgs:/home/thomas/MobileRobot/ws_new/install/geometry_msgs:/home/thomas/MobileRobot/ws_new/install/std_msgs:${AMENT_PREFIX_PATH} CMAKE_PREFIX_PATH=/home/thomas/MobileRobot/ws_new/install/nav_msgs:/home/thomas/MobileRobot/ws_new/install/nav_2d_msgs:/home/thomas/MobileRobot/ws_new/install/geometry_msgs:/home/thomas/MobileRobot/ws_new/install/std_msgs:/opt/ros/jazzy/opt/gz_sim_vendor:/opt/ros/jazzy/opt/gz_sensors_vendor:/opt/ros/jazzy/opt/gz_physics_vendor:/opt/ros/jazzy/opt/sdformat_vendor:/opt/ros/jazzy/opt/gz_gui_vendor:/opt/ros/jazzy/opt/gz_transport_vendor:/opt/ros/jazzy/opt/gz_rendering_vendor:/opt/ros/jazzy/opt/gz_plugin_vendor:/opt/ros/jazzy/opt/gz_fuel_tools_vendor:/opt/ros/jazzy/opt/gz_msgs_vendor:/opt/ros/jazzy/opt/gz_common_vendor:/opt/ros/jazzy/opt/gz_math_vendor:/opt/ros/jazzy/opt/gz_utils_vendor:/opt/ros/jazzy/opt/gz_tools_vendor:/opt/ros/jazzy/opt/gz_ogre_next_vendor:/opt/ros/jazzy/opt/gz_dartsim_vendor:/opt/ros/jazzy/opt/gz_cmake_vendor:/home/thomas/dev_ws/install/basic_mobile_robot:/opt/ros/jazzy DEBUGINFOD_URLS=https://debuginfod.ubuntu.com LD_LIBRARY_PATH=/home/thomas/MobileRobot/ws_new/install/nav_msgs/lib:/home/thomas/MobileRobot/ws_new/install/nav_2d_msgs/lib:/home/thomas/MobileRobot/ws_new/install/geometry_msgs/lib:/home/thomas/MobileRobot/ws_new/install/std_msgs/lib:${LD_LIBRARY_PATH} PYTHONPATH=/home/thomas/MobileRobot/ws_new/install/nav_msgs/lib/python3.12/site-packages:/home/thomas/MobileRobot/ws_new/install/nav_2d_msgs/lib/python3.12/site-packages:/home/thomas/MobileRobot/ws_new/install/geometry_msgs/lib/python3.12/site-packages:/home/thomas/MobileRobot/ws_new/install/std_msgs/lib/python3.12/site-packages:${PYTHONPATH} /usr/bin/cmake --build /home/thomas/MobileRobot/ws_new/build/dwb_msgs -- -j8 -l8
[1.988s] Invoking command in '/home/thomas/MobileRobot/ws_new/build/dwb_msgs': AMENT_PREFIX_PATH=/home/thomas/MobileRobot/ws_new/install/nav_msgs:/home/thomas/MobileRobot/ws_new/install/nav_2d_msgs:/home/thomas/MobileRobot/ws_new/install/geometry_msgs:/home/thomas/MobileRobot/ws_new/install/std_msgs:${AMENT_PREFIX_PATH} CMAKE_PREFIX_PATH=/home/thomas/MobileRobot/ws_new/install/nav_msgs:/home/thomas/MobileRobot/ws_new/install/nav_2d_msgs:/home/thomas/MobileRobot/ws_new/install/geometry_msgs:/home/thomas/MobileRobot/ws_new/install/std_msgs:/opt/ros/jazzy/opt/gz_sim_vendor:/opt/ros/jazzy/opt/gz_sensors_vendor:/opt/ros/jazzy/opt/gz_physics_vendor:/opt/ros/jazzy/opt/sdformat_vendor:/opt/ros/jazzy/opt/gz_gui_vendor:/opt/ros/jazzy/opt/gz_transport_vendor:/opt/ros/jazzy/opt/gz_rendering_vendor:/opt/ros/jazzy/opt/gz_plugin_vendor:/opt/ros/jazzy/opt/gz_fuel_tools_vendor:/opt/ros/jazzy/opt/gz_msgs_vendor:/opt/ros/jazzy/opt/gz_common_vendor:/opt/ros/jazzy/opt/gz_math_vendor:/opt/ros/jazzy/opt/gz_utils_vendor:/opt/ros/jazzy/opt/gz_tools_vendor:/opt/ros/jazzy/opt/gz_ogre_next_vendor:/opt/ros/jazzy/opt/gz_dartsim_vendor:/opt/ros/jazzy/opt/gz_cmake_vendor:/home/thomas/dev_ws/install/basic_mobile_robot:/opt/ros/jazzy DEBUGINFOD_URLS=https://debuginfod.ubuntu.com LD_LIBRARY_PATH=/home/thomas/MobileRobot/ws_new/install/nav_msgs/lib:/home/thomas/MobileRobot/ws_new/install/nav_2d_msgs/lib:/home/thomas/MobileRobot/ws_new/install/geometry_msgs/lib:/home/thomas/MobileRobot/ws_new/install/std_msgs/lib:${LD_LIBRARY_PATH} PYTHONPATH=/home/thomas/MobileRobot/ws_new/install/nav_msgs/lib/python3.12/site-packages:/home/thomas/MobileRobot/ws_new/install/nav_2d_msgs/lib/python3.12/site-packages:/home/thomas/MobileRobot/ws_new/install/geometry_msgs/lib/python3.12/site-packages:/home/thomas/MobileRobot/ws_new/install/std_msgs/lib/python3.12/site-packages:${PYTHONPATH} /usr/bin/cmake --install /home/thomas/MobileRobot/ws_new/build/dwb_msgs
[2.005s] -- Install configuration: ""
[2.043s] -- Up-to-date: /home/thomas/MobileRobot/ws_new/install/dwb_msgs/share/ament_index/resource_index/rosidl_interfaces/dwb_msgs
[2.045s] -- Up-to-date: /home/thomas/MobileRobot/ws_new/install/dwb_msgs/share/dwb_msgs/msg/CriticScore.json
[2.045s] -- Up-to-date: /home/thomas/MobileRobot/ws_new/install/dwb_msgs/share/dwb_msgs/msg/LocalPlanEvaluation.json
[2.045s] -- Up-to-date: /home/thomas/MobileRobot/ws_new/install/dwb_msgs/share/dwb_msgs/msg/Trajectory2D.json
[2.045s] -- Up-to-date: /home/thomas/MobileRobot/ws_new/install/dwb_msgs/share/dwb_msgs/msg/TrajectoryScore.json
[2.054s] -- Up-to-date: /home/thomas/MobileRobot/ws_new/install/dwb_msgs/share/dwb_msgs/srv/DebugLocalPlan.json
[2.054s] -- Up-to-date: /home/thomas/MobileRobot/ws_new/install/dwb_msgs/share/dwb_msgs/srv/GenerateTrajectory.json
[2.054s] -- Up-to-date: /home/thomas/MobileRobot/ws_new/install/dwb_msgs/share/dwb_msgs/srv/GenerateTwists.json
[2.055s] -- Up-to-date: /home/thomas/MobileRobot/ws_new/install/dwb_msgs/share/dwb_msgs/srv/GetCriticScore.json
[2.055s] -- Up-to-date: /home/thomas/MobileRobot/ws_new/install/dwb_msgs/share/dwb_msgs/srv/ScoreTrajectory.json
[2.059s] -- Up-to-date: /home/thomas/MobileRobot/ws_new/install/dwb_msgs/include/dwb_msgs/dwb_msgs
[2.059s] -- Up-to-date: /home/thomas/MobileRobot/ws_new/install/dwb_msgs/include/dwb_msgs/dwb_msgs/srv
[2.059s] -- Up-to-date: /home/thomas/MobileRobot/ws_new/install/dwb_msgs/include/dwb_msgs/dwb_msgs/srv/get_critic_score.h
[2.060s] -- Up-to-date: /home/thomas/MobileRobot/ws_new/install/dwb_msgs/include/dwb_msgs/dwb_msgs/srv/detail
[2.060s] -- Up-to-date: /home/thomas/MobileRobot/ws_new/install/dwb_msgs/include/dwb_msgs/dwb_msgs/srv/detail/get_critic_score__type_support.h
[2.060s] -- Up-to-date: /home/thomas/MobileRobot/ws_new/install/dwb_msgs/include/dwb_msgs/dwb_msgs/srv/detail/debug_local_plan__type_support.h
[2.060s] -- Installing: /home/thomas/MobileRobot/ws_new/install/dwb_msgs/include/dwb_msgs/dwb_msgs/srv/detail/score_trajectory__type_support.c
[2.079s] -- Up-to-date: /home/thomas/MobileRobot/ws_new/install/dwb_msgs/include/dwb_msgs/dwb_msgs/srv/detail/get_critic_score__struct.h
[2.079s] -- Up-to-date: /home/thomas/MobileRobot/ws_new/install/dwb_msgs/include/dwb_msgs/dwb_msgs/srv/detail/generate_twists__description.c
[2.080s] -- Up-to-date: /home/thomas/MobileRobot/ws_new/install/dwb_msgs/include/dwb_msgs/dwb_msgs/srv/detail/generate_twists__functions.c
[2.080s] -- Up-to-date: /home/thomas/MobileRobot/ws_new/install/dwb_msgs/include/dwb_msgs/dwb_msgs/srv/detail/score_trajectory__functions.h
[2.080s] -- Up-to-date: /home/thomas/MobileRobot/ws_new/install/dwb_msgs/include/dwb_msgs/dwb_msgs/srv/detail/score_trajectory__struct.h
[2.081s] -- Installing: /home/thomas/MobileRobot/ws_new/install/dwb_msgs/include/dwb_msgs/dwb_msgs/srv/detail/generate_trajectory__type_support.c
[2.113s] -- Up-to-date: /home/thomas/MobileRobot/ws_new/install/dwb_msgs/include/dwb_msgs/dwb_msgs/srv/detail/debug_local_plan__struct.h
[2.113s] -- Up-to-date: /home/thomas/MobileRobot/ws_new/install/dwb_msgs/include/dwb_msgs/dwb_msgs/srv/detail/generate_trajectory__functions.h
[2.113s] -- Up-to-date: /home/thomas/MobileRobot/ws_new/install/dwb_msgs/include/dwb_msgs/dwb_msgs/srv/detail/score_trajectory__functions.c
[2.114s] -- Up-to-date: /home/thomas/MobileRobot/ws_new/install/dwb_msgs/include/dwb_msgs/dwb_msgs/srv/detail/debug_local_plan__functions.h
[2.114s] -- Up-to-date: /home/thomas/MobileRobot/ws_new/install/dwb_msgs/include/dwb_msgs/dwb_msgs/srv/detail/get_critic_score__functions.c
[2.114s] -- Up-to-date: /home/thomas/MobileRobot/ws_new/install/dwb_msgs/include/dwb_msgs/dwb_msgs/srv/detail/score_trajectory__type_support.h
[2.114s] -- Up-to-date: /home/thomas/MobileRobot/ws_new/install/dwb_msgs/include/dwb_msgs/dwb_msgs/srv/detail/score_trajectory__description.c
[2.114s] -- Up-to-date: /home/thomas/MobileRobot/ws_new/install/dwb_msgs/include/dwb_msgs/dwb_msgs/srv/detail/generate_trajectory__functions.c
[2.114s] -- Up-to-date: /home/thomas/MobileRobot/ws_new/install/dwb_msgs/include/dwb_msgs/dwb_msgs/srv/detail/generate_trajectory__description.c
[2.114s] -- Installing: /home/thomas/MobileRobot/ws_new/install/dwb_msgs/include/dwb_msgs/dwb_msgs/srv/detail/generate_twists__type_support.c
[2.157s] -- Installing: /home/thomas/MobileRobot/ws_new/install/dwb_msgs/include/dwb_msgs/dwb_msgs/srv/detail/get_critic_score__type_support.c
[2.158s] -- Up-to-date: /home/thomas/MobileRobot/ws_new/install/dwb_msgs/include/dwb_msgs/dwb_msgs/srv/detail/generate_twists__type_support.h
[2.158s] -- Up-to-date: /home/thomas/MobileRobot/ws_new/install/dwb_msgs/include/dwb_msgs/dwb_msgs/srv/detail/generate_twists__functions.h
[2.158s] -- Up-to-date: /home/thomas/MobileRobot/ws_new/install/dwb_msgs/include/dwb_msgs/dwb_msgs/srv/detail/get_critic_score__functions.h
[2.158s] -- Up-to-date: /home/thomas/MobileRobot/ws_new/install/dwb_msgs/include/dwb_msgs/dwb_msgs/srv/detail/debug_local_plan__functions.c
[2.158s] -- Up-to-date: /home/thomas/MobileRobot/ws_new/install/dwb_msgs/include/dwb_msgs/dwb_msgs/srv/detail/generate_trajectory__type_support.h
[2.159s] -- Installing: /home/thomas/MobileRobot/ws_new/install/dwb_msgs/include/dwb_msgs/dwb_msgs/srv/detail/debug_local_plan__type_support.c
[2.168s] -- Up-to-date: /home/thomas/MobileRobot/ws_new/install/dwb_msgs/include/dwb_msgs/dwb_msgs/srv/detail/generate_twists__struct.h
[2.168s] -- Up-to-date: /home/thomas/MobileRobot/ws_new/install/dwb_msgs/include/dwb_msgs/dwb_msgs/srv/detail/debug_local_plan__description.c
[2.168s] -- Up-to-date: /home/thomas/MobileRobot/ws_new/install/dwb_msgs/include/dwb_msgs/dwb_msgs/srv/detail/get_critic_score__description.c
[2.168s] -- Up-to-date: /home/thomas/MobileRobot/ws_new/install/dwb_msgs/include/dwb_msgs/dwb_msgs/srv/detail/generate_trajectory__struct.h
[2.169s] -- Up-to-date: /home/thomas/MobileRobot/ws_new/install/dwb_msgs/include/dwb_msgs/dwb_msgs/srv/score_trajectory.h
[2.169s] -- Up-to-date: /home/thomas/MobileRobot/ws_new/install/dwb_msgs/include/dwb_msgs/dwb_msgs/srv/generate_trajectory.h
[2.169s] -- Up-to-date: /home/thomas/MobileRobot/ws_new/install/dwb_msgs/include/dwb_msgs/dwb_msgs/srv/generate_twists.h
[2.169s] -- Up-to-date: /home/thomas/MobileRobot/ws_new/install/dwb_msgs/include/dwb_msgs/dwb_msgs/srv/debug_local_plan.h
[2.169s] -- Up-to-date: /home/thomas/MobileRobot/ws_new/install/dwb_msgs/include/dwb_msgs/dwb_msgs/msg
[2.170s] -- Up-to-date: /home/thomas/MobileRobot/ws_new/install/dwb_msgs/include/dwb_msgs/dwb_msgs/msg/detail
[2.185s] -- Installing: /home/thomas/MobileRobot/ws_new/install/dwb_msgs/include/dwb_msgs/dwb_msgs/msg/detail/trajectory2_d__type_support.c
[2.211s] -- Up-to-date: /home/thomas/MobileRobot/ws_new/install/dwb_msgs/include/dwb_msgs/dwb_msgs/msg/detail/trajectory2_d__type_support.h
[2.212s] -- Up-to-date: /home/thomas/MobileRobot/ws_new/install/dwb_msgs/include/dwb_msgs/dwb_msgs/msg/detail/trajectory2_d__description.c
[2.212s] -- Up-to-date: /home/thomas/MobileRobot/ws_new/install/dwb_msgs/include/dwb_msgs/dwb_msgs/msg/detail/trajectory_score__type_support.h
[2.212s] -- Installing: /home/thomas/MobileRobot/ws_new/install/dwb_msgs/include/dwb_msgs/dwb_msgs/msg/detail/local_plan_evaluation__type_support.c
[2.212s] -- Up-to-date: /home/thomas/MobileRobot/ws_new/install/dwb_msgs/include/dwb_msgs/dwb_msgs/msg/detail/trajectory2_d__struct.h
[2.212s] -- Up-to-date: /home/thomas/MobileRobot/ws_new/install/dwb_msgs/include/dwb_msgs/dwb_msgs/msg/detail/trajectory_score__struct.h
[2.213s] -- Up-to-date: /home/thomas/MobileRobot/ws_new/install/dwb_msgs/include/dwb_msgs/dwb_msgs/msg/detail/local_plan_evaluation__functions.c
[2.213s] -- Up-to-date: /home/thomas/MobileRobot/ws_new/install/dwb_msgs/include/dwb_msgs/dwb_msgs/msg/detail/trajectory_score__functions.c
[2.213s] -- Up-to-date: /home/thomas/MobileRobot/ws_new/install/dwb_msgs/include/dwb_msgs/dwb_msgs/msg/detail/local_plan_evaluation__functions.h
[2.213s] -- Up-to-date: /home/thomas/MobileRobot/ws_new/install/dwb_msgs/include/dwb_msgs/dwb_msgs/msg/detail/critic_score__struct.h
[2.213s] -- Up-to-date: /home/thomas/MobileRobot/ws_new/install/dwb_msgs/include/dwb_msgs/dwb_msgs/msg/detail/local_plan_evaluation__type_support.h
[2.213s] -- Up-to-date: /home/thomas/MobileRobot/ws_new/install/dwb_msgs/include/dwb_msgs/dwb_msgs/msg/detail/trajectory2_d__functions.h
[2.214s] -- Up-to-date: /home/thomas/MobileRobot/ws_new/install/dwb_msgs/include/dwb_msgs/dwb_msgs/msg/detail/critic_score__type_support.h
[2.214s] -- Installing: /home/thomas/MobileRobot/ws_new/install/dwb_msgs/include/dwb_msgs/dwb_msgs/msg/detail/critic_score__type_support.c
[2.221s] -- Up-to-date: /home/thomas/MobileRobot/ws_new/install/dwb_msgs/include/dwb_msgs/dwb_msgs/msg/detail/critic_score__functions.h
[2.221s] -- Up-to-date: /home/thomas/MobileRobot/ws_new/install/dwb_msgs/include/dwb_msgs/dwb_msgs/msg/detail/critic_score__functions.c
[2.222s] -- Installing: /home/thomas/MobileRobot/ws_new/install/dwb_msgs/include/dwb_msgs/dwb_msgs/msg/detail/trajectory_score__type_support.c
[2.227s] -- Up-to-date: /home/thomas/MobileRobot/ws_new/install/dwb_msgs/include/dwb_msgs/dwb_msgs/msg/detail/local_plan_evaluation__struct.h
[2.228s] -- Up-to-date: /home/thomas/MobileRobot/ws_new/install/dwb_msgs/include/dwb_msgs/dwb_msgs/msg/detail/critic_score__description.c
[2.228s] -- Up-to-date: /home/thomas/MobileRobot/ws_new/install/dwb_msgs/include/dwb_msgs/dwb_msgs/msg/detail/trajectory_score__description.c
[2.228s] -- Up-to-date: /home/thomas/MobileRobot/ws_new/install/dwb_msgs/include/dwb_msgs/dwb_msgs/msg/detail/trajectory2_d__functions.c
[2.228s] -- Up-to-date: /home/thomas/MobileRobot/ws_new/install/dwb_msgs/include/dwb_msgs/dwb_msgs/msg/detail/trajectory_score__functions.h
[2.228s] -- Up-to-date: /home/thomas/MobileRobot/ws_new/install/dwb_msgs/include/dwb_msgs/dwb_msgs/msg/detail/local_plan_evaluation__description.c
[2.228s] -- Up-to-date: /home/thomas/MobileRobot/ws_new/install/dwb_msgs/include/dwb_msgs/dwb_msgs/msg/trajectory_score.h
[2.229s] -- Up-to-date: /home/thomas/MobileRobot/ws_new/install/dwb_msgs/include/dwb_msgs/dwb_msgs/msg/critic_score.h
[2.229s] -- Up-to-date: /home/thomas/MobileRobot/ws_new/install/dwb_msgs/include/dwb_msgs/dwb_msgs/msg/trajectory2_d.h
[2.229s] -- Up-to-date: /home/thomas/MobileRobot/ws_new/install/dwb_msgs/include/dwb_msgs/dwb_msgs/msg/local_plan_evaluation.h
[2.229s] -- Up-to-date: /home/thomas/MobileRobot/ws_new/install/dwb_msgs/include/dwb_msgs/dwb_msgs/msg/rosidl_generator_c__visibility_control.h
[2.231s] -- Up-to-date: /home/thomas/MobileRobot/ws_new/install/dwb_msgs/share/dwb_msgs/environment/library_path.sh
[2.231s] -- Up-to-date: /home/thomas/MobileRobot/ws_new/install/dwb_msgs/share/dwb_msgs/environment/library_path.dsv
[2.265s] -- Up-to-date: /home/thomas/MobileRobot/ws_new/install/dwb_msgs/lib/libdwb_msgs__rosidl_generator_c.so
[2.265s] -- Up-to-date: /home/thomas/MobileRobot/ws_new/install/dwb_msgs/include/dwb_msgs/dwb_msgs
[2.265s] -- Up-to-date: /home/thomas/MobileRobot/ws_new/install/dwb_msgs/include/dwb_msgs/dwb_msgs/srv
[2.266s] -- Up-to-date: /home/thomas/MobileRobot/ws_new/install/dwb_msgs/include/dwb_msgs/dwb_msgs/srv/detail
[2.266s] -- Up-to-date: /home/thomas/MobileRobot/ws_new/install/dwb_msgs/include/dwb_msgs/dwb_msgs/srv/detail/generate_twists__rosidl_typesupport_fastrtps_c.h
[2.266s] -- Up-to-date: /home/thomas/MobileRobot/ws_new/install/dwb_msgs/include/dwb_msgs/dwb_msgs/srv/detail/get_critic_score__rosidl_typesupport_fastrtps_c.h
[2.266s] -- Up-to-date: /home/thomas/MobileRobot/ws_new/install/dwb_msgs/include/dwb_msgs/dwb_msgs/srv/detail/debug_local_plan__rosidl_typesupport_fastrtps_c.h
[2.266s] -- Up-to-date: /home/thomas/MobileRobot/ws_new/install/dwb_msgs/include/dwb_msgs/dwb_msgs/srv/detail/generate_trajectory__rosidl_typesupport_fastrtps_c.h
[2.266s] -- Up-to-date: /home/thomas/MobileRobot/ws_new/install/dwb_msgs/include/dwb_msgs/dwb_msgs/srv/detail/score_trajectory__rosidl_typesupport_fastrtps_c.h
[2.267s] -- Up-to-date: /home/thomas/MobileRobot/ws_new/install/dwb_msgs/include/dwb_msgs/dwb_msgs/msg
[2.267s] -- Up-to-date: /home/thomas/MobileRobot/ws_new/install/dwb_msgs/include/dwb_msgs/dwb_msgs/msg/detail
[2.267s] -- Up-to-date: /home/thomas/MobileRobot/ws_new/install/dwb_msgs/include/dwb_msgs/dwb_msgs/msg/detail/critic_score__rosidl_typesupport_fastrtps_c.h
[2.267s] -- Up-to-date: /home/thomas/MobileRobot/ws_new/install/dwb_msgs/include/dwb_msgs/dwb_msgs/msg/detail/trajectory2_d__rosidl_typesupport_fastrtps_c.h
[2.267s] -- Up-to-date: /home/thomas/MobileRobot/ws_new/install/dwb_msgs/include/dwb_msgs/dwb_msgs/msg/detail/trajectory_score__rosidl_typesupport_fastrtps_c.h
[2.267s] -- Up-to-date: /home/thomas/MobileRobot/ws_new/install/dwb_msgs/include/dwb_msgs/dwb_msgs/msg/detail/local_plan_evaluation__rosidl_typesupport_fastrtps_c.h
[2.267s] -- Up-to-date: /home/thomas/MobileRobot/ws_new/install/dwb_msgs/include/dwb_msgs/dwb_msgs/msg/rosidl_typesupport_fastrtps_c__visibility_control.h
[2.296s] -- Up-to-date: /home/thomas/MobileRobot/ws_new/install/dwb_msgs/lib/libdwb_msgs__rosidl_typesupport_fastrtps_c.so
[2.296s] -- Up-to-date: /home/thomas/MobileRobot/ws_new/install/dwb_msgs/include/dwb_msgs/dwb_msgs
[2.296s] -- Up-to-date: /home/thomas/MobileRobot/ws_new/install/dwb_msgs/include/dwb_msgs/dwb_msgs/srv
[2.297s] -- Up-to-date: /home/thomas/MobileRobot/ws_new/install/dwb_msgs/include/dwb_msgs/dwb_msgs/srv/detail
[2.297s] -- Up-to-date: /home/thomas/MobileRobot/ws_new/install/dwb_msgs/include/dwb_msgs/dwb_msgs/srv/detail/generate_twists__traits.hpp
[2.297s] -- Up-to-date: /home/thomas/MobileRobot/ws_new/install/dwb_msgs/include/dwb_msgs/dwb_msgs/srv/detail/get_critic_score__traits.hpp
[2.297s] -- Up-to-date: /home/thomas/MobileRobot/ws_new/install/dwb_msgs/include/dwb_msgs/dwb_msgs/srv/detail/generate_trajectory__struct.hpp
[2.298s] -- Up-to-date: /home/thomas/MobileRobot/ws_new/install/dwb_msgs/include/dwb_msgs/dwb_msgs/srv/detail/get_critic_score__builder.hpp
[2.298s] -- Up-to-date: /home/thomas/MobileRobot/ws_new/install/dwb_msgs/include/dwb_msgs/dwb_msgs/srv/detail/generate_trajectory__traits.hpp
[2.298s] -- Up-to-date: /home/thomas/MobileRobot/ws_new/install/dwb_msgs/include/dwb_msgs/dwb_msgs/srv/detail/generate_trajectory__type_support.hpp
[2.298s] -- Up-to-date: /home/thomas/MobileRobot/ws_new/install/dwb_msgs/include/dwb_msgs/dwb_msgs/srv/detail/generate_twists__struct.hpp
[2.298s] -- Up-to-date: /home/thomas/MobileRobot/ws_new/install/dwb_msgs/include/dwb_msgs/dwb_msgs/srv/detail/score_trajectory__traits.hpp
[2.299s] -- Up-to-date: /home/thomas/MobileRobot/ws_new/install/dwb_msgs/include/dwb_msgs/dwb_msgs/srv/detail/get_critic_score__type_support.hpp
[2.299s] -- Up-to-date: /home/thomas/MobileRobot/ws_new/install/dwb_msgs/include/dwb_msgs/dwb_msgs/srv/detail/score_trajectory__struct.hpp
[2.299s] -- Up-to-date: /home/thomas/MobileRobot/ws_new/install/dwb_msgs/include/dwb_msgs/dwb_msgs/srv/detail/debug_local_plan__struct.hpp
[2.299s] -- Up-to-date: /home/thomas/MobileRobot/ws_new/install/dwb_msgs/include/dwb_msgs/dwb_msgs/srv/detail/generate_twists__builder.hpp
[2.300s] -- Up-to-date: /home/thomas/MobileRobot/ws_new/install/dwb_msgs/include/dwb_msgs/dwb_msgs/srv/detail/debug_local_plan__builder.hpp
[2.300s] -- Up-to-date: /home/thomas/MobileRobot/ws_new/install/dwb_msgs/include/dwb_msgs/dwb_msgs/srv/detail/debug_local_plan__traits.hpp
[2.300s] -- Up-to-date: /home/thomas/MobileRobot/ws_new/install/dwb_msgs/include/dwb_msgs/dwb_msgs/srv/detail/get_critic_score__struct.hpp
[2.300s] -- Up-to-date: /home/thomas/MobileRobot/ws_new/install/dwb_msgs/include/dwb_msgs/dwb_msgs/srv/detail/generate_trajectory__builder.hpp
[2.300s] -- Up-to-date: /home/thomas/MobileRobot/ws_new/install/dwb_msgs/include/dwb_msgs/dwb_msgs/srv/detail/score_trajectory__type_support.hpp
[2.300s] -- Up-to-date: /home/thomas/MobileRobot/ws_new/install/dwb_msgs/include/dwb_msgs/dwb_msgs/srv/detail/generate_twists__type_support.hpp
[2.301s] -- Up-to-date: /home/thomas/MobileRobot/ws_new/install/dwb_msgs/include/dwb_msgs/dwb_msgs/srv/detail/debug_local_plan__type_support.hpp
[2.301s] -- Up-to-date: /home/thomas/MobileRobot/ws_new/install/dwb_msgs/include/dwb_msgs/dwb_msgs/srv/detail/score_trajectory__builder.hpp
[2.301s] -- Up-to-date: /home/thomas/MobileRobot/ws_new/install/dwb_msgs/include/dwb_msgs/dwb_msgs/srv/generate_trajectory.hpp
[2.301s] -- Up-to-date: /home/thomas/MobileRobot/ws_new/install/dwb_msgs/include/dwb_msgs/dwb_msgs/srv/generate_twists.hpp
[2.301s] -- Up-to-date: /home/thomas/MobileRobot/ws_new/install/dwb_msgs/include/dwb_msgs/dwb_msgs/srv/score_trajectory.hpp
[2.301s] -- Up-to-date: /home/thomas/MobileRobot/ws_new/install/dwb_msgs/include/dwb_msgs/dwb_msgs/srv/debug_local_plan.hpp
[2.301s] -- Up-to-date: /home/thomas/MobileRobot/ws_new/install/dwb_msgs/include/dwb_msgs/dwb_msgs/srv/get_critic_score.hpp
[2.302s] -- Up-to-date: /home/thomas/MobileRobot/ws_new/install/dwb_msgs/include/dwb_msgs/dwb_msgs/msg
[2.302s] -- Up-to-date: /home/thomas/MobileRobot/ws_new/install/dwb_msgs/include/dwb_msgs/dwb_msgs/msg/detail
[2.302s] -- Up-to-date: /home/thomas/MobileRobot/ws_new/install/dwb_msgs/include/dwb_msgs/dwb_msgs/msg/detail/critic_score__struct.hpp
[2.302s] -- Up-to-date: /home/thomas/MobileRobot/ws_new/install/dwb_msgs/include/dwb_msgs/dwb_msgs/msg/detail/trajectory2_d__type_support.hpp
[2.302s] -- Up-to-date: /home/thomas/MobileRobot/ws_new/install/dwb_msgs/include/dwb_msgs/dwb_msgs/msg/detail/critic_score__traits.hpp
[2.302s] -- Up-to-date: /home/thomas/MobileRobot/ws_new/install/dwb_msgs/include/dwb_msgs/dwb_msgs/msg/detail/local_plan_evaluation__traits.hpp
[2.302s] -- Up-to-date: /home/thomas/MobileRobot/ws_new/install/dwb_msgs/include/dwb_msgs/dwb_msgs/msg/detail/local_plan_evaluation__type_support.hpp
[2.303s] -- Up-to-date: /home/thomas/MobileRobot/ws_new/install/dwb_msgs/include/dwb_msgs/dwb_msgs/msg/detail/trajectory_score__builder.hpp
[2.303s] -- Up-to-date: /home/thomas/MobileRobot/ws_new/install/dwb_msgs/include/dwb_msgs/dwb_msgs/msg/detail/trajectory_score__struct.hpp
[2.303s] -- Up-to-date: /home/thomas/MobileRobot/ws_new/install/dwb_msgs/include/dwb_msgs/dwb_msgs/msg/detail/local_plan_evaluation__struct.hpp
[2.303s] -- Up-to-date: /home/thomas/MobileRobot/ws_new/install/dwb_msgs/include/dwb_msgs/dwb_msgs/msg/detail/critic_score__type_support.hpp
[2.303s] -- Up-to-date: /home/thomas/MobileRobot/ws_new/install/dwb_msgs/include/dwb_msgs/dwb_msgs/msg/detail/trajectory2_d__builder.hpp
[2.303s] -- Up-to-date: /home/thomas/MobileRobot/ws_new/install/dwb_msgs/include/dwb_msgs/dwb_msgs/msg/detail/trajectory2_d__traits.hpp
[2.303s] -- Up-to-date: /home/thomas/MobileRobot/ws_new/install/dwb_msgs/include/dwb_msgs/dwb_msgs/msg/detail/trajectory_score__type_support.hpp
[2.304s] -- Up-to-date: /home/thomas/MobileRobot/ws_new/install/dwb_msgs/include/dwb_msgs/dwb_msgs/msg/detail/trajectory2_d__struct.hpp
[2.304s] -- Up-to-date: /home/thomas/MobileRobot/ws_new/install/dwb_msgs/include/dwb_msgs/dwb_msgs/msg/detail/local_plan_evaluation__builder.hpp
[2.304s] -- Up-to-date: /home/thomas/MobileRobot/ws_new/install/dwb_msgs/include/dwb_msgs/dwb_msgs/msg/detail/critic_score__builder.hpp
[2.304s] -- Up-to-date: /home/thomas/MobileRobot/ws_new/install/dwb_msgs/include/dwb_msgs/dwb_msgs/msg/detail/trajectory_score__traits.hpp
[2.304s] -- Up-to-date: /home/thomas/MobileRobot/ws_new/install/dwb_msgs/include/dwb_msgs/dwb_msgs/msg/critic_score.hpp
[2.304s] -- Up-to-date: /home/thomas/MobileRobot/ws_new/install/dwb_msgs/include/dwb_msgs/dwb_msgs/msg/trajectory_score.hpp
[2.304s] -- Up-to-date: /home/thomas/MobileRobot/ws_new/install/dwb_msgs/include/dwb_msgs/dwb_msgs/msg/trajectory2_d.hpp
[2.305s] -- Up-to-date: /home/thomas/MobileRobot/ws_new/install/dwb_msgs/include/dwb_msgs/dwb_msgs/msg/rosidl_generator_cpp__visibility_control.hpp
[2.305s] -- Up-to-date: /home/thomas/MobileRobot/ws_new/install/dwb_msgs/include/dwb_msgs/dwb_msgs/msg/local_plan_evaluation.hpp
[2.305s] -- Up-to-date: /home/thomas/MobileRobot/ws_new/install/dwb_msgs/include/dwb_msgs/dwb_msgs
[2.305s] -- Up-to-date: /home/thomas/MobileRobot/ws_new/install/dwb_msgs/include/dwb_msgs/dwb_msgs/srv
[2.305s] -- Up-to-date: /home/thomas/MobileRobot/ws_new/install/dwb_msgs/include/dwb_msgs/dwb_msgs/srv/detail
[2.305s] -- Up-to-date: /home/thomas/MobileRobot/ws_new/install/dwb_msgs/include/dwb_msgs/dwb_msgs/srv/detail/score_trajectory__rosidl_typesupport_fastrtps_cpp.hpp
[2.305s] -- Up-to-date: /home/thomas/MobileRobot/ws_new/install/dwb_msgs/include/dwb_msgs/dwb_msgs/srv/detail/get_critic_score__rosidl_typesupport_fastrtps_cpp.hpp
[2.305s] -- Up-to-date: /home/thomas/MobileRobot/ws_new/install/dwb_msgs/include/dwb_msgs/dwb_msgs/srv/detail/generate_twists__rosidl_typesupport_fastrtps_cpp.hpp
[2.306s] -- Up-to-date: /home/thomas/MobileRobot/ws_new/install/dwb_msgs/include/dwb_msgs/dwb_msgs/srv/detail/debug_local_plan__rosidl_typesupport_fastrtps_cpp.hpp
[2.306s] -- Up-to-date: /home/thomas/MobileRobot/ws_new/install/dwb_msgs/include/dwb_msgs/dwb_msgs/srv/detail/generate_trajectory__rosidl_typesupport_fastrtps_cpp.hpp
[2.306s] -- Up-to-date: /home/thomas/MobileRobot/ws_new/install/dwb_msgs/include/dwb_msgs/dwb_msgs/srv/detail/dds_fastrtps
[2.306s] -- Up-to-date: /home/thomas/MobileRobot/ws_new/install/dwb_msgs/include/dwb_msgs/dwb_msgs/msg
[2.306s] -- Up-to-date: /home/thomas/MobileRobot/ws_new/install/dwb_msgs/include/dwb_msgs/dwb_msgs/msg/detail
[2.306s] -- Up-to-date: /home/thomas/MobileRobot/ws_new/install/dwb_msgs/include/dwb_msgs/dwb_msgs/msg/detail/trajectory2_d__rosidl_typesupport_fastrtps_cpp.hpp
[2.306s] -- Up-to-date: /home/thomas/MobileRobot/ws_new/install/dwb_msgs/include/dwb_msgs/dwb_msgs/msg/detail/trajectory_score__rosidl_typesupport_fastrtps_cpp.hpp
[2.307s] -- Up-to-date: /home/thomas/MobileRobot/ws_new/install/dwb_msgs/include/dwb_msgs/dwb_msgs/msg/detail/local_plan_evaluation__rosidl_typesupport_fastrtps_cpp.hpp
[2.307s] -- Up-to-date: /home/thomas/MobileRobot/ws_new/install/dwb_msgs/include/dwb_msgs/dwb_msgs/msg/detail/critic_score__rosidl_typesupport_fastrtps_cpp.hpp
[2.307s] -- Up-to-date: /home/thomas/MobileRobot/ws_new/install/dwb_msgs/include/dwb_msgs/dwb_msgs/msg/detail/dds_fastrtps
[2.307s] -- Up-to-date: /home/thomas/MobileRobot/ws_new/install/dwb_msgs/include/dwb_msgs/dwb_msgs/msg/rosidl_typesupport_fastrtps_cpp__visibility_control.h
[2.331s] -- Up-to-date: /home/thomas/MobileRobot/ws_new/install/dwb_msgs/lib/libdwb_msgs__rosidl_typesupport_fastrtps_cpp.so
[2.331s] -- Up-to-date: /home/thomas/MobileRobot/ws_new/install/dwb_msgs/include/dwb_msgs/dwb_msgs
[2.331s] -- Up-to-date: /home/thomas/MobileRobot/ws_new/install/dwb_msgs/include/dwb_msgs/dwb_msgs/srv
[2.332s] -- Up-to-date: /home/thomas/MobileRobot/ws_new/install/dwb_msgs/include/dwb_msgs/dwb_msgs/srv/detail
[2.332s] -- Installing: /home/thomas/MobileRobot/ws_new/install/dwb_msgs/include/dwb_msgs/dwb_msgs/srv/detail/score_trajectory__type_support.c
[2.380s] -- Up-to-date: /home/thomas/MobileRobot/ws_new/install/dwb_msgs/include/dwb_msgs/dwb_msgs/srv/detail/score_trajectory__rosidl_typesupport_introspection_c.h
[2.380s] -- Up-to-date: /home/thomas/MobileRobot/ws_new/install/dwb_msgs/include/dwb_msgs/dwb_msgs/srv/detail/generate_twists__rosidl_typesupport_introspection_c.h
[2.380s] -- Installing: /home/thomas/MobileRobot/ws_new/install/dwb_msgs/include/dwb_msgs/dwb_msgs/srv/detail/generate_trajectory__type_support.c
[2.391s] -- Installing: /home/thomas/MobileRobot/ws_new/install/dwb_msgs/include/dwb_msgs/dwb_msgs/srv/detail/generate_twists__type_support.c
[2.411s] -- Up-to-date: /home/thomas/MobileRobot/ws_new/install/dwb_msgs/include/dwb_msgs/dwb_msgs/srv/detail/generate_trajectory__rosidl_typesupport_introspection_c.h
[2.411s] -- Installing: /home/thomas/MobileRobot/ws_new/install/dwb_msgs/include/dwb_msgs/dwb_msgs/srv/detail/get_critic_score__type_support.c
[2.414s] -- Up-to-date: /home/thomas/MobileRobot/ws_new/install/dwb_msgs/include/dwb_msgs/dwb_msgs/srv/detail/get_critic_score__rosidl_typesupport_introspection_c.h
[2.414s] -- Up-to-date: /home/thomas/MobileRobot/ws_new/install/dwb_msgs/include/dwb_msgs/dwb_msgs/srv/detail/debug_local_plan__rosidl_typesupport_introspection_c.h
[2.414s] -- Installing: /home/thomas/MobileRobot/ws_new/install/dwb_msgs/include/dwb_msgs/dwb_msgs/srv/detail/debug_local_plan__type_support.c
[2.428s] -- Up-to-date: /home/thomas/MobileRobot/ws_new/install/dwb_msgs/include/dwb_msgs/dwb_msgs/msg
[2.429s] -- Up-to-date: /home/thomas/MobileRobot/ws_new/install/dwb_msgs/include/dwb_msgs/dwb_msgs/msg/detail
[2.429s] -- Installing: /home/thomas/MobileRobot/ws_new/install/dwb_msgs/include/dwb_msgs/dwb_msgs/msg/detail/trajectory2_d__type_support.c
[2.445s] -- Up-to-date: /home/thomas/MobileRobot/ws_new/install/dwb_msgs/include/dwb_msgs/dwb_msgs/msg/detail/trajectory_score__rosidl_typesupport_introspection_c.h
[2.445s] -- Installing: /home/thomas/MobileRobot/ws_new/install/dwb_msgs/include/dwb_msgs/dwb_msgs/msg/detail/local_plan_evaluation__type_support.c
[2.448s] -- Up-to-date: /home/thomas/MobileRobot/ws_new/install/dwb_msgs/include/dwb_msgs/dwb_msgs/msg/detail/critic_score__rosidl_typesupport_introspection_c.h
[2.448s] -- Up-to-date: /home/thomas/MobileRobot/ws_new/install/dwb_msgs/include/dwb_msgs/dwb_msgs/msg/detail/trajectory2_d__rosidl_typesupport_introspection_c.h
[2.448s] -- Installing: /home/thomas/MobileRobot/ws_new/install/dwb_msgs/include/dwb_msgs/dwb_msgs/msg/detail/critic_score__type_support.c
[2.463s] -- Installing: /home/thomas/MobileRobot/ws_new/install/dwb_msgs/include/dwb_msgs/dwb_msgs/msg/detail/trajectory_score__type_support.c
[2.464s] -- Up-to-date: /home/thomas/MobileRobot/ws_new/install/dwb_msgs/include/dwb_msgs/dwb_msgs/msg/detail/local_plan_evaluation__rosidl_typesupport_introspection_c.h
[2.464s] -- Up-to-date: /home/thomas/MobileRobot/ws_new/install/dwb_msgs/include/dwb_msgs/dwb_msgs/msg/rosidl_typesupport_introspection_c__visibility_control.h
[2.500s] -- Up-to-date: /home/thomas/MobileRobot/ws_new/install/dwb_msgs/lib/libdwb_msgs__rosidl_typesupport_introspection_c.so
[2.526s] -- Up-to-date: /home/thomas/MobileRobot/ws_new/install/dwb_msgs/lib/libdwb_msgs__rosidl_typesupport_c.so
[2.526s] -- Up-to-date: /home/thomas/MobileRobot/ws_new/install/dwb_msgs/include/dwb_msgs/dwb_msgs
[2.527s] -- Up-to-date: /home/thomas/MobileRobot/ws_new/install/dwb_msgs/include/dwb_msgs/dwb_msgs/srv
[2.527s] -- Up-to-date: /home/thomas/MobileRobot/ws_new/install/dwb_msgs/include/dwb_msgs/dwb_msgs/srv/detail
[2.527s] -- Up-to-date: /home/thomas/MobileRobot/ws_new/install/dwb_msgs/include/dwb_msgs/dwb_msgs/srv/detail/generate_twists__rosidl_typesupport_introspection_cpp.hpp
[2.527s] -- Up-to-date: /home/thomas/MobileRobot/ws_new/install/dwb_msgs/include/dwb_msgs/dwb_msgs/srv/detail/get_critic_score__type_support.cpp
[2.527s] -- Up-to-date: /home/thomas/MobileRobot/ws_new/install/dwb_msgs/include/dwb_msgs/dwb_msgs/srv/detail/generate_twists__type_support.cpp
[2.527s] -- Up-to-date: /home/thomas/MobileRobot/ws_new/install/dwb_msgs/include/dwb_msgs/dwb_msgs/srv/detail/generate_trajectory__rosidl_typesupport_introspection_cpp.hpp
[2.527s] -- Up-to-date: /home/thomas/MobileRobot/ws_new/install/dwb_msgs/include/dwb_msgs/dwb_msgs/srv/detail/score_trajectory__rosidl_typesupport_introspection_cpp.hpp
[2.528s] -- Up-to-date: /home/thomas/MobileRobot/ws_new/install/dwb_msgs/include/dwb_msgs/dwb_msgs/srv/detail/score_trajectory__type_support.cpp
[2.528s] -- Up-to-date: /home/thomas/MobileRobot/ws_new/install/dwb_msgs/include/dwb_msgs/dwb_msgs/srv/detail/get_critic_score__rosidl_typesupport_introspection_cpp.hpp
[2.528s] -- Up-to-date: /home/thomas/MobileRobot/ws_new/install/dwb_msgs/include/dwb_msgs/dwb_msgs/srv/detail/generate_trajectory__type_support.cpp
[2.528s] -- Up-to-date: /home/thomas/MobileRobot/ws_new/install/dwb_msgs/include/dwb_msgs/dwb_msgs/srv/detail/debug_local_plan__type_support.cpp
[2.528s] -- Up-to-date: /home/thomas/MobileRobot/ws_new/install/dwb_msgs/include/dwb_msgs/dwb_msgs/srv/detail/debug_local_plan__rosidl_typesupport_introspection_cpp.hpp
[2.528s] -- Up-to-date: /home/thomas/MobileRobot/ws_new/install/dwb_msgs/include/dwb_msgs/dwb_msgs/msg
[2.528s] -- Up-to-date: /home/thomas/MobileRobot/ws_new/install/dwb_msgs/include/dwb_msgs/dwb_msgs/msg/detail
[2.528s] -- Up-to-date: /home/thomas/MobileRobot/ws_new/install/dwb_msgs/include/dwb_msgs/dwb_msgs/msg/detail/trajectory_score__type_support.cpp
[2.528s] -- Up-to-date: /home/thomas/MobileRobot/ws_new/install/dwb_msgs/include/dwb_msgs/dwb_msgs/msg/detail/local_plan_evaluation__rosidl_typesupport_introspection_cpp.hpp
[2.528s] -- Up-to-date: /home/thomas/MobileRobot/ws_new/install/dwb_msgs/include/dwb_msgs/dwb_msgs/msg/detail/trajectory2_d__rosidl_typesupport_introspection_cpp.hpp
[2.528s] -- Up-to-date: /home/thomas/MobileRobot/ws_new/install/dwb_msgs/include/dwb_msgs/dwb_msgs/msg/detail/trajectory2_d__type_support.cpp
[2.528s] -- Up-to-date: /home/thomas/MobileRobot/ws_new/install/dwb_msgs/include/dwb_msgs/dwb_msgs/msg/detail/trajectory_score__rosidl_typesupport_introspection_cpp.hpp
[2.528s] -- Up-to-date: /home/thomas/MobileRobot/ws_new/install/dwb_msgs/include/dwb_msgs/dwb_msgs/msg/detail/critic_score__type_support.cpp
[2.529s] -- Up-to-date: /home/thomas/MobileRobot/ws_new/install/dwb_msgs/include/dwb_msgs/dwb_msgs/msg/detail/critic_score__rosidl_typesupport_introspection_cpp.hpp
[2.529s] -- Up-to-date: /home/thomas/MobileRobot/ws_new/install/dwb_msgs/include/dwb_msgs/dwb_msgs/msg/detail/local_plan_evaluation__type_support.cpp
[2.586s] -- Up-to-date: /home/thomas/MobileRobot/ws_new/install/dwb_msgs/lib/libdwb_msgs__rosidl_typesupport_introspection_cpp.so
[2.741s] -- Up-to-date: /home/thomas/MobileRobot/ws_new/install/dwb_msgs/lib/libdwb_msgs__rosidl_typesupport_cpp.so
[2.742s] -- Up-to-date: /home/thomas/MobileRobot/ws_new/install/dwb_msgs/share/dwb_msgs/environment/pythonpath.sh
[2.742s] -- Up-to-date: /home/thomas/MobileRobot/ws_new/install/dwb_msgs/share/dwb_msgs/environment/pythonpath.dsv
[2.768s] -- Up-to-date: /home/thomas/MobileRobot/ws_new/install/dwb_msgs/lib/python3.12/site-packages/dwb_msgs-1.3.6-py3.12.egg-info
[2.771s] -- Installing: /home/thomas/MobileRobot/ws_new/install/dwb_msgs/lib/python3.12/site-packages/dwb_msgs-1.3.6-py3.12.egg-info/top_level.txt
[2.773s] -- Installing: /home/thomas/MobileRobot/ws_new/install/dwb_msgs/lib/python3.12/site-packages/dwb_msgs-1.3.6-py3.12.egg-info/SOURCES.txt
[2.774s] -- Installing: /home/thomas/MobileRobot/ws_new/install/dwb_msgs/lib/python3.12/site-packages/dwb_msgs-1.3.6-py3.12.egg-info/dependency_links.txt
[2.774s] -- Installing: /home/thomas/MobileRobot/ws_new/install/dwb_msgs/lib/python3.12/site-packages/dwb_msgs-1.3.6-py3.12.egg-info/PKG-INFO
[2.774s] -- Up-to-date: /home/thomas/MobileRobot/ws_new/install/dwb_msgs/lib/python3.12/site-packages/dwb_msgs
[2.776s] -- Up-to-date: /home/thomas/MobileRobot/ws_new/install/dwb_msgs/lib/python3.12/site-packages/dwb_msgs/__init__.py
[2.776s] -- Up-to-date: /home/thomas/MobileRobot/ws_new/install/dwb_msgs/lib/python3.12/site-packages/dwb_msgs/dwb_msgs_s__rosidl_typesupport_fastrtps_c.so
[2.777s] -- Up-to-date: /home/thomas/MobileRobot/ws_new/install/dwb_msgs/lib/python3.12/site-packages/dwb_msgs/srv
[2.784s] -- Up-to-date: /home/thomas/MobileRobot/ws_new/install/dwb_msgs/lib/python3.12/site-packages/dwb_msgs/srv/_generate_trajectory.py
[2.785s] -- Up-to-date: /home/thomas/MobileRobot/ws_new/install/dwb_msgs/lib/python3.12/site-packages/dwb_msgs/srv/_debug_local_plan_s.c
[2.785s] -- Up-to-date: /home/thomas/MobileRobot/ws_new/install/dwb_msgs/lib/python3.12/site-packages/dwb_msgs/srv/__init__.py
[2.785s] -- Up-to-date: /home/thomas/MobileRobot/ws_new/install/dwb_msgs/lib/python3.12/site-packages/dwb_msgs/srv/_generate_trajectory_s.c
[2.787s] -- Up-to-date: /home/thomas/MobileRobot/ws_new/install/dwb_msgs/lib/python3.12/site-packages/dwb_msgs/srv/_generate_twists_s.c
[2.787s] -- Up-to-date: /home/thomas/MobileRobot/ws_new/install/dwb_msgs/lib/python3.12/site-packages/dwb_msgs/srv/_generate_twists.py
[2.788s] -- Up-to-date: /home/thomas/MobileRobot/ws_new/install/dwb_msgs/lib/python3.12/site-packages/dwb_msgs/srv/_get_critic_score.py
[2.788s] -- Up-to-date: /home/thomas/MobileRobot/ws_new/install/dwb_msgs/lib/python3.12/site-packages/dwb_msgs/srv/_debug_local_plan.py
[2.789s] -- Up-to-date: /home/thomas/MobileRobot/ws_new/install/dwb_msgs/lib/python3.12/site-packages/dwb_msgs/srv/_score_trajectory_s.c
[2.791s] -- Up-to-date: /home/thomas/MobileRobot/ws_new/install/dwb_msgs/lib/python3.12/site-packages/dwb_msgs/srv/_score_trajectory.py
[2.792s] -- Up-to-date: /home/thomas/MobileRobot/ws_new/install/dwb_msgs/lib/python3.12/site-packages/dwb_msgs/srv/_get_critic_score_s.c
[2.792s] -- Up-to-date: /home/thomas/MobileRobot/ws_new/install/dwb_msgs/lib/python3.12/site-packages/dwb_msgs/_dwb_msgs_s.ep.rosidl_typesupport_c.c
[2.792s] -- Up-to-date: /home/thomas/MobileRobot/ws_new/install/dwb_msgs/lib/python3.12/site-packages/dwb_msgs/dwb_msgs_s__rosidl_typesupport_c.so
[2.793s] -- Up-to-date: /home/thomas/MobileRobot/ws_new/install/dwb_msgs/lib/python3.12/site-packages/dwb_msgs/msg
[2.794s] -- Up-to-date: /home/thomas/MobileRobot/ws_new/install/dwb_msgs/lib/python3.12/site-packages/dwb_msgs/msg/__init__.py
[2.794s] -- Up-to-date: /home/thomas/MobileRobot/ws_new/install/dwb_msgs/lib/python3.12/site-packages/dwb_msgs/msg/_local_plan_evaluation_s.c
[2.795s] -- Up-to-date: /home/thomas/MobileRobot/ws_new/install/dwb_msgs/lib/python3.12/site-packages/dwb_msgs/msg/_trajectory_score.py
[2.796s] -- Up-to-date: /home/thomas/MobileRobot/ws_new/install/dwb_msgs/lib/python3.12/site-packages/dwb_msgs/msg/_trajectory2_d_s.c
[2.797s] -- Up-to-date: /home/thomas/MobileRobot/ws_new/install/dwb_msgs/lib/python3.12/site-packages/dwb_msgs/msg/_trajectory2_d.py
[2.798s] -- Up-to-date: /home/thomas/MobileRobot/ws_new/install/dwb_msgs/lib/python3.12/site-packages/dwb_msgs/msg/_critic_score.py
[2.798s] -- Up-to-date: /home/thomas/MobileRobot/ws_new/install/dwb_msgs/lib/python3.12/site-packages/dwb_msgs/msg/_trajectory_score_s.c
[2.799s] -- Up-to-date: /home/thomas/MobileRobot/ws_new/install/dwb_msgs/lib/python3.12/site-packages/dwb_msgs/msg/_local_plan_evaluation.py
[2.799s] -- Up-to-date: /home/thomas/MobileRobot/ws_new/install/dwb_msgs/lib/python3.12/site-packages/dwb_msgs/msg/_critic_score_s.c
[2.800s] -- Up-to-date: /home/thomas/MobileRobot/ws_new/install/dwb_msgs/lib/python3.12/site-packages/dwb_msgs/_dwb_msgs_s.ep.rosidl_typesupport_fastrtps_c.c
[2.800s] -- Up-to-date: /home/thomas/MobileRobot/ws_new/install/dwb_msgs/lib/python3.12/site-packages/dwb_msgs/_dwb_msgs_s.ep.rosidl_typesupport_introspection_c.c
[2.801s] -- Up-to-date: /home/thomas/MobileRobot/ws_new/install/dwb_msgs/lib/python3.12/site-packages/dwb_msgs/dwb_msgs_s__rosidl_typesupport_introspection_c.so
[3.261s] Listing '/home/thomas/MobileRobot/ws_new/install/dwb_msgs/lib/python3.12/site-packages/dwb_msgs'...
[3.261s] Listing '/home/thomas/MobileRobot/ws_new/install/dwb_msgs/lib/python3.12/site-packages/dwb_msgs/msg'...
[3.261s] Listing '/home/thomas/MobileRobot/ws_new/install/dwb_msgs/lib/python3.12/site-packages/dwb_msgs/srv'...
[3.386s] -- Up-to-date: /home/thomas/MobileRobot/ws_new/install/dwb_msgs/lib/python3.12/site-packages/dwb_msgs/dwb_msgs_s__rosidl_typesupport_fastrtps_c.so
[3.415s] -- Up-to-date: /home/thomas/MobileRobot/ws_new/install/dwb_msgs/lib/python3.12/site-packages/dwb_msgs/dwb_msgs_s__rosidl_typesupport_introspection_c.so
[3.601s] -- Up-to-date: /home/thomas/MobileRobot/ws_new/install/dwb_msgs/lib/python3.12/site-packages/dwb_msgs/dwb_msgs_s__rosidl_typesupport_c.so
[3.688s] -- Up-to-date: /home/thomas/MobileRobot/ws_new/install/dwb_msgs/lib/libdwb_msgs__rosidl_generator_py.so
[3.688s] -- Up-to-date: /home/thomas/MobileRobot/ws_new/install/dwb_msgs/share/dwb_msgs/msg/CriticScore.idl
[3.688s] -- Up-to-date: /home/thomas/MobileRobot/ws_new/install/dwb_msgs/share/dwb_msgs/msg/LocalPlanEvaluation.idl
[3.689s] -- Up-to-date: /home/thomas/MobileRobot/ws_new/install/dwb_msgs/share/dwb_msgs/msg/Trajectory2D.idl
[3.689s] -- Up-to-date: /home/thomas/MobileRobot/ws_new/install/dwb_msgs/share/dwb_msgs/msg/TrajectoryScore.idl
[3.689s] -- Up-to-date: /home/thomas/MobileRobot/ws_new/install/dwb_msgs/share/dwb_msgs/srv/DebugLocalPlan.idl
[3.689s] -- Up-to-date: /home/thomas/MobileRobot/ws_new/install/dwb_msgs/share/dwb_msgs/srv/GenerateTrajectory.idl
[3.689s] -- Up-to-date: /home/thomas/MobileRobot/ws_new/install/dwb_msgs/share/dwb_msgs/srv/GenerateTwists.idl
[3.690s] -- Up-to-date: /home/thomas/MobileRobot/ws_new/install/dwb_msgs/share/dwb_msgs/srv/GetCriticScore.idl
[3.690s] -- Up-to-date: /home/thomas/MobileRobot/ws_new/install/dwb_msgs/share/dwb_msgs/srv/ScoreTrajectory.idl
[3.690s] -- Up-to-date: /home/thomas/MobileRobot/ws_new/install/dwb_msgs/share/dwb_msgs/msg/CriticScore.msg
[3.690s] -- Up-to-date: /home/thomas/MobileRobot/ws_new/install/dwb_msgs/share/dwb_msgs/msg/LocalPlanEvaluation.msg
[3.690s] -- Up-to-date: /home/thomas/MobileRobot/ws_new/install/dwb_msgs/share/dwb_msgs/msg/Trajectory2D.msg
[3.690s] -- Up-to-date: /home/thomas/MobileRobot/ws_new/install/dwb_msgs/share/dwb_msgs/msg/TrajectoryScore.msg
[3.690s] -- Up-to-date: /home/thomas/MobileRobot/ws_new/install/dwb_msgs/share/dwb_msgs/srv/DebugLocalPlan.srv
[3.691s] -- Up-to-date: /home/thomas/MobileRobot/ws_new/install/dwb_msgs/share/dwb_msgs/srv/GenerateTrajectory.srv
[3.691s] -- Up-to-date: /home/thomas/MobileRobot/ws_new/install/dwb_msgs/share/dwb_msgs/srv/GenerateTwists.srv
[3.691s] -- Up-to-date: /home/thomas/MobileRobot/ws_new/install/dwb_msgs/share/dwb_msgs/srv/GetCriticScore.srv
[3.691s] -- Up-to-date: /home/thomas/MobileRobot/ws_new/install/dwb_msgs/share/dwb_msgs/srv/ScoreTrajectory.srv
[3.725s] -- Up-to-date: /home/thomas/MobileRobot/ws_new/install/dwb_msgs/share/ament_index/resource_index/package_run_dependencies/dwb_msgs
[3.725s] -- Up-to-date: /home/thomas/MobileRobot/ws_new/install/dwb_msgs/share/ament_index/resource_index/parent_prefix_path/dwb_msgs
[3.726s] -- Up-to-date: /home/thomas/MobileRobot/ws_new/install/dwb_msgs/share/dwb_msgs/environment/ament_prefix_path.sh
[3.726s] -- Up-to-date: /home/thomas/MobileRobot/ws_new/install/dwb_msgs/share/dwb_msgs/environment/ament_prefix_path.dsv
[3.726s] -- Up-to-date: /home/thomas/MobileRobot/ws_new/install/dwb_msgs/share/dwb_msgs/environment/path.sh
[3.726s] -- Up-to-date: /home/thomas/MobileRobot/ws_new/install/dwb_msgs/share/dwb_msgs/environment/path.dsv
[3.727s] -- Up-to-date: /home/thomas/MobileRobot/ws_new/install/dwb_msgs/share/dwb_msgs/local_setup.bash
[3.727s] -- Up-to-date: /home/thomas/MobileRobot/ws_new/install/dwb_msgs/share/dwb_msgs/local_setup.sh
[3.727s] -- Up-to-date: /home/thomas/MobileRobot/ws_new/install/dwb_msgs/share/dwb_msgs/local_setup.zsh
[3.727s] -- Up-to-date: /home/thomas/MobileRobot/ws_new/install/dwb_msgs/share/dwb_msgs/local_setup.dsv
[3.727s] -- Installing: /home/thomas/MobileRobot/ws_new/install/dwb_msgs/share/dwb_msgs/package.dsv
[3.749s] -- Up-to-date: /home/thomas/MobileRobot/ws_new/install/dwb_msgs/share/ament_index/resource_index/packages/dwb_msgs
[3.866s] -- Up-to-date: /home/thomas/MobileRobot/ws_new/install/dwb_msgs/share/dwb_msgs/cmake/export_dwb_msgs__rosidl_generator_cExport.cmake
[3.867s] -- Up-to-date: /home/thomas/MobileRobot/ws_new/install/dwb_msgs/share/dwb_msgs/cmake/export_dwb_msgs__rosidl_generator_cExport-noconfig.cmake
[3.874s] -- Up-to-date: /home/thomas/MobileRobot/ws_new/install/dwb_msgs/share/dwb_msgs/cmake/export_dwb_msgs__rosidl_typesupport_fastrtps_cExport.cmake
[3.874s] -- Up-to-date: /home/thomas/MobileRobot/ws_new/install/dwb_msgs/share/dwb_msgs/cmake/export_dwb_msgs__rosidl_typesupport_fastrtps_cExport-noconfig.cmake
[3.886s] -- Up-to-date: /home/thomas/MobileRobot/ws_new/install/dwb_msgs/share/dwb_msgs/cmake/export_dwb_msgs__rosidl_generator_cppExport.cmake
[4.049s] -- Up-to-date: /home/thomas/MobileRobot/ws_new/install/dwb_msgs/share/dwb_msgs/cmake/export_dwb_msgs__rosidl_typesupport_fastrtps_cppExport.cmake
[4.049s] -- Up-to-date: /home/thomas/MobileRobot/ws_new/install/dwb_msgs/share/dwb_msgs/cmake/export_dwb_msgs__rosidl_typesupport_fastrtps_cppExport-noconfig.cmake
[4.058s] -- Up-to-date: /home/thomas/MobileRobot/ws_new/install/dwb_msgs/share/dwb_msgs/cmake/dwb_msgs__rosidl_typesupport_introspection_cExport.cmake
[4.058s] -- Up-to-date: /home/thomas/MobileRobot/ws_new/install/dwb_msgs/share/dwb_msgs/cmake/dwb_msgs__rosidl_typesupport_introspection_cExport-noconfig.cmake
[4.063s] -- Up-to-date: /home/thomas/MobileRobot/ws_new/install/dwb_msgs/share/dwb_msgs/cmake/dwb_msgs__rosidl_typesupport_cExport.cmake
[4.063s] -- Up-to-date: /home/thomas/MobileRobot/ws_new/install/dwb_msgs/share/dwb_msgs/cmake/dwb_msgs__rosidl_typesupport_cExport-noconfig.cmake
[4.067s] -- Up-to-date: /home/thomas/MobileRobot/ws_new/install/dwb_msgs/share/dwb_msgs/cmake/dwb_msgs__rosidl_typesupport_introspection_cppExport.cmake
[4.067s] -- Up-to-date: /home/thomas/MobileRobot/ws_new/install/dwb_msgs/share/dwb_msgs/cmake/dwb_msgs__rosidl_typesupport_introspection_cppExport-noconfig.cmake
[4.079s] -- Up-to-date: /home/thomas/MobileRobot/ws_new/install/dwb_msgs/share/dwb_msgs/cmake/dwb_msgs__rosidl_typesupport_cppExport.cmake
[4.079s] -- Up-to-date: /home/thomas/MobileRobot/ws_new/install/dwb_msgs/share/dwb_msgs/cmake/dwb_msgs__rosidl_typesupport_cppExport-noconfig.cmake
[4.090s] -- Up-to-date: /home/thomas/MobileRobot/ws_new/install/dwb_msgs/share/dwb_msgs/cmake/export_dwb_msgs__rosidl_generator_pyExport.cmake
[4.090s] -- Up-to-date: /home/thomas/MobileRobot/ws_new/install/dwb_msgs/share/dwb_msgs/cmake/export_dwb_msgs__rosidl_generator_pyExport-noconfig.cmake
[4.090s] -- Up-to-date: /home/thomas/MobileRobot/ws_new/install/dwb_msgs/share/dwb_msgs/cmake/rosidl_cmake-extras.cmake
[4.090s] -- Up-to-date: /home/thomas/MobileRobot/ws_new/install/dwb_msgs/share/dwb_msgs/cmake/ament_cmake_export_dependencies-extras.cmake
[4.090s] -- Up-to-date: /home/thomas/MobileRobot/ws_new/install/dwb_msgs/share/dwb_msgs/cmake/ament_cmake_export_include_directories-extras.cmake
[4.091s] -- Up-to-date: /home/thomas/MobileRobot/ws_new/install/dwb_msgs/share/dwb_msgs/cmake/ament_cmake_export_libraries-extras.cmake
[4.091s] -- Up-to-date: /home/thomas/MobileRobot/ws_new/install/dwb_msgs/share/dwb_msgs/cmake/ament_cmake_export_targets-extras.cmake
[4.091s] -- Up-to-date: /home/thomas/MobileRobot/ws_new/install/dwb_msgs/share/dwb_msgs/cmake/rosidl_cmake_export_typesupport_targets-extras.cmake
[4.091s] -- Up-to-date: /home/thomas/MobileRobot/ws_new/install/dwb_msgs/share/dwb_msgs/cmake/rosidl_cmake_export_typesupport_libraries-extras.cmake
[4.091s] -- Up-to-date: /home/thomas/MobileRobot/ws_new/install/dwb_msgs/share/dwb_msgs/cmake/dwb_msgsConfig.cmake
[4.091s] -- Up-to-date: /home/thomas/MobileRobot/ws_new/install/dwb_msgs/share/dwb_msgs/cmake/dwb_msgsConfig-version.cmake
[4.091s] -- Up-to-date: /home/thomas/MobileRobot/ws_new/install/dwb_msgs/share/dwb_msgs/package.xml
[4.103s] Invoked command in '/home/thomas/MobileRobot/ws_new/build/dwb_msgs' returned '0': AMENT_PREFIX_PATH=/home/thomas/MobileRobot/ws_new/install/nav_msgs:/home/thomas/MobileRobot/ws_new/install/nav_2d_msgs:/home/thomas/MobileRobot/ws_new/install/geometry_msgs:/home/thomas/MobileRobot/ws_new/install/std_msgs:${AMENT_PREFIX_PATH} CMAKE_PREFIX_PATH=/home/thomas/MobileRobot/ws_new/install/nav_msgs:/home/thomas/MobileRobot/ws_new/install/nav_2d_msgs:/home/thomas/MobileRobot/ws_new/install/geometry_msgs:/home/thomas/MobileRobot/ws_new/install/std_msgs:/opt/ros/jazzy/opt/gz_sim_vendor:/opt/ros/jazzy/opt/gz_sensors_vendor:/opt/ros/jazzy/opt/gz_physics_vendor:/opt/ros/jazzy/opt/sdformat_vendor:/opt/ros/jazzy/opt/gz_gui_vendor:/opt/ros/jazzy/opt/gz_transport_vendor:/opt/ros/jazzy/opt/gz_rendering_vendor:/opt/ros/jazzy/opt/gz_plugin_vendor:/opt/ros/jazzy/opt/gz_fuel_tools_vendor:/opt/ros/jazzy/opt/gz_msgs_vendor:/opt/ros/jazzy/opt/gz_common_vendor:/opt/ros/jazzy/opt/gz_math_vendor:/opt/ros/jazzy/opt/gz_utils_vendor:/opt/ros/jazzy/opt/gz_tools_vendor:/opt/ros/jazzy/opt/gz_ogre_next_vendor:/opt/ros/jazzy/opt/gz_dartsim_vendor:/opt/ros/jazzy/opt/gz_cmake_vendor:/home/thomas/dev_ws/install/basic_mobile_robot:/opt/ros/jazzy DEBUGINFOD_URLS=https://debuginfod.ubuntu.com LD_LIBRARY_PATH=/home/thomas/MobileRobot/ws_new/install/nav_msgs/lib:/home/thomas/MobileRobot/ws_new/install/nav_2d_msgs/lib:/home/thomas/MobileRobot/ws_new/install/geometry_msgs/lib:/home/thomas/MobileRobot/ws_new/install/std_msgs/lib:${LD_LIBRARY_PATH} PYTHONPATH=/home/thomas/MobileRobot/ws_new/install/nav_msgs/lib/python3.12/site-packages:/home/thomas/MobileRobot/ws_new/install/nav_2d_msgs/lib/python3.12/site-packages:/home/thomas/MobileRobot/ws_new/install/geometry_msgs/lib/python3.12/site-packages:/home/thomas/MobileRobot/ws_new/install/std_msgs/lib/python3.12/site-packages:${PYTHONPATH} /usr/bin/cmake --install /home/thomas/MobileRobot/ws_new/build/dwb_msgs
