[14.203s] Invoking command in '/home/thomas/MobileRobot/ws_new/src/navigation': DEBUGINFOD_URLS=https://debuginfod.ubuntu.com PYTHONPATH=/home/thomas/MobileRobot/ws_new/build/navigation/prefix_override:/usr/lib/python3/dist-packages/colcon_core/task/python/colcon_distutils_commands:/home/thomas/MobileRobot/ws_new/install/navigation/lib/python3.12/site-packages:${PYTHONPATH} /usr/bin/python3 -W ignore:setup.py install is deprecated -W ignore:easy_install command is deprecated setup.py egg_info --egg-base ../../build/navigation build --build-base /home/thomas/MobileRobot/ws_new/build/navigation/build install --record /home/thomas/MobileRobot/ws_new/build/navigation/install.log --single-version-externally-managed install_data
[14.796s] running egg_info
[14.847s] writing ../../build/navigation/navigation.egg-info/PKG-INFO
[14.848s] writing dependency_links to ../../build/navigation/navigation.egg-info/dependency_links.txt
[14.848s] writing entry points to ../../build/navigation/navigation.egg-info/entry_points.txt
[14.848s] writing requirements to ../../build/navigation/navigation.egg-info/requires.txt
[14.848s] writing top-level names to ../../build/navigation/navigation.egg-info/top_level.txt
[14.967s] reading manifest file '../../build/navigation/navigation.egg-info/SOURCES.txt'
[14.968s] writing manifest file '../../build/navigation/navigation.egg-info/SOURCES.txt'
[14.968s] running build
[14.968s] running build_py
[14.969s] running install
[14.977s] running install_lib
[15.023s] running install_data
[15.023s] running install_egg_info
[15.073s] removing '/home/thomas/MobileRobot/ws_new/install/navigation/lib/python3.12/site-packages/navigation-0.0.0-py3.12.egg-info' (and everything under it)
[15.074s] Copying ../../build/navigation/navigation.egg-info to /home/thomas/MobileRobot/ws_new/install/navigation/lib/python3.12/site-packages/navigation-0.0.0-py3.12.egg-info
[15.124s] running install_scripts
[15.436s] Installing gps_path_follow script to /home/thomas/MobileRobot/ws_new/install/navigation/lib/navigation
[15.436s] Installing nav_node script to /home/thomas/MobileRobot/ws_new/install/navigation/lib/navigation
[15.436s] Installing waypoint_follow script to /home/thomas/MobileRobot/ws_new/install/navigation/lib/navigation
[15.437s] writing list of installed files to '/home/thomas/MobileRobot/ws_new/build/navigation/install.log'
[15.482s] Invoked command in '/home/thomas/MobileRobot/ws_new/src/navigation' returned '0': DEBUGINFOD_URLS=https://debuginfod.ubuntu.com PYTHONPATH=/home/thomas/MobileRobot/ws_new/build/navigation/prefix_override:/usr/lib/python3/dist-packages/colcon_core/task/python/colcon_distutils_commands:/home/thomas/MobileRobot/ws_new/install/navigation/lib/python3.12/site-packages:${PYTHONPATH} /usr/bin/python3 -W ignore:setup.py install is deprecated -W ignore:easy_install command is deprecated setup.py egg_info --egg-base ../../build/navigation build --build-base /home/thomas/MobileRobot/ws_new/build/navigation/build install --record /home/thomas/MobileRobot/ws_new/build/navigation/install.log --single-version-externally-managed install_data
