[1.366s] Invoking command in '/home/thomas/MobileRobot/ws_new/src/common_interfaces/sensor_msgs_py': AMENT_PREFIX_PATH=/home/thomas/MobileRobot/ws_new/install/sensor_msgs:/home/thomas/MobileRobot/ws_new/install/geometry_msgs:/home/thomas/MobileRobot/ws_new/install/std_msgs:${AMENT_PREFIX_PATH} CMAKE_PREFIX_PATH=/home/thomas/MobileRobot/ws_new/install/sensor_msgs:/home/thomas/MobileRobot/ws_new/install/geometry_msgs:/home/thomas/MobileRobot/ws_new/install/std_msgs:${CMAKE_PREFIX_PATH} DEBUGINFOD_URLS=https://debuginfod.ubuntu.com LD_LIBRARY_PATH=/home/thomas/MobileRobot/ws_new/install/sensor_msgs/lib:/home/thomas/MobileRobot/ws_new/install/geometry_msgs/lib:/home/thomas/MobileRobot/ws_new/install/std_msgs/lib:${LD_LIBRARY_PATH} PYTHONPATH=/home/thomas/MobileRobot/ws_new/build/sensor_msgs_py/prefix_override:/usr/lib/python3/dist-packages/colcon_core/task/python/colcon_distutils_commands:/home/thomas/MobileRobot/ws_new/install/sensor_msgs_py/lib/python3.12/site-packages:/home/thomas/MobileRobot/ws_new/install/sensor_msgs/lib/python3.12/site-packages:/home/thomas/MobileRobot/ws_new/install/geometry_msgs/lib/python3.12/site-packages:/home/thomas/MobileRobot/ws_new/install/std_msgs/lib/python3.12/site-packages:${PYTHONPATH} /usr/bin/python3 -W ignore:setup.py install is deprecated -W ignore:easy_install command is deprecated setup.py egg_info --egg-base ../../../build/sensor_msgs_py build --build-base /home/thomas/MobileRobot/ws_new/build/sensor_msgs_py/build install --record /home/thomas/MobileRobot/ws_new/build/sensor_msgs_py/install.log --single-version-externally-managed install_data
[1.738s] running egg_info
[1.769s] writing ../../../build/sensor_msgs_py/sensor_msgs_py.egg-info/PKG-INFO
[1.783s] writing dependency_links to ../../../build/sensor_msgs_py/sensor_msgs_py.egg-info/dependency_links.txt
[1.783s] writing requirements to ../../../build/sensor_msgs_py/sensor_msgs_py.egg-info/requires.txt
[1.783s] writing top-level names to ../../../build/sensor_msgs_py/sensor_msgs_py.egg-info/top_level.txt
[1.855s] reading manifest file '../../../build/sensor_msgs_py/sensor_msgs_py.egg-info/SOURCES.txt'
[1.861s] adding license file 'LICENSE'
[1.862s] writing manifest file '../../../build/sensor_msgs_py/sensor_msgs_py.egg-info/SOURCES.txt'
[1.862s] running build
[1.862s] running build_py
[1.863s] running install
[1.870s] running install_lib
[1.903s] running install_data
[1.903s] running install_egg_info
[1.937s] removing '/home/thomas/MobileRobot/ws_new/install/sensor_msgs_py/lib/python3.12/site-packages/sensor_msgs_py-5.3.6-py3.12.egg-info' (and everything under it)
[1.938s] Copying ../../../build/sensor_msgs_py/sensor_msgs_py.egg-info to /home/thomas/MobileRobot/ws_new/install/sensor_msgs_py/lib/python3.12/site-packages/sensor_msgs_py-5.3.6-py3.12.egg-info
[1.958s] running install_scripts
[2.175s] writing list of installed files to '/home/thomas/MobileRobot/ws_new/build/sensor_msgs_py/install.log'
[2.208s] Invoked command in '/home/thomas/MobileRobot/ws_new/src/common_interfaces/sensor_msgs_py' returned '0': AMENT_PREFIX_PATH=/home/thomas/MobileRobot/ws_new/install/sensor_msgs:/home/thomas/MobileRobot/ws_new/install/geometry_msgs:/home/thomas/MobileRobot/ws_new/install/std_msgs:${AMENT_PREFIX_PATH} CMAKE_PREFIX_PATH=/home/thomas/MobileRobot/ws_new/install/sensor_msgs:/home/thomas/MobileRobot/ws_new/install/geometry_msgs:/home/thomas/MobileRobot/ws_new/install/std_msgs:${CMAKE_PREFIX_PATH} DEBUGINFOD_URLS=https://debuginfod.ubuntu.com LD_LIBRARY_PATH=/home/thomas/MobileRobot/ws_new/install/sensor_msgs/lib:/home/thomas/MobileRobot/ws_new/install/geometry_msgs/lib:/home/thomas/MobileRobot/ws_new/install/std_msgs/lib:${LD_LIBRARY_PATH} PYTHONPATH=/home/thomas/MobileRobot/ws_new/build/sensor_msgs_py/prefix_override:/usr/lib/python3/dist-packages/colcon_core/task/python/colcon_distutils_commands:/home/thomas/MobileRobot/ws_new/install/sensor_msgs_py/lib/python3.12/site-packages:/home/thomas/MobileRobot/ws_new/install/sensor_msgs/lib/python3.12/site-packages:/home/thomas/MobileRobot/ws_new/install/geometry_msgs/lib/python3.12/site-packages:/home/thomas/MobileRobot/ws_new/install/std_msgs/lib/python3.12/site-packages:${PYTHONPATH} /usr/bin/python3 -W ignore:setup.py install is deprecated -W ignore:easy_install command is deprecated setup.py egg_info --egg-base ../../../build/sensor_msgs_py build --build-base /home/thomas/MobileRobot/ws_new/build/sensor_msgs_py/build install --record /home/thomas/MobileRobot/ws_new/build/sensor_msgs_py/install.log --single-version-externally-managed install_data
