[0.076s] Invoking command in '/home/thomas/MobileRobot/ws_new/build/mobile_robot': CMAKE_PREFIX_PATH=${CMAKE_PREFIX_PATH}:/home/thomas/MobileRobot/ws_new/install/publisher_subscriber:/home/thomas/MobileRobot/ws_new/install/navigation:/opt/ros/jazzy DEBUGINFOD_URLS=https://debuginfod.ubuntu.com /usr/bin/cmake --build /home/thomas/MobileRobot/ws_new/build/mobile_robot -- -j8 -l8
[0.633s] Invoked command in '/home/thomas/MobileRobot/ws_new/build/mobile_robot' returned '0': CMAKE_PREFIX_PATH=${CMAKE_PREFIX_PATH}:/home/thomas/MobileRobot/ws_new/install/publisher_subscriber:/home/thomas/MobileRobot/ws_new/install/navigation:/opt/ros/jazzy DEBUGINFOD_URLS=https://debuginfod.ubuntu.com /usr/bin/cmake --build /home/thomas/MobileRobot/ws_new/build/mobile_robot -- -j8 -l8
[0.663s] Invoking command in '/home/thomas/MobileRobot/ws_new/build/mobile_robot': CMAKE_PREFIX_PATH=${CMAKE_PREFIX_PATH}:/home/thomas/MobileRobot/ws_new/install/publisher_subscriber:/home/thomas/MobileRobot/ws_new/install/navigation:/opt/ros/jazzy DEBUGINFOD_URLS=https://debuginfod.ubuntu.com /usr/bin/cmake --install /home/thomas/MobileRobot/ws_new/build/mobile_robot
[0.685s] -- Install configuration: ""
[0.685s] -- Up-to-date: /home/thomas/MobileRobot/ws_new/install/mobile_robot/share/mobile_robot//launch
[0.685s] -- Up-to-date: /home/thomas/MobileRobot/ws_new/install/mobile_robot/share/mobile_robot//launch/robot_gps_nav2.launch.py
[0.686s] -- Up-to-date: /home/thomas/MobileRobot/ws_new/install/mobile_robot/share/mobile_robot//launch/gazebo_model_environement.launch.py
[0.686s] -- Up-to-date: /home/thomas/MobileRobot/ws_new/install/mobile_robot/share/mobile_robot//launch/gazebo_model.launch.py
[0.687s] -- Up-to-date: /home/thomas/MobileRobot/ws_new/install/mobile_robot/share/mobile_robot//launch/test.launch.py
[0.687s] -- Up-to-date: /home/thomas/MobileRobot/ws_new/install/mobile_robot/share/mobile_robot//launch/ekf.launch.py
[0.687s] -- Up-to-date: /home/thomas/MobileRobot/ws_new/install/mobile_robot/share/mobile_robot//launch/camera.launch.py
[0.687s] -- Up-to-date: /home/thomas/MobileRobot/ws_new/install/mobile_robot/share/mobile_robot//launch/farm_world.launch.py
[0.687s] -- Up-to-date: /home/thomas/MobileRobot/ws_new/install/mobile_robot/share/mobile_robot//model
[0.688s] -- Up-to-date: /home/thomas/MobileRobot/ws_new/install/mobile_robot/share/mobile_robot//model/farm_world.sdf
[0.688s] -- Up-to-date: /home/thomas/MobileRobot/ws_new/install/mobile_robot/share/mobile_robot//model/empty_world.world
[0.688s] -- Up-to-date: /home/thomas/MobileRobot/ws_new/install/mobile_robot/share/mobile_robot//model/robot.gazebo
[0.689s] -- Up-to-date: /home/thomas/MobileRobot/ws_new/install/mobile_robot/share/mobile_robot//model/robot.xacro
[0.689s] -- Up-to-date: /home/thomas/MobileRobot/ws_new/install/mobile_robot/share/mobile_robot//config
[0.690s] -- Up-to-date: /home/thomas/MobileRobot/ws_new/install/mobile_robot/share/mobile_robot//config/main.rviz
[0.691s] -- Up-to-date: /home/thomas/MobileRobot/ws_new/install/mobile_robot/share/mobile_robot//config/mapper_params_online_async.yaml
[0.691s] -- Up-to-date: /home/thomas/MobileRobot/ws_new/install/mobile_robot/share/mobile_robot//config/ackermann_controllers.yaml
[0.691s] -- Installing: /home/thomas/MobileRobot/ws_new/install/mobile_robot/share/mobile_robot//config/nav2_params.yaml
[0.692s] -- Up-to-date: /home/thomas/MobileRobot/ws_new/install/mobile_robot/share/mobile_robot//config/ekf.yaml
[0.693s] -- Up-to-date: /home/thomas/MobileRobot/ws_new/install/mobile_robot/share/mobile_robot//config/navsat_transform.yaml
[0.693s] -- Up-to-date: /home/thomas/MobileRobot/ws_new/install/mobile_robot/share/mobile_robot//config/gz_bridge.yaml
[0.694s] -- Up-to-date: /home/thomas/MobileRobot/ws_new/install/mobile_robot/share/mobile_robot//config/waypoint_follower.yaml
[0.694s] -- Up-to-date: /home/thomas/MobileRobot/ws_new/install/mobile_robot/share/mobile_robot//config/twist_mux.yaml
[0.694s] -- Up-to-date: /home/thomas/MobileRobot/ws_new/install/mobile_robot/share/mobile_robot//config/ekf1.yaml
[0.694s] -- Up-to-date: /home/thomas/MobileRobot/ws_new/install/mobile_robot/share/mobile_robot//config/map_server.yaml
[0.694s] -- Up-to-date: /home/thomas/MobileRobot/ws_new/install/mobile_robot/share/mobile_robot//description
[0.695s] -- Up-to-date: /home/thomas/MobileRobot/ws_new/install/mobile_robot/share/mobile_robot//description/lidar.xacro
[0.695s] -- Up-to-date: /home/thomas/MobileRobot/ws_new/install/mobile_robot/share/mobile_robot//description/gps.xacro
[0.696s] -- Up-to-date: /home/thomas/MobileRobot/ws_new/install/mobile_robot/share/mobile_robot//description/camera.xacro
[0.697s] -- Up-to-date: /home/thomas/MobileRobot/ws_new/install/mobile_robot/share/ament_index/resource_index/package_run_dependencies/mobile_robot
[0.697s] -- Up-to-date: /home/thomas/MobileRobot/ws_new/install/mobile_robot/share/ament_index/resource_index/parent_prefix_path/mobile_robot
[0.697s] -- Up-to-date: /home/thomas/MobileRobot/ws_new/install/mobile_robot/share/mobile_robot/environment/ament_prefix_path.sh
[0.698s] -- Up-to-date: /home/thomas/MobileRobot/ws_new/install/mobile_robot/share/mobile_robot/environment/ament_prefix_path.dsv
[0.698s] -- Up-to-date: /home/thomas/MobileRobot/ws_new/install/mobile_robot/share/mobile_robot/environment/path.sh
[0.699s] -- Up-to-date: /home/thomas/MobileRobot/ws_new/install/mobile_robot/share/mobile_robot/environment/path.dsv
[0.703s] -- Up-to-date: /home/thomas/MobileRobot/ws_new/install/mobile_robot/share/mobile_robot/local_setup.bash
[0.705s] -- Up-to-date: /home/thomas/MobileRobot/ws_new/install/mobile_robot/share/mobile_robot/local_setup.sh
[0.705s] -- Up-to-date: /home/thomas/MobileRobot/ws_new/install/mobile_robot/share/mobile_robot/local_setup.zsh
[0.706s] -- Up-to-date: /home/thomas/MobileRobot/ws_new/install/mobile_robot/share/mobile_robot/local_setup.dsv
[0.706s] -- Installing: /home/thomas/MobileRobot/ws_new/install/mobile_robot/share/mobile_robot/package.dsv
[0.708s] -- Up-to-date: /home/thomas/MobileRobot/ws_new/install/mobile_robot/share/ament_index/resource_index/packages/mobile_robot
[0.708s] -- Up-to-date: /home/thomas/MobileRobot/ws_new/install/mobile_robot/share/mobile_robot/cmake/mobile_robotConfig.cmake
[0.710s] -- Up-to-date: /home/thomas/MobileRobot/ws_new/install/mobile_robot/share/mobile_robot/cmake/mobile_robotConfig-version.cmake
[0.710s] -- Up-to-date: /home/thomas/MobileRobot/ws_new/install/mobile_robot/share/mobile_robot/package.xml
[0.712s] Invoked command in '/home/thomas/MobileRobot/ws_new/build/mobile_robot' returned '0': CMAKE_PREFIX_PATH=${CMAKE_PREFIX_PATH}:/home/thomas/MobileRobot/ws_new/install/publisher_subscriber:/home/thomas/MobileRobot/ws_new/install/navigation:/opt/ros/jazzy DEBUGINFOD_URLS=https://debuginfod.ubuntu.com /usr/bin/cmake --install /home/thomas/MobileRobot/ws_new/build/mobile_robot
