[2.418s] Invoking command in '/home/thomas/MobileRobot/ws_new/src/navigation2/nav2_simple_commander': AMENT_PREFIX_PATH=/home/thomas/MobileRobot/ws_new/install/nav2_msgs:/home/thomas/MobileRobot/ws_new/install/nav_msgs:/home/thomas/MobileRobot/ws_new/install/geometry_msgs:/home/thomas/MobileRobot/ws_new/install/std_msgs:/home/thomas/MobileRobot/ws_new/install/nav2_common:${AMENT_PREFIX_PATH} CMAKE_PREFIX_PATH=/home/thomas/MobileRobot/ws_new/install/nav2_msgs:/home/thomas/MobileRobot/ws_new/install/nav_msgs:/home/thomas/MobileRobot/ws_new/install/geometry_msgs:/home/thomas/MobileRobot/ws_new/install/std_msgs:/home/thomas/MobileRobot/ws_new/install/nav2_common:${CMAKE_PREFIX_PATH} DEBUGINFOD_URLS=https://debuginfod.ubuntu.com LD_LIBRARY_PATH=/home/thomas/MobileRobot/ws_new/install/nav2_msgs/lib:/home/thomas/MobileRobot/ws_new/install/nav_msgs/lib:/home/thomas/MobileRobot/ws_new/install/geometry_msgs/lib:/home/thomas/MobileRobot/ws_new/install/std_msgs/lib:${LD_LIBRARY_PATH} PYTHONPATH=/home/thomas/MobileRobot/ws_new/build/nav2_simple_commander/prefix_override:/usr/lib/python3/dist-packages/colcon_core/task/python/colcon_distutils_commands:/home/thomas/MobileRobot/ws_new/install/nav2_simple_commander/lib/python3.12/site-packages:/home/thomas/MobileRobot/ws_new/install/nav2_msgs/lib/python3.12/site-packages:/home/thomas/MobileRobot/ws_new/install/nav_msgs/lib/python3.12/site-packages:/home/thomas/MobileRobot/ws_new/install/geometry_msgs/lib/python3.12/site-packages:/home/thomas/MobileRobot/ws_new/install/std_msgs/lib/python3.12/site-packages:/home/thomas/MobileRobot/ws_new/install/nav2_common/lib/python3.12/site-packages:${PYTHONPATH} /usr/bin/python3 -W ignore:setup.py install is deprecated -W ignore:easy_install command is deprecated setup.py egg_info --egg-base ../../../build/nav2_simple_commander build --build-base /home/thomas/MobileRobot/ws_new/build/nav2_simple_commander/build install --record /home/thomas/MobileRobot/ws_new/build/nav2_simple_commander/install.log --single-version-externally-managed install_data
[3.026s] running egg_info
[3.088s] writing ../../../build/nav2_simple_commander/nav2_simple_commander.egg-info/PKG-INFO
[3.161s] writing dependency_links to ../../../build/nav2_simple_commander/nav2_simple_commander.egg-info/dependency_links.txt
[3.162s] writing entry points to ../../../build/nav2_simple_commander/nav2_simple_commander.egg-info/entry_points.txt
[3.163s] writing requirements to ../../../build/nav2_simple_commander/nav2_simple_commander.egg-info/requires.txt
[3.164s] writing top-level names to ../../../build/nav2_simple_commander/nav2_simple_commander.egg-info/top_level.txt
[3.377s] reading manifest file '../../../build/nav2_simple_commander/nav2_simple_commander.egg-info/SOURCES.txt'
[3.583s] writing manifest file '../../../build/nav2_simple_commander/nav2_simple_commander.egg-info/SOURCES.txt'
[3.584s] running build
[3.584s] running build_py
[3.587s] running install
[3.621s] running install_lib
[3.828s] running install_data
[3.829s] running install_egg_info
[3.982s] removing '/home/thomas/MobileRobot/ws_new/install/nav2_simple_commander/lib/python3.12/site-packages/nav2_simple_commander-1.0.0-py3.12.egg-info' (and everything under it)
[3.982s] Copying ../../../build/nav2_simple_commander/nav2_simple_commander.egg-info to /home/thomas/MobileRobot/ws_new/install/nav2_simple_commander/lib/python3.12/site-packages/nav2_simple_commander-1.0.0-py3.12.egg-info
[4.129s] running install_scripts
[4.457s] Installing demo_inspection script to /home/thomas/MobileRobot/ws_new/install/nav2_simple_commander/lib/nav2_simple_commander
[4.457s] Installing demo_picking script to /home/thomas/MobileRobot/ws_new/install/nav2_simple_commander/lib/nav2_simple_commander
[4.457s] Installing demo_recoveries script to /home/thomas/MobileRobot/ws_new/install/nav2_simple_commander/lib/nav2_simple_commander
[4.457s] Installing demo_security script to /home/thomas/MobileRobot/ws_new/install/nav2_simple_commander/lib/nav2_simple_commander
[4.458s] Installing example_assisted_teleop script to /home/thomas/MobileRobot/ws_new/install/nav2_simple_commander/lib/nav2_simple_commander
[4.458s] Installing example_follow_path script to /home/thomas/MobileRobot/ws_new/install/nav2_simple_commander/lib/nav2_simple_commander
[4.458s] Installing example_nav_through_poses script to /home/thomas/MobileRobot/ws_new/install/nav2_simple_commander/lib/nav2_simple_commander
[4.458s] Installing example_nav_to_pose script to /home/thomas/MobileRobot/ws_new/install/nav2_simple_commander/lib/nav2_simple_commander
[4.458s] Installing example_waypoint_follower script to /home/thomas/MobileRobot/ws_new/install/nav2_simple_commander/lib/nav2_simple_commander
[4.458s] writing list of installed files to '/home/thomas/MobileRobot/ws_new/build/nav2_simple_commander/install.log'
[4.500s] Invoked command in '/home/thomas/MobileRobot/ws_new/src/navigation2/nav2_simple_commander' returned '0': AMENT_PREFIX_PATH=/home/thomas/MobileRobot/ws_new/install/nav2_msgs:/home/thomas/MobileRobot/ws_new/install/nav_msgs:/home/thomas/MobileRobot/ws_new/install/geometry_msgs:/home/thomas/MobileRobot/ws_new/install/std_msgs:/home/thomas/MobileRobot/ws_new/install/nav2_common:${AMENT_PREFIX_PATH} CMAKE_PREFIX_PATH=/home/thomas/MobileRobot/ws_new/install/nav2_msgs:/home/thomas/MobileRobot/ws_new/install/nav_msgs:/home/thomas/MobileRobot/ws_new/install/geometry_msgs:/home/thomas/MobileRobot/ws_new/install/std_msgs:/home/thomas/MobileRobot/ws_new/install/nav2_common:${CMAKE_PREFIX_PATH} DEBUGINFOD_URLS=https://debuginfod.ubuntu.com LD_LIBRARY_PATH=/home/thomas/MobileRobot/ws_new/install/nav2_msgs/lib:/home/thomas/MobileRobot/ws_new/install/nav_msgs/lib:/home/thomas/MobileRobot/ws_new/install/geometry_msgs/lib:/home/thomas/MobileRobot/ws_new/install/std_msgs/lib:${LD_LIBRARY_PATH} PYTHONPATH=/home/thomas/MobileRobot/ws_new/build/nav2_simple_commander/prefix_override:/usr/lib/python3/dist-packages/colcon_core/task/python/colcon_distutils_commands:/home/thomas/MobileRobot/ws_new/install/nav2_simple_commander/lib/python3.12/site-packages:/home/thomas/MobileRobot/ws_new/install/nav2_msgs/lib/python3.12/site-packages:/home/thomas/MobileRobot/ws_new/install/nav_msgs/lib/python3.12/site-packages:/home/thomas/MobileRobot/ws_new/install/geometry_msgs/lib/python3.12/site-packages:/home/thomas/MobileRobot/ws_new/install/std_msgs/lib/python3.12/site-packages:/home/thomas/MobileRobot/ws_new/install/nav2_common/lib/python3.12/site-packages:${PYTHONPATH} /usr/bin/python3 -W ignore:setup.py install is deprecated -W ignore:easy_install command is deprecated setup.py egg_info --egg-base ../../../build/nav2_simple_commander build --build-base /home/thomas/MobileRobot/ws_new/build/nav2_simple_commander/build install --record /home/thomas/MobileRobot/ws_new/build/nav2_simple_commander/install.log --single-version-externally-managed install_data
