[0.027s] Invoking command in '/home/thomas/MobileRobot/ws_new/build/mobile_robot': CMAKE_PREFIX_PATH=${CMAKE_PREFIX_PATH}:/home/thomas/MobileRobot/ws_new/install/publisher_subscriber:/opt/ros/jazzy DEBUGINFOD_URLS=https://debuginfod.ubuntu.com /usr/bin/cmake --build /home/thomas/MobileRobot/ws_new/build/mobile_robot -- -j8 -l8
[0.302s] -- Found ament_cmake: 2.5.3 (/opt/ros/jazzy/share/ament_cmake/cmake)
[0.827s] -- Found ros_gz_sim: 1.0.9 (/opt/ros/jazzy/share/ros_gz_sim/cmake)
[1.303s] -- Found rosidl_generator_c: 4.6.5 (/opt/ros/jazzy/share/rosidl_generator_c/cmake)
[1.372s] -- Found rosidl_generator_cpp: 4.6.5 (/opt/ros/jazzy/share/rosidl_generator_cpp/cmake)
[1.442s] -- Using all available rosidl_typesupport_c: rosidl_typesupport_fastrtps_c;rosidl_typesupport_introspection_c
[1.489s] -- Using all available rosidl_typesupport_cpp: rosidl_typesupport_fastrtps_cpp;rosidl_typesupport_introspection_cpp
[1.699s] -- Found rmw_implementation_cmake: 7.3.1 (/opt/ros/jazzy/share/rmw_implementation_cmake/cmake)
[1.702s] -- Found rmw_fastrtps_cpp: 8.4.1 (/opt/ros/jazzy/share/rmw_fastrtps_cpp/cmake)
[2.001s] -- Using RMW implementation 'rmw_fastrtps_cpp' as default
[2.203s] -- Found ros_gz_bridge: 1.0.9 (/opt/ros/jazzy/share/ros_gz_bridge/cmake)
[2.451s] -- Looking for gz-msgs10 -- found version 10.3.2
[2.544s] -- Searching for dependencies of gz-msgs10
[2.880s] -- Looking for gz-utils2 -- found version 2.2.1
[2.881s] -- Searching for dependencies of gz-utils2
[2.903s] -- Looking for gz-math7 -- found version 7.5.2
[2.904s] -- Searching for dependencies of gz-math7
[2.906s] -- Looking for gz-utils2 -- found version 2.2.1
[2.938s] -- Checking for module 'tinyxml2'
[3.067s] --   Found tinyxml2, version 10.0.0
[3.165s] -- Looking for gz-transport13 -- found version 13.4.1
[3.165s] -- Searching for dependencies of gz-transport13
[3.221s] -- Config-file not installed for ZeroMQ -- checking for pkg-config
[3.228s] -- Checking for module 'libzmq >= 4'
[3.261s] --   Found libzmq, version 4.3.5
[3.458s] -- Checking for module 'uuid'
[3.490s] --   Found uuid, version 2.39.3
[3.535s] -- Looking for gz-utils2 -- found version 2.2.1
[3.535s] -- Searching for dependencies of gz-utils2
[3.535s] -- Searching for <gz-utils2> component [cli]
[3.553s] -- Looking for gz-utils2-cli -- found version 2.2.1
[3.554s] -- Searching for dependencies of gz-utils2-cli
[3.555s] -- Looking for gz-msgs10 -- found version 10.3.2
[4.120s] -- Found controller_manager: 4.27.0 (/opt/ros/jazzy/share/controller_manager/cmake)
[4.912s] -- Found gz_ros2_control: 1.2.11 (/opt/ros/jazzy/share/gz_ros2_control/cmake)
[4.930s] -- Found xacro: 2.0.11 (/opt/ros/jazzy/share/xacro/cmake)
[4.944s] -- Found ament_lint_auto: 0.17.1 (/opt/ros/jazzy/share/ament_lint_auto/cmake)
[5.202s] -- Added test 'flake8' to check Python code syntax and style conventions
[5.203s] -- Configured 'flake8' exclude dirs and/or files: 
[5.206s] -- Added test 'lint_cmake' to check CMake code style
[5.209s] -- Added test 'pep257' to check Python code against some of the docstring style conventions in PEP 257
[5.218s] -- Added test 'xmllint' to check XML markup files
[5.221s] -- Configuring done (5.2s)
[5.362s] -- Generating done (0.1s)
[5.376s] -- Build files have been written to: /home/thomas/MobileRobot/ws_new/build/mobile_robot
[5.432s] Invoked command in '/home/thomas/MobileRobot/ws_new/build/mobile_robot' returned '0': CMAKE_PREFIX_PATH=${CMAKE_PREFIX_PATH}:/home/thomas/MobileRobot/ws_new/install/publisher_subscriber:/opt/ros/jazzy DEBUGINFOD_URLS=https://debuginfod.ubuntu.com /usr/bin/cmake --build /home/thomas/MobileRobot/ws_new/build/mobile_robot -- -j8 -l8
[5.446s] Invoking command in '/home/thomas/MobileRobot/ws_new/build/mobile_robot': CMAKE_PREFIX_PATH=${CMAKE_PREFIX_PATH}:/home/thomas/MobileRobot/ws_new/install/publisher_subscriber:/opt/ros/jazzy DEBUGINFOD_URLS=https://debuginfod.ubuntu.com /usr/bin/cmake --install /home/thomas/MobileRobot/ws_new/build/mobile_robot
[5.458s] -- Install configuration: ""
[5.459s] -- Up-to-date: /home/thomas/MobileRobot/ws_new/install/mobile_robot/share/mobile_robot//launch
[5.459s] -- Up-to-date: /home/thomas/MobileRobot/ws_new/install/mobile_robot/share/mobile_robot//launch/robot_gps_nav2.launch.py
[5.459s] -- Up-to-date: /home/thomas/MobileRobot/ws_new/install/mobile_robot/share/mobile_robot//launch/gazebo_model_environement.launch.py
[5.459s] -- Up-to-date: /home/thomas/MobileRobot/ws_new/install/mobile_robot/share/mobile_robot//launch/gazebo_model.launch.py
[5.459s] -- Up-to-date: /home/thomas/MobileRobot/ws_new/install/mobile_robot/share/mobile_robot//launch/test.launch.py
[5.460s] -- Up-to-date: /home/thomas/MobileRobot/ws_new/install/mobile_robot/share/mobile_robot//launch/ekf.launch.py
[5.460s] -- Up-to-date: /home/thomas/MobileRobot/ws_new/install/mobile_robot/share/mobile_robot//launch/camera.launch.py
[5.460s] -- Installing: /home/thomas/MobileRobot/ws_new/install/mobile_robot/share/mobile_robot//launch/farm_world.launch.py
[5.460s] -- Up-to-date: /home/thomas/MobileRobot/ws_new/install/mobile_robot/share/mobile_robot//model
[5.460s] -- Up-to-date: /home/thomas/MobileRobot/ws_new/install/mobile_robot/share/mobile_robot//model/farm_world.sdf
[5.460s] -- Up-to-date: /home/thomas/MobileRobot/ws_new/install/mobile_robot/share/mobile_robot//model/empty_world.world
[5.460s] -- Up-to-date: /home/thomas/MobileRobot/ws_new/install/mobile_robot/share/mobile_robot//model/robot.gazebo
[5.460s] -- Up-to-date: /home/thomas/MobileRobot/ws_new/install/mobile_robot/share/mobile_robot//model/robot.xacro
[5.460s] -- Up-to-date: /home/thomas/MobileRobot/ws_new/install/mobile_robot/share/mobile_robot//config
[5.460s] -- Up-to-date: /home/thomas/MobileRobot/ws_new/install/mobile_robot/share/mobile_robot//config/main.rviz
[5.461s] -- Up-to-date: /home/thomas/MobileRobot/ws_new/install/mobile_robot/share/mobile_robot//config/mapper_params_online_async.yaml
[5.461s] -- Up-to-date: /home/thomas/MobileRobot/ws_new/install/mobile_robot/share/mobile_robot//config/ackermann_controllers.yaml
[5.461s] -- Up-to-date: /home/thomas/MobileRobot/ws_new/install/mobile_robot/share/mobile_robot//config/nav2_params.yaml
[5.461s] -- Up-to-date: /home/thomas/MobileRobot/ws_new/install/mobile_robot/share/mobile_robot//config/ekf.yaml
[5.461s] -- Up-to-date: /home/thomas/MobileRobot/ws_new/install/mobile_robot/share/mobile_robot//config/navsat_transform.yaml
[5.461s] -- Up-to-date: /home/thomas/MobileRobot/ws_new/install/mobile_robot/share/mobile_robot//config/gz_bridge.yaml
[5.461s] -- Up-to-date: /home/thomas/MobileRobot/ws_new/install/mobile_robot/share/mobile_robot//config/twist_mux.yaml
[5.461s] -- Up-to-date: /home/thomas/MobileRobot/ws_new/install/mobile_robot/share/mobile_robot//config/carlikebot:controllers.yaml
[5.461s] -- Up-to-date: /home/thomas/MobileRobot/ws_new/install/mobile_robot/share/mobile_robot//description
[5.461s] -- Up-to-date: /home/thomas/MobileRobot/ws_new/install/mobile_robot/share/mobile_robot//description/lidar.xacro
[5.461s] -- Up-to-date: /home/thomas/MobileRobot/ws_new/install/mobile_robot/share/mobile_robot//description/gps.xacro
[5.461s] -- Up-to-date: /home/thomas/MobileRobot/ws_new/install/mobile_robot/share/mobile_robot//description/camera.xacro
[5.461s] -- Installing: /home/thomas/MobileRobot/ws_new/install/mobile_robot/share/ament_index/resource_index/package_run_dependencies/mobile_robot
[5.462s] -- Up-to-date: /home/thomas/MobileRobot/ws_new/install/mobile_robot/share/ament_index/resource_index/parent_prefix_path/mobile_robot
[5.462s] -- Up-to-date: /home/thomas/MobileRobot/ws_new/install/mobile_robot/share/mobile_robot/environment/ament_prefix_path.sh
[5.462s] -- Up-to-date: /home/thomas/MobileRobot/ws_new/install/mobile_robot/share/mobile_robot/environment/ament_prefix_path.dsv
[5.462s] -- Up-to-date: /home/thomas/MobileRobot/ws_new/install/mobile_robot/share/mobile_robot/environment/path.sh
[5.462s] -- Up-to-date: /home/thomas/MobileRobot/ws_new/install/mobile_robot/share/mobile_robot/environment/path.dsv
[5.463s] -- Up-to-date: /home/thomas/MobileRobot/ws_new/install/mobile_robot/share/mobile_robot/local_setup.bash
[5.463s] -- Up-to-date: /home/thomas/MobileRobot/ws_new/install/mobile_robot/share/mobile_robot/local_setup.sh
[5.463s] -- Up-to-date: /home/thomas/MobileRobot/ws_new/install/mobile_robot/share/mobile_robot/local_setup.zsh
[5.463s] -- Up-to-date: /home/thomas/MobileRobot/ws_new/install/mobile_robot/share/mobile_robot/local_setup.dsv
[5.463s] -- Installing: /home/thomas/MobileRobot/ws_new/install/mobile_robot/share/mobile_robot/package.dsv
[5.464s] -- Up-to-date: /home/thomas/MobileRobot/ws_new/install/mobile_robot/share/ament_index/resource_index/packages/mobile_robot
[5.464s] -- Up-to-date: /home/thomas/MobileRobot/ws_new/install/mobile_robot/share/mobile_robot/cmake/mobile_robotConfig.cmake
[5.464s] -- Up-to-date: /home/thomas/MobileRobot/ws_new/install/mobile_robot/share/mobile_robot/cmake/mobile_robotConfig-version.cmake
[5.464s] -- Installing: /home/thomas/MobileRobot/ws_new/install/mobile_robot/share/mobile_robot/package.xml
[5.465s] Invoked command in '/home/thomas/MobileRobot/ws_new/build/mobile_robot' returned '0': CMAKE_PREFIX_PATH=${CMAKE_PREFIX_PATH}:/home/thomas/MobileRobot/ws_new/install/publisher_subscriber:/opt/ros/jazzy DEBUGINFOD_URLS=https://debuginfod.ubuntu.com /usr/bin/cmake --install /home/thomas/MobileRobot/ws_new/build/mobile_robot
