[0.104s] Invoking command in '/home/thomas/MobileRobot/ws_new/build/mobile_robot': CMAKE_PREFIX_PATH=${CMAKE_PREFIX_PATH}:/opt/ros/jazzy DEBUGINFOD_URLS=https://debuginfod.ubuntu.com /usr/bin/cmake --build /home/thomas/MobileRobot/ws_new/build/mobile_robot -- -j8 -l8
[1.728s] [ 66%] Built target backward
[1.728s] [100%] Built target backward_object
[1.746s] Invoked command in '/home/thomas/MobileRobot/ws_new/build/mobile_robot' returned '0': CMAKE_PREFIX_PATH=${CMAKE_PREFIX_PATH}:/opt/ros/jazzy DEBUGINFOD_URLS=https://debuginfod.ubuntu.com /usr/bin/cmake --build /home/thomas/MobileRobot/ws_new/build/mobile_robot -- -j8 -l8
[1.761s] Invoking command in '/home/thomas/MobileRobot/ws_new/build/mobile_robot': CMAKE_PREFIX_PATH=${CMAKE_PREFIX_PATH}:/opt/ros/jazzy DEBUGINFOD_URLS=https://debuginfod.ubuntu.com /usr/bin/cmake --install /home/thomas/MobileRobot/ws_new/build/mobile_robot
[1.782s] -- Install configuration: ""
[1.795s] -- Up-to-date: /home/thomas/MobileRobot/ws_new/install/mobile_robot/share/mobile_robot//map
[1.795s] -- Up-to-date: /home/thomas/MobileRobot/ws_new/install/mobile_robot/share/mobile_robot//map/empty_map.yaml
[1.795s] -- Up-to-date: /home/thomas/MobileRobot/ws_new/install/mobile_robot/share/mobile_robot//map/map_publisher.py
[1.796s] -- Up-to-date: /home/thomas/MobileRobot/ws_new/install/mobile_robot/share/mobile_robot//map/my_map.yaml
[1.796s] -- Up-to-date: /home/thomas/MobileRobot/ws_new/install/mobile_robot/share/mobile_robot//map/empty_map.pgm
[1.796s] -- Up-to-date: /home/thomas/MobileRobot/ws_new/install/mobile_robot/share/mobile_robot//map/create_empty_map.py
[1.796s] -- Up-to-date: /home/thomas/MobileRobot/ws_new/install/mobile_robot/share/mobile_robot//map/my_map.pgm
[1.797s] -- Up-to-date: /home/thomas/MobileRobot/ws_new/install/mobile_robot/share/mobile_robot//map/my_map1.pgm
[1.797s] -- Up-to-date: /home/thomas/MobileRobot/ws_new/install/mobile_robot/share/mobile_robot//map/my_map1.yaml
[1.797s] -- Up-to-date: /home/thomas/MobileRobot/ws_new/install/mobile_robot/share/mobile_robot//launch
[1.797s] -- Up-to-date: /home/thomas/MobileRobot/ws_new/install/mobile_robot/share/mobile_robot//launch/navigation_launch.py
[1.797s] -- Up-to-date: /home/thomas/MobileRobot/ws_new/install/mobile_robot/share/mobile_robot//launch/robot_gps_nav2.launch.py
[1.797s] -- Up-to-date: /home/thomas/MobileRobot/ws_new/install/mobile_robot/share/mobile_robot//launch/robot_gps_nav2_1.launch.py
[1.797s] -- Up-to-date: /home/thomas/MobileRobot/ws_new/install/mobile_robot/share/mobile_robot//launch/gps_waypoint_follower.launch.py
[1.797s] -- Up-to-date: /home/thomas/MobileRobot/ws_new/install/mobile_robot/share/mobile_robot//launch/gazebo_model_environement.launch.py
[1.797s] -- Up-to-date: /home/thomas/MobileRobot/ws_new/install/mobile_robot/share/mobile_robot//launch/gazebo_model.launch.py
[1.797s] -- Up-to-date: /home/thomas/MobileRobot/ws_new/install/mobile_robot/share/mobile_robot//launch/test.launch.py
[1.797s] -- Up-to-date: /home/thomas/MobileRobot/ws_new/install/mobile_robot/share/mobile_robot//launch/ekf.launch.py
[1.798s] -- Up-to-date: /home/thomas/MobileRobot/ws_new/install/mobile_robot/share/mobile_robot//launch/farm_world.launch.py
[1.798s] -- Up-to-date: /home/thomas/MobileRobot/ws_new/install/mobile_robot/share/mobile_robot//model
[1.798s] -- Up-to-date: /home/thomas/MobileRobot/ws_new/install/mobile_robot/share/mobile_robot//model/farm_world.sdf
[1.798s] -- Up-to-date: /home/thomas/MobileRobot/ws_new/install/mobile_robot/share/mobile_robot//model/empty_world.world
[1.798s] -- Up-to-date: /home/thomas/MobileRobot/ws_new/install/mobile_robot/share/mobile_robot//model/robot.gazebo
[1.798s] -- Up-to-date: /home/thomas/MobileRobot/ws_new/install/mobile_robot/share/mobile_robot//model/robot.xacro
[1.798s] -- Up-to-date: /home/thomas/MobileRobot/ws_new/install/mobile_robot/share/mobile_robot//config
[1.798s] -- Up-to-date: /home/thomas/MobileRobot/ws_new/install/mobile_robot/share/mobile_robot//config/main.rviz
[1.798s] -- Up-to-date: /home/thomas/MobileRobot/ws_new/install/mobile_robot/share/mobile_robot//config/mapper_params_online_async.yaml
[1.799s] -- Up-to-date: /home/thomas/MobileRobot/ws_new/install/mobile_robot/share/mobile_robot//config/ackermann_controllers.yaml
[1.799s] -- Up-to-date: /home/thomas/MobileRobot/ws_new/install/mobile_robot/share/mobile_robot//config/nav2_params.yaml
[1.799s] -- Up-to-date: /home/thomas/MobileRobot/ws_new/install/mobile_robot/share/mobile_robot//config/nav2_no_map_params.yaml
[1.799s] -- Up-to-date: /home/thomas/MobileRobot/ws_new/install/mobile_robot/share/mobile_robot//config/ekf.yaml
[1.799s] -- Up-to-date: /home/thomas/MobileRobot/ws_new/install/mobile_robot/share/mobile_robot//config/navsat_transform.yaml
[1.799s] -- Up-to-date: /home/thomas/MobileRobot/ws_new/install/mobile_robot/share/mobile_robot//config/gz_bridge.yaml
[1.799s] -- Up-to-date: /home/thomas/MobileRobot/ws_new/install/mobile_robot/share/mobile_robot//config/nav2_params_doc.yaml
[1.799s] -- Up-to-date: /home/thomas/MobileRobot/ws_new/install/mobile_robot/share/mobile_robot//config/waypoint_follower.yaml
[1.799s] -- Up-to-date: /home/thomas/MobileRobot/ws_new/install/mobile_robot/share/mobile_robot//config/twist_mux.yaml
[1.799s] -- Up-to-date: /home/thomas/MobileRobot/ws_new/install/mobile_robot/share/mobile_robot//config/ekf1.yaml
[1.800s] -- Up-to-date: /home/thomas/MobileRobot/ws_new/install/mobile_robot/share/mobile_robot//config/map_server.yaml
[1.800s] -- Up-to-date: /home/thomas/MobileRobot/ws_new/install/mobile_robot/share/mobile_robot//description
[1.800s] -- Up-to-date: /home/thomas/MobileRobot/ws_new/install/mobile_robot/share/mobile_robot//description/lidar.xacro
[1.800s] -- Up-to-date: /home/thomas/MobileRobot/ws_new/install/mobile_robot/share/mobile_robot//description/gps.xacro
[1.801s] -- Up-to-date: /home/thomas/MobileRobot/ws_new/install/mobile_robot/share/mobile_robot//description/camera.xacro
[1.801s] -- Up-to-date: /home/thomas/MobileRobot/ws_new/install/mobile_robot/share/ament_index/resource_index/package_run_dependencies/mobile_robot
[1.801s] -- Up-to-date: /home/thomas/MobileRobot/ws_new/install/mobile_robot/share/ament_index/resource_index/parent_prefix_path/mobile_robot
[1.801s] -- Up-to-date: /home/thomas/MobileRobot/ws_new/install/mobile_robot/share/mobile_robot/environment/ament_prefix_path.sh
[1.802s] -- Up-to-date: /home/thomas/MobileRobot/ws_new/install/mobile_robot/share/mobile_robot/environment/ament_prefix_path.dsv
[1.802s] -- Up-to-date: /home/thomas/MobileRobot/ws_new/install/mobile_robot/share/mobile_robot/environment/path.sh
[1.802s] -- Up-to-date: /home/thomas/MobileRobot/ws_new/install/mobile_robot/share/mobile_robot/environment/path.dsv
[1.802s] -- Up-to-date: /home/thomas/MobileRobot/ws_new/install/mobile_robot/share/mobile_robot/local_setup.bash
[1.803s] -- Up-to-date: /home/thomas/MobileRobot/ws_new/install/mobile_robot/share/mobile_robot/local_setup.sh
[1.803s] -- Up-to-date: /home/thomas/MobileRobot/ws_new/install/mobile_robot/share/mobile_robot/local_setup.zsh
[1.803s] -- Up-to-date: /home/thomas/MobileRobot/ws_new/install/mobile_robot/share/mobile_robot/local_setup.dsv
[1.803s] -- Installing: /home/thomas/MobileRobot/ws_new/install/mobile_robot/share/mobile_robot/package.dsv
[1.803s] -- Up-to-date: /home/thomas/MobileRobot/ws_new/install/mobile_robot/share/ament_index/resource_index/packages/mobile_robot
[1.803s] -- Up-to-date: /home/thomas/MobileRobot/ws_new/install/mobile_robot/share/mobile_robot/cmake/mobile_robotConfig.cmake
[1.803s] -- Up-to-date: /home/thomas/MobileRobot/ws_new/install/mobile_robot/share/mobile_robot/cmake/mobile_robotConfig-version.cmake
[1.804s] -- Up-to-date: /home/thomas/MobileRobot/ws_new/install/mobile_robot/share/mobile_robot/package.xml
[1.804s] -- Up-to-date: /home/thomas/MobileRobot/ws_new/install/mobile_robot/include/backward.hpp
[1.804s] -- Up-to-date: /home/thomas/MobileRobot/ws_new/install/mobile_robot/lib/cmake/backward/BackwardConfig.cmake
[1.804s] Invoked command in '/home/thomas/MobileRobot/ws_new/build/mobile_robot' returned '0': CMAKE_PREFIX_PATH=${CMAKE_PREFIX_PATH}:/opt/ros/jazzy DEBUGINFOD_URLS=https://debuginfod.ubuntu.com /usr/bin/cmake --install /home/thomas/MobileRobot/ws_new/build/mobile_robot
