[7.374s] Invoking command in '/home/thomas/MobileRobot/ws_new/src/navigation': DEBUGINFOD_URLS=https://debuginfod.ubuntu.com PYTHONPATH=/home/thomas/MobileRobot/ws_new/build/navigation/prefix_override:/usr/lib/python3/dist-packages/colcon_core/task/python/colcon_distutils_commands:/home/thomas/MobileRobot/ws_new/install/navigation/lib/python3.12/site-packages:${PYTHONPATH} /usr/bin/python3 -W ignore:setup.py install is deprecated -W ignore:easy_install command is deprecated setup.py egg_info --egg-base ../../build/navigation build --build-base /home/thomas/MobileRobot/ws_new/build/navigation/build install --record /home/thomas/MobileRobot/ws_new/build/navigation/install.log --single-version-externally-managed install_data
[7.921s] running egg_info
[7.964s] writing ../../build/navigation/navigation.egg-info/PKG-INFO
[7.973s] writing dependency_links to ../../build/navigation/navigation.egg-info/dependency_links.txt
[7.973s] writing entry points to ../../build/navigation/navigation.egg-info/entry_points.txt
[7.973s] writing requirements to ../../build/navigation/navigation.egg-info/requires.txt
[7.974s] writing top-level names to ../../build/navigation/navigation.egg-info/top_level.txt
[8.068s] reading manifest file '../../build/navigation/navigation.egg-info/SOURCES.txt'
[8.083s] writing manifest file '../../build/navigation/navigation.egg-info/SOURCES.txt'
[8.083s] running build
[8.083s] running build_py
[8.084s] running install
[8.093s] running install_lib
[8.154s] running install_data
[8.155s] running install_egg_info
[8.201s] removing '/home/thomas/MobileRobot/ws_new/install/navigation/lib/python3.12/site-packages/navigation-0.0.0-py3.12.egg-info' (and everything under it)
[8.201s] Copying ../../build/navigation/navigation.egg-info to /home/thomas/MobileRobot/ws_new/install/navigation/lib/python3.12/site-packages/navigation-0.0.0-py3.12.egg-info
[8.222s] running install_scripts
[8.533s] Installing gps_path_follow script to /home/thomas/MobileRobot/ws_new/install/navigation/lib/navigation
[8.533s] Installing nav_node script to /home/thomas/MobileRobot/ws_new/install/navigation/lib/navigation
[8.534s] Installing waypoint_follow script to /home/thomas/MobileRobot/ws_new/install/navigation/lib/navigation
[8.534s] writing list of installed files to '/home/thomas/MobileRobot/ws_new/build/navigation/install.log'
[8.652s] Invoked command in '/home/thomas/MobileRobot/ws_new/src/navigation' returned '0': DEBUGINFOD_URLS=https://debuginfod.ubuntu.com PYTHONPATH=/home/thomas/MobileRobot/ws_new/build/navigation/prefix_override:/usr/lib/python3/dist-packages/colcon_core/task/python/colcon_distutils_commands:/home/thomas/MobileRobot/ws_new/install/navigation/lib/python3.12/site-packages:${PYTHONPATH} /usr/bin/python3 -W ignore:setup.py install is deprecated -W ignore:easy_install command is deprecated setup.py egg_info --egg-base ../../build/navigation build --build-base /home/thomas/MobileRobot/ws_new/build/navigation/build install --record /home/thomas/MobileRobot/ws_new/build/navigation/install.log --single-version-externally-managed install_data
