running develop
Removing /home/thomas/MobileRobot/ws_new/install/ros2controlcli/lib/python3.12/site-packages/ros2controlcli.egg-link (link to .)
running egg_info
writing ../../../../build/ros2controlcli/ros2controlcli.egg-info/PKG-INFO
writing dependency_links to ../../../../build/ros2controlcli/ros2controlcli.egg-info/dependency_links.txt
writing entry points to ../../../../build/ros2controlcli/ros2controlcli.egg-info/entry_points.txt
writing requirements to ../../../../build/ros2controlcli/ros2controlcli.egg-info/requires.txt
writing top-level names to ../../../../build/ros2controlcli/ros2controlcli.egg-info/top_level.txt
reading manifest file '../../../../build/ros2controlcli/ros2controlcli.egg-info/SOURCES.txt'
writing manifest file '../../../../build/ros2controlcli/ros2controlcli.egg-info/SOURCES.txt'
running build
running build_py
creating /home/thomas/MobileRobot/ws_new/build/ros2controlcli/build
creating /home/thomas/MobileRobot/ws_new/build/ros2controlcli/build/lib
creating /home/thomas/MobileRobot/ws_new/build/ros2controlcli/build/lib/ros2controlcli
copying ros2controlcli/__init__.py -> /home/thomas/MobileRobot/ws_new/build/ros2controlcli/build/lib/ros2controlcli
creating /home/thomas/MobileRobot/ws_new/build/ros2controlcli/build/lib/ros2controlcli/api
copying ros2controlcli/api/__init__.py -> /home/thomas/MobileRobot/ws_new/build/ros2controlcli/build/lib/ros2controlcli/api
creating /home/thomas/MobileRobot/ws_new/build/ros2controlcli/build/lib/ros2controlcli/command
copying ros2controlcli/command/control.py -> /home/thomas/MobileRobot/ws_new/build/ros2controlcli/build/lib/ros2controlcli/command
copying ros2controlcli/command/__init__.py -> /home/thomas/MobileRobot/ws_new/build/ros2controlcli/build/lib/ros2controlcli/command
creating /home/thomas/MobileRobot/ws_new/build/ros2controlcli/build/lib/ros2controlcli/verb
copying ros2controlcli/verb/set_controller_state.py -> /home/thomas/MobileRobot/ws_new/build/ros2controlcli/build/lib/ros2controlcli/verb
copying ros2controlcli/verb/list_controller_types.py -> /home/thomas/MobileRobot/ws_new/build/ros2controlcli/build/lib/ros2controlcli/verb
copying ros2controlcli/verb/__init__.py -> /home/thomas/MobileRobot/ws_new/build/ros2controlcli/build/lib/ros2controlcli/verb
copying ros2controlcli/verb/unload_controller.py -> /home/thomas/MobileRobot/ws_new/build/ros2controlcli/build/lib/ros2controlcli/verb
copying ros2controlcli/verb/list_hardware_components.py -> /home/thomas/MobileRobot/ws_new/build/ros2controlcli/build/lib/ros2controlcli/verb
copying ros2controlcli/verb/set_hardware_component_state.py -> /home/thomas/MobileRobot/ws_new/build/ros2controlcli/build/lib/ros2controlcli/verb
copying ros2controlcli/verb/list_hardware_interfaces.py -> /home/thomas/MobileRobot/ws_new/build/ros2controlcli/build/lib/ros2controlcli/verb
copying ros2controlcli/verb/view_controller_chains.py -> /home/thomas/MobileRobot/ws_new/build/ros2controlcli/build/lib/ros2controlcli/verb
copying ros2controlcli/verb/list_controllers.py -> /home/thomas/MobileRobot/ws_new/build/ros2controlcli/build/lib/ros2controlcli/verb
copying ros2controlcli/verb/switch_controllers.py -> /home/thomas/MobileRobot/ws_new/build/ros2controlcli/build/lib/ros2controlcli/verb
copying ros2controlcli/verb/reload_controller_libraries.py -> /home/thomas/MobileRobot/ws_new/build/ros2controlcli/build/lib/ros2controlcli/verb
copying ros2controlcli/verb/load_controller.py -> /home/thomas/MobileRobot/ws_new/build/ros2controlcli/build/lib/ros2controlcli/verb
running install
running install_lib
creating /home/thomas/MobileRobot/ws_new/install/ros2controlcli/lib/python3.12/site-packages/ros2controlcli
creating /home/thomas/MobileRobot/ws_new/install/ros2controlcli/lib/python3.12/site-packages/ros2controlcli/api
copying /home/thomas/MobileRobot/ws_new/build/ros2controlcli/build/lib/ros2controlcli/api/__init__.py -> /home/thomas/MobileRobot/ws_new/install/ros2controlcli/lib/python3.12/site-packages/ros2controlcli/api
copying /home/thomas/MobileRobot/ws_new/build/ros2controlcli/build/lib/ros2controlcli/__init__.py -> /home/thomas/MobileRobot/ws_new/install/ros2controlcli/lib/python3.12/site-packages/ros2controlcli
creating /home/thomas/MobileRobot/ws_new/install/ros2controlcli/lib/python3.12/site-packages/ros2controlcli/command
copying /home/thomas/MobileRobot/ws_new/build/ros2controlcli/build/lib/ros2controlcli/command/control.py -> /home/thomas/MobileRobot/ws_new/install/ros2controlcli/lib/python3.12/site-packages/ros2controlcli/command
copying /home/thomas/MobileRobot/ws_new/build/ros2controlcli/build/lib/ros2controlcli/command/__init__.py -> /home/thomas/MobileRobot/ws_new/install/ros2controlcli/lib/python3.12/site-packages/ros2controlcli/command
creating /home/thomas/MobileRobot/ws_new/install/ros2controlcli/lib/python3.12/site-packages/ros2controlcli/verb
copying /home/thomas/MobileRobot/ws_new/build/ros2controlcli/build/lib/ros2controlcli/verb/set_controller_state.py -> /home/thomas/MobileRobot/ws_new/install/ros2controlcli/lib/python3.12/site-packages/ros2controlcli/verb
copying /home/thomas/MobileRobot/ws_new/build/ros2controlcli/build/lib/ros2controlcli/verb/list_controller_types.py -> /home/thomas/MobileRobot/ws_new/install/ros2controlcli/lib/python3.12/site-packages/ros2controlcli/verb
copying /home/thomas/MobileRobot/ws_new/build/ros2controlcli/build/lib/ros2controlcli/verb/__init__.py -> /home/thomas/MobileRobot/ws_new/install/ros2controlcli/lib/python3.12/site-packages/ros2controlcli/verb
copying /home/thomas/MobileRobot/ws_new/build/ros2controlcli/build/lib/ros2controlcli/verb/unload_controller.py -> /home/thomas/MobileRobot/ws_new/install/ros2controlcli/lib/python3.12/site-packages/ros2controlcli/verb
copying /home/thomas/MobileRobot/ws_new/build/ros2controlcli/build/lib/ros2controlcli/verb/list_hardware_components.py -> /home/thomas/MobileRobot/ws_new/install/ros2controlcli/lib/python3.12/site-packages/ros2controlcli/verb
copying /home/thomas/MobileRobot/ws_new/build/ros2controlcli/build/lib/ros2controlcli/verb/set_hardware_component_state.py -> /home/thomas/MobileRobot/ws_new/install/ros2controlcli/lib/python3.12/site-packages/ros2controlcli/verb
copying /home/thomas/MobileRobot/ws_new/build/ros2controlcli/build/lib/ros2controlcli/verb/list_hardware_interfaces.py -> /home/thomas/MobileRobot/ws_new/install/ros2controlcli/lib/python3.12/site-packages/ros2controlcli/verb
copying /home/thomas/MobileRobot/ws_new/build/ros2controlcli/build/lib/ros2controlcli/verb/view_controller_chains.py -> /home/thomas/MobileRobot/ws_new/install/ros2controlcli/lib/python3.12/site-packages/ros2controlcli/verb
copying /home/thomas/MobileRobot/ws_new/build/ros2controlcli/build/lib/ros2controlcli/verb/list_controllers.py -> /home/thomas/MobileRobot/ws_new/install/ros2controlcli/lib/python3.12/site-packages/ros2controlcli/verb
copying /home/thomas/MobileRobot/ws_new/build/ros2controlcli/build/lib/ros2controlcli/verb/switch_controllers.py -> /home/thomas/MobileRobot/ws_new/install/ros2controlcli/lib/python3.12/site-packages/ros2controlcli/verb
copying /home/thomas/MobileRobot/ws_new/build/ros2controlcli/build/lib/ros2controlcli/verb/reload_controller_libraries.py -> /home/thomas/MobileRobot/ws_new/install/ros2controlcli/lib/python3.12/site-packages/ros2controlcli/verb
copying /home/thomas/MobileRobot/ws_new/build/ros2controlcli/build/lib/ros2controlcli/verb/load_controller.py -> /home/thomas/MobileRobot/ws_new/install/ros2controlcli/lib/python3.12/site-packages/ros2controlcli/verb
byte-compiling /home/thomas/MobileRobot/ws_new/install/ros2controlcli/lib/python3.12/site-packages/ros2controlcli/api/__init__.py to __init__.cpython-312.pyc
byte-compiling /home/thomas/MobileRobot/ws_new/install/ros2controlcli/lib/python3.12/site-packages/ros2controlcli/__init__.py to __init__.cpython-312.pyc
byte-compiling /home/thomas/MobileRobot/ws_new/install/ros2controlcli/lib/python3.12/site-packages/ros2controlcli/command/control.py to control.cpython-312.pyc
byte-compiling /home/thomas/MobileRobot/ws_new/install/ros2controlcli/lib/python3.12/site-packages/ros2controlcli/command/__init__.py to __init__.cpython-312.pyc
byte-compiling /home/thomas/MobileRobot/ws_new/install/ros2controlcli/lib/python3.12/site-packages/ros2controlcli/verb/set_controller_state.py to set_controller_state.cpython-312.pyc
byte-compiling /home/thomas/MobileRobot/ws_new/install/ros2controlcli/lib/python3.12/site-packages/ros2controlcli/verb/list_controller_types.py to list_controller_types.cpython-312.pyc
byte-compiling /home/thomas/MobileRobot/ws_new/install/ros2controlcli/lib/python3.12/site-packages/ros2controlcli/verb/__init__.py to __init__.cpython-312.pyc
byte-compiling /home/thomas/MobileRobot/ws_new/install/ros2controlcli/lib/python3.12/site-packages/ros2controlcli/verb/unload_controller.py to unload_controller.cpython-312.pyc
byte-compiling /home/thomas/MobileRobot/ws_new/install/ros2controlcli/lib/python3.12/site-packages/ros2controlcli/verb/list_hardware_components.py to list_hardware_components.cpython-312.pyc
byte-compiling /home/thomas/MobileRobot/ws_new/install/ros2controlcli/lib/python3.12/site-packages/ros2controlcli/verb/set_hardware_component_state.py to set_hardware_component_state.cpython-312.pyc
byte-compiling /home/thomas/MobileRobot/ws_new/install/ros2controlcli/lib/python3.12/site-packages/ros2controlcli/verb/list_hardware_interfaces.py to list_hardware_interfaces.cpython-312.pyc
byte-compiling /home/thomas/MobileRobot/ws_new/install/ros2controlcli/lib/python3.12/site-packages/ros2controlcli/verb/view_controller_chains.py to view_controller_chains.cpython-312.pyc
byte-compiling /home/thomas/MobileRobot/ws_new/install/ros2controlcli/lib/python3.12/site-packages/ros2controlcli/verb/list_controllers.py to list_controllers.cpython-312.pyc
byte-compiling /home/thomas/MobileRobot/ws_new/install/ros2controlcli/lib/python3.12/site-packages/ros2controlcli/verb/switch_controllers.py to switch_controllers.cpython-312.pyc
byte-compiling /home/thomas/MobileRobot/ws_new/install/ros2controlcli/lib/python3.12/site-packages/ros2controlcli/verb/reload_controller_libraries.py to reload_controller_libraries.cpython-312.pyc
byte-compiling /home/thomas/MobileRobot/ws_new/install/ros2controlcli/lib/python3.12/site-packages/ros2controlcli/verb/load_controller.py to load_controller.cpython-312.pyc
running install_data
copying package.xml -> /home/thomas/MobileRobot/ws_new/install/ros2controlcli/share/ros2controlcli
copying resource/ros2controlcli -> /home/thomas/MobileRobot/ws_new/install/ros2controlcli/share/ament_index/resource_index/packages
running install_egg_info
Copying ../../../../build/ros2controlcli/ros2controlcli.egg-info to /home/thomas/MobileRobot/ws_new/install/ros2controlcli/lib/python3.12/site-packages/ros2controlcli-4.29.0-py3.12.egg-info
running install_scripts
writing list of installed files to '/home/thomas/MobileRobot/ws_new/build/ros2controlcli/install.log'
