[2.312s] Invoking command in '/home/thomas/MobileRobot/ws_new/build/ros2controlcli': AMENT_PREFIX_PATH=/home/thomas/MobileRobot/ws_new/install/controller_manager:/home/thomas/MobileRobot/ws_new/install/hardware_interface_testing:/home/thomas/MobileRobot/ws_new/install/controller_interface:/home/thomas/MobileRobot/ws_new/install/hardware_interface:/home/thomas/MobileRobot/ws_new/install/joint_limits:/home/thomas/MobileRobot/ws_new/install/realtime_tools:/home/thomas/MobileRobot/ws_new/install/ros2_control_test_assets:/home/thomas/MobileRobot/ws_new/install/ros2_control_cmake:/home/thomas/MobileRobot/ws_new/install/controller_manager_msgs:/home/thomas/MobileRobot/ws_new/install/control_msgs:${AMENT_PREFIX_PATH} CMAKE_PREFIX_PATH=/home/thomas/MobileRobot/ws_new/install/controller_manager:/home/thomas/MobileRobot/ws_new/install/hardware_interface_testing:/home/thomas/MobileRobot/ws_new/install/controller_interface:/home/thomas/MobileRobot/ws_new/install/hardware_interface:/home/thomas/MobileRobot/ws_new/install/joint_limits:/home/thomas/MobileRobot/ws_new/install/realtime_tools:/home/thomas/MobileRobot/ws_new/install/ros2_control_test_assets:/home/thomas/MobileRobot/ws_new/install/ros2_control_cmake:/home/thomas/MobileRobot/ws_new/install/controller_manager_msgs:/home/thomas/MobileRobot/ws_new/install/control_msgs:${CMAKE_PREFIX_PATH} DEBUGINFOD_URLS=https://debuginfod.ubuntu.com LD_LIBRARY_PATH=/home/thomas/MobileRobot/ws_new/install/controller_manager/lib:/home/thomas/MobileRobot/ws_new/install/hardware_interface_testing/lib:/home/thomas/MobileRobot/ws_new/install/controller_interface/lib:/home/thomas/MobileRobot/ws_new/install/hardware_interface/lib:/home/thomas/MobileRobot/ws_new/install/joint_limits/lib:/home/thomas/MobileRobot/ws_new/install/realtime_tools/lib:/home/thomas/MobileRobot/ws_new/install/ros2_control_test_assets/lib:/home/thomas/MobileRobot/ws_new/install/controller_manager_msgs/lib:/home/thomas/MobileRobot/ws_new/install/control_msgs/lib:${LD_LIBRARY_PATH} PYTHONPATH=/home/thomas/MobileRobot/ws_new/build/ros2controlcli/prefix_override:/usr/lib/python3/dist-packages/colcon_core/task/python/colcon_distutils_commands:/home/thomas/MobileRobot/ws_new/install/ros2controlcli/lib/python3.12/site-packages:/home/thomas/MobileRobot/ws_new/install/controller_manager/lib/python3.12/site-packages:/home/thomas/MobileRobot/ws_new/install/controller_manager_msgs/lib/python3.12/site-packages:/home/thomas/MobileRobot/ws_new/install/control_msgs/lib/python3.12/site-packages:${PYTHONPATH} /usr/bin/python3 -W ignore:setup.py install is deprecated -W ignore:easy_install command is deprecated setup.py develop --uninstall --editable --build-directory /home/thomas/MobileRobot/ws_new/build/ros2controlcli/build
[3.185s] running develop
[3.874s] Removing /home/thomas/MobileRobot/ws_new/install/ros2controlcli/lib/python3.12/site-packages/ros2controlcli.egg-link (link to .)
[4.034s] Invoked command in '/home/thomas/MobileRobot/ws_new/build/ros2controlcli' returned '0': AMENT_PREFIX_PATH=/home/thomas/MobileRobot/ws_new/install/controller_manager:/home/thomas/MobileRobot/ws_new/install/hardware_interface_testing:/home/thomas/MobileRobot/ws_new/install/controller_interface:/home/thomas/MobileRobot/ws_new/install/hardware_interface:/home/thomas/MobileRobot/ws_new/install/joint_limits:/home/thomas/MobileRobot/ws_new/install/realtime_tools:/home/thomas/MobileRobot/ws_new/install/ros2_control_test_assets:/home/thomas/MobileRobot/ws_new/install/ros2_control_cmake:/home/thomas/MobileRobot/ws_new/install/controller_manager_msgs:/home/thomas/MobileRobot/ws_new/install/control_msgs:${AMENT_PREFIX_PATH} CMAKE_PREFIX_PATH=/home/thomas/MobileRobot/ws_new/install/controller_manager:/home/thomas/MobileRobot/ws_new/install/hardware_interface_testing:/home/thomas/MobileRobot/ws_new/install/controller_interface:/home/thomas/MobileRobot/ws_new/install/hardware_interface:/home/thomas/MobileRobot/ws_new/install/joint_limits:/home/thomas/MobileRobot/ws_new/install/realtime_tools:/home/thomas/MobileRobot/ws_new/install/ros2_control_test_assets:/home/thomas/MobileRobot/ws_new/install/ros2_control_cmake:/home/thomas/MobileRobot/ws_new/install/controller_manager_msgs:/home/thomas/MobileRobot/ws_new/install/control_msgs:${CMAKE_PREFIX_PATH} DEBUGINFOD_URLS=https://debuginfod.ubuntu.com LD_LIBRARY_PATH=/home/thomas/MobileRobot/ws_new/install/controller_manager/lib:/home/thomas/MobileRobot/ws_new/install/hardware_interface_testing/lib:/home/thomas/MobileRobot/ws_new/install/controller_interface/lib:/home/thomas/MobileRobot/ws_new/install/hardware_interface/lib:/home/thomas/MobileRobot/ws_new/install/joint_limits/lib:/home/thomas/MobileRobot/ws_new/install/realtime_tools/lib:/home/thomas/MobileRobot/ws_new/install/ros2_control_test_assets/lib:/home/thomas/MobileRobot/ws_new/install/controller_manager_msgs/lib:/home/thomas/MobileRobot/ws_new/install/control_msgs/lib:${LD_LIBRARY_PATH} PYTHONPATH=/home/thomas/MobileRobot/ws_new/build/ros2controlcli/prefix_override:/usr/lib/python3/dist-packages/colcon_core/task/python/colcon_distutils_commands:/home/thomas/MobileRobot/ws_new/install/ros2controlcli/lib/python3.12/site-packages:/home/thomas/MobileRobot/ws_new/install/controller_manager/lib/python3.12/site-packages:/home/thomas/MobileRobot/ws_new/install/controller_manager_msgs/lib/python3.12/site-packages:/home/thomas/MobileRobot/ws_new/install/control_msgs/lib/python3.12/site-packages:${PYTHONPATH} /usr/bin/python3 -W ignore:setup.py install is deprecated -W ignore:easy_install command is deprecated setup.py develop --uninstall --editable --build-directory /home/thomas/MobileRobot/ws_new/build/ros2controlcli/build
[4.035s] Invoking command in '/home/thomas/MobileRobot/ws_new/src/ros-controls/ros2_control/ros2controlcli': AMENT_PREFIX_PATH=/home/thomas/MobileRobot/ws_new/install/controller_manager:/home/thomas/MobileRobot/ws_new/install/hardware_interface_testing:/home/thomas/MobileRobot/ws_new/install/controller_interface:/home/thomas/MobileRobot/ws_new/install/hardware_interface:/home/thomas/MobileRobot/ws_new/install/joint_limits:/home/thomas/MobileRobot/ws_new/install/realtime_tools:/home/thomas/MobileRobot/ws_new/install/ros2_control_test_assets:/home/thomas/MobileRobot/ws_new/install/ros2_control_cmake:/home/thomas/MobileRobot/ws_new/install/controller_manager_msgs:/home/thomas/MobileRobot/ws_new/install/control_msgs:${AMENT_PREFIX_PATH} CMAKE_PREFIX_PATH=/home/thomas/MobileRobot/ws_new/install/controller_manager:/home/thomas/MobileRobot/ws_new/install/hardware_interface_testing:/home/thomas/MobileRobot/ws_new/install/controller_interface:/home/thomas/MobileRobot/ws_new/install/hardware_interface:/home/thomas/MobileRobot/ws_new/install/joint_limits:/home/thomas/MobileRobot/ws_new/install/realtime_tools:/home/thomas/MobileRobot/ws_new/install/ros2_control_test_assets:/home/thomas/MobileRobot/ws_new/install/ros2_control_cmake:/home/thomas/MobileRobot/ws_new/install/controller_manager_msgs:/home/thomas/MobileRobot/ws_new/install/control_msgs:${CMAKE_PREFIX_PATH} DEBUGINFOD_URLS=https://debuginfod.ubuntu.com LD_LIBRARY_PATH=/home/thomas/MobileRobot/ws_new/install/controller_manager/lib:/home/thomas/MobileRobot/ws_new/install/hardware_interface_testing/lib:/home/thomas/MobileRobot/ws_new/install/controller_interface/lib:/home/thomas/MobileRobot/ws_new/install/hardware_interface/lib:/home/thomas/MobileRobot/ws_new/install/joint_limits/lib:/home/thomas/MobileRobot/ws_new/install/realtime_tools/lib:/home/thomas/MobileRobot/ws_new/install/ros2_control_test_assets/lib:/home/thomas/MobileRobot/ws_new/install/controller_manager_msgs/lib:/home/thomas/MobileRobot/ws_new/install/control_msgs/lib:${LD_LIBRARY_PATH} PYTHONPATH=/home/thomas/MobileRobot/ws_new/build/ros2controlcli/prefix_override:/usr/lib/python3/dist-packages/colcon_core/task/python/colcon_distutils_commands:/home/thomas/MobileRobot/ws_new/install/ros2controlcli/lib/python3.12/site-packages:/home/thomas/MobileRobot/ws_new/install/controller_manager/lib/python3.12/site-packages:/home/thomas/MobileRobot/ws_new/install/controller_manager_msgs/lib/python3.12/site-packages:/home/thomas/MobileRobot/ws_new/install/control_msgs/lib/python3.12/site-packages:${PYTHONPATH} /usr/bin/python3 -W ignore:setup.py install is deprecated -W ignore:easy_install command is deprecated setup.py egg_info --egg-base ../../../../build/ros2controlcli build --build-base /home/thomas/MobileRobot/ws_new/build/ros2controlcli/build install --record /home/thomas/MobileRobot/ws_new/build/ros2controlcli/install.log --single-version-externally-managed install_data --force
[4.588s] running egg_info
[4.656s] writing ../../../../build/ros2controlcli/ros2controlcli.egg-info/PKG-INFO
[4.656s] writing dependency_links to ../../../../build/ros2controlcli/ros2controlcli.egg-info/dependency_links.txt
[4.656s] writing entry points to ../../../../build/ros2controlcli/ros2controlcli.egg-info/entry_points.txt
[4.657s] writing requirements to ../../../../build/ros2controlcli/ros2controlcli.egg-info/requires.txt
[4.657s] writing top-level names to ../../../../build/ros2controlcli/ros2controlcli.egg-info/top_level.txt
[4.806s] reading manifest file '../../../../build/ros2controlcli/ros2controlcli.egg-info/SOURCES.txt'
[4.833s] writing manifest file '../../../../build/ros2controlcli/ros2controlcli.egg-info/SOURCES.txt'
[4.833s] running build
[4.834s] running build_py
[4.834s] creating /home/thomas/MobileRobot/ws_new/build/ros2controlcli/build
[4.834s] creating /home/thomas/MobileRobot/ws_new/build/ros2controlcli/build/lib
[4.835s] creating /home/thomas/MobileRobot/ws_new/build/ros2controlcli/build/lib/ros2controlcli
[4.835s] copying ros2controlcli/__init__.py -> /home/thomas/MobileRobot/ws_new/build/ros2controlcli/build/lib/ros2controlcli
[4.839s] creating /home/thomas/MobileRobot/ws_new/build/ros2controlcli/build/lib/ros2controlcli/api
[4.840s] copying ros2controlcli/api/__init__.py -> /home/thomas/MobileRobot/ws_new/build/ros2controlcli/build/lib/ros2controlcli/api
[4.876s] creating /home/thomas/MobileRobot/ws_new/build/ros2controlcli/build/lib/ros2controlcli/command
[4.876s] copying ros2controlcli/command/control.py -> /home/thomas/MobileRobot/ws_new/build/ros2controlcli/build/lib/ros2controlcli/command
[4.877s] copying ros2controlcli/command/__init__.py -> /home/thomas/MobileRobot/ws_new/build/ros2controlcli/build/lib/ros2controlcli/command
[4.885s] creating /home/thomas/MobileRobot/ws_new/build/ros2controlcli/build/lib/ros2controlcli/verb
[4.885s] copying ros2controlcli/verb/set_controller_state.py -> /home/thomas/MobileRobot/ws_new/build/ros2controlcli/build/lib/ros2controlcli/verb
[4.886s] copying ros2controlcli/verb/list_controller_types.py -> /home/thomas/MobileRobot/ws_new/build/ros2controlcli/build/lib/ros2controlcli/verb
[4.887s] copying ros2controlcli/verb/__init__.py -> /home/thomas/MobileRobot/ws_new/build/ros2controlcli/build/lib/ros2controlcli/verb
[4.887s] copying ros2controlcli/verb/unload_controller.py -> /home/thomas/MobileRobot/ws_new/build/ros2controlcli/build/lib/ros2controlcli/verb
[4.892s] copying ros2controlcli/verb/list_hardware_components.py -> /home/thomas/MobileRobot/ws_new/build/ros2controlcli/build/lib/ros2controlcli/verb
[4.893s] copying ros2controlcli/verb/set_hardware_component_state.py -> /home/thomas/MobileRobot/ws_new/build/ros2controlcli/build/lib/ros2controlcli/verb
[4.893s] copying ros2controlcli/verb/list_hardware_interfaces.py -> /home/thomas/MobileRobot/ws_new/build/ros2controlcli/build/lib/ros2controlcli/verb
[4.893s] copying ros2controlcli/verb/view_controller_chains.py -> /home/thomas/MobileRobot/ws_new/build/ros2controlcli/build/lib/ros2controlcli/verb
[4.909s] copying ros2controlcli/verb/list_controllers.py -> /home/thomas/MobileRobot/ws_new/build/ros2controlcli/build/lib/ros2controlcli/verb
[4.910s] copying ros2controlcli/verb/switch_controllers.py -> /home/thomas/MobileRobot/ws_new/build/ros2controlcli/build/lib/ros2controlcli/verb
[4.911s] copying ros2controlcli/verb/reload_controller_libraries.py -> /home/thomas/MobileRobot/ws_new/build/ros2controlcli/build/lib/ros2controlcli/verb
[4.936s] copying ros2controlcli/verb/load_controller.py -> /home/thomas/MobileRobot/ws_new/build/ros2controlcli/build/lib/ros2controlcli/verb
[4.937s] running install
[4.951s] running install_lib
[5.033s] creating /home/thomas/MobileRobot/ws_new/install/ros2controlcli/lib/python3.12/site-packages/ros2controlcli
[5.033s] creating /home/thomas/MobileRobot/ws_new/install/ros2controlcli/lib/python3.12/site-packages/ros2controlcli/api
[5.034s] copying /home/thomas/MobileRobot/ws_new/build/ros2controlcli/build/lib/ros2controlcli/api/__init__.py -> /home/thomas/MobileRobot/ws_new/install/ros2controlcli/lib/python3.12/site-packages/ros2controlcli/api
[5.035s] copying /home/thomas/MobileRobot/ws_new/build/ros2controlcli/build/lib/ros2controlcli/__init__.py -> /home/thomas/MobileRobot/ws_new/install/ros2controlcli/lib/python3.12/site-packages/ros2controlcli
[5.035s] creating /home/thomas/MobileRobot/ws_new/install/ros2controlcli/lib/python3.12/site-packages/ros2controlcli/command
[5.036s] copying /home/thomas/MobileRobot/ws_new/build/ros2controlcli/build/lib/ros2controlcli/command/control.py -> /home/thomas/MobileRobot/ws_new/install/ros2controlcli/lib/python3.12/site-packages/ros2controlcli/command
[5.036s] copying /home/thomas/MobileRobot/ws_new/build/ros2controlcli/build/lib/ros2controlcli/command/__init__.py -> /home/thomas/MobileRobot/ws_new/install/ros2controlcli/lib/python3.12/site-packages/ros2controlcli/command
[5.037s] creating /home/thomas/MobileRobot/ws_new/install/ros2controlcli/lib/python3.12/site-packages/ros2controlcli/verb
[5.037s] copying /home/thomas/MobileRobot/ws_new/build/ros2controlcli/build/lib/ros2controlcli/verb/set_controller_state.py -> /home/thomas/MobileRobot/ws_new/install/ros2controlcli/lib/python3.12/site-packages/ros2controlcli/verb
[5.041s] copying /home/thomas/MobileRobot/ws_new/build/ros2controlcli/build/lib/ros2controlcli/verb/list_controller_types.py -> /home/thomas/MobileRobot/ws_new/install/ros2controlcli/lib/python3.12/site-packages/ros2controlcli/verb
[5.042s] copying /home/thomas/MobileRobot/ws_new/build/ros2controlcli/build/lib/ros2controlcli/verb/__init__.py -> /home/thomas/MobileRobot/ws_new/install/ros2controlcli/lib/python3.12/site-packages/ros2controlcli/verb
[5.042s] copying /home/thomas/MobileRobot/ws_new/build/ros2controlcli/build/lib/ros2controlcli/verb/unload_controller.py -> /home/thomas/MobileRobot/ws_new/install/ros2controlcli/lib/python3.12/site-packages/ros2controlcli/verb
[5.042s] copying /home/thomas/MobileRobot/ws_new/build/ros2controlcli/build/lib/ros2controlcli/verb/list_hardware_components.py -> /home/thomas/MobileRobot/ws_new/install/ros2controlcli/lib/python3.12/site-packages/ros2controlcli/verb
[5.042s] copying /home/thomas/MobileRobot/ws_new/build/ros2controlcli/build/lib/ros2controlcli/verb/set_hardware_component_state.py -> /home/thomas/MobileRobot/ws_new/install/ros2controlcli/lib/python3.12/site-packages/ros2controlcli/verb
[5.042s] copying /home/thomas/MobileRobot/ws_new/build/ros2controlcli/build/lib/ros2controlcli/verb/list_hardware_interfaces.py -> /home/thomas/MobileRobot/ws_new/install/ros2controlcli/lib/python3.12/site-packages/ros2controlcli/verb
[5.042s] copying /home/thomas/MobileRobot/ws_new/build/ros2controlcli/build/lib/ros2controlcli/verb/view_controller_chains.py -> /home/thomas/MobileRobot/ws_new/install/ros2controlcli/lib/python3.12/site-packages/ros2controlcli/verb
[5.043s] copying /home/thomas/MobileRobot/ws_new/build/ros2controlcli/build/lib/ros2controlcli/verb/list_controllers.py -> /home/thomas/MobileRobot/ws_new/install/ros2controlcli/lib/python3.12/site-packages/ros2controlcli/verb
[5.043s] copying /home/thomas/MobileRobot/ws_new/build/ros2controlcli/build/lib/ros2controlcli/verb/switch_controllers.py -> /home/thomas/MobileRobot/ws_new/install/ros2controlcli/lib/python3.12/site-packages/ros2controlcli/verb
[5.043s] copying /home/thomas/MobileRobot/ws_new/build/ros2controlcli/build/lib/ros2controlcli/verb/reload_controller_libraries.py -> /home/thomas/MobileRobot/ws_new/install/ros2controlcli/lib/python3.12/site-packages/ros2controlcli/verb
[5.043s] copying /home/thomas/MobileRobot/ws_new/build/ros2controlcli/build/lib/ros2controlcli/verb/load_controller.py -> /home/thomas/MobileRobot/ws_new/install/ros2controlcli/lib/python3.12/site-packages/ros2controlcli/verb
[5.043s] byte-compiling /home/thomas/MobileRobot/ws_new/install/ros2controlcli/lib/python3.12/site-packages/ros2controlcli/api/__init__.py to __init__.cpython-312.pyc
[5.048s] byte-compiling /home/thomas/MobileRobot/ws_new/install/ros2controlcli/lib/python3.12/site-packages/ros2controlcli/__init__.py to __init__.cpython-312.pyc
[5.049s] byte-compiling /home/thomas/MobileRobot/ws_new/install/ros2controlcli/lib/python3.12/site-packages/ros2controlcli/command/control.py to control.cpython-312.pyc
[5.049s] byte-compiling /home/thomas/MobileRobot/ws_new/install/ros2controlcli/lib/python3.12/site-packages/ros2controlcli/command/__init__.py to __init__.cpython-312.pyc
[5.049s] byte-compiling /home/thomas/MobileRobot/ws_new/install/ros2controlcli/lib/python3.12/site-packages/ros2controlcli/verb/set_controller_state.py to set_controller_state.cpython-312.pyc
[5.051s] byte-compiling /home/thomas/MobileRobot/ws_new/install/ros2controlcli/lib/python3.12/site-packages/ros2controlcli/verb/list_controller_types.py to list_controller_types.cpython-312.pyc
[5.052s] byte-compiling /home/thomas/MobileRobot/ws_new/install/ros2controlcli/lib/python3.12/site-packages/ros2controlcli/verb/__init__.py to __init__.cpython-312.pyc
[5.053s] byte-compiling /home/thomas/MobileRobot/ws_new/install/ros2controlcli/lib/python3.12/site-packages/ros2controlcli/verb/unload_controller.py to unload_controller.cpython-312.pyc
[5.054s] byte-compiling /home/thomas/MobileRobot/ws_new/install/ros2controlcli/lib/python3.12/site-packages/ros2controlcli/verb/list_hardware_components.py to list_hardware_components.cpython-312.pyc
[5.056s] byte-compiling /home/thomas/MobileRobot/ws_new/install/ros2controlcli/lib/python3.12/site-packages/ros2controlcli/verb/set_hardware_component_state.py to set_hardware_component_state.cpython-312.pyc
[5.057s] byte-compiling /home/thomas/MobileRobot/ws_new/install/ros2controlcli/lib/python3.12/site-packages/ros2controlcli/verb/list_hardware_interfaces.py to list_hardware_interfaces.cpython-312.pyc
[5.061s] byte-compiling /home/thomas/MobileRobot/ws_new/install/ros2controlcli/lib/python3.12/site-packages/ros2controlcli/verb/view_controller_chains.py to view_controller_chains.cpython-312.pyc
[5.066s] byte-compiling /home/thomas/MobileRobot/ws_new/install/ros2controlcli/lib/python3.12/site-packages/ros2controlcli/verb/list_controllers.py to list_controllers.cpython-312.pyc
[5.067s] byte-compiling /home/thomas/MobileRobot/ws_new/install/ros2controlcli/lib/python3.12/site-packages/ros2controlcli/verb/switch_controllers.py to switch_controllers.cpython-312.pyc
[5.068s] byte-compiling /home/thomas/MobileRobot/ws_new/install/ros2controlcli/lib/python3.12/site-packages/ros2controlcli/verb/reload_controller_libraries.py to reload_controller_libraries.cpython-312.pyc
[5.069s] byte-compiling /home/thomas/MobileRobot/ws_new/install/ros2controlcli/lib/python3.12/site-packages/ros2controlcli/verb/load_controller.py to load_controller.cpython-312.pyc
[5.071s] running install_data
[5.072s] copying package.xml -> /home/thomas/MobileRobot/ws_new/install/ros2controlcli/share/ros2controlcli
[5.072s] copying resource/ros2controlcli -> /home/thomas/MobileRobot/ws_new/install/ros2controlcli/share/ament_index/resource_index/packages
[5.072s] running install_egg_info
[5.172s] Copying ../../../../build/ros2controlcli/ros2controlcli.egg-info to /home/thomas/MobileRobot/ws_new/install/ros2controlcli/lib/python3.12/site-packages/ros2controlcli-4.29.0-py3.12.egg-info
[5.191s] running install_scripts
[5.627s] writing list of installed files to '/home/thomas/MobileRobot/ws_new/build/ros2controlcli/install.log'
[5.725s] Invoked command in '/home/thomas/MobileRobot/ws_new/src/ros-controls/ros2_control/ros2controlcli' returned '0': AMENT_PREFIX_PATH=/home/thomas/MobileRobot/ws_new/install/controller_manager:/home/thomas/MobileRobot/ws_new/install/hardware_interface_testing:/home/thomas/MobileRobot/ws_new/install/controller_interface:/home/thomas/MobileRobot/ws_new/install/hardware_interface:/home/thomas/MobileRobot/ws_new/install/joint_limits:/home/thomas/MobileRobot/ws_new/install/realtime_tools:/home/thomas/MobileRobot/ws_new/install/ros2_control_test_assets:/home/thomas/MobileRobot/ws_new/install/ros2_control_cmake:/home/thomas/MobileRobot/ws_new/install/controller_manager_msgs:/home/thomas/MobileRobot/ws_new/install/control_msgs:${AMENT_PREFIX_PATH} CMAKE_PREFIX_PATH=/home/thomas/MobileRobot/ws_new/install/controller_manager:/home/thomas/MobileRobot/ws_new/install/hardware_interface_testing:/home/thomas/MobileRobot/ws_new/install/controller_interface:/home/thomas/MobileRobot/ws_new/install/hardware_interface:/home/thomas/MobileRobot/ws_new/install/joint_limits:/home/thomas/MobileRobot/ws_new/install/realtime_tools:/home/thomas/MobileRobot/ws_new/install/ros2_control_test_assets:/home/thomas/MobileRobot/ws_new/install/ros2_control_cmake:/home/thomas/MobileRobot/ws_new/install/controller_manager_msgs:/home/thomas/MobileRobot/ws_new/install/control_msgs:${CMAKE_PREFIX_PATH} DEBUGINFOD_URLS=https://debuginfod.ubuntu.com LD_LIBRARY_PATH=/home/thomas/MobileRobot/ws_new/install/controller_manager/lib:/home/thomas/MobileRobot/ws_new/install/hardware_interface_testing/lib:/home/thomas/MobileRobot/ws_new/install/controller_interface/lib:/home/thomas/MobileRobot/ws_new/install/hardware_interface/lib:/home/thomas/MobileRobot/ws_new/install/joint_limits/lib:/home/thomas/MobileRobot/ws_new/install/realtime_tools/lib:/home/thomas/MobileRobot/ws_new/install/ros2_control_test_assets/lib:/home/thomas/MobileRobot/ws_new/install/controller_manager_msgs/lib:/home/thomas/MobileRobot/ws_new/install/control_msgs/lib:${LD_LIBRARY_PATH} PYTHONPATH=/home/thomas/MobileRobot/ws_new/build/ros2controlcli/prefix_override:/usr/lib/python3/dist-packages/colcon_core/task/python/colcon_distutils_commands:/home/thomas/MobileRobot/ws_new/install/ros2controlcli/lib/python3.12/site-packages:/home/thomas/MobileRobot/ws_new/install/controller_manager/lib/python3.12/site-packages:/home/thomas/MobileRobot/ws_new/install/controller_manager_msgs/lib/python3.12/site-packages:/home/thomas/MobileRobot/ws_new/install/control_msgs/lib/python3.12/site-packages:${PYTHONPATH} /usr/bin/python3 -W ignore:setup.py install is deprecated -W ignore:easy_install command is deprecated setup.py egg_info --egg-base ../../../../build/ros2controlcli build --build-base /home/thomas/MobileRobot/ws_new/build/ros2controlcli/build install --record /home/thomas/MobileRobot/ws_new/build/ros2controlcli/install.log --single-version-externally-managed install_data --force
