[2.089s] Invoking command in '/home/thomas/MobileRobot/ws_new/src/navigation2/nav2_loopback_sim': AMENT_PREFIX_PATH=/home/thomas/MobileRobot/ws_new/install/nav_msgs:/home/thomas/MobileRobot/ws_new/install/geometry_msgs:/home/thomas/MobileRobot/ws_new/install/std_msgs:${AMENT_PREFIX_PATH} CMAKE_PREFIX_PATH=/home/thomas/MobileRobot/ws_new/install/nav_msgs:/home/thomas/MobileRobot/ws_new/install/geometry_msgs:/home/thomas/MobileRobot/ws_new/install/std_msgs:${CMAKE_PREFIX_PATH} DEBUGINFOD_URLS=https://debuginfod.ubuntu.com LD_LIBRARY_PATH=/home/thomas/MobileRobot/ws_new/install/nav_msgs/lib:/home/thomas/MobileRobot/ws_new/install/geometry_msgs/lib:/home/thomas/MobileRobot/ws_new/install/std_msgs/lib:${LD_LIBRARY_PATH} PYTHONPATH=/home/thomas/MobileRobot/ws_new/build/nav2_loopback_sim/prefix_override:/usr/lib/python3/dist-packages/colcon_core/task/python/colcon_distutils_commands:/home/thomas/MobileRobot/ws_new/install/nav2_loopback_sim/lib/python3.12/site-packages:/home/thomas/MobileRobot/ws_new/install/nav_msgs/lib/python3.12/site-packages:/home/thomas/MobileRobot/ws_new/install/geometry_msgs/lib/python3.12/site-packages:/home/thomas/MobileRobot/ws_new/install/std_msgs/lib/python3.12/site-packages:${PYTHONPATH} /usr/bin/python3 -W ignore:setup.py install is deprecated -W ignore:easy_install command is deprecated setup.py egg_info --egg-base ../../../build/nav2_loopback_sim build --build-base /home/thomas/MobileRobot/ws_new/build/nav2_loopback_sim/build install --record /home/thomas/MobileRobot/ws_new/build/nav2_loopback_sim/install.log --single-version-externally-managed install_data
[2.573s] running egg_info
[2.610s] writing ../../../build/nav2_loopback_sim/nav2_loopback_sim.egg-info/PKG-INFO
[2.631s] writing dependency_links to ../../../build/nav2_loopback_sim/nav2_loopback_sim.egg-info/dependency_links.txt
[2.631s] writing entry points to ../../../build/nav2_loopback_sim/nav2_loopback_sim.egg-info/entry_points.txt
[2.632s] writing requirements to ../../../build/nav2_loopback_sim/nav2_loopback_sim.egg-info/requires.txt
[2.632s] writing top-level names to ../../../build/nav2_loopback_sim/nav2_loopback_sim.egg-info/top_level.txt
[2.749s] reading manifest file '../../../build/nav2_loopback_sim/nav2_loopback_sim.egg-info/SOURCES.txt'
[2.766s] writing manifest file '../../../build/nav2_loopback_sim/nav2_loopback_sim.egg-info/SOURCES.txt'
[2.766s] running build
[2.766s] running build_py
[2.767s] running install
[2.775s] running install_lib
[2.816s] running install_data
[2.817s] running install_egg_info
[2.858s] removing '/home/thomas/MobileRobot/ws_new/install/nav2_loopback_sim/lib/python3.12/site-packages/nav2_loopback_sim-1.0.0-py3.12.egg-info' (and everything under it)
[2.858s] Copying ../../../build/nav2_loopback_sim/nav2_loopback_sim.egg-info to /home/thomas/MobileRobot/ws_new/install/nav2_loopback_sim/lib/python3.12/site-packages/nav2_loopback_sim-1.0.0-py3.12.egg-info
[2.878s] running install_scripts
[3.147s] Installing loopback_simulator script to /home/thomas/MobileRobot/ws_new/install/nav2_loopback_sim/lib/nav2_loopback_sim
[3.167s] writing list of installed files to '/home/thomas/MobileRobot/ws_new/build/nav2_loopback_sim/install.log'
[3.207s] Invoked command in '/home/thomas/MobileRobot/ws_new/src/navigation2/nav2_loopback_sim' returned '0': AMENT_PREFIX_PATH=/home/thomas/MobileRobot/ws_new/install/nav_msgs:/home/thomas/MobileRobot/ws_new/install/geometry_msgs:/home/thomas/MobileRobot/ws_new/install/std_msgs:${AMENT_PREFIX_PATH} CMAKE_PREFIX_PATH=/home/thomas/MobileRobot/ws_new/install/nav_msgs:/home/thomas/MobileRobot/ws_new/install/geometry_msgs:/home/thomas/MobileRobot/ws_new/install/std_msgs:${CMAKE_PREFIX_PATH} DEBUGINFOD_URLS=https://debuginfod.ubuntu.com LD_LIBRARY_PATH=/home/thomas/MobileRobot/ws_new/install/nav_msgs/lib:/home/thomas/MobileRobot/ws_new/install/geometry_msgs/lib:/home/thomas/MobileRobot/ws_new/install/std_msgs/lib:${LD_LIBRARY_PATH} PYTHONPATH=/home/thomas/MobileRobot/ws_new/build/nav2_loopback_sim/prefix_override:/usr/lib/python3/dist-packages/colcon_core/task/python/colcon_distutils_commands:/home/thomas/MobileRobot/ws_new/install/nav2_loopback_sim/lib/python3.12/site-packages:/home/thomas/MobileRobot/ws_new/install/nav_msgs/lib/python3.12/site-packages:/home/thomas/MobileRobot/ws_new/install/geometry_msgs/lib/python3.12/site-packages:/home/thomas/MobileRobot/ws_new/install/std_msgs/lib/python3.12/site-packages:${PYTHONPATH} /usr/bin/python3 -W ignore:setup.py install is deprecated -W ignore:easy_install command is deprecated setup.py egg_info --egg-base ../../../build/nav2_loopback_sim build --build-base /home/thomas/MobileRobot/ws_new/build/nav2_loopback_sim/build install --record /home/thomas/MobileRobot/ws_new/build/nav2_loopback_sim/install.log --single-version-externally-managed install_data
