[0.069s] Invoking command in '/home/thomas/MobileRobot/ws_new/build/kinematics_interface': AMENT_PREFIX_PATH=/home/thomas/MobileRobot/ws_new/install/ros2_control_cmake:${AMENT_PREFIX_PATH} CMAKE_PREFIX_PATH=/home/thomas/MobileRobot/ws_new/install/ros2_control_cmake:/home/thomas/MobileRobot/ws_new/install/my_kinematics_pkg:/home/thomas/MobileRobot/ws_new/install/mobile_robot:/home/thomas/MobileRobot/ws_new/install/backward:/opt/ros/jazzy/opt/gz_sim_vendor:/opt/ros/jazzy/opt/gz_sensors_vendor:/opt/ros/jazzy/opt/gz_physics_vendor:/opt/ros/jazzy/opt/sdformat_vendor:/opt/ros/jazzy/opt/gz_gui_vendor:/opt/ros/jazzy/opt/gz_transport_vendor:/opt/ros/jazzy/opt/gz_rendering_vendor:/opt/ros/jazzy/opt/gz_plugin_vendor:/opt/ros/jazzy/opt/gz_fuel_tools_vendor:/opt/ros/jazzy/opt/gz_msgs_vendor:/opt/ros/jazzy/opt/gz_common_vendor:/opt/ros/jazzy/opt/gz_math_vendor:/opt/ros/jazzy/opt/gz_utils_vendor:/opt/ros/jazzy/opt/gz_tools_vendor:/opt/ros/jazzy/opt/gz_ogre_next_vendor:/opt/ros/jazzy/opt/gz_dartsim_vendor:/opt/ros/jazzy/opt/gz_cmake_vendor:/home/thomas/dev_ws/install/basic_mobile_robot:/home/thomas/MobileRobot/ws_new/install/publisher_subscriber:/opt/ros/jazzy DEBUGINFOD_URLS=https://debuginfod.ubuntu.com /usr/bin/cmake /home/thomas/MobileRobot/ws_new/src/ros-controls/kinematics_interface/kinematics_interface -DCMAKE_INSTALL_PREFIX=/home/thomas/MobileRobot/ws_new/install/kinematics_interface
[0.155s] -- Found ros2_control_cmake: 0.1.1 (/home/thomas/MobileRobot/ws_new/install/ros2_control_cmake/share/ros2_control_cmake/cmake)
[0.155s] -- Compiler warnings enabled for GNU
[0.155s] -- Detected GCC Version: 13.3.0 (Major: 13, Minor: 3)
[0.156s] -- Found ament_cmake: 2.5.3 (/opt/ros/jazzy/share/ament_cmake/cmake)
[0.581s] -- Override CMake install command with custom implementation using symlinks instead of copying resources
[0.604s] -- Found rclcpp: 28.1.8 (/opt/ros/jazzy/share/rclcpp/cmake)
[0.660s] -- Found rosidl_generator_c: 4.6.5 (/opt/ros/jazzy/share/rosidl_generator_c/cmake)
[0.673s] -- Found rosidl_generator_cpp: 4.6.5 (/opt/ros/jazzy/share/rosidl_generator_cpp/cmake)
[0.699s] -- Using all available rosidl_typesupport_c: rosidl_typesupport_fastrtps_c;rosidl_typesupport_introspection_c
[0.720s] -- Using all available rosidl_typesupport_cpp: rosidl_typesupport_fastrtps_cpp;rosidl_typesupport_introspection_cpp
[0.839s] -- Found rmw_implementation_cmake: 7.3.1 (/opt/ros/jazzy/share/rmw_implementation_cmake/cmake)
[0.843s] -- Found rmw_cyclonedds_cpp: 2.2.3 (/opt/ros/jazzy/share/rmw_cyclonedds_cpp/cmake)
[0.891s] -- Using RMW implementation 'rmw_cyclonedds_cpp' as default
[1.012s] -- Found rclcpp_lifecycle: 28.1.6 (/opt/ros/jazzy/share/rclcpp_lifecycle/cmake)
[1.441s] -- Configuring done (1.4s)
[1.581s] -- Generating done (0.1s)
[1.586s] -- Build files have been written to: /home/thomas/MobileRobot/ws_new/build/kinematics_interface
[1.595s] Invoked command in '/home/thomas/MobileRobot/ws_new/build/kinematics_interface' returned '0': AMENT_PREFIX_PATH=/home/thomas/MobileRobot/ws_new/install/ros2_control_cmake:${AMENT_PREFIX_PATH} CMAKE_PREFIX_PATH=/home/thomas/MobileRobot/ws_new/install/ros2_control_cmake:/home/thomas/MobileRobot/ws_new/install/my_kinematics_pkg:/home/thomas/MobileRobot/ws_new/install/mobile_robot:/home/thomas/MobileRobot/ws_new/install/backward:/opt/ros/jazzy/opt/gz_sim_vendor:/opt/ros/jazzy/opt/gz_sensors_vendor:/opt/ros/jazzy/opt/gz_physics_vendor:/opt/ros/jazzy/opt/sdformat_vendor:/opt/ros/jazzy/opt/gz_gui_vendor:/opt/ros/jazzy/opt/gz_transport_vendor:/opt/ros/jazzy/opt/gz_rendering_vendor:/opt/ros/jazzy/opt/gz_plugin_vendor:/opt/ros/jazzy/opt/gz_fuel_tools_vendor:/opt/ros/jazzy/opt/gz_msgs_vendor:/opt/ros/jazzy/opt/gz_common_vendor:/opt/ros/jazzy/opt/gz_math_vendor:/opt/ros/jazzy/opt/gz_utils_vendor:/opt/ros/jazzy/opt/gz_tools_vendor:/opt/ros/jazzy/opt/gz_ogre_next_vendor:/opt/ros/jazzy/opt/gz_dartsim_vendor:/opt/ros/jazzy/opt/gz_cmake_vendor:/home/thomas/dev_ws/install/basic_mobile_robot:/home/thomas/MobileRobot/ws_new/install/publisher_subscriber:/opt/ros/jazzy DEBUGINFOD_URLS=https://debuginfod.ubuntu.com /usr/bin/cmake /home/thomas/MobileRobot/ws_new/src/ros-controls/kinematics_interface/kinematics_interface -DCMAKE_INSTALL_PREFIX=/home/thomas/MobileRobot/ws_new/install/kinematics_interface
[1.597s] Invoking command in '/home/thomas/MobileRobot/ws_new/build/kinematics_interface': AMENT_PREFIX_PATH=/home/thomas/MobileRobot/ws_new/install/ros2_control_cmake:${AMENT_PREFIX_PATH} CMAKE_PREFIX_PATH=/home/thomas/MobileRobot/ws_new/install/ros2_control_cmake:/home/thomas/MobileRobot/ws_new/install/my_kinematics_pkg:/home/thomas/MobileRobot/ws_new/install/mobile_robot:/home/thomas/MobileRobot/ws_new/install/backward:/opt/ros/jazzy/opt/gz_sim_vendor:/opt/ros/jazzy/opt/gz_sensors_vendor:/opt/ros/jazzy/opt/gz_physics_vendor:/opt/ros/jazzy/opt/sdformat_vendor:/opt/ros/jazzy/opt/gz_gui_vendor:/opt/ros/jazzy/opt/gz_transport_vendor:/opt/ros/jazzy/opt/gz_rendering_vendor:/opt/ros/jazzy/opt/gz_plugin_vendor:/opt/ros/jazzy/opt/gz_fuel_tools_vendor:/opt/ros/jazzy/opt/gz_msgs_vendor:/opt/ros/jazzy/opt/gz_common_vendor:/opt/ros/jazzy/opt/gz_math_vendor:/opt/ros/jazzy/opt/gz_utils_vendor:/opt/ros/jazzy/opt/gz_tools_vendor:/opt/ros/jazzy/opt/gz_ogre_next_vendor:/opt/ros/jazzy/opt/gz_dartsim_vendor:/opt/ros/jazzy/opt/gz_cmake_vendor:/home/thomas/dev_ws/install/basic_mobile_robot:/home/thomas/MobileRobot/ws_new/install/publisher_subscriber:/opt/ros/jazzy DEBUGINFOD_URLS=https://debuginfod.ubuntu.com /usr/bin/cmake --build /home/thomas/MobileRobot/ws_new/build/kinematics_interface -- -j8 -l8
[1.732s] [100%] Built target kinematics_interface
[1.752s] Invoked command in '/home/thomas/MobileRobot/ws_new/build/kinematics_interface' returned '0': AMENT_PREFIX_PATH=/home/thomas/MobileRobot/ws_new/install/ros2_control_cmake:${AMENT_PREFIX_PATH} CMAKE_PREFIX_PATH=/home/thomas/MobileRobot/ws_new/install/ros2_control_cmake:/home/thomas/MobileRobot/ws_new/install/my_kinematics_pkg:/home/thomas/MobileRobot/ws_new/install/mobile_robot:/home/thomas/MobileRobot/ws_new/install/backward:/opt/ros/jazzy/opt/gz_sim_vendor:/opt/ros/jazzy/opt/gz_sensors_vendor:/opt/ros/jazzy/opt/gz_physics_vendor:/opt/ros/jazzy/opt/sdformat_vendor:/opt/ros/jazzy/opt/gz_gui_vendor:/opt/ros/jazzy/opt/gz_transport_vendor:/opt/ros/jazzy/opt/gz_rendering_vendor:/opt/ros/jazzy/opt/gz_plugin_vendor:/opt/ros/jazzy/opt/gz_fuel_tools_vendor:/opt/ros/jazzy/opt/gz_msgs_vendor:/opt/ros/jazzy/opt/gz_common_vendor:/opt/ros/jazzy/opt/gz_math_vendor:/opt/ros/jazzy/opt/gz_utils_vendor:/opt/ros/jazzy/opt/gz_tools_vendor:/opt/ros/jazzy/opt/gz_ogre_next_vendor:/opt/ros/jazzy/opt/gz_dartsim_vendor:/opt/ros/jazzy/opt/gz_cmake_vendor:/home/thomas/dev_ws/install/basic_mobile_robot:/home/thomas/MobileRobot/ws_new/install/publisher_subscriber:/opt/ros/jazzy DEBUGINFOD_URLS=https://debuginfod.ubuntu.com /usr/bin/cmake --build /home/thomas/MobileRobot/ws_new/build/kinematics_interface -- -j8 -l8
[1.760s] Invoking command in '/home/thomas/MobileRobot/ws_new/build/kinematics_interface': AMENT_PREFIX_PATH=/home/thomas/MobileRobot/ws_new/install/ros2_control_cmake:${AMENT_PREFIX_PATH} CMAKE_PREFIX_PATH=/home/thomas/MobileRobot/ws_new/install/ros2_control_cmake:/home/thomas/MobileRobot/ws_new/install/my_kinematics_pkg:/home/thomas/MobileRobot/ws_new/install/mobile_robot:/home/thomas/MobileRobot/ws_new/install/backward:/opt/ros/jazzy/opt/gz_sim_vendor:/opt/ros/jazzy/opt/gz_sensors_vendor:/opt/ros/jazzy/opt/gz_physics_vendor:/opt/ros/jazzy/opt/sdformat_vendor:/opt/ros/jazzy/opt/gz_gui_vendor:/opt/ros/jazzy/opt/gz_transport_vendor:/opt/ros/jazzy/opt/gz_rendering_vendor:/opt/ros/jazzy/opt/gz_plugin_vendor:/opt/ros/jazzy/opt/gz_fuel_tools_vendor:/opt/ros/jazzy/opt/gz_msgs_vendor:/opt/ros/jazzy/opt/gz_common_vendor:/opt/ros/jazzy/opt/gz_math_vendor:/opt/ros/jazzy/opt/gz_utils_vendor:/opt/ros/jazzy/opt/gz_tools_vendor:/opt/ros/jazzy/opt/gz_ogre_next_vendor:/opt/ros/jazzy/opt/gz_dartsim_vendor:/opt/ros/jazzy/opt/gz_cmake_vendor:/home/thomas/dev_ws/install/basic_mobile_robot:/home/thomas/MobileRobot/ws_new/install/publisher_subscriber:/opt/ros/jazzy DEBUGINFOD_URLS=https://debuginfod.ubuntu.com /usr/bin/cmake --install /home/thomas/MobileRobot/ws_new/build/kinematics_interface
[1.773s] -- Install configuration: ""
[1.774s] -- Execute custom install script
[1.799s] -- Up-to-date symlink: /home/thomas/MobileRobot/ws_new/install/kinematics_interface/include/kinematics_interface/kinematics_interface/kinematics_interface.hpp
[1.800s] -- Up-to-date symlink: /home/thomas/MobileRobot/ws_new/install/kinematics_interface/share/kinematics_interface/environment/library_path.sh
[1.800s] -- Up-to-date symlink: /home/thomas/MobileRobot/ws_new/install/kinematics_interface/share/kinematics_interface/environment/library_path.dsv
[1.801s] -- Up-to-date symlink: /home/thomas/MobileRobot/ws_new/install/kinematics_interface/share/ament_index/resource_index/package_run_dependencies/kinematics_interface
[1.806s] -- Up-to-date symlink: /home/thomas/MobileRobot/ws_new/install/kinematics_interface/share/ament_index/resource_index/parent_prefix_path/kinematics_interface
[1.807s] -- Up-to-date symlink: /home/thomas/MobileRobot/ws_new/install/kinematics_interface/share/kinematics_interface/environment/ament_prefix_path.sh
[1.819s] -- Up-to-date symlink: /home/thomas/MobileRobot/ws_new/install/kinematics_interface/share/kinematics_interface/environment/ament_prefix_path.dsv
[1.830s] -- Up-to-date symlink: /home/thomas/MobileRobot/ws_new/install/kinematics_interface/share/kinematics_interface/environment/path.sh
[1.830s] -- Up-to-date symlink: /home/thomas/MobileRobot/ws_new/install/kinematics_interface/share/kinematics_interface/environment/path.dsv
[1.847s] -- Up-to-date symlink: /home/thomas/MobileRobot/ws_new/install/kinematics_interface/share/kinematics_interface/local_setup.bash
[1.860s] -- Up-to-date symlink: /home/thomas/MobileRobot/ws_new/install/kinematics_interface/share/kinematics_interface/local_setup.sh
[1.987s] -- Up-to-date symlink: /home/thomas/MobileRobot/ws_new/install/kinematics_interface/share/kinematics_interface/local_setup.zsh
[2.044s] -- Up-to-date symlink: /home/thomas/MobileRobot/ws_new/install/kinematics_interface/share/kinematics_interface/local_setup.dsv
[2.045s] -- Symlinking: /home/thomas/MobileRobot/ws_new/install/kinematics_interface/share/kinematics_interface/package.dsv
[2.127s] -- Up-to-date symlink: /home/thomas/MobileRobot/ws_new/install/kinematics_interface/share/ament_index/resource_index/packages/kinematics_interface
[2.134s] -- Up-to-date symlink: /home/thomas/MobileRobot/ws_new/install/kinematics_interface/share/kinematics_interface/cmake/ament_cmake_export_targets-extras.cmake
[2.143s] -- Up-to-date symlink: /home/thomas/MobileRobot/ws_new/install/kinematics_interface/share/kinematics_interface/cmake/ament_cmake_export_dependencies-extras.cmake
[2.153s] -- Up-to-date symlink: /home/thomas/MobileRobot/ws_new/install/kinematics_interface/share/kinematics_interface/cmake/kinematics_interfaceConfig.cmake
[2.157s] -- Up-to-date symlink: /home/thomas/MobileRobot/ws_new/install/kinematics_interface/share/kinematics_interface/cmake/kinematics_interfaceConfig-version.cmake
[2.161s] -- Up-to-date symlink: /home/thomas/MobileRobot/ws_new/install/kinematics_interface/share/kinematics_interface/package.xml
[2.239s] -- Up-to-date: /home/thomas/MobileRobot/ws_new/install/kinematics_interface/lib/libkinematics_interface.so
[2.293s] -- Up-to-date: /home/thomas/MobileRobot/ws_new/install/kinematics_interface/share/kinematics_interface/cmake/export_kinematics_interfaceExport.cmake
[2.293s] -- Up-to-date: /home/thomas/MobileRobot/ws_new/install/kinematics_interface/share/kinematics_interface/cmake/export_kinematics_interfaceExport-noconfig.cmake
[2.295s] Invoked command in '/home/thomas/MobileRobot/ws_new/build/kinematics_interface' returned '0': AMENT_PREFIX_PATH=/home/thomas/MobileRobot/ws_new/install/ros2_control_cmake:${AMENT_PREFIX_PATH} CMAKE_PREFIX_PATH=/home/thomas/MobileRobot/ws_new/install/ros2_control_cmake:/home/thomas/MobileRobot/ws_new/install/my_kinematics_pkg:/home/thomas/MobileRobot/ws_new/install/mobile_robot:/home/thomas/MobileRobot/ws_new/install/backward:/opt/ros/jazzy/opt/gz_sim_vendor:/opt/ros/jazzy/opt/gz_sensors_vendor:/opt/ros/jazzy/opt/gz_physics_vendor:/opt/ros/jazzy/opt/sdformat_vendor:/opt/ros/jazzy/opt/gz_gui_vendor:/opt/ros/jazzy/opt/gz_transport_vendor:/opt/ros/jazzy/opt/gz_rendering_vendor:/opt/ros/jazzy/opt/gz_plugin_vendor:/opt/ros/jazzy/opt/gz_fuel_tools_vendor:/opt/ros/jazzy/opt/gz_msgs_vendor:/opt/ros/jazzy/opt/gz_common_vendor:/opt/ros/jazzy/opt/gz_math_vendor:/opt/ros/jazzy/opt/gz_utils_vendor:/opt/ros/jazzy/opt/gz_tools_vendor:/opt/ros/jazzy/opt/gz_ogre_next_vendor:/opt/ros/jazzy/opt/gz_dartsim_vendor:/opt/ros/jazzy/opt/gz_cmake_vendor:/home/thomas/dev_ws/install/basic_mobile_robot:/home/thomas/MobileRobot/ws_new/install/publisher_subscriber:/opt/ros/jazzy DEBUGINFOD_URLS=https://debuginfod.ubuntu.com /usr/bin/cmake --install /home/thomas/MobileRobot/ws_new/build/kinematics_interface
