[0.224s] Invoking command in '/home/thomas/MobileRobot/ws_new/build/bicycle_steering_controller': AMENT_PREFIX_PATH=/home/thomas/MobileRobot/ws_new/install/steering_controllers_library:/home/thomas/MobileRobot/ws_new/install/controller_manager:/home/thomas/MobileRobot/ws_new/install/hardware_interface_testing:/home/thomas/MobileRobot/ws_new/install/controller_interface:/home/thomas/MobileRobot/ws_new/install/hardware_interface:/home/thomas/MobileRobot/ws_new/install/joint_limits:/home/thomas/MobileRobot/ws_new/install/realtime_tools:/home/thomas/MobileRobot/ws_new/install/ros2_control_test_assets:/home/thomas/MobileRobot/ws_new/install/ros2_control_cmake:/home/thomas/MobileRobot/ws_new/install/controller_manager_msgs:/home/thomas/MobileRobot/ws_new/install/control_msgs:${AMENT_PREFIX_PATH} CMAKE_PREFIX_PATH=/home/thomas/MobileRobot/ws_new/install/steering_controllers_library:/home/thomas/MobileRobot/ws_new/install/controller_manager:/home/thomas/MobileRobot/ws_new/install/hardware_interface_testing:/home/thomas/MobileRobot/ws_new/install/controller_interface:/home/thomas/MobileRobot/ws_new/install/hardware_interface:/home/thomas/MobileRobot/ws_new/install/joint_limits:/home/thomas/MobileRobot/ws_new/install/realtime_tools:/home/thomas/MobileRobot/ws_new/install/ros2_control_test_assets:/home/thomas/MobileRobot/ws_new/install/ros2_control_cmake:/home/thomas/MobileRobot/ws_new/install/controller_manager_msgs:/home/thomas/MobileRobot/ws_new/install/control_msgs:/home/thomas/MobileRobot/ws_new/install/my_kinematics_pkg:/home/thomas/MobileRobot/ws_new/install/mobile_robot:/home/thomas/MobileRobot/ws_new/install/backward:/opt/ros/jazzy/opt/gz_sim_vendor:/opt/ros/jazzy/opt/gz_sensors_vendor:/opt/ros/jazzy/opt/gz_physics_vendor:/opt/ros/jazzy/opt/sdformat_vendor:/opt/ros/jazzy/opt/gz_gui_vendor:/opt/ros/jazzy/opt/gz_transport_vendor:/opt/ros/jazzy/opt/gz_rendering_vendor:/opt/ros/jazzy/opt/gz_plugin_vendor:/opt/ros/jazzy/opt/gz_fuel_tools_vendor:/opt/ros/jazzy/opt/gz_msgs_vendor:/opt/ros/jazzy/opt/gz_common_vendor:/opt/ros/jazzy/opt/gz_math_vendor:/opt/ros/jazzy/opt/gz_utils_vendor:/opt/ros/jazzy/opt/gz_tools_vendor:/opt/ros/jazzy/opt/gz_ogre_next_vendor:/opt/ros/jazzy/opt/gz_dartsim_vendor:/opt/ros/jazzy/opt/gz_cmake_vendor:/home/thomas/dev_ws/install/basic_mobile_robot:/home/thomas/MobileRobot/ws_new/install/publisher_subscriber:/opt/ros/jazzy DEBUGINFOD_URLS=https://debuginfod.ubuntu.com LD_LIBRARY_PATH=/home/thomas/MobileRobot/ws_new/install/steering_controllers_library/lib:/home/thomas/MobileRobot/ws_new/install/controller_manager/lib:/home/thomas/MobileRobot/ws_new/install/hardware_interface_testing/lib:/home/thomas/MobileRobot/ws_new/install/controller_interface/lib:/home/thomas/MobileRobot/ws_new/install/hardware_interface/lib:/home/thomas/MobileRobot/ws_new/install/joint_limits/lib:/home/thomas/MobileRobot/ws_new/install/realtime_tools/lib:/home/thomas/MobileRobot/ws_new/install/ros2_control_test_assets/lib:/home/thomas/MobileRobot/ws_new/install/controller_manager_msgs/lib:/home/thomas/MobileRobot/ws_new/install/control_msgs/lib:${LD_LIBRARY_PATH} PYTHONPATH=/home/thomas/MobileRobot/ws_new/install/controller_manager/lib/python3.12/site-packages:/home/thomas/MobileRobot/ws_new/install/controller_manager_msgs/lib/python3.12/site-packages:/home/thomas/MobileRobot/ws_new/install/control_msgs/lib/python3.12/site-packages:${PYTHONPATH} /usr/bin/cmake /home/thomas/MobileRobot/ws_new/src/ros-controls/ros2_controllers/bicycle_steering_controller -DAMENT_CMAKE_SYMLINK_INSTALL=1 -DCMAKE_INSTALL_PREFIX=/home/thomas/MobileRobot/ws_new/install/bicycle_steering_controller
[55.122s] -- The C compiler identification is GNU 13.3.0
[55.122s] -- The CXX compiler identification is GNU 13.3.0
[55.122s] -- Detecting C compiler ABI info
[55.123s] -- Detecting C compiler ABI info - done
[55.123s] -- Check for working C compiler: /usr/bin/cc - skipped
[55.123s] -- Detecting C compile features
[55.123s] -- Detecting C compile features - done
[55.123s] -- Detecting CXX compiler ABI info
[55.123s] -- Detecting CXX compiler ABI info - done
[55.124s] -- Check for working CXX compiler: /usr/bin/c++ - skipped
[55.124s] -- Detecting CXX compile features
[55.124s] -- Detecting CXX compile features - done
[55.124s] -- Found ros2_control_cmake: 0.1.1 (/home/thomas/MobileRobot/ws_new/install/ros2_control_cmake/share/ros2_control_cmake/cmake)
[55.124s] -- Compiler warnings enabled for GNU
[55.124s] -- Detected GCC Version: 13.3.0 (Major: 13, Minor: 3)
[55.125s] -- Found ament_cmake: 2.5.3 (/opt/ros/jazzy/share/ament_cmake/cmake)
[55.125s] -- Found Python3: /usr/bin/python3 (found version "3.12.3") found components: Interpreter 
[55.125s] -- Override CMake install command with custom implementation using symlinks instead of copying resources
[55.125s] -- Found controller_interface: 4.29.0 (/home/thomas/MobileRobot/ws_new/install/controller_interface/share/controller_interface/cmake)
[55.125s] -- Found rosidl_generator_c: 4.6.5 (/opt/ros/jazzy/share/rosidl_generator_c/cmake)
[55.125s] -- Found rosidl_generator_cpp: 4.6.5 (/opt/ros/jazzy/share/rosidl_generator_cpp/cmake)
[55.126s] -- Using all available rosidl_typesupport_c: rosidl_typesupport_fastrtps_c;rosidl_typesupport_introspection_c
[55.126s] -- Using all available rosidl_typesupport_cpp: rosidl_typesupport_fastrtps_cpp;rosidl_typesupport_introspection_cpp
[55.126s] -- Found TinyXML2 via Config file: /usr/lib/x86_64-linux-gnu/cmake/tinyxml2
[55.126s] -- Found rmw_implementation_cmake: 7.3.1 (/opt/ros/jazzy/share/rmw_implementation_cmake/cmake)
[55.126s] -- Found rmw_cyclonedds_cpp: 2.2.3 (/opt/ros/jazzy/share/rmw_cyclonedds_cpp/cmake)
[55.126s] -- Using RMW implementation 'rmw_cyclonedds_cpp' as default
[55.126s] -- Found generate_parameter_library: 0.4.0 (/opt/ros/jazzy/share/generate_parameter_library/cmake)
[55.127s] -- Found parameter_traits: 0.4.0 (/opt/ros/jazzy/share/parameter_traits/cmake)
[55.127s] -- Found std_srvs: 5.3.5 (/opt/ros/jazzy/share/std_srvs/cmake)
[55.127s] -- Found steering_controllers_library: 4.24.0 (/home/thomas/MobileRobot/ws_new/install/steering_controllers_library/share/steering_controllers_library/cmake)
[55.127s] -- Found eigen3_cmake_module: 0.3.0 (/opt/ros/jazzy/share/eigen3_cmake_module/cmake)
[55.127s] -- Found Eigen3: TRUE (found version "3.4.0") 
[55.127s] -- Ensuring Eigen3 include directory is part of orocos-kdl CMake target
[55.128s] -- Found ament_cmake_gmock: 2.5.3 (/opt/ros/jazzy/share/ament_cmake_gmock/cmake)
[55.128s] -- Found controller_manager: 4.29.0 (/home/thomas/MobileRobot/ws_new/install/controller_manager/share/controller_manager/cmake)
[55.128s] -- Found ros2_control_test_assets: 4.29.0 (/home/thomas/MobileRobot/ws_new/install/ros2_control_test_assets/share/ros2_control_test_assets/cmake)
[55.128s] -- Found gmock sources under '/opt/ros/jazzy/src/gmock_vendor': C++ tests using 'Google Mock' will be built
[55.128s] -- Found ament_cmake_gtest: 2.5.3 (/opt/ros/jazzy/share/ament_cmake_gtest/cmake)
[55.128s] -- Found gtest sources under '/opt/ros/jazzy/src/gtest_vendor': C++ tests using 'Google Test' will be built
[55.129s] -- Configuring done (22.6s)
[55.129s] -- Generating done (4.6s)
[55.129s] -- Build files have been written to: /home/thomas/MobileRobot/ws_new/build/bicycle_steering_controller
