[0.586s] Invoking command in '/home/thomas/MobileRobot/ws_new/build/visualization_msgs': AMENT_PREFIX_PATH=/home/thomas/MobileRobot/ws_new/install/sensor_msgs:/home/thomas/MobileRobot/ws_new/install/geometry_msgs:/home/thomas/MobileRobot/ws_new/install/std_msgs:${AMENT_PREFIX_PATH} CMAKE_PREFIX_PATH=/home/thomas/MobileRobot/ws_new/install/sensor_msgs:/home/thomas/MobileRobot/ws_new/install/geometry_msgs:/home/thomas/MobileRobot/ws_new/install/std_msgs:/opt/ros/jazzy/opt/gz_sim_vendor:/opt/ros/jazzy/opt/gz_sensors_vendor:/opt/ros/jazzy/opt/gz_physics_vendor:/opt/ros/jazzy/opt/sdformat_vendor:/opt/ros/jazzy/opt/gz_gui_vendor:/opt/ros/jazzy/opt/gz_transport_vendor:/opt/ros/jazzy/opt/gz_rendering_vendor:/opt/ros/jazzy/opt/gz_plugin_vendor:/opt/ros/jazzy/opt/gz_fuel_tools_vendor:/opt/ros/jazzy/opt/gz_msgs_vendor:/opt/ros/jazzy/opt/gz_common_vendor:/opt/ros/jazzy/opt/gz_math_vendor:/opt/ros/jazzy/opt/gz_utils_vendor:/opt/ros/jazzy/opt/gz_tools_vendor:/opt/ros/jazzy/opt/gz_ogre_next_vendor:/opt/ros/jazzy/opt/gz_dartsim_vendor:/opt/ros/jazzy/opt/gz_cmake_vendor:/home/thomas/dev_ws/install/basic_mobile_robot:/opt/ros/jazzy DEBUGINFOD_URLS=https://debuginfod.ubuntu.com LD_LIBRARY_PATH=/home/thomas/MobileRobot/ws_new/install/sensor_msgs/lib:/home/thomas/MobileRobot/ws_new/install/geometry_msgs/lib:/home/thomas/MobileRobot/ws_new/install/std_msgs/lib:${LD_LIBRARY_PATH} PYTHONPATH=/home/thomas/MobileRobot/ws_new/install/sensor_msgs/lib/python3.12/site-packages:/home/thomas/MobileRobot/ws_new/install/geometry_msgs/lib/python3.12/site-packages:/home/thomas/MobileRobot/ws_new/install/std_msgs/lib/python3.12/site-packages:${PYTHONPATH} /usr/bin/cmake --build /home/thomas/MobileRobot/ws_new/build/visualization_msgs -- -j8 -l8
[0.930s] [  0%] Built target visualization_msgs__rosidl_generator_type_description
[0.981s] [  0%] Built target visualization_msgs__cpp
[1.415s] [ 26%] Built target visualization_msgs__rosidl_generator_c
[1.750s] [ 38%] Built target visualization_msgs__rosidl_typesupport_fastrtps_c
[1.751s] [ 45%] Built target visualization_msgs__rosidl_typesupport_fastrtps_cpp
[1.786s] [ 55%] Built target visualization_msgs__rosidl_typesupport_introspection_c
[1.831s] [ 65%] Built target visualization_msgs__rosidl_typesupport_c
[1.884s] [ 75%] Built target visualization_msgs__rosidl_typesupport_cpp
[1.892s] [ 85%] Built target visualization_msgs__rosidl_typesupport_introspection_cpp
[1.900s] [ 85%] Built target ament_cmake_python_copy_visualization_msgs
[1.936s] [ 85%] Built target visualization_msgs
[2.014s] [ 86%] Built target visualization_msgs__py
[2.220s] [ 96%] Built target visualization_msgs__rosidl_generator_py
[2.328s] [ 98%] Built target visualization_msgs_s__rosidl_typesupport_introspection_c
[2.329s] [ 99%] Built target visualization_msgs_s__rosidl_typesupport_c
[2.347s] [100%] Built target visualization_msgs_s__rosidl_typesupport_fastrtps_c
[2.410s] running egg_info
[2.450s] writing visualization_msgs.egg-info/PKG-INFO
[2.451s] writing dependency_links to visualization_msgs.egg-info/dependency_links.txt
[2.451s] writing top-level names to visualization_msgs.egg-info/top_level.txt
[2.561s] reading manifest file 'visualization_msgs.egg-info/SOURCES.txt'
[2.563s] writing manifest file 'visualization_msgs.egg-info/SOURCES.txt'
[2.607s] [100%] Built target ament_cmake_python_build_visualization_msgs_egg
[2.624s] Invoked command in '/home/thomas/MobileRobot/ws_new/build/visualization_msgs' returned '0': AMENT_PREFIX_PATH=/home/thomas/MobileRobot/ws_new/install/sensor_msgs:/home/thomas/MobileRobot/ws_new/install/geometry_msgs:/home/thomas/MobileRobot/ws_new/install/std_msgs:${AMENT_PREFIX_PATH} CMAKE_PREFIX_PATH=/home/thomas/MobileRobot/ws_new/install/sensor_msgs:/home/thomas/MobileRobot/ws_new/install/geometry_msgs:/home/thomas/MobileRobot/ws_new/install/std_msgs:/opt/ros/jazzy/opt/gz_sim_vendor:/opt/ros/jazzy/opt/gz_sensors_vendor:/opt/ros/jazzy/opt/gz_physics_vendor:/opt/ros/jazzy/opt/sdformat_vendor:/opt/ros/jazzy/opt/gz_gui_vendor:/opt/ros/jazzy/opt/gz_transport_vendor:/opt/ros/jazzy/opt/gz_rendering_vendor:/opt/ros/jazzy/opt/gz_plugin_vendor:/opt/ros/jazzy/opt/gz_fuel_tools_vendor:/opt/ros/jazzy/opt/gz_msgs_vendor:/opt/ros/jazzy/opt/gz_common_vendor:/opt/ros/jazzy/opt/gz_math_vendor:/opt/ros/jazzy/opt/gz_utils_vendor:/opt/ros/jazzy/opt/gz_tools_vendor:/opt/ros/jazzy/opt/gz_ogre_next_vendor:/opt/ros/jazzy/opt/gz_dartsim_vendor:/opt/ros/jazzy/opt/gz_cmake_vendor:/home/thomas/dev_ws/install/basic_mobile_robot:/opt/ros/jazzy DEBUGINFOD_URLS=https://debuginfod.ubuntu.com LD_LIBRARY_PATH=/home/thomas/MobileRobot/ws_new/install/sensor_msgs/lib:/home/thomas/MobileRobot/ws_new/install/geometry_msgs/lib:/home/thomas/MobileRobot/ws_new/install/std_msgs/lib:${LD_LIBRARY_PATH} PYTHONPATH=/home/thomas/MobileRobot/ws_new/install/sensor_msgs/lib/python3.12/site-packages:/home/thomas/MobileRobot/ws_new/install/geometry_msgs/lib/python3.12/site-packages:/home/thomas/MobileRobot/ws_new/install/std_msgs/lib/python3.12/site-packages:${PYTHONPATH} /usr/bin/cmake --build /home/thomas/MobileRobot/ws_new/build/visualization_msgs -- -j8 -l8
[2.674s] Invoking command in '/home/thomas/MobileRobot/ws_new/build/visualization_msgs': AMENT_PREFIX_PATH=/home/thomas/MobileRobot/ws_new/install/sensor_msgs:/home/thomas/MobileRobot/ws_new/install/geometry_msgs:/home/thomas/MobileRobot/ws_new/install/std_msgs:${AMENT_PREFIX_PATH} CMAKE_PREFIX_PATH=/home/thomas/MobileRobot/ws_new/install/sensor_msgs:/home/thomas/MobileRobot/ws_new/install/geometry_msgs:/home/thomas/MobileRobot/ws_new/install/std_msgs:/opt/ros/jazzy/opt/gz_sim_vendor:/opt/ros/jazzy/opt/gz_sensors_vendor:/opt/ros/jazzy/opt/gz_physics_vendor:/opt/ros/jazzy/opt/sdformat_vendor:/opt/ros/jazzy/opt/gz_gui_vendor:/opt/ros/jazzy/opt/gz_transport_vendor:/opt/ros/jazzy/opt/gz_rendering_vendor:/opt/ros/jazzy/opt/gz_plugin_vendor:/opt/ros/jazzy/opt/gz_fuel_tools_vendor:/opt/ros/jazzy/opt/gz_msgs_vendor:/opt/ros/jazzy/opt/gz_common_vendor:/opt/ros/jazzy/opt/gz_math_vendor:/opt/ros/jazzy/opt/gz_utils_vendor:/opt/ros/jazzy/opt/gz_tools_vendor:/opt/ros/jazzy/opt/gz_ogre_next_vendor:/opt/ros/jazzy/opt/gz_dartsim_vendor:/opt/ros/jazzy/opt/gz_cmake_vendor:/home/thomas/dev_ws/install/basic_mobile_robot:/opt/ros/jazzy DEBUGINFOD_URLS=https://debuginfod.ubuntu.com LD_LIBRARY_PATH=/home/thomas/MobileRobot/ws_new/install/sensor_msgs/lib:/home/thomas/MobileRobot/ws_new/install/geometry_msgs/lib:/home/thomas/MobileRobot/ws_new/install/std_msgs/lib:${LD_LIBRARY_PATH} PYTHONPATH=/home/thomas/MobileRobot/ws_new/install/sensor_msgs/lib/python3.12/site-packages:/home/thomas/MobileRobot/ws_new/install/geometry_msgs/lib/python3.12/site-packages:/home/thomas/MobileRobot/ws_new/install/std_msgs/lib/python3.12/site-packages:${PYTHONPATH} /usr/bin/cmake --install /home/thomas/MobileRobot/ws_new/build/visualization_msgs
[2.698s] -- Install configuration: ""
[2.741s] -- Up-to-date: /home/thomas/MobileRobot/ws_new/install/visualization_msgs/share/ament_index/resource_index/rosidl_interfaces/visualization_msgs
[2.741s] -- Up-to-date: /home/thomas/MobileRobot/ws_new/install/visualization_msgs/share/visualization_msgs/msg/ImageMarker.json
[2.742s] -- Up-to-date: /home/thomas/MobileRobot/ws_new/install/visualization_msgs/share/visualization_msgs/msg/InteractiveMarker.json
[2.742s] -- Up-to-date: /home/thomas/MobileRobot/ws_new/install/visualization_msgs/share/visualization_msgs/msg/InteractiveMarkerControl.json
[2.742s] -- Up-to-date: /home/thomas/MobileRobot/ws_new/install/visualization_msgs/share/visualization_msgs/msg/InteractiveMarkerFeedback.json
[2.742s] -- Up-to-date: /home/thomas/MobileRobot/ws_new/install/visualization_msgs/share/visualization_msgs/msg/InteractiveMarkerInit.json
[2.742s] -- Up-to-date: /home/thomas/MobileRobot/ws_new/install/visualization_msgs/share/visualization_msgs/msg/InteractiveMarkerPose.json
[2.743s] -- Up-to-date: /home/thomas/MobileRobot/ws_new/install/visualization_msgs/share/visualization_msgs/msg/InteractiveMarkerUpdate.json
[2.743s] -- Up-to-date: /home/thomas/MobileRobot/ws_new/install/visualization_msgs/share/visualization_msgs/msg/Marker.json
[2.743s] -- Up-to-date: /home/thomas/MobileRobot/ws_new/install/visualization_msgs/share/visualization_msgs/msg/MarkerArray.json
[2.743s] -- Up-to-date: /home/thomas/MobileRobot/ws_new/install/visualization_msgs/share/visualization_msgs/msg/MenuEntry.json
[2.743s] -- Up-to-date: /home/thomas/MobileRobot/ws_new/install/visualization_msgs/share/visualization_msgs/msg/MeshFile.json
[2.743s] -- Up-to-date: /home/thomas/MobileRobot/ws_new/install/visualization_msgs/share/visualization_msgs/msg/UVCoordinate.json
[2.744s] -- Up-to-date: /home/thomas/MobileRobot/ws_new/install/visualization_msgs/share/visualization_msgs/srv/GetInteractiveMarkers.json
[2.744s] -- Up-to-date: /home/thomas/MobileRobot/ws_new/install/visualization_msgs/include/visualization_msgs/visualization_msgs
[2.744s] -- Up-to-date: /home/thomas/MobileRobot/ws_new/install/visualization_msgs/include/visualization_msgs/visualization_msgs/srv
[2.744s] -- Up-to-date: /home/thomas/MobileRobot/ws_new/install/visualization_msgs/include/visualization_msgs/visualization_msgs/srv/detail
[2.756s] -- Up-to-date: /home/thomas/MobileRobot/ws_new/install/visualization_msgs/include/visualization_msgs/visualization_msgs/srv/detail/get_interactive_markers__struct.h
[2.756s] -- Up-to-date: /home/thomas/MobileRobot/ws_new/install/visualization_msgs/include/visualization_msgs/visualization_msgs/srv/detail/get_interactive_markers__description.c
[2.756s] -- Installing: /home/thomas/MobileRobot/ws_new/install/visualization_msgs/include/visualization_msgs/visualization_msgs/srv/detail/get_interactive_markers__type_support.c
[2.771s] -- Up-to-date: /home/thomas/MobileRobot/ws_new/install/visualization_msgs/include/visualization_msgs/visualization_msgs/srv/detail/get_interactive_markers__functions.c
[2.771s] -- Up-to-date: /home/thomas/MobileRobot/ws_new/install/visualization_msgs/include/visualization_msgs/visualization_msgs/srv/detail/get_interactive_markers__functions.h
[2.772s] -- Up-to-date: /home/thomas/MobileRobot/ws_new/install/visualization_msgs/include/visualization_msgs/visualization_msgs/srv/detail/get_interactive_markers__type_support.h
[2.772s] -- Up-to-date: /home/thomas/MobileRobot/ws_new/install/visualization_msgs/include/visualization_msgs/visualization_msgs/srv/get_interactive_markers.h
[2.772s] -- Up-to-date: /home/thomas/MobileRobot/ws_new/install/visualization_msgs/include/visualization_msgs/visualization_msgs/msg
[2.772s] -- Up-to-date: /home/thomas/MobileRobot/ws_new/install/visualization_msgs/include/visualization_msgs/visualization_msgs/msg/detail
[2.772s] -- Up-to-date: /home/thomas/MobileRobot/ws_new/install/visualization_msgs/include/visualization_msgs/visualization_msgs/msg/detail/uv_coordinate__type_support.h
[2.772s] -- Up-to-date: /home/thomas/MobileRobot/ws_new/install/visualization_msgs/include/visualization_msgs/visualization_msgs/msg/detail/image_marker__description.c
[2.772s] -- Installing: /home/thomas/MobileRobot/ws_new/install/visualization_msgs/include/visualization_msgs/visualization_msgs/msg/detail/interactive_marker_control__type_support.c
[2.788s] -- Up-to-date: /home/thomas/MobileRobot/ws_new/install/visualization_msgs/include/visualization_msgs/visualization_msgs/msg/detail/menu_entry__struct.h
[2.788s] -- Up-to-date: /home/thomas/MobileRobot/ws_new/install/visualization_msgs/include/visualization_msgs/visualization_msgs/msg/detail/marker__functions.h
[2.788s] -- Up-to-date: /home/thomas/MobileRobot/ws_new/install/visualization_msgs/include/visualization_msgs/visualization_msgs/msg/detail/interactive_marker_init__functions.h
[2.788s] -- Up-to-date: /home/thomas/MobileRobot/ws_new/install/visualization_msgs/include/visualization_msgs/visualization_msgs/msg/detail/mesh_file__struct.h
[2.789s] -- Up-to-date: /home/thomas/MobileRobot/ws_new/install/visualization_msgs/include/visualization_msgs/visualization_msgs/msg/detail/interactive_marker_init__struct.h
[2.789s] -- Installing: /home/thomas/MobileRobot/ws_new/install/visualization_msgs/include/visualization_msgs/visualization_msgs/msg/detail/image_marker__type_support.c
[2.796s] -- Installing: /home/thomas/MobileRobot/ws_new/install/visualization_msgs/include/visualization_msgs/visualization_msgs/msg/detail/interactive_marker_pose__type_support.c
[2.799s] -- Installing: /home/thomas/MobileRobot/ws_new/install/visualization_msgs/include/visualization_msgs/visualization_msgs/msg/detail/interactive_marker_update__type_support.c
[2.799s] -- Up-to-date: /home/thomas/MobileRobot/ws_new/install/visualization_msgs/include/visualization_msgs/visualization_msgs/msg/detail/interactive_marker_update__functions.h
[2.799s] -- Up-to-date: /home/thomas/MobileRobot/ws_new/install/visualization_msgs/include/visualization_msgs/visualization_msgs/msg/detail/interactive_marker_control__struct.h
[2.799s] -- Up-to-date: /home/thomas/MobileRobot/ws_new/install/visualization_msgs/include/visualization_msgs/visualization_msgs/msg/detail/interactive_marker__functions.c
[2.799s] -- Up-to-date: /home/thomas/MobileRobot/ws_new/install/visualization_msgs/include/visualization_msgs/visualization_msgs/msg/detail/interactive_marker_pose__description.c
[2.799s] -- Up-to-date: /home/thomas/MobileRobot/ws_new/install/visualization_msgs/include/visualization_msgs/visualization_msgs/msg/detail/uv_coordinate__description.c
[2.799s] -- Up-to-date: /home/thomas/MobileRobot/ws_new/install/visualization_msgs/include/visualization_msgs/visualization_msgs/msg/detail/marker__type_support.h
[2.799s] -- Up-to-date: /home/thomas/MobileRobot/ws_new/install/visualization_msgs/include/visualization_msgs/visualization_msgs/msg/detail/interactive_marker_update__struct.h
[2.800s] -- Up-to-date: /home/thomas/MobileRobot/ws_new/install/visualization_msgs/include/visualization_msgs/visualization_msgs/msg/detail/interactive_marker_feedback__functions.c
[2.800s] -- Up-to-date: /home/thomas/MobileRobot/ws_new/install/visualization_msgs/include/visualization_msgs/visualization_msgs/msg/detail/image_marker__struct.h
[2.800s] -- Up-to-date: /home/thomas/MobileRobot/ws_new/install/visualization_msgs/include/visualization_msgs/visualization_msgs/msg/detail/marker_array__struct.h
[2.800s] -- Installing: /home/thomas/MobileRobot/ws_new/install/visualization_msgs/include/visualization_msgs/visualization_msgs/msg/detail/marker_array__type_support.c
[2.818s] -- Up-to-date: /home/thomas/MobileRobot/ws_new/install/visualization_msgs/include/visualization_msgs/visualization_msgs/msg/detail/marker_array__description.c
[2.818s] -- Up-to-date: /home/thomas/MobileRobot/ws_new/install/visualization_msgs/include/visualization_msgs/visualization_msgs/msg/detail/interactive_marker_feedback__struct.h
[2.818s] -- Up-to-date: /home/thomas/MobileRobot/ws_new/install/visualization_msgs/include/visualization_msgs/visualization_msgs/msg/detail/marker__struct.h
[2.818s] -- Up-to-date: /home/thomas/MobileRobot/ws_new/install/visualization_msgs/include/visualization_msgs/visualization_msgs/msg/detail/image_marker__functions.c
[2.819s] -- Up-to-date: /home/thomas/MobileRobot/ws_new/install/visualization_msgs/include/visualization_msgs/visualization_msgs/msg/detail/marker__functions.c
[2.819s] -- Up-to-date: /home/thomas/MobileRobot/ws_new/install/visualization_msgs/include/visualization_msgs/visualization_msgs/msg/detail/mesh_file__description.c
[2.819s] -- Up-to-date: /home/thomas/MobileRobot/ws_new/install/visualization_msgs/include/visualization_msgs/visualization_msgs/msg/detail/interactive_marker_pose__struct.h
[2.819s] -- Up-to-date: /home/thomas/MobileRobot/ws_new/install/visualization_msgs/include/visualization_msgs/visualization_msgs/msg/detail/interactive_marker_feedback__functions.h
[2.819s] -- Up-to-date: /home/thomas/MobileRobot/ws_new/install/visualization_msgs/include/visualization_msgs/visualization_msgs/msg/detail/uv_coordinate__functions.h
[2.819s] -- Up-to-date: /home/thomas/MobileRobot/ws_new/install/visualization_msgs/include/visualization_msgs/visualization_msgs/msg/detail/interactive_marker__type_support.h
[2.819s] -- Up-to-date: /home/thomas/MobileRobot/ws_new/install/visualization_msgs/include/visualization_msgs/visualization_msgs/msg/detail/mesh_file__type_support.h
[2.819s] -- Installing: /home/thomas/MobileRobot/ws_new/install/visualization_msgs/include/visualization_msgs/visualization_msgs/msg/detail/interactive_marker_feedback__type_support.c
[2.820s] -- Up-to-date: /home/thomas/MobileRobot/ws_new/install/visualization_msgs/include/visualization_msgs/visualization_msgs/msg/detail/interactive_marker_feedback__type_support.h
[2.820s] -- Up-to-date: /home/thomas/MobileRobot/ws_new/install/visualization_msgs/include/visualization_msgs/visualization_msgs/msg/detail/menu_entry__functions.h
[2.820s] -- Up-to-date: /home/thomas/MobileRobot/ws_new/install/visualization_msgs/include/visualization_msgs/visualization_msgs/msg/detail/interactive_marker_pose__functions.c
[2.820s] -- Up-to-date: /home/thomas/MobileRobot/ws_new/install/visualization_msgs/include/visualization_msgs/visualization_msgs/msg/detail/interactive_marker_feedback__description.c
[2.820s] -- Up-to-date: /home/thomas/MobileRobot/ws_new/install/visualization_msgs/include/visualization_msgs/visualization_msgs/msg/detail/uv_coordinate__struct.h
[2.820s] -- Up-to-date: /home/thomas/MobileRobot/ws_new/install/visualization_msgs/include/visualization_msgs/visualization_msgs/msg/detail/mesh_file__functions.c
[2.820s] -- Up-to-date: /home/thomas/MobileRobot/ws_new/install/visualization_msgs/include/visualization_msgs/visualization_msgs/msg/detail/interactive_marker__struct.h
[2.820s] -- Up-to-date: /home/thomas/MobileRobot/ws_new/install/visualization_msgs/include/visualization_msgs/visualization_msgs/msg/detail/image_marker__functions.h
[2.820s] -- Installing: /home/thomas/MobileRobot/ws_new/install/visualization_msgs/include/visualization_msgs/visualization_msgs/msg/detail/marker__type_support.c
[2.820s] -- Installing: /home/thomas/MobileRobot/ws_new/install/visualization_msgs/include/visualization_msgs/visualization_msgs/msg/detail/mesh_file__type_support.c
[2.824s] -- Up-to-date: /home/thomas/MobileRobot/ws_new/install/visualization_msgs/include/visualization_msgs/visualization_msgs/msg/detail/interactive_marker_pose__functions.h
[2.824s] -- Up-to-date: /home/thomas/MobileRobot/ws_new/install/visualization_msgs/include/visualization_msgs/visualization_msgs/msg/detail/interactive_marker__description.c
[2.824s] -- Up-to-date: /home/thomas/MobileRobot/ws_new/install/visualization_msgs/include/visualization_msgs/visualization_msgs/msg/detail/menu_entry__functions.c
[2.824s] -- Up-to-date: /home/thomas/MobileRobot/ws_new/install/visualization_msgs/include/visualization_msgs/visualization_msgs/msg/detail/menu_entry__description.c
[2.824s] -- Installing: /home/thomas/MobileRobot/ws_new/install/visualization_msgs/include/visualization_msgs/visualization_msgs/msg/detail/interactive_marker_init__type_support.c
[2.825s] -- Up-to-date: /home/thomas/MobileRobot/ws_new/install/visualization_msgs/include/visualization_msgs/visualization_msgs/msg/detail/marker_array__type_support.h
[2.825s] -- Installing: /home/thomas/MobileRobot/ws_new/install/visualization_msgs/include/visualization_msgs/visualization_msgs/msg/detail/interactive_marker__type_support.c
[2.825s] -- Up-to-date: /home/thomas/MobileRobot/ws_new/install/visualization_msgs/include/visualization_msgs/visualization_msgs/msg/detail/interactive_marker_init__description.c
[2.825s] -- Up-to-date: /home/thomas/MobileRobot/ws_new/install/visualization_msgs/include/visualization_msgs/visualization_msgs/msg/detail/mesh_file__functions.h
[2.825s] -- Up-to-date: /home/thomas/MobileRobot/ws_new/install/visualization_msgs/include/visualization_msgs/visualization_msgs/msg/detail/interactive_marker__functions.h
[2.825s] -- Up-to-date: /home/thomas/MobileRobot/ws_new/install/visualization_msgs/include/visualization_msgs/visualization_msgs/msg/detail/marker_array__functions.c
[2.825s] -- Up-to-date: /home/thomas/MobileRobot/ws_new/install/visualization_msgs/include/visualization_msgs/visualization_msgs/msg/detail/interactive_marker_init__functions.c
[2.825s] -- Up-to-date: /home/thomas/MobileRobot/ws_new/install/visualization_msgs/include/visualization_msgs/visualization_msgs/msg/detail/interactive_marker_update__functions.c
[2.825s] -- Up-to-date: /home/thomas/MobileRobot/ws_new/install/visualization_msgs/include/visualization_msgs/visualization_msgs/msg/detail/interactive_marker_update__type_support.h
[2.825s] -- Installing: /home/thomas/MobileRobot/ws_new/install/visualization_msgs/include/visualization_msgs/visualization_msgs/msg/detail/uv_coordinate__type_support.c
[2.827s] -- Up-to-date: /home/thomas/MobileRobot/ws_new/install/visualization_msgs/include/visualization_msgs/visualization_msgs/msg/detail/interactive_marker_control__functions.c
[2.827s] -- Up-to-date: /home/thomas/MobileRobot/ws_new/install/visualization_msgs/include/visualization_msgs/visualization_msgs/msg/detail/interactive_marker_control__functions.h
[2.827s] -- Up-to-date: /home/thomas/MobileRobot/ws_new/install/visualization_msgs/include/visualization_msgs/visualization_msgs/msg/detail/marker__description.c
[2.827s] -- Up-to-date: /home/thomas/MobileRobot/ws_new/install/visualization_msgs/include/visualization_msgs/visualization_msgs/msg/detail/interactive_marker_pose__type_support.h
[2.827s] -- Up-to-date: /home/thomas/MobileRobot/ws_new/install/visualization_msgs/include/visualization_msgs/visualization_msgs/msg/detail/uv_coordinate__functions.c
[2.827s] -- Up-to-date: /home/thomas/MobileRobot/ws_new/install/visualization_msgs/include/visualization_msgs/visualization_msgs/msg/detail/interactive_marker_init__type_support.h
[2.827s] -- Up-to-date: /home/thomas/MobileRobot/ws_new/install/visualization_msgs/include/visualization_msgs/visualization_msgs/msg/detail/menu_entry__type_support.h
[2.827s] -- Up-to-date: /home/thomas/MobileRobot/ws_new/install/visualization_msgs/include/visualization_msgs/visualization_msgs/msg/detail/interactive_marker_control__type_support.h
[2.828s] -- Up-to-date: /home/thomas/MobileRobot/ws_new/install/visualization_msgs/include/visualization_msgs/visualization_msgs/msg/detail/interactive_marker_update__description.c
[2.828s] -- Up-to-date: /home/thomas/MobileRobot/ws_new/install/visualization_msgs/include/visualization_msgs/visualization_msgs/msg/detail/interactive_marker_control__description.c
[2.828s] -- Installing: /home/thomas/MobileRobot/ws_new/install/visualization_msgs/include/visualization_msgs/visualization_msgs/msg/detail/menu_entry__type_support.c
[2.828s] -- Up-to-date: /home/thomas/MobileRobot/ws_new/install/visualization_msgs/include/visualization_msgs/visualization_msgs/msg/detail/image_marker__type_support.h
[2.828s] -- Up-to-date: /home/thomas/MobileRobot/ws_new/install/visualization_msgs/include/visualization_msgs/visualization_msgs/msg/detail/marker_array__functions.h
[2.828s] -- Up-to-date: /home/thomas/MobileRobot/ws_new/install/visualization_msgs/include/visualization_msgs/visualization_msgs/msg/interactive_marker_init.h
[2.828s] -- Up-to-date: /home/thomas/MobileRobot/ws_new/install/visualization_msgs/include/visualization_msgs/visualization_msgs/msg/marker_array.h
[2.828s] -- Up-to-date: /home/thomas/MobileRobot/ws_new/install/visualization_msgs/include/visualization_msgs/visualization_msgs/msg/mesh_file.h
[2.828s] -- Up-to-date: /home/thomas/MobileRobot/ws_new/install/visualization_msgs/include/visualization_msgs/visualization_msgs/msg/menu_entry.h
[2.829s] -- Up-to-date: /home/thomas/MobileRobot/ws_new/install/visualization_msgs/include/visualization_msgs/visualization_msgs/msg/interactive_marker_update.h
[2.829s] -- Up-to-date: /home/thomas/MobileRobot/ws_new/install/visualization_msgs/include/visualization_msgs/visualization_msgs/msg/marker.h
[2.829s] -- Up-to-date: /home/thomas/MobileRobot/ws_new/install/visualization_msgs/include/visualization_msgs/visualization_msgs/msg/rosidl_generator_c__visibility_control.h
[2.829s] -- Up-to-date: /home/thomas/MobileRobot/ws_new/install/visualization_msgs/include/visualization_msgs/visualization_msgs/msg/interactive_marker_pose.h
[2.829s] -- Up-to-date: /home/thomas/MobileRobot/ws_new/install/visualization_msgs/include/visualization_msgs/visualization_msgs/msg/uv_coordinate.h
[2.829s] -- Up-to-date: /home/thomas/MobileRobot/ws_new/install/visualization_msgs/include/visualization_msgs/visualization_msgs/msg/interactive_marker.h
[2.829s] -- Up-to-date: /home/thomas/MobileRobot/ws_new/install/visualization_msgs/include/visualization_msgs/visualization_msgs/msg/interactive_marker_control.h
[2.829s] -- Up-to-date: /home/thomas/MobileRobot/ws_new/install/visualization_msgs/include/visualization_msgs/visualization_msgs/msg/image_marker.h
[2.829s] -- Up-to-date: /home/thomas/MobileRobot/ws_new/install/visualization_msgs/include/visualization_msgs/visualization_msgs/msg/interactive_marker_feedback.h
[2.829s] -- Up-to-date: /home/thomas/MobileRobot/ws_new/install/visualization_msgs/share/visualization_msgs/environment/library_path.sh
[2.829s] -- Up-to-date: /home/thomas/MobileRobot/ws_new/install/visualization_msgs/share/visualization_msgs/environment/library_path.dsv
[2.845s] -- Up-to-date: /home/thomas/MobileRobot/ws_new/install/visualization_msgs/lib/libvisualization_msgs__rosidl_generator_c.so
[2.847s] -- Up-to-date: /home/thomas/MobileRobot/ws_new/install/visualization_msgs/include/visualization_msgs/visualization_msgs
[2.847s] -- Up-to-date: /home/thomas/MobileRobot/ws_new/install/visualization_msgs/include/visualization_msgs/visualization_msgs/srv
[2.847s] -- Up-to-date: /home/thomas/MobileRobot/ws_new/install/visualization_msgs/include/visualization_msgs/visualization_msgs/srv/detail
[2.847s] -- Up-to-date: /home/thomas/MobileRobot/ws_new/install/visualization_msgs/include/visualization_msgs/visualization_msgs/srv/detail/get_interactive_markers__rosidl_typesupport_fastrtps_c.h
[2.847s] -- Up-to-date: /home/thomas/MobileRobot/ws_new/install/visualization_msgs/include/visualization_msgs/visualization_msgs/msg
[2.847s] -- Up-to-date: /home/thomas/MobileRobot/ws_new/install/visualization_msgs/include/visualization_msgs/visualization_msgs/msg/detail
[2.848s] -- Up-to-date: /home/thomas/MobileRobot/ws_new/install/visualization_msgs/include/visualization_msgs/visualization_msgs/msg/detail/interactive_marker__rosidl_typesupport_fastrtps_c.h
[2.848s] -- Up-to-date: /home/thomas/MobileRobot/ws_new/install/visualization_msgs/include/visualization_msgs/visualization_msgs/msg/detail/interactive_marker_update__rosidl_typesupport_fastrtps_c.h
[2.848s] -- Up-to-date: /home/thomas/MobileRobot/ws_new/install/visualization_msgs/include/visualization_msgs/visualization_msgs/msg/detail/interactive_marker_control__rosidl_typesupport_fastrtps_c.h
[2.848s] -- Up-to-date: /home/thomas/MobileRobot/ws_new/install/visualization_msgs/include/visualization_msgs/visualization_msgs/msg/detail/image_marker__rosidl_typesupport_fastrtps_c.h
[2.848s] -- Up-to-date: /home/thomas/MobileRobot/ws_new/install/visualization_msgs/include/visualization_msgs/visualization_msgs/msg/detail/uv_coordinate__rosidl_typesupport_fastrtps_c.h
[2.848s] -- Up-to-date: /home/thomas/MobileRobot/ws_new/install/visualization_msgs/include/visualization_msgs/visualization_msgs/msg/detail/interactive_marker_pose__rosidl_typesupport_fastrtps_c.h
[2.848s] -- Up-to-date: /home/thomas/MobileRobot/ws_new/install/visualization_msgs/include/visualization_msgs/visualization_msgs/msg/detail/mesh_file__rosidl_typesupport_fastrtps_c.h
[2.848s] -- Up-to-date: /home/thomas/MobileRobot/ws_new/install/visualization_msgs/include/visualization_msgs/visualization_msgs/msg/detail/interactive_marker_feedback__rosidl_typesupport_fastrtps_c.h
[2.848s] -- Up-to-date: /home/thomas/MobileRobot/ws_new/install/visualization_msgs/include/visualization_msgs/visualization_msgs/msg/detail/marker__rosidl_typesupport_fastrtps_c.h
[2.849s] -- Up-to-date: /home/thomas/MobileRobot/ws_new/install/visualization_msgs/include/visualization_msgs/visualization_msgs/msg/detail/interactive_marker_init__rosidl_typesupport_fastrtps_c.h
[2.849s] -- Up-to-date: /home/thomas/MobileRobot/ws_new/install/visualization_msgs/include/visualization_msgs/visualization_msgs/msg/detail/marker_array__rosidl_typesupport_fastrtps_c.h
[2.849s] -- Up-to-date: /home/thomas/MobileRobot/ws_new/install/visualization_msgs/include/visualization_msgs/visualization_msgs/msg/detail/menu_entry__rosidl_typesupport_fastrtps_c.h
[2.849s] -- Up-to-date: /home/thomas/MobileRobot/ws_new/install/visualization_msgs/include/visualization_msgs/visualization_msgs/msg/rosidl_typesupport_fastrtps_c__visibility_control.h
[3.105s] -- Up-to-date: /home/thomas/MobileRobot/ws_new/install/visualization_msgs/lib/libvisualization_msgs__rosidl_typesupport_fastrtps_c.so
[3.109s] -- Up-to-date: /home/thomas/MobileRobot/ws_new/install/visualization_msgs/include/visualization_msgs/visualization_msgs
[3.109s] -- Up-to-date: /home/thomas/MobileRobot/ws_new/install/visualization_msgs/include/visualization_msgs/visualization_msgs/srv
[3.109s] -- Up-to-date: /home/thomas/MobileRobot/ws_new/install/visualization_msgs/include/visualization_msgs/visualization_msgs/srv/detail
[3.110s] -- Up-to-date: /home/thomas/MobileRobot/ws_new/install/visualization_msgs/include/visualization_msgs/visualization_msgs/srv/detail/get_interactive_markers__struct.hpp
[3.110s] -- Up-to-date: /home/thomas/MobileRobot/ws_new/install/visualization_msgs/include/visualization_msgs/visualization_msgs/srv/detail/get_interactive_markers__traits.hpp
[3.110s] -- Up-to-date: /home/thomas/MobileRobot/ws_new/install/visualization_msgs/include/visualization_msgs/visualization_msgs/srv/detail/get_interactive_markers__type_support.hpp
[3.110s] -- Up-to-date: /home/thomas/MobileRobot/ws_new/install/visualization_msgs/include/visualization_msgs/visualization_msgs/srv/detail/get_interactive_markers__builder.hpp
[3.111s] -- Up-to-date: /home/thomas/MobileRobot/ws_new/install/visualization_msgs/include/visualization_msgs/visualization_msgs/srv/get_interactive_markers.hpp
[3.111s] -- Up-to-date: /home/thomas/MobileRobot/ws_new/install/visualization_msgs/include/visualization_msgs/visualization_msgs/msg
[3.111s] -- Up-to-date: /home/thomas/MobileRobot/ws_new/install/visualization_msgs/include/visualization_msgs/visualization_msgs/msg/detail
[3.111s] -- Up-to-date: /home/thomas/MobileRobot/ws_new/install/visualization_msgs/include/visualization_msgs/visualization_msgs/msg/detail/mesh_file__builder.hpp
[3.112s] -- Up-to-date: /home/thomas/MobileRobot/ws_new/install/visualization_msgs/include/visualization_msgs/visualization_msgs/msg/detail/mesh_file__traits.hpp
[3.112s] -- Up-to-date: /home/thomas/MobileRobot/ws_new/install/visualization_msgs/include/visualization_msgs/visualization_msgs/msg/detail/interactive_marker_feedback__type_support.hpp
[3.112s] -- Up-to-date: /home/thomas/MobileRobot/ws_new/install/visualization_msgs/include/visualization_msgs/visualization_msgs/msg/detail/interactive_marker_init__traits.hpp
[3.113s] -- Up-to-date: /home/thomas/MobileRobot/ws_new/install/visualization_msgs/include/visualization_msgs/visualization_msgs/msg/detail/interactive_marker_control__type_support.hpp
[3.113s] -- Up-to-date: /home/thomas/MobileRobot/ws_new/install/visualization_msgs/include/visualization_msgs/visualization_msgs/msg/detail/interactive_marker_update__builder.hpp
[3.113s] -- Up-to-date: /home/thomas/MobileRobot/ws_new/install/visualization_msgs/include/visualization_msgs/visualization_msgs/msg/detail/image_marker__builder.hpp
[3.113s] -- Up-to-date: /home/thomas/MobileRobot/ws_new/install/visualization_msgs/include/visualization_msgs/visualization_msgs/msg/detail/uv_coordinate__type_support.hpp
[3.114s] -- Up-to-date: /home/thomas/MobileRobot/ws_new/install/visualization_msgs/include/visualization_msgs/visualization_msgs/msg/detail/image_marker__struct.hpp
[3.114s] -- Up-to-date: /home/thomas/MobileRobot/ws_new/install/visualization_msgs/include/visualization_msgs/visualization_msgs/msg/detail/interactive_marker_init__builder.hpp
[3.114s] -- Up-to-date: /home/thomas/MobileRobot/ws_new/install/visualization_msgs/include/visualization_msgs/visualization_msgs/msg/detail/marker__builder.hpp
[3.114s] -- Up-to-date: /home/thomas/MobileRobot/ws_new/install/visualization_msgs/include/visualization_msgs/visualization_msgs/msg/detail/marker_array__builder.hpp
[3.114s] -- Up-to-date: /home/thomas/MobileRobot/ws_new/install/visualization_msgs/include/visualization_msgs/visualization_msgs/msg/detail/interactive_marker_update__traits.hpp
[3.114s] -- Up-to-date: /home/thomas/MobileRobot/ws_new/install/visualization_msgs/include/visualization_msgs/visualization_msgs/msg/detail/uv_coordinate__traits.hpp
[3.115s] -- Up-to-date: /home/thomas/MobileRobot/ws_new/install/visualization_msgs/include/visualization_msgs/visualization_msgs/msg/detail/menu_entry__struct.hpp
[3.115s] -- Up-to-date: /home/thomas/MobileRobot/ws_new/install/visualization_msgs/include/visualization_msgs/visualization_msgs/msg/detail/menu_entry__traits.hpp
[3.115s] -- Up-to-date: /home/thomas/MobileRobot/ws_new/install/visualization_msgs/include/visualization_msgs/visualization_msgs/msg/detail/image_marker__type_support.hpp
[3.115s] -- Up-to-date: /home/thomas/MobileRobot/ws_new/install/visualization_msgs/include/visualization_msgs/visualization_msgs/msg/detail/marker__struct.hpp
[3.115s] -- Up-to-date: /home/thomas/MobileRobot/ws_new/install/visualization_msgs/include/visualization_msgs/visualization_msgs/msg/detail/interactive_marker_init__struct.hpp
[3.116s] -- Up-to-date: /home/thomas/MobileRobot/ws_new/install/visualization_msgs/include/visualization_msgs/visualization_msgs/msg/detail/interactive_marker_control__builder.hpp
[3.116s] -- Up-to-date: /home/thomas/MobileRobot/ws_new/install/visualization_msgs/include/visualization_msgs/visualization_msgs/msg/detail/interactive_marker_pose__builder.hpp
[3.116s] -- Up-to-date: /home/thomas/MobileRobot/ws_new/install/visualization_msgs/include/visualization_msgs/visualization_msgs/msg/detail/menu_entry__type_support.hpp
[3.116s] -- Up-to-date: /home/thomas/MobileRobot/ws_new/install/visualization_msgs/include/visualization_msgs/visualization_msgs/msg/detail/interactive_marker_pose__traits.hpp
[3.116s] -- Up-to-date: /home/thomas/MobileRobot/ws_new/install/visualization_msgs/include/visualization_msgs/visualization_msgs/msg/detail/interactive_marker_update__type_support.hpp
[3.117s] -- Up-to-date: /home/thomas/MobileRobot/ws_new/install/visualization_msgs/include/visualization_msgs/visualization_msgs/msg/detail/marker_array__type_support.hpp
[3.117s] -- Up-to-date: /home/thomas/MobileRobot/ws_new/install/visualization_msgs/include/visualization_msgs/visualization_msgs/msg/detail/mesh_file__type_support.hpp
[3.117s] -- Up-to-date: /home/thomas/MobileRobot/ws_new/install/visualization_msgs/include/visualization_msgs/visualization_msgs/msg/detail/marker__traits.hpp
[3.117s] -- Up-to-date: /home/thomas/MobileRobot/ws_new/install/visualization_msgs/include/visualization_msgs/visualization_msgs/msg/detail/interactive_marker_pose__type_support.hpp
[3.117s] -- Up-to-date: /home/thomas/MobileRobot/ws_new/install/visualization_msgs/include/visualization_msgs/visualization_msgs/msg/detail/interactive_marker_update__struct.hpp
[3.117s] -- Up-to-date: /home/thomas/MobileRobot/ws_new/install/visualization_msgs/include/visualization_msgs/visualization_msgs/msg/detail/mesh_file__struct.hpp
[3.118s] -- Up-to-date: /home/thomas/MobileRobot/ws_new/install/visualization_msgs/include/visualization_msgs/visualization_msgs/msg/detail/interactive_marker_control__traits.hpp
[3.118s] -- Up-to-date: /home/thomas/MobileRobot/ws_new/install/visualization_msgs/include/visualization_msgs/visualization_msgs/msg/detail/marker__type_support.hpp
[3.118s] -- Up-to-date: /home/thomas/MobileRobot/ws_new/install/visualization_msgs/include/visualization_msgs/visualization_msgs/msg/detail/menu_entry__builder.hpp
[3.118s] -- Up-to-date: /home/thomas/MobileRobot/ws_new/install/visualization_msgs/include/visualization_msgs/visualization_msgs/msg/detail/interactive_marker_feedback__builder.hpp
[3.118s] -- Up-to-date: /home/thomas/MobileRobot/ws_new/install/visualization_msgs/include/visualization_msgs/visualization_msgs/msg/detail/interactive_marker_control__struct.hpp
[3.119s] -- Up-to-date: /home/thomas/MobileRobot/ws_new/install/visualization_msgs/include/visualization_msgs/visualization_msgs/msg/detail/interactive_marker_pose__struct.hpp
[3.119s] -- Up-to-date: /home/thomas/MobileRobot/ws_new/install/visualization_msgs/include/visualization_msgs/visualization_msgs/msg/detail/marker_array__traits.hpp
[3.119s] -- Up-to-date: /home/thomas/MobileRobot/ws_new/install/visualization_msgs/include/visualization_msgs/visualization_msgs/msg/detail/uv_coordinate__builder.hpp
[3.119s] -- Up-to-date: /home/thomas/MobileRobot/ws_new/install/visualization_msgs/include/visualization_msgs/visualization_msgs/msg/detail/marker_array__struct.hpp
[3.120s] -- Up-to-date: /home/thomas/MobileRobot/ws_new/install/visualization_msgs/include/visualization_msgs/visualization_msgs/msg/detail/interactive_marker_feedback__traits.hpp
[3.120s] -- Up-to-date: /home/thomas/MobileRobot/ws_new/install/visualization_msgs/include/visualization_msgs/visualization_msgs/msg/detail/interactive_marker__traits.hpp
[3.120s] -- Up-to-date: /home/thomas/MobileRobot/ws_new/install/visualization_msgs/include/visualization_msgs/visualization_msgs/msg/detail/interactive_marker_init__type_support.hpp
[3.120s] -- Up-to-date: /home/thomas/MobileRobot/ws_new/install/visualization_msgs/include/visualization_msgs/visualization_msgs/msg/detail/image_marker__traits.hpp
[3.120s] -- Up-to-date: /home/thomas/MobileRobot/ws_new/install/visualization_msgs/include/visualization_msgs/visualization_msgs/msg/detail/uv_coordinate__struct.hpp
[3.121s] -- Up-to-date: /home/thomas/MobileRobot/ws_new/install/visualization_msgs/include/visualization_msgs/visualization_msgs/msg/detail/interactive_marker__type_support.hpp
[3.121s] -- Up-to-date: /home/thomas/MobileRobot/ws_new/install/visualization_msgs/include/visualization_msgs/visualization_msgs/msg/detail/interactive_marker__struct.hpp
[3.121s] -- Up-to-date: /home/thomas/MobileRobot/ws_new/install/visualization_msgs/include/visualization_msgs/visualization_msgs/msg/detail/interactive_marker__builder.hpp
[3.121s] -- Up-to-date: /home/thomas/MobileRobot/ws_new/install/visualization_msgs/include/visualization_msgs/visualization_msgs/msg/detail/interactive_marker_feedback__struct.hpp
[3.121s] -- Up-to-date: /home/thomas/MobileRobot/ws_new/install/visualization_msgs/include/visualization_msgs/visualization_msgs/msg/interactive_marker_control.hpp
[3.121s] -- Up-to-date: /home/thomas/MobileRobot/ws_new/install/visualization_msgs/include/visualization_msgs/visualization_msgs/msg/image_marker.hpp
[3.122s] -- Up-to-date: /home/thomas/MobileRobot/ws_new/install/visualization_msgs/include/visualization_msgs/visualization_msgs/msg/marker_array.hpp
[3.122s] -- Up-to-date: /home/thomas/MobileRobot/ws_new/install/visualization_msgs/include/visualization_msgs/visualization_msgs/msg/interactive_marker_update.hpp
[3.122s] -- Up-to-date: /home/thomas/MobileRobot/ws_new/install/visualization_msgs/include/visualization_msgs/visualization_msgs/msg/interactive_marker.hpp
[3.122s] -- Up-to-date: /home/thomas/MobileRobot/ws_new/install/visualization_msgs/include/visualization_msgs/visualization_msgs/msg/uv_coordinate.hpp
[3.122s] -- Up-to-date: /home/thomas/MobileRobot/ws_new/install/visualization_msgs/include/visualization_msgs/visualization_msgs/msg/mesh_file.hpp
[3.123s] -- Up-to-date: /home/thomas/MobileRobot/ws_new/install/visualization_msgs/include/visualization_msgs/visualization_msgs/msg/menu_entry.hpp
[3.123s] -- Up-to-date: /home/thomas/MobileRobot/ws_new/install/visualization_msgs/include/visualization_msgs/visualization_msgs/msg/marker.hpp
[3.123s] -- Up-to-date: /home/thomas/MobileRobot/ws_new/install/visualization_msgs/include/visualization_msgs/visualization_msgs/msg/rosidl_generator_cpp__visibility_control.hpp
[3.123s] -- Up-to-date: /home/thomas/MobileRobot/ws_new/install/visualization_msgs/include/visualization_msgs/visualization_msgs/msg/interactive_marker_feedback.hpp
[3.123s] -- Up-to-date: /home/thomas/MobileRobot/ws_new/install/visualization_msgs/include/visualization_msgs/visualization_msgs/msg/interactive_marker_init.hpp
[3.124s] -- Up-to-date: /home/thomas/MobileRobot/ws_new/install/visualization_msgs/include/visualization_msgs/visualization_msgs/msg/interactive_marker_pose.hpp
[3.124s] -- Up-to-date: /home/thomas/MobileRobot/ws_new/install/visualization_msgs/include/visualization_msgs/visualization_msgs
[3.124s] -- Up-to-date: /home/thomas/MobileRobot/ws_new/install/visualization_msgs/include/visualization_msgs/visualization_msgs/srv
[3.124s] -- Up-to-date: /home/thomas/MobileRobot/ws_new/install/visualization_msgs/include/visualization_msgs/visualization_msgs/srv/detail
[3.124s] -- Up-to-date: /home/thomas/MobileRobot/ws_new/install/visualization_msgs/include/visualization_msgs/visualization_msgs/srv/detail/get_interactive_markers__rosidl_typesupport_fastrtps_cpp.hpp
[3.125s] -- Up-to-date: /home/thomas/MobileRobot/ws_new/install/visualization_msgs/include/visualization_msgs/visualization_msgs/srv/detail/dds_fastrtps
[3.125s] -- Up-to-date: /home/thomas/MobileRobot/ws_new/install/visualization_msgs/include/visualization_msgs/visualization_msgs/msg
[3.125s] -- Up-to-date: /home/thomas/MobileRobot/ws_new/install/visualization_msgs/include/visualization_msgs/visualization_msgs/msg/detail
[3.125s] -- Up-to-date: /home/thomas/MobileRobot/ws_new/install/visualization_msgs/include/visualization_msgs/visualization_msgs/msg/detail/interactive_marker_feedback__rosidl_typesupport_fastrtps_cpp.hpp
[3.125s] -- Up-to-date: /home/thomas/MobileRobot/ws_new/install/visualization_msgs/include/visualization_msgs/visualization_msgs/msg/detail/interactive_marker_update__rosidl_typesupport_fastrtps_cpp.hpp
[3.125s] -- Up-to-date: /home/thomas/MobileRobot/ws_new/install/visualization_msgs/include/visualization_msgs/visualization_msgs/msg/detail/interactive_marker__rosidl_typesupport_fastrtps_cpp.hpp
[3.126s] -- Up-to-date: /home/thomas/MobileRobot/ws_new/install/visualization_msgs/include/visualization_msgs/visualization_msgs/msg/detail/marker_array__rosidl_typesupport_fastrtps_cpp.hpp
[3.126s] -- Up-to-date: /home/thomas/MobileRobot/ws_new/install/visualization_msgs/include/visualization_msgs/visualization_msgs/msg/detail/uv_coordinate__rosidl_typesupport_fastrtps_cpp.hpp
[3.126s] -- Up-to-date: /home/thomas/MobileRobot/ws_new/install/visualization_msgs/include/visualization_msgs/visualization_msgs/msg/detail/mesh_file__rosidl_typesupport_fastrtps_cpp.hpp
[3.126s] -- Up-to-date: /home/thomas/MobileRobot/ws_new/install/visualization_msgs/include/visualization_msgs/visualization_msgs/msg/detail/interactive_marker_pose__rosidl_typesupport_fastrtps_cpp.hpp
[3.126s] -- Up-to-date: /home/thomas/MobileRobot/ws_new/install/visualization_msgs/include/visualization_msgs/visualization_msgs/msg/detail/interactive_marker_init__rosidl_typesupport_fastrtps_cpp.hpp
[3.127s] -- Up-to-date: /home/thomas/MobileRobot/ws_new/install/visualization_msgs/include/visualization_msgs/visualization_msgs/msg/detail/interactive_marker_control__rosidl_typesupport_fastrtps_cpp.hpp
[3.127s] -- Up-to-date: /home/thomas/MobileRobot/ws_new/install/visualization_msgs/include/visualization_msgs/visualization_msgs/msg/detail/menu_entry__rosidl_typesupport_fastrtps_cpp.hpp
[3.127s] -- Up-to-date: /home/thomas/MobileRobot/ws_new/install/visualization_msgs/include/visualization_msgs/visualization_msgs/msg/detail/marker__rosidl_typesupport_fastrtps_cpp.hpp
[3.127s] -- Up-to-date: /home/thomas/MobileRobot/ws_new/install/visualization_msgs/include/visualization_msgs/visualization_msgs/msg/detail/image_marker__rosidl_typesupport_fastrtps_cpp.hpp
[3.128s] -- Up-to-date: /home/thomas/MobileRobot/ws_new/install/visualization_msgs/include/visualization_msgs/visualization_msgs/msg/detail/dds_fastrtps
[3.128s] -- Up-to-date: /home/thomas/MobileRobot/ws_new/install/visualization_msgs/include/visualization_msgs/visualization_msgs/msg/rosidl_typesupport_fastrtps_cpp__visibility_control.h
[3.143s] -- Up-to-date: /home/thomas/MobileRobot/ws_new/install/visualization_msgs/lib/libvisualization_msgs__rosidl_typesupport_fastrtps_cpp.so
[3.144s] -- Up-to-date: /home/thomas/MobileRobot/ws_new/install/visualization_msgs/include/visualization_msgs/visualization_msgs
[3.144s] -- Up-to-date: /home/thomas/MobileRobot/ws_new/install/visualization_msgs/include/visualization_msgs/visualization_msgs/srv
[3.144s] -- Up-to-date: /home/thomas/MobileRobot/ws_new/install/visualization_msgs/include/visualization_msgs/visualization_msgs/srv/detail
[3.144s] -- Up-to-date: /home/thomas/MobileRobot/ws_new/install/visualization_msgs/include/visualization_msgs/visualization_msgs/srv/detail/get_interactive_markers__rosidl_typesupport_introspection_c.h
[3.144s] -- Installing: /home/thomas/MobileRobot/ws_new/install/visualization_msgs/include/visualization_msgs/visualization_msgs/srv/detail/get_interactive_markers__type_support.c
[3.173s] -- Up-to-date: /home/thomas/MobileRobot/ws_new/install/visualization_msgs/include/visualization_msgs/visualization_msgs/msg
[3.174s] -- Up-to-date: /home/thomas/MobileRobot/ws_new/install/visualization_msgs/include/visualization_msgs/visualization_msgs/msg/detail
[3.174s] -- Installing: /home/thomas/MobileRobot/ws_new/install/visualization_msgs/include/visualization_msgs/visualization_msgs/msg/detail/interactive_marker_control__type_support.c
[3.201s] -- Installing: /home/thomas/MobileRobot/ws_new/install/visualization_msgs/include/visualization_msgs/visualization_msgs/msg/detail/image_marker__type_support.c
[3.223s] -- Installing: /home/thomas/MobileRobot/ws_new/install/visualization_msgs/include/visualization_msgs/visualization_msgs/msg/detail/interactive_marker_pose__type_support.c
[3.224s] -- Installing: /home/thomas/MobileRobot/ws_new/install/visualization_msgs/include/visualization_msgs/visualization_msgs/msg/detail/interactive_marker_update__type_support.c
[3.245s] -- Up-to-date: /home/thomas/MobileRobot/ws_new/install/visualization_msgs/include/visualization_msgs/visualization_msgs/msg/detail/marker__rosidl_typesupport_introspection_c.h
[3.246s] -- Up-to-date: /home/thomas/MobileRobot/ws_new/install/visualization_msgs/include/visualization_msgs/visualization_msgs/msg/detail/interactive_marker_pose__rosidl_typesupport_introspection_c.h
[3.246s] -- Installing: /home/thomas/MobileRobot/ws_new/install/visualization_msgs/include/visualization_msgs/visualization_msgs/msg/detail/marker_array__type_support.c
[3.247s] -- Up-to-date: /home/thomas/MobileRobot/ws_new/install/visualization_msgs/include/visualization_msgs/visualization_msgs/msg/detail/interactive_marker_control__rosidl_typesupport_introspection_c.h
[3.247s] -- Up-to-date: /home/thomas/MobileRobot/ws_new/install/visualization_msgs/include/visualization_msgs/visualization_msgs/msg/detail/mesh_file__rosidl_typesupport_introspection_c.h
[3.248s] -- Up-to-date: /home/thomas/MobileRobot/ws_new/install/visualization_msgs/include/visualization_msgs/visualization_msgs/msg/detail/uv_coordinate__rosidl_typesupport_introspection_c.h
[3.248s] -- Installing: /home/thomas/MobileRobot/ws_new/install/visualization_msgs/include/visualization_msgs/visualization_msgs/msg/detail/interactive_marker_feedback__type_support.c
[3.258s] -- Up-to-date: /home/thomas/MobileRobot/ws_new/install/visualization_msgs/include/visualization_msgs/visualization_msgs/msg/detail/interactive_marker_init__rosidl_typesupport_introspection_c.h
[3.258s] -- Installing: /home/thomas/MobileRobot/ws_new/install/visualization_msgs/include/visualization_msgs/visualization_msgs/msg/detail/marker__type_support.c
[3.259s] -- Installing: /home/thomas/MobileRobot/ws_new/install/visualization_msgs/include/visualization_msgs/visualization_msgs/msg/detail/mesh_file__type_support.c
[3.268s] -- Up-to-date: /home/thomas/MobileRobot/ws_new/install/visualization_msgs/include/visualization_msgs/visualization_msgs/msg/detail/image_marker__rosidl_typesupport_introspection_c.h
[3.268s] -- Installing: /home/thomas/MobileRobot/ws_new/install/visualization_msgs/include/visualization_msgs/visualization_msgs/msg/detail/interactive_marker_init__type_support.c
[3.271s] -- Installing: /home/thomas/MobileRobot/ws_new/install/visualization_msgs/include/visualization_msgs/visualization_msgs/msg/detail/interactive_marker__type_support.c
[3.272s] -- Up-to-date: /home/thomas/MobileRobot/ws_new/install/visualization_msgs/include/visualization_msgs/visualization_msgs/msg/detail/menu_entry__rosidl_typesupport_introspection_c.h
[3.272s] -- Installing: /home/thomas/MobileRobot/ws_new/install/visualization_msgs/include/visualization_msgs/visualization_msgs/msg/detail/uv_coordinate__type_support.c
[3.273s] -- Up-to-date: /home/thomas/MobileRobot/ws_new/install/visualization_msgs/include/visualization_msgs/visualization_msgs/msg/detail/interactive_marker_feedback__rosidl_typesupport_introspection_c.h
[3.274s] -- Up-to-date: /home/thomas/MobileRobot/ws_new/install/visualization_msgs/include/visualization_msgs/visualization_msgs/msg/detail/marker_array__rosidl_typesupport_introspection_c.h
[3.274s] -- Up-to-date: /home/thomas/MobileRobot/ws_new/install/visualization_msgs/include/visualization_msgs/visualization_msgs/msg/detail/interactive_marker__rosidl_typesupport_introspection_c.h
[3.274s] -- Installing: /home/thomas/MobileRobot/ws_new/install/visualization_msgs/include/visualization_msgs/visualization_msgs/msg/detail/menu_entry__type_support.c
[3.275s] -- Up-to-date: /home/thomas/MobileRobot/ws_new/install/visualization_msgs/include/visualization_msgs/visualization_msgs/msg/detail/interactive_marker_update__rosidl_typesupport_introspection_c.h
[3.276s] -- Up-to-date: /home/thomas/MobileRobot/ws_new/install/visualization_msgs/include/visualization_msgs/visualization_msgs/msg/rosidl_typesupport_introspection_c__visibility_control.h
[3.287s] -- Up-to-date: /home/thomas/MobileRobot/ws_new/install/visualization_msgs/lib/libvisualization_msgs__rosidl_typesupport_introspection_c.so
[3.307s] -- Up-to-date: /home/thomas/MobileRobot/ws_new/install/visualization_msgs/lib/libvisualization_msgs__rosidl_typesupport_c.so
[3.308s] -- Up-to-date: /home/thomas/MobileRobot/ws_new/install/visualization_msgs/include/visualization_msgs/visualization_msgs
[3.308s] -- Up-to-date: /home/thomas/MobileRobot/ws_new/install/visualization_msgs/include/visualization_msgs/visualization_msgs/srv
[3.309s] -- Up-to-date: /home/thomas/MobileRobot/ws_new/install/visualization_msgs/include/visualization_msgs/visualization_msgs/srv/detail
[3.309s] -- Up-to-date: /home/thomas/MobileRobot/ws_new/install/visualization_msgs/include/visualization_msgs/visualization_msgs/srv/detail/get_interactive_markers__rosidl_typesupport_introspection_cpp.hpp
[3.309s] -- Up-to-date: /home/thomas/MobileRobot/ws_new/install/visualization_msgs/include/visualization_msgs/visualization_msgs/srv/detail/get_interactive_markers__type_support.cpp
[3.310s] -- Up-to-date: /home/thomas/MobileRobot/ws_new/install/visualization_msgs/include/visualization_msgs/visualization_msgs/msg
[3.310s] -- Up-to-date: /home/thomas/MobileRobot/ws_new/install/visualization_msgs/include/visualization_msgs/visualization_msgs/msg/detail
[3.311s] -- Up-to-date: /home/thomas/MobileRobot/ws_new/install/visualization_msgs/include/visualization_msgs/visualization_msgs/msg/detail/image_marker__rosidl_typesupport_introspection_cpp.hpp
[3.312s] -- Up-to-date: /home/thomas/MobileRobot/ws_new/install/visualization_msgs/include/visualization_msgs/visualization_msgs/msg/detail/interactive_marker_control__rosidl_typesupport_introspection_cpp.hpp
[3.312s] -- Up-to-date: /home/thomas/MobileRobot/ws_new/install/visualization_msgs/include/visualization_msgs/visualization_msgs/msg/detail/interactive_marker_pose__type_support.cpp
[3.312s] -- Up-to-date: /home/thomas/MobileRobot/ws_new/install/visualization_msgs/include/visualization_msgs/visualization_msgs/msg/detail/uv_coordinate__rosidl_typesupport_introspection_cpp.hpp
[3.313s] -- Up-to-date: /home/thomas/MobileRobot/ws_new/install/visualization_msgs/include/visualization_msgs/visualization_msgs/msg/detail/marker_array__rosidl_typesupport_introspection_cpp.hpp
[3.313s] -- Up-to-date: /home/thomas/MobileRobot/ws_new/install/visualization_msgs/include/visualization_msgs/visualization_msgs/msg/detail/interactive_marker_update__rosidl_typesupport_introspection_cpp.hpp
[3.313s] -- Up-to-date: /home/thomas/MobileRobot/ws_new/install/visualization_msgs/include/visualization_msgs/visualization_msgs/msg/detail/mesh_file__rosidl_typesupport_introspection_cpp.hpp
[3.314s] -- Up-to-date: /home/thomas/MobileRobot/ws_new/install/visualization_msgs/include/visualization_msgs/visualization_msgs/msg/detail/interactive_marker_update__type_support.cpp
[3.314s] -- Up-to-date: /home/thomas/MobileRobot/ws_new/install/visualization_msgs/include/visualization_msgs/visualization_msgs/msg/detail/mesh_file__type_support.cpp
[3.314s] -- Up-to-date: /home/thomas/MobileRobot/ws_new/install/visualization_msgs/include/visualization_msgs/visualization_msgs/msg/detail/interactive_marker__type_support.cpp
[3.314s] -- Up-to-date: /home/thomas/MobileRobot/ws_new/install/visualization_msgs/include/visualization_msgs/visualization_msgs/msg/detail/uv_coordinate__type_support.cpp
[3.315s] -- Up-to-date: /home/thomas/MobileRobot/ws_new/install/visualization_msgs/include/visualization_msgs/visualization_msgs/msg/detail/marker__rosidl_typesupport_introspection_cpp.hpp
[3.315s] -- Up-to-date: /home/thomas/MobileRobot/ws_new/install/visualization_msgs/include/visualization_msgs/visualization_msgs/msg/detail/interactive_marker_pose__rosidl_typesupport_introspection_cpp.hpp
[3.315s] -- Up-to-date: /home/thomas/MobileRobot/ws_new/install/visualization_msgs/include/visualization_msgs/visualization_msgs/msg/detail/menu_entry__rosidl_typesupport_introspection_cpp.hpp
[3.316s] -- Up-to-date: /home/thomas/MobileRobot/ws_new/install/visualization_msgs/include/visualization_msgs/visualization_msgs/msg/detail/interactive_marker_init__type_support.cpp
[3.316s] -- Up-to-date: /home/thomas/MobileRobot/ws_new/install/visualization_msgs/include/visualization_msgs/visualization_msgs/msg/detail/interactive_marker_feedback__rosidl_typesupport_introspection_cpp.hpp
[3.316s] -- Up-to-date: /home/thomas/MobileRobot/ws_new/install/visualization_msgs/include/visualization_msgs/visualization_msgs/msg/detail/menu_entry__type_support.cpp
[3.316s] -- Up-to-date: /home/thomas/MobileRobot/ws_new/install/visualization_msgs/include/visualization_msgs/visualization_msgs/msg/detail/marker_array__type_support.cpp
[3.317s] -- Up-to-date: /home/thomas/MobileRobot/ws_new/install/visualization_msgs/include/visualization_msgs/visualization_msgs/msg/detail/interactive_marker_init__rosidl_typesupport_introspection_cpp.hpp
[3.317s] -- Up-to-date: /home/thomas/MobileRobot/ws_new/install/visualization_msgs/include/visualization_msgs/visualization_msgs/msg/detail/image_marker__type_support.cpp
[3.317s] -- Up-to-date: /home/thomas/MobileRobot/ws_new/install/visualization_msgs/include/visualization_msgs/visualization_msgs/msg/detail/interactive_marker_feedback__type_support.cpp
[3.317s] -- Up-to-date: /home/thomas/MobileRobot/ws_new/install/visualization_msgs/include/visualization_msgs/visualization_msgs/msg/detail/interactive_marker_control__type_support.cpp
[3.318s] -- Up-to-date: /home/thomas/MobileRobot/ws_new/install/visualization_msgs/include/visualization_msgs/visualization_msgs/msg/detail/interactive_marker__rosidl_typesupport_introspection_cpp.hpp
[3.318s] -- Up-to-date: /home/thomas/MobileRobot/ws_new/install/visualization_msgs/include/visualization_msgs/visualization_msgs/msg/detail/marker__type_support.cpp
[3.330s] -- Up-to-date: /home/thomas/MobileRobot/ws_new/install/visualization_msgs/lib/libvisualization_msgs__rosidl_typesupport_introspection_cpp.so
[3.359s] -- Up-to-date: /home/thomas/MobileRobot/ws_new/install/visualization_msgs/lib/libvisualization_msgs__rosidl_typesupport_cpp.so
[3.361s] -- Up-to-date: /home/thomas/MobileRobot/ws_new/install/visualization_msgs/share/visualization_msgs/environment/pythonpath.sh
[3.361s] -- Up-to-date: /home/thomas/MobileRobot/ws_new/install/visualization_msgs/share/visualization_msgs/environment/pythonpath.dsv
[3.394s] -- Up-to-date: /home/thomas/MobileRobot/ws_new/install/visualization_msgs/lib/python3.12/site-packages/visualization_msgs-5.3.6-py3.12.egg-info
[3.399s] -- Installing: /home/thomas/MobileRobot/ws_new/install/visualization_msgs/lib/python3.12/site-packages/visualization_msgs-5.3.6-py3.12.egg-info/top_level.txt
[3.399s] -- Installing: /home/thomas/MobileRobot/ws_new/install/visualization_msgs/lib/python3.12/site-packages/visualization_msgs-5.3.6-py3.12.egg-info/SOURCES.txt
[3.400s] -- Installing: /home/thomas/MobileRobot/ws_new/install/visualization_msgs/lib/python3.12/site-packages/visualization_msgs-5.3.6-py3.12.egg-info/dependency_links.txt
[3.401s] -- Installing: /home/thomas/MobileRobot/ws_new/install/visualization_msgs/lib/python3.12/site-packages/visualization_msgs-5.3.6-py3.12.egg-info/PKG-INFO
[3.401s] -- Up-to-date: /home/thomas/MobileRobot/ws_new/install/visualization_msgs/lib/python3.12/site-packages/visualization_msgs
[3.411s] -- Up-to-date: /home/thomas/MobileRobot/ws_new/install/visualization_msgs/lib/python3.12/site-packages/visualization_msgs/visualization_msgs_s__rosidl_typesupport_c.so
[3.412s] -- Up-to-date: /home/thomas/MobileRobot/ws_new/install/visualization_msgs/lib/python3.12/site-packages/visualization_msgs/__init__.py
[3.412s] -- Up-to-date: /home/thomas/MobileRobot/ws_new/install/visualization_msgs/lib/python3.12/site-packages/visualization_msgs/_visualization_msgs_s.ep.rosidl_typesupport_fastrtps_c.c
[3.413s] -- Up-to-date: /home/thomas/MobileRobot/ws_new/install/visualization_msgs/lib/python3.12/site-packages/visualization_msgs/srv
[3.413s] -- Up-to-date: /home/thomas/MobileRobot/ws_new/install/visualization_msgs/lib/python3.12/site-packages/visualization_msgs/srv/__init__.py
[3.414s] -- Up-to-date: /home/thomas/MobileRobot/ws_new/install/visualization_msgs/lib/python3.12/site-packages/visualization_msgs/srv/_get_interactive_markers.py
[3.416s] -- Up-to-date: /home/thomas/MobileRobot/ws_new/install/visualization_msgs/lib/python3.12/site-packages/visualization_msgs/srv/_get_interactive_markers_s.c
[3.416s] -- Up-to-date: /home/thomas/MobileRobot/ws_new/install/visualization_msgs/lib/python3.12/site-packages/visualization_msgs/visualization_msgs_s__rosidl_typesupport_fastrtps_c.so
[3.416s] -- Up-to-date: /home/thomas/MobileRobot/ws_new/install/visualization_msgs/lib/python3.12/site-packages/visualization_msgs/_visualization_msgs_s.ep.rosidl_typesupport_c.c
[3.416s] -- Up-to-date: /home/thomas/MobileRobot/ws_new/install/visualization_msgs/lib/python3.12/site-packages/visualization_msgs/_visualization_msgs_s.ep.rosidl_typesupport_introspection_c.c
[3.416s] -- Up-to-date: /home/thomas/MobileRobot/ws_new/install/visualization_msgs/lib/python3.12/site-packages/visualization_msgs/msg
[3.416s] -- Up-to-date: /home/thomas/MobileRobot/ws_new/install/visualization_msgs/lib/python3.12/site-packages/visualization_msgs/msg/_interactive_marker_control_s.c
[3.416s] -- Up-to-date: /home/thomas/MobileRobot/ws_new/install/visualization_msgs/lib/python3.12/site-packages/visualization_msgs/msg/_uv_coordinate_s.c
[3.416s] -- Up-to-date: /home/thomas/MobileRobot/ws_new/install/visualization_msgs/lib/python3.12/site-packages/visualization_msgs/msg/_interactive_marker_feedback_s.c
[3.417s] -- Up-to-date: /home/thomas/MobileRobot/ws_new/install/visualization_msgs/lib/python3.12/site-packages/visualization_msgs/msg/_image_marker_s.c
[3.417s] -- Up-to-date: /home/thomas/MobileRobot/ws_new/install/visualization_msgs/lib/python3.12/site-packages/visualization_msgs/msg/__init__.py
[3.417s] -- Up-to-date: /home/thomas/MobileRobot/ws_new/install/visualization_msgs/lib/python3.12/site-packages/visualization_msgs/msg/_marker_s.c
[3.417s] -- Up-to-date: /home/thomas/MobileRobot/ws_new/install/visualization_msgs/lib/python3.12/site-packages/visualization_msgs/msg/_interactive_marker_init.py
[3.417s] -- Up-to-date: /home/thomas/MobileRobot/ws_new/install/visualization_msgs/lib/python3.12/site-packages/visualization_msgs/msg/_marker_array_s.c
[3.417s] -- Up-to-date: /home/thomas/MobileRobot/ws_new/install/visualization_msgs/lib/python3.12/site-packages/visualization_msgs/msg/_interactive_marker_feedback.py
[3.417s] -- Up-to-date: /home/thomas/MobileRobot/ws_new/install/visualization_msgs/lib/python3.12/site-packages/visualization_msgs/msg/_interactive_marker_update.py
[3.417s] -- Up-to-date: /home/thomas/MobileRobot/ws_new/install/visualization_msgs/lib/python3.12/site-packages/visualization_msgs/msg/_marker_array.py
[3.417s] -- Up-to-date: /home/thomas/MobileRobot/ws_new/install/visualization_msgs/lib/python3.12/site-packages/visualization_msgs/msg/_mesh_file.py
[3.417s] -- Up-to-date: /home/thomas/MobileRobot/ws_new/install/visualization_msgs/lib/python3.12/site-packages/visualization_msgs/msg/_menu_entry.py
[3.417s] -- Up-to-date: /home/thomas/MobileRobot/ws_new/install/visualization_msgs/lib/python3.12/site-packages/visualization_msgs/msg/_interactive_marker_s.c
[3.417s] -- Up-to-date: /home/thomas/MobileRobot/ws_new/install/visualization_msgs/lib/python3.12/site-packages/visualization_msgs/msg/_uv_coordinate.py
[3.418s] -- Up-to-date: /home/thomas/MobileRobot/ws_new/install/visualization_msgs/lib/python3.12/site-packages/visualization_msgs/msg/_interactive_marker.py
[3.418s] -- Up-to-date: /home/thomas/MobileRobot/ws_new/install/visualization_msgs/lib/python3.12/site-packages/visualization_msgs/msg/_menu_entry_s.c
[3.418s] -- Up-to-date: /home/thomas/MobileRobot/ws_new/install/visualization_msgs/lib/python3.12/site-packages/visualization_msgs/msg/_marker.py
[3.418s] -- Up-to-date: /home/thomas/MobileRobot/ws_new/install/visualization_msgs/lib/python3.12/site-packages/visualization_msgs/msg/_interactive_marker_update_s.c
[3.418s] -- Up-to-date: /home/thomas/MobileRobot/ws_new/install/visualization_msgs/lib/python3.12/site-packages/visualization_msgs/msg/_interactive_marker_init_s.c
[3.418s] -- Up-to-date: /home/thomas/MobileRobot/ws_new/install/visualization_msgs/lib/python3.12/site-packages/visualization_msgs/msg/_interactive_marker_pose_s.c
[3.418s] -- Up-to-date: /home/thomas/MobileRobot/ws_new/install/visualization_msgs/lib/python3.12/site-packages/visualization_msgs/msg/_interactive_marker_pose.py
[3.418s] -- Up-to-date: /home/thomas/MobileRobot/ws_new/install/visualization_msgs/lib/python3.12/site-packages/visualization_msgs/msg/_image_marker.py
[3.418s] -- Up-to-date: /home/thomas/MobileRobot/ws_new/install/visualization_msgs/lib/python3.12/site-packages/visualization_msgs/msg/_mesh_file_s.c
[3.418s] -- Up-to-date: /home/thomas/MobileRobot/ws_new/install/visualization_msgs/lib/python3.12/site-packages/visualization_msgs/msg/_interactive_marker_control.py
[3.418s] -- Up-to-date: /home/thomas/MobileRobot/ws_new/install/visualization_msgs/lib/python3.12/site-packages/visualization_msgs/visualization_msgs_s__rosidl_typesupport_introspection_c.so
[3.521s] Listing '/home/thomas/MobileRobot/ws_new/install/visualization_msgs/lib/python3.12/site-packages/visualization_msgs'...
[3.521s] Listing '/home/thomas/MobileRobot/ws_new/install/visualization_msgs/lib/python3.12/site-packages/visualization_msgs/msg'...
[3.522s] Listing '/home/thomas/MobileRobot/ws_new/install/visualization_msgs/lib/python3.12/site-packages/visualization_msgs/srv'...
[3.539s] -- Up-to-date: /home/thomas/MobileRobot/ws_new/install/visualization_msgs/lib/python3.12/site-packages/visualization_msgs/visualization_msgs_s__rosidl_typesupport_fastrtps_c.so
[3.542s] -- Up-to-date: /home/thomas/MobileRobot/ws_new/install/visualization_msgs/lib/python3.12/site-packages/visualization_msgs/visualization_msgs_s__rosidl_typesupport_introspection_c.so
[3.545s] -- Up-to-date: /home/thomas/MobileRobot/ws_new/install/visualization_msgs/lib/python3.12/site-packages/visualization_msgs/visualization_msgs_s__rosidl_typesupport_c.so
[3.566s] -- Up-to-date: /home/thomas/MobileRobot/ws_new/install/visualization_msgs/lib/libvisualization_msgs__rosidl_generator_py.so
[3.568s] -- Up-to-date: /home/thomas/MobileRobot/ws_new/install/visualization_msgs/share/visualization_msgs/msg/ImageMarker.idl
[3.569s] -- Up-to-date: /home/thomas/MobileRobot/ws_new/install/visualization_msgs/share/visualization_msgs/msg/InteractiveMarker.idl
[3.569s] -- Up-to-date: /home/thomas/MobileRobot/ws_new/install/visualization_msgs/share/visualization_msgs/msg/InteractiveMarkerControl.idl
[3.570s] -- Up-to-date: /home/thomas/MobileRobot/ws_new/install/visualization_msgs/share/visualization_msgs/msg/InteractiveMarkerFeedback.idl
[3.570s] -- Up-to-date: /home/thomas/MobileRobot/ws_new/install/visualization_msgs/share/visualization_msgs/msg/InteractiveMarkerInit.idl
[3.570s] -- Up-to-date: /home/thomas/MobileRobot/ws_new/install/visualization_msgs/share/visualization_msgs/msg/InteractiveMarkerPose.idl
[3.571s] -- Up-to-date: /home/thomas/MobileRobot/ws_new/install/visualization_msgs/share/visualization_msgs/msg/InteractiveMarkerUpdate.idl
[3.572s] -- Up-to-date: /home/thomas/MobileRobot/ws_new/install/visualization_msgs/share/visualization_msgs/msg/Marker.idl
[3.572s] -- Up-to-date: /home/thomas/MobileRobot/ws_new/install/visualization_msgs/share/visualization_msgs/msg/MarkerArray.idl
[3.573s] -- Up-to-date: /home/thomas/MobileRobot/ws_new/install/visualization_msgs/share/visualization_msgs/msg/MenuEntry.idl
[3.574s] -- Up-to-date: /home/thomas/MobileRobot/ws_new/install/visualization_msgs/share/visualization_msgs/msg/MeshFile.idl
[3.575s] -- Up-to-date: /home/thomas/MobileRobot/ws_new/install/visualization_msgs/share/visualization_msgs/msg/UVCoordinate.idl
[3.575s] -- Up-to-date: /home/thomas/MobileRobot/ws_new/install/visualization_msgs/share/visualization_msgs/srv/GetInteractiveMarkers.idl
[3.576s] -- Up-to-date: /home/thomas/MobileRobot/ws_new/install/visualization_msgs/share/visualization_msgs/msg/ImageMarker.msg
[3.576s] -- Up-to-date: /home/thomas/MobileRobot/ws_new/install/visualization_msgs/share/visualization_msgs/msg/InteractiveMarker.msg
[3.577s] -- Up-to-date: /home/thomas/MobileRobot/ws_new/install/visualization_msgs/share/visualization_msgs/msg/InteractiveMarkerControl.msg
[3.577s] -- Up-to-date: /home/thomas/MobileRobot/ws_new/install/visualization_msgs/share/visualization_msgs/msg/InteractiveMarkerFeedback.msg
[3.577s] -- Up-to-date: /home/thomas/MobileRobot/ws_new/install/visualization_msgs/share/visualization_msgs/msg/InteractiveMarkerInit.msg
[3.578s] -- Up-to-date: /home/thomas/MobileRobot/ws_new/install/visualization_msgs/share/visualization_msgs/msg/InteractiveMarkerPose.msg
[3.578s] -- Up-to-date: /home/thomas/MobileRobot/ws_new/install/visualization_msgs/share/visualization_msgs/msg/InteractiveMarkerUpdate.msg
[3.578s] -- Up-to-date: /home/thomas/MobileRobot/ws_new/install/visualization_msgs/share/visualization_msgs/msg/Marker.msg
[3.579s] -- Up-to-date: /home/thomas/MobileRobot/ws_new/install/visualization_msgs/share/visualization_msgs/msg/MarkerArray.msg
[3.579s] -- Up-to-date: /home/thomas/MobileRobot/ws_new/install/visualization_msgs/share/visualization_msgs/msg/MenuEntry.msg
[3.579s] -- Up-to-date: /home/thomas/MobileRobot/ws_new/install/visualization_msgs/share/visualization_msgs/msg/MeshFile.msg
[3.580s] -- Up-to-date: /home/thomas/MobileRobot/ws_new/install/visualization_msgs/share/visualization_msgs/msg/UVCoordinate.msg
[3.580s] -- Up-to-date: /home/thomas/MobileRobot/ws_new/install/visualization_msgs/share/visualization_msgs/srv/GetInteractiveMarkers.srv
[3.581s] -- Up-to-date: /home/thomas/MobileRobot/ws_new/install/visualization_msgs/share/ament_index/resource_index/package_run_dependencies/visualization_msgs
[3.581s] -- Up-to-date: /home/thomas/MobileRobot/ws_new/install/visualization_msgs/share/ament_index/resource_index/parent_prefix_path/visualization_msgs
[3.581s] -- Up-to-date: /home/thomas/MobileRobot/ws_new/install/visualization_msgs/share/visualization_msgs/environment/ament_prefix_path.sh
[3.582s] -- Up-to-date: /home/thomas/MobileRobot/ws_new/install/visualization_msgs/share/visualization_msgs/environment/ament_prefix_path.dsv
[3.582s] -- Up-to-date: /home/thomas/MobileRobot/ws_new/install/visualization_msgs/share/visualization_msgs/environment/path.sh
[3.583s] -- Up-to-date: /home/thomas/MobileRobot/ws_new/install/visualization_msgs/share/visualization_msgs/environment/path.dsv
[3.583s] -- Up-to-date: /home/thomas/MobileRobot/ws_new/install/visualization_msgs/share/visualization_msgs/local_setup.bash
[3.584s] -- Up-to-date: /home/thomas/MobileRobot/ws_new/install/visualization_msgs/share/visualization_msgs/local_setup.sh
[3.584s] -- Up-to-date: /home/thomas/MobileRobot/ws_new/install/visualization_msgs/share/visualization_msgs/local_setup.zsh
[3.584s] -- Up-to-date: /home/thomas/MobileRobot/ws_new/install/visualization_msgs/share/visualization_msgs/local_setup.dsv
[3.585s] -- Installing: /home/thomas/MobileRobot/ws_new/install/visualization_msgs/share/visualization_msgs/package.dsv
[3.600s] -- Up-to-date: /home/thomas/MobileRobot/ws_new/install/visualization_msgs/share/ament_index/resource_index/packages/visualization_msgs
[3.640s] -- Up-to-date: /home/thomas/MobileRobot/ws_new/install/visualization_msgs/share/visualization_msgs/cmake/export_visualization_msgs__rosidl_generator_cExport.cmake
[3.640s] -- Up-to-date: /home/thomas/MobileRobot/ws_new/install/visualization_msgs/share/visualization_msgs/cmake/export_visualization_msgs__rosidl_generator_cExport-noconfig.cmake
[3.642s] -- Up-to-date: /home/thomas/MobileRobot/ws_new/install/visualization_msgs/share/visualization_msgs/cmake/export_visualization_msgs__rosidl_typesupport_fastrtps_cExport.cmake
[3.643s] -- Up-to-date: /home/thomas/MobileRobot/ws_new/install/visualization_msgs/share/visualization_msgs/cmake/export_visualization_msgs__rosidl_typesupport_fastrtps_cExport-noconfig.cmake
[3.643s] -- Up-to-date: /home/thomas/MobileRobot/ws_new/install/visualization_msgs/share/visualization_msgs/cmake/export_visualization_msgs__rosidl_generator_cppExport.cmake
[3.644s] -- Up-to-date: /home/thomas/MobileRobot/ws_new/install/visualization_msgs/share/visualization_msgs/cmake/export_visualization_msgs__rosidl_typesupport_fastrtps_cppExport.cmake
[3.644s] -- Up-to-date: /home/thomas/MobileRobot/ws_new/install/visualization_msgs/share/visualization_msgs/cmake/export_visualization_msgs__rosidl_typesupport_fastrtps_cppExport-noconfig.cmake
[3.644s] -- Up-to-date: /home/thomas/MobileRobot/ws_new/install/visualization_msgs/share/visualization_msgs/cmake/visualization_msgs__rosidl_typesupport_introspection_cExport.cmake
[3.646s] -- Up-to-date: /home/thomas/MobileRobot/ws_new/install/visualization_msgs/share/visualization_msgs/cmake/visualization_msgs__rosidl_typesupport_introspection_cExport-noconfig.cmake
[3.647s] -- Up-to-date: /home/thomas/MobileRobot/ws_new/install/visualization_msgs/share/visualization_msgs/cmake/visualization_msgs__rosidl_typesupport_cExport.cmake
[3.647s] -- Up-to-date: /home/thomas/MobileRobot/ws_new/install/visualization_msgs/share/visualization_msgs/cmake/visualization_msgs__rosidl_typesupport_cExport-noconfig.cmake
[3.648s] -- Up-to-date: /home/thomas/MobileRobot/ws_new/install/visualization_msgs/share/visualization_msgs/cmake/visualization_msgs__rosidl_typesupport_introspection_cppExport.cmake
[3.649s] -- Up-to-date: /home/thomas/MobileRobot/ws_new/install/visualization_msgs/share/visualization_msgs/cmake/visualization_msgs__rosidl_typesupport_introspection_cppExport-noconfig.cmake
[3.650s] -- Up-to-date: /home/thomas/MobileRobot/ws_new/install/visualization_msgs/share/visualization_msgs/cmake/visualization_msgs__rosidl_typesupport_cppExport.cmake
[3.650s] -- Up-to-date: /home/thomas/MobileRobot/ws_new/install/visualization_msgs/share/visualization_msgs/cmake/visualization_msgs__rosidl_typesupport_cppExport-noconfig.cmake
[3.651s] -- Up-to-date: /home/thomas/MobileRobot/ws_new/install/visualization_msgs/share/visualization_msgs/cmake/export_visualization_msgs__rosidl_generator_pyExport.cmake
[3.651s] -- Up-to-date: /home/thomas/MobileRobot/ws_new/install/visualization_msgs/share/visualization_msgs/cmake/export_visualization_msgs__rosidl_generator_pyExport-noconfig.cmake
[3.652s] -- Up-to-date: /home/thomas/MobileRobot/ws_new/install/visualization_msgs/share/visualization_msgs/cmake/rosidl_cmake-extras.cmake
[3.652s] -- Up-to-date: /home/thomas/MobileRobot/ws_new/install/visualization_msgs/share/visualization_msgs/cmake/ament_cmake_export_dependencies-extras.cmake
[3.653s] -- Up-to-date: /home/thomas/MobileRobot/ws_new/install/visualization_msgs/share/visualization_msgs/cmake/ament_cmake_export_include_directories-extras.cmake
[3.653s] -- Up-to-date: /home/thomas/MobileRobot/ws_new/install/visualization_msgs/share/visualization_msgs/cmake/ament_cmake_export_libraries-extras.cmake
[3.653s] -- Up-to-date: /home/thomas/MobileRobot/ws_new/install/visualization_msgs/share/visualization_msgs/cmake/ament_cmake_export_targets-extras.cmake
[3.654s] -- Up-to-date: /home/thomas/MobileRobot/ws_new/install/visualization_msgs/share/visualization_msgs/cmake/rosidl_cmake_export_typesupport_targets-extras.cmake
[3.655s] -- Up-to-date: /home/thomas/MobileRobot/ws_new/install/visualization_msgs/share/visualization_msgs/cmake/rosidl_cmake_export_typesupport_libraries-extras.cmake
[3.656s] -- Up-to-date: /home/thomas/MobileRobot/ws_new/install/visualization_msgs/share/visualization_msgs/cmake/visualization_msgsConfig.cmake
[3.656s] -- Up-to-date: /home/thomas/MobileRobot/ws_new/install/visualization_msgs/share/visualization_msgs/cmake/visualization_msgsConfig-version.cmake
[3.658s] -- Up-to-date: /home/thomas/MobileRobot/ws_new/install/visualization_msgs/share/visualization_msgs/package.xml
[3.727s] Invoked command in '/home/thomas/MobileRobot/ws_new/build/visualization_msgs' returned '0': AMENT_PREFIX_PATH=/home/thomas/MobileRobot/ws_new/install/sensor_msgs:/home/thomas/MobileRobot/ws_new/install/geometry_msgs:/home/thomas/MobileRobot/ws_new/install/std_msgs:${AMENT_PREFIX_PATH} CMAKE_PREFIX_PATH=/home/thomas/MobileRobot/ws_new/install/sensor_msgs:/home/thomas/MobileRobot/ws_new/install/geometry_msgs:/home/thomas/MobileRobot/ws_new/install/std_msgs:/opt/ros/jazzy/opt/gz_sim_vendor:/opt/ros/jazzy/opt/gz_sensors_vendor:/opt/ros/jazzy/opt/gz_physics_vendor:/opt/ros/jazzy/opt/sdformat_vendor:/opt/ros/jazzy/opt/gz_gui_vendor:/opt/ros/jazzy/opt/gz_transport_vendor:/opt/ros/jazzy/opt/gz_rendering_vendor:/opt/ros/jazzy/opt/gz_plugin_vendor:/opt/ros/jazzy/opt/gz_fuel_tools_vendor:/opt/ros/jazzy/opt/gz_msgs_vendor:/opt/ros/jazzy/opt/gz_common_vendor:/opt/ros/jazzy/opt/gz_math_vendor:/opt/ros/jazzy/opt/gz_utils_vendor:/opt/ros/jazzy/opt/gz_tools_vendor:/opt/ros/jazzy/opt/gz_ogre_next_vendor:/opt/ros/jazzy/opt/gz_dartsim_vendor:/opt/ros/jazzy/opt/gz_cmake_vendor:/home/thomas/dev_ws/install/basic_mobile_robot:/opt/ros/jazzy DEBUGINFOD_URLS=https://debuginfod.ubuntu.com LD_LIBRARY_PATH=/home/thomas/MobileRobot/ws_new/install/sensor_msgs/lib:/home/thomas/MobileRobot/ws_new/install/geometry_msgs/lib:/home/thomas/MobileRobot/ws_new/install/std_msgs/lib:${LD_LIBRARY_PATH} PYTHONPATH=/home/thomas/MobileRobot/ws_new/install/sensor_msgs/lib/python3.12/site-packages:/home/thomas/MobileRobot/ws_new/install/geometry_msgs/lib/python3.12/site-packages:/home/thomas/MobileRobot/ws_new/install/std_msgs/lib/python3.12/site-packages:${PYTHONPATH} /usr/bin/cmake --install /home/thomas/MobileRobot/ws_new/build/visualization_msgs
