[25.803s] Invoking command in '/home/thomas/MobileRobot/ws_new/src/navigation': DEBUGINFOD_URLS=https://debuginfod.ubuntu.com PYTHONPATH=/home/thomas/MobileRobot/ws_new/build/navigation/prefix_override:/usr/lib/python3/dist-packages/colcon_core/task/python/colcon_distutils_commands:/home/thomas/MobileRobot/ws_new/install/navigation/lib/python3.12/site-packages:${PYTHONPATH} /usr/bin/python3 -W ignore:setup.py install is deprecated -W ignore:easy_install command is deprecated setup.py egg_info --egg-base ../../build/navigation build --build-base /home/thomas/MobileRobot/ws_new/build/navigation/build install --record /home/thomas/MobileRobot/ws_new/build/navigation/install.log --single-version-externally-managed install_data
[26.183s] running egg_info
[26.221s] writing ../../build/navigation/navigation.egg-info/PKG-INFO
[26.221s] writing dependency_links to ../../build/navigation/navigation.egg-info/dependency_links.txt
[26.221s] writing entry points to ../../build/navigation/navigation.egg-info/entry_points.txt
[26.221s] writing requirements to ../../build/navigation/navigation.egg-info/requires.txt
[26.222s] writing top-level names to ../../build/navigation/navigation.egg-info/top_level.txt
[26.281s] reading manifest file '../../build/navigation/navigation.egg-info/SOURCES.txt'
[26.314s] writing manifest file '../../build/navigation/navigation.egg-info/SOURCES.txt'
[26.314s] running build
[26.314s] running build_py
[26.315s] running install
[26.323s] running install_lib
[26.352s] running install_data
[26.353s] running install_egg_info
[26.382s] removing '/home/thomas/MobileRobot/ws_new/install/navigation/lib/python3.12/site-packages/navigation-0.0.0-py3.12.egg-info' (and everything under it)
[26.383s] Copying ../../build/navigation/navigation.egg-info to /home/thomas/MobileRobot/ws_new/install/navigation/lib/python3.12/site-packages/navigation-0.0.0-py3.12.egg-info
[26.397s] running install_scripts
[26.601s] Installing gps_path_follow script to /home/thomas/MobileRobot/ws_new/install/navigation/lib/navigation
[26.601s] Installing nav_node script to /home/thomas/MobileRobot/ws_new/install/navigation/lib/navigation
[26.602s] Installing waypoint_follow script to /home/thomas/MobileRobot/ws_new/install/navigation/lib/navigation
[26.602s] writing list of installed files to '/home/thomas/MobileRobot/ws_new/build/navigation/install.log'
[26.660s] Invoked command in '/home/thomas/MobileRobot/ws_new/src/navigation' returned '0': DEBUGINFOD_URLS=https://debuginfod.ubuntu.com PYTHONPATH=/home/thomas/MobileRobot/ws_new/build/navigation/prefix_override:/usr/lib/python3/dist-packages/colcon_core/task/python/colcon_distutils_commands:/home/thomas/MobileRobot/ws_new/install/navigation/lib/python3.12/site-packages:${PYTHONPATH} /usr/bin/python3 -W ignore:setup.py install is deprecated -W ignore:easy_install command is deprecated setup.py egg_info --egg-base ../../build/navigation build --build-base /home/thomas/MobileRobot/ws_new/build/navigation/build install --record /home/thomas/MobileRobot/ws_new/build/navigation/install.log --single-version-externally-managed install_data
