[0.236s] Invoking command in '/home/thomas/MobileRobot/ws_new/build/transmission_interface': AMENT_PREFIX_PATH=/home/thomas/MobileRobot/ws_new/install/hardware_interface:/home/thomas/MobileRobot/ws_new/install/joint_limits:/home/thomas/MobileRobot/ws_new/install/realtime_tools:/home/thomas/MobileRobot/ws_new/install/ros2_control_test_assets:/home/thomas/MobileRobot/ws_new/install/ros2_control_cmake:/home/thomas/MobileRobot/ws_new/install/control_msgs:${AMENT_PREFIX_PATH} CMAKE_PREFIX_PATH=/home/thomas/MobileRobot/ws_new/install/hardware_interface:/home/thomas/MobileRobot/ws_new/install/joint_limits:/home/thomas/MobileRobot/ws_new/install/realtime_tools:/home/thomas/MobileRobot/ws_new/install/ros2_control_test_assets:/home/thomas/MobileRobot/ws_new/install/ros2_control_cmake:/home/thomas/MobileRobot/ws_new/install/control_msgs:/home/thomas/MobileRobot/ws_new/install/my_kinematics_pkg:/home/thomas/MobileRobot/ws_new/install/mobile_robot:/home/thomas/MobileRobot/ws_new/install/backward:/opt/ros/jazzy/opt/gz_sim_vendor:/opt/ros/jazzy/opt/gz_sensors_vendor:/opt/ros/jazzy/opt/gz_physics_vendor:/opt/ros/jazzy/opt/sdformat_vendor:/opt/ros/jazzy/opt/gz_gui_vendor:/opt/ros/jazzy/opt/gz_transport_vendor:/opt/ros/jazzy/opt/gz_rendering_vendor:/opt/ros/jazzy/opt/gz_plugin_vendor:/opt/ros/jazzy/opt/gz_fuel_tools_vendor:/opt/ros/jazzy/opt/gz_msgs_vendor:/opt/ros/jazzy/opt/gz_common_vendor:/opt/ros/jazzy/opt/gz_math_vendor:/opt/ros/jazzy/opt/gz_utils_vendor:/opt/ros/jazzy/opt/gz_tools_vendor:/opt/ros/jazzy/opt/gz_ogre_next_vendor:/opt/ros/jazzy/opt/gz_dartsim_vendor:/opt/ros/jazzy/opt/gz_cmake_vendor:/home/thomas/dev_ws/install/basic_mobile_robot:/home/thomas/MobileRobot/ws_new/install/publisher_subscriber:/opt/ros/jazzy DEBUGINFOD_URLS=https://debuginfod.ubuntu.com LD_LIBRARY_PATH=/home/thomas/MobileRobot/ws_new/install/hardware_interface/lib:/home/thomas/MobileRobot/ws_new/install/joint_limits/lib:/home/thomas/MobileRobot/ws_new/install/realtime_tools/lib:/home/thomas/MobileRobot/ws_new/install/ros2_control_test_assets/lib:/home/thomas/MobileRobot/ws_new/install/control_msgs/lib:${LD_LIBRARY_PATH} PYTHONPATH=/home/thomas/MobileRobot/ws_new/install/control_msgs/lib/python3.12/site-packages:${PYTHONPATH} /usr/bin/cmake /home/thomas/MobileRobot/ws_new/src/ros-controls/ros2_control/transmission_interface -DCMAKE_INSTALL_PREFIX=/home/thomas/MobileRobot/ws_new/install/transmission_interface
[0.291s] -- Found ros2_control_cmake: 0.1.1 (/home/thomas/MobileRobot/ws_new/install/ros2_control_cmake/share/ros2_control_cmake/cmake)
[0.292s] -- Compiler warnings enabled for GNU
[0.292s] -- Detected GCC Version: 13.3.0 (Major: 13, Minor: 3)
[0.292s] -- Found ament_cmake: 2.5.3 (/opt/ros/jazzy/share/ament_cmake/cmake)
[0.624s] -- Override CMake install command with custom implementation using symlinks instead of copying resources
[0.647s] -- Found hardware_interface: 4.29.0 (/home/thomas/MobileRobot/ws_new/install/hardware_interface/share/hardware_interface/cmake)
[0.710s] -- Found rosidl_generator_c: 4.6.5 (/opt/ros/jazzy/share/rosidl_generator_c/cmake)
[0.733s] -- Found rosidl_generator_cpp: 4.6.5 (/opt/ros/jazzy/share/rosidl_generator_cpp/cmake)
[0.758s] -- Using all available rosidl_typesupport_c: rosidl_typesupport_fastrtps_c;rosidl_typesupport_introspection_c
[0.777s] -- Using all available rosidl_typesupport_cpp: rosidl_typesupport_fastrtps_cpp;rosidl_typesupport_introspection_cpp
[1.191s] -- Found TinyXML2 via Config file: /usr/lib/x86_64-linux-gnu/cmake/tinyxml2
[1.256s] -- Found rmw_implementation_cmake: 7.3.1 (/opt/ros/jazzy/share/rmw_implementation_cmake/cmake)
[1.258s] -- Found rmw_cyclonedds_cpp: 2.2.3 (/opt/ros/jazzy/share/rmw_cyclonedds_cpp/cmake)
[1.290s] -- Using RMW implementation 'rmw_cyclonedds_cpp' as default
[1.481s] -- Found ament_cmake_gmock: 2.5.3 (/opt/ros/jazzy/share/ament_cmake_gmock/cmake)
[1.482s] -- Found ros2_control_test_assets: 4.29.0 (/home/thomas/MobileRobot/ws_new/install/ros2_control_test_assets/share/ros2_control_test_assets/cmake)
[1.483s] -- Found gmock sources under '/opt/ros/jazzy/src/gmock_vendor': C++ tests using 'Google Mock' will be built
[1.488s] -- Found ament_cmake_gtest: 2.5.3 (/opt/ros/jazzy/share/ament_cmake_gtest/cmake)
[1.489s] -- Found gtest sources under '/opt/ros/jazzy/src/gtest_vendor': C++ tests using 'Google Test' will be built
[1.641s] -- Configuring done (1.4s)
[1.960s] -- Generating done (0.3s)
[1.990s] -- Build files have been written to: /home/thomas/MobileRobot/ws_new/build/transmission_interface
[2.006s] Invoked command in '/home/thomas/MobileRobot/ws_new/build/transmission_interface' returned '0': AMENT_PREFIX_PATH=/home/thomas/MobileRobot/ws_new/install/hardware_interface:/home/thomas/MobileRobot/ws_new/install/joint_limits:/home/thomas/MobileRobot/ws_new/install/realtime_tools:/home/thomas/MobileRobot/ws_new/install/ros2_control_test_assets:/home/thomas/MobileRobot/ws_new/install/ros2_control_cmake:/home/thomas/MobileRobot/ws_new/install/control_msgs:${AMENT_PREFIX_PATH} CMAKE_PREFIX_PATH=/home/thomas/MobileRobot/ws_new/install/hardware_interface:/home/thomas/MobileRobot/ws_new/install/joint_limits:/home/thomas/MobileRobot/ws_new/install/realtime_tools:/home/thomas/MobileRobot/ws_new/install/ros2_control_test_assets:/home/thomas/MobileRobot/ws_new/install/ros2_control_cmake:/home/thomas/MobileRobot/ws_new/install/control_msgs:/home/thomas/MobileRobot/ws_new/install/my_kinematics_pkg:/home/thomas/MobileRobot/ws_new/install/mobile_robot:/home/thomas/MobileRobot/ws_new/install/backward:/opt/ros/jazzy/opt/gz_sim_vendor:/opt/ros/jazzy/opt/gz_sensors_vendor:/opt/ros/jazzy/opt/gz_physics_vendor:/opt/ros/jazzy/opt/sdformat_vendor:/opt/ros/jazzy/opt/gz_gui_vendor:/opt/ros/jazzy/opt/gz_transport_vendor:/opt/ros/jazzy/opt/gz_rendering_vendor:/opt/ros/jazzy/opt/gz_plugin_vendor:/opt/ros/jazzy/opt/gz_fuel_tools_vendor:/opt/ros/jazzy/opt/gz_msgs_vendor:/opt/ros/jazzy/opt/gz_common_vendor:/opt/ros/jazzy/opt/gz_math_vendor:/opt/ros/jazzy/opt/gz_utils_vendor:/opt/ros/jazzy/opt/gz_tools_vendor:/opt/ros/jazzy/opt/gz_ogre_next_vendor:/opt/ros/jazzy/opt/gz_dartsim_vendor:/opt/ros/jazzy/opt/gz_cmake_vendor:/home/thomas/dev_ws/install/basic_mobile_robot:/home/thomas/MobileRobot/ws_new/install/publisher_subscriber:/opt/ros/jazzy DEBUGINFOD_URLS=https://debuginfod.ubuntu.com LD_LIBRARY_PATH=/home/thomas/MobileRobot/ws_new/install/hardware_interface/lib:/home/thomas/MobileRobot/ws_new/install/joint_limits/lib:/home/thomas/MobileRobot/ws_new/install/realtime_tools/lib:/home/thomas/MobileRobot/ws_new/install/ros2_control_test_assets/lib:/home/thomas/MobileRobot/ws_new/install/control_msgs/lib:${LD_LIBRARY_PATH} PYTHONPATH=/home/thomas/MobileRobot/ws_new/install/control_msgs/lib/python3.12/site-packages:${PYTHONPATH} /usr/bin/cmake /home/thomas/MobileRobot/ws_new/src/ros-controls/ros2_control/transmission_interface -DCMAKE_INSTALL_PREFIX=/home/thomas/MobileRobot/ws_new/install/transmission_interface
[2.008s] Invoking command in '/home/thomas/MobileRobot/ws_new/build/transmission_interface': AMENT_PREFIX_PATH=/home/thomas/MobileRobot/ws_new/install/hardware_interface:/home/thomas/MobileRobot/ws_new/install/joint_limits:/home/thomas/MobileRobot/ws_new/install/realtime_tools:/home/thomas/MobileRobot/ws_new/install/ros2_control_test_assets:/home/thomas/MobileRobot/ws_new/install/ros2_control_cmake:/home/thomas/MobileRobot/ws_new/install/control_msgs:${AMENT_PREFIX_PATH} CMAKE_PREFIX_PATH=/home/thomas/MobileRobot/ws_new/install/hardware_interface:/home/thomas/MobileRobot/ws_new/install/joint_limits:/home/thomas/MobileRobot/ws_new/install/realtime_tools:/home/thomas/MobileRobot/ws_new/install/ros2_control_test_assets:/home/thomas/MobileRobot/ws_new/install/ros2_control_cmake:/home/thomas/MobileRobot/ws_new/install/control_msgs:/home/thomas/MobileRobot/ws_new/install/my_kinematics_pkg:/home/thomas/MobileRobot/ws_new/install/mobile_robot:/home/thomas/MobileRobot/ws_new/install/backward:/opt/ros/jazzy/opt/gz_sim_vendor:/opt/ros/jazzy/opt/gz_sensors_vendor:/opt/ros/jazzy/opt/gz_physics_vendor:/opt/ros/jazzy/opt/sdformat_vendor:/opt/ros/jazzy/opt/gz_gui_vendor:/opt/ros/jazzy/opt/gz_transport_vendor:/opt/ros/jazzy/opt/gz_rendering_vendor:/opt/ros/jazzy/opt/gz_plugin_vendor:/opt/ros/jazzy/opt/gz_fuel_tools_vendor:/opt/ros/jazzy/opt/gz_msgs_vendor:/opt/ros/jazzy/opt/gz_common_vendor:/opt/ros/jazzy/opt/gz_math_vendor:/opt/ros/jazzy/opt/gz_utils_vendor:/opt/ros/jazzy/opt/gz_tools_vendor:/opt/ros/jazzy/opt/gz_ogre_next_vendor:/opt/ros/jazzy/opt/gz_dartsim_vendor:/opt/ros/jazzy/opt/gz_cmake_vendor:/home/thomas/dev_ws/install/basic_mobile_robot:/home/thomas/MobileRobot/ws_new/install/publisher_subscriber:/opt/ros/jazzy DEBUGINFOD_URLS=https://debuginfod.ubuntu.com LD_LIBRARY_PATH=/home/thomas/MobileRobot/ws_new/install/hardware_interface/lib:/home/thomas/MobileRobot/ws_new/install/joint_limits/lib:/home/thomas/MobileRobot/ws_new/install/realtime_tools/lib:/home/thomas/MobileRobot/ws_new/install/ros2_control_test_assets/lib:/home/thomas/MobileRobot/ws_new/install/control_msgs/lib:${LD_LIBRARY_PATH} PYTHONPATH=/home/thomas/MobileRobot/ws_new/install/control_msgs/lib/python3.12/site-packages:${PYTHONPATH} /usr/bin/cmake --build /home/thomas/MobileRobot/ws_new/build/transmission_interface -- -j8 -l8
[2.086s] [  4%] Built target ament_generate_version_header__transmission_interface
[2.136s] [ 12%] Built target gmock_main
[2.156s] [ 25%] Built target gmock
[2.182s] [ 41%] Built target transmission_interface
[2.257s] [ 50%] Built target test_utils
[2.290s] [ 58%] Built target test_differential_transmission
[2.290s] [ 66%] Built target test_simple_transmission_loader
[2.293s] [ 75%] Built target test_simple_transmission
[2.296s] [ 83%] Built target test_differential_transmission_loader
[2.298s] [ 91%] Built target test_four_bar_linkage_transmission
[2.309s] [100%] Built target test_four_bar_linkage_transmission_loader
[2.341s] Invoked command in '/home/thomas/MobileRobot/ws_new/build/transmission_interface' returned '0': AMENT_PREFIX_PATH=/home/thomas/MobileRobot/ws_new/install/hardware_interface:/home/thomas/MobileRobot/ws_new/install/joint_limits:/home/thomas/MobileRobot/ws_new/install/realtime_tools:/home/thomas/MobileRobot/ws_new/install/ros2_control_test_assets:/home/thomas/MobileRobot/ws_new/install/ros2_control_cmake:/home/thomas/MobileRobot/ws_new/install/control_msgs:${AMENT_PREFIX_PATH} CMAKE_PREFIX_PATH=/home/thomas/MobileRobot/ws_new/install/hardware_interface:/home/thomas/MobileRobot/ws_new/install/joint_limits:/home/thomas/MobileRobot/ws_new/install/realtime_tools:/home/thomas/MobileRobot/ws_new/install/ros2_control_test_assets:/home/thomas/MobileRobot/ws_new/install/ros2_control_cmake:/home/thomas/MobileRobot/ws_new/install/control_msgs:/home/thomas/MobileRobot/ws_new/install/my_kinematics_pkg:/home/thomas/MobileRobot/ws_new/install/mobile_robot:/home/thomas/MobileRobot/ws_new/install/backward:/opt/ros/jazzy/opt/gz_sim_vendor:/opt/ros/jazzy/opt/gz_sensors_vendor:/opt/ros/jazzy/opt/gz_physics_vendor:/opt/ros/jazzy/opt/sdformat_vendor:/opt/ros/jazzy/opt/gz_gui_vendor:/opt/ros/jazzy/opt/gz_transport_vendor:/opt/ros/jazzy/opt/gz_rendering_vendor:/opt/ros/jazzy/opt/gz_plugin_vendor:/opt/ros/jazzy/opt/gz_fuel_tools_vendor:/opt/ros/jazzy/opt/gz_msgs_vendor:/opt/ros/jazzy/opt/gz_common_vendor:/opt/ros/jazzy/opt/gz_math_vendor:/opt/ros/jazzy/opt/gz_utils_vendor:/opt/ros/jazzy/opt/gz_tools_vendor:/opt/ros/jazzy/opt/gz_ogre_next_vendor:/opt/ros/jazzy/opt/gz_dartsim_vendor:/opt/ros/jazzy/opt/gz_cmake_vendor:/home/thomas/dev_ws/install/basic_mobile_robot:/home/thomas/MobileRobot/ws_new/install/publisher_subscriber:/opt/ros/jazzy DEBUGINFOD_URLS=https://debuginfod.ubuntu.com LD_LIBRARY_PATH=/home/thomas/MobileRobot/ws_new/install/hardware_interface/lib:/home/thomas/MobileRobot/ws_new/install/joint_limits/lib:/home/thomas/MobileRobot/ws_new/install/realtime_tools/lib:/home/thomas/MobileRobot/ws_new/install/ros2_control_test_assets/lib:/home/thomas/MobileRobot/ws_new/install/control_msgs/lib:${LD_LIBRARY_PATH} PYTHONPATH=/home/thomas/MobileRobot/ws_new/install/control_msgs/lib/python3.12/site-packages:${PYTHONPATH} /usr/bin/cmake --build /home/thomas/MobileRobot/ws_new/build/transmission_interface -- -j8 -l8
[2.343s] Invoking command in '/home/thomas/MobileRobot/ws_new/build/transmission_interface': AMENT_PREFIX_PATH=/home/thomas/MobileRobot/ws_new/install/hardware_interface:/home/thomas/MobileRobot/ws_new/install/joint_limits:/home/thomas/MobileRobot/ws_new/install/realtime_tools:/home/thomas/MobileRobot/ws_new/install/ros2_control_test_assets:/home/thomas/MobileRobot/ws_new/install/ros2_control_cmake:/home/thomas/MobileRobot/ws_new/install/control_msgs:${AMENT_PREFIX_PATH} CMAKE_PREFIX_PATH=/home/thomas/MobileRobot/ws_new/install/hardware_interface:/home/thomas/MobileRobot/ws_new/install/joint_limits:/home/thomas/MobileRobot/ws_new/install/realtime_tools:/home/thomas/MobileRobot/ws_new/install/ros2_control_test_assets:/home/thomas/MobileRobot/ws_new/install/ros2_control_cmake:/home/thomas/MobileRobot/ws_new/install/control_msgs:/home/thomas/MobileRobot/ws_new/install/my_kinematics_pkg:/home/thomas/MobileRobot/ws_new/install/mobile_robot:/home/thomas/MobileRobot/ws_new/install/backward:/opt/ros/jazzy/opt/gz_sim_vendor:/opt/ros/jazzy/opt/gz_sensors_vendor:/opt/ros/jazzy/opt/gz_physics_vendor:/opt/ros/jazzy/opt/sdformat_vendor:/opt/ros/jazzy/opt/gz_gui_vendor:/opt/ros/jazzy/opt/gz_transport_vendor:/opt/ros/jazzy/opt/gz_rendering_vendor:/opt/ros/jazzy/opt/gz_plugin_vendor:/opt/ros/jazzy/opt/gz_fuel_tools_vendor:/opt/ros/jazzy/opt/gz_msgs_vendor:/opt/ros/jazzy/opt/gz_common_vendor:/opt/ros/jazzy/opt/gz_math_vendor:/opt/ros/jazzy/opt/gz_utils_vendor:/opt/ros/jazzy/opt/gz_tools_vendor:/opt/ros/jazzy/opt/gz_ogre_next_vendor:/opt/ros/jazzy/opt/gz_dartsim_vendor:/opt/ros/jazzy/opt/gz_cmake_vendor:/home/thomas/dev_ws/install/basic_mobile_robot:/home/thomas/MobileRobot/ws_new/install/publisher_subscriber:/opt/ros/jazzy DEBUGINFOD_URLS=https://debuginfod.ubuntu.com LD_LIBRARY_PATH=/home/thomas/MobileRobot/ws_new/install/hardware_interface/lib:/home/thomas/MobileRobot/ws_new/install/joint_limits/lib:/home/thomas/MobileRobot/ws_new/install/realtime_tools/lib:/home/thomas/MobileRobot/ws_new/install/ros2_control_test_assets/lib:/home/thomas/MobileRobot/ws_new/install/control_msgs/lib:${LD_LIBRARY_PATH} PYTHONPATH=/home/thomas/MobileRobot/ws_new/install/control_msgs/lib/python3.12/site-packages:${PYTHONPATH} /usr/bin/cmake --install /home/thomas/MobileRobot/ws_new/build/transmission_interface
[2.355s] -- Install configuration: ""
[2.357s] -- Execute custom install script
[2.391s] -- Up-to-date symlink: /home/thomas/MobileRobot/ws_new/install/transmission_interface/share/transmission_interface//ros2_control_plugins.xml
[2.393s] -- Up-to-date symlink: /home/thomas/MobileRobot/ws_new/install/transmission_interface/include/transmission_interface/transmission_interface/accessor.hpp
[2.394s] -- Up-to-date symlink: /home/thomas/MobileRobot/ws_new/install/transmission_interface/include/transmission_interface/transmission_interface/differential_transmission.hpp
[2.394s] -- Up-to-date symlink: /home/thomas/MobileRobot/ws_new/install/transmission_interface/include/transmission_interface/transmission_interface/differential_transmission_loader.hpp
[2.395s] -- Up-to-date symlink: /home/thomas/MobileRobot/ws_new/install/transmission_interface/include/transmission_interface/transmission_interface/exception.hpp
[2.395s] -- Up-to-date symlink: /home/thomas/MobileRobot/ws_new/install/transmission_interface/include/transmission_interface/transmission_interface/four_bar_linkage_transmission.hpp
[2.396s] -- Up-to-date symlink: /home/thomas/MobileRobot/ws_new/install/transmission_interface/include/transmission_interface/transmission_interface/four_bar_linkage_transmission_loader.hpp
[2.436s] -- Up-to-date symlink: /home/thomas/MobileRobot/ws_new/install/transmission_interface/include/transmission_interface/transmission_interface/handle.hpp
[2.439s] -- Up-to-date symlink: /home/thomas/MobileRobot/ws_new/install/transmission_interface/include/transmission_interface/transmission_interface/simple_transmission.hpp
[2.439s] -- Up-to-date symlink: /home/thomas/MobileRobot/ws_new/install/transmission_interface/include/transmission_interface/transmission_interface/simple_transmission_loader.hpp
[2.442s] -- Up-to-date symlink: /home/thomas/MobileRobot/ws_new/install/transmission_interface/include/transmission_interface/transmission_interface/transmission.hpp
[2.442s] -- Up-to-date symlink: /home/thomas/MobileRobot/ws_new/install/transmission_interface/include/transmission_interface/transmission_interface/transmission_interface_exception.hpp
[2.443s] -- Up-to-date symlink: /home/thomas/MobileRobot/ws_new/install/transmission_interface/include/transmission_interface/transmission_interface/transmission_loader.hpp
[2.444s] -- Up-to-date symlink: /home/thomas/MobileRobot/ws_new/install/transmission_interface/share/transmission_interface/environment/library_path.sh
[2.444s] -- Up-to-date symlink: /home/thomas/MobileRobot/ws_new/install/transmission_interface/share/transmission_interface/environment/library_path.dsv
[2.445s] -- Up-to-date symlink: /home/thomas/MobileRobot/ws_new/install/transmission_interface/share/ament_index/resource_index/package_run_dependencies/transmission_interface
[2.447s] -- Up-to-date symlink: /home/thomas/MobileRobot/ws_new/install/transmission_interface/share/ament_index/resource_index/parent_prefix_path/transmission_interface
[2.448s] -- Up-to-date symlink: /home/thomas/MobileRobot/ws_new/install/transmission_interface/share/transmission_interface/environment/ament_prefix_path.sh
[2.449s] -- Up-to-date symlink: /home/thomas/MobileRobot/ws_new/install/transmission_interface/share/transmission_interface/environment/ament_prefix_path.dsv
[2.451s] -- Up-to-date symlink: /home/thomas/MobileRobot/ws_new/install/transmission_interface/share/transmission_interface/environment/path.sh
[2.457s] -- Up-to-date symlink: /home/thomas/MobileRobot/ws_new/install/transmission_interface/share/transmission_interface/environment/path.dsv
[2.458s] -- Up-to-date symlink: /home/thomas/MobileRobot/ws_new/install/transmission_interface/share/transmission_interface/local_setup.bash
[2.461s] -- Up-to-date symlink: /home/thomas/MobileRobot/ws_new/install/transmission_interface/share/transmission_interface/local_setup.sh
[2.461s] -- Up-to-date symlink: /home/thomas/MobileRobot/ws_new/install/transmission_interface/share/transmission_interface/local_setup.zsh
[2.462s] -- Up-to-date symlink: /home/thomas/MobileRobot/ws_new/install/transmission_interface/share/transmission_interface/local_setup.dsv
[2.463s] -- Symlinking: /home/thomas/MobileRobot/ws_new/install/transmission_interface/share/transmission_interface/package.dsv
[2.478s] -- Up-to-date symlink: /home/thomas/MobileRobot/ws_new/install/transmission_interface/share/ament_index/resource_index/packages/transmission_interface
[2.480s] -- Up-to-date symlink: /home/thomas/MobileRobot/ws_new/install/transmission_interface/share/ament_index/resource_index/transmission_interface__pluginlib__plugin/transmission_interface
[2.484s] -- Up-to-date symlink: /home/thomas/MobileRobot/ws_new/install/transmission_interface/share/transmission_interface/cmake/ament_cmake_export_targets-extras.cmake
[2.601s] -- Up-to-date symlink: /home/thomas/MobileRobot/ws_new/install/transmission_interface/share/transmission_interface/cmake/ament_cmake_export_dependencies-extras.cmake
[2.602s] -- Up-to-date symlink: /home/thomas/MobileRobot/ws_new/install/transmission_interface/share/transmission_interface/cmake/transmission_interfaceConfig.cmake
[2.602s] -- Up-to-date symlink: /home/thomas/MobileRobot/ws_new/install/transmission_interface/share/transmission_interface/cmake/transmission_interfaceConfig-version.cmake
[2.603s] -- Up-to-date symlink: /home/thomas/MobileRobot/ws_new/install/transmission_interface/share/transmission_interface/package.xml
[2.603s] -- Up-to-date symlink: /home/thomas/MobileRobot/ws_new/install/transmission_interface/include/transmission_interface/transmission_interface/version.h
[2.822s] -- Up-to-date: /home/thomas/MobileRobot/ws_new/install/transmission_interface/lib/libtransmission_interface.so
[2.823s] -- Up-to-date: /home/thomas/MobileRobot/ws_new/install/transmission_interface/share/transmission_interface/cmake/export_transmission_interfaceExport.cmake
[2.823s] -- Up-to-date: /home/thomas/MobileRobot/ws_new/install/transmission_interface/share/transmission_interface/cmake/export_transmission_interfaceExport-noconfig.cmake
[2.826s] Invoked command in '/home/thomas/MobileRobot/ws_new/build/transmission_interface' returned '0': AMENT_PREFIX_PATH=/home/thomas/MobileRobot/ws_new/install/hardware_interface:/home/thomas/MobileRobot/ws_new/install/joint_limits:/home/thomas/MobileRobot/ws_new/install/realtime_tools:/home/thomas/MobileRobot/ws_new/install/ros2_control_test_assets:/home/thomas/MobileRobot/ws_new/install/ros2_control_cmake:/home/thomas/MobileRobot/ws_new/install/control_msgs:${AMENT_PREFIX_PATH} CMAKE_PREFIX_PATH=/home/thomas/MobileRobot/ws_new/install/hardware_interface:/home/thomas/MobileRobot/ws_new/install/joint_limits:/home/thomas/MobileRobot/ws_new/install/realtime_tools:/home/thomas/MobileRobot/ws_new/install/ros2_control_test_assets:/home/thomas/MobileRobot/ws_new/install/ros2_control_cmake:/home/thomas/MobileRobot/ws_new/install/control_msgs:/home/thomas/MobileRobot/ws_new/install/my_kinematics_pkg:/home/thomas/MobileRobot/ws_new/install/mobile_robot:/home/thomas/MobileRobot/ws_new/install/backward:/opt/ros/jazzy/opt/gz_sim_vendor:/opt/ros/jazzy/opt/gz_sensors_vendor:/opt/ros/jazzy/opt/gz_physics_vendor:/opt/ros/jazzy/opt/sdformat_vendor:/opt/ros/jazzy/opt/gz_gui_vendor:/opt/ros/jazzy/opt/gz_transport_vendor:/opt/ros/jazzy/opt/gz_rendering_vendor:/opt/ros/jazzy/opt/gz_plugin_vendor:/opt/ros/jazzy/opt/gz_fuel_tools_vendor:/opt/ros/jazzy/opt/gz_msgs_vendor:/opt/ros/jazzy/opt/gz_common_vendor:/opt/ros/jazzy/opt/gz_math_vendor:/opt/ros/jazzy/opt/gz_utils_vendor:/opt/ros/jazzy/opt/gz_tools_vendor:/opt/ros/jazzy/opt/gz_ogre_next_vendor:/opt/ros/jazzy/opt/gz_dartsim_vendor:/opt/ros/jazzy/opt/gz_cmake_vendor:/home/thomas/dev_ws/install/basic_mobile_robot:/home/thomas/MobileRobot/ws_new/install/publisher_subscriber:/opt/ros/jazzy DEBUGINFOD_URLS=https://debuginfod.ubuntu.com LD_LIBRARY_PATH=/home/thomas/MobileRobot/ws_new/install/hardware_interface/lib:/home/thomas/MobileRobot/ws_new/install/joint_limits/lib:/home/thomas/MobileRobot/ws_new/install/realtime_tools/lib:/home/thomas/MobileRobot/ws_new/install/ros2_control_test_assets/lib:/home/thomas/MobileRobot/ws_new/install/control_msgs/lib:${LD_LIBRARY_PATH} PYTHONPATH=/home/thomas/MobileRobot/ws_new/install/control_msgs/lib/python3.12/site-packages:${PYTHONPATH} /usr/bin/cmake --install /home/thomas/MobileRobot/ws_new/build/transmission_interface
