-- Found ros2_control_cmake: 0.1.1 (/home/thomas/MobileRobot/ws_new/install/ros2_control_cmake/share/ros2_control_cmake/cmake)
-- Compiler warnings enabled for GNU
-- Detected GCC Version: 13.3.0 (Major: 13, Minor: 3)
-- Found ament_cmake: 2.5.3 (/opt/ros/jazzy/share/ament_cmake/cmake)
-- Override CMake install command with custom implementation using symlinks instead of copying resources
-- Found controller_interface: 4.29.0 (/home/thomas/MobileRobot/ws_new/install/controller_interface/share/controller_interface/cmake)
-- Found rosidl_generator_c: 4.6.5 (/opt/ros/jazzy/share/rosidl_generator_c/cmake)
-- Found rosidl_generator_cpp: 4.6.5 (/opt/ros/jazzy/share/rosidl_generator_cpp/cmake)
-- Using all available rosidl_typesupport_c: rosidl_typesupport_fastrtps_c;rosidl_typesupport_introspection_c
-- Using all available rosidl_typesupport_cpp: rosidl_typesupport_fastrtps_cpp;rosidl_typesupport_introspection_cpp
-- Found TinyXML2 via Config file: /usr/lib/x86_64-linux-gnu/cmake/tinyxml2
-- Found rmw_implementation_cmake: 7.3.1 (/opt/ros/jazzy/share/rmw_implementation_cmake/cmake)
-- Found rmw_cyclonedds_cpp: 2.2.3 (/opt/ros/jazzy/share/rmw_cyclonedds_cpp/cmake)
-- Using RMW implementation 'rmw_cyclonedds_cpp' as default
-- Found controller_manager_msgs: 4.29.0 (/home/thomas/MobileRobot/ws_new/install/controller_manager_msgs/share/controller_manager_msgs/cmake)
-- Found diagnostic_updater: 4.2.2 (/opt/ros/jazzy/share/diagnostic_updater/cmake)
-- Found generate_parameter_library: 0.4.0 (/opt/ros/jazzy/share/generate_parameter_library/cmake)
-- Found parameter_traits: 0.4.0 (/opt/ros/jazzy/share/parameter_traits/cmake)
-- Found ament_cmake_gmock: 2.5.3 (/opt/ros/jazzy/share/ament_cmake_gmock/cmake)
-- Found ros2_control_test_assets: 4.29.0 (/home/thomas/MobileRobot/ws_new/install/ros2_control_test_assets/share/ros2_control_test_assets/cmake)
-- Found example_interfaces: 0.12.0 (/opt/ros/jazzy/share/example_interfaces/cmake)
-- Found gmock sources under '/opt/ros/jazzy/src/gmock_vendor': C++ tests using 'Google Mock' will be built
-- Found ament_cmake_gtest: 2.5.3 (/opt/ros/jazzy/share/ament_cmake_gtest/cmake)
-- Found gtest sources under '/opt/ros/jazzy/src/gtest_vendor': C++ tests using 'Google Test' will be built
-- Found ament_cmake_pytest: 2.5.3 (/opt/ros/jazzy/share/ament_cmake_pytest/cmake)
-- Configuring done (3.0s)
-- Generating done (0.5s)
-- Build files have been written to: /home/thomas/MobileRobot/ws_new/build/controller_manager
[  4%] Built target controller_manager_parameters
[  7%] Built target ament_generate_version_header__controller_manager
[  7%] Built target ament_cmake_python_symlink_controller_manager
[  7%] Built target ament_cmake_python_symlink_controller_manager_setup
[ 11%] Built target gmock_main
[ 19%] Built target gmock
[ 23%] Built target controller_manager
[ 28%] Built target test_chainable_controller
[ 33%] Built target test_controller_with_interfaces
[ 38%] Built target test_controller_failed_init
[ 42%] Built target test_controller
[ 47%] Built target ros2_control_node
[ 52%] Built target test_controller_manager_with_namespace
[ 57%] Built target test_controller_manager
[ 61%] Built target test_controller_manager_hardware_error_handling
[ 66%] Built target test_controllers_chaining_with_controller_manager
[ 71%] Built target test_load_controller
[ 76%] Built target test_controller_manager_srvs
[ 80%] Built target test_controller_manager_urdf_passing
[ 85%] Built target test_release_interfaces
[ 90%] Built target test_spawner_unspawner
[100%] Built target test_hardware_spawner
[100%] Built target test_hardware_management_srvs
running install_scripts
running egg_info
writing controller_manager.egg-info/PKG-INFO
writing dependency_links to controller_manager.egg-info/dependency_links.txt
writing entry points to controller_manager.egg-info/entry_points.txt
writing top-level names to controller_manager.egg-info/top_level.txt
running egg_info
reading manifest file 'controller_manager.egg-info/SOURCES.txt'
writing manifest file 'controller_manager.egg-info/SOURCES.txt'
writing controller_manager.egg-info/PKG-INFO
writing dependency_links to controller_manager.egg-info/dependency_links.txt
writing entry points to controller_manager.egg-info/entry_points.txt
writing top-level names to controller_manager.egg-info/top_level.txt
[100%] Built target ament_cmake_python_build_controller_manager_egg
reading manifest file 'controller_manager.egg-info/SOURCES.txt'
writing manifest file 'controller_manager.egg-info/SOURCES.txt'
Installing hardware_spawner script to scripts
Installing spawner script to scripts
Installing unspawner script to scripts
[100%] Built target ament_cmake_python_build_controller_manager_scripts
-- Install configuration: ""
-- Execute custom install script
-- Up-to-date symlink: /home/thomas/MobileRobot/ws_new/install/controller_manager/include/controller_manager/controller_manager_parameters.hpp
-- Up-to-date symlink: /home/thomas/MobileRobot/ws_new/install/controller_manager/share/controller_manager/test/test_controller/test_controller.xml
-- Up-to-date symlink: /home/thomas/MobileRobot/ws_new/install/controller_manager/lib/libtest_controller.so
-- Up-to-date symlink: /home/thomas/MobileRobot/ws_new/install/controller_manager/share/controller_manager/test/test_controller_failed_init/test_controller_failed_init.xml
-- Up-to-date symlink: /home/thomas/MobileRobot/ws_new/install/controller_manager/lib/libtest_controller_failed_init.so
-- Up-to-date symlink: /home/thomas/MobileRobot/ws_new/install/controller_manager/share/controller_manager/test/test_chainable_controller/test_chainable_controller.xml
-- Up-to-date symlink: /home/thomas/MobileRobot/ws_new/install/controller_manager/lib/libtest_chainable_controller.so
-- Up-to-date symlink: /home/thomas/MobileRobot/ws_new/install/controller_manager/share/controller_manager/test/test_controller_with_interfaces/test_controller_with_interfaces.xml
-- Up-to-date symlink: /home/thomas/MobileRobot/ws_new/install/controller_manager/lib/libtest_controller_with_interfaces.so
-- Up-to-date symlink: /home/thomas/MobileRobot/ws_new/install/controller_manager/test/test_ros2_control_node.yaml
-- Up-to-date symlink: /home/thomas/MobileRobot/ws_new/install/controller_manager/include/controller_manager/controller_manager/controller_manager.hpp
-- Up-to-date symlink: /home/thomas/MobileRobot/ws_new/install/controller_manager/include/controller_manager/controller_manager/controller_spec.hpp
-- Up-to-date symlink: /home/thomas/MobileRobot/ws_new/install/controller_manager/lib/controller_manager/ros2_control_node
-- Up-to-date symlink: /home/thomas/MobileRobot/ws_new/install/controller_manager/share/controller_manager/environment/pythonpath.sh
-- Up-to-date symlink: /home/thomas/MobileRobot/ws_new/install/controller_manager/share/controller_manager/environment/pythonpath.dsv
-- Up-to-date symlink: /home/thomas/MobileRobot/ws_new/install/controller_manager/lib/python3.12/site-packages/controller_manager-4.29.0-py3.12.egg-info/PKG-INFO
-- Up-to-date symlink: /home/thomas/MobileRobot/ws_new/install/controller_manager/lib/python3.12/site-packages/controller_manager-4.29.0-py3.12.egg-info/SOURCES.txt
-- Up-to-date symlink: /home/thomas/MobileRobot/ws_new/install/controller_manager/lib/python3.12/site-packages/controller_manager-4.29.0-py3.12.egg-info/dependency_links.txt
-- Up-to-date symlink: /home/thomas/MobileRobot/ws_new/install/controller_manager/lib/python3.12/site-packages/controller_manager-4.29.0-py3.12.egg-info/entry_points.txt
-- Up-to-date symlink: /home/thomas/MobileRobot/ws_new/install/controller_manager/lib/python3.12/site-packages/controller_manager-4.29.0-py3.12.egg-info/top_level.txt
-- Up-to-date symlink: /home/thomas/MobileRobot/ws_new/install/controller_manager/lib/controller_manager//hardware_spawner
-- Up-to-date symlink: /home/thomas/MobileRobot/ws_new/install/controller_manager/lib/controller_manager//spawner
-- Up-to-date symlink: /home/thomas/MobileRobot/ws_new/install/controller_manager/lib/controller_manager//unspawner
-- Up-to-date symlink: /home/thomas/MobileRobot/ws_new/install/controller_manager/lib/python3.12/site-packages/controller_manager/__init__.py
-- Up-to-date symlink: /home/thomas/MobileRobot/ws_new/install/controller_manager/lib/python3.12/site-packages/controller_manager/controller_manager_services.py
-- Up-to-date symlink: /home/thomas/MobileRobot/ws_new/install/controller_manager/lib/python3.12/site-packages/controller_manager/hardware_spawner.py
-- Up-to-date symlink: /home/thomas/MobileRobot/ws_new/install/controller_manager/lib/python3.12/site-packages/controller_manager/launch_utils.py
-- Up-to-date symlink: /home/thomas/MobileRobot/ws_new/install/controller_manager/lib/python3.12/site-packages/controller_manager/spawner.py
-- Up-to-date symlink: /home/thomas/MobileRobot/ws_new/install/controller_manager/lib/python3.12/site-packages/controller_manager/test_utils.py
-- Up-to-date symlink: /home/thomas/MobileRobot/ws_new/install/controller_manager/lib/python3.12/site-packages/controller_manager/unspawner.py
-- Up-to-date symlink: /home/thomas/MobileRobot/ws_new/install/controller_manager/share/controller_manager/environment/library_path.sh
-- Up-to-date symlink: /home/thomas/MobileRobot/ws_new/install/controller_manager/share/controller_manager/environment/library_path.dsv
-- Up-to-date symlink: /home/thomas/MobileRobot/ws_new/install/controller_manager/share/ament_index/resource_index/package_run_dependencies/controller_manager
-- Up-to-date symlink: /home/thomas/MobileRobot/ws_new/install/controller_manager/share/ament_index/resource_index/parent_prefix_path/controller_manager
-- Up-to-date symlink: /home/thomas/MobileRobot/ws_new/install/controller_manager/share/controller_manager/environment/ament_prefix_path.sh
-- Up-to-date symlink: /home/thomas/MobileRobot/ws_new/install/controller_manager/share/controller_manager/environment/ament_prefix_path.dsv
-- Up-to-date symlink: /home/thomas/MobileRobot/ws_new/install/controller_manager/share/controller_manager/environment/path.sh
-- Up-to-date symlink: /home/thomas/MobileRobot/ws_new/install/controller_manager/share/controller_manager/environment/path.dsv
-- Up-to-date symlink: /home/thomas/MobileRobot/ws_new/install/controller_manager/share/controller_manager/local_setup.bash
-- Up-to-date symlink: /home/thomas/MobileRobot/ws_new/install/controller_manager/share/controller_manager/local_setup.sh
-- Up-to-date symlink: /home/thomas/MobileRobot/ws_new/install/controller_manager/share/controller_manager/local_setup.zsh
-- Up-to-date symlink: /home/thomas/MobileRobot/ws_new/install/controller_manager/share/controller_manager/local_setup.dsv
-- Symlinking: /home/thomas/MobileRobot/ws_new/install/controller_manager/share/controller_manager/package.dsv
-- Up-to-date symlink: /home/thomas/MobileRobot/ws_new/install/controller_manager/share/ament_index/resource_index/packages/controller_manager
-- Up-to-date symlink: /home/thomas/MobileRobot/ws_new/install/controller_manager/share/ament_index/resource_index/controller_interface__pluginlib__plugin/controller_manager
-- Up-to-date symlink: /home/thomas/MobileRobot/ws_new/install/controller_manager/share/controller_manager/cmake/ament_cmake_export_dependencies-extras.cmake
-- Up-to-date symlink: /home/thomas/MobileRobot/ws_new/install/controller_manager/share/controller_manager/cmake/ament_cmake_export_targets-extras.cmake
-- Up-to-date symlink: /home/thomas/MobileRobot/ws_new/install/controller_manager/share/controller_manager/cmake/controller_managerConfig.cmake
-- Up-to-date symlink: /home/thomas/MobileRobot/ws_new/install/controller_manager/share/controller_manager/cmake/controller_managerConfig-version.cmake
-- Up-to-date symlink: /home/thomas/MobileRobot/ws_new/install/controller_manager/share/controller_manager/package.xml
-- Up-to-date symlink: /home/thomas/MobileRobot/ws_new/install/controller_manager/include/controller_manager/controller_manager/version.h
-- Up-to-date: /home/thomas/MobileRobot/ws_new/install/controller_manager/lib/libcontroller_manager.so
Listing '/home/thomas/MobileRobot/ws_new/install/controller_manager/lib/python3.12/site-packages/controller_manager'...
-- Up-to-date: /home/thomas/MobileRobot/ws_new/install/controller_manager/share/controller_manager/cmake/export_controller_managerExport.cmake
-- Up-to-date: /home/thomas/MobileRobot/ws_new/install/controller_manager/share/controller_manager/cmake/export_controller_managerExport-noconfig.cmake
