[0.107s] Invoking command in '/home/thomas/MobileRobot/ws_new/build/diagnostic_msgs': AMENT_PREFIX_PATH=/home/thomas/MobileRobot/ws_new/install/geometry_msgs:/home/thomas/MobileRobot/ws_new/install/std_msgs:${AMENT_PREFIX_PATH} CMAKE_PREFIX_PATH=/home/thomas/MobileRobot/ws_new/install/geometry_msgs:/home/thomas/MobileRobot/ws_new/install/std_msgs:/opt/ros/jazzy/opt/gz_sim_vendor:/opt/ros/jazzy/opt/gz_sensors_vendor:/opt/ros/jazzy/opt/gz_physics_vendor:/opt/ros/jazzy/opt/sdformat_vendor:/opt/ros/jazzy/opt/gz_gui_vendor:/opt/ros/jazzy/opt/gz_transport_vendor:/opt/ros/jazzy/opt/gz_rendering_vendor:/opt/ros/jazzy/opt/gz_plugin_vendor:/opt/ros/jazzy/opt/gz_fuel_tools_vendor:/opt/ros/jazzy/opt/gz_msgs_vendor:/opt/ros/jazzy/opt/gz_common_vendor:/opt/ros/jazzy/opt/gz_math_vendor:/opt/ros/jazzy/opt/gz_utils_vendor:/opt/ros/jazzy/opt/gz_tools_vendor:/opt/ros/jazzy/opt/gz_ogre_next_vendor:/opt/ros/jazzy/opt/gz_dartsim_vendor:/opt/ros/jazzy/opt/gz_cmake_vendor:/home/thomas/dev_ws/install/basic_mobile_robot:/opt/ros/jazzy DEBUGINFOD_URLS=https://debuginfod.ubuntu.com LD_LIBRARY_PATH=/home/thomas/MobileRobot/ws_new/install/geometry_msgs/lib:/home/thomas/MobileRobot/ws_new/install/std_msgs/lib:${LD_LIBRARY_PATH} PYTHONPATH=/home/thomas/MobileRobot/ws_new/install/geometry_msgs/lib/python3.12/site-packages:/home/thomas/MobileRobot/ws_new/install/std_msgs/lib/python3.12/site-packages:${PYTHONPATH} /usr/bin/cmake --build /home/thomas/MobileRobot/ws_new/build/diagnostic_msgs -- -j8 -l8
[0.333s] [  1%] Built target diagnostic_msgs__rosidl_generator_type_description
[0.478s] [  2%] Built target diagnostic_msgs__cpp
[0.511s] [  2%] Built target ament_cmake_python_copy_diagnostic_msgs
[0.522s] [ 25%] Built target diagnostic_msgs__rosidl_generator_c
[0.684s] [ 35%] Built target diagnostic_msgs__rosidl_typesupport_introspection_cpp
[0.689s] [ 44%] Built target diagnostic_msgs__rosidl_typesupport_introspection_c
[0.712s] [ 54%] Built target diagnostic_msgs__rosidl_typesupport_cpp
[0.717s] [ 63%] Built target diagnostic_msgs__rosidl_typesupport_c
[0.722s] [ 72%] Built target diagnostic_msgs__rosidl_typesupport_fastrtps_cpp
[0.722s] [ 82%] Built target diagnostic_msgs__rosidl_typesupport_fastrtps_c
[0.752s] [ 82%] Built target diagnostic_msgs
[0.806s] [ 83%] Built target diagnostic_msgs__py
[0.867s] [ 91%] Built target diagnostic_msgs__rosidl_generator_py
[0.916s] running egg_info
[0.951s] writing diagnostic_msgs.egg-info/PKG-INFO
[0.951s] writing dependency_links to diagnostic_msgs.egg-info/dependency_links.txt
[0.951s] writing top-level names to diagnostic_msgs.egg-info/top_level.txt
[0.959s] [ 98%] Built target diagnostic_msgs_s__rosidl_typesupport_c
[0.959s] [100%] Built target diagnostic_msgs_s__rosidl_typesupport_fastrtps_c
[0.959s] [100%] Built target diagnostic_msgs_s__rosidl_typesupport_introspection_c
[1.052s] reading manifest file 'diagnostic_msgs.egg-info/SOURCES.txt'
[1.053s] writing manifest file 'diagnostic_msgs.egg-info/SOURCES.txt'
[1.085s] [100%] Built target ament_cmake_python_build_diagnostic_msgs_egg
[1.102s] Invoked command in '/home/thomas/MobileRobot/ws_new/build/diagnostic_msgs' returned '0': AMENT_PREFIX_PATH=/home/thomas/MobileRobot/ws_new/install/geometry_msgs:/home/thomas/MobileRobot/ws_new/install/std_msgs:${AMENT_PREFIX_PATH} CMAKE_PREFIX_PATH=/home/thomas/MobileRobot/ws_new/install/geometry_msgs:/home/thomas/MobileRobot/ws_new/install/std_msgs:/opt/ros/jazzy/opt/gz_sim_vendor:/opt/ros/jazzy/opt/gz_sensors_vendor:/opt/ros/jazzy/opt/gz_physics_vendor:/opt/ros/jazzy/opt/sdformat_vendor:/opt/ros/jazzy/opt/gz_gui_vendor:/opt/ros/jazzy/opt/gz_transport_vendor:/opt/ros/jazzy/opt/gz_rendering_vendor:/opt/ros/jazzy/opt/gz_plugin_vendor:/opt/ros/jazzy/opt/gz_fuel_tools_vendor:/opt/ros/jazzy/opt/gz_msgs_vendor:/opt/ros/jazzy/opt/gz_common_vendor:/opt/ros/jazzy/opt/gz_math_vendor:/opt/ros/jazzy/opt/gz_utils_vendor:/opt/ros/jazzy/opt/gz_tools_vendor:/opt/ros/jazzy/opt/gz_ogre_next_vendor:/opt/ros/jazzy/opt/gz_dartsim_vendor:/opt/ros/jazzy/opt/gz_cmake_vendor:/home/thomas/dev_ws/install/basic_mobile_robot:/opt/ros/jazzy DEBUGINFOD_URLS=https://debuginfod.ubuntu.com LD_LIBRARY_PATH=/home/thomas/MobileRobot/ws_new/install/geometry_msgs/lib:/home/thomas/MobileRobot/ws_new/install/std_msgs/lib:${LD_LIBRARY_PATH} PYTHONPATH=/home/thomas/MobileRobot/ws_new/install/geometry_msgs/lib/python3.12/site-packages:/home/thomas/MobileRobot/ws_new/install/std_msgs/lib/python3.12/site-packages:${PYTHONPATH} /usr/bin/cmake --build /home/thomas/MobileRobot/ws_new/build/diagnostic_msgs -- -j8 -l8
[1.113s] Invoking command in '/home/thomas/MobileRobot/ws_new/build/diagnostic_msgs': AMENT_PREFIX_PATH=/home/thomas/MobileRobot/ws_new/install/geometry_msgs:/home/thomas/MobileRobot/ws_new/install/std_msgs:${AMENT_PREFIX_PATH} CMAKE_PREFIX_PATH=/home/thomas/MobileRobot/ws_new/install/geometry_msgs:/home/thomas/MobileRobot/ws_new/install/std_msgs:/opt/ros/jazzy/opt/gz_sim_vendor:/opt/ros/jazzy/opt/gz_sensors_vendor:/opt/ros/jazzy/opt/gz_physics_vendor:/opt/ros/jazzy/opt/sdformat_vendor:/opt/ros/jazzy/opt/gz_gui_vendor:/opt/ros/jazzy/opt/gz_transport_vendor:/opt/ros/jazzy/opt/gz_rendering_vendor:/opt/ros/jazzy/opt/gz_plugin_vendor:/opt/ros/jazzy/opt/gz_fuel_tools_vendor:/opt/ros/jazzy/opt/gz_msgs_vendor:/opt/ros/jazzy/opt/gz_common_vendor:/opt/ros/jazzy/opt/gz_math_vendor:/opt/ros/jazzy/opt/gz_utils_vendor:/opt/ros/jazzy/opt/gz_tools_vendor:/opt/ros/jazzy/opt/gz_ogre_next_vendor:/opt/ros/jazzy/opt/gz_dartsim_vendor:/opt/ros/jazzy/opt/gz_cmake_vendor:/home/thomas/dev_ws/install/basic_mobile_robot:/opt/ros/jazzy DEBUGINFOD_URLS=https://debuginfod.ubuntu.com LD_LIBRARY_PATH=/home/thomas/MobileRobot/ws_new/install/geometry_msgs/lib:/home/thomas/MobileRobot/ws_new/install/std_msgs/lib:${LD_LIBRARY_PATH} PYTHONPATH=/home/thomas/MobileRobot/ws_new/install/geometry_msgs/lib/python3.12/site-packages:/home/thomas/MobileRobot/ws_new/install/std_msgs/lib/python3.12/site-packages:${PYTHONPATH} /usr/bin/cmake --install /home/thomas/MobileRobot/ws_new/build/diagnostic_msgs
[1.125s] -- Install configuration: ""
[1.130s] -- Up-to-date: /home/thomas/MobileRobot/ws_new/install/diagnostic_msgs/share/ament_index/resource_index/rosidl_interfaces/diagnostic_msgs
[1.131s] -- Up-to-date: /home/thomas/MobileRobot/ws_new/install/diagnostic_msgs/share/diagnostic_msgs/msg/DiagnosticArray.json
[1.131s] -- Up-to-date: /home/thomas/MobileRobot/ws_new/install/diagnostic_msgs/share/diagnostic_msgs/msg/DiagnosticStatus.json
[1.131s] -- Up-to-date: /home/thomas/MobileRobot/ws_new/install/diagnostic_msgs/share/diagnostic_msgs/msg/KeyValue.json
[1.131s] -- Up-to-date: /home/thomas/MobileRobot/ws_new/install/diagnostic_msgs/share/diagnostic_msgs/srv/AddDiagnostics.json
[1.131s] -- Up-to-date: /home/thomas/MobileRobot/ws_new/install/diagnostic_msgs/share/diagnostic_msgs/srv/SelfTest.json
[1.132s] -- Up-to-date: /home/thomas/MobileRobot/ws_new/install/diagnostic_msgs/include/diagnostic_msgs/diagnostic_msgs
[1.132s] -- Up-to-date: /home/thomas/MobileRobot/ws_new/install/diagnostic_msgs/include/diagnostic_msgs/diagnostic_msgs/srv
[1.132s] -- Up-to-date: /home/thomas/MobileRobot/ws_new/install/diagnostic_msgs/include/diagnostic_msgs/diagnostic_msgs/srv/detail
[1.132s] -- Installing: /home/thomas/MobileRobot/ws_new/install/diagnostic_msgs/include/diagnostic_msgs/diagnostic_msgs/srv/detail/add_diagnostics__type_support.c
[1.147s] -- Up-to-date: /home/thomas/MobileRobot/ws_new/install/diagnostic_msgs/include/diagnostic_msgs/diagnostic_msgs/srv/detail/self_test__struct.h
[1.147s] -- Installing: /home/thomas/MobileRobot/ws_new/install/diagnostic_msgs/include/diagnostic_msgs/diagnostic_msgs/srv/detail/self_test__type_support.c
[1.152s] -- Up-to-date: /home/thomas/MobileRobot/ws_new/install/diagnostic_msgs/include/diagnostic_msgs/diagnostic_msgs/srv/detail/self_test__type_support.h
[1.153s] -- Up-to-date: /home/thomas/MobileRobot/ws_new/install/diagnostic_msgs/include/diagnostic_msgs/diagnostic_msgs/srv/detail/self_test__description.c
[1.153s] -- Up-to-date: /home/thomas/MobileRobot/ws_new/install/diagnostic_msgs/include/diagnostic_msgs/diagnostic_msgs/srv/detail/add_diagnostics__type_support.h
[1.153s] -- Up-to-date: /home/thomas/MobileRobot/ws_new/install/diagnostic_msgs/include/diagnostic_msgs/diagnostic_msgs/srv/detail/add_diagnostics__description.c
[1.153s] -- Up-to-date: /home/thomas/MobileRobot/ws_new/install/diagnostic_msgs/include/diagnostic_msgs/diagnostic_msgs/srv/detail/add_diagnostics__struct.h
[1.154s] -- Up-to-date: /home/thomas/MobileRobot/ws_new/install/diagnostic_msgs/include/diagnostic_msgs/diagnostic_msgs/srv/detail/add_diagnostics__functions.h
[1.154s] -- Up-to-date: /home/thomas/MobileRobot/ws_new/install/diagnostic_msgs/include/diagnostic_msgs/diagnostic_msgs/srv/detail/self_test__functions.h
[1.154s] -- Up-to-date: /home/thomas/MobileRobot/ws_new/install/diagnostic_msgs/include/diagnostic_msgs/diagnostic_msgs/srv/detail/self_test__functions.c
[1.154s] -- Up-to-date: /home/thomas/MobileRobot/ws_new/install/diagnostic_msgs/include/diagnostic_msgs/diagnostic_msgs/srv/detail/add_diagnostics__functions.c
[1.154s] -- Up-to-date: /home/thomas/MobileRobot/ws_new/install/diagnostic_msgs/include/diagnostic_msgs/diagnostic_msgs/srv/self_test.h
[1.154s] -- Up-to-date: /home/thomas/MobileRobot/ws_new/install/diagnostic_msgs/include/diagnostic_msgs/diagnostic_msgs/srv/add_diagnostics.h
[1.154s] -- Up-to-date: /home/thomas/MobileRobot/ws_new/install/diagnostic_msgs/include/diagnostic_msgs/diagnostic_msgs/msg
[1.154s] -- Up-to-date: /home/thomas/MobileRobot/ws_new/install/diagnostic_msgs/include/diagnostic_msgs/diagnostic_msgs/msg/detail
[1.154s] -- Up-to-date: /home/thomas/MobileRobot/ws_new/install/diagnostic_msgs/include/diagnostic_msgs/diagnostic_msgs/msg/detail/key_value__functions.h
[1.154s] -- Up-to-date: /home/thomas/MobileRobot/ws_new/install/diagnostic_msgs/include/diagnostic_msgs/diagnostic_msgs/msg/detail/diagnostic_status__struct.h
[1.154s] -- Up-to-date: /home/thomas/MobileRobot/ws_new/install/diagnostic_msgs/include/diagnostic_msgs/diagnostic_msgs/msg/detail/diagnostic_array__description.c
[1.154s] -- Up-to-date: /home/thomas/MobileRobot/ws_new/install/diagnostic_msgs/include/diagnostic_msgs/diagnostic_msgs/msg/detail/key_value__type_support.h
[1.154s] -- Installing: /home/thomas/MobileRobot/ws_new/install/diagnostic_msgs/include/diagnostic_msgs/diagnostic_msgs/msg/detail/diagnostic_status__type_support.c
[1.158s] -- Up-to-date: /home/thomas/MobileRobot/ws_new/install/diagnostic_msgs/include/diagnostic_msgs/diagnostic_msgs/msg/detail/diagnostic_status__type_support.h
[1.158s] -- Up-to-date: /home/thomas/MobileRobot/ws_new/install/diagnostic_msgs/include/diagnostic_msgs/diagnostic_msgs/msg/detail/diagnostic_array__functions.h
[1.177s] -- Up-to-date: /home/thomas/MobileRobot/ws_new/install/diagnostic_msgs/include/diagnostic_msgs/diagnostic_msgs/msg/detail/diagnostic_array__type_support.h
[1.178s] -- Up-to-date: /home/thomas/MobileRobot/ws_new/install/diagnostic_msgs/include/diagnostic_msgs/diagnostic_msgs/msg/detail/diagnostic_array__struct.h
[1.185s] -- Up-to-date: /home/thomas/MobileRobot/ws_new/install/diagnostic_msgs/include/diagnostic_msgs/diagnostic_msgs/msg/detail/diagnostic_status__functions.c
[1.185s] -- Up-to-date: /home/thomas/MobileRobot/ws_new/install/diagnostic_msgs/include/diagnostic_msgs/diagnostic_msgs/msg/detail/key_value__functions.c
[1.185s] -- Up-to-date: /home/thomas/MobileRobot/ws_new/install/diagnostic_msgs/include/diagnostic_msgs/diagnostic_msgs/msg/detail/key_value__struct.h
[1.185s] -- Installing: /home/thomas/MobileRobot/ws_new/install/diagnostic_msgs/include/diagnostic_msgs/diagnostic_msgs/msg/detail/diagnostic_array__type_support.c
[1.186s] -- Up-to-date: /home/thomas/MobileRobot/ws_new/install/diagnostic_msgs/include/diagnostic_msgs/diagnostic_msgs/msg/detail/key_value__description.c
[1.186s] -- Up-to-date: /home/thomas/MobileRobot/ws_new/install/diagnostic_msgs/include/diagnostic_msgs/diagnostic_msgs/msg/detail/diagnostic_status__functions.h
[1.186s] -- Installing: /home/thomas/MobileRobot/ws_new/install/diagnostic_msgs/include/diagnostic_msgs/diagnostic_msgs/msg/detail/key_value__type_support.c
[1.186s] -- Up-to-date: /home/thomas/MobileRobot/ws_new/install/diagnostic_msgs/include/diagnostic_msgs/diagnostic_msgs/msg/detail/diagnostic_array__functions.c
[1.186s] -- Up-to-date: /home/thomas/MobileRobot/ws_new/install/diagnostic_msgs/include/diagnostic_msgs/diagnostic_msgs/msg/detail/diagnostic_status__description.c
[1.186s] -- Up-to-date: /home/thomas/MobileRobot/ws_new/install/diagnostic_msgs/include/diagnostic_msgs/diagnostic_msgs/msg/diagnostic_array.h
[1.186s] -- Up-to-date: /home/thomas/MobileRobot/ws_new/install/diagnostic_msgs/include/diagnostic_msgs/diagnostic_msgs/msg/diagnostic_status.h
[1.186s] -- Up-to-date: /home/thomas/MobileRobot/ws_new/install/diagnostic_msgs/include/diagnostic_msgs/diagnostic_msgs/msg/rosidl_generator_c__visibility_control.h
[1.187s] -- Up-to-date: /home/thomas/MobileRobot/ws_new/install/diagnostic_msgs/include/diagnostic_msgs/diagnostic_msgs/msg/key_value.h
[1.187s] -- Up-to-date: /home/thomas/MobileRobot/ws_new/install/diagnostic_msgs/share/diagnostic_msgs/environment/library_path.sh
[1.187s] -- Up-to-date: /home/thomas/MobileRobot/ws_new/install/diagnostic_msgs/share/diagnostic_msgs/environment/library_path.dsv
[1.199s] -- Up-to-date: /home/thomas/MobileRobot/ws_new/install/diagnostic_msgs/lib/libdiagnostic_msgs__rosidl_generator_c.so
[1.200s] -- Up-to-date: /home/thomas/MobileRobot/ws_new/install/diagnostic_msgs/include/diagnostic_msgs/diagnostic_msgs
[1.201s] -- Up-to-date: /home/thomas/MobileRobot/ws_new/install/diagnostic_msgs/include/diagnostic_msgs/diagnostic_msgs/srv
[1.201s] -- Up-to-date: /home/thomas/MobileRobot/ws_new/install/diagnostic_msgs/include/diagnostic_msgs/diagnostic_msgs/srv/detail
[1.202s] -- Up-to-date: /home/thomas/MobileRobot/ws_new/install/diagnostic_msgs/include/diagnostic_msgs/diagnostic_msgs/srv/detail/add_diagnostics__rosidl_typesupport_fastrtps_c.h
[1.202s] -- Up-to-date: /home/thomas/MobileRobot/ws_new/install/diagnostic_msgs/include/diagnostic_msgs/diagnostic_msgs/srv/detail/self_test__rosidl_typesupport_fastrtps_c.h
[1.202s] -- Up-to-date: /home/thomas/MobileRobot/ws_new/install/diagnostic_msgs/include/diagnostic_msgs/diagnostic_msgs/msg
[1.203s] -- Up-to-date: /home/thomas/MobileRobot/ws_new/install/diagnostic_msgs/include/diagnostic_msgs/diagnostic_msgs/msg/detail
[1.203s] -- Up-to-date: /home/thomas/MobileRobot/ws_new/install/diagnostic_msgs/include/diagnostic_msgs/diagnostic_msgs/msg/detail/diagnostic_status__rosidl_typesupport_fastrtps_c.h
[1.203s] -- Up-to-date: /home/thomas/MobileRobot/ws_new/install/diagnostic_msgs/include/diagnostic_msgs/diagnostic_msgs/msg/detail/diagnostic_array__rosidl_typesupport_fastrtps_c.h
[1.203s] -- Up-to-date: /home/thomas/MobileRobot/ws_new/install/diagnostic_msgs/include/diagnostic_msgs/diagnostic_msgs/msg/detail/key_value__rosidl_typesupport_fastrtps_c.h
[1.204s] -- Up-to-date: /home/thomas/MobileRobot/ws_new/install/diagnostic_msgs/include/diagnostic_msgs/diagnostic_msgs/msg/rosidl_typesupport_fastrtps_c__visibility_control.h
[1.210s] -- Up-to-date: /home/thomas/MobileRobot/ws_new/install/diagnostic_msgs/lib/libdiagnostic_msgs__rosidl_typesupport_fastrtps_c.so
[1.212s] -- Up-to-date: /home/thomas/MobileRobot/ws_new/install/diagnostic_msgs/include/diagnostic_msgs/diagnostic_msgs
[1.212s] -- Up-to-date: /home/thomas/MobileRobot/ws_new/install/diagnostic_msgs/include/diagnostic_msgs/diagnostic_msgs/srv
[1.212s] -- Up-to-date: /home/thomas/MobileRobot/ws_new/install/diagnostic_msgs/include/diagnostic_msgs/diagnostic_msgs/srv/detail
[1.213s] -- Installing: /home/thomas/MobileRobot/ws_new/install/diagnostic_msgs/include/diagnostic_msgs/diagnostic_msgs/srv/detail/add_diagnostics__type_support.c
[1.224s] -- Installing: /home/thomas/MobileRobot/ws_new/install/diagnostic_msgs/include/diagnostic_msgs/diagnostic_msgs/srv/detail/self_test__type_support.c
[1.229s] -- Up-to-date: /home/thomas/MobileRobot/ws_new/install/diagnostic_msgs/include/diagnostic_msgs/diagnostic_msgs/srv/detail/self_test__rosidl_typesupport_introspection_c.h
[1.229s] -- Up-to-date: /home/thomas/MobileRobot/ws_new/install/diagnostic_msgs/include/diagnostic_msgs/diagnostic_msgs/srv/detail/add_diagnostics__rosidl_typesupport_introspection_c.h
[1.230s] -- Up-to-date: /home/thomas/MobileRobot/ws_new/install/diagnostic_msgs/include/diagnostic_msgs/diagnostic_msgs/msg
[1.230s] -- Up-to-date: /home/thomas/MobileRobot/ws_new/install/diagnostic_msgs/include/diagnostic_msgs/diagnostic_msgs/msg/detail
[1.231s] -- Up-to-date: /home/thomas/MobileRobot/ws_new/install/diagnostic_msgs/include/diagnostic_msgs/diagnostic_msgs/msg/detail/diagnostic_status__rosidl_typesupport_introspection_c.h
[1.231s] -- Installing: /home/thomas/MobileRobot/ws_new/install/diagnostic_msgs/include/diagnostic_msgs/diagnostic_msgs/msg/detail/diagnostic_status__type_support.c
[1.241s] -- Up-to-date: /home/thomas/MobileRobot/ws_new/install/diagnostic_msgs/include/diagnostic_msgs/diagnostic_msgs/msg/detail/key_value__rosidl_typesupport_introspection_c.h
[1.241s] -- Installing: /home/thomas/MobileRobot/ws_new/install/diagnostic_msgs/include/diagnostic_msgs/diagnostic_msgs/msg/detail/diagnostic_array__type_support.c
[1.249s] -- Up-to-date: /home/thomas/MobileRobot/ws_new/install/diagnostic_msgs/include/diagnostic_msgs/diagnostic_msgs/msg/detail/diagnostic_array__rosidl_typesupport_introspection_c.h
[1.249s] -- Installing: /home/thomas/MobileRobot/ws_new/install/diagnostic_msgs/include/diagnostic_msgs/diagnostic_msgs/msg/detail/key_value__type_support.c
[1.250s] -- Up-to-date: /home/thomas/MobileRobot/ws_new/install/diagnostic_msgs/include/diagnostic_msgs/diagnostic_msgs/msg/rosidl_typesupport_introspection_c__visibility_control.h
[1.262s] -- Up-to-date: /home/thomas/MobileRobot/ws_new/install/diagnostic_msgs/lib/libdiagnostic_msgs__rosidl_typesupport_introspection_c.so
[1.276s] -- Up-to-date: /home/thomas/MobileRobot/ws_new/install/diagnostic_msgs/lib/libdiagnostic_msgs__rosidl_typesupport_c.so
[1.277s] -- Up-to-date: /home/thomas/MobileRobot/ws_new/install/diagnostic_msgs/include/diagnostic_msgs/diagnostic_msgs
[1.278s] -- Up-to-date: /home/thomas/MobileRobot/ws_new/install/diagnostic_msgs/include/diagnostic_msgs/diagnostic_msgs/srv
[1.279s] -- Up-to-date: /home/thomas/MobileRobot/ws_new/install/diagnostic_msgs/include/diagnostic_msgs/diagnostic_msgs/srv/detail
[1.279s] -- Up-to-date: /home/thomas/MobileRobot/ws_new/install/diagnostic_msgs/include/diagnostic_msgs/diagnostic_msgs/srv/detail/self_test__traits.hpp
[1.280s] -- Up-to-date: /home/thomas/MobileRobot/ws_new/install/diagnostic_msgs/include/diagnostic_msgs/diagnostic_msgs/srv/detail/add_diagnostics__type_support.hpp
[1.281s] -- Up-to-date: /home/thomas/MobileRobot/ws_new/install/diagnostic_msgs/include/diagnostic_msgs/diagnostic_msgs/srv/detail/self_test__builder.hpp
[1.281s] -- Up-to-date: /home/thomas/MobileRobot/ws_new/install/diagnostic_msgs/include/diagnostic_msgs/diagnostic_msgs/srv/detail/self_test__struct.hpp
[1.282s] -- Up-to-date: /home/thomas/MobileRobot/ws_new/install/diagnostic_msgs/include/diagnostic_msgs/diagnostic_msgs/srv/detail/self_test__type_support.hpp
[1.282s] -- Up-to-date: /home/thomas/MobileRobot/ws_new/install/diagnostic_msgs/include/diagnostic_msgs/diagnostic_msgs/srv/detail/add_diagnostics__struct.hpp
[1.283s] -- Up-to-date: /home/thomas/MobileRobot/ws_new/install/diagnostic_msgs/include/diagnostic_msgs/diagnostic_msgs/srv/detail/add_diagnostics__builder.hpp
[1.283s] -- Up-to-date: /home/thomas/MobileRobot/ws_new/install/diagnostic_msgs/include/diagnostic_msgs/diagnostic_msgs/srv/detail/add_diagnostics__traits.hpp
[1.284s] -- Up-to-date: /home/thomas/MobileRobot/ws_new/install/diagnostic_msgs/include/diagnostic_msgs/diagnostic_msgs/srv/add_diagnostics.hpp
[1.284s] -- Up-to-date: /home/thomas/MobileRobot/ws_new/install/diagnostic_msgs/include/diagnostic_msgs/diagnostic_msgs/srv/self_test.hpp
[1.285s] -- Up-to-date: /home/thomas/MobileRobot/ws_new/install/diagnostic_msgs/include/diagnostic_msgs/diagnostic_msgs/msg
[1.286s] -- Up-to-date: /home/thomas/MobileRobot/ws_new/install/diagnostic_msgs/include/diagnostic_msgs/diagnostic_msgs/msg/detail
[1.286s] -- Up-to-date: /home/thomas/MobileRobot/ws_new/install/diagnostic_msgs/include/diagnostic_msgs/diagnostic_msgs/msg/detail/diagnostic_array__type_support.hpp
[1.287s] -- Up-to-date: /home/thomas/MobileRobot/ws_new/install/diagnostic_msgs/include/diagnostic_msgs/diagnostic_msgs/msg/detail/diagnostic_array__traits.hpp
[1.287s] -- Up-to-date: /home/thomas/MobileRobot/ws_new/install/diagnostic_msgs/include/diagnostic_msgs/diagnostic_msgs/msg/detail/diagnostic_status__traits.hpp
[1.288s] -- Up-to-date: /home/thomas/MobileRobot/ws_new/install/diagnostic_msgs/include/diagnostic_msgs/diagnostic_msgs/msg/detail/diagnostic_array__struct.hpp
[1.288s] -- Up-to-date: /home/thomas/MobileRobot/ws_new/install/diagnostic_msgs/include/diagnostic_msgs/diagnostic_msgs/msg/detail/key_value__struct.hpp
[1.288s] -- Up-to-date: /home/thomas/MobileRobot/ws_new/install/diagnostic_msgs/include/diagnostic_msgs/diagnostic_msgs/msg/detail/diagnostic_status__struct.hpp
[1.288s] -- Up-to-date: /home/thomas/MobileRobot/ws_new/install/diagnostic_msgs/include/diagnostic_msgs/diagnostic_msgs/msg/detail/diagnostic_status__type_support.hpp
[1.289s] -- Up-to-date: /home/thomas/MobileRobot/ws_new/install/diagnostic_msgs/include/diagnostic_msgs/diagnostic_msgs/msg/detail/key_value__type_support.hpp
[1.289s] -- Up-to-date: /home/thomas/MobileRobot/ws_new/install/diagnostic_msgs/include/diagnostic_msgs/diagnostic_msgs/msg/detail/diagnostic_status__builder.hpp
[1.289s] -- Up-to-date: /home/thomas/MobileRobot/ws_new/install/diagnostic_msgs/include/diagnostic_msgs/diagnostic_msgs/msg/detail/key_value__builder.hpp
[1.290s] -- Up-to-date: /home/thomas/MobileRobot/ws_new/install/diagnostic_msgs/include/diagnostic_msgs/diagnostic_msgs/msg/detail/key_value__traits.hpp
[1.290s] -- Up-to-date: /home/thomas/MobileRobot/ws_new/install/diagnostic_msgs/include/diagnostic_msgs/diagnostic_msgs/msg/detail/diagnostic_array__builder.hpp
[1.290s] -- Up-to-date: /home/thomas/MobileRobot/ws_new/install/diagnostic_msgs/include/diagnostic_msgs/diagnostic_msgs/msg/key_value.hpp
[1.290s] -- Up-to-date: /home/thomas/MobileRobot/ws_new/install/diagnostic_msgs/include/diagnostic_msgs/diagnostic_msgs/msg/diagnostic_status.hpp
[1.291s] -- Up-to-date: /home/thomas/MobileRobot/ws_new/install/diagnostic_msgs/include/diagnostic_msgs/diagnostic_msgs/msg/diagnostic_array.hpp
[1.291s] -- Up-to-date: /home/thomas/MobileRobot/ws_new/install/diagnostic_msgs/include/diagnostic_msgs/diagnostic_msgs/msg/rosidl_generator_cpp__visibility_control.hpp
[1.291s] -- Up-to-date: /home/thomas/MobileRobot/ws_new/install/diagnostic_msgs/include/diagnostic_msgs/diagnostic_msgs
[1.291s] -- Up-to-date: /home/thomas/MobileRobot/ws_new/install/diagnostic_msgs/include/diagnostic_msgs/diagnostic_msgs/srv
[1.292s] -- Up-to-date: /home/thomas/MobileRobot/ws_new/install/diagnostic_msgs/include/diagnostic_msgs/diagnostic_msgs/srv/detail
[1.292s] -- Up-to-date: /home/thomas/MobileRobot/ws_new/install/diagnostic_msgs/include/diagnostic_msgs/diagnostic_msgs/srv/detail/self_test__rosidl_typesupport_fastrtps_cpp.hpp
[1.292s] -- Up-to-date: /home/thomas/MobileRobot/ws_new/install/diagnostic_msgs/include/diagnostic_msgs/diagnostic_msgs/srv/detail/add_diagnostics__rosidl_typesupport_fastrtps_cpp.hpp
[1.292s] -- Up-to-date: /home/thomas/MobileRobot/ws_new/install/diagnostic_msgs/include/diagnostic_msgs/diagnostic_msgs/srv/detail/dds_fastrtps
[1.293s] -- Up-to-date: /home/thomas/MobileRobot/ws_new/install/diagnostic_msgs/include/diagnostic_msgs/diagnostic_msgs/msg
[1.293s] -- Up-to-date: /home/thomas/MobileRobot/ws_new/install/diagnostic_msgs/include/diagnostic_msgs/diagnostic_msgs/msg/detail
[1.293s] -- Up-to-date: /home/thomas/MobileRobot/ws_new/install/diagnostic_msgs/include/diagnostic_msgs/diagnostic_msgs/msg/detail/diagnostic_status__rosidl_typesupport_fastrtps_cpp.hpp
[1.293s] -- Up-to-date: /home/thomas/MobileRobot/ws_new/install/diagnostic_msgs/include/diagnostic_msgs/diagnostic_msgs/msg/detail/diagnostic_array__rosidl_typesupport_fastrtps_cpp.hpp
[1.294s] -- Up-to-date: /home/thomas/MobileRobot/ws_new/install/diagnostic_msgs/include/diagnostic_msgs/diagnostic_msgs/msg/detail/dds_fastrtps
[1.294s] -- Up-to-date: /home/thomas/MobileRobot/ws_new/install/diagnostic_msgs/include/diagnostic_msgs/diagnostic_msgs/msg/detail/key_value__rosidl_typesupport_fastrtps_cpp.hpp
[1.294s] -- Up-to-date: /home/thomas/MobileRobot/ws_new/install/diagnostic_msgs/include/diagnostic_msgs/diagnostic_msgs/msg/rosidl_typesupport_fastrtps_cpp__visibility_control.h
[1.307s] -- Up-to-date: /home/thomas/MobileRobot/ws_new/install/diagnostic_msgs/lib/libdiagnostic_msgs__rosidl_typesupport_fastrtps_cpp.so
[1.309s] -- Up-to-date: /home/thomas/MobileRobot/ws_new/install/diagnostic_msgs/include/diagnostic_msgs/diagnostic_msgs
[1.309s] -- Up-to-date: /home/thomas/MobileRobot/ws_new/install/diagnostic_msgs/include/diagnostic_msgs/diagnostic_msgs/srv
[1.310s] -- Up-to-date: /home/thomas/MobileRobot/ws_new/install/diagnostic_msgs/include/diagnostic_msgs/diagnostic_msgs/srv/detail
[1.329s] -- Up-to-date: /home/thomas/MobileRobot/ws_new/install/diagnostic_msgs/include/diagnostic_msgs/diagnostic_msgs/srv/detail/add_diagnostics__type_support.cpp
[1.329s] -- Up-to-date: /home/thomas/MobileRobot/ws_new/install/diagnostic_msgs/include/diagnostic_msgs/diagnostic_msgs/srv/detail/self_test__rosidl_typesupport_introspection_cpp.hpp
[1.330s] -- Up-to-date: /home/thomas/MobileRobot/ws_new/install/diagnostic_msgs/include/diagnostic_msgs/diagnostic_msgs/srv/detail/self_test__type_support.cpp
[1.330s] -- Up-to-date: /home/thomas/MobileRobot/ws_new/install/diagnostic_msgs/include/diagnostic_msgs/diagnostic_msgs/srv/detail/add_diagnostics__rosidl_typesupport_introspection_cpp.hpp
[1.330s] -- Up-to-date: /home/thomas/MobileRobot/ws_new/install/diagnostic_msgs/include/diagnostic_msgs/diagnostic_msgs/msg
[1.330s] -- Up-to-date: /home/thomas/MobileRobot/ws_new/install/diagnostic_msgs/include/diagnostic_msgs/diagnostic_msgs/msg/detail
[1.331s] -- Up-to-date: /home/thomas/MobileRobot/ws_new/install/diagnostic_msgs/include/diagnostic_msgs/diagnostic_msgs/msg/detail/key_value__type_support.cpp
[1.331s] -- Up-to-date: /home/thomas/MobileRobot/ws_new/install/diagnostic_msgs/include/diagnostic_msgs/diagnostic_msgs/msg/detail/diagnostic_array__rosidl_typesupport_introspection_cpp.hpp
[1.331s] -- Up-to-date: /home/thomas/MobileRobot/ws_new/install/diagnostic_msgs/include/diagnostic_msgs/diagnostic_msgs/msg/detail/diagnostic_array__type_support.cpp
[1.332s] -- Up-to-date: /home/thomas/MobileRobot/ws_new/install/diagnostic_msgs/include/diagnostic_msgs/diagnostic_msgs/msg/detail/key_value__rosidl_typesupport_introspection_cpp.hpp
[1.332s] -- Up-to-date: /home/thomas/MobileRobot/ws_new/install/diagnostic_msgs/include/diagnostic_msgs/diagnostic_msgs/msg/detail/diagnostic_status__rosidl_typesupport_introspection_cpp.hpp
[1.332s] -- Up-to-date: /home/thomas/MobileRobot/ws_new/install/diagnostic_msgs/include/diagnostic_msgs/diagnostic_msgs/msg/detail/diagnostic_status__type_support.cpp
[1.332s] -- Up-to-date: /home/thomas/MobileRobot/ws_new/install/diagnostic_msgs/lib/libdiagnostic_msgs__rosidl_typesupport_introspection_cpp.so
[1.352s] -- Up-to-date: /home/thomas/MobileRobot/ws_new/install/diagnostic_msgs/lib/libdiagnostic_msgs__rosidl_typesupport_cpp.so
[1.354s] -- Up-to-date: /home/thomas/MobileRobot/ws_new/install/diagnostic_msgs/share/diagnostic_msgs/environment/pythonpath.sh
[1.354s] -- Up-to-date: /home/thomas/MobileRobot/ws_new/install/diagnostic_msgs/share/diagnostic_msgs/environment/pythonpath.dsv
[1.355s] -- Up-to-date: /home/thomas/MobileRobot/ws_new/install/diagnostic_msgs/lib/python3.12/site-packages/diagnostic_msgs-5.3.6-py3.12.egg-info
[1.355s] -- Installing: /home/thomas/MobileRobot/ws_new/install/diagnostic_msgs/lib/python3.12/site-packages/diagnostic_msgs-5.3.6-py3.12.egg-info/top_level.txt
[1.356s] -- Installing: /home/thomas/MobileRobot/ws_new/install/diagnostic_msgs/lib/python3.12/site-packages/diagnostic_msgs-5.3.6-py3.12.egg-info/SOURCES.txt
[1.357s] -- Installing: /home/thomas/MobileRobot/ws_new/install/diagnostic_msgs/lib/python3.12/site-packages/diagnostic_msgs-5.3.6-py3.12.egg-info/dependency_links.txt
[1.357s] -- Installing: /home/thomas/MobileRobot/ws_new/install/diagnostic_msgs/lib/python3.12/site-packages/diagnostic_msgs-5.3.6-py3.12.egg-info/PKG-INFO
[1.358s] -- Up-to-date: /home/thomas/MobileRobot/ws_new/install/diagnostic_msgs/lib/python3.12/site-packages/diagnostic_msgs
[1.359s] -- Up-to-date: /home/thomas/MobileRobot/ws_new/install/diagnostic_msgs/lib/python3.12/site-packages/diagnostic_msgs/__init__.py
[1.360s] -- Up-to-date: /home/thomas/MobileRobot/ws_new/install/diagnostic_msgs/lib/python3.12/site-packages/diagnostic_msgs/diagnostic_msgs_s__rosidl_typesupport_introspection_c.so
[1.360s] -- Up-to-date: /home/thomas/MobileRobot/ws_new/install/diagnostic_msgs/lib/python3.12/site-packages/diagnostic_msgs/srv
[1.361s] -- Up-to-date: /home/thomas/MobileRobot/ws_new/install/diagnostic_msgs/lib/python3.12/site-packages/diagnostic_msgs/srv/_self_test_s.c
[1.361s] -- Up-to-date: /home/thomas/MobileRobot/ws_new/install/diagnostic_msgs/lib/python3.12/site-packages/diagnostic_msgs/srv/__init__.py
[1.362s] -- Up-to-date: /home/thomas/MobileRobot/ws_new/install/diagnostic_msgs/lib/python3.12/site-packages/diagnostic_msgs/srv/_self_test.py
[1.362s] -- Up-to-date: /home/thomas/MobileRobot/ws_new/install/diagnostic_msgs/lib/python3.12/site-packages/diagnostic_msgs/srv/_add_diagnostics.py
[1.363s] -- Up-to-date: /home/thomas/MobileRobot/ws_new/install/diagnostic_msgs/lib/python3.12/site-packages/diagnostic_msgs/srv/_add_diagnostics_s.c
[1.364s] -- Up-to-date: /home/thomas/MobileRobot/ws_new/install/diagnostic_msgs/lib/python3.12/site-packages/diagnostic_msgs/diagnostic_msgs_s__rosidl_typesupport_fastrtps_c.so
[1.364s] -- Up-to-date: /home/thomas/MobileRobot/ws_new/install/diagnostic_msgs/lib/python3.12/site-packages/diagnostic_msgs/msg
[1.365s] -- Up-to-date: /home/thomas/MobileRobot/ws_new/install/diagnostic_msgs/lib/python3.12/site-packages/diagnostic_msgs/msg/_diagnostic_status.py
[1.365s] -- Up-to-date: /home/thomas/MobileRobot/ws_new/install/diagnostic_msgs/lib/python3.12/site-packages/diagnostic_msgs/msg/_diagnostic_array.py
[1.366s] -- Up-to-date: /home/thomas/MobileRobot/ws_new/install/diagnostic_msgs/lib/python3.12/site-packages/diagnostic_msgs/msg/__init__.py
[1.366s] -- Up-to-date: /home/thomas/MobileRobot/ws_new/install/diagnostic_msgs/lib/python3.12/site-packages/diagnostic_msgs/msg/_key_value_s.c
[1.366s] -- Up-to-date: /home/thomas/MobileRobot/ws_new/install/diagnostic_msgs/lib/python3.12/site-packages/diagnostic_msgs/msg/_diagnostic_array_s.c
[1.366s] -- Up-to-date: /home/thomas/MobileRobot/ws_new/install/diagnostic_msgs/lib/python3.12/site-packages/diagnostic_msgs/msg/_diagnostic_status_s.c
[1.367s] -- Up-to-date: /home/thomas/MobileRobot/ws_new/install/diagnostic_msgs/lib/python3.12/site-packages/diagnostic_msgs/msg/_key_value.py
[1.367s] -- Up-to-date: /home/thomas/MobileRobot/ws_new/install/diagnostic_msgs/lib/python3.12/site-packages/diagnostic_msgs/diagnostic_msgs_s__rosidl_typesupport_c.so
[1.367s] -- Up-to-date: /home/thomas/MobileRobot/ws_new/install/diagnostic_msgs/lib/python3.12/site-packages/diagnostic_msgs/_diagnostic_msgs_s.ep.rosidl_typesupport_introspection_c.c
[1.367s] -- Up-to-date: /home/thomas/MobileRobot/ws_new/install/diagnostic_msgs/lib/python3.12/site-packages/diagnostic_msgs/_diagnostic_msgs_s.ep.rosidl_typesupport_c.c
[1.367s] -- Up-to-date: /home/thomas/MobileRobot/ws_new/install/diagnostic_msgs/lib/python3.12/site-packages/diagnostic_msgs/_diagnostic_msgs_s.ep.rosidl_typesupport_fastrtps_c.c
[1.407s] Listing '/home/thomas/MobileRobot/ws_new/install/diagnostic_msgs/lib/python3.12/site-packages/diagnostic_msgs'...
[1.407s] Listing '/home/thomas/MobileRobot/ws_new/install/diagnostic_msgs/lib/python3.12/site-packages/diagnostic_msgs/msg'...
[1.407s] Listing '/home/thomas/MobileRobot/ws_new/install/diagnostic_msgs/lib/python3.12/site-packages/diagnostic_msgs/srv'...
[1.415s] -- Up-to-date: /home/thomas/MobileRobot/ws_new/install/diagnostic_msgs/lib/python3.12/site-packages/diagnostic_msgs/diagnostic_msgs_s__rosidl_typesupport_fastrtps_c.so
[1.416s] -- Up-to-date: /home/thomas/MobileRobot/ws_new/install/diagnostic_msgs/lib/python3.12/site-packages/diagnostic_msgs/diagnostic_msgs_s__rosidl_typesupport_introspection_c.so
[1.434s] -- Up-to-date: /home/thomas/MobileRobot/ws_new/install/diagnostic_msgs/lib/python3.12/site-packages/diagnostic_msgs/diagnostic_msgs_s__rosidl_typesupport_c.so
[1.451s] -- Up-to-date: /home/thomas/MobileRobot/ws_new/install/diagnostic_msgs/lib/libdiagnostic_msgs__rosidl_generator_py.so
[1.452s] -- Up-to-date: /home/thomas/MobileRobot/ws_new/install/diagnostic_msgs/share/diagnostic_msgs/msg/DiagnosticArray.idl
[1.454s] -- Up-to-date: /home/thomas/MobileRobot/ws_new/install/diagnostic_msgs/share/diagnostic_msgs/msg/DiagnosticStatus.idl
[1.454s] -- Up-to-date: /home/thomas/MobileRobot/ws_new/install/diagnostic_msgs/share/diagnostic_msgs/msg/KeyValue.idl
[1.455s] -- Up-to-date: /home/thomas/MobileRobot/ws_new/install/diagnostic_msgs/share/diagnostic_msgs/srv/AddDiagnostics.idl
[1.455s] -- Up-to-date: /home/thomas/MobileRobot/ws_new/install/diagnostic_msgs/share/diagnostic_msgs/srv/SelfTest.idl
[1.456s] -- Up-to-date: /home/thomas/MobileRobot/ws_new/install/diagnostic_msgs/share/diagnostic_msgs/msg/DiagnosticArray.msg
[1.457s] -- Up-to-date: /home/thomas/MobileRobot/ws_new/install/diagnostic_msgs/share/diagnostic_msgs/msg/DiagnosticStatus.msg
[1.457s] -- Up-to-date: /home/thomas/MobileRobot/ws_new/install/diagnostic_msgs/share/diagnostic_msgs/msg/KeyValue.msg
[1.458s] -- Up-to-date: /home/thomas/MobileRobot/ws_new/install/diagnostic_msgs/share/diagnostic_msgs/srv/AddDiagnostics.srv
[1.458s] -- Up-to-date: /home/thomas/MobileRobot/ws_new/install/diagnostic_msgs/share/diagnostic_msgs/srv/SelfTest.srv
[1.459s] -- Up-to-date: /home/thomas/MobileRobot/ws_new/install/diagnostic_msgs/share/ament_index/resource_index/package_run_dependencies/diagnostic_msgs
[1.460s] -- Up-to-date: /home/thomas/MobileRobot/ws_new/install/diagnostic_msgs/share/ament_index/resource_index/parent_prefix_path/diagnostic_msgs
[1.460s] -- Up-to-date: /home/thomas/MobileRobot/ws_new/install/diagnostic_msgs/share/diagnostic_msgs/environment/ament_prefix_path.sh
[1.461s] -- Up-to-date: /home/thomas/MobileRobot/ws_new/install/diagnostic_msgs/share/diagnostic_msgs/environment/ament_prefix_path.dsv
[1.461s] -- Up-to-date: /home/thomas/MobileRobot/ws_new/install/diagnostic_msgs/share/diagnostic_msgs/environment/path.sh
[1.461s] -- Up-to-date: /home/thomas/MobileRobot/ws_new/install/diagnostic_msgs/share/diagnostic_msgs/environment/path.dsv
[1.462s] -- Up-to-date: /home/thomas/MobileRobot/ws_new/install/diagnostic_msgs/share/diagnostic_msgs/local_setup.bash
[1.462s] -- Up-to-date: /home/thomas/MobileRobot/ws_new/install/diagnostic_msgs/share/diagnostic_msgs/local_setup.sh
[1.462s] -- Up-to-date: /home/thomas/MobileRobot/ws_new/install/diagnostic_msgs/share/diagnostic_msgs/local_setup.zsh
[1.463s] -- Up-to-date: /home/thomas/MobileRobot/ws_new/install/diagnostic_msgs/share/diagnostic_msgs/local_setup.dsv
[1.463s] -- Installing: /home/thomas/MobileRobot/ws_new/install/diagnostic_msgs/share/diagnostic_msgs/package.dsv
[1.470s] -- Up-to-date: /home/thomas/MobileRobot/ws_new/install/diagnostic_msgs/share/ament_index/resource_index/packages/diagnostic_msgs
[1.509s] -- Up-to-date: /home/thomas/MobileRobot/ws_new/install/diagnostic_msgs/share/diagnostic_msgs/cmake/export_diagnostic_msgs__rosidl_generator_cExport.cmake
[1.510s] -- Up-to-date: /home/thomas/MobileRobot/ws_new/install/diagnostic_msgs/share/diagnostic_msgs/cmake/export_diagnostic_msgs__rosidl_generator_cExport-noconfig.cmake
[1.510s] -- Up-to-date: /home/thomas/MobileRobot/ws_new/install/diagnostic_msgs/share/diagnostic_msgs/cmake/export_diagnostic_msgs__rosidl_typesupport_fastrtps_cExport.cmake
[1.511s] -- Up-to-date: /home/thomas/MobileRobot/ws_new/install/diagnostic_msgs/share/diagnostic_msgs/cmake/export_diagnostic_msgs__rosidl_typesupport_fastrtps_cExport-noconfig.cmake
[1.512s] -- Up-to-date: /home/thomas/MobileRobot/ws_new/install/diagnostic_msgs/share/diagnostic_msgs/cmake/diagnostic_msgs__rosidl_typesupport_introspection_cExport.cmake
[1.512s] -- Up-to-date: /home/thomas/MobileRobot/ws_new/install/diagnostic_msgs/share/diagnostic_msgs/cmake/diagnostic_msgs__rosidl_typesupport_introspection_cExport-noconfig.cmake
[1.513s] -- Up-to-date: /home/thomas/MobileRobot/ws_new/install/diagnostic_msgs/share/diagnostic_msgs/cmake/diagnostic_msgs__rosidl_typesupport_cExport.cmake
[1.513s] -- Up-to-date: /home/thomas/MobileRobot/ws_new/install/diagnostic_msgs/share/diagnostic_msgs/cmake/diagnostic_msgs__rosidl_typesupport_cExport-noconfig.cmake
[1.514s] -- Up-to-date: /home/thomas/MobileRobot/ws_new/install/diagnostic_msgs/share/diagnostic_msgs/cmake/export_diagnostic_msgs__rosidl_generator_cppExport.cmake
[1.514s] -- Up-to-date: /home/thomas/MobileRobot/ws_new/install/diagnostic_msgs/share/diagnostic_msgs/cmake/export_diagnostic_msgs__rosidl_typesupport_fastrtps_cppExport.cmake
[1.515s] -- Up-to-date: /home/thomas/MobileRobot/ws_new/install/diagnostic_msgs/share/diagnostic_msgs/cmake/export_diagnostic_msgs__rosidl_typesupport_fastrtps_cppExport-noconfig.cmake
[1.515s] -- Up-to-date: /home/thomas/MobileRobot/ws_new/install/diagnostic_msgs/share/diagnostic_msgs/cmake/diagnostic_msgs__rosidl_typesupport_introspection_cppExport.cmake
[1.516s] -- Up-to-date: /home/thomas/MobileRobot/ws_new/install/diagnostic_msgs/share/diagnostic_msgs/cmake/diagnostic_msgs__rosidl_typesupport_introspection_cppExport-noconfig.cmake
[1.517s] -- Up-to-date: /home/thomas/MobileRobot/ws_new/install/diagnostic_msgs/share/diagnostic_msgs/cmake/diagnostic_msgs__rosidl_typesupport_cppExport.cmake
[1.517s] -- Up-to-date: /home/thomas/MobileRobot/ws_new/install/diagnostic_msgs/share/diagnostic_msgs/cmake/diagnostic_msgs__rosidl_typesupport_cppExport-noconfig.cmake
[1.518s] -- Up-to-date: /home/thomas/MobileRobot/ws_new/install/diagnostic_msgs/share/diagnostic_msgs/cmake/export_diagnostic_msgs__rosidl_generator_pyExport.cmake
[1.518s] -- Up-to-date: /home/thomas/MobileRobot/ws_new/install/diagnostic_msgs/share/diagnostic_msgs/cmake/export_diagnostic_msgs__rosidl_generator_pyExport-noconfig.cmake
[1.519s] -- Up-to-date: /home/thomas/MobileRobot/ws_new/install/diagnostic_msgs/share/diagnostic_msgs/cmake/rosidl_cmake-extras.cmake
[1.520s] -- Up-to-date: /home/thomas/MobileRobot/ws_new/install/diagnostic_msgs/share/diagnostic_msgs/cmake/ament_cmake_export_dependencies-extras.cmake
[1.520s] -- Up-to-date: /home/thomas/MobileRobot/ws_new/install/diagnostic_msgs/share/diagnostic_msgs/cmake/ament_cmake_export_include_directories-extras.cmake
[1.521s] -- Up-to-date: /home/thomas/MobileRobot/ws_new/install/diagnostic_msgs/share/diagnostic_msgs/cmake/ament_cmake_export_libraries-extras.cmake
[1.535s] -- Up-to-date: /home/thomas/MobileRobot/ws_new/install/diagnostic_msgs/share/diagnostic_msgs/cmake/ament_cmake_export_targets-extras.cmake
[1.537s] -- Up-to-date: /home/thomas/MobileRobot/ws_new/install/diagnostic_msgs/share/diagnostic_msgs/cmake/rosidl_cmake_export_typesupport_targets-extras.cmake
[1.537s] -- Up-to-date: /home/thomas/MobileRobot/ws_new/install/diagnostic_msgs/share/diagnostic_msgs/cmake/rosidl_cmake_export_typesupport_libraries-extras.cmake
[1.538s] -- Up-to-date: /home/thomas/MobileRobot/ws_new/install/diagnostic_msgs/share/diagnostic_msgs/cmake/diagnostic_msgsConfig.cmake
[1.540s] -- Up-to-date: /home/thomas/MobileRobot/ws_new/install/diagnostic_msgs/share/diagnostic_msgs/cmake/diagnostic_msgsConfig-version.cmake
[1.541s] -- Up-to-date: /home/thomas/MobileRobot/ws_new/install/diagnostic_msgs/share/diagnostic_msgs/package.xml
[1.541s] Invoked command in '/home/thomas/MobileRobot/ws_new/build/diagnostic_msgs' returned '0': AMENT_PREFIX_PATH=/home/thomas/MobileRobot/ws_new/install/geometry_msgs:/home/thomas/MobileRobot/ws_new/install/std_msgs:${AMENT_PREFIX_PATH} CMAKE_PREFIX_PATH=/home/thomas/MobileRobot/ws_new/install/geometry_msgs:/home/thomas/MobileRobot/ws_new/install/std_msgs:/opt/ros/jazzy/opt/gz_sim_vendor:/opt/ros/jazzy/opt/gz_sensors_vendor:/opt/ros/jazzy/opt/gz_physics_vendor:/opt/ros/jazzy/opt/sdformat_vendor:/opt/ros/jazzy/opt/gz_gui_vendor:/opt/ros/jazzy/opt/gz_transport_vendor:/opt/ros/jazzy/opt/gz_rendering_vendor:/opt/ros/jazzy/opt/gz_plugin_vendor:/opt/ros/jazzy/opt/gz_fuel_tools_vendor:/opt/ros/jazzy/opt/gz_msgs_vendor:/opt/ros/jazzy/opt/gz_common_vendor:/opt/ros/jazzy/opt/gz_math_vendor:/opt/ros/jazzy/opt/gz_utils_vendor:/opt/ros/jazzy/opt/gz_tools_vendor:/opt/ros/jazzy/opt/gz_ogre_next_vendor:/opt/ros/jazzy/opt/gz_dartsim_vendor:/opt/ros/jazzy/opt/gz_cmake_vendor:/home/thomas/dev_ws/install/basic_mobile_robot:/opt/ros/jazzy DEBUGINFOD_URLS=https://debuginfod.ubuntu.com LD_LIBRARY_PATH=/home/thomas/MobileRobot/ws_new/install/geometry_msgs/lib:/home/thomas/MobileRobot/ws_new/install/std_msgs/lib:${LD_LIBRARY_PATH} PYTHONPATH=/home/thomas/MobileRobot/ws_new/install/geometry_msgs/lib/python3.12/site-packages:/home/thomas/MobileRobot/ws_new/install/std_msgs/lib/python3.12/site-packages:${PYTHONPATH} /usr/bin/cmake --install /home/thomas/MobileRobot/ws_new/build/diagnostic_msgs
