running egg_info
writing ../../build/navigation/navigation.egg-info/PKG-INFO
writing dependency_links to ../../build/navigation/navigation.egg-info/dependency_links.txt
writing entry points to ../../build/navigation/navigation.egg-info/entry_points.txt
writing requirements to ../../build/navigation/navigation.egg-info/requires.txt
writing top-level names to ../../build/navigation/navigation.egg-info/top_level.txt
reading manifest file '../../build/navigation/navigation.egg-info/SOURCES.txt'
writing manifest file '../../build/navigation/navigation.egg-info/SOURCES.txt'
running build
running build_py
copying navigation/GPS_path_planing.py -> /home/thomas/MobileRobot/ws_new/build/navigation/build/lib/navigation
copying navigation/gps_save_xy_subscriber.py -> /home/thomas/MobileRobot/ws_new/build/navigation/build/lib/navigation
running install
running install_lib
copying /home/thomas/MobileRobot/ws_new/build/navigation/build/lib/navigation/GPS_path_planing.py -> /home/thomas/MobileRobot/ws_new/install/navigation/lib/python3.12/site-packages/navigation
copying /home/thomas/MobileRobot/ws_new/build/navigation/build/lib/navigation/gps_save_xy_subscriber.py -> /home/thomas/MobileRobot/ws_new/install/navigation/lib/python3.12/site-packages/navigation
byte-compiling /home/thomas/MobileRobot/ws_new/install/navigation/lib/python3.12/site-packages/navigation/GPS_path_planing.py to GPS_path_planing.cpython-312.pyc
byte-compiling /home/thomas/MobileRobot/ws_new/install/navigation/lib/python3.12/site-packages/navigation/gps_save_xy_subscriber.py to gps_save_xy_subscriber.cpython-312.pyc
running install_data
running install_egg_info
removing '/home/thomas/MobileRobot/ws_new/install/navigation/lib/python3.12/site-packages/navigation-0.0.0-py3.12.egg-info' (and everything under it)
Copying ../../build/navigation/navigation.egg-info to /home/thomas/MobileRobot/ws_new/install/navigation/lib/python3.12/site-packages/navigation-0.0.0-py3.12.egg-info
running install_scripts
Installing gps_path_follow script to /home/thomas/MobileRobot/ws_new/install/navigation/lib/navigation
Installing nav_node script to /home/thomas/MobileRobot/ws_new/install/navigation/lib/navigation
Installing waypoint_follow script to /home/thomas/MobileRobot/ws_new/install/navigation/lib/navigation
writing list of installed files to '/home/thomas/MobileRobot/ws_new/build/navigation/install.log'
