[4.365s] Invoking command in '/home/thomas/MobileRobot/ws_new/src/navigation': DEBUGINFOD_URLS=https://debuginfod.ubuntu.com PYTHONPATH=/home/thomas/MobileRobot/ws_new/build/navigation/prefix_override:/usr/lib/python3/dist-packages/colcon_core/task/python/colcon_distutils_commands:/home/thomas/MobileRobot/ws_new/install/navigation/lib/python3.12/site-packages:${PYTHONPATH} /usr/bin/python3 -W ignore:setup.py install is deprecated -W ignore:easy_install command is deprecated setup.py egg_info --egg-base ../../build/navigation build --build-base /home/thomas/MobileRobot/ws_new/build/navigation/build install --record /home/thomas/MobileRobot/ws_new/build/navigation/install.log --single-version-externally-managed install_data
[5.372s] running egg_info
[5.454s] writing ../../build/navigation/navigation.egg-info/PKG-INFO
[5.455s] writing dependency_links to ../../build/navigation/navigation.egg-info/dependency_links.txt
[5.456s] writing entry points to ../../build/navigation/navigation.egg-info/entry_points.txt
[5.456s] writing requirements to ../../build/navigation/navigation.egg-info/requires.txt
[5.457s] writing top-level names to ../../build/navigation/navigation.egg-info/top_level.txt
[5.609s] reading manifest file '../../build/navigation/navigation.egg-info/SOURCES.txt'
[5.611s] writing manifest file '../../build/navigation/navigation.egg-info/SOURCES.txt'
[5.612s] running build
[5.612s] running build_py
[5.615s] running install
[5.632s] running install_lib
[5.709s] running install_data
[5.709s] running install_egg_info
[5.795s] removing '/home/thomas/MobileRobot/ws_new/install/navigation/lib/python3.12/site-packages/navigation-0.0.0-py3.12.egg-info' (and everything under it)
[5.795s] Copying ../../build/navigation/navigation.egg-info to /home/thomas/MobileRobot/ws_new/install/navigation/lib/python3.12/site-packages/navigation-0.0.0-py3.12.egg-info
[5.797s] running install_scripts
[6.306s] Installing gps_path_follow script to /home/thomas/MobileRobot/ws_new/install/navigation/lib/navigation
[6.306s] Installing nav_node script to /home/thomas/MobileRobot/ws_new/install/navigation/lib/navigation
[6.307s] Installing waypoint_follow script to /home/thomas/MobileRobot/ws_new/install/navigation/lib/navigation
[6.308s] writing list of installed files to '/home/thomas/MobileRobot/ws_new/build/navigation/install.log'
[6.416s] Invoked command in '/home/thomas/MobileRobot/ws_new/src/navigation' returned '0': DEBUGINFOD_URLS=https://debuginfod.ubuntu.com PYTHONPATH=/home/thomas/MobileRobot/ws_new/build/navigation/prefix_override:/usr/lib/python3/dist-packages/colcon_core/task/python/colcon_distutils_commands:/home/thomas/MobileRobot/ws_new/install/navigation/lib/python3.12/site-packages:${PYTHONPATH} /usr/bin/python3 -W ignore:setup.py install is deprecated -W ignore:easy_install command is deprecated setup.py egg_info --egg-base ../../build/navigation build --build-base /home/thomas/MobileRobot/ws_new/build/navigation/build install --record /home/thomas/MobileRobot/ws_new/build/navigation/install.log --single-version-externally-managed install_data
