-- The C compiler identification is GNU 13.3.0
-- The CXX compiler identification is GNU 13.3.0
-- Detecting C compiler ABI info
-- Detecting C compiler ABI info - done
-- Check for working C compiler: /usr/bin/cc - skipped
-- Detecting C compile features
-- Detecting C compile features - done
-- Detecting CXX compiler ABI info
-- Detecting CXX compiler ABI info - done
-- Check for working CXX compiler: /usr/bin/c++ - skipped
-- Detecting CXX compile features
-- Detecting CXX compile features - done
-- Found ament_cmake: 2.5.3 (/opt/ros/jazzy/share/ament_cmake/cmake)
-- Found Python3: /usr/bin/python3 (found version "3.12.3") found components: Interpreter 
-- Found geometry_msgs: 5.3.5 (/opt/ros/jazzy/share/geometry_msgs/cmake)
-- Found rosidl_generator_c: 4.6.5 (/opt/ros/jazzy/share/rosidl_generator_c/cmake)
-- Found rosidl_generator_cpp: 4.6.5 (/opt/ros/jazzy/share/rosidl_generator_cpp/cmake)
-- Using all available rosidl_typesupport_c: rosidl_typesupport_fastrtps_c;rosidl_typesupport_introspection_c
-- Using all available rosidl_typesupport_cpp: rosidl_typesupport_fastrtps_cpp;rosidl_typesupport_introspection_cpp
-- Found nav2_common: 1.3.1 (/home/thomas/MobileRobot/ws_new/install/nav2_common/share/nav2_common/cmake)
-- Found rclcpp_lifecycle: 28.1.6 (/opt/ros/jazzy/share/rclcpp_lifecycle/cmake)
-- Found rmw_implementation_cmake: 7.3.1 (/opt/ros/jazzy/share/rmw_implementation_cmake/cmake)
-- Found rmw_cyclonedds_cpp: 2.2.3 (/opt/ros/jazzy/share/rmw_cyclonedds_cpp/cmake)
-- Using RMW implementation 'rmw_cyclonedds_cpp' as default
-- Found tf2_ros: 0.36.8 (/opt/ros/jazzy/share/tf2_ros/cmake)
-- Setting build type to Release as none was specified.
-- Found ament_lint_auto: 0.17.1 (/opt/ros/jazzy/share/ament_lint_auto/cmake)
-- Added test 'cppcheck' to perform static code analysis on C / C++ code
-- Configured cppcheck include dirs: $<BUILD_INTERFACE:/home/thomas/MobileRobot/ws_new/src/navigation2/nav2_docking/opennav_docking_core/include>
-- Configured cppcheck exclude dirs and/or files: 
-- Added test 'cpplint' to check C / C++ code against the Google style
-- Configured cpplint exclude dirs and/or files: 
-- Added test 'lint_cmake' to check CMake code style
-- Added test 'uncrustify' to check C / C++ code style
-- Configured uncrustify additional arguments: 
-- Added test 'xmllint' to check XML markup files
-- Configuring done (11.2s)
-- Generating done (0.0s)
-- Build files have been written to: /home/thomas/MobileRobot/ws_new/build/opennav_docking_core
-- Install configuration: "Release"
-- Installing: /home/thomas/MobileRobot/ws_new/install/opennav_docking_core/include/opennav_docking_core
-- Installing: /home/thomas/MobileRobot/ws_new/install/opennav_docking_core/include/opennav_docking_core/opennav_docking_core
-- Installing: /home/thomas/MobileRobot/ws_new/install/opennav_docking_core/include/opennav_docking_core/opennav_docking_core/non_charging_dock.hpp
-- Installing: /home/thomas/MobileRobot/ws_new/install/opennav_docking_core/include/opennav_docking_core/opennav_docking_core/docking_exceptions.hpp
-- Installing: /home/thomas/MobileRobot/ws_new/install/opennav_docking_core/include/opennav_docking_core/opennav_docking_core/charging_dock.hpp
-- Installing: /home/thomas/MobileRobot/ws_new/install/opennav_docking_core/share/ament_index/resource_index/package_run_dependencies/opennav_docking_core
-- Installing: /home/thomas/MobileRobot/ws_new/install/opennav_docking_core/share/ament_index/resource_index/parent_prefix_path/opennav_docking_core
-- Installing: /home/thomas/MobileRobot/ws_new/install/opennav_docking_core/share/opennav_docking_core/environment/ament_prefix_path.sh
-- Installing: /home/thomas/MobileRobot/ws_new/install/opennav_docking_core/share/opennav_docking_core/environment/ament_prefix_path.dsv
-- Installing: /home/thomas/MobileRobot/ws_new/install/opennav_docking_core/share/opennav_docking_core/environment/path.sh
-- Installing: /home/thomas/MobileRobot/ws_new/install/opennav_docking_core/share/opennav_docking_core/environment/path.dsv
-- Installing: /home/thomas/MobileRobot/ws_new/install/opennav_docking_core/share/opennav_docking_core/local_setup.bash
-- Installing: /home/thomas/MobileRobot/ws_new/install/opennav_docking_core/share/opennav_docking_core/local_setup.sh
-- Installing: /home/thomas/MobileRobot/ws_new/install/opennav_docking_core/share/opennav_docking_core/local_setup.zsh
-- Installing: /home/thomas/MobileRobot/ws_new/install/opennav_docking_core/share/opennav_docking_core/local_setup.dsv
-- Installing: /home/thomas/MobileRobot/ws_new/install/opennav_docking_core/share/opennav_docking_core/package.dsv
-- Installing: /home/thomas/MobileRobot/ws_new/install/opennav_docking_core/share/ament_index/resource_index/packages/opennav_docking_core
-- Installing: /home/thomas/MobileRobot/ws_new/install/opennav_docking_core/share/opennav_docking_core/cmake/opennav_docking_coreExport.cmake
-- Installing: /home/thomas/MobileRobot/ws_new/install/opennav_docking_core/share/opennav_docking_core/cmake/ament_cmake_export_include_directories-extras.cmake
-- Installing: /home/thomas/MobileRobot/ws_new/install/opennav_docking_core/share/opennav_docking_core/cmake/ament_cmake_export_dependencies-extras.cmake
-- Installing: /home/thomas/MobileRobot/ws_new/install/opennav_docking_core/share/opennav_docking_core/cmake/ament_cmake_export_targets-extras.cmake
-- Installing: /home/thomas/MobileRobot/ws_new/install/opennav_docking_core/share/opennav_docking_core/cmake/opennav_docking_coreConfig.cmake
-- Installing: /home/thomas/MobileRobot/ws_new/install/opennav_docking_core/share/opennav_docking_core/cmake/opennav_docking_coreConfig-version.cmake
-- Installing: /home/thomas/MobileRobot/ws_new/install/opennav_docking_core/share/opennav_docking_core/package.xml
