[0.055s] Invoking command in '/home/thomas/MobileRobot/ws_new/build/std_srvs': CMAKE_PREFIX_PATH=${CMAKE_PREFIX_PATH}:/opt/ros/jazzy DEBUGINFOD_URLS=https://debuginfod.ubuntu.com /usr/bin/cmake --build /home/thomas/MobileRobot/ws_new/build/std_srvs -- -j8 -l8
[0.337s] [  1%] Built target std_srvs__rosidl_generator_type_description
[0.436s] [  3%] Built target std_srvs__cpp
[0.447s] [  3%] Built target ament_cmake_python_copy_std_srvs
[0.474s] [ 24%] Built target std_srvs__rosidl_generator_c
[0.556s] [ 40%] Built target std_srvs__rosidl_typesupport_cpp
[0.556s] [ 42%] Built target std_srvs__rosidl_typesupport_introspection_cpp
[0.568s] [ 51%] Built target std_srvs__rosidl_typesupport_fastrtps_c
[0.568s] [ 61%] Built target std_srvs__rosidl_typesupport_c
[0.573s] [ 70%] Built target std_srvs__rosidl_typesupport_introspection_c
[0.577s] [ 79%] Built target std_srvs__rosidl_typesupport_fastrtps_cpp
[0.607s] [ 79%] Built target std_srvs
[0.650s] [ 81%] Built target std_srvs__py
[0.708s] [ 88%] Built target std_srvs__rosidl_generator_py
[0.784s] [ 98%] Built target std_srvs_s__rosidl_typesupport_fastrtps_c
[0.785s] [100%] Built target std_srvs_s__rosidl_typesupport_introspection_c
[0.785s] [100%] Built target std_srvs_s__rosidl_typesupport_c
[0.816s] running egg_info
[0.848s] writing std_srvs.egg-info/PKG-INFO
[0.848s] writing dependency_links to std_srvs.egg-info/dependency_links.txt
[0.848s] writing top-level names to std_srvs.egg-info/top_level.txt
[0.945s] reading manifest file 'std_srvs.egg-info/SOURCES.txt'
[0.946s] writing manifest file 'std_srvs.egg-info/SOURCES.txt'
[0.977s] [100%] Built target ament_cmake_python_build_std_srvs_egg
[0.993s] Invoked command in '/home/thomas/MobileRobot/ws_new/build/std_srvs' returned '0': CMAKE_PREFIX_PATH=${CMAKE_PREFIX_PATH}:/opt/ros/jazzy DEBUGINFOD_URLS=https://debuginfod.ubuntu.com /usr/bin/cmake --build /home/thomas/MobileRobot/ws_new/build/std_srvs -- -j8 -l8
[1.008s] Invoking command in '/home/thomas/MobileRobot/ws_new/build/std_srvs': CMAKE_PREFIX_PATH=${CMAKE_PREFIX_PATH}:/opt/ros/jazzy DEBUGINFOD_URLS=https://debuginfod.ubuntu.com /usr/bin/cmake --install /home/thomas/MobileRobot/ws_new/build/std_srvs
[1.019s] -- Install configuration: ""
[1.027s] -- Up-to-date: /home/thomas/MobileRobot/ws_new/install/std_srvs/share/ament_index/resource_index/rosidl_interfaces/std_srvs
[1.028s] -- Up-to-date: /home/thomas/MobileRobot/ws_new/install/std_srvs/share/std_srvs/srv/Empty.json
[1.028s] -- Up-to-date: /home/thomas/MobileRobot/ws_new/install/std_srvs/share/std_srvs/srv/SetBool.json
[1.028s] -- Up-to-date: /home/thomas/MobileRobot/ws_new/install/std_srvs/share/std_srvs/srv/Trigger.json
[1.028s] -- Up-to-date: /home/thomas/MobileRobot/ws_new/install/std_srvs/include/std_srvs/std_srvs
[1.028s] -- Up-to-date: /home/thomas/MobileRobot/ws_new/install/std_srvs/include/std_srvs/std_srvs/srv
[1.028s] -- Up-to-date: /home/thomas/MobileRobot/ws_new/install/std_srvs/include/std_srvs/std_srvs/srv/detail
[1.028s] -- Up-to-date: /home/thomas/MobileRobot/ws_new/install/std_srvs/include/std_srvs/std_srvs/srv/detail/empty__description.c
[1.029s] -- Installing: /home/thomas/MobileRobot/ws_new/install/std_srvs/include/std_srvs/std_srvs/srv/detail/set_bool__type_support.c
[1.046s] -- Up-to-date: /home/thomas/MobileRobot/ws_new/install/std_srvs/include/std_srvs/std_srvs/srv/detail/empty__functions.h
[1.046s] -- Up-to-date: /home/thomas/MobileRobot/ws_new/install/std_srvs/include/std_srvs/std_srvs/srv/detail/trigger__struct.h
[1.046s] -- Up-to-date: /home/thomas/MobileRobot/ws_new/install/std_srvs/include/std_srvs/std_srvs/srv/detail/set_bool__type_support.h
[1.046s] -- Installing: /home/thomas/MobileRobot/ws_new/install/std_srvs/include/std_srvs/std_srvs/srv/detail/trigger__type_support.c
[1.048s] -- Up-to-date: /home/thomas/MobileRobot/ws_new/install/std_srvs/include/std_srvs/std_srvs/srv/detail/empty__functions.c
[1.048s] -- Installing: /home/thomas/MobileRobot/ws_new/install/std_srvs/include/std_srvs/std_srvs/srv/detail/empty__type_support.c
[1.049s] -- Up-to-date: /home/thomas/MobileRobot/ws_new/install/std_srvs/include/std_srvs/std_srvs/srv/detail/set_bool__struct.h
[1.049s] -- Up-to-date: /home/thomas/MobileRobot/ws_new/install/std_srvs/include/std_srvs/std_srvs/srv/detail/empty__type_support.h
[1.049s] -- Up-to-date: /home/thomas/MobileRobot/ws_new/install/std_srvs/include/std_srvs/std_srvs/srv/detail/empty__struct.h
[1.049s] -- Up-to-date: /home/thomas/MobileRobot/ws_new/install/std_srvs/include/std_srvs/std_srvs/srv/detail/trigger__functions.h
[1.049s] -- Up-to-date: /home/thomas/MobileRobot/ws_new/install/std_srvs/include/std_srvs/std_srvs/srv/detail/trigger__functions.c
[1.049s] -- Up-to-date: /home/thomas/MobileRobot/ws_new/install/std_srvs/include/std_srvs/std_srvs/srv/detail/set_bool__functions.h
[1.049s] -- Up-to-date: /home/thomas/MobileRobot/ws_new/install/std_srvs/include/std_srvs/std_srvs/srv/detail/set_bool__description.c
[1.049s] -- Up-to-date: /home/thomas/MobileRobot/ws_new/install/std_srvs/include/std_srvs/std_srvs/srv/detail/trigger__type_support.h
[1.049s] -- Up-to-date: /home/thomas/MobileRobot/ws_new/install/std_srvs/include/std_srvs/std_srvs/srv/detail/set_bool__functions.c
[1.050s] -- Up-to-date: /home/thomas/MobileRobot/ws_new/install/std_srvs/include/std_srvs/std_srvs/srv/detail/trigger__description.c
[1.050s] -- Up-to-date: /home/thomas/MobileRobot/ws_new/install/std_srvs/include/std_srvs/std_srvs/srv/set_bool.h
[1.050s] -- Up-to-date: /home/thomas/MobileRobot/ws_new/install/std_srvs/include/std_srvs/std_srvs/srv/empty.h
[1.050s] -- Up-to-date: /home/thomas/MobileRobot/ws_new/install/std_srvs/include/std_srvs/std_srvs/srv/trigger.h
[1.050s] -- Up-to-date: /home/thomas/MobileRobot/ws_new/install/std_srvs/include/std_srvs/std_srvs/msg
[1.050s] -- Up-to-date: /home/thomas/MobileRobot/ws_new/install/std_srvs/include/std_srvs/std_srvs/msg/rosidl_generator_c__visibility_control.h
[1.050s] -- Up-to-date: /home/thomas/MobileRobot/ws_new/install/std_srvs/share/std_srvs/environment/library_path.sh
[1.050s] -- Up-to-date: /home/thomas/MobileRobot/ws_new/install/std_srvs/share/std_srvs/environment/library_path.dsv
[1.064s] -- Up-to-date: /home/thomas/MobileRobot/ws_new/install/std_srvs/lib/libstd_srvs__rosidl_generator_c.so
[1.064s] -- Up-to-date: /home/thomas/MobileRobot/ws_new/install/std_srvs/include/std_srvs/std_srvs
[1.065s] -- Up-to-date: /home/thomas/MobileRobot/ws_new/install/std_srvs/include/std_srvs/std_srvs/srv
[1.065s] -- Up-to-date: /home/thomas/MobileRobot/ws_new/install/std_srvs/include/std_srvs/std_srvs/srv/detail
[1.065s] -- Up-to-date: /home/thomas/MobileRobot/ws_new/install/std_srvs/include/std_srvs/std_srvs/srv/detail/trigger__rosidl_typesupport_fastrtps_c.h
[1.065s] -- Up-to-date: /home/thomas/MobileRobot/ws_new/install/std_srvs/include/std_srvs/std_srvs/srv/detail/set_bool__rosidl_typesupport_fastrtps_c.h
[1.066s] -- Up-to-date: /home/thomas/MobileRobot/ws_new/install/std_srvs/include/std_srvs/std_srvs/srv/detail/empty__rosidl_typesupport_fastrtps_c.h
[1.066s] -- Up-to-date: /home/thomas/MobileRobot/ws_new/install/std_srvs/include/std_srvs/std_srvs/msg
[1.066s] -- Up-to-date: /home/thomas/MobileRobot/ws_new/install/std_srvs/include/std_srvs/std_srvs/msg/rosidl_typesupport_fastrtps_c__visibility_control.h
[1.075s] -- Up-to-date: /home/thomas/MobileRobot/ws_new/install/std_srvs/lib/libstd_srvs__rosidl_typesupport_fastrtps_c.so
[1.076s] -- Up-to-date: /home/thomas/MobileRobot/ws_new/install/std_srvs/include/std_srvs/std_srvs
[1.076s] -- Up-to-date: /home/thomas/MobileRobot/ws_new/install/std_srvs/include/std_srvs/std_srvs/srv
[1.076s] -- Up-to-date: /home/thomas/MobileRobot/ws_new/install/std_srvs/include/std_srvs/std_srvs/srv/detail
[1.077s] -- Installing: /home/thomas/MobileRobot/ws_new/install/std_srvs/include/std_srvs/std_srvs/srv/detail/set_bool__type_support.c
[1.092s] -- Up-to-date: /home/thomas/MobileRobot/ws_new/install/std_srvs/include/std_srvs/std_srvs/srv/detail/empty__rosidl_typesupport_introspection_c.h
[1.092s] -- Installing: /home/thomas/MobileRobot/ws_new/install/std_srvs/include/std_srvs/std_srvs/srv/detail/trigger__type_support.c
[1.094s] -- Installing: /home/thomas/MobileRobot/ws_new/install/std_srvs/include/std_srvs/std_srvs/srv/detail/empty__type_support.c
[1.097s] -- Up-to-date: /home/thomas/MobileRobot/ws_new/install/std_srvs/include/std_srvs/std_srvs/srv/detail/trigger__rosidl_typesupport_introspection_c.h
[1.097s] -- Up-to-date: /home/thomas/MobileRobot/ws_new/install/std_srvs/include/std_srvs/std_srvs/srv/detail/set_bool__rosidl_typesupport_introspection_c.h
[1.098s] -- Up-to-date: /home/thomas/MobileRobot/ws_new/install/std_srvs/include/std_srvs/std_srvs/msg
[1.098s] -- Up-to-date: /home/thomas/MobileRobot/ws_new/install/std_srvs/include/std_srvs/std_srvs/msg/rosidl_typesupport_introspection_c__visibility_control.h
[1.115s] -- Up-to-date: /home/thomas/MobileRobot/ws_new/install/std_srvs/lib/libstd_srvs__rosidl_typesupport_introspection_c.so
[1.134s] -- Up-to-date: /home/thomas/MobileRobot/ws_new/install/std_srvs/lib/libstd_srvs__rosidl_typesupport_c.so
[1.135s] -- Up-to-date: /home/thomas/MobileRobot/ws_new/install/std_srvs/include/std_srvs/std_srvs
[1.136s] -- Up-to-date: /home/thomas/MobileRobot/ws_new/install/std_srvs/include/std_srvs/std_srvs/srv
[1.136s] -- Up-to-date: /home/thomas/MobileRobot/ws_new/install/std_srvs/include/std_srvs/std_srvs/srv/detail
[1.137s] -- Up-to-date: /home/thomas/MobileRobot/ws_new/install/std_srvs/include/std_srvs/std_srvs/srv/detail/empty__type_support.hpp
[1.138s] -- Up-to-date: /home/thomas/MobileRobot/ws_new/install/std_srvs/include/std_srvs/std_srvs/srv/detail/set_bool__type_support.hpp
[1.138s] -- Up-to-date: /home/thomas/MobileRobot/ws_new/install/std_srvs/include/std_srvs/std_srvs/srv/detail/trigger__type_support.hpp
[1.139s] -- Up-to-date: /home/thomas/MobileRobot/ws_new/install/std_srvs/include/std_srvs/std_srvs/srv/detail/empty__struct.hpp
[1.139s] -- Up-to-date: /home/thomas/MobileRobot/ws_new/install/std_srvs/include/std_srvs/std_srvs/srv/detail/empty__traits.hpp
[1.139s] -- Up-to-date: /home/thomas/MobileRobot/ws_new/install/std_srvs/include/std_srvs/std_srvs/srv/detail/trigger__struct.hpp
[1.140s] -- Up-to-date: /home/thomas/MobileRobot/ws_new/install/std_srvs/include/std_srvs/std_srvs/srv/detail/empty__builder.hpp
[1.140s] -- Up-to-date: /home/thomas/MobileRobot/ws_new/install/std_srvs/include/std_srvs/std_srvs/srv/detail/trigger__builder.hpp
[1.140s] -- Up-to-date: /home/thomas/MobileRobot/ws_new/install/std_srvs/include/std_srvs/std_srvs/srv/detail/trigger__traits.hpp
[1.140s] -- Up-to-date: /home/thomas/MobileRobot/ws_new/install/std_srvs/include/std_srvs/std_srvs/srv/detail/set_bool__builder.hpp
[1.141s] -- Up-to-date: /home/thomas/MobileRobot/ws_new/install/std_srvs/include/std_srvs/std_srvs/srv/detail/set_bool__struct.hpp
[1.141s] -- Up-to-date: /home/thomas/MobileRobot/ws_new/install/std_srvs/include/std_srvs/std_srvs/srv/detail/set_bool__traits.hpp
[1.141s] -- Up-to-date: /home/thomas/MobileRobot/ws_new/install/std_srvs/include/std_srvs/std_srvs/srv/empty.hpp
[1.141s] -- Up-to-date: /home/thomas/MobileRobot/ws_new/install/std_srvs/include/std_srvs/std_srvs/srv/trigger.hpp
[1.142s] -- Up-to-date: /home/thomas/MobileRobot/ws_new/install/std_srvs/include/std_srvs/std_srvs/srv/set_bool.hpp
[1.142s] -- Up-to-date: /home/thomas/MobileRobot/ws_new/install/std_srvs/include/std_srvs/std_srvs/msg
[1.142s] -- Up-to-date: /home/thomas/MobileRobot/ws_new/install/std_srvs/include/std_srvs/std_srvs/msg/rosidl_generator_cpp__visibility_control.hpp
[1.142s] -- Up-to-date: /home/thomas/MobileRobot/ws_new/install/std_srvs/include/std_srvs/std_srvs
[1.143s] -- Up-to-date: /home/thomas/MobileRobot/ws_new/install/std_srvs/include/std_srvs/std_srvs/srv
[1.143s] -- Up-to-date: /home/thomas/MobileRobot/ws_new/install/std_srvs/include/std_srvs/std_srvs/srv/detail
[1.143s] -- Up-to-date: /home/thomas/MobileRobot/ws_new/install/std_srvs/include/std_srvs/std_srvs/srv/detail/trigger__rosidl_typesupport_fastrtps_cpp.hpp
[1.143s] -- Up-to-date: /home/thomas/MobileRobot/ws_new/install/std_srvs/include/std_srvs/std_srvs/srv/detail/empty__rosidl_typesupport_fastrtps_cpp.hpp
[1.144s] -- Up-to-date: /home/thomas/MobileRobot/ws_new/install/std_srvs/include/std_srvs/std_srvs/srv/detail/dds_fastrtps
[1.144s] -- Up-to-date: /home/thomas/MobileRobot/ws_new/install/std_srvs/include/std_srvs/std_srvs/srv/detail/set_bool__rosidl_typesupport_fastrtps_cpp.hpp
[1.144s] -- Up-to-date: /home/thomas/MobileRobot/ws_new/install/std_srvs/include/std_srvs/std_srvs/msg
[1.145s] -- Up-to-date: /home/thomas/MobileRobot/ws_new/install/std_srvs/include/std_srvs/std_srvs/msg/rosidl_typesupport_fastrtps_cpp__visibility_control.h
[1.151s] -- Up-to-date: /home/thomas/MobileRobot/ws_new/install/std_srvs/lib/libstd_srvs__rosidl_typesupport_fastrtps_cpp.so
[1.152s] -- Up-to-date: /home/thomas/MobileRobot/ws_new/install/std_srvs/include/std_srvs/std_srvs
[1.153s] -- Up-to-date: /home/thomas/MobileRobot/ws_new/install/std_srvs/include/std_srvs/std_srvs/srv
[1.153s] -- Up-to-date: /home/thomas/MobileRobot/ws_new/install/std_srvs/include/std_srvs/std_srvs/srv/detail
[1.154s] -- Up-to-date: /home/thomas/MobileRobot/ws_new/install/std_srvs/include/std_srvs/std_srvs/srv/detail/empty__rosidl_typesupport_introspection_cpp.hpp
[1.154s] -- Up-to-date: /home/thomas/MobileRobot/ws_new/install/std_srvs/include/std_srvs/std_srvs/srv/detail/trigger__type_support.cpp
[1.154s] -- Up-to-date: /home/thomas/MobileRobot/ws_new/install/std_srvs/include/std_srvs/std_srvs/srv/detail/set_bool__type_support.cpp
[1.154s] -- Up-to-date: /home/thomas/MobileRobot/ws_new/install/std_srvs/include/std_srvs/std_srvs/srv/detail/empty__type_support.cpp
[1.155s] -- Up-to-date: /home/thomas/MobileRobot/ws_new/install/std_srvs/include/std_srvs/std_srvs/srv/detail/set_bool__rosidl_typesupport_introspection_cpp.hpp
[1.155s] -- Up-to-date: /home/thomas/MobileRobot/ws_new/install/std_srvs/include/std_srvs/std_srvs/srv/detail/trigger__rosidl_typesupport_introspection_cpp.hpp
[1.161s] -- Up-to-date: /home/thomas/MobileRobot/ws_new/install/std_srvs/lib/libstd_srvs__rosidl_typesupport_introspection_cpp.so
[1.183s] -- Up-to-date: /home/thomas/MobileRobot/ws_new/install/std_srvs/lib/libstd_srvs__rosidl_typesupport_cpp.so
[1.184s] -- Up-to-date: /home/thomas/MobileRobot/ws_new/install/std_srvs/share/std_srvs/environment/pythonpath.sh
[1.185s] -- Up-to-date: /home/thomas/MobileRobot/ws_new/install/std_srvs/share/std_srvs/environment/pythonpath.dsv
[1.185s] -- Up-to-date: /home/thomas/MobileRobot/ws_new/install/std_srvs/lib/python3.12/site-packages/std_srvs-5.3.6-py3.12.egg-info
[1.186s] -- Installing: /home/thomas/MobileRobot/ws_new/install/std_srvs/lib/python3.12/site-packages/std_srvs-5.3.6-py3.12.egg-info/top_level.txt
[1.186s] -- Installing: /home/thomas/MobileRobot/ws_new/install/std_srvs/lib/python3.12/site-packages/std_srvs-5.3.6-py3.12.egg-info/SOURCES.txt
[1.187s] -- Installing: /home/thomas/MobileRobot/ws_new/install/std_srvs/lib/python3.12/site-packages/std_srvs-5.3.6-py3.12.egg-info/dependency_links.txt
[1.187s] -- Installing: /home/thomas/MobileRobot/ws_new/install/std_srvs/lib/python3.12/site-packages/std_srvs-5.3.6-py3.12.egg-info/PKG-INFO
[1.188s] -- Up-to-date: /home/thomas/MobileRobot/ws_new/install/std_srvs/lib/python3.12/site-packages/std_srvs
[1.188s] -- Up-to-date: /home/thomas/MobileRobot/ws_new/install/std_srvs/lib/python3.12/site-packages/std_srvs/__init__.py
[1.189s] -- Up-to-date: /home/thomas/MobileRobot/ws_new/install/std_srvs/lib/python3.12/site-packages/std_srvs/_std_srvs_s.ep.rosidl_typesupport_introspection_c.c
[1.189s] -- Up-to-date: /home/thomas/MobileRobot/ws_new/install/std_srvs/lib/python3.12/site-packages/std_srvs/_std_srvs_s.ep.rosidl_typesupport_fastrtps_c.c
[1.189s] -- Up-to-date: /home/thomas/MobileRobot/ws_new/install/std_srvs/lib/python3.12/site-packages/std_srvs/srv
[1.190s] -- Up-to-date: /home/thomas/MobileRobot/ws_new/install/std_srvs/lib/python3.12/site-packages/std_srvs/srv/__init__.py
[1.190s] -- Up-to-date: /home/thomas/MobileRobot/ws_new/install/std_srvs/lib/python3.12/site-packages/std_srvs/srv/_set_bool_s.c
[1.190s] -- Up-to-date: /home/thomas/MobileRobot/ws_new/install/std_srvs/lib/python3.12/site-packages/std_srvs/srv/_set_bool.py
[1.191s] -- Up-to-date: /home/thomas/MobileRobot/ws_new/install/std_srvs/lib/python3.12/site-packages/std_srvs/srv/_trigger.py
[1.191s] -- Up-to-date: /home/thomas/MobileRobot/ws_new/install/std_srvs/lib/python3.12/site-packages/std_srvs/srv/_trigger_s.c
[1.191s] -- Up-to-date: /home/thomas/MobileRobot/ws_new/install/std_srvs/lib/python3.12/site-packages/std_srvs/srv/_empty_s.c
[1.191s] -- Up-to-date: /home/thomas/MobileRobot/ws_new/install/std_srvs/lib/python3.12/site-packages/std_srvs/srv/_empty.py
[1.192s] -- Up-to-date: /home/thomas/MobileRobot/ws_new/install/std_srvs/lib/python3.12/site-packages/std_srvs/std_srvs_s__rosidl_typesupport_c.so
[1.192s] -- Up-to-date: /home/thomas/MobileRobot/ws_new/install/std_srvs/lib/python3.12/site-packages/std_srvs/std_srvs_s__rosidl_typesupport_introspection_c.so
[1.192s] -- Up-to-date: /home/thomas/MobileRobot/ws_new/install/std_srvs/lib/python3.12/site-packages/std_srvs/std_srvs_s__rosidl_typesupport_fastrtps_c.so
[1.193s] -- Up-to-date: /home/thomas/MobileRobot/ws_new/install/std_srvs/lib/python3.12/site-packages/std_srvs/_std_srvs_s.ep.rosidl_typesupport_c.c
[1.258s] Listing '/home/thomas/MobileRobot/ws_new/install/std_srvs/lib/python3.12/site-packages/std_srvs'...
[1.258s] Listing '/home/thomas/MobileRobot/ws_new/install/std_srvs/lib/python3.12/site-packages/std_srvs/srv'...
[1.264s] -- Up-to-date: /home/thomas/MobileRobot/ws_new/install/std_srvs/lib/python3.12/site-packages/std_srvs/std_srvs_s__rosidl_typesupport_fastrtps_c.so
[1.265s] -- Up-to-date: /home/thomas/MobileRobot/ws_new/install/std_srvs/lib/python3.12/site-packages/std_srvs/std_srvs_s__rosidl_typesupport_introspection_c.so
[1.266s] -- Up-to-date: /home/thomas/MobileRobot/ws_new/install/std_srvs/lib/python3.12/site-packages/std_srvs/std_srvs_s__rosidl_typesupport_c.so
[1.267s] -- Up-to-date: /home/thomas/MobileRobot/ws_new/install/std_srvs/lib/libstd_srvs__rosidl_generator_py.so
[1.267s] -- Up-to-date: /home/thomas/MobileRobot/ws_new/install/std_srvs/share/std_srvs/srv/Empty.idl
[1.268s] -- Up-to-date: /home/thomas/MobileRobot/ws_new/install/std_srvs/share/std_srvs/srv/SetBool.idl
[1.268s] -- Up-to-date: /home/thomas/MobileRobot/ws_new/install/std_srvs/share/std_srvs/srv/Trigger.idl
[1.268s] -- Up-to-date: /home/thomas/MobileRobot/ws_new/install/std_srvs/share/std_srvs/srv/Empty.srv
[1.268s] -- Up-to-date: /home/thomas/MobileRobot/ws_new/install/std_srvs/share/std_srvs/srv/SetBool.srv
[1.268s] -- Up-to-date: /home/thomas/MobileRobot/ws_new/install/std_srvs/share/std_srvs/srv/Trigger.srv
[1.268s] -- Up-to-date: /home/thomas/MobileRobot/ws_new/install/std_srvs/share/ament_index/resource_index/package_run_dependencies/std_srvs
[1.268s] -- Up-to-date: /home/thomas/MobileRobot/ws_new/install/std_srvs/share/ament_index/resource_index/parent_prefix_path/std_srvs
[1.268s] -- Up-to-date: /home/thomas/MobileRobot/ws_new/install/std_srvs/share/std_srvs/environment/ament_prefix_path.sh
[1.269s] -- Up-to-date: /home/thomas/MobileRobot/ws_new/install/std_srvs/share/std_srvs/environment/ament_prefix_path.dsv
[1.269s] -- Up-to-date: /home/thomas/MobileRobot/ws_new/install/std_srvs/share/std_srvs/environment/path.sh
[1.269s] -- Up-to-date: /home/thomas/MobileRobot/ws_new/install/std_srvs/share/std_srvs/environment/path.dsv
[1.269s] -- Up-to-date: /home/thomas/MobileRobot/ws_new/install/std_srvs/share/std_srvs/local_setup.bash
[1.269s] -- Up-to-date: /home/thomas/MobileRobot/ws_new/install/std_srvs/share/std_srvs/local_setup.sh
[1.269s] -- Up-to-date: /home/thomas/MobileRobot/ws_new/install/std_srvs/share/std_srvs/local_setup.zsh
[1.269s] -- Up-to-date: /home/thomas/MobileRobot/ws_new/install/std_srvs/share/std_srvs/local_setup.dsv
[1.269s] -- Installing: /home/thomas/MobileRobot/ws_new/install/std_srvs/share/std_srvs/package.dsv
[1.284s] -- Up-to-date: /home/thomas/MobileRobot/ws_new/install/std_srvs/share/ament_index/resource_index/packages/std_srvs
[1.322s] -- Up-to-date: /home/thomas/MobileRobot/ws_new/install/std_srvs/share/std_srvs/cmake/export_std_srvs__rosidl_generator_cExport.cmake
[1.322s] -- Up-to-date: /home/thomas/MobileRobot/ws_new/install/std_srvs/share/std_srvs/cmake/export_std_srvs__rosidl_generator_cExport-noconfig.cmake
[1.323s] -- Up-to-date: /home/thomas/MobileRobot/ws_new/install/std_srvs/share/std_srvs/cmake/export_std_srvs__rosidl_typesupport_fastrtps_cExport.cmake
[1.323s] -- Up-to-date: /home/thomas/MobileRobot/ws_new/install/std_srvs/share/std_srvs/cmake/export_std_srvs__rosidl_typesupport_fastrtps_cExport-noconfig.cmake
[1.324s] -- Up-to-date: /home/thomas/MobileRobot/ws_new/install/std_srvs/share/std_srvs/cmake/std_srvs__rosidl_typesupport_introspection_cExport.cmake
[1.324s] -- Up-to-date: /home/thomas/MobileRobot/ws_new/install/std_srvs/share/std_srvs/cmake/std_srvs__rosidl_typesupport_introspection_cExport-noconfig.cmake
[1.324s] -- Up-to-date: /home/thomas/MobileRobot/ws_new/install/std_srvs/share/std_srvs/cmake/std_srvs__rosidl_typesupport_cExport.cmake
[1.324s] -- Up-to-date: /home/thomas/MobileRobot/ws_new/install/std_srvs/share/std_srvs/cmake/std_srvs__rosidl_typesupport_cExport-noconfig.cmake
[1.325s] -- Up-to-date: /home/thomas/MobileRobot/ws_new/install/std_srvs/share/std_srvs/cmake/export_std_srvs__rosidl_generator_cppExport.cmake
[1.325s] -- Up-to-date: /home/thomas/MobileRobot/ws_new/install/std_srvs/share/std_srvs/cmake/export_std_srvs__rosidl_typesupport_fastrtps_cppExport.cmake
[1.326s] -- Up-to-date: /home/thomas/MobileRobot/ws_new/install/std_srvs/share/std_srvs/cmake/export_std_srvs__rosidl_typesupport_fastrtps_cppExport-noconfig.cmake
[1.326s] -- Up-to-date: /home/thomas/MobileRobot/ws_new/install/std_srvs/share/std_srvs/cmake/std_srvs__rosidl_typesupport_introspection_cppExport.cmake
[1.326s] -- Up-to-date: /home/thomas/MobileRobot/ws_new/install/std_srvs/share/std_srvs/cmake/std_srvs__rosidl_typesupport_introspection_cppExport-noconfig.cmake
[1.326s] -- Up-to-date: /home/thomas/MobileRobot/ws_new/install/std_srvs/share/std_srvs/cmake/std_srvs__rosidl_typesupport_cppExport.cmake
[1.327s] -- Up-to-date: /home/thomas/MobileRobot/ws_new/install/std_srvs/share/std_srvs/cmake/std_srvs__rosidl_typesupport_cppExport-noconfig.cmake
[1.334s] -- Up-to-date: /home/thomas/MobileRobot/ws_new/install/std_srvs/share/std_srvs/cmake/export_std_srvs__rosidl_generator_pyExport.cmake
[1.335s] -- Up-to-date: /home/thomas/MobileRobot/ws_new/install/std_srvs/share/std_srvs/cmake/export_std_srvs__rosidl_generator_pyExport-noconfig.cmake
[1.335s] -- Up-to-date: /home/thomas/MobileRobot/ws_new/install/std_srvs/share/std_srvs/cmake/rosidl_cmake-extras.cmake
[1.335s] -- Up-to-date: /home/thomas/MobileRobot/ws_new/install/std_srvs/share/std_srvs/cmake/ament_cmake_export_dependencies-extras.cmake
[1.336s] -- Up-to-date: /home/thomas/MobileRobot/ws_new/install/std_srvs/share/std_srvs/cmake/ament_cmake_export_include_directories-extras.cmake
[1.336s] -- Up-to-date: /home/thomas/MobileRobot/ws_new/install/std_srvs/share/std_srvs/cmake/ament_cmake_export_libraries-extras.cmake
[1.336s] -- Up-to-date: /home/thomas/MobileRobot/ws_new/install/std_srvs/share/std_srvs/cmake/ament_cmake_export_targets-extras.cmake
[1.336s] -- Up-to-date: /home/thomas/MobileRobot/ws_new/install/std_srvs/share/std_srvs/cmake/rosidl_cmake_export_typesupport_targets-extras.cmake
[1.337s] -- Up-to-date: /home/thomas/MobileRobot/ws_new/install/std_srvs/share/std_srvs/cmake/rosidl_cmake_export_typesupport_libraries-extras.cmake
[1.337s] -- Up-to-date: /home/thomas/MobileRobot/ws_new/install/std_srvs/share/std_srvs/cmake/std_srvsConfig.cmake
[1.337s] -- Up-to-date: /home/thomas/MobileRobot/ws_new/install/std_srvs/share/std_srvs/cmake/std_srvsConfig-version.cmake
[1.338s] -- Up-to-date: /home/thomas/MobileRobot/ws_new/install/std_srvs/share/std_srvs/package.xml
[1.343s] Invoked command in '/home/thomas/MobileRobot/ws_new/build/std_srvs' returned '0': CMAKE_PREFIX_PATH=${CMAKE_PREFIX_PATH}:/opt/ros/jazzy DEBUGINFOD_URLS=https://debuginfod.ubuntu.com /usr/bin/cmake --install /home/thomas/MobileRobot/ws_new/build/std_srvs
