[0.223s] DEBUG:colcon:Command line arguments: ['/usr/bin/colcon', 'build']
[0.223s] DEBUG:colcon:Parsed command line arguments: Namespace(log_base=None, log_level=None, verb_name='build', build_base='build', install_base='install', merge_install=False, symlink_install=False, test_result_base=None, continue_on_error=False, executor='parallel', parallel_workers=8, event_handlers=None, ignore_user_meta=False, metas=['./colcon.meta'], base_paths=['.'], packages_ignore=None, packages_ignore_regex=None, paths=None, packages_up_to=None, packages_up_to_regex=None, packages_above=None, packages_above_and_dependencies=None, packages_above_depth=None, packages_select_by_dep=None, packages_skip_by_dep=None, packages_skip_up_to=None, packages_select_build_failed=False, packages_skip_build_finished=False, packages_select_test_failures=False, packages_skip_test_passed=False, packages_select=None, packages_skip=None, packages_select_regex=None, packages_skip_regex=None, packages_start=None, packages_end=None, allow_overriding=[], cmake_args=None, cmake_target=None, cmake_target_skip_unavailable=False, cmake_clean_cache=False, cmake_clean_first=False, cmake_force_configure=False, ament_cmake_args=None, catkin_cmake_args=None, catkin_skip_building_tests=False, verb_parser=<colcon_defaults.argument_parser.defaults.DefaultArgumentsDecorator object at 0x766683c03470>, verb_extension=<colcon_core.verb.build.BuildVerb object at 0x766683c03350>, main=<bound method BuildVerb.main of <colcon_core.verb.build.BuildVerb object at 0x766683c03350>>)
[0.273s] Level 1:colcon.colcon_core.package_discovery:discover_packages(colcon_meta) check parameters
[0.273s] Level 1:colcon.colcon_core.package_discovery:discover_packages(recursive) check parameters
[0.273s] Level 1:colcon.colcon_core.package_discovery:discover_packages(ignore) check parameters
[0.273s] Level 1:colcon.colcon_core.package_discovery:discover_packages(path) check parameters
[0.273s] Level 1:colcon.colcon_core.package_discovery:discover_packages(colcon_meta) discover
[0.274s] Level 1:colcon.colcon_core.package_discovery:discover_packages(recursive) discover
[0.274s] INFO:colcon.colcon_core.package_discovery:Crawling recursively for packages in '/home/thomas/MobileRobot/ws_new'
[0.274s] Level 1:colcon.colcon_core.package_identification:_identify(.) by extensions ['ignore', 'ignore_ament_install']
[0.274s] Level 1:colcon.colcon_core.package_identification:_identify(.) by extension 'ignore'
[0.274s] Level 1:colcon.colcon_core.package_identification:_identify(.) by extension 'ignore_ament_install'
[0.274s] Level 1:colcon.colcon_core.package_identification:_identify(.) by extensions ['colcon_pkg']
[0.274s] Level 1:colcon.colcon_core.package_identification:_identify(.) by extension 'colcon_pkg'
[0.274s] Level 1:colcon.colcon_core.package_identification:_identify(.) by extensions ['colcon_meta']
[0.274s] Level 1:colcon.colcon_core.package_identification:_identify(.) by extension 'colcon_meta'
[0.274s] Level 1:colcon.colcon_core.package_identification:_identify(.) by extensions ['ros']
[0.274s] Level 1:colcon.colcon_core.package_identification:_identify(.) by extension 'ros'
[0.304s] Level 1:colcon.colcon_core.package_identification:_identify(.) by extensions ['cmake', 'python']
[0.304s] Level 1:colcon.colcon_core.package_identification:_identify(.) by extension 'cmake'
[0.304s] Level 1:colcon.colcon_core.package_identification:_identify(.) by extension 'python'
[0.304s] Level 1:colcon.colcon_core.package_identification:_identify(.) by extensions ['python_setup_py']
[0.304s] Level 1:colcon.colcon_core.package_identification:_identify(.) by extension 'python_setup_py'
[0.305s] Level 1:colcon.colcon_core.package_identification:_identify(build) by extensions ['ignore', 'ignore_ament_install']
[0.305s] Level 1:colcon.colcon_core.package_identification:_identify(build) by extension 'ignore'
[0.305s] Level 1:colcon.colcon_core.package_identification:_identify(build) ignored
[0.305s] Level 1:colcon.colcon_core.package_identification:_identify(install) by extensions ['ignore', 'ignore_ament_install']
[0.305s] Level 1:colcon.colcon_core.package_identification:_identify(install) by extension 'ignore'
[0.305s] Level 1:colcon.colcon_core.package_identification:_identify(install) ignored
[0.305s] Level 1:colcon.colcon_core.package_identification:_identify(log) by extensions ['ignore', 'ignore_ament_install']
[0.306s] Level 1:colcon.colcon_core.package_identification:_identify(log) by extension 'ignore'
[0.306s] Level 1:colcon.colcon_core.package_identification:_identify(log) ignored
[0.306s] Level 1:colcon.colcon_core.package_identification:_identify(src) by extensions ['ignore', 'ignore_ament_install']
[0.306s] Level 1:colcon.colcon_core.package_identification:_identify(src) by extension 'ignore'
[0.306s] Level 1:colcon.colcon_core.package_identification:_identify(src) by extension 'ignore_ament_install'
[0.306s] Level 1:colcon.colcon_core.package_identification:_identify(src) by extensions ['colcon_pkg']
[0.306s] Level 1:colcon.colcon_core.package_identification:_identify(src) by extension 'colcon_pkg'
[0.306s] Level 1:colcon.colcon_core.package_identification:_identify(src) by extensions ['colcon_meta']
[0.306s] Level 1:colcon.colcon_core.package_identification:_identify(src) by extension 'colcon_meta'
[0.306s] Level 1:colcon.colcon_core.package_identification:_identify(src) by extensions ['ros']
[0.306s] Level 1:colcon.colcon_core.package_identification:_identify(src) by extension 'ros'
[0.306s] Level 1:colcon.colcon_core.package_identification:_identify(src) by extensions ['cmake', 'python']
[0.306s] Level 1:colcon.colcon_core.package_identification:_identify(src) by extension 'cmake'
[0.306s] Level 1:colcon.colcon_core.package_identification:_identify(src) by extension 'python'
[0.307s] Level 1:colcon.colcon_core.package_identification:_identify(src) by extensions ['python_setup_py']
[0.307s] Level 1:colcon.colcon_core.package_identification:_identify(src) by extension 'python_setup_py'
[0.307s] Level 1:colcon.colcon_core.package_identification:_identify(src/mobile_robot) by extensions ['ignore', 'ignore_ament_install']
[0.307s] Level 1:colcon.colcon_core.package_identification:_identify(src/mobile_robot) by extension 'ignore'
[0.307s] Level 1:colcon.colcon_core.package_identification:_identify(src/mobile_robot) by extension 'ignore_ament_install'
[0.307s] Level 1:colcon.colcon_core.package_identification:_identify(src/mobile_robot) by extensions ['colcon_pkg']
[0.307s] Level 1:colcon.colcon_core.package_identification:_identify(src/mobile_robot) by extension 'colcon_pkg'
[0.307s] Level 1:colcon.colcon_core.package_identification:_identify(src/mobile_robot) by extensions ['colcon_meta']
[0.307s] Level 1:colcon.colcon_core.package_identification:_identify(src/mobile_robot) by extension 'colcon_meta'
[0.307s] Level 1:colcon.colcon_core.package_identification:_identify(src/mobile_robot) by extensions ['ros']
[0.307s] Level 1:colcon.colcon_core.package_identification:_identify(src/mobile_robot) by extension 'ros'
[0.311s] DEBUG:colcon.colcon_core.package_identification:Package 'src/mobile_robot' with type 'ros.ament_cmake' and name 'mobile_robot'
[0.311s] Level 1:colcon.colcon_core.package_identification:_identify(src/my_kinematics_pkg) by extensions ['ignore', 'ignore_ament_install']
[0.312s] Level 1:colcon.colcon_core.package_identification:_identify(src/my_kinematics_pkg) by extension 'ignore'
[0.312s] Level 1:colcon.colcon_core.package_identification:_identify(src/my_kinematics_pkg) by extension 'ignore_ament_install'
[0.312s] Level 1:colcon.colcon_core.package_identification:_identify(src/my_kinematics_pkg) by extensions ['colcon_pkg']
[0.312s] Level 1:colcon.colcon_core.package_identification:_identify(src/my_kinematics_pkg) by extension 'colcon_pkg'
[0.312s] Level 1:colcon.colcon_core.package_identification:_identify(src/my_kinematics_pkg) by extensions ['colcon_meta']
[0.312s] Level 1:colcon.colcon_core.package_identification:_identify(src/my_kinematics_pkg) by extension 'colcon_meta'
[0.312s] Level 1:colcon.colcon_core.package_identification:_identify(src/my_kinematics_pkg) by extensions ['ros']
[0.312s] Level 1:colcon.colcon_core.package_identification:_identify(src/my_kinematics_pkg) by extension 'ros'
[0.313s] DEBUG:colcon.colcon_core.package_identification:Package 'src/my_kinematics_pkg' with type 'ros.ament_cmake' and name 'my_kinematics_pkg'
[0.313s] Level 1:colcon.colcon_core.package_identification:_identify(src/navigation) by extensions ['ignore', 'ignore_ament_install']
[0.313s] Level 1:colcon.colcon_core.package_identification:_identify(src/navigation) by extension 'ignore'
[0.313s] Level 1:colcon.colcon_core.package_identification:_identify(src/navigation) by extension 'ignore_ament_install'
[0.313s] Level 1:colcon.colcon_core.package_identification:_identify(src/navigation) by extensions ['colcon_pkg']
[0.313s] Level 1:colcon.colcon_core.package_identification:_identify(src/navigation) by extension 'colcon_pkg'
[0.314s] Level 1:colcon.colcon_core.package_identification:_identify(src/navigation) by extensions ['colcon_meta']
[0.314s] Level 1:colcon.colcon_core.package_identification:_identify(src/navigation) by extension 'colcon_meta'
[0.314s] Level 1:colcon.colcon_core.package_identification:_identify(src/navigation) by extensions ['ros']
[0.314s] Level 1:colcon.colcon_core.package_identification:_identify(src/navigation) by extension 'ros'
[0.315s] DEBUG:colcon.colcon_core.package_identification:Package 'src/navigation' with type 'ros.ament_python' and name 'navigation'
[0.315s] Level 1:colcon.colcon_core.package_identification:_identify(src/publisher_subscriber) by extensions ['ignore', 'ignore_ament_install']
[0.315s] Level 1:colcon.colcon_core.package_identification:_identify(src/publisher_subscriber) by extension 'ignore'
[0.315s] Level 1:colcon.colcon_core.package_identification:_identify(src/publisher_subscriber) by extension 'ignore_ament_install'
[0.315s] Level 1:colcon.colcon_core.package_identification:_identify(src/publisher_subscriber) by extensions ['colcon_pkg']
[0.315s] Level 1:colcon.colcon_core.package_identification:_identify(src/publisher_subscriber) by extension 'colcon_pkg'
[0.315s] Level 1:colcon.colcon_core.package_identification:_identify(src/publisher_subscriber) by extensions ['colcon_meta']
[0.315s] Level 1:colcon.colcon_core.package_identification:_identify(src/publisher_subscriber) by extension 'colcon_meta'
[0.315s] Level 1:colcon.colcon_core.package_identification:_identify(src/publisher_subscriber) by extensions ['ros']
[0.315s] Level 1:colcon.colcon_core.package_identification:_identify(src/publisher_subscriber) by extension 'ros'
[0.316s] DEBUG:colcon.colcon_core.package_identification:Package 'src/publisher_subscriber' with type 'ros.ament_python' and name 'publisher_subscriber'
[0.316s] Level 1:colcon.colcon_core.package_identification:_identify(vectors) by extensions ['ignore', 'ignore_ament_install']
[0.316s] Level 1:colcon.colcon_core.package_identification:_identify(vectors) by extension 'ignore'
[0.316s] Level 1:colcon.colcon_core.package_identification:_identify(vectors) by extension 'ignore_ament_install'
[0.316s] Level 1:colcon.colcon_core.package_identification:_identify(vectors) by extensions ['colcon_pkg']
[0.316s] Level 1:colcon.colcon_core.package_identification:_identify(vectors) by extension 'colcon_pkg'
[0.316s] Level 1:colcon.colcon_core.package_identification:_identify(vectors) by extensions ['colcon_meta']
[0.316s] Level 1:colcon.colcon_core.package_identification:_identify(vectors) by extension 'colcon_meta'
[0.316s] Level 1:colcon.colcon_core.package_identification:_identify(vectors) by extensions ['ros']
[0.316s] Level 1:colcon.colcon_core.package_identification:_identify(vectors) by extension 'ros'
[0.316s] Level 1:colcon.colcon_core.package_identification:_identify(vectors) by extensions ['cmake', 'python']
[0.317s] Level 1:colcon.colcon_core.package_identification:_identify(vectors) by extension 'cmake'
[0.317s] Level 1:colcon.colcon_core.package_identification:_identify(vectors) by extension 'python'
[0.317s] Level 1:colcon.colcon_core.package_identification:_identify(vectors) by extensions ['python_setup_py']
[0.317s] Level 1:colcon.colcon_core.package_identification:_identify(vectors) by extension 'python_setup_py'
[0.317s] Level 1:colcon.colcon_core.package_discovery:discover_packages(recursive) using defaults
[0.317s] Level 1:colcon.colcon_core.package_discovery:discover_packages(ignore) discover
[0.317s] Level 1:colcon.colcon_core.package_discovery:discover_packages(ignore) using defaults
[0.317s] Level 1:colcon.colcon_core.package_discovery:discover_packages(path) discover
[0.317s] Level 1:colcon.colcon_core.package_discovery:discover_packages(path) using defaults
[0.341s] Level 1:colcon.colcon_core.package_discovery:discover_packages(prefix_path) check parameters
[0.341s] Level 1:colcon.colcon_core.package_discovery:discover_packages(prefix_path) discover
[0.346s] DEBUG:colcon.colcon_installed_package_information.package_discovery:Found 4 installed packages in /home/thomas/MobileRobot/ws_new/install
[0.346s] DEBUG:colcon.colcon_installed_package_information.package_discovery:Found 1 installed packages in /home/thomas/dev_ws/install
[0.347s] DEBUG:colcon.colcon_installed_package_information.package_discovery:Found 0 installed packages in /home/thomas/mobile_robot/install
[0.349s] DEBUG:colcon.colcon_installed_package_information.package_discovery:Found 439 installed packages in /opt/ros/jazzy
[0.350s] Level 1:colcon.colcon_core.package_discovery:discover_packages(prefix_path) using defaults
[0.424s] Level 5:colcon.colcon_core.verb:set package 'mobile_robot' build argument 'cmake_args' from command line to 'None'
[0.425s] Level 5:colcon.colcon_core.verb:set package 'mobile_robot' build argument 'cmake_target' from command line to 'None'
[0.425s] Level 5:colcon.colcon_core.verb:set package 'mobile_robot' build argument 'cmake_target_skip_unavailable' from command line to 'False'
[0.425s] Level 5:colcon.colcon_core.verb:set package 'mobile_robot' build argument 'cmake_clean_cache' from command line to 'False'
[0.425s] Level 5:colcon.colcon_core.verb:set package 'mobile_robot' build argument 'cmake_clean_first' from command line to 'False'
[0.425s] Level 5:colcon.colcon_core.verb:set package 'mobile_robot' build argument 'cmake_force_configure' from command line to 'False'
[0.425s] Level 5:colcon.colcon_core.verb:set package 'mobile_robot' build argument 'ament_cmake_args' from command line to 'None'
[0.425s] Level 5:colcon.colcon_core.verb:set package 'mobile_robot' build argument 'catkin_cmake_args' from command line to 'None'
[0.425s] Level 5:colcon.colcon_core.verb:set package 'mobile_robot' build argument 'catkin_skip_building_tests' from command line to 'False'
[0.425s] DEBUG:colcon.colcon_core.verb:Building package 'mobile_robot' with the following arguments: {'ament_cmake_args': None, 'build_base': '/home/thomas/MobileRobot/ws_new/build/mobile_robot', 'catkin_cmake_args': None, 'catkin_skip_building_tests': False, 'cmake_args': None, 'cmake_clean_cache': False, 'cmake_clean_first': False, 'cmake_force_configure': False, 'cmake_target': None, 'cmake_target_skip_unavailable': False, 'install_base': '/home/thomas/MobileRobot/ws_new/install/mobile_robot', 'merge_install': False, 'path': '/home/thomas/MobileRobot/ws_new/src/mobile_robot', 'symlink_install': False, 'test_result_base': None}
[0.425s] Level 5:colcon.colcon_core.verb:set package 'my_kinematics_pkg' build argument 'cmake_args' from command line to 'None'
[0.425s] Level 5:colcon.colcon_core.verb:set package 'my_kinematics_pkg' build argument 'cmake_target' from command line to 'None'
[0.425s] Level 5:colcon.colcon_core.verb:set package 'my_kinematics_pkg' build argument 'cmake_target_skip_unavailable' from command line to 'False'
[0.425s] Level 5:colcon.colcon_core.verb:set package 'my_kinematics_pkg' build argument 'cmake_clean_cache' from command line to 'False'
[0.425s] Level 5:colcon.colcon_core.verb:set package 'my_kinematics_pkg' build argument 'cmake_clean_first' from command line to 'False'
[0.426s] Level 5:colcon.colcon_core.verb:set package 'my_kinematics_pkg' build argument 'cmake_force_configure' from command line to 'False'
[0.426s] Level 5:colcon.colcon_core.verb:set package 'my_kinematics_pkg' build argument 'ament_cmake_args' from command line to 'None'
[0.426s] Level 5:colcon.colcon_core.verb:set package 'my_kinematics_pkg' build argument 'catkin_cmake_args' from command line to 'None'
[0.426s] Level 5:colcon.colcon_core.verb:set package 'my_kinematics_pkg' build argument 'catkin_skip_building_tests' from command line to 'False'
[0.426s] DEBUG:colcon.colcon_core.verb:Building package 'my_kinematics_pkg' with the following arguments: {'ament_cmake_args': None, 'build_base': '/home/thomas/MobileRobot/ws_new/build/my_kinematics_pkg', 'catkin_cmake_args': None, 'catkin_skip_building_tests': False, 'cmake_args': None, 'cmake_clean_cache': False, 'cmake_clean_first': False, 'cmake_force_configure': False, 'cmake_target': None, 'cmake_target_skip_unavailable': False, 'install_base': '/home/thomas/MobileRobot/ws_new/install/my_kinematics_pkg', 'merge_install': False, 'path': '/home/thomas/MobileRobot/ws_new/src/my_kinematics_pkg', 'symlink_install': False, 'test_result_base': None}
[0.426s] Level 5:colcon.colcon_core.verb:set package 'navigation' build argument 'cmake_args' from command line to 'None'
[0.426s] Level 5:colcon.colcon_core.verb:set package 'navigation' build argument 'cmake_target' from command line to 'None'
[0.426s] Level 5:colcon.colcon_core.verb:set package 'navigation' build argument 'cmake_target_skip_unavailable' from command line to 'False'
[0.426s] Level 5:colcon.colcon_core.verb:set package 'navigation' build argument 'cmake_clean_cache' from command line to 'False'
[0.426s] Level 5:colcon.colcon_core.verb:set package 'navigation' build argument 'cmake_clean_first' from command line to 'False'
[0.426s] Level 5:colcon.colcon_core.verb:set package 'navigation' build argument 'cmake_force_configure' from command line to 'False'
[0.426s] Level 5:colcon.colcon_core.verb:set package 'navigation' build argument 'ament_cmake_args' from command line to 'None'
[0.426s] Level 5:colcon.colcon_core.verb:set package 'navigation' build argument 'catkin_cmake_args' from command line to 'None'
[0.426s] Level 5:colcon.colcon_core.verb:set package 'navigation' build argument 'catkin_skip_building_tests' from command line to 'False'
[0.426s] DEBUG:colcon.colcon_core.verb:Building package 'navigation' with the following arguments: {'ament_cmake_args': None, 'build_base': '/home/thomas/MobileRobot/ws_new/build/navigation', 'catkin_cmake_args': None, 'catkin_skip_building_tests': False, 'cmake_args': None, 'cmake_clean_cache': False, 'cmake_clean_first': False, 'cmake_force_configure': False, 'cmake_target': None, 'cmake_target_skip_unavailable': False, 'install_base': '/home/thomas/MobileRobot/ws_new/install/navigation', 'merge_install': False, 'path': '/home/thomas/MobileRobot/ws_new/src/navigation', 'symlink_install': False, 'test_result_base': None}
[0.427s] Level 5:colcon.colcon_core.verb:set package 'publisher_subscriber' build argument 'cmake_args' from command line to 'None'
[0.427s] Level 5:colcon.colcon_core.verb:set package 'publisher_subscriber' build argument 'cmake_target' from command line to 'None'
[0.427s] Level 5:colcon.colcon_core.verb:set package 'publisher_subscriber' build argument 'cmake_target_skip_unavailable' from command line to 'False'
[0.427s] Level 5:colcon.colcon_core.verb:set package 'publisher_subscriber' build argument 'cmake_clean_cache' from command line to 'False'
[0.427s] Level 5:colcon.colcon_core.verb:set package 'publisher_subscriber' build argument 'cmake_clean_first' from command line to 'False'
[0.427s] Level 5:colcon.colcon_core.verb:set package 'publisher_subscriber' build argument 'cmake_force_configure' from command line to 'False'
[0.427s] Level 5:colcon.colcon_core.verb:set package 'publisher_subscriber' build argument 'ament_cmake_args' from command line to 'None'
[0.427s] Level 5:colcon.colcon_core.verb:set package 'publisher_subscriber' build argument 'catkin_cmake_args' from command line to 'None'
[0.427s] Level 5:colcon.colcon_core.verb:set package 'publisher_subscriber' build argument 'catkin_skip_building_tests' from command line to 'False'
[0.427s] DEBUG:colcon.colcon_core.verb:Building package 'publisher_subscriber' with the following arguments: {'ament_cmake_args': None, 'build_base': '/home/thomas/MobileRobot/ws_new/build/publisher_subscriber', 'catkin_cmake_args': None, 'catkin_skip_building_tests': False, 'cmake_args': None, 'cmake_clean_cache': False, 'cmake_clean_first': False, 'cmake_force_configure': False, 'cmake_target': None, 'cmake_target_skip_unavailable': False, 'install_base': '/home/thomas/MobileRobot/ws_new/install/publisher_subscriber', 'merge_install': False, 'path': '/home/thomas/MobileRobot/ws_new/src/publisher_subscriber', 'symlink_install': False, 'test_result_base': None}
[0.427s] INFO:colcon.colcon_core.executor:Executing jobs using 'parallel' executor
[0.429s] DEBUG:colcon.colcon_parallel_executor.executor.parallel:run_until_complete
[0.429s] INFO:colcon.colcon_ros.task.ament_cmake.build:Building ROS package in '/home/thomas/MobileRobot/ws_new/src/mobile_robot' with build type 'ament_cmake'
[0.429s] INFO:colcon.colcon_cmake.task.cmake.build:Building CMake package in '/home/thomas/MobileRobot/ws_new/src/mobile_robot'
[0.436s] INFO:colcon.colcon_core.plugin_system:Skipping extension 'colcon_core.shell.bat': Not used on non-Windows systems
[0.436s] INFO:colcon.colcon_core.shell:Skip shell extension 'powershell' for command environment: Not usable outside of PowerShell
[0.437s] DEBUG:colcon.colcon_core.shell:Skip shell extension 'dsv' for command environment
[0.460s] INFO:colcon.colcon_ros.task.ament_cmake.build:Building ROS package in '/home/thomas/MobileRobot/ws_new/src/my_kinematics_pkg' with build type 'ament_cmake'
[0.460s] INFO:colcon.colcon_cmake.task.cmake.build:Building CMake package in '/home/thomas/MobileRobot/ws_new/src/my_kinematics_pkg'
[0.460s] INFO:colcon.colcon_core.shell:Skip shell extension 'powershell' for command environment: Not usable outside of PowerShell
[0.461s] DEBUG:colcon.colcon_core.shell:Skip shell extension 'dsv' for command environment
[0.469s] INFO:colcon.colcon_ros.task.ament_python.build:Building ROS package in '/home/thomas/MobileRobot/ws_new/src/navigation' with build type 'ament_python'
[0.469s] Level 1:colcon.colcon_core.shell:create_environment_hook('navigation', 'ament_prefix_path')
[0.470s] INFO:colcon.colcon_core.shell:Creating environment hook '/home/thomas/MobileRobot/ws_new/install/navigation/share/navigation/hook/ament_prefix_path.ps1'
[0.547s] INFO:colcon.colcon_core.shell:Creating environment descriptor '/home/thomas/MobileRobot/ws_new/install/navigation/share/navigation/hook/ament_prefix_path.dsv'
[0.550s] INFO:colcon.colcon_core.shell:Creating environment hook '/home/thomas/MobileRobot/ws_new/install/navigation/share/navigation/hook/ament_prefix_path.sh'
[0.552s] INFO:colcon.colcon_core.shell:Skip shell extension 'powershell' for command environment: Not usable outside of PowerShell
[0.552s] DEBUG:colcon.colcon_core.shell:Skip shell extension 'dsv' for command environment
[0.558s] INFO:colcon.colcon_ros.task.ament_python.build:Building ROS package in '/home/thomas/MobileRobot/ws_new/src/publisher_subscriber' with build type 'ament_python'
[0.558s] Level 1:colcon.colcon_core.shell:create_environment_hook('publisher_subscriber', 'ament_prefix_path')
[0.558s] INFO:colcon.colcon_core.shell:Creating environment hook '/home/thomas/MobileRobot/ws_new/install/publisher_subscriber/share/publisher_subscriber/hook/ament_prefix_path.ps1'
[0.559s] INFO:colcon.colcon_core.shell:Creating environment descriptor '/home/thomas/MobileRobot/ws_new/install/publisher_subscriber/share/publisher_subscriber/hook/ament_prefix_path.dsv'
[0.560s] INFO:colcon.colcon_core.shell:Creating environment hook '/home/thomas/MobileRobot/ws_new/install/publisher_subscriber/share/publisher_subscriber/hook/ament_prefix_path.sh'
[0.560s] INFO:colcon.colcon_core.shell:Skip shell extension 'powershell' for command environment: Not usable outside of PowerShell
[0.560s] DEBUG:colcon.colcon_core.shell:Skip shell extension 'dsv' for command environment
[0.571s] DEBUG:colcon.colcon_core.event_handler.log_command:Invoking command in '/home/thomas/MobileRobot/ws_new/build/mobile_robot': CMAKE_PREFIX_PATH=${CMAKE_PREFIX_PATH}:/home/thomas/MobileRobot/ws_new/install/publisher_subscriber:/home/thomas/MobileRobot/ws_new/install/navigation:/opt/ros/jazzy DEBUGINFOD_URLS=https://debuginfod.ubuntu.com /usr/bin/cmake --build /home/thomas/MobileRobot/ws_new/build/mobile_robot -- -j8 -l8
[0.663s] DEBUG:colcon.colcon_core.event_handler.log_command:Invoking command in '/home/thomas/MobileRobot/ws_new/build/my_kinematics_pkg': CMAKE_PREFIX_PATH=${CMAKE_PREFIX_PATH}:/home/thomas/MobileRobot/ws_new/install/publisher_subscriber:/home/thomas/MobileRobot/ws_new/install/navigation:/opt/ros/jazzy DEBUGINFOD_URLS=https://debuginfod.ubuntu.com /usr/bin/cmake --build /home/thomas/MobileRobot/ws_new/build/my_kinematics_pkg -- -j8 -l8
[1.037s] INFO:colcon.colcon_core.task.python.build:Building Python package in '/home/thomas/MobileRobot/ws_new/src/navigation'
[1.038s] INFO:colcon.colcon_core.shell:Skip shell extension 'powershell' for command environment: Not usable outside of PowerShell
[1.038s] DEBUG:colcon.colcon_core.shell:Skip shell extension 'dsv' for command environment
[1.050s] DEBUG:colcon.colcon_core.event_handler.log_command:Invoked command in '/home/thomas/MobileRobot/ws_new/build/mobile_robot' returned '0': CMAKE_PREFIX_PATH=${CMAKE_PREFIX_PATH}:/home/thomas/MobileRobot/ws_new/install/publisher_subscriber:/home/thomas/MobileRobot/ws_new/install/navigation:/opt/ros/jazzy DEBUGINFOD_URLS=https://debuginfod.ubuntu.com /usr/bin/cmake --build /home/thomas/MobileRobot/ws_new/build/mobile_robot -- -j8 -l8
[1.105s] DEBUG:colcon.colcon_core.event_handler.log_command:Invoking command in '/home/thomas/MobileRobot/ws_new/build/mobile_robot': CMAKE_PREFIX_PATH=${CMAKE_PREFIX_PATH}:/home/thomas/MobileRobot/ws_new/install/publisher_subscriber:/home/thomas/MobileRobot/ws_new/install/navigation:/opt/ros/jazzy DEBUGINFOD_URLS=https://debuginfod.ubuntu.com /usr/bin/cmake --install /home/thomas/MobileRobot/ws_new/build/mobile_robot
[1.420s] INFO:colcon.colcon_core.task.python.build:Building Python package in '/home/thomas/MobileRobot/ws_new/src/publisher_subscriber'
[1.421s] INFO:colcon.colcon_core.shell:Skip shell extension 'powershell' for command environment: Not usable outside of PowerShell
[1.421s] DEBUG:colcon.colcon_core.shell:Skip shell extension 'dsv' for command environment
[1.564s] Level 1:colcon.colcon_core.environment:create_environment_scripts_only(mobile_robot)
[1.565s] DEBUG:colcon.colcon_core.event_handler.log_command:Invoked command in '/home/thomas/MobileRobot/ws_new/build/mobile_robot' returned '0': CMAKE_PREFIX_PATH=${CMAKE_PREFIX_PATH}:/home/thomas/MobileRobot/ws_new/install/publisher_subscriber:/home/thomas/MobileRobot/ws_new/install/navigation:/opt/ros/jazzy DEBUGINFOD_URLS=https://debuginfod.ubuntu.com /usr/bin/cmake --install /home/thomas/MobileRobot/ws_new/build/mobile_robot
[1.857s] Level 1:colcon.colcon_core.environment:checking '/home/thomas/MobileRobot/ws_new/install/mobile_robot' for CMake module files
[1.857s] Level 1:colcon.colcon_core.environment:checking '/home/thomas/MobileRobot/ws_new/install/mobile_robot' for CMake config files
[1.858s] Level 1:colcon.colcon_core.shell:create_environment_hook('mobile_robot', 'cmake_prefix_path')
[1.858s] INFO:colcon.colcon_core.shell:Creating environment hook '/home/thomas/MobileRobot/ws_new/install/mobile_robot/share/mobile_robot/hook/cmake_prefix_path.ps1'
[1.858s] INFO:colcon.colcon_core.shell:Creating environment descriptor '/home/thomas/MobileRobot/ws_new/install/mobile_robot/share/mobile_robot/hook/cmake_prefix_path.dsv'
[1.859s] INFO:colcon.colcon_core.shell:Creating environment hook '/home/thomas/MobileRobot/ws_new/install/mobile_robot/share/mobile_robot/hook/cmake_prefix_path.sh'
[1.860s] Level 1:colcon.colcon_core.environment:checking '/home/thomas/MobileRobot/ws_new/install/mobile_robot/bin'
[1.860s] Level 1:colcon.colcon_core.environment:checking '/home/thomas/MobileRobot/ws_new/install/mobile_robot/lib/pkgconfig/mobile_robot.pc'
[1.861s] Level 1:colcon.colcon_core.environment:checking '/home/thomas/MobileRobot/ws_new/install/mobile_robot/lib/python3.12/site-packages'
[1.861s] Level 1:colcon.colcon_core.environment:checking '/home/thomas/MobileRobot/ws_new/install/mobile_robot/bin'
[1.861s] INFO:colcon.colcon_core.shell:Creating package script '/home/thomas/MobileRobot/ws_new/install/mobile_robot/share/mobile_robot/package.ps1'
[1.870s] INFO:colcon.colcon_core.shell:Creating package descriptor '/home/thomas/MobileRobot/ws_new/install/mobile_robot/share/mobile_robot/package.dsv'
[1.871s] INFO:colcon.colcon_core.shell:Creating package script '/home/thomas/MobileRobot/ws_new/install/mobile_robot/share/mobile_robot/package.sh'
[1.872s] INFO:colcon.colcon_core.shell:Creating package script '/home/thomas/MobileRobot/ws_new/install/mobile_robot/share/mobile_robot/package.bash'
[1.879s] INFO:colcon.colcon_core.shell:Creating package script '/home/thomas/MobileRobot/ws_new/install/mobile_robot/share/mobile_robot/package.zsh'
[1.913s] Level 1:colcon.colcon_core.environment:create_file_with_runtime_dependencies(/home/thomas/MobileRobot/ws_new/install/mobile_robot/share/colcon-core/packages/mobile_robot)
[1.913s] Level 1:colcon.colcon_core.environment:create_environment_scripts_only(mobile_robot)
[1.914s] Level 1:colcon.colcon_core.environment:checking '/home/thomas/MobileRobot/ws_new/install/mobile_robot' for CMake module files
[1.914s] Level 1:colcon.colcon_core.environment:checking '/home/thomas/MobileRobot/ws_new/install/mobile_robot' for CMake config files
[1.915s] Level 1:colcon.colcon_core.shell:create_environment_hook('mobile_robot', 'cmake_prefix_path')
[1.915s] INFO:colcon.colcon_core.shell:Creating environment hook '/home/thomas/MobileRobot/ws_new/install/mobile_robot/share/mobile_robot/hook/cmake_prefix_path.ps1'
[1.915s] INFO:colcon.colcon_core.shell:Creating environment descriptor '/home/thomas/MobileRobot/ws_new/install/mobile_robot/share/mobile_robot/hook/cmake_prefix_path.dsv'
[1.916s] INFO:colcon.colcon_core.shell:Creating environment hook '/home/thomas/MobileRobot/ws_new/install/mobile_robot/share/mobile_robot/hook/cmake_prefix_path.sh'
[1.916s] Level 1:colcon.colcon_core.environment:checking '/home/thomas/MobileRobot/ws_new/install/mobile_robot/bin'
[1.917s] Level 1:colcon.colcon_core.environment:checking '/home/thomas/MobileRobot/ws_new/install/mobile_robot/lib/pkgconfig/mobile_robot.pc'
[1.917s] Level 1:colcon.colcon_core.environment:checking '/home/thomas/MobileRobot/ws_new/install/mobile_robot/lib/python3.12/site-packages'
[1.917s] Level 1:colcon.colcon_core.environment:checking '/home/thomas/MobileRobot/ws_new/install/mobile_robot/bin'
[1.917s] INFO:colcon.colcon_core.shell:Creating package script '/home/thomas/MobileRobot/ws_new/install/mobile_robot/share/mobile_robot/package.ps1'
[1.918s] INFO:colcon.colcon_core.shell:Creating package descriptor '/home/thomas/MobileRobot/ws_new/install/mobile_robot/share/mobile_robot/package.dsv'
[1.919s] INFO:colcon.colcon_core.shell:Creating package script '/home/thomas/MobileRobot/ws_new/install/mobile_robot/share/mobile_robot/package.sh'
[1.919s] INFO:colcon.colcon_core.shell:Creating package script '/home/thomas/MobileRobot/ws_new/install/mobile_robot/share/mobile_robot/package.bash'
[1.920s] INFO:colcon.colcon_core.shell:Creating package script '/home/thomas/MobileRobot/ws_new/install/mobile_robot/share/mobile_robot/package.zsh'
[1.920s] Level 1:colcon.colcon_core.environment:create_file_with_runtime_dependencies(/home/thomas/MobileRobot/ws_new/install/mobile_robot/share/colcon-core/packages/mobile_robot)
[13.803s] DEBUG:colcon.colcon_core.event_handler.log_command:Invoking command in '/home/thomas/MobileRobot/ws_new/src/navigation': DEBUGINFOD_URLS=https://debuginfod.ubuntu.com PYTHONPATH=/home/thomas/MobileRobot/ws_new/build/navigation/prefix_override:/usr/lib/python3/dist-packages/colcon_core/task/python/colcon_distutils_commands:/home/thomas/MobileRobot/ws_new/install/navigation/lib/python3.12/site-packages:${PYTHONPATH} /usr/bin/python3 -W ignore:setup.py install is deprecated -W ignore:easy_install command is deprecated setup.py egg_info --egg-base ../../build/navigation build --build-base /home/thomas/MobileRobot/ws_new/build/navigation/build install --record /home/thomas/MobileRobot/ws_new/build/navigation/install.log --single-version-externally-managed install_data
[13.809s] DEBUG:colcon.colcon_core.event_handler.log_command:Invoking command in '/home/thomas/MobileRobot/ws_new/src/publisher_subscriber': DEBUGINFOD_URLS=https://debuginfod.ubuntu.com PYTHONPATH=/home/thomas/MobileRobot/ws_new/build/publisher_subscriber/prefix_override:/usr/lib/python3/dist-packages/colcon_core/task/python/colcon_distutils_commands:/home/thomas/MobileRobot/ws_new/install/publisher_subscriber/lib/python3.12/site-packages:${PYTHONPATH} /usr/bin/python3 -W ignore:setup.py install is deprecated -W ignore:easy_install command is deprecated setup.py egg_info --egg-base ../../build/publisher_subscriber build --build-base /home/thomas/MobileRobot/ws_new/build/publisher_subscriber/build install --record /home/thomas/MobileRobot/ws_new/build/publisher_subscriber/install.log --single-version-externally-managed install_data
[14.655s] Level 1:colcon.colcon_core.environment:checking '/home/thomas/MobileRobot/ws_new/install/publisher_subscriber' for CMake module files
[14.656s] DEBUG:colcon.colcon_core.event_handler.log_command:Invoked command in '/home/thomas/MobileRobot/ws_new/src/publisher_subscriber' returned '0': DEBUGINFOD_URLS=https://debuginfod.ubuntu.com PYTHONPATH=/home/thomas/MobileRobot/ws_new/build/publisher_subscriber/prefix_override:/usr/lib/python3/dist-packages/colcon_core/task/python/colcon_distutils_commands:/home/thomas/MobileRobot/ws_new/install/publisher_subscriber/lib/python3.12/site-packages:${PYTHONPATH} /usr/bin/python3 -W ignore:setup.py install is deprecated -W ignore:easy_install command is deprecated setup.py egg_info --egg-base ../../build/publisher_subscriber build --build-base /home/thomas/MobileRobot/ws_new/build/publisher_subscriber/build install --record /home/thomas/MobileRobot/ws_new/build/publisher_subscriber/install.log --single-version-externally-managed install_data
[14.656s] Level 1:colcon.colcon_core.environment:checking '/home/thomas/MobileRobot/ws_new/install/publisher_subscriber' for CMake config files
[14.657s] Level 1:colcon.colcon_core.environment:checking '/home/thomas/MobileRobot/ws_new/install/publisher_subscriber/lib'
[14.658s] Level 1:colcon.colcon_core.environment:checking '/home/thomas/MobileRobot/ws_new/install/publisher_subscriber/bin'
[14.658s] Level 1:colcon.colcon_core.environment:checking '/home/thomas/MobileRobot/ws_new/install/publisher_subscriber/lib/pkgconfig/publisher_subscriber.pc'
[14.658s] Level 1:colcon.colcon_core.environment:checking '/home/thomas/MobileRobot/ws_new/install/publisher_subscriber/lib/python3.12/site-packages'
[14.659s] Level 1:colcon.colcon_core.shell:create_environment_hook('publisher_subscriber', 'pythonpath')
[14.659s] INFO:colcon.colcon_core.shell:Creating environment hook '/home/thomas/MobileRobot/ws_new/install/publisher_subscriber/share/publisher_subscriber/hook/pythonpath.ps1'
[14.660s] INFO:colcon.colcon_core.shell:Creating environment descriptor '/home/thomas/MobileRobot/ws_new/install/publisher_subscriber/share/publisher_subscriber/hook/pythonpath.dsv'
[14.660s] INFO:colcon.colcon_core.shell:Creating environment hook '/home/thomas/MobileRobot/ws_new/install/publisher_subscriber/share/publisher_subscriber/hook/pythonpath.sh'
[14.662s] Level 1:colcon.colcon_core.environment:checking '/home/thomas/MobileRobot/ws_new/install/publisher_subscriber/bin'
[14.662s] Level 1:colcon.colcon_core.environment:create_environment_scripts_only(publisher_subscriber)
[14.662s] INFO:colcon.colcon_core.shell:Creating package script '/home/thomas/MobileRobot/ws_new/install/publisher_subscriber/share/publisher_subscriber/package.ps1'
[14.663s] INFO:colcon.colcon_core.shell:Creating package descriptor '/home/thomas/MobileRobot/ws_new/install/publisher_subscriber/share/publisher_subscriber/package.dsv'
[14.664s] INFO:colcon.colcon_core.shell:Creating package script '/home/thomas/MobileRobot/ws_new/install/publisher_subscriber/share/publisher_subscriber/package.sh'
[14.665s] INFO:colcon.colcon_core.shell:Creating package script '/home/thomas/MobileRobot/ws_new/install/publisher_subscriber/share/publisher_subscriber/package.bash'
[14.666s] INFO:colcon.colcon_core.shell:Creating package script '/home/thomas/MobileRobot/ws_new/install/publisher_subscriber/share/publisher_subscriber/package.zsh'
[14.666s] Level 1:colcon.colcon_core.environment:create_file_with_runtime_dependencies(/home/thomas/MobileRobot/ws_new/install/publisher_subscriber/share/colcon-core/packages/publisher_subscriber)
[14.692s] Level 1:colcon.colcon_core.environment:checking '/home/thomas/MobileRobot/ws_new/install/navigation' for CMake module files
[14.693s] DEBUG:colcon.colcon_core.event_handler.log_command:Invoked command in '/home/thomas/MobileRobot/ws_new/src/navigation' returned '0': DEBUGINFOD_URLS=https://debuginfod.ubuntu.com PYTHONPATH=/home/thomas/MobileRobot/ws_new/build/navigation/prefix_override:/usr/lib/python3/dist-packages/colcon_core/task/python/colcon_distutils_commands:/home/thomas/MobileRobot/ws_new/install/navigation/lib/python3.12/site-packages:${PYTHONPATH} /usr/bin/python3 -W ignore:setup.py install is deprecated -W ignore:easy_install command is deprecated setup.py egg_info --egg-base ../../build/navigation build --build-base /home/thomas/MobileRobot/ws_new/build/navigation/build install --record /home/thomas/MobileRobot/ws_new/build/navigation/install.log --single-version-externally-managed install_data
[14.693s] Level 1:colcon.colcon_core.environment:checking '/home/thomas/MobileRobot/ws_new/install/navigation' for CMake config files
[14.694s] Level 1:colcon.colcon_core.environment:checking '/home/thomas/MobileRobot/ws_new/install/navigation/lib'
[14.694s] Level 1:colcon.colcon_core.environment:checking '/home/thomas/MobileRobot/ws_new/install/navigation/bin'
[14.694s] Level 1:colcon.colcon_core.environment:checking '/home/thomas/MobileRobot/ws_new/install/navigation/lib/pkgconfig/navigation.pc'
[14.694s] Level 1:colcon.colcon_core.environment:checking '/home/thomas/MobileRobot/ws_new/install/navigation/lib/python3.12/site-packages'
[14.695s] Level 1:colcon.colcon_core.shell:create_environment_hook('navigation', 'pythonpath')
[14.695s] INFO:colcon.colcon_core.shell:Creating environment hook '/home/thomas/MobileRobot/ws_new/install/navigation/share/navigation/hook/pythonpath.ps1'
[14.695s] INFO:colcon.colcon_core.shell:Creating environment descriptor '/home/thomas/MobileRobot/ws_new/install/navigation/share/navigation/hook/pythonpath.dsv'
[14.696s] INFO:colcon.colcon_core.shell:Creating environment hook '/home/thomas/MobileRobot/ws_new/install/navigation/share/navigation/hook/pythonpath.sh'
[14.697s] Level 1:colcon.colcon_core.environment:checking '/home/thomas/MobileRobot/ws_new/install/navigation/bin'
[14.697s] Level 1:colcon.colcon_core.environment:create_environment_scripts_only(navigation)
[14.697s] INFO:colcon.colcon_core.shell:Creating package script '/home/thomas/MobileRobot/ws_new/install/navigation/share/navigation/package.ps1'
[14.697s] INFO:colcon.colcon_core.shell:Creating package descriptor '/home/thomas/MobileRobot/ws_new/install/navigation/share/navigation/package.dsv'
[14.698s] INFO:colcon.colcon_core.shell:Creating package script '/home/thomas/MobileRobot/ws_new/install/navigation/share/navigation/package.sh'
[14.699s] INFO:colcon.colcon_core.shell:Creating package script '/home/thomas/MobileRobot/ws_new/install/navigation/share/navigation/package.bash'
[14.699s] INFO:colcon.colcon_core.shell:Creating package script '/home/thomas/MobileRobot/ws_new/install/navigation/share/navigation/package.zsh'
[14.700s] Level 1:colcon.colcon_core.environment:create_file_with_runtime_dependencies(/home/thomas/MobileRobot/ws_new/install/navigation/share/colcon-core/packages/navigation)
[25.744s] DEBUG:colcon.colcon_core.event_handler.log_command:Invoked command in '/home/thomas/MobileRobot/ws_new/build/my_kinematics_pkg' returned '0': CMAKE_PREFIX_PATH=${CMAKE_PREFIX_PATH}:/home/thomas/MobileRobot/ws_new/install/publisher_subscriber:/home/thomas/MobileRobot/ws_new/install/navigation:/opt/ros/jazzy DEBUGINFOD_URLS=https://debuginfod.ubuntu.com /usr/bin/cmake --build /home/thomas/MobileRobot/ws_new/build/my_kinematics_pkg -- -j8 -l8
[25.773s] DEBUG:colcon.colcon_core.event_handler.log_command:Invoking command in '/home/thomas/MobileRobot/ws_new/build/my_kinematics_pkg': CMAKE_PREFIX_PATH=${CMAKE_PREFIX_PATH}:/home/thomas/MobileRobot/ws_new/install/publisher_subscriber:/home/thomas/MobileRobot/ws_new/install/navigation:/opt/ros/jazzy DEBUGINFOD_URLS=https://debuginfod.ubuntu.com /usr/bin/cmake --install /home/thomas/MobileRobot/ws_new/build/my_kinematics_pkg
[25.829s] Level 1:colcon.colcon_core.environment:create_environment_scripts_only(my_kinematics_pkg)
[25.829s] Level 1:colcon.colcon_core.environment:checking '/home/thomas/MobileRobot/ws_new/install/my_kinematics_pkg' for CMake module files
[25.830s] DEBUG:colcon.colcon_core.event_handler.log_command:Invoked command in '/home/thomas/MobileRobot/ws_new/build/my_kinematics_pkg' returned '0': CMAKE_PREFIX_PATH=${CMAKE_PREFIX_PATH}:/home/thomas/MobileRobot/ws_new/install/publisher_subscriber:/home/thomas/MobileRobot/ws_new/install/navigation:/opt/ros/jazzy DEBUGINFOD_URLS=https://debuginfod.ubuntu.com /usr/bin/cmake --install /home/thomas/MobileRobot/ws_new/build/my_kinematics_pkg
[25.831s] Level 1:colcon.colcon_core.environment:checking '/home/thomas/MobileRobot/ws_new/install/my_kinematics_pkg' for CMake config files
[25.831s] Level 1:colcon.colcon_core.shell:create_environment_hook('my_kinematics_pkg', 'cmake_prefix_path')
[25.832s] INFO:colcon.colcon_core.shell:Creating environment hook '/home/thomas/MobileRobot/ws_new/install/my_kinematics_pkg/share/my_kinematics_pkg/hook/cmake_prefix_path.ps1'
[25.832s] INFO:colcon.colcon_core.shell:Creating environment descriptor '/home/thomas/MobileRobot/ws_new/install/my_kinematics_pkg/share/my_kinematics_pkg/hook/cmake_prefix_path.dsv'
[25.833s] INFO:colcon.colcon_core.shell:Creating environment hook '/home/thomas/MobileRobot/ws_new/install/my_kinematics_pkg/share/my_kinematics_pkg/hook/cmake_prefix_path.sh'
[25.833s] Level 1:colcon.colcon_core.environment:checking '/home/thomas/MobileRobot/ws_new/install/my_kinematics_pkg/lib'
[25.833s] Level 1:colcon.colcon_core.environment:checking '/home/thomas/MobileRobot/ws_new/install/my_kinematics_pkg/bin'
[25.834s] Level 1:colcon.colcon_core.environment:checking '/home/thomas/MobileRobot/ws_new/install/my_kinematics_pkg/lib/pkgconfig/my_kinematics_pkg.pc'
[25.834s] Level 1:colcon.colcon_core.environment:checking '/home/thomas/MobileRobot/ws_new/install/my_kinematics_pkg/lib/python3.12/site-packages'
[25.834s] Level 1:colcon.colcon_core.environment:checking '/home/thomas/MobileRobot/ws_new/install/my_kinematics_pkg/bin'
[25.834s] INFO:colcon.colcon_core.shell:Creating package script '/home/thomas/MobileRobot/ws_new/install/my_kinematics_pkg/share/my_kinematics_pkg/package.ps1'
[25.835s] INFO:colcon.colcon_core.shell:Creating package descriptor '/home/thomas/MobileRobot/ws_new/install/my_kinematics_pkg/share/my_kinematics_pkg/package.dsv'
[25.835s] INFO:colcon.colcon_core.shell:Creating package script '/home/thomas/MobileRobot/ws_new/install/my_kinematics_pkg/share/my_kinematics_pkg/package.sh'
[25.836s] INFO:colcon.colcon_core.shell:Creating package script '/home/thomas/MobileRobot/ws_new/install/my_kinematics_pkg/share/my_kinematics_pkg/package.bash'
[25.836s] INFO:colcon.colcon_core.shell:Creating package script '/home/thomas/MobileRobot/ws_new/install/my_kinematics_pkg/share/my_kinematics_pkg/package.zsh'
[25.837s] Level 1:colcon.colcon_core.environment:create_file_with_runtime_dependencies(/home/thomas/MobileRobot/ws_new/install/my_kinematics_pkg/share/colcon-core/packages/my_kinematics_pkg)
[25.837s] Level 1:colcon.colcon_core.environment:create_environment_scripts_only(my_kinematics_pkg)
[25.837s] Level 1:colcon.colcon_core.environment:checking '/home/thomas/MobileRobot/ws_new/install/my_kinematics_pkg' for CMake module files
[25.838s] Level 1:colcon.colcon_core.environment:checking '/home/thomas/MobileRobot/ws_new/install/my_kinematics_pkg' for CMake config files
[25.838s] Level 1:colcon.colcon_core.shell:create_environment_hook('my_kinematics_pkg', 'cmake_prefix_path')
[25.838s] INFO:colcon.colcon_core.shell:Creating environment hook '/home/thomas/MobileRobot/ws_new/install/my_kinematics_pkg/share/my_kinematics_pkg/hook/cmake_prefix_path.ps1'
[25.839s] INFO:colcon.colcon_core.shell:Creating environment descriptor '/home/thomas/MobileRobot/ws_new/install/my_kinematics_pkg/share/my_kinematics_pkg/hook/cmake_prefix_path.dsv'
[25.839s] INFO:colcon.colcon_core.shell:Creating environment hook '/home/thomas/MobileRobot/ws_new/install/my_kinematics_pkg/share/my_kinematics_pkg/hook/cmake_prefix_path.sh'
[25.840s] Level 1:colcon.colcon_core.environment:checking '/home/thomas/MobileRobot/ws_new/install/my_kinematics_pkg/lib'
[25.841s] Level 1:colcon.colcon_core.environment:checking '/home/thomas/MobileRobot/ws_new/install/my_kinematics_pkg/bin'
[25.841s] Level 1:colcon.colcon_core.environment:checking '/home/thomas/MobileRobot/ws_new/install/my_kinematics_pkg/lib/pkgconfig/my_kinematics_pkg.pc'
[25.841s] Level 1:colcon.colcon_core.environment:checking '/home/thomas/MobileRobot/ws_new/install/my_kinematics_pkg/lib/python3.12/site-packages'
[25.841s] Level 1:colcon.colcon_core.environment:checking '/home/thomas/MobileRobot/ws_new/install/my_kinematics_pkg/bin'
[25.842s] INFO:colcon.colcon_core.shell:Creating package script '/home/thomas/MobileRobot/ws_new/install/my_kinematics_pkg/share/my_kinematics_pkg/package.ps1'
[25.843s] INFO:colcon.colcon_core.shell:Creating package descriptor '/home/thomas/MobileRobot/ws_new/install/my_kinematics_pkg/share/my_kinematics_pkg/package.dsv'
[25.843s] INFO:colcon.colcon_core.shell:Creating package script '/home/thomas/MobileRobot/ws_new/install/my_kinematics_pkg/share/my_kinematics_pkg/package.sh'
[25.844s] INFO:colcon.colcon_core.shell:Creating package script '/home/thomas/MobileRobot/ws_new/install/my_kinematics_pkg/share/my_kinematics_pkg/package.bash'
[25.845s] INFO:colcon.colcon_core.shell:Creating package script '/home/thomas/MobileRobot/ws_new/install/my_kinematics_pkg/share/my_kinematics_pkg/package.zsh'
[25.845s] Level 1:colcon.colcon_core.environment:create_file_with_runtime_dependencies(/home/thomas/MobileRobot/ws_new/install/my_kinematics_pkg/share/colcon-core/packages/my_kinematics_pkg)
[25.846s] DEBUG:colcon.colcon_parallel_executor.executor.parallel:closing loop
[25.846s] DEBUG:colcon.colcon_parallel_executor.executor.parallel:loop closed
[25.847s] DEBUG:colcon.colcon_parallel_executor.executor.parallel:run_until_complete finished with '0'
[25.847s] DEBUG:colcon.colcon_core.event_reactor:joining thread
[25.881s] INFO:colcon.colcon_core.plugin_system:Skipping extension 'colcon_notification.desktop_notification.terminal_notifier': Not used on non-Darwin systems
[25.881s] INFO:colcon.colcon_core.plugin_system:Skipping extension 'colcon_notification.desktop_notification.win32': Not used on non-Windows systems
[25.881s] INFO:colcon.colcon_notification.desktop_notification:Sending desktop notification using 'notify2'
[25.898s] DEBUG:colcon.colcon_core.event_reactor:joined thread
[25.898s] INFO:colcon.colcon_core.shell:Creating prefix script '/home/thomas/MobileRobot/ws_new/install/local_setup.ps1'
[25.899s] INFO:colcon.colcon_core.shell:Creating prefix util module '/home/thomas/MobileRobot/ws_new/install/_local_setup_util_ps1.py'
[25.900s] INFO:colcon.colcon_core.shell:Creating prefix chain script '/home/thomas/MobileRobot/ws_new/install/setup.ps1'
[25.902s] INFO:colcon.colcon_core.shell:Creating prefix script '/home/thomas/MobileRobot/ws_new/install/local_setup.sh'
[25.902s] INFO:colcon.colcon_core.shell:Creating prefix util module '/home/thomas/MobileRobot/ws_new/install/_local_setup_util_sh.py'
[25.903s] INFO:colcon.colcon_core.shell:Creating prefix chain script '/home/thomas/MobileRobot/ws_new/install/setup.sh'
[25.904s] INFO:colcon.colcon_core.shell:Creating prefix script '/home/thomas/MobileRobot/ws_new/install/local_setup.bash'
[25.905s] INFO:colcon.colcon_core.shell:Creating prefix chain script '/home/thomas/MobileRobot/ws_new/install/setup.bash'
[25.907s] INFO:colcon.colcon_core.shell:Creating prefix script '/home/thomas/MobileRobot/ws_new/install/local_setup.zsh'
[25.907s] INFO:colcon.colcon_core.shell:Creating prefix chain script '/home/thomas/MobileRobot/ws_new/install/setup.zsh'
