[0.351s] Invoking command in '/home/thomas/MobileRobot/ws_new/build/mobile_robot': CMAKE_PREFIX_PATH=${CMAKE_PREFIX_PATH}:/home/thomas/MobileRobot/ws_new/install/publisher_subscriber:/home/thomas/MobileRobot/ws_new/install/navigation:/opt/ros/jazzy DEBUGINFOD_URLS=https://debuginfod.ubuntu.com /usr/bin/cmake --build /home/thomas/MobileRobot/ws_new/build/mobile_robot -- -j8 -l8
[4.118s] Invoked command in '/home/thomas/MobileRobot/ws_new/build/mobile_robot' returned '0': CMAKE_PREFIX_PATH=${CMAKE_PREFIX_PATH}:/home/thomas/MobileRobot/ws_new/install/publisher_subscriber:/home/thomas/MobileRobot/ws_new/install/navigation:/opt/ros/jazzy DEBUGINFOD_URLS=https://debuginfod.ubuntu.com /usr/bin/cmake --build /home/thomas/MobileRobot/ws_new/build/mobile_robot -- -j8 -l8
[4.263s] Invoking command in '/home/thomas/MobileRobot/ws_new/build/mobile_robot': CMAKE_PREFIX_PATH=${CMAKE_PREFIX_PATH}:/home/thomas/MobileRobot/ws_new/install/publisher_subscriber:/home/thomas/MobileRobot/ws_new/install/navigation:/opt/ros/jazzy DEBUGINFOD_URLS=https://debuginfod.ubuntu.com /usr/bin/cmake --install /home/thomas/MobileRobot/ws_new/build/mobile_robot
[4.313s] -- Install configuration: ""
[4.472s] -- Up-to-date: /home/thomas/MobileRobot/ws_new/install/mobile_robot/share/mobile_robot//launch
[4.522s] -- Up-to-date: /home/thomas/MobileRobot/ws_new/install/mobile_robot/share/mobile_robot//launch/robot_gps_nav2.launch.py
[4.523s] -- Up-to-date: /home/thomas/MobileRobot/ws_new/install/mobile_robot/share/mobile_robot//launch/gazebo_model_environement.launch.py
[4.524s] -- Up-to-date: /home/thomas/MobileRobot/ws_new/install/mobile_robot/share/mobile_robot//launch/gazebo_model.launch.py
[4.524s] -- Up-to-date: /home/thomas/MobileRobot/ws_new/install/mobile_robot/share/mobile_robot//launch/test.launch.py
[4.525s] -- Up-to-date: /home/thomas/MobileRobot/ws_new/install/mobile_robot/share/mobile_robot//launch/ekf.launch.py
[4.525s] -- Up-to-date: /home/thomas/MobileRobot/ws_new/install/mobile_robot/share/mobile_robot//launch/camera.launch.py
[4.525s] -- Up-to-date: /home/thomas/MobileRobot/ws_new/install/mobile_robot/share/mobile_robot//launch/farm_world.launch.py
[4.539s] -- Up-to-date: /home/thomas/MobileRobot/ws_new/install/mobile_robot/share/mobile_robot//model
[4.553s] -- Up-to-date: /home/thomas/MobileRobot/ws_new/install/mobile_robot/share/mobile_robot//model/farm_world.sdf
[4.554s] -- Up-to-date: /home/thomas/MobileRobot/ws_new/install/mobile_robot/share/mobile_robot//model/empty_world.world
[4.554s] -- Up-to-date: /home/thomas/MobileRobot/ws_new/install/mobile_robot/share/mobile_robot//model/robot.gazebo
[4.555s] -- Up-to-date: /home/thomas/MobileRobot/ws_new/install/mobile_robot/share/mobile_robot//model/robot.xacro
[4.555s] -- Up-to-date: /home/thomas/MobileRobot/ws_new/install/mobile_robot/share/mobile_robot//config
[4.556s] -- Up-to-date: /home/thomas/MobileRobot/ws_new/install/mobile_robot/share/mobile_robot//config/main.rviz
[4.556s] -- Up-to-date: /home/thomas/MobileRobot/ws_new/install/mobile_robot/share/mobile_robot//config/mapper_params_online_async.yaml
[4.557s] -- Up-to-date: /home/thomas/MobileRobot/ws_new/install/mobile_robot/share/mobile_robot//config/ackermann_controllers.yaml
[4.557s] -- Up-to-date: /home/thomas/MobileRobot/ws_new/install/mobile_robot/share/mobile_robot//config/nav2_params.yaml
[4.557s] -- Up-to-date: /home/thomas/MobileRobot/ws_new/install/mobile_robot/share/mobile_robot//config/ekf.yaml
[4.558s] -- Up-to-date: /home/thomas/MobileRobot/ws_new/install/mobile_robot/share/mobile_robot//config/navsat_transform.yaml
[4.558s] -- Up-to-date: /home/thomas/MobileRobot/ws_new/install/mobile_robot/share/mobile_robot//config/gz_bridge.yaml
[4.558s] -- Up-to-date: /home/thomas/MobileRobot/ws_new/install/mobile_robot/share/mobile_robot//config/waypoint_follower.yaml
[4.559s] -- Up-to-date: /home/thomas/MobileRobot/ws_new/install/mobile_robot/share/mobile_robot//config/twist_mux.yaml
[4.583s] -- Up-to-date: /home/thomas/MobileRobot/ws_new/install/mobile_robot/share/mobile_robot//config/map_server.yaml
[4.583s] -- Up-to-date: /home/thomas/MobileRobot/ws_new/install/mobile_robot/share/mobile_robot//description
[4.584s] -- Up-to-date: /home/thomas/MobileRobot/ws_new/install/mobile_robot/share/mobile_robot//description/lidar.xacro
[4.585s] -- Up-to-date: /home/thomas/MobileRobot/ws_new/install/mobile_robot/share/mobile_robot//description/gps.xacro
[4.585s] -- Up-to-date: /home/thomas/MobileRobot/ws_new/install/mobile_robot/share/mobile_robot//description/camera.xacro
[4.586s] -- Up-to-date: /home/thomas/MobileRobot/ws_new/install/mobile_robot/share/ament_index/resource_index/package_run_dependencies/mobile_robot
[4.597s] -- Up-to-date: /home/thomas/MobileRobot/ws_new/install/mobile_robot/share/ament_index/resource_index/parent_prefix_path/mobile_robot
[4.606s] -- Up-to-date: /home/thomas/MobileRobot/ws_new/install/mobile_robot/share/mobile_robot/environment/ament_prefix_path.sh
[4.607s] -- Up-to-date: /home/thomas/MobileRobot/ws_new/install/mobile_robot/share/mobile_robot/environment/ament_prefix_path.dsv
[4.608s] -- Up-to-date: /home/thomas/MobileRobot/ws_new/install/mobile_robot/share/mobile_robot/environment/path.sh
[4.608s] -- Up-to-date: /home/thomas/MobileRobot/ws_new/install/mobile_robot/share/mobile_robot/environment/path.dsv
[4.609s] -- Up-to-date: /home/thomas/MobileRobot/ws_new/install/mobile_robot/share/mobile_robot/local_setup.bash
[4.609s] -- Up-to-date: /home/thomas/MobileRobot/ws_new/install/mobile_robot/share/mobile_robot/local_setup.sh
[4.609s] -- Up-to-date: /home/thomas/MobileRobot/ws_new/install/mobile_robot/share/mobile_robot/local_setup.zsh
[4.610s] -- Up-to-date: /home/thomas/MobileRobot/ws_new/install/mobile_robot/share/mobile_robot/local_setup.dsv
[4.610s] -- Installing: /home/thomas/MobileRobot/ws_new/install/mobile_robot/share/mobile_robot/package.dsv
[4.731s] -- Up-to-date: /home/thomas/MobileRobot/ws_new/install/mobile_robot/share/ament_index/resource_index/packages/mobile_robot
[4.741s] -- Up-to-date: /home/thomas/MobileRobot/ws_new/install/mobile_robot/share/mobile_robot/cmake/mobile_robotConfig.cmake
[4.741s] -- Up-to-date: /home/thomas/MobileRobot/ws_new/install/mobile_robot/share/mobile_robot/cmake/mobile_robotConfig-version.cmake
[4.742s] -- Up-to-date: /home/thomas/MobileRobot/ws_new/install/mobile_robot/share/mobile_robot/package.xml
[4.749s] Invoked command in '/home/thomas/MobileRobot/ws_new/build/mobile_robot' returned '0': CMAKE_PREFIX_PATH=${CMAKE_PREFIX_PATH}:/home/thomas/MobileRobot/ws_new/install/publisher_subscriber:/home/thomas/MobileRobot/ws_new/install/navigation:/opt/ros/jazzy DEBUGINFOD_URLS=https://debuginfod.ubuntu.com /usr/bin/cmake --install /home/thomas/MobileRobot/ws_new/build/mobile_robot
