[0.123s] Invoking command in '/home/thomas/MobileRobot/ws_new/build/visualization_msgs': AMENT_PREFIX_PATH=/home/thomas/MobileRobot/ws_new/install/sensor_msgs:/home/thomas/MobileRobot/ws_new/install/geometry_msgs:/home/thomas/MobileRobot/ws_new/install/std_msgs:${AMENT_PREFIX_PATH} CMAKE_PREFIX_PATH=/home/thomas/MobileRobot/ws_new/install/sensor_msgs:/home/thomas/MobileRobot/ws_new/install/geometry_msgs:/home/thomas/MobileRobot/ws_new/install/std_msgs:/opt/ros/jazzy/opt/gz_sim_vendor:/opt/ros/jazzy/opt/gz_sensors_vendor:/opt/ros/jazzy/opt/gz_physics_vendor:/opt/ros/jazzy/opt/sdformat_vendor:/opt/ros/jazzy/opt/gz_gui_vendor:/opt/ros/jazzy/opt/gz_transport_vendor:/opt/ros/jazzy/opt/gz_rendering_vendor:/opt/ros/jazzy/opt/gz_plugin_vendor:/opt/ros/jazzy/opt/gz_fuel_tools_vendor:/opt/ros/jazzy/opt/gz_msgs_vendor:/opt/ros/jazzy/opt/gz_common_vendor:/opt/ros/jazzy/opt/gz_math_vendor:/opt/ros/jazzy/opt/gz_utils_vendor:/opt/ros/jazzy/opt/gz_tools_vendor:/opt/ros/jazzy/opt/gz_ogre_next_vendor:/opt/ros/jazzy/opt/gz_dartsim_vendor:/opt/ros/jazzy/opt/gz_cmake_vendor:/home/thomas/dev_ws/install/basic_mobile_robot:/opt/ros/jazzy DEBUGINFOD_URLS=https://debuginfod.ubuntu.com LD_LIBRARY_PATH=/home/thomas/MobileRobot/ws_new/install/sensor_msgs/lib:/home/thomas/MobileRobot/ws_new/install/geometry_msgs/lib:/home/thomas/MobileRobot/ws_new/install/std_msgs/lib:${LD_LIBRARY_PATH} PYTHONPATH=/home/thomas/MobileRobot/ws_new/install/sensor_msgs/lib/python3.12/site-packages:/home/thomas/MobileRobot/ws_new/install/geometry_msgs/lib/python3.12/site-packages:/home/thomas/MobileRobot/ws_new/install/std_msgs/lib/python3.12/site-packages:${PYTHONPATH} /usr/bin/cmake --build /home/thomas/MobileRobot/ws_new/build/visualization_msgs -- -j8 -l8
[0.428s] [  0%] Built target visualization_msgs__rosidl_generator_type_description
[0.556s] [  0%] Built target visualization_msgs__cpp
[0.859s] [ 26%] Built target visualization_msgs__rosidl_generator_c
[0.921s] [ 26%] Built target ament_cmake_python_copy_visualization_msgs
[1.128s] [ 36%] Built target visualization_msgs__rosidl_typesupport_c
[1.151s] [ 46%] Built target visualization_msgs__rosidl_typesupport_cpp
[1.160s] [ 56%] Built target visualization_msgs__rosidl_typesupport_introspection_cpp
[1.177s] [ 65%] Built target visualization_msgs__rosidl_typesupport_fastrtps_c
[1.194s] [ 75%] Built target visualization_msgs__rosidl_typesupport_fastrtps_cpp
[1.304s] [ 85%] Built target visualization_msgs__rosidl_typesupport_introspection_c
[1.352s] [ 85%] Built target visualization_msgs
[1.459s] running egg_info
[1.492s] writing visualization_msgs.egg-info/PKG-INFO
[1.492s] writing dependency_links to visualization_msgs.egg-info/dependency_links.txt
[1.492s] writing top-level names to visualization_msgs.egg-info/top_level.txt
[1.590s] reading manifest file 'visualization_msgs.egg-info/SOURCES.txt'
[1.663s] writing manifest file 'visualization_msgs.egg-info/SOURCES.txt'
[1.700s] [ 86%] Built target visualization_msgs__py
[1.708s] [ 86%] Built target ament_cmake_python_build_visualization_msgs_egg
[2.067s] [ 96%] Built target visualization_msgs__rosidl_generator_py
[2.182s] [100%] Built target visualization_msgs_s__rosidl_typesupport_fastrtps_c
[2.182s] [100%] Built target visualization_msgs_s__rosidl_typesupport_c
[2.182s] [100%] Built target visualization_msgs_s__rosidl_typesupport_introspection_c
[2.204s] Invoked command in '/home/thomas/MobileRobot/ws_new/build/visualization_msgs' returned '0': AMENT_PREFIX_PATH=/home/thomas/MobileRobot/ws_new/install/sensor_msgs:/home/thomas/MobileRobot/ws_new/install/geometry_msgs:/home/thomas/MobileRobot/ws_new/install/std_msgs:${AMENT_PREFIX_PATH} CMAKE_PREFIX_PATH=/home/thomas/MobileRobot/ws_new/install/sensor_msgs:/home/thomas/MobileRobot/ws_new/install/geometry_msgs:/home/thomas/MobileRobot/ws_new/install/std_msgs:/opt/ros/jazzy/opt/gz_sim_vendor:/opt/ros/jazzy/opt/gz_sensors_vendor:/opt/ros/jazzy/opt/gz_physics_vendor:/opt/ros/jazzy/opt/sdformat_vendor:/opt/ros/jazzy/opt/gz_gui_vendor:/opt/ros/jazzy/opt/gz_transport_vendor:/opt/ros/jazzy/opt/gz_rendering_vendor:/opt/ros/jazzy/opt/gz_plugin_vendor:/opt/ros/jazzy/opt/gz_fuel_tools_vendor:/opt/ros/jazzy/opt/gz_msgs_vendor:/opt/ros/jazzy/opt/gz_common_vendor:/opt/ros/jazzy/opt/gz_math_vendor:/opt/ros/jazzy/opt/gz_utils_vendor:/opt/ros/jazzy/opt/gz_tools_vendor:/opt/ros/jazzy/opt/gz_ogre_next_vendor:/opt/ros/jazzy/opt/gz_dartsim_vendor:/opt/ros/jazzy/opt/gz_cmake_vendor:/home/thomas/dev_ws/install/basic_mobile_robot:/opt/ros/jazzy DEBUGINFOD_URLS=https://debuginfod.ubuntu.com LD_LIBRARY_PATH=/home/thomas/MobileRobot/ws_new/install/sensor_msgs/lib:/home/thomas/MobileRobot/ws_new/install/geometry_msgs/lib:/home/thomas/MobileRobot/ws_new/install/std_msgs/lib:${LD_LIBRARY_PATH} PYTHONPATH=/home/thomas/MobileRobot/ws_new/install/sensor_msgs/lib/python3.12/site-packages:/home/thomas/MobileRobot/ws_new/install/geometry_msgs/lib/python3.12/site-packages:/home/thomas/MobileRobot/ws_new/install/std_msgs/lib/python3.12/site-packages:${PYTHONPATH} /usr/bin/cmake --build /home/thomas/MobileRobot/ws_new/build/visualization_msgs -- -j8 -l8
[2.244s] Invoking command in '/home/thomas/MobileRobot/ws_new/build/visualization_msgs': AMENT_PREFIX_PATH=/home/thomas/MobileRobot/ws_new/install/sensor_msgs:/home/thomas/MobileRobot/ws_new/install/geometry_msgs:/home/thomas/MobileRobot/ws_new/install/std_msgs:${AMENT_PREFIX_PATH} CMAKE_PREFIX_PATH=/home/thomas/MobileRobot/ws_new/install/sensor_msgs:/home/thomas/MobileRobot/ws_new/install/geometry_msgs:/home/thomas/MobileRobot/ws_new/install/std_msgs:/opt/ros/jazzy/opt/gz_sim_vendor:/opt/ros/jazzy/opt/gz_sensors_vendor:/opt/ros/jazzy/opt/gz_physics_vendor:/opt/ros/jazzy/opt/sdformat_vendor:/opt/ros/jazzy/opt/gz_gui_vendor:/opt/ros/jazzy/opt/gz_transport_vendor:/opt/ros/jazzy/opt/gz_rendering_vendor:/opt/ros/jazzy/opt/gz_plugin_vendor:/opt/ros/jazzy/opt/gz_fuel_tools_vendor:/opt/ros/jazzy/opt/gz_msgs_vendor:/opt/ros/jazzy/opt/gz_common_vendor:/opt/ros/jazzy/opt/gz_math_vendor:/opt/ros/jazzy/opt/gz_utils_vendor:/opt/ros/jazzy/opt/gz_tools_vendor:/opt/ros/jazzy/opt/gz_ogre_next_vendor:/opt/ros/jazzy/opt/gz_dartsim_vendor:/opt/ros/jazzy/opt/gz_cmake_vendor:/home/thomas/dev_ws/install/basic_mobile_robot:/opt/ros/jazzy DEBUGINFOD_URLS=https://debuginfod.ubuntu.com LD_LIBRARY_PATH=/home/thomas/MobileRobot/ws_new/install/sensor_msgs/lib:/home/thomas/MobileRobot/ws_new/install/geometry_msgs/lib:/home/thomas/MobileRobot/ws_new/install/std_msgs/lib:${LD_LIBRARY_PATH} PYTHONPATH=/home/thomas/MobileRobot/ws_new/install/sensor_msgs/lib/python3.12/site-packages:/home/thomas/MobileRobot/ws_new/install/geometry_msgs/lib/python3.12/site-packages:/home/thomas/MobileRobot/ws_new/install/std_msgs/lib/python3.12/site-packages:${PYTHONPATH} /usr/bin/cmake --install /home/thomas/MobileRobot/ws_new/build/visualization_msgs
[2.261s] -- Install configuration: ""
[2.290s] -- Up-to-date: /home/thomas/MobileRobot/ws_new/install/visualization_msgs/share/ament_index/resource_index/rosidl_interfaces/visualization_msgs
[2.308s] -- Up-to-date: /home/thomas/MobileRobot/ws_new/install/visualization_msgs/share/visualization_msgs/msg/ImageMarker.json
[2.309s] -- Up-to-date: /home/thomas/MobileRobot/ws_new/install/visualization_msgs/share/visualization_msgs/msg/InteractiveMarker.json
[2.310s] -- Up-to-date: /home/thomas/MobileRobot/ws_new/install/visualization_msgs/share/visualization_msgs/msg/InteractiveMarkerControl.json
[2.310s] -- Up-to-date: /home/thomas/MobileRobot/ws_new/install/visualization_msgs/share/visualization_msgs/msg/InteractiveMarkerFeedback.json
[2.310s] -- Up-to-date: /home/thomas/MobileRobot/ws_new/install/visualization_msgs/share/visualization_msgs/msg/InteractiveMarkerInit.json
[2.311s] -- Up-to-date: /home/thomas/MobileRobot/ws_new/install/visualization_msgs/share/visualization_msgs/msg/InteractiveMarkerPose.json
[2.311s] -- Up-to-date: /home/thomas/MobileRobot/ws_new/install/visualization_msgs/share/visualization_msgs/msg/InteractiveMarkerUpdate.json
[2.311s] -- Up-to-date: /home/thomas/MobileRobot/ws_new/install/visualization_msgs/share/visualization_msgs/msg/Marker.json
[2.312s] -- Up-to-date: /home/thomas/MobileRobot/ws_new/install/visualization_msgs/share/visualization_msgs/msg/MarkerArray.json
[2.312s] -- Up-to-date: /home/thomas/MobileRobot/ws_new/install/visualization_msgs/share/visualization_msgs/msg/MenuEntry.json
[2.312s] -- Up-to-date: /home/thomas/MobileRobot/ws_new/install/visualization_msgs/share/visualization_msgs/msg/MeshFile.json
[2.312s] -- Up-to-date: /home/thomas/MobileRobot/ws_new/install/visualization_msgs/share/visualization_msgs/msg/UVCoordinate.json
[2.318s] -- Up-to-date: /home/thomas/MobileRobot/ws_new/install/visualization_msgs/share/visualization_msgs/srv/GetInteractiveMarkers.json
[2.319s] -- Up-to-date: /home/thomas/MobileRobot/ws_new/install/visualization_msgs/include/visualization_msgs/visualization_msgs
[2.319s] -- Up-to-date: /home/thomas/MobileRobot/ws_new/install/visualization_msgs/include/visualization_msgs/visualization_msgs/srv
[2.320s] -- Up-to-date: /home/thomas/MobileRobot/ws_new/install/visualization_msgs/include/visualization_msgs/visualization_msgs/srv/detail
[2.322s] -- Up-to-date: /home/thomas/MobileRobot/ws_new/install/visualization_msgs/include/visualization_msgs/visualization_msgs/srv/detail/get_interactive_markers__struct.h
[2.323s] -- Up-to-date: /home/thomas/MobileRobot/ws_new/install/visualization_msgs/include/visualization_msgs/visualization_msgs/srv/detail/get_interactive_markers__description.c
[2.323s] -- Installing: /home/thomas/MobileRobot/ws_new/install/visualization_msgs/include/visualization_msgs/visualization_msgs/srv/detail/get_interactive_markers__type_support.c
[2.366s] -- Up-to-date: /home/thomas/MobileRobot/ws_new/install/visualization_msgs/include/visualization_msgs/visualization_msgs/srv/detail/get_interactive_markers__functions.c
[2.366s] -- Up-to-date: /home/thomas/MobileRobot/ws_new/install/visualization_msgs/include/visualization_msgs/visualization_msgs/srv/detail/get_interactive_markers__functions.h
[2.366s] -- Up-to-date: /home/thomas/MobileRobot/ws_new/install/visualization_msgs/include/visualization_msgs/visualization_msgs/srv/detail/get_interactive_markers__type_support.h
[2.366s] -- Up-to-date: /home/thomas/MobileRobot/ws_new/install/visualization_msgs/include/visualization_msgs/visualization_msgs/srv/get_interactive_markers.h
[2.366s] -- Up-to-date: /home/thomas/MobileRobot/ws_new/install/visualization_msgs/include/visualization_msgs/visualization_msgs/msg
[2.366s] -- Up-to-date: /home/thomas/MobileRobot/ws_new/install/visualization_msgs/include/visualization_msgs/visualization_msgs/msg/detail
[2.366s] -- Up-to-date: /home/thomas/MobileRobot/ws_new/install/visualization_msgs/include/visualization_msgs/visualization_msgs/msg/detail/uv_coordinate__type_support.h
[2.366s] -- Up-to-date: /home/thomas/MobileRobot/ws_new/install/visualization_msgs/include/visualization_msgs/visualization_msgs/msg/detail/image_marker__description.c
[2.366s] -- Installing: /home/thomas/MobileRobot/ws_new/install/visualization_msgs/include/visualization_msgs/visualization_msgs/msg/detail/interactive_marker_control__type_support.c
[2.373s] -- Up-to-date: /home/thomas/MobileRobot/ws_new/install/visualization_msgs/include/visualization_msgs/visualization_msgs/msg/detail/menu_entry__struct.h
[2.373s] -- Up-to-date: /home/thomas/MobileRobot/ws_new/install/visualization_msgs/include/visualization_msgs/visualization_msgs/msg/detail/marker__functions.h
[2.373s] -- Up-to-date: /home/thomas/MobileRobot/ws_new/install/visualization_msgs/include/visualization_msgs/visualization_msgs/msg/detail/interactive_marker_init__functions.h
[2.373s] -- Up-to-date: /home/thomas/MobileRobot/ws_new/install/visualization_msgs/include/visualization_msgs/visualization_msgs/msg/detail/mesh_file__struct.h
[2.373s] -- Up-to-date: /home/thomas/MobileRobot/ws_new/install/visualization_msgs/include/visualization_msgs/visualization_msgs/msg/detail/interactive_marker_init__struct.h
[2.373s] -- Installing: /home/thomas/MobileRobot/ws_new/install/visualization_msgs/include/visualization_msgs/visualization_msgs/msg/detail/image_marker__type_support.c
[2.379s] -- Installing: /home/thomas/MobileRobot/ws_new/install/visualization_msgs/include/visualization_msgs/visualization_msgs/msg/detail/interactive_marker_pose__type_support.c
[2.383s] -- Installing: /home/thomas/MobileRobot/ws_new/install/visualization_msgs/include/visualization_msgs/visualization_msgs/msg/detail/interactive_marker_update__type_support.c
[2.401s] -- Up-to-date: /home/thomas/MobileRobot/ws_new/install/visualization_msgs/include/visualization_msgs/visualization_msgs/msg/detail/interactive_marker_update__functions.h
[2.401s] -- Up-to-date: /home/thomas/MobileRobot/ws_new/install/visualization_msgs/include/visualization_msgs/visualization_msgs/msg/detail/interactive_marker_control__struct.h
[2.401s] -- Up-to-date: /home/thomas/MobileRobot/ws_new/install/visualization_msgs/include/visualization_msgs/visualization_msgs/msg/detail/interactive_marker__functions.c
[2.402s] -- Up-to-date: /home/thomas/MobileRobot/ws_new/install/visualization_msgs/include/visualization_msgs/visualization_msgs/msg/detail/interactive_marker_pose__description.c
[2.402s] -- Up-to-date: /home/thomas/MobileRobot/ws_new/install/visualization_msgs/include/visualization_msgs/visualization_msgs/msg/detail/uv_coordinate__description.c
[2.402s] -- Up-to-date: /home/thomas/MobileRobot/ws_new/install/visualization_msgs/include/visualization_msgs/visualization_msgs/msg/detail/marker__type_support.h
[2.402s] -- Up-to-date: /home/thomas/MobileRobot/ws_new/install/visualization_msgs/include/visualization_msgs/visualization_msgs/msg/detail/interactive_marker_update__struct.h
[2.402s] -- Up-to-date: /home/thomas/MobileRobot/ws_new/install/visualization_msgs/include/visualization_msgs/visualization_msgs/msg/detail/interactive_marker_feedback__functions.c
[2.402s] -- Up-to-date: /home/thomas/MobileRobot/ws_new/install/visualization_msgs/include/visualization_msgs/visualization_msgs/msg/detail/image_marker__struct.h
[2.402s] -- Up-to-date: /home/thomas/MobileRobot/ws_new/install/visualization_msgs/include/visualization_msgs/visualization_msgs/msg/detail/marker_array__struct.h
[2.402s] -- Installing: /home/thomas/MobileRobot/ws_new/install/visualization_msgs/include/visualization_msgs/visualization_msgs/msg/detail/marker_array__type_support.c
[2.420s] -- Up-to-date: /home/thomas/MobileRobot/ws_new/install/visualization_msgs/include/visualization_msgs/visualization_msgs/msg/detail/marker_array__description.c
[2.420s] -- Up-to-date: /home/thomas/MobileRobot/ws_new/install/visualization_msgs/include/visualization_msgs/visualization_msgs/msg/detail/interactive_marker_feedback__struct.h
[2.420s] -- Up-to-date: /home/thomas/MobileRobot/ws_new/install/visualization_msgs/include/visualization_msgs/visualization_msgs/msg/detail/marker__struct.h
[2.420s] -- Up-to-date: /home/thomas/MobileRobot/ws_new/install/visualization_msgs/include/visualization_msgs/visualization_msgs/msg/detail/image_marker__functions.c
[2.421s] -- Up-to-date: /home/thomas/MobileRobot/ws_new/install/visualization_msgs/include/visualization_msgs/visualization_msgs/msg/detail/marker__functions.c
[2.421s] -- Up-to-date: /home/thomas/MobileRobot/ws_new/install/visualization_msgs/include/visualization_msgs/visualization_msgs/msg/detail/mesh_file__description.c
[2.421s] -- Up-to-date: /home/thomas/MobileRobot/ws_new/install/visualization_msgs/include/visualization_msgs/visualization_msgs/msg/detail/interactive_marker_pose__struct.h
[2.421s] -- Up-to-date: /home/thomas/MobileRobot/ws_new/install/visualization_msgs/include/visualization_msgs/visualization_msgs/msg/detail/interactive_marker_feedback__functions.h
[2.421s] -- Up-to-date: /home/thomas/MobileRobot/ws_new/install/visualization_msgs/include/visualization_msgs/visualization_msgs/msg/detail/uv_coordinate__functions.h
[2.423s] -- Up-to-date: /home/thomas/MobileRobot/ws_new/install/visualization_msgs/include/visualization_msgs/visualization_msgs/msg/detail/interactive_marker__type_support.h
[2.423s] -- Up-to-date: /home/thomas/MobileRobot/ws_new/install/visualization_msgs/include/visualization_msgs/visualization_msgs/msg/detail/mesh_file__type_support.h
[2.424s] -- Installing: /home/thomas/MobileRobot/ws_new/install/visualization_msgs/include/visualization_msgs/visualization_msgs/msg/detail/interactive_marker_feedback__type_support.c
[2.436s] -- Up-to-date: /home/thomas/MobileRobot/ws_new/install/visualization_msgs/include/visualization_msgs/visualization_msgs/msg/detail/interactive_marker_feedback__type_support.h
[2.437s] -- Up-to-date: /home/thomas/MobileRobot/ws_new/install/visualization_msgs/include/visualization_msgs/visualization_msgs/msg/detail/menu_entry__functions.h
[2.437s] -- Up-to-date: /home/thomas/MobileRobot/ws_new/install/visualization_msgs/include/visualization_msgs/visualization_msgs/msg/detail/interactive_marker_pose__functions.c
[2.437s] -- Up-to-date: /home/thomas/MobileRobot/ws_new/install/visualization_msgs/include/visualization_msgs/visualization_msgs/msg/detail/interactive_marker_feedback__description.c
[2.437s] -- Up-to-date: /home/thomas/MobileRobot/ws_new/install/visualization_msgs/include/visualization_msgs/visualization_msgs/msg/detail/uv_coordinate__struct.h
[2.438s] -- Up-to-date: /home/thomas/MobileRobot/ws_new/install/visualization_msgs/include/visualization_msgs/visualization_msgs/msg/detail/mesh_file__functions.c
[2.438s] -- Up-to-date: /home/thomas/MobileRobot/ws_new/install/visualization_msgs/include/visualization_msgs/visualization_msgs/msg/detail/interactive_marker__struct.h
[2.438s] -- Up-to-date: /home/thomas/MobileRobot/ws_new/install/visualization_msgs/include/visualization_msgs/visualization_msgs/msg/detail/image_marker__functions.h
[2.438s] -- Installing: /home/thomas/MobileRobot/ws_new/install/visualization_msgs/include/visualization_msgs/visualization_msgs/msg/detail/marker__type_support.c
[2.438s] -- Installing: /home/thomas/MobileRobot/ws_new/install/visualization_msgs/include/visualization_msgs/visualization_msgs/msg/detail/mesh_file__type_support.c
[2.460s] -- Up-to-date: /home/thomas/MobileRobot/ws_new/install/visualization_msgs/include/visualization_msgs/visualization_msgs/msg/detail/interactive_marker_pose__functions.h
[2.460s] -- Up-to-date: /home/thomas/MobileRobot/ws_new/install/visualization_msgs/include/visualization_msgs/visualization_msgs/msg/detail/interactive_marker__description.c
[2.461s] -- Up-to-date: /home/thomas/MobileRobot/ws_new/install/visualization_msgs/include/visualization_msgs/visualization_msgs/msg/detail/menu_entry__functions.c
[2.461s] -- Up-to-date: /home/thomas/MobileRobot/ws_new/install/visualization_msgs/include/visualization_msgs/visualization_msgs/msg/detail/menu_entry__description.c
[2.461s] -- Installing: /home/thomas/MobileRobot/ws_new/install/visualization_msgs/include/visualization_msgs/visualization_msgs/msg/detail/interactive_marker_init__type_support.c
[2.462s] -- Up-to-date: /home/thomas/MobileRobot/ws_new/install/visualization_msgs/include/visualization_msgs/visualization_msgs/msg/detail/marker_array__type_support.h
[2.462s] -- Installing: /home/thomas/MobileRobot/ws_new/install/visualization_msgs/include/visualization_msgs/visualization_msgs/msg/detail/interactive_marker__type_support.c
[2.486s] -- Up-to-date: /home/thomas/MobileRobot/ws_new/install/visualization_msgs/include/visualization_msgs/visualization_msgs/msg/detail/interactive_marker_init__description.c
[2.486s] -- Up-to-date: /home/thomas/MobileRobot/ws_new/install/visualization_msgs/include/visualization_msgs/visualization_msgs/msg/detail/mesh_file__functions.h
[2.487s] -- Up-to-date: /home/thomas/MobileRobot/ws_new/install/visualization_msgs/include/visualization_msgs/visualization_msgs/msg/detail/interactive_marker__functions.h
[2.487s] -- Up-to-date: /home/thomas/MobileRobot/ws_new/install/visualization_msgs/include/visualization_msgs/visualization_msgs/msg/detail/marker_array__functions.c
[2.488s] -- Up-to-date: /home/thomas/MobileRobot/ws_new/install/visualization_msgs/include/visualization_msgs/visualization_msgs/msg/detail/interactive_marker_init__functions.c
[2.489s] -- Up-to-date: /home/thomas/MobileRobot/ws_new/install/visualization_msgs/include/visualization_msgs/visualization_msgs/msg/detail/interactive_marker_update__functions.c
[2.490s] -- Up-to-date: /home/thomas/MobileRobot/ws_new/install/visualization_msgs/include/visualization_msgs/visualization_msgs/msg/detail/interactive_marker_update__type_support.h
[2.491s] -- Installing: /home/thomas/MobileRobot/ws_new/install/visualization_msgs/include/visualization_msgs/visualization_msgs/msg/detail/uv_coordinate__type_support.c
[2.505s] -- Up-to-date: /home/thomas/MobileRobot/ws_new/install/visualization_msgs/include/visualization_msgs/visualization_msgs/msg/detail/interactive_marker_control__functions.c
[2.505s] -- Up-to-date: /home/thomas/MobileRobot/ws_new/install/visualization_msgs/include/visualization_msgs/visualization_msgs/msg/detail/interactive_marker_control__functions.h
[2.506s] -- Up-to-date: /home/thomas/MobileRobot/ws_new/install/visualization_msgs/include/visualization_msgs/visualization_msgs/msg/detail/marker__description.c
[2.506s] -- Up-to-date: /home/thomas/MobileRobot/ws_new/install/visualization_msgs/include/visualization_msgs/visualization_msgs/msg/detail/interactive_marker_pose__type_support.h
[2.507s] -- Up-to-date: /home/thomas/MobileRobot/ws_new/install/visualization_msgs/include/visualization_msgs/visualization_msgs/msg/detail/uv_coordinate__functions.c
[2.507s] -- Up-to-date: /home/thomas/MobileRobot/ws_new/install/visualization_msgs/include/visualization_msgs/visualization_msgs/msg/detail/interactive_marker_init__type_support.h
[2.507s] -- Up-to-date: /home/thomas/MobileRobot/ws_new/install/visualization_msgs/include/visualization_msgs/visualization_msgs/msg/detail/menu_entry__type_support.h
[2.508s] -- Up-to-date: /home/thomas/MobileRobot/ws_new/install/visualization_msgs/include/visualization_msgs/visualization_msgs/msg/detail/interactive_marker_control__type_support.h
[2.508s] -- Up-to-date: /home/thomas/MobileRobot/ws_new/install/visualization_msgs/include/visualization_msgs/visualization_msgs/msg/detail/interactive_marker_update__description.c
[2.508s] -- Up-to-date: /home/thomas/MobileRobot/ws_new/install/visualization_msgs/include/visualization_msgs/visualization_msgs/msg/detail/interactive_marker_control__description.c
[2.508s] -- Installing: /home/thomas/MobileRobot/ws_new/install/visualization_msgs/include/visualization_msgs/visualization_msgs/msg/detail/menu_entry__type_support.c
[2.518s] -- Up-to-date: /home/thomas/MobileRobot/ws_new/install/visualization_msgs/include/visualization_msgs/visualization_msgs/msg/detail/image_marker__type_support.h
[2.519s] -- Up-to-date: /home/thomas/MobileRobot/ws_new/install/visualization_msgs/include/visualization_msgs/visualization_msgs/msg/detail/marker_array__functions.h
[2.521s] -- Up-to-date: /home/thomas/MobileRobot/ws_new/install/visualization_msgs/include/visualization_msgs/visualization_msgs/msg/interactive_marker_init.h
[2.521s] -- Up-to-date: /home/thomas/MobileRobot/ws_new/install/visualization_msgs/include/visualization_msgs/visualization_msgs/msg/marker_array.h
[2.521s] -- Up-to-date: /home/thomas/MobileRobot/ws_new/install/visualization_msgs/include/visualization_msgs/visualization_msgs/msg/mesh_file.h
[2.522s] -- Up-to-date: /home/thomas/MobileRobot/ws_new/install/visualization_msgs/include/visualization_msgs/visualization_msgs/msg/menu_entry.h
[2.522s] -- Up-to-date: /home/thomas/MobileRobot/ws_new/install/visualization_msgs/include/visualization_msgs/visualization_msgs/msg/interactive_marker_update.h
[2.523s] -- Up-to-date: /home/thomas/MobileRobot/ws_new/install/visualization_msgs/include/visualization_msgs/visualization_msgs/msg/marker.h
[2.523s] -- Up-to-date: /home/thomas/MobileRobot/ws_new/install/visualization_msgs/include/visualization_msgs/visualization_msgs/msg/rosidl_generator_c__visibility_control.h
[2.524s] -- Up-to-date: /home/thomas/MobileRobot/ws_new/install/visualization_msgs/include/visualization_msgs/visualization_msgs/msg/interactive_marker_pose.h
[2.524s] -- Up-to-date: /home/thomas/MobileRobot/ws_new/install/visualization_msgs/include/visualization_msgs/visualization_msgs/msg/uv_coordinate.h
[2.525s] -- Up-to-date: /home/thomas/MobileRobot/ws_new/install/visualization_msgs/include/visualization_msgs/visualization_msgs/msg/interactive_marker.h
[2.525s] -- Up-to-date: /home/thomas/MobileRobot/ws_new/install/visualization_msgs/include/visualization_msgs/visualization_msgs/msg/interactive_marker_control.h
[2.526s] -- Up-to-date: /home/thomas/MobileRobot/ws_new/install/visualization_msgs/include/visualization_msgs/visualization_msgs/msg/image_marker.h
[2.526s] -- Up-to-date: /home/thomas/MobileRobot/ws_new/install/visualization_msgs/include/visualization_msgs/visualization_msgs/msg/interactive_marker_feedback.h
[2.529s] -- Up-to-date: /home/thomas/MobileRobot/ws_new/install/visualization_msgs/share/visualization_msgs/environment/library_path.sh
[2.530s] -- Up-to-date: /home/thomas/MobileRobot/ws_new/install/visualization_msgs/share/visualization_msgs/environment/library_path.dsv
[2.615s] -- Up-to-date: /home/thomas/MobileRobot/ws_new/install/visualization_msgs/lib/libvisualization_msgs__rosidl_generator_c.so
[2.616s] -- Up-to-date: /home/thomas/MobileRobot/ws_new/install/visualization_msgs/include/visualization_msgs/visualization_msgs
[2.617s] -- Up-to-date: /home/thomas/MobileRobot/ws_new/install/visualization_msgs/include/visualization_msgs/visualization_msgs/srv
[2.618s] -- Up-to-date: /home/thomas/MobileRobot/ws_new/install/visualization_msgs/include/visualization_msgs/visualization_msgs/srv/detail
[2.619s] -- Up-to-date: /home/thomas/MobileRobot/ws_new/install/visualization_msgs/include/visualization_msgs/visualization_msgs/srv/detail/get_interactive_markers__rosidl_typesupport_fastrtps_c.h
[2.620s] -- Up-to-date: /home/thomas/MobileRobot/ws_new/install/visualization_msgs/include/visualization_msgs/visualization_msgs/msg
[2.620s] -- Up-to-date: /home/thomas/MobileRobot/ws_new/install/visualization_msgs/include/visualization_msgs/visualization_msgs/msg/detail
[2.621s] -- Up-to-date: /home/thomas/MobileRobot/ws_new/install/visualization_msgs/include/visualization_msgs/visualization_msgs/msg/detail/interactive_marker__rosidl_typesupport_fastrtps_c.h
[2.621s] -- Up-to-date: /home/thomas/MobileRobot/ws_new/install/visualization_msgs/include/visualization_msgs/visualization_msgs/msg/detail/interactive_marker_update__rosidl_typesupport_fastrtps_c.h
[2.622s] -- Up-to-date: /home/thomas/MobileRobot/ws_new/install/visualization_msgs/include/visualization_msgs/visualization_msgs/msg/detail/interactive_marker_control__rosidl_typesupport_fastrtps_c.h
[2.623s] -- Up-to-date: /home/thomas/MobileRobot/ws_new/install/visualization_msgs/include/visualization_msgs/visualization_msgs/msg/detail/image_marker__rosidl_typesupport_fastrtps_c.h
[2.623s] -- Up-to-date: /home/thomas/MobileRobot/ws_new/install/visualization_msgs/include/visualization_msgs/visualization_msgs/msg/detail/uv_coordinate__rosidl_typesupport_fastrtps_c.h
[2.624s] -- Up-to-date: /home/thomas/MobileRobot/ws_new/install/visualization_msgs/include/visualization_msgs/visualization_msgs/msg/detail/interactive_marker_pose__rosidl_typesupport_fastrtps_c.h
[2.624s] -- Up-to-date: /home/thomas/MobileRobot/ws_new/install/visualization_msgs/include/visualization_msgs/visualization_msgs/msg/detail/mesh_file__rosidl_typesupport_fastrtps_c.h
[2.625s] -- Up-to-date: /home/thomas/MobileRobot/ws_new/install/visualization_msgs/include/visualization_msgs/visualization_msgs/msg/detail/interactive_marker_feedback__rosidl_typesupport_fastrtps_c.h
[2.625s] -- Up-to-date: /home/thomas/MobileRobot/ws_new/install/visualization_msgs/include/visualization_msgs/visualization_msgs/msg/detail/marker__rosidl_typesupport_fastrtps_c.h
[2.626s] -- Up-to-date: /home/thomas/MobileRobot/ws_new/install/visualization_msgs/include/visualization_msgs/visualization_msgs/msg/detail/interactive_marker_init__rosidl_typesupport_fastrtps_c.h
[2.626s] -- Up-to-date: /home/thomas/MobileRobot/ws_new/install/visualization_msgs/include/visualization_msgs/visualization_msgs/msg/detail/marker_array__rosidl_typesupport_fastrtps_c.h
[2.627s] -- Up-to-date: /home/thomas/MobileRobot/ws_new/install/visualization_msgs/include/visualization_msgs/visualization_msgs/msg/detail/menu_entry__rosidl_typesupport_fastrtps_c.h
[2.627s] -- Up-to-date: /home/thomas/MobileRobot/ws_new/install/visualization_msgs/include/visualization_msgs/visualization_msgs/msg/rosidl_typesupport_fastrtps_c__visibility_control.h
[2.650s] -- Up-to-date: /home/thomas/MobileRobot/ws_new/install/visualization_msgs/lib/libvisualization_msgs__rosidl_typesupport_fastrtps_c.so
[2.651s] -- Up-to-date: /home/thomas/MobileRobot/ws_new/install/visualization_msgs/include/visualization_msgs/visualization_msgs
[2.652s] -- Up-to-date: /home/thomas/MobileRobot/ws_new/install/visualization_msgs/include/visualization_msgs/visualization_msgs/srv
[2.653s] -- Up-to-date: /home/thomas/MobileRobot/ws_new/install/visualization_msgs/include/visualization_msgs/visualization_msgs/srv/detail
[2.654s] -- Up-to-date: /home/thomas/MobileRobot/ws_new/install/visualization_msgs/include/visualization_msgs/visualization_msgs/srv/detail/get_interactive_markers__struct.hpp
[2.655s] -- Up-to-date: /home/thomas/MobileRobot/ws_new/install/visualization_msgs/include/visualization_msgs/visualization_msgs/srv/detail/get_interactive_markers__traits.hpp
[2.656s] -- Up-to-date: /home/thomas/MobileRobot/ws_new/install/visualization_msgs/include/visualization_msgs/visualization_msgs/srv/detail/get_interactive_markers__type_support.hpp
[2.657s] -- Up-to-date: /home/thomas/MobileRobot/ws_new/install/visualization_msgs/include/visualization_msgs/visualization_msgs/srv/detail/get_interactive_markers__builder.hpp
[2.658s] -- Up-to-date: /home/thomas/MobileRobot/ws_new/install/visualization_msgs/include/visualization_msgs/visualization_msgs/srv/get_interactive_markers.hpp
[2.659s] -- Up-to-date: /home/thomas/MobileRobot/ws_new/install/visualization_msgs/include/visualization_msgs/visualization_msgs/msg
[2.660s] -- Up-to-date: /home/thomas/MobileRobot/ws_new/install/visualization_msgs/include/visualization_msgs/visualization_msgs/msg/detail
[2.661s] -- Up-to-date: /home/thomas/MobileRobot/ws_new/install/visualization_msgs/include/visualization_msgs/visualization_msgs/msg/detail/mesh_file__builder.hpp
[2.662s] -- Up-to-date: /home/thomas/MobileRobot/ws_new/install/visualization_msgs/include/visualization_msgs/visualization_msgs/msg/detail/mesh_file__traits.hpp
[2.662s] -- Up-to-date: /home/thomas/MobileRobot/ws_new/install/visualization_msgs/include/visualization_msgs/visualization_msgs/msg/detail/interactive_marker_feedback__type_support.hpp
[2.663s] -- Up-to-date: /home/thomas/MobileRobot/ws_new/install/visualization_msgs/include/visualization_msgs/visualization_msgs/msg/detail/interactive_marker_init__traits.hpp
[2.664s] -- Up-to-date: /home/thomas/MobileRobot/ws_new/install/visualization_msgs/include/visualization_msgs/visualization_msgs/msg/detail/interactive_marker_control__type_support.hpp
[2.665s] -- Up-to-date: /home/thomas/MobileRobot/ws_new/install/visualization_msgs/include/visualization_msgs/visualization_msgs/msg/detail/interactive_marker_update__builder.hpp
[2.666s] -- Up-to-date: /home/thomas/MobileRobot/ws_new/install/visualization_msgs/include/visualization_msgs/visualization_msgs/msg/detail/image_marker__builder.hpp
[2.667s] -- Up-to-date: /home/thomas/MobileRobot/ws_new/install/visualization_msgs/include/visualization_msgs/visualization_msgs/msg/detail/uv_coordinate__type_support.hpp
[2.668s] -- Up-to-date: /home/thomas/MobileRobot/ws_new/install/visualization_msgs/include/visualization_msgs/visualization_msgs/msg/detail/image_marker__struct.hpp
[2.669s] -- Up-to-date: /home/thomas/MobileRobot/ws_new/install/visualization_msgs/include/visualization_msgs/visualization_msgs/msg/detail/interactive_marker_init__builder.hpp
[2.669s] -- Up-to-date: /home/thomas/MobileRobot/ws_new/install/visualization_msgs/include/visualization_msgs/visualization_msgs/msg/detail/marker__builder.hpp
[2.670s] -- Up-to-date: /home/thomas/MobileRobot/ws_new/install/visualization_msgs/include/visualization_msgs/visualization_msgs/msg/detail/marker_array__builder.hpp
[2.670s] -- Up-to-date: /home/thomas/MobileRobot/ws_new/install/visualization_msgs/include/visualization_msgs/visualization_msgs/msg/detail/interactive_marker_update__traits.hpp
[2.671s] -- Up-to-date: /home/thomas/MobileRobot/ws_new/install/visualization_msgs/include/visualization_msgs/visualization_msgs/msg/detail/uv_coordinate__traits.hpp
[2.671s] -- Up-to-date: /home/thomas/MobileRobot/ws_new/install/visualization_msgs/include/visualization_msgs/visualization_msgs/msg/detail/menu_entry__struct.hpp
[2.672s] -- Up-to-date: /home/thomas/MobileRobot/ws_new/install/visualization_msgs/include/visualization_msgs/visualization_msgs/msg/detail/menu_entry__traits.hpp
[2.672s] -- Up-to-date: /home/thomas/MobileRobot/ws_new/install/visualization_msgs/include/visualization_msgs/visualization_msgs/msg/detail/image_marker__type_support.hpp
[2.673s] -- Up-to-date: /home/thomas/MobileRobot/ws_new/install/visualization_msgs/include/visualization_msgs/visualization_msgs/msg/detail/marker__struct.hpp
[2.673s] -- Up-to-date: /home/thomas/MobileRobot/ws_new/install/visualization_msgs/include/visualization_msgs/visualization_msgs/msg/detail/interactive_marker_init__struct.hpp
[2.674s] -- Up-to-date: /home/thomas/MobileRobot/ws_new/install/visualization_msgs/include/visualization_msgs/visualization_msgs/msg/detail/interactive_marker_control__builder.hpp
[2.674s] -- Up-to-date: /home/thomas/MobileRobot/ws_new/install/visualization_msgs/include/visualization_msgs/visualization_msgs/msg/detail/interactive_marker_pose__builder.hpp
[2.675s] -- Up-to-date: /home/thomas/MobileRobot/ws_new/install/visualization_msgs/include/visualization_msgs/visualization_msgs/msg/detail/menu_entry__type_support.hpp
[2.675s] -- Up-to-date: /home/thomas/MobileRobot/ws_new/install/visualization_msgs/include/visualization_msgs/visualization_msgs/msg/detail/interactive_marker_pose__traits.hpp
[2.675s] -- Up-to-date: /home/thomas/MobileRobot/ws_new/install/visualization_msgs/include/visualization_msgs/visualization_msgs/msg/detail/interactive_marker_update__type_support.hpp
[2.676s] -- Up-to-date: /home/thomas/MobileRobot/ws_new/install/visualization_msgs/include/visualization_msgs/visualization_msgs/msg/detail/marker_array__type_support.hpp
[2.676s] -- Up-to-date: /home/thomas/MobileRobot/ws_new/install/visualization_msgs/include/visualization_msgs/visualization_msgs/msg/detail/mesh_file__type_support.hpp
[2.676s] -- Up-to-date: /home/thomas/MobileRobot/ws_new/install/visualization_msgs/include/visualization_msgs/visualization_msgs/msg/detail/marker__traits.hpp
[2.677s] -- Up-to-date: /home/thomas/MobileRobot/ws_new/install/visualization_msgs/include/visualization_msgs/visualization_msgs/msg/detail/interactive_marker_pose__type_support.hpp
[2.677s] -- Up-to-date: /home/thomas/MobileRobot/ws_new/install/visualization_msgs/include/visualization_msgs/visualization_msgs/msg/detail/interactive_marker_update__struct.hpp
[2.677s] -- Up-to-date: /home/thomas/MobileRobot/ws_new/install/visualization_msgs/include/visualization_msgs/visualization_msgs/msg/detail/mesh_file__struct.hpp
[2.678s] -- Up-to-date: /home/thomas/MobileRobot/ws_new/install/visualization_msgs/include/visualization_msgs/visualization_msgs/msg/detail/interactive_marker_control__traits.hpp
[2.678s] -- Up-to-date: /home/thomas/MobileRobot/ws_new/install/visualization_msgs/include/visualization_msgs/visualization_msgs/msg/detail/marker__type_support.hpp
[2.678s] -- Up-to-date: /home/thomas/MobileRobot/ws_new/install/visualization_msgs/include/visualization_msgs/visualization_msgs/msg/detail/menu_entry__builder.hpp
[2.679s] -- Up-to-date: /home/thomas/MobileRobot/ws_new/install/visualization_msgs/include/visualization_msgs/visualization_msgs/msg/detail/interactive_marker_feedback__builder.hpp
[2.679s] -- Up-to-date: /home/thomas/MobileRobot/ws_new/install/visualization_msgs/include/visualization_msgs/visualization_msgs/msg/detail/interactive_marker_control__struct.hpp
[2.679s] -- Up-to-date: /home/thomas/MobileRobot/ws_new/install/visualization_msgs/include/visualization_msgs/visualization_msgs/msg/detail/interactive_marker_pose__struct.hpp
[2.680s] -- Up-to-date: /home/thomas/MobileRobot/ws_new/install/visualization_msgs/include/visualization_msgs/visualization_msgs/msg/detail/marker_array__traits.hpp
[2.680s] -- Up-to-date: /home/thomas/MobileRobot/ws_new/install/visualization_msgs/include/visualization_msgs/visualization_msgs/msg/detail/uv_coordinate__builder.hpp
[2.680s] -- Up-to-date: /home/thomas/MobileRobot/ws_new/install/visualization_msgs/include/visualization_msgs/visualization_msgs/msg/detail/marker_array__struct.hpp
[2.680s] -- Up-to-date: /home/thomas/MobileRobot/ws_new/install/visualization_msgs/include/visualization_msgs/visualization_msgs/msg/detail/interactive_marker_feedback__traits.hpp
[2.681s] -- Up-to-date: /home/thomas/MobileRobot/ws_new/install/visualization_msgs/include/visualization_msgs/visualization_msgs/msg/detail/interactive_marker__traits.hpp
[2.681s] -- Up-to-date: /home/thomas/MobileRobot/ws_new/install/visualization_msgs/include/visualization_msgs/visualization_msgs/msg/detail/interactive_marker_init__type_support.hpp
[2.681s] -- Up-to-date: /home/thomas/MobileRobot/ws_new/install/visualization_msgs/include/visualization_msgs/visualization_msgs/msg/detail/image_marker__traits.hpp
[2.681s] -- Up-to-date: /home/thomas/MobileRobot/ws_new/install/visualization_msgs/include/visualization_msgs/visualization_msgs/msg/detail/uv_coordinate__struct.hpp
[2.682s] -- Up-to-date: /home/thomas/MobileRobot/ws_new/install/visualization_msgs/include/visualization_msgs/visualization_msgs/msg/detail/interactive_marker__type_support.hpp
[2.682s] -- Up-to-date: /home/thomas/MobileRobot/ws_new/install/visualization_msgs/include/visualization_msgs/visualization_msgs/msg/detail/interactive_marker__struct.hpp
[2.682s] -- Up-to-date: /home/thomas/MobileRobot/ws_new/install/visualization_msgs/include/visualization_msgs/visualization_msgs/msg/detail/interactive_marker__builder.hpp
[2.682s] -- Up-to-date: /home/thomas/MobileRobot/ws_new/install/visualization_msgs/include/visualization_msgs/visualization_msgs/msg/detail/interactive_marker_feedback__struct.hpp
[2.683s] -- Up-to-date: /home/thomas/MobileRobot/ws_new/install/visualization_msgs/include/visualization_msgs/visualization_msgs/msg/interactive_marker_control.hpp
[2.683s] -- Up-to-date: /home/thomas/MobileRobot/ws_new/install/visualization_msgs/include/visualization_msgs/visualization_msgs/msg/image_marker.hpp
[2.683s] -- Up-to-date: /home/thomas/MobileRobot/ws_new/install/visualization_msgs/include/visualization_msgs/visualization_msgs/msg/marker_array.hpp
[2.683s] -- Up-to-date: /home/thomas/MobileRobot/ws_new/install/visualization_msgs/include/visualization_msgs/visualization_msgs/msg/interactive_marker_update.hpp
[2.684s] -- Up-to-date: /home/thomas/MobileRobot/ws_new/install/visualization_msgs/include/visualization_msgs/visualization_msgs/msg/interactive_marker.hpp
[2.684s] -- Up-to-date: /home/thomas/MobileRobot/ws_new/install/visualization_msgs/include/visualization_msgs/visualization_msgs/msg/uv_coordinate.hpp
[2.684s] -- Up-to-date: /home/thomas/MobileRobot/ws_new/install/visualization_msgs/include/visualization_msgs/visualization_msgs/msg/mesh_file.hpp
[2.684s] -- Up-to-date: /home/thomas/MobileRobot/ws_new/install/visualization_msgs/include/visualization_msgs/visualization_msgs/msg/menu_entry.hpp
[2.685s] -- Up-to-date: /home/thomas/MobileRobot/ws_new/install/visualization_msgs/include/visualization_msgs/visualization_msgs/msg/marker.hpp
[2.685s] -- Up-to-date: /home/thomas/MobileRobot/ws_new/install/visualization_msgs/include/visualization_msgs/visualization_msgs/msg/rosidl_generator_cpp__visibility_control.hpp
[2.685s] -- Up-to-date: /home/thomas/MobileRobot/ws_new/install/visualization_msgs/include/visualization_msgs/visualization_msgs/msg/interactive_marker_feedback.hpp
[2.685s] -- Up-to-date: /home/thomas/MobileRobot/ws_new/install/visualization_msgs/include/visualization_msgs/visualization_msgs/msg/interactive_marker_init.hpp
[2.686s] -- Up-to-date: /home/thomas/MobileRobot/ws_new/install/visualization_msgs/include/visualization_msgs/visualization_msgs/msg/interactive_marker_pose.hpp
[2.686s] -- Up-to-date: /home/thomas/MobileRobot/ws_new/install/visualization_msgs/include/visualization_msgs/visualization_msgs
[2.686s] -- Up-to-date: /home/thomas/MobileRobot/ws_new/install/visualization_msgs/include/visualization_msgs/visualization_msgs/srv
[2.686s] -- Up-to-date: /home/thomas/MobileRobot/ws_new/install/visualization_msgs/include/visualization_msgs/visualization_msgs/srv/detail
[2.686s] -- Up-to-date: /home/thomas/MobileRobot/ws_new/install/visualization_msgs/include/visualization_msgs/visualization_msgs/srv/detail/get_interactive_markers__rosidl_typesupport_fastrtps_cpp.hpp
[2.686s] -- Up-to-date: /home/thomas/MobileRobot/ws_new/install/visualization_msgs/include/visualization_msgs/visualization_msgs/srv/detail/dds_fastrtps
[2.686s] -- Up-to-date: /home/thomas/MobileRobot/ws_new/install/visualization_msgs/include/visualization_msgs/visualization_msgs/msg
[2.686s] -- Up-to-date: /home/thomas/MobileRobot/ws_new/install/visualization_msgs/include/visualization_msgs/visualization_msgs/msg/detail
[2.687s] -- Up-to-date: /home/thomas/MobileRobot/ws_new/install/visualization_msgs/include/visualization_msgs/visualization_msgs/msg/detail/interactive_marker_feedback__rosidl_typesupport_fastrtps_cpp.hpp
[2.687s] -- Up-to-date: /home/thomas/MobileRobot/ws_new/install/visualization_msgs/include/visualization_msgs/visualization_msgs/msg/detail/interactive_marker_update__rosidl_typesupport_fastrtps_cpp.hpp
[2.687s] -- Up-to-date: /home/thomas/MobileRobot/ws_new/install/visualization_msgs/include/visualization_msgs/visualization_msgs/msg/detail/interactive_marker__rosidl_typesupport_fastrtps_cpp.hpp
[2.687s] -- Up-to-date: /home/thomas/MobileRobot/ws_new/install/visualization_msgs/include/visualization_msgs/visualization_msgs/msg/detail/marker_array__rosidl_typesupport_fastrtps_cpp.hpp
[2.687s] -- Up-to-date: /home/thomas/MobileRobot/ws_new/install/visualization_msgs/include/visualization_msgs/visualization_msgs/msg/detail/uv_coordinate__rosidl_typesupport_fastrtps_cpp.hpp
[2.687s] -- Up-to-date: /home/thomas/MobileRobot/ws_new/install/visualization_msgs/include/visualization_msgs/visualization_msgs/msg/detail/mesh_file__rosidl_typesupport_fastrtps_cpp.hpp
[2.687s] -- Up-to-date: /home/thomas/MobileRobot/ws_new/install/visualization_msgs/include/visualization_msgs/visualization_msgs/msg/detail/interactive_marker_pose__rosidl_typesupport_fastrtps_cpp.hpp
[2.687s] -- Up-to-date: /home/thomas/MobileRobot/ws_new/install/visualization_msgs/include/visualization_msgs/visualization_msgs/msg/detail/interactive_marker_init__rosidl_typesupport_fastrtps_cpp.hpp
[2.687s] -- Up-to-date: /home/thomas/MobileRobot/ws_new/install/visualization_msgs/include/visualization_msgs/visualization_msgs/msg/detail/interactive_marker_control__rosidl_typesupport_fastrtps_cpp.hpp
[2.688s] -- Up-to-date: /home/thomas/MobileRobot/ws_new/install/visualization_msgs/include/visualization_msgs/visualization_msgs/msg/detail/menu_entry__rosidl_typesupport_fastrtps_cpp.hpp
[2.688s] -- Up-to-date: /home/thomas/MobileRobot/ws_new/install/visualization_msgs/include/visualization_msgs/visualization_msgs/msg/detail/marker__rosidl_typesupport_fastrtps_cpp.hpp
[2.688s] -- Up-to-date: /home/thomas/MobileRobot/ws_new/install/visualization_msgs/include/visualization_msgs/visualization_msgs/msg/detail/image_marker__rosidl_typesupport_fastrtps_cpp.hpp
[2.688s] -- Up-to-date: /home/thomas/MobileRobot/ws_new/install/visualization_msgs/include/visualization_msgs/visualization_msgs/msg/detail/dds_fastrtps
[2.688s] -- Up-to-date: /home/thomas/MobileRobot/ws_new/install/visualization_msgs/include/visualization_msgs/visualization_msgs/msg/rosidl_typesupport_fastrtps_cpp__visibility_control.h
[2.702s] -- Up-to-date: /home/thomas/MobileRobot/ws_new/install/visualization_msgs/lib/libvisualization_msgs__rosidl_typesupport_fastrtps_cpp.so
[2.703s] -- Up-to-date: /home/thomas/MobileRobot/ws_new/install/visualization_msgs/include/visualization_msgs/visualization_msgs
[2.703s] -- Up-to-date: /home/thomas/MobileRobot/ws_new/install/visualization_msgs/include/visualization_msgs/visualization_msgs/srv
[2.703s] -- Up-to-date: /home/thomas/MobileRobot/ws_new/install/visualization_msgs/include/visualization_msgs/visualization_msgs/srv/detail
[2.703s] -- Up-to-date: /home/thomas/MobileRobot/ws_new/install/visualization_msgs/include/visualization_msgs/visualization_msgs/srv/detail/get_interactive_markers__rosidl_typesupport_introspection_c.h
[2.703s] -- Installing: /home/thomas/MobileRobot/ws_new/install/visualization_msgs/include/visualization_msgs/visualization_msgs/srv/detail/get_interactive_markers__type_support.c
[2.734s] -- Up-to-date: /home/thomas/MobileRobot/ws_new/install/visualization_msgs/include/visualization_msgs/visualization_msgs/msg
[2.734s] -- Up-to-date: /home/thomas/MobileRobot/ws_new/install/visualization_msgs/include/visualization_msgs/visualization_msgs/msg/detail
[2.734s] -- Installing: /home/thomas/MobileRobot/ws_new/install/visualization_msgs/include/visualization_msgs/visualization_msgs/msg/detail/interactive_marker_control__type_support.c
[2.770s] -- Installing: /home/thomas/MobileRobot/ws_new/install/visualization_msgs/include/visualization_msgs/visualization_msgs/msg/detail/image_marker__type_support.c
[2.796s] -- Installing: /home/thomas/MobileRobot/ws_new/install/visualization_msgs/include/visualization_msgs/visualization_msgs/msg/detail/interactive_marker_pose__type_support.c
[2.801s] -- Installing: /home/thomas/MobileRobot/ws_new/install/visualization_msgs/include/visualization_msgs/visualization_msgs/msg/detail/interactive_marker_update__type_support.c
[2.823s] -- Up-to-date: /home/thomas/MobileRobot/ws_new/install/visualization_msgs/include/visualization_msgs/visualization_msgs/msg/detail/marker__rosidl_typesupport_introspection_c.h
[2.824s] -- Up-to-date: /home/thomas/MobileRobot/ws_new/install/visualization_msgs/include/visualization_msgs/visualization_msgs/msg/detail/interactive_marker_pose__rosidl_typesupport_introspection_c.h
[2.824s] -- Installing: /home/thomas/MobileRobot/ws_new/install/visualization_msgs/include/visualization_msgs/visualization_msgs/msg/detail/marker_array__type_support.c
[2.866s] -- Up-to-date: /home/thomas/MobileRobot/ws_new/install/visualization_msgs/include/visualization_msgs/visualization_msgs/msg/detail/interactive_marker_control__rosidl_typesupport_introspection_c.h
[2.866s] -- Up-to-date: /home/thomas/MobileRobot/ws_new/install/visualization_msgs/include/visualization_msgs/visualization_msgs/msg/detail/mesh_file__rosidl_typesupport_introspection_c.h
[2.868s] -- Up-to-date: /home/thomas/MobileRobot/ws_new/install/visualization_msgs/include/visualization_msgs/visualization_msgs/msg/detail/uv_coordinate__rosidl_typesupport_introspection_c.h
[2.868s] -- Installing: /home/thomas/MobileRobot/ws_new/install/visualization_msgs/include/visualization_msgs/visualization_msgs/msg/detail/interactive_marker_feedback__type_support.c
[2.885s] -- Up-to-date: /home/thomas/MobileRobot/ws_new/install/visualization_msgs/include/visualization_msgs/visualization_msgs/msg/detail/interactive_marker_init__rosidl_typesupport_introspection_c.h
[2.885s] -- Installing: /home/thomas/MobileRobot/ws_new/install/visualization_msgs/include/visualization_msgs/visualization_msgs/msg/detail/marker__type_support.c
[2.887s] -- Installing: /home/thomas/MobileRobot/ws_new/install/visualization_msgs/include/visualization_msgs/visualization_msgs/msg/detail/mesh_file__type_support.c
[2.917s] -- Up-to-date: /home/thomas/MobileRobot/ws_new/install/visualization_msgs/include/visualization_msgs/visualization_msgs/msg/detail/image_marker__rosidl_typesupport_introspection_c.h
[2.917s] -- Installing: /home/thomas/MobileRobot/ws_new/install/visualization_msgs/include/visualization_msgs/visualization_msgs/msg/detail/interactive_marker_init__type_support.c
[2.918s] -- Installing: /home/thomas/MobileRobot/ws_new/install/visualization_msgs/include/visualization_msgs/visualization_msgs/msg/detail/interactive_marker__type_support.c
[2.920s] -- Up-to-date: /home/thomas/MobileRobot/ws_new/install/visualization_msgs/include/visualization_msgs/visualization_msgs/msg/detail/menu_entry__rosidl_typesupport_introspection_c.h
[2.921s] -- Installing: /home/thomas/MobileRobot/ws_new/install/visualization_msgs/include/visualization_msgs/visualization_msgs/msg/detail/uv_coordinate__type_support.c
[2.923s] -- Up-to-date: /home/thomas/MobileRobot/ws_new/install/visualization_msgs/include/visualization_msgs/visualization_msgs/msg/detail/interactive_marker_feedback__rosidl_typesupport_introspection_c.h
[2.924s] -- Up-to-date: /home/thomas/MobileRobot/ws_new/install/visualization_msgs/include/visualization_msgs/visualization_msgs/msg/detail/marker_array__rosidl_typesupport_introspection_c.h
[2.924s] -- Up-to-date: /home/thomas/MobileRobot/ws_new/install/visualization_msgs/include/visualization_msgs/visualization_msgs/msg/detail/interactive_marker__rosidl_typesupport_introspection_c.h
[2.925s] -- Installing: /home/thomas/MobileRobot/ws_new/install/visualization_msgs/include/visualization_msgs/visualization_msgs/msg/detail/menu_entry__type_support.c
[2.939s] -- Up-to-date: /home/thomas/MobileRobot/ws_new/install/visualization_msgs/include/visualization_msgs/visualization_msgs/msg/detail/interactive_marker_update__rosidl_typesupport_introspection_c.h
[2.939s] -- Up-to-date: /home/thomas/MobileRobot/ws_new/install/visualization_msgs/include/visualization_msgs/visualization_msgs/msg/rosidl_typesupport_introspection_c__visibility_control.h
[2.957s] -- Up-to-date: /home/thomas/MobileRobot/ws_new/install/visualization_msgs/lib/libvisualization_msgs__rosidl_typesupport_introspection_c.so
[2.986s] -- Up-to-date: /home/thomas/MobileRobot/ws_new/install/visualization_msgs/lib/libvisualization_msgs__rosidl_typesupport_c.so
[2.989s] -- Up-to-date: /home/thomas/MobileRobot/ws_new/install/visualization_msgs/include/visualization_msgs/visualization_msgs
[2.990s] -- Up-to-date: /home/thomas/MobileRobot/ws_new/install/visualization_msgs/include/visualization_msgs/visualization_msgs/srv
[2.991s] -- Up-to-date: /home/thomas/MobileRobot/ws_new/install/visualization_msgs/include/visualization_msgs/visualization_msgs/srv/detail
[2.992s] -- Up-to-date: /home/thomas/MobileRobot/ws_new/install/visualization_msgs/include/visualization_msgs/visualization_msgs/srv/detail/get_interactive_markers__rosidl_typesupport_introspection_cpp.hpp
[2.993s] -- Up-to-date: /home/thomas/MobileRobot/ws_new/install/visualization_msgs/include/visualization_msgs/visualization_msgs/srv/detail/get_interactive_markers__type_support.cpp
[2.993s] -- Up-to-date: /home/thomas/MobileRobot/ws_new/install/visualization_msgs/include/visualization_msgs/visualization_msgs/msg
[2.994s] -- Up-to-date: /home/thomas/MobileRobot/ws_new/install/visualization_msgs/include/visualization_msgs/visualization_msgs/msg/detail
[2.994s] -- Up-to-date: /home/thomas/MobileRobot/ws_new/install/visualization_msgs/include/visualization_msgs/visualization_msgs/msg/detail/image_marker__rosidl_typesupport_introspection_cpp.hpp
[2.995s] -- Up-to-date: /home/thomas/MobileRobot/ws_new/install/visualization_msgs/include/visualization_msgs/visualization_msgs/msg/detail/interactive_marker_control__rosidl_typesupport_introspection_cpp.hpp
[2.995s] -- Up-to-date: /home/thomas/MobileRobot/ws_new/install/visualization_msgs/include/visualization_msgs/visualization_msgs/msg/detail/interactive_marker_pose__type_support.cpp
[2.996s] -- Up-to-date: /home/thomas/MobileRobot/ws_new/install/visualization_msgs/include/visualization_msgs/visualization_msgs/msg/detail/uv_coordinate__rosidl_typesupport_introspection_cpp.hpp
[2.996s] -- Up-to-date: /home/thomas/MobileRobot/ws_new/install/visualization_msgs/include/visualization_msgs/visualization_msgs/msg/detail/marker_array__rosidl_typesupport_introspection_cpp.hpp
[2.997s] -- Up-to-date: /home/thomas/MobileRobot/ws_new/install/visualization_msgs/include/visualization_msgs/visualization_msgs/msg/detail/interactive_marker_update__rosidl_typesupport_introspection_cpp.hpp
[2.997s] -- Up-to-date: /home/thomas/MobileRobot/ws_new/install/visualization_msgs/include/visualization_msgs/visualization_msgs/msg/detail/mesh_file__rosidl_typesupport_introspection_cpp.hpp
[2.998s] -- Up-to-date: /home/thomas/MobileRobot/ws_new/install/visualization_msgs/include/visualization_msgs/visualization_msgs/msg/detail/interactive_marker_update__type_support.cpp
[2.998s] -- Up-to-date: /home/thomas/MobileRobot/ws_new/install/visualization_msgs/include/visualization_msgs/visualization_msgs/msg/detail/mesh_file__type_support.cpp
[2.999s] -- Up-to-date: /home/thomas/MobileRobot/ws_new/install/visualization_msgs/include/visualization_msgs/visualization_msgs/msg/detail/interactive_marker__type_support.cpp
[2.999s] -- Up-to-date: /home/thomas/MobileRobot/ws_new/install/visualization_msgs/include/visualization_msgs/visualization_msgs/msg/detail/uv_coordinate__type_support.cpp
[3.000s] -- Up-to-date: /home/thomas/MobileRobot/ws_new/install/visualization_msgs/include/visualization_msgs/visualization_msgs/msg/detail/marker__rosidl_typesupport_introspection_cpp.hpp
[3.000s] -- Up-to-date: /home/thomas/MobileRobot/ws_new/install/visualization_msgs/include/visualization_msgs/visualization_msgs/msg/detail/interactive_marker_pose__rosidl_typesupport_introspection_cpp.hpp
[3.001s] -- Up-to-date: /home/thomas/MobileRobot/ws_new/install/visualization_msgs/include/visualization_msgs/visualization_msgs/msg/detail/menu_entry__rosidl_typesupport_introspection_cpp.hpp
[3.001s] -- Up-to-date: /home/thomas/MobileRobot/ws_new/install/visualization_msgs/include/visualization_msgs/visualization_msgs/msg/detail/interactive_marker_init__type_support.cpp
[3.002s] -- Up-to-date: /home/thomas/MobileRobot/ws_new/install/visualization_msgs/include/visualization_msgs/visualization_msgs/msg/detail/interactive_marker_feedback__rosidl_typesupport_introspection_cpp.hpp
[3.002s] -- Up-to-date: /home/thomas/MobileRobot/ws_new/install/visualization_msgs/include/visualization_msgs/visualization_msgs/msg/detail/menu_entry__type_support.cpp
[3.003s] -- Up-to-date: /home/thomas/MobileRobot/ws_new/install/visualization_msgs/include/visualization_msgs/visualization_msgs/msg/detail/marker_array__type_support.cpp
[3.003s] -- Up-to-date: /home/thomas/MobileRobot/ws_new/install/visualization_msgs/include/visualization_msgs/visualization_msgs/msg/detail/interactive_marker_init__rosidl_typesupport_introspection_cpp.hpp
[3.004s] -- Up-to-date: /home/thomas/MobileRobot/ws_new/install/visualization_msgs/include/visualization_msgs/visualization_msgs/msg/detail/image_marker__type_support.cpp
[3.004s] -- Up-to-date: /home/thomas/MobileRobot/ws_new/install/visualization_msgs/include/visualization_msgs/visualization_msgs/msg/detail/interactive_marker_feedback__type_support.cpp
[3.005s] -- Up-to-date: /home/thomas/MobileRobot/ws_new/install/visualization_msgs/include/visualization_msgs/visualization_msgs/msg/detail/interactive_marker_control__type_support.cpp
[3.005s] -- Up-to-date: /home/thomas/MobileRobot/ws_new/install/visualization_msgs/include/visualization_msgs/visualization_msgs/msg/detail/interactive_marker__rosidl_typesupport_introspection_cpp.hpp
[3.006s] -- Up-to-date: /home/thomas/MobileRobot/ws_new/install/visualization_msgs/include/visualization_msgs/visualization_msgs/msg/detail/marker__type_support.cpp
[3.064s] -- Up-to-date: /home/thomas/MobileRobot/ws_new/install/visualization_msgs/lib/libvisualization_msgs__rosidl_typesupport_introspection_cpp.so
[3.204s] -- Up-to-date: /home/thomas/MobileRobot/ws_new/install/visualization_msgs/lib/libvisualization_msgs__rosidl_typesupport_cpp.so
[3.205s] -- Up-to-date: /home/thomas/MobileRobot/ws_new/install/visualization_msgs/share/visualization_msgs/environment/pythonpath.sh
[3.206s] -- Up-to-date: /home/thomas/MobileRobot/ws_new/install/visualization_msgs/share/visualization_msgs/environment/pythonpath.dsv
[3.247s] -- Up-to-date: /home/thomas/MobileRobot/ws_new/install/visualization_msgs/lib/python3.12/site-packages/visualization_msgs-5.3.6-py3.12.egg-info
[3.257s] -- Installing: /home/thomas/MobileRobot/ws_new/install/visualization_msgs/lib/python3.12/site-packages/visualization_msgs-5.3.6-py3.12.egg-info/top_level.txt
[3.258s] -- Installing: /home/thomas/MobileRobot/ws_new/install/visualization_msgs/lib/python3.12/site-packages/visualization_msgs-5.3.6-py3.12.egg-info/SOURCES.txt
[3.259s] -- Installing: /home/thomas/MobileRobot/ws_new/install/visualization_msgs/lib/python3.12/site-packages/visualization_msgs-5.3.6-py3.12.egg-info/dependency_links.txt
[3.260s] -- Installing: /home/thomas/MobileRobot/ws_new/install/visualization_msgs/lib/python3.12/site-packages/visualization_msgs-5.3.6-py3.12.egg-info/PKG-INFO
[3.261s] -- Up-to-date: /home/thomas/MobileRobot/ws_new/install/visualization_msgs/lib/python3.12/site-packages/visualization_msgs
[3.270s] -- Up-to-date: /home/thomas/MobileRobot/ws_new/install/visualization_msgs/lib/python3.12/site-packages/visualization_msgs/visualization_msgs_s__rosidl_typesupport_c.so
[3.270s] -- Up-to-date: /home/thomas/MobileRobot/ws_new/install/visualization_msgs/lib/python3.12/site-packages/visualization_msgs/__init__.py
[3.271s] -- Up-to-date: /home/thomas/MobileRobot/ws_new/install/visualization_msgs/lib/python3.12/site-packages/visualization_msgs/_visualization_msgs_s.ep.rosidl_typesupport_fastrtps_c.c
[3.271s] -- Up-to-date: /home/thomas/MobileRobot/ws_new/install/visualization_msgs/lib/python3.12/site-packages/visualization_msgs/srv
[3.275s] -- Up-to-date: /home/thomas/MobileRobot/ws_new/install/visualization_msgs/lib/python3.12/site-packages/visualization_msgs/srv/__init__.py
[3.276s] -- Up-to-date: /home/thomas/MobileRobot/ws_new/install/visualization_msgs/lib/python3.12/site-packages/visualization_msgs/srv/_get_interactive_markers.py
[3.276s] -- Up-to-date: /home/thomas/MobileRobot/ws_new/install/visualization_msgs/lib/python3.12/site-packages/visualization_msgs/srv/_get_interactive_markers_s.c
[3.277s] -- Up-to-date: /home/thomas/MobileRobot/ws_new/install/visualization_msgs/lib/python3.12/site-packages/visualization_msgs/visualization_msgs_s__rosidl_typesupport_fastrtps_c.so
[3.277s] -- Up-to-date: /home/thomas/MobileRobot/ws_new/install/visualization_msgs/lib/python3.12/site-packages/visualization_msgs/_visualization_msgs_s.ep.rosidl_typesupport_c.c
[3.277s] -- Up-to-date: /home/thomas/MobileRobot/ws_new/install/visualization_msgs/lib/python3.12/site-packages/visualization_msgs/_visualization_msgs_s.ep.rosidl_typesupport_introspection_c.c
[3.277s] -- Up-to-date: /home/thomas/MobileRobot/ws_new/install/visualization_msgs/lib/python3.12/site-packages/visualization_msgs/msg
[3.288s] -- Up-to-date: /home/thomas/MobileRobot/ws_new/install/visualization_msgs/lib/python3.12/site-packages/visualization_msgs/msg/_interactive_marker_control_s.c
[3.289s] -- Up-to-date: /home/thomas/MobileRobot/ws_new/install/visualization_msgs/lib/python3.12/site-packages/visualization_msgs/msg/_uv_coordinate_s.c
[3.290s] -- Up-to-date: /home/thomas/MobileRobot/ws_new/install/visualization_msgs/lib/python3.12/site-packages/visualization_msgs/msg/_interactive_marker_feedback_s.c
[3.291s] -- Up-to-date: /home/thomas/MobileRobot/ws_new/install/visualization_msgs/lib/python3.12/site-packages/visualization_msgs/msg/_image_marker_s.c
[3.292s] -- Up-to-date: /home/thomas/MobileRobot/ws_new/install/visualization_msgs/lib/python3.12/site-packages/visualization_msgs/msg/__init__.py
[3.292s] -- Up-to-date: /home/thomas/MobileRobot/ws_new/install/visualization_msgs/lib/python3.12/site-packages/visualization_msgs/msg/_marker_s.c
[3.293s] -- Up-to-date: /home/thomas/MobileRobot/ws_new/install/visualization_msgs/lib/python3.12/site-packages/visualization_msgs/msg/_interactive_marker_init.py
[3.294s] -- Up-to-date: /home/thomas/MobileRobot/ws_new/install/visualization_msgs/lib/python3.12/site-packages/visualization_msgs/msg/_marker_array_s.c
[3.295s] -- Up-to-date: /home/thomas/MobileRobot/ws_new/install/visualization_msgs/lib/python3.12/site-packages/visualization_msgs/msg/_interactive_marker_feedback.py
[3.295s] -- Up-to-date: /home/thomas/MobileRobot/ws_new/install/visualization_msgs/lib/python3.12/site-packages/visualization_msgs/msg/_interactive_marker_update.py
[3.295s] -- Up-to-date: /home/thomas/MobileRobot/ws_new/install/visualization_msgs/lib/python3.12/site-packages/visualization_msgs/msg/_marker_array.py
[3.296s] -- Up-to-date: /home/thomas/MobileRobot/ws_new/install/visualization_msgs/lib/python3.12/site-packages/visualization_msgs/msg/_mesh_file.py
[3.296s] -- Up-to-date: /home/thomas/MobileRobot/ws_new/install/visualization_msgs/lib/python3.12/site-packages/visualization_msgs/msg/_menu_entry.py
[3.296s] -- Up-to-date: /home/thomas/MobileRobot/ws_new/install/visualization_msgs/lib/python3.12/site-packages/visualization_msgs/msg/_interactive_marker_s.c
[3.297s] -- Up-to-date: /home/thomas/MobileRobot/ws_new/install/visualization_msgs/lib/python3.12/site-packages/visualization_msgs/msg/_uv_coordinate.py
[3.297s] -- Up-to-date: /home/thomas/MobileRobot/ws_new/install/visualization_msgs/lib/python3.12/site-packages/visualization_msgs/msg/_interactive_marker.py
[3.297s] -- Up-to-date: /home/thomas/MobileRobot/ws_new/install/visualization_msgs/lib/python3.12/site-packages/visualization_msgs/msg/_menu_entry_s.c
[3.297s] -- Up-to-date: /home/thomas/MobileRobot/ws_new/install/visualization_msgs/lib/python3.12/site-packages/visualization_msgs/msg/_marker.py
[3.298s] -- Up-to-date: /home/thomas/MobileRobot/ws_new/install/visualization_msgs/lib/python3.12/site-packages/visualization_msgs/msg/_interactive_marker_update_s.c
[3.298s] -- Up-to-date: /home/thomas/MobileRobot/ws_new/install/visualization_msgs/lib/python3.12/site-packages/visualization_msgs/msg/_interactive_marker_init_s.c
[3.298s] -- Up-to-date: /home/thomas/MobileRobot/ws_new/install/visualization_msgs/lib/python3.12/site-packages/visualization_msgs/msg/_interactive_marker_pose_s.c
[3.299s] -- Up-to-date: /home/thomas/MobileRobot/ws_new/install/visualization_msgs/lib/python3.12/site-packages/visualization_msgs/msg/_interactive_marker_pose.py
[3.299s] -- Up-to-date: /home/thomas/MobileRobot/ws_new/install/visualization_msgs/lib/python3.12/site-packages/visualization_msgs/msg/_image_marker.py
[3.299s] -- Up-to-date: /home/thomas/MobileRobot/ws_new/install/visualization_msgs/lib/python3.12/site-packages/visualization_msgs/msg/_mesh_file_s.c
[3.299s] -- Up-to-date: /home/thomas/MobileRobot/ws_new/install/visualization_msgs/lib/python3.12/site-packages/visualization_msgs/msg/_interactive_marker_control.py
[3.300s] -- Up-to-date: /home/thomas/MobileRobot/ws_new/install/visualization_msgs/lib/python3.12/site-packages/visualization_msgs/visualization_msgs_s__rosidl_typesupport_introspection_c.so
[3.524s] Listing '/home/thomas/MobileRobot/ws_new/install/visualization_msgs/lib/python3.12/site-packages/visualization_msgs'...
[3.525s] Listing '/home/thomas/MobileRobot/ws_new/install/visualization_msgs/lib/python3.12/site-packages/visualization_msgs/msg'...
[3.525s] Listing '/home/thomas/MobileRobot/ws_new/install/visualization_msgs/lib/python3.12/site-packages/visualization_msgs/srv'...
[3.551s] -- Up-to-date: /home/thomas/MobileRobot/ws_new/install/visualization_msgs/lib/python3.12/site-packages/visualization_msgs/visualization_msgs_s__rosidl_typesupport_fastrtps_c.so
[3.552s] -- Up-to-date: /home/thomas/MobileRobot/ws_new/install/visualization_msgs/lib/python3.12/site-packages/visualization_msgs/visualization_msgs_s__rosidl_typesupport_introspection_c.so
[3.559s] -- Up-to-date: /home/thomas/MobileRobot/ws_new/install/visualization_msgs/lib/python3.12/site-packages/visualization_msgs/visualization_msgs_s__rosidl_typesupport_c.so
[3.719s] -- Up-to-date: /home/thomas/MobileRobot/ws_new/install/visualization_msgs/lib/libvisualization_msgs__rosidl_generator_py.so
[3.720s] -- Up-to-date: /home/thomas/MobileRobot/ws_new/install/visualization_msgs/share/visualization_msgs/msg/ImageMarker.idl
[3.721s] -- Up-to-date: /home/thomas/MobileRobot/ws_new/install/visualization_msgs/share/visualization_msgs/msg/InteractiveMarker.idl
[3.722s] -- Up-to-date: /home/thomas/MobileRobot/ws_new/install/visualization_msgs/share/visualization_msgs/msg/InteractiveMarkerControl.idl
[3.723s] -- Up-to-date: /home/thomas/MobileRobot/ws_new/install/visualization_msgs/share/visualization_msgs/msg/InteractiveMarkerFeedback.idl
[3.725s] -- Up-to-date: /home/thomas/MobileRobot/ws_new/install/visualization_msgs/share/visualization_msgs/msg/InteractiveMarkerInit.idl
[3.725s] -- Up-to-date: /home/thomas/MobileRobot/ws_new/install/visualization_msgs/share/visualization_msgs/msg/InteractiveMarkerPose.idl
[3.726s] -- Up-to-date: /home/thomas/MobileRobot/ws_new/install/visualization_msgs/share/visualization_msgs/msg/InteractiveMarkerUpdate.idl
[3.727s] -- Up-to-date: /home/thomas/MobileRobot/ws_new/install/visualization_msgs/share/visualization_msgs/msg/Marker.idl
[3.728s] -- Up-to-date: /home/thomas/MobileRobot/ws_new/install/visualization_msgs/share/visualization_msgs/msg/MarkerArray.idl
[3.729s] -- Up-to-date: /home/thomas/MobileRobot/ws_new/install/visualization_msgs/share/visualization_msgs/msg/MenuEntry.idl
[3.729s] -- Up-to-date: /home/thomas/MobileRobot/ws_new/install/visualization_msgs/share/visualization_msgs/msg/MeshFile.idl
[3.730s] -- Up-to-date: /home/thomas/MobileRobot/ws_new/install/visualization_msgs/share/visualization_msgs/msg/UVCoordinate.idl
[3.731s] -- Up-to-date: /home/thomas/MobileRobot/ws_new/install/visualization_msgs/share/visualization_msgs/srv/GetInteractiveMarkers.idl
[3.732s] -- Up-to-date: /home/thomas/MobileRobot/ws_new/install/visualization_msgs/share/visualization_msgs/msg/ImageMarker.msg
[3.733s] -- Up-to-date: /home/thomas/MobileRobot/ws_new/install/visualization_msgs/share/visualization_msgs/msg/InteractiveMarker.msg
[3.733s] -- Up-to-date: /home/thomas/MobileRobot/ws_new/install/visualization_msgs/share/visualization_msgs/msg/InteractiveMarkerControl.msg
[3.733s] -- Up-to-date: /home/thomas/MobileRobot/ws_new/install/visualization_msgs/share/visualization_msgs/msg/InteractiveMarkerFeedback.msg
[3.734s] -- Up-to-date: /home/thomas/MobileRobot/ws_new/install/visualization_msgs/share/visualization_msgs/msg/InteractiveMarkerInit.msg
[3.734s] -- Up-to-date: /home/thomas/MobileRobot/ws_new/install/visualization_msgs/share/visualization_msgs/msg/InteractiveMarkerPose.msg
[3.735s] -- Up-to-date: /home/thomas/MobileRobot/ws_new/install/visualization_msgs/share/visualization_msgs/msg/InteractiveMarkerUpdate.msg
[3.735s] -- Up-to-date: /home/thomas/MobileRobot/ws_new/install/visualization_msgs/share/visualization_msgs/msg/Marker.msg
[3.736s] -- Up-to-date: /home/thomas/MobileRobot/ws_new/install/visualization_msgs/share/visualization_msgs/msg/MarkerArray.msg
[3.737s] -- Up-to-date: /home/thomas/MobileRobot/ws_new/install/visualization_msgs/share/visualization_msgs/msg/MenuEntry.msg
[3.737s] -- Up-to-date: /home/thomas/MobileRobot/ws_new/install/visualization_msgs/share/visualization_msgs/msg/MeshFile.msg
[3.738s] -- Up-to-date: /home/thomas/MobileRobot/ws_new/install/visualization_msgs/share/visualization_msgs/msg/UVCoordinate.msg
[3.739s] -- Up-to-date: /home/thomas/MobileRobot/ws_new/install/visualization_msgs/share/visualization_msgs/srv/GetInteractiveMarkers.srv
[3.740s] -- Up-to-date: /home/thomas/MobileRobot/ws_new/install/visualization_msgs/share/ament_index/resource_index/package_run_dependencies/visualization_msgs
[3.741s] -- Up-to-date: /home/thomas/MobileRobot/ws_new/install/visualization_msgs/share/ament_index/resource_index/parent_prefix_path/visualization_msgs
[3.741s] -- Up-to-date: /home/thomas/MobileRobot/ws_new/install/visualization_msgs/share/visualization_msgs/environment/ament_prefix_path.sh
[3.742s] -- Up-to-date: /home/thomas/MobileRobot/ws_new/install/visualization_msgs/share/visualization_msgs/environment/ament_prefix_path.dsv
[3.742s] -- Up-to-date: /home/thomas/MobileRobot/ws_new/install/visualization_msgs/share/visualization_msgs/environment/path.sh
[3.743s] -- Up-to-date: /home/thomas/MobileRobot/ws_new/install/visualization_msgs/share/visualization_msgs/environment/path.dsv
[3.744s] -- Up-to-date: /home/thomas/MobileRobot/ws_new/install/visualization_msgs/share/visualization_msgs/local_setup.bash
[3.744s] -- Up-to-date: /home/thomas/MobileRobot/ws_new/install/visualization_msgs/share/visualization_msgs/local_setup.sh
[3.745s] -- Up-to-date: /home/thomas/MobileRobot/ws_new/install/visualization_msgs/share/visualization_msgs/local_setup.zsh
[3.745s] -- Up-to-date: /home/thomas/MobileRobot/ws_new/install/visualization_msgs/share/visualization_msgs/local_setup.dsv
[3.745s] -- Installing: /home/thomas/MobileRobot/ws_new/install/visualization_msgs/share/visualization_msgs/package.dsv
[3.830s] -- Up-to-date: /home/thomas/MobileRobot/ws_new/install/visualization_msgs/share/ament_index/resource_index/packages/visualization_msgs
[3.883s] -- Up-to-date: /home/thomas/MobileRobot/ws_new/install/visualization_msgs/share/visualization_msgs/cmake/export_visualization_msgs__rosidl_generator_cExport.cmake
[3.883s] -- Up-to-date: /home/thomas/MobileRobot/ws_new/install/visualization_msgs/share/visualization_msgs/cmake/export_visualization_msgs__rosidl_generator_cExport-noconfig.cmake
[3.884s] -- Up-to-date: /home/thomas/MobileRobot/ws_new/install/visualization_msgs/share/visualization_msgs/cmake/export_visualization_msgs__rosidl_typesupport_fastrtps_cExport.cmake
[3.885s] -- Up-to-date: /home/thomas/MobileRobot/ws_new/install/visualization_msgs/share/visualization_msgs/cmake/export_visualization_msgs__rosidl_typesupport_fastrtps_cExport-noconfig.cmake
[3.903s] -- Up-to-date: /home/thomas/MobileRobot/ws_new/install/visualization_msgs/share/visualization_msgs/cmake/export_visualization_msgs__rosidl_generator_cppExport.cmake
[3.910s] -- Up-to-date: /home/thomas/MobileRobot/ws_new/install/visualization_msgs/share/visualization_msgs/cmake/export_visualization_msgs__rosidl_typesupport_fastrtps_cppExport.cmake
[3.911s] -- Up-to-date: /home/thomas/MobileRobot/ws_new/install/visualization_msgs/share/visualization_msgs/cmake/export_visualization_msgs__rosidl_typesupport_fastrtps_cppExport-noconfig.cmake
[3.912s] -- Up-to-date: /home/thomas/MobileRobot/ws_new/install/visualization_msgs/share/visualization_msgs/cmake/visualization_msgs__rosidl_typesupport_introspection_cExport.cmake
[3.913s] -- Up-to-date: /home/thomas/MobileRobot/ws_new/install/visualization_msgs/share/visualization_msgs/cmake/visualization_msgs__rosidl_typesupport_introspection_cExport-noconfig.cmake
[3.936s] -- Up-to-date: /home/thomas/MobileRobot/ws_new/install/visualization_msgs/share/visualization_msgs/cmake/visualization_msgs__rosidl_typesupport_cExport.cmake
[3.936s] -- Up-to-date: /home/thomas/MobileRobot/ws_new/install/visualization_msgs/share/visualization_msgs/cmake/visualization_msgs__rosidl_typesupport_cExport-noconfig.cmake
[3.954s] -- Up-to-date: /home/thomas/MobileRobot/ws_new/install/visualization_msgs/share/visualization_msgs/cmake/visualization_msgs__rosidl_typesupport_introspection_cppExport.cmake
[3.954s] -- Up-to-date: /home/thomas/MobileRobot/ws_new/install/visualization_msgs/share/visualization_msgs/cmake/visualization_msgs__rosidl_typesupport_introspection_cppExport-noconfig.cmake
[3.956s] -- Up-to-date: /home/thomas/MobileRobot/ws_new/install/visualization_msgs/share/visualization_msgs/cmake/visualization_msgs__rosidl_typesupport_cppExport.cmake
[3.957s] -- Up-to-date: /home/thomas/MobileRobot/ws_new/install/visualization_msgs/share/visualization_msgs/cmake/visualization_msgs__rosidl_typesupport_cppExport-noconfig.cmake
[3.966s] -- Up-to-date: /home/thomas/MobileRobot/ws_new/install/visualization_msgs/share/visualization_msgs/cmake/export_visualization_msgs__rosidl_generator_pyExport.cmake
[3.967s] -- Up-to-date: /home/thomas/MobileRobot/ws_new/install/visualization_msgs/share/visualization_msgs/cmake/export_visualization_msgs__rosidl_generator_pyExport-noconfig.cmake
[3.968s] -- Up-to-date: /home/thomas/MobileRobot/ws_new/install/visualization_msgs/share/visualization_msgs/cmake/rosidl_cmake-extras.cmake
[3.969s] -- Up-to-date: /home/thomas/MobileRobot/ws_new/install/visualization_msgs/share/visualization_msgs/cmake/ament_cmake_export_dependencies-extras.cmake
[3.970s] -- Up-to-date: /home/thomas/MobileRobot/ws_new/install/visualization_msgs/share/visualization_msgs/cmake/ament_cmake_export_include_directories-extras.cmake
[3.971s] -- Up-to-date: /home/thomas/MobileRobot/ws_new/install/visualization_msgs/share/visualization_msgs/cmake/ament_cmake_export_libraries-extras.cmake
[3.972s] -- Up-to-date: /home/thomas/MobileRobot/ws_new/install/visualization_msgs/share/visualization_msgs/cmake/ament_cmake_export_targets-extras.cmake
[3.972s] -- Up-to-date: /home/thomas/MobileRobot/ws_new/install/visualization_msgs/share/visualization_msgs/cmake/rosidl_cmake_export_typesupport_targets-extras.cmake
[3.973s] -- Up-to-date: /home/thomas/MobileRobot/ws_new/install/visualization_msgs/share/visualization_msgs/cmake/rosidl_cmake_export_typesupport_libraries-extras.cmake
[3.973s] -- Up-to-date: /home/thomas/MobileRobot/ws_new/install/visualization_msgs/share/visualization_msgs/cmake/visualization_msgsConfig.cmake
[3.974s] -- Up-to-date: /home/thomas/MobileRobot/ws_new/install/visualization_msgs/share/visualization_msgs/cmake/visualization_msgsConfig-version.cmake
[3.974s] -- Up-to-date: /home/thomas/MobileRobot/ws_new/install/visualization_msgs/share/visualization_msgs/package.xml
[4.028s] Invoked command in '/home/thomas/MobileRobot/ws_new/build/visualization_msgs' returned '0': AMENT_PREFIX_PATH=/home/thomas/MobileRobot/ws_new/install/sensor_msgs:/home/thomas/MobileRobot/ws_new/install/geometry_msgs:/home/thomas/MobileRobot/ws_new/install/std_msgs:${AMENT_PREFIX_PATH} CMAKE_PREFIX_PATH=/home/thomas/MobileRobot/ws_new/install/sensor_msgs:/home/thomas/MobileRobot/ws_new/install/geometry_msgs:/home/thomas/MobileRobot/ws_new/install/std_msgs:/opt/ros/jazzy/opt/gz_sim_vendor:/opt/ros/jazzy/opt/gz_sensors_vendor:/opt/ros/jazzy/opt/gz_physics_vendor:/opt/ros/jazzy/opt/sdformat_vendor:/opt/ros/jazzy/opt/gz_gui_vendor:/opt/ros/jazzy/opt/gz_transport_vendor:/opt/ros/jazzy/opt/gz_rendering_vendor:/opt/ros/jazzy/opt/gz_plugin_vendor:/opt/ros/jazzy/opt/gz_fuel_tools_vendor:/opt/ros/jazzy/opt/gz_msgs_vendor:/opt/ros/jazzy/opt/gz_common_vendor:/opt/ros/jazzy/opt/gz_math_vendor:/opt/ros/jazzy/opt/gz_utils_vendor:/opt/ros/jazzy/opt/gz_tools_vendor:/opt/ros/jazzy/opt/gz_ogre_next_vendor:/opt/ros/jazzy/opt/gz_dartsim_vendor:/opt/ros/jazzy/opt/gz_cmake_vendor:/home/thomas/dev_ws/install/basic_mobile_robot:/opt/ros/jazzy DEBUGINFOD_URLS=https://debuginfod.ubuntu.com LD_LIBRARY_PATH=/home/thomas/MobileRobot/ws_new/install/sensor_msgs/lib:/home/thomas/MobileRobot/ws_new/install/geometry_msgs/lib:/home/thomas/MobileRobot/ws_new/install/std_msgs/lib:${LD_LIBRARY_PATH} PYTHONPATH=/home/thomas/MobileRobot/ws_new/install/sensor_msgs/lib/python3.12/site-packages:/home/thomas/MobileRobot/ws_new/install/geometry_msgs/lib/python3.12/site-packages:/home/thomas/MobileRobot/ws_new/install/std_msgs/lib/python3.12/site-packages:${PYTHONPATH} /usr/bin/cmake --install /home/thomas/MobileRobot/ws_new/build/visualization_msgs
