[1.865s] Invoking command in '/home/thomas/MobileRobot/ws_new/src/navigation': DEBUGINFOD_URLS=https://debuginfod.ubuntu.com PYTHONPATH=/home/thomas/MobileRobot/ws_new/build/navigation/prefix_override:/usr/lib/python3/dist-packages/colcon_core/task/python/colcon_distutils_commands:/home/thomas/MobileRobot/ws_new/install/navigation/lib/python3.12/site-packages:${PYTHONPATH} /usr/bin/python3 -W ignore:setup.py install is deprecated -W ignore:easy_install command is deprecated setup.py egg_info --egg-base ../../build/navigation build --build-base /home/thomas/MobileRobot/ws_new/build/navigation/build install --record /home/thomas/MobileRobot/ws_new/build/navigation/install.log --single-version-externally-managed install_data
[2.376s] running egg_info
[2.420s] writing ../../build/navigation/navigation.egg-info/PKG-INFO
[2.420s] writing dependency_links to ../../build/navigation/navigation.egg-info/dependency_links.txt
[2.421s] writing entry points to ../../build/navigation/navigation.egg-info/entry_points.txt
[2.421s] writing requirements to ../../build/navigation/navigation.egg-info/requires.txt
[2.421s] writing top-level names to ../../build/navigation/navigation.egg-info/top_level.txt
[2.508s] reading manifest file '../../build/navigation/navigation.egg-info/SOURCES.txt'
[2.509s] writing manifest file '../../build/navigation/navigation.egg-info/SOURCES.txt'
[2.510s] running build
[2.510s] running build_py
[2.511s] running install
[2.521s] running install_lib
[2.564s] running install_data
[2.564s] running install_egg_info
[2.607s] removing '/home/thomas/MobileRobot/ws_new/install/navigation/lib/python3.12/site-packages/navigation-0.0.0-py3.12.egg-info' (and everything under it)
[2.607s] Copying ../../build/navigation/navigation.egg-info to /home/thomas/MobileRobot/ws_new/install/navigation/lib/python3.12/site-packages/navigation-0.0.0-py3.12.egg-info
[2.608s] running install_scripts
[2.863s] Installing gps_path_follow script to /home/thomas/MobileRobot/ws_new/install/navigation/lib/navigation
[2.864s] Installing nav_node script to /home/thomas/MobileRobot/ws_new/install/navigation/lib/navigation
[2.864s] Installing waypoint_follow script to /home/thomas/MobileRobot/ws_new/install/navigation/lib/navigation
[2.864s] writing list of installed files to '/home/thomas/MobileRobot/ws_new/build/navigation/install.log'
[2.917s] Invoked command in '/home/thomas/MobileRobot/ws_new/src/navigation' returned '0': DEBUGINFOD_URLS=https://debuginfod.ubuntu.com PYTHONPATH=/home/thomas/MobileRobot/ws_new/build/navigation/prefix_override:/usr/lib/python3/dist-packages/colcon_core/task/python/colcon_distutils_commands:/home/thomas/MobileRobot/ws_new/install/navigation/lib/python3.12/site-packages:${PYTHONPATH} /usr/bin/python3 -W ignore:setup.py install is deprecated -W ignore:easy_install command is deprecated setup.py egg_info --egg-base ../../build/navigation build --build-base /home/thomas/MobileRobot/ws_new/build/navigation/build install --record /home/thomas/MobileRobot/ws_new/build/navigation/install.log --single-version-externally-managed install_data
