[0.047s] Invoking command in '/home/thomas/MobileRobot/ws_new/build/backward': DEBUGINFOD_URLS=https://debuginfod.ubuntu.com /usr/bin/cmake /home/thomas/MobileRobot/ws_new/backward-cpp -DCMAKE_INSTALL_PREFIX=/home/thomas/MobileRobot/ws_new/install/backward
[0.434s] -- The CXX compiler identification is GNU 13.3.0
[0.434s] -- Detecting CXX compiler ABI info
[0.435s] -- Detecting CXX compiler ABI info - done
[0.435s] -- Check for working CXX compiler: /usr/bin/c++ - skipped
[0.436s] -- Detecting CXX compile features
[0.436s] -- Detecting CXX compile features - done
[0.436s] -- Found libdw: /usr/lib/x86_64-linux-gnu/libdw.so  
[0.436s] -- Found libbfd: /usr/lib/x86_64-linux-gnu/libbfd.so  
[0.437s] -- Could NOT find libdwarf (missing: LIBDWARF_LIBRARY LIBDWARF_INCLUDE_DIR) 
[0.437s] -- Found Backward: $<BUILD_INTERFACE:/home/thomas/MobileRobot/ws_new/backward-cpp>;$<INSTALL_INTERFACE:include>  
[0.437s] -- Configuring done (0.3s)
[0.437s] -- Generating done (0.0s)
[0.437s] -- Build files have been written to: /home/thomas/MobileRobot/ws_new/build/backward
[0.851s] Invoked command in '/home/thomas/MobileRobot/ws_new/build/backward' returned '0': DEBUGINFOD_URLS=https://debuginfod.ubuntu.com /usr/bin/cmake /home/thomas/MobileRobot/ws_new/backward-cpp -DCMAKE_INSTALL_PREFIX=/home/thomas/MobileRobot/ws_new/install/backward
[0.855s] Invoking command in '/home/thomas/MobileRobot/ws_new/build/backward': DEBUGINFOD_URLS=https://debuginfod.ubuntu.com /usr/bin/cmake --build /home/thomas/MobileRobot/ws_new/build/backward -- -j8 -l8
[0.915s] [  6%] [32mBuilding CXX object CMakeFiles/test_main.dir/test/_test_main.cpp.o[0m
[0.916s] [ 13%] [32mBuilding CXX object CMakeFiles/backward.dir/backward.cpp.o[0m
[0.922s] [ 20%] [32mBuilding CXX object CMakeFiles/backward_object.dir/backward.cpp.o[0m
[1.308s] [ 20%] Built target test_main
[1.356s] [ 26%] [32mBuilding CXX object CMakeFiles/test_stacktrace.dir/test/stacktrace.cpp.o[0m
[1.357s] [ 33%] [32mBuilding CXX object CMakeFiles/test_rectrace.dir/test/rectrace.cpp.o[0m
[1.357s] [ 40%] [32mBuilding CXX object CMakeFiles/test_test.dir/test/test.cpp.o[0m
[1.364s] [ 46%] [32mBuilding CXX object CMakeFiles/test_select_signals.dir/test/select_signals.cpp.o[0m
[1.371s] [ 53%] [32mBuilding CXX object CMakeFiles/test_suicide.dir/test/suicide.cpp.o[0m
[1.383s] [ 60%] [32mBuilding CXX object CMakeFiles/test_suicide.dir/backward.cpp.o[0m
[2.622s] [ 66%] [32m[1mLinking CXX executable test_test[0m
[3.029s] [ 66%] Built target test_test
[3.098s] [01m[K/home/thomas/MobileRobot/ws_new/backward-cpp/test/suicide.cpp:[m[K In function ‘[01m[Kint[01;32m[K bye_bye_stack[m[K(int)[m[K’:
[3.098s] [01m[K/home/thomas/MobileRobot/ws_new/backward-cpp/test/suicide.cpp:78:5:[m[K [01;35m[Kwarning: [m[Kinfinite recursion detected [[01;35m[K]8;;https://gcc.gnu.org/onlinedocs/gcc/Warning-Options.html#index-Winfinite-recursion-Winfinite-recursion]8;;[m[K]
[3.098s]    78 | int [01;35m[Kbye_bye_stack[m[K(int i) { return bye_bye_stack(i + 1) + bye_bye_stack(i * 2); }
[3.099s]       |     [01;35m[K^~~~~~~~~~~~~[m[K
[3.099s] [01m[K/home/thomas/MobileRobot/ws_new/backward-cpp/test/suicide.cpp:78:48:[m[K [01;36m[Knote: [m[Krecursive call
[3.099s]    78 | int bye_bye_stack(int i) { return [01;36m[Kbye_bye_stack(i + 1)[m[K + bye_bye_stack(i * 2); }
[3.099s]       |                                   [01;36m[K~~~~~~~~~~~~~^~~~~~~[m[K
[3.384s] [ 73%] [32m[1mLinking CXX static library libbackward.a[0m
[3.483s] [ 73%] Built target backward
[3.623s] [ 80%] [32m[1mLinking CXX executable test_stacktrace[0m
[3.679s] [ 80%] Built target backward_object
[3.802s] [ 80%] Built target test_stacktrace
[3.881s] [ 86%] [32m[1mLinking CXX executable test_suicide[0m
[3.959s] [ 93%] [32m[1mLinking CXX executable test_select_signals[0m
[4.049s] [ 93%] Built target test_suicide
[4.130s] [ 93%] Built target test_select_signals
[4.160s] [100%] [32m[1mLinking CXX executable test_rectrace[0m
[4.294s] [100%] Built target test_rectrace
[4.311s] Invoked command in '/home/thomas/MobileRobot/ws_new/build/backward' returned '0': DEBUGINFOD_URLS=https://debuginfod.ubuntu.com /usr/bin/cmake --build /home/thomas/MobileRobot/ws_new/build/backward -- -j8 -l8
[4.313s] Invoking command in '/home/thomas/MobileRobot/ws_new/build/backward': DEBUGINFOD_URLS=https://debuginfod.ubuntu.com /usr/bin/cmake --install /home/thomas/MobileRobot/ws_new/build/backward
[4.329s] -- Install configuration: ""
[4.329s] -- Installing: /home/thomas/MobileRobot/ws_new/install/backward/include/backward.hpp
[4.329s] -- Installing: /home/thomas/MobileRobot/ws_new/install/backward/lib/cmake/backward/BackwardConfig.cmake
[4.330s] -- Installing: /home/thomas/MobileRobot/ws_new/install/backward/lib/libbackward.a
[4.331s] -- Installing: /home/thomas/MobileRobot/ws_new/install/backward/lib/cmake/backward/BackwardTargets.cmake
[4.331s] -- Installing: /home/thomas/MobileRobot/ws_new/install/backward/lib/cmake/backward/BackwardTargets-noconfig.cmake
[4.334s] Invoked command in '/home/thomas/MobileRobot/ws_new/build/backward' returned '0': DEBUGINFOD_URLS=https://debuginfod.ubuntu.com /usr/bin/cmake --install /home/thomas/MobileRobot/ws_new/build/backward
