[0.350s] DEBUG:colcon:Command line arguments: ['/usr/bin/colcon', 'build']
[0.350s] DEBUG:colcon:Parsed command line arguments: Namespace(log_base=None, log_level=None, verb_name='build', build_base='build', install_base='install', merge_install=False, symlink_install=False, test_result_base=None, continue_on_error=False, executor='parallel', parallel_workers=8, event_handlers=None, ignore_user_meta=False, metas=['./colcon.meta'], base_paths=['.'], packages_ignore=None, packages_ignore_regex=None, paths=None, packages_up_to=None, packages_up_to_regex=None, packages_above=None, packages_above_and_dependencies=None, packages_above_depth=None, packages_select_by_dep=None, packages_skip_by_dep=None, packages_skip_up_to=None, packages_select_build_failed=False, packages_skip_build_finished=False, packages_select_test_failures=False, packages_skip_test_passed=False, packages_select=None, packages_skip=None, packages_select_regex=None, packages_skip_regex=None, packages_start=None, packages_end=None, allow_overriding=[], cmake_args=None, cmake_target=None, cmake_target_skip_unavailable=False, cmake_clean_cache=False, cmake_clean_first=False, cmake_force_configure=False, ament_cmake_args=None, catkin_cmake_args=None, catkin_skip_building_tests=False, verb_parser=<colcon_defaults.argument_parser.defaults.DefaultArgumentsDecorator object at 0x74b791c1b020>, verb_extension=<colcon_core.verb.build.BuildVerb object at 0x74b791c1aff0>, main=<bound method BuildVerb.main of <colcon_core.verb.build.BuildVerb object at 0x74b791c1aff0>>)
[0.417s] Level 1:colcon.colcon_core.package_discovery:discover_packages(colcon_meta) check parameters
[0.417s] Level 1:colcon.colcon_core.package_discovery:discover_packages(recursive) check parameters
[0.417s] Level 1:colcon.colcon_core.package_discovery:discover_packages(ignore) check parameters
[0.417s] Level 1:colcon.colcon_core.package_discovery:discover_packages(path) check parameters
[0.417s] Level 1:colcon.colcon_core.package_discovery:discover_packages(colcon_meta) discover
[0.417s] Level 1:colcon.colcon_core.package_discovery:discover_packages(recursive) discover
[0.417s] INFO:colcon.colcon_core.package_discovery:Crawling recursively for packages in '/home/thomas/MobileRobot/ws_new'
[0.417s] Level 1:colcon.colcon_core.package_identification:_identify(.) by extensions ['ignore', 'ignore_ament_install']
[0.418s] Level 1:colcon.colcon_core.package_identification:_identify(.) by extension 'ignore'
[0.418s] Level 1:colcon.colcon_core.package_identification:_identify(.) by extension 'ignore_ament_install'
[0.418s] Level 1:colcon.colcon_core.package_identification:_identify(.) by extensions ['colcon_pkg']
[0.418s] Level 1:colcon.colcon_core.package_identification:_identify(.) by extension 'colcon_pkg'
[0.418s] Level 1:colcon.colcon_core.package_identification:_identify(.) by extensions ['colcon_meta']
[0.418s] Level 1:colcon.colcon_core.package_identification:_identify(.) by extension 'colcon_meta'
[0.418s] Level 1:colcon.colcon_core.package_identification:_identify(.) by extensions ['ros']
[0.418s] Level 1:colcon.colcon_core.package_identification:_identify(.) by extension 'ros'
[0.450s] Level 1:colcon.colcon_core.package_identification:_identify(.) by extensions ['cmake', 'python']
[0.451s] Level 1:colcon.colcon_core.package_identification:_identify(.) by extension 'cmake'
[0.451s] Level 1:colcon.colcon_core.package_identification:_identify(.) by extension 'python'
[0.451s] Level 1:colcon.colcon_core.package_identification:_identify(.) by extensions ['python_setup_py']
[0.451s] Level 1:colcon.colcon_core.package_identification:_identify(.) by extension 'python_setup_py'
[0.451s] Level 1:colcon.colcon_core.package_identification:_identify(build) by extensions ['ignore', 'ignore_ament_install']
[0.451s] Level 1:colcon.colcon_core.package_identification:_identify(build) by extension 'ignore'
[0.451s] Level 1:colcon.colcon_core.package_identification:_identify(build) ignored
[0.451s] Level 1:colcon.colcon_core.package_identification:_identify(install) by extensions ['ignore', 'ignore_ament_install']
[0.452s] Level 1:colcon.colcon_core.package_identification:_identify(install) by extension 'ignore'
[0.452s] Level 1:colcon.colcon_core.package_identification:_identify(install) ignored
[0.452s] Level 1:colcon.colcon_core.package_identification:_identify(log) by extensions ['ignore', 'ignore_ament_install']
[0.452s] Level 1:colcon.colcon_core.package_identification:_identify(log) by extension 'ignore'
[0.452s] Level 1:colcon.colcon_core.package_identification:_identify(log) ignored
[0.452s] Level 1:colcon.colcon_core.package_identification:_identify(src) by extensions ['ignore', 'ignore_ament_install']
[0.453s] Level 1:colcon.colcon_core.package_identification:_identify(src) by extension 'ignore'
[0.453s] Level 1:colcon.colcon_core.package_identification:_identify(src) by extension 'ignore_ament_install'
[0.453s] Level 1:colcon.colcon_core.package_identification:_identify(src) by extensions ['colcon_pkg']
[0.453s] Level 1:colcon.colcon_core.package_identification:_identify(src) by extension 'colcon_pkg'
[0.453s] Level 1:colcon.colcon_core.package_identification:_identify(src) by extensions ['colcon_meta']
[0.453s] Level 1:colcon.colcon_core.package_identification:_identify(src) by extension 'colcon_meta'
[0.453s] Level 1:colcon.colcon_core.package_identification:_identify(src) by extensions ['ros']
[0.453s] Level 1:colcon.colcon_core.package_identification:_identify(src) by extension 'ros'
[0.453s] Level 1:colcon.colcon_core.package_identification:_identify(src) by extensions ['cmake', 'python']
[0.453s] Level 1:colcon.colcon_core.package_identification:_identify(src) by extension 'cmake'
[0.453s] Level 1:colcon.colcon_core.package_identification:_identify(src) by extension 'python'
[0.453s] Level 1:colcon.colcon_core.package_identification:_identify(src) by extensions ['python_setup_py']
[0.453s] Level 1:colcon.colcon_core.package_identification:_identify(src) by extension 'python_setup_py'
[0.453s] Level 1:colcon.colcon_core.package_identification:_identify(src/mobile_robot) by extensions ['ignore', 'ignore_ament_install']
[0.453s] Level 1:colcon.colcon_core.package_identification:_identify(src/mobile_robot) by extension 'ignore'
[0.454s] Level 1:colcon.colcon_core.package_identification:_identify(src/mobile_robot) by extension 'ignore_ament_install'
[0.454s] Level 1:colcon.colcon_core.package_identification:_identify(src/mobile_robot) by extensions ['colcon_pkg']
[0.454s] Level 1:colcon.colcon_core.package_identification:_identify(src/mobile_robot) by extension 'colcon_pkg'
[0.454s] Level 1:colcon.colcon_core.package_identification:_identify(src/mobile_robot) by extensions ['colcon_meta']
[0.454s] Level 1:colcon.colcon_core.package_identification:_identify(src/mobile_robot) by extension 'colcon_meta'
[0.454s] Level 1:colcon.colcon_core.package_identification:_identify(src/mobile_robot) by extensions ['ros']
[0.454s] Level 1:colcon.colcon_core.package_identification:_identify(src/mobile_robot) by extension 'ros'
[0.458s] DEBUG:colcon.colcon_core.package_identification:Package 'src/mobile_robot' with type 'ros.ament_cmake' and name 'mobile_robot'
[0.458s] Level 1:colcon.colcon_core.package_identification:_identify(src/my_kinematics_pkg) by extensions ['ignore', 'ignore_ament_install']
[0.458s] Level 1:colcon.colcon_core.package_identification:_identify(src/my_kinematics_pkg) by extension 'ignore'
[0.458s] Level 1:colcon.colcon_core.package_identification:_identify(src/my_kinematics_pkg) by extension 'ignore_ament_install'
[0.458s] Level 1:colcon.colcon_core.package_identification:_identify(src/my_kinematics_pkg) by extensions ['colcon_pkg']
[0.458s] Level 1:colcon.colcon_core.package_identification:_identify(src/my_kinematics_pkg) by extension 'colcon_pkg'
[0.458s] Level 1:colcon.colcon_core.package_identification:_identify(src/my_kinematics_pkg) by extensions ['colcon_meta']
[0.458s] Level 1:colcon.colcon_core.package_identification:_identify(src/my_kinematics_pkg) by extension 'colcon_meta'
[0.458s] Level 1:colcon.colcon_core.package_identification:_identify(src/my_kinematics_pkg) by extensions ['ros']
[0.458s] Level 1:colcon.colcon_core.package_identification:_identify(src/my_kinematics_pkg) by extension 'ros'
[0.459s] DEBUG:colcon.colcon_core.package_identification:Package 'src/my_kinematics_pkg' with type 'ros.ament_cmake' and name 'my_kinematics_pkg'
[0.459s] Level 1:colcon.colcon_core.package_identification:_identify(src/navigation) by extensions ['ignore', 'ignore_ament_install']
[0.459s] Level 1:colcon.colcon_core.package_identification:_identify(src/navigation) by extension 'ignore'
[0.460s] Level 1:colcon.colcon_core.package_identification:_identify(src/navigation) by extension 'ignore_ament_install'
[0.460s] Level 1:colcon.colcon_core.package_identification:_identify(src/navigation) by extensions ['colcon_pkg']
[0.460s] Level 1:colcon.colcon_core.package_identification:_identify(src/navigation) by extension 'colcon_pkg'
[0.460s] Level 1:colcon.colcon_core.package_identification:_identify(src/navigation) by extensions ['colcon_meta']
[0.460s] Level 1:colcon.colcon_core.package_identification:_identify(src/navigation) by extension 'colcon_meta'
[0.460s] Level 1:colcon.colcon_core.package_identification:_identify(src/navigation) by extensions ['ros']
[0.460s] Level 1:colcon.colcon_core.package_identification:_identify(src/navigation) by extension 'ros'
[0.461s] DEBUG:colcon.colcon_core.package_identification:Found ROS schema reference in package manifest in 'src/navigation'
[0.461s] WARNING:colcon.colcon_core.package_identification:Failed to parse ROS package manifest in 'src/navigation': Error(s) in package 'src/navigation/package.xml':
Error(s):
- The generic dependency on 'rclpy' is redundant with: build_depend, build_export_depend, exec_depend
- The generic dependency on 'nav2_msgs' is redundant with: build_depend, build_export_depend, exec_depend
[0.461s] Level 1:colcon.colcon_core.package_identification:_identify(src/navigation) by extensions ['cmake', 'python']
[0.461s] Level 1:colcon.colcon_core.package_identification:_identify(src/navigation) by extension 'cmake'
[0.462s] Level 1:colcon.colcon_core.package_identification:_identify(src/navigation) by extension 'python'
[0.462s] DEBUG:colcon.colcon_core.package_identification:Python package in 'src/navigation' passes arguments to the setup() function which requires a different identification extension than 'python'
[0.462s] Level 1:colcon.colcon_core.package_identification:_identify(src/navigation) by extensions ['python_setup_py']
[0.462s] Level 1:colcon.colcon_core.package_identification:_identify(src/navigation) by extension 'python_setup_py'
[0.775s] DEBUG:colcon.colcon_core.package_identification:Package 'src/navigation' with type 'python' and name 'navigation'
[0.775s] Level 1:colcon.colcon_core.package_identification:_identify(src/publisher_subscriber) by extensions ['ignore', 'ignore_ament_install']
[0.775s] Level 1:colcon.colcon_core.package_identification:_identify(src/publisher_subscriber) by extension 'ignore'
[0.775s] Level 1:colcon.colcon_core.package_identification:_identify(src/publisher_subscriber) by extension 'ignore_ament_install'
[0.775s] Level 1:colcon.colcon_core.package_identification:_identify(src/publisher_subscriber) by extensions ['colcon_pkg']
[0.775s] Level 1:colcon.colcon_core.package_identification:_identify(src/publisher_subscriber) by extension 'colcon_pkg'
[0.776s] Level 1:colcon.colcon_core.package_identification:_identify(src/publisher_subscriber) by extensions ['colcon_meta']
[0.776s] Level 1:colcon.colcon_core.package_identification:_identify(src/publisher_subscriber) by extension 'colcon_meta'
[0.776s] Level 1:colcon.colcon_core.package_identification:_identify(src/publisher_subscriber) by extensions ['ros']
[0.776s] Level 1:colcon.colcon_core.package_identification:_identify(src/publisher_subscriber) by extension 'ros'
[0.776s] DEBUG:colcon.colcon_core.package_identification:Package 'src/publisher_subscriber' with type 'ros.ament_python' and name 'publisher_subscriber'
[0.776s] Level 1:colcon.colcon_core.package_identification:_identify(vectors) by extensions ['ignore', 'ignore_ament_install']
[0.776s] Level 1:colcon.colcon_core.package_identification:_identify(vectors) by extension 'ignore'
[0.777s] Level 1:colcon.colcon_core.package_identification:_identify(vectors) by extension 'ignore_ament_install'
[0.777s] Level 1:colcon.colcon_core.package_identification:_identify(vectors) by extensions ['colcon_pkg']
[0.777s] Level 1:colcon.colcon_core.package_identification:_identify(vectors) by extension 'colcon_pkg'
[0.777s] Level 1:colcon.colcon_core.package_identification:_identify(vectors) by extensions ['colcon_meta']
[0.777s] Level 1:colcon.colcon_core.package_identification:_identify(vectors) by extension 'colcon_meta'
[0.777s] Level 1:colcon.colcon_core.package_identification:_identify(vectors) by extensions ['ros']
[0.777s] Level 1:colcon.colcon_core.package_identification:_identify(vectors) by extension 'ros'
[0.777s] Level 1:colcon.colcon_core.package_identification:_identify(vectors) by extensions ['cmake', 'python']
[0.777s] Level 1:colcon.colcon_core.package_identification:_identify(vectors) by extension 'cmake'
[0.777s] Level 1:colcon.colcon_core.package_identification:_identify(vectors) by extension 'python'
[0.777s] Level 1:colcon.colcon_core.package_identification:_identify(vectors) by extensions ['python_setup_py']
[0.777s] Level 1:colcon.colcon_core.package_identification:_identify(vectors) by extension 'python_setup_py'
[0.777s] Level 1:colcon.colcon_core.package_discovery:discover_packages(recursive) using defaults
[0.777s] Level 1:colcon.colcon_core.package_discovery:discover_packages(ignore) discover
[0.777s] Level 1:colcon.colcon_core.package_discovery:discover_packages(ignore) using defaults
[0.777s] Level 1:colcon.colcon_core.package_discovery:discover_packages(path) discover
[0.777s] Level 1:colcon.colcon_core.package_discovery:discover_packages(path) using defaults
[0.806s] Level 1:colcon.colcon_core.package_discovery:discover_packages(prefix_path) check parameters
[0.806s] Level 1:colcon.colcon_core.package_discovery:discover_packages(prefix_path) discover
[0.811s] DEBUG:colcon.colcon_installed_package_information.package_discovery:Found 4 installed packages in /home/thomas/MobileRobot/ws_new/install
[0.811s] DEBUG:colcon.colcon_installed_package_information.package_discovery:Found 1 installed packages in /home/thomas/dev_ws/install
[0.812s] DEBUG:colcon.colcon_installed_package_information.package_discovery:Found 0 installed packages in /home/thomas/mobile_robot/install
[0.815s] DEBUG:colcon.colcon_installed_package_information.package_discovery:Found 439 installed packages in /opt/ros/jazzy
[0.816s] Level 1:colcon.colcon_core.package_discovery:discover_packages(prefix_path) using defaults
[0.920s] Level 5:colcon.colcon_core.verb:set package 'mobile_robot' build argument 'cmake_args' from command line to 'None'
[0.920s] Level 5:colcon.colcon_core.verb:set package 'mobile_robot' build argument 'cmake_target' from command line to 'None'
[0.920s] Level 5:colcon.colcon_core.verb:set package 'mobile_robot' build argument 'cmake_target_skip_unavailable' from command line to 'False'
[0.920s] Level 5:colcon.colcon_core.verb:set package 'mobile_robot' build argument 'cmake_clean_cache' from command line to 'False'
[0.920s] Level 5:colcon.colcon_core.verb:set package 'mobile_robot' build argument 'cmake_clean_first' from command line to 'False'
[0.920s] Level 5:colcon.colcon_core.verb:set package 'mobile_robot' build argument 'cmake_force_configure' from command line to 'False'
[0.920s] Level 5:colcon.colcon_core.verb:set package 'mobile_robot' build argument 'ament_cmake_args' from command line to 'None'
[0.920s] Level 5:colcon.colcon_core.verb:set package 'mobile_robot' build argument 'catkin_cmake_args' from command line to 'None'
[0.920s] Level 5:colcon.colcon_core.verb:set package 'mobile_robot' build argument 'catkin_skip_building_tests' from command line to 'False'
[0.920s] DEBUG:colcon.colcon_core.verb:Building package 'mobile_robot' with the following arguments: {'ament_cmake_args': None, 'build_base': '/home/thomas/MobileRobot/ws_new/build/mobile_robot', 'catkin_cmake_args': None, 'catkin_skip_building_tests': False, 'cmake_args': None, 'cmake_clean_cache': False, 'cmake_clean_first': False, 'cmake_force_configure': False, 'cmake_target': None, 'cmake_target_skip_unavailable': False, 'install_base': '/home/thomas/MobileRobot/ws_new/install/mobile_robot', 'merge_install': False, 'path': '/home/thomas/MobileRobot/ws_new/src/mobile_robot', 'symlink_install': False, 'test_result_base': None}
[0.921s] Level 5:colcon.colcon_core.verb:set package 'my_kinematics_pkg' build argument 'cmake_args' from command line to 'None'
[0.921s] Level 5:colcon.colcon_core.verb:set package 'my_kinematics_pkg' build argument 'cmake_target' from command line to 'None'
[0.921s] Level 5:colcon.colcon_core.verb:set package 'my_kinematics_pkg' build argument 'cmake_target_skip_unavailable' from command line to 'False'
[0.921s] Level 5:colcon.colcon_core.verb:set package 'my_kinematics_pkg' build argument 'cmake_clean_cache' from command line to 'False'
[0.921s] Level 5:colcon.colcon_core.verb:set package 'my_kinematics_pkg' build argument 'cmake_clean_first' from command line to 'False'
[0.921s] Level 5:colcon.colcon_core.verb:set package 'my_kinematics_pkg' build argument 'cmake_force_configure' from command line to 'False'
[0.921s] Level 5:colcon.colcon_core.verb:set package 'my_kinematics_pkg' build argument 'ament_cmake_args' from command line to 'None'
[0.921s] Level 5:colcon.colcon_core.verb:set package 'my_kinematics_pkg' build argument 'catkin_cmake_args' from command line to 'None'
[0.921s] Level 5:colcon.colcon_core.verb:set package 'my_kinematics_pkg' build argument 'catkin_skip_building_tests' from command line to 'False'
[0.921s] DEBUG:colcon.colcon_core.verb:Building package 'my_kinematics_pkg' with the following arguments: {'ament_cmake_args': None, 'build_base': '/home/thomas/MobileRobot/ws_new/build/my_kinematics_pkg', 'catkin_cmake_args': None, 'catkin_skip_building_tests': False, 'cmake_args': None, 'cmake_clean_cache': False, 'cmake_clean_first': False, 'cmake_force_configure': False, 'cmake_target': None, 'cmake_target_skip_unavailable': False, 'install_base': '/home/thomas/MobileRobot/ws_new/install/my_kinematics_pkg', 'merge_install': False, 'path': '/home/thomas/MobileRobot/ws_new/src/my_kinematics_pkg', 'symlink_install': False, 'test_result_base': None}
[0.921s] Level 5:colcon.colcon_core.verb:set package 'navigation' build argument 'cmake_args' from command line to 'None'
[0.921s] Level 5:colcon.colcon_core.verb:set package 'navigation' build argument 'cmake_target' from command line to 'None'
[0.921s] Level 5:colcon.colcon_core.verb:set package 'navigation' build argument 'cmake_target_skip_unavailable' from command line to 'False'
[0.921s] Level 5:colcon.colcon_core.verb:set package 'navigation' build argument 'cmake_clean_cache' from command line to 'False'
[0.921s] Level 5:colcon.colcon_core.verb:set package 'navigation' build argument 'cmake_clean_first' from command line to 'False'
[0.921s] Level 5:colcon.colcon_core.verb:set package 'navigation' build argument 'cmake_force_configure' from command line to 'False'
[0.922s] Level 5:colcon.colcon_core.verb:set package 'navigation' build argument 'ament_cmake_args' from command line to 'None'
[0.922s] Level 5:colcon.colcon_core.verb:set package 'navigation' build argument 'catkin_cmake_args' from command line to 'None'
[0.922s] Level 5:colcon.colcon_core.verb:set package 'navigation' build argument 'catkin_skip_building_tests' from command line to 'False'
[0.922s] DEBUG:colcon.colcon_core.verb:Building package 'navigation' with the following arguments: {'ament_cmake_args': None, 'build_base': '/home/thomas/MobileRobot/ws_new/build/navigation', 'catkin_cmake_args': None, 'catkin_skip_building_tests': False, 'cmake_args': None, 'cmake_clean_cache': False, 'cmake_clean_first': False, 'cmake_force_configure': False, 'cmake_target': None, 'cmake_target_skip_unavailable': False, 'install_base': '/home/thomas/MobileRobot/ws_new/install/navigation', 'merge_install': False, 'path': '/home/thomas/MobileRobot/ws_new/src/navigation', 'symlink_install': False, 'test_result_base': None}
[0.922s] Level 5:colcon.colcon_core.verb:set package 'publisher_subscriber' build argument 'cmake_args' from command line to 'None'
[0.922s] Level 5:colcon.colcon_core.verb:set package 'publisher_subscriber' build argument 'cmake_target' from command line to 'None'
[0.922s] Level 5:colcon.colcon_core.verb:set package 'publisher_subscriber' build argument 'cmake_target_skip_unavailable' from command line to 'False'
[0.922s] Level 5:colcon.colcon_core.verb:set package 'publisher_subscriber' build argument 'cmake_clean_cache' from command line to 'False'
[0.922s] Level 5:colcon.colcon_core.verb:set package 'publisher_subscriber' build argument 'cmake_clean_first' from command line to 'False'
[0.922s] Level 5:colcon.colcon_core.verb:set package 'publisher_subscriber' build argument 'cmake_force_configure' from command line to 'False'
[0.922s] Level 5:colcon.colcon_core.verb:set package 'publisher_subscriber' build argument 'ament_cmake_args' from command line to 'None'
[0.922s] Level 5:colcon.colcon_core.verb:set package 'publisher_subscriber' build argument 'catkin_cmake_args' from command line to 'None'
[0.922s] Level 5:colcon.colcon_core.verb:set package 'publisher_subscriber' build argument 'catkin_skip_building_tests' from command line to 'False'
[0.922s] DEBUG:colcon.colcon_core.verb:Building package 'publisher_subscriber' with the following arguments: {'ament_cmake_args': None, 'build_base': '/home/thomas/MobileRobot/ws_new/build/publisher_subscriber', 'catkin_cmake_args': None, 'catkin_skip_building_tests': False, 'cmake_args': None, 'cmake_clean_cache': False, 'cmake_clean_first': False, 'cmake_force_configure': False, 'cmake_target': None, 'cmake_target_skip_unavailable': False, 'install_base': '/home/thomas/MobileRobot/ws_new/install/publisher_subscriber', 'merge_install': False, 'path': '/home/thomas/MobileRobot/ws_new/src/publisher_subscriber', 'symlink_install': False, 'test_result_base': None}
[0.922s] INFO:colcon.colcon_core.executor:Executing jobs using 'parallel' executor
[0.923s] DEBUG:colcon.colcon_parallel_executor.executor.parallel:run_until_complete
[0.924s] INFO:colcon.colcon_ros.task.ament_cmake.build:Building ROS package in '/home/thomas/MobileRobot/ws_new/src/mobile_robot' with build type 'ament_cmake'
[0.924s] INFO:colcon.colcon_cmake.task.cmake.build:Building CMake package in '/home/thomas/MobileRobot/ws_new/src/mobile_robot'
[0.933s] INFO:colcon.colcon_core.plugin_system:Skipping extension 'colcon_core.shell.bat': Not used on non-Windows systems
[0.933s] INFO:colcon.colcon_core.shell:Skip shell extension 'powershell' for command environment: Not usable outside of PowerShell
[0.934s] DEBUG:colcon.colcon_core.shell:Skip shell extension 'dsv' for command environment
[0.941s] INFO:colcon.colcon_ros.task.ament_cmake.build:Building ROS package in '/home/thomas/MobileRobot/ws_new/src/my_kinematics_pkg' with build type 'ament_cmake'
[0.942s] INFO:colcon.colcon_cmake.task.cmake.build:Building CMake package in '/home/thomas/MobileRobot/ws_new/src/my_kinematics_pkg'
[0.942s] INFO:colcon.colcon_core.shell:Skip shell extension 'powershell' for command environment: Not usable outside of PowerShell
[0.942s] DEBUG:colcon.colcon_core.shell:Skip shell extension 'dsv' for command environment
[0.953s] INFO:colcon.colcon_core.task.python.build:Building Python package in '/home/thomas/MobileRobot/ws_new/src/navigation'
[0.955s] INFO:colcon.colcon_core.shell:Skip shell extension 'powershell' for command environment: Not usable outside of PowerShell
[0.955s] DEBUG:colcon.colcon_core.shell:Skip shell extension 'dsv' for command environment
[0.966s] INFO:colcon.colcon_ros.task.ament_python.build:Building ROS package in '/home/thomas/MobileRobot/ws_new/src/publisher_subscriber' with build type 'ament_python'
[0.967s] Level 1:colcon.colcon_core.shell:create_environment_hook('publisher_subscriber', 'ament_prefix_path')
[0.968s] INFO:colcon.colcon_core.shell:Creating environment hook '/home/thomas/MobileRobot/ws_new/install/publisher_subscriber/share/publisher_subscriber/hook/ament_prefix_path.ps1'
[0.969s] INFO:colcon.colcon_core.shell:Creating environment descriptor '/home/thomas/MobileRobot/ws_new/install/publisher_subscriber/share/publisher_subscriber/hook/ament_prefix_path.dsv'
[0.970s] INFO:colcon.colcon_core.shell:Creating environment hook '/home/thomas/MobileRobot/ws_new/install/publisher_subscriber/share/publisher_subscriber/hook/ament_prefix_path.sh'
[0.971s] INFO:colcon.colcon_core.shell:Skip shell extension 'powershell' for command environment: Not usable outside of PowerShell
[0.976s] DEBUG:colcon.colcon_core.shell:Skip shell extension 'dsv' for command environment
[0.996s] DEBUG:colcon.colcon_core.event_handler.log_command:Invoking command in '/home/thomas/MobileRobot/ws_new/build/mobile_robot': CMAKE_PREFIX_PATH=${CMAKE_PREFIX_PATH}:/home/thomas/MobileRobot/ws_new/install/publisher_subscriber:/opt/ros/jazzy DEBUGINFOD_URLS=https://debuginfod.ubuntu.com /usr/bin/cmake --build /home/thomas/MobileRobot/ws_new/build/mobile_robot -- -j8 -l8
[1.002s] DEBUG:colcon.colcon_core.event_handler.log_command:Invoking command in '/home/thomas/MobileRobot/ws_new/build/my_kinematics_pkg': CMAKE_PREFIX_PATH=${CMAKE_PREFIX_PATH}:/home/thomas/MobileRobot/ws_new/install/publisher_subscriber:/opt/ros/jazzy DEBUGINFOD_URLS=https://debuginfod.ubuntu.com /usr/bin/cmake --build /home/thomas/MobileRobot/ws_new/build/my_kinematics_pkg -- -j8 -l8
[1.370s] DEBUG:colcon.colcon_core.event_handler.log_command:Invoked command in '/home/thomas/MobileRobot/ws_new/build/mobile_robot' returned '0': CMAKE_PREFIX_PATH=${CMAKE_PREFIX_PATH}:/home/thomas/MobileRobot/ws_new/install/publisher_subscriber:/opt/ros/jazzy DEBUGINFOD_URLS=https://debuginfod.ubuntu.com /usr/bin/cmake --build /home/thomas/MobileRobot/ws_new/build/mobile_robot -- -j8 -l8
[1.386s] DEBUG:colcon.colcon_core.event_handler.log_command:Invoking command in '/home/thomas/MobileRobot/ws_new/build/mobile_robot': CMAKE_PREFIX_PATH=${CMAKE_PREFIX_PATH}:/home/thomas/MobileRobot/ws_new/install/publisher_subscriber:/opt/ros/jazzy DEBUGINFOD_URLS=https://debuginfod.ubuntu.com /usr/bin/cmake --install /home/thomas/MobileRobot/ws_new/build/mobile_robot
[1.715s] INFO:colcon.colcon_core.task.python.build:Building Python package in '/home/thomas/MobileRobot/ws_new/src/publisher_subscriber'
[1.715s] INFO:colcon.colcon_core.shell:Skip shell extension 'powershell' for command environment: Not usable outside of PowerShell
[1.715s] DEBUG:colcon.colcon_core.shell:Skip shell extension 'dsv' for command environment
[1.722s] DEBUG:colcon.colcon_core.event_handler.log_command:Invoked command in '/home/thomas/MobileRobot/ws_new/build/my_kinematics_pkg' returned '0': CMAKE_PREFIX_PATH=${CMAKE_PREFIX_PATH}:/home/thomas/MobileRobot/ws_new/install/publisher_subscriber:/opt/ros/jazzy DEBUGINFOD_URLS=https://debuginfod.ubuntu.com /usr/bin/cmake --build /home/thomas/MobileRobot/ws_new/build/my_kinematics_pkg -- -j8 -l8
[1.729s] Level 1:colcon.colcon_core.environment:create_environment_scripts_only(mobile_robot)
[1.740s] DEBUG:colcon.colcon_core.event_handler.log_command:Invoking command in '/home/thomas/MobileRobot/ws_new/build/my_kinematics_pkg': CMAKE_PREFIX_PATH=${CMAKE_PREFIX_PATH}:/home/thomas/MobileRobot/ws_new/install/publisher_subscriber:/opt/ros/jazzy DEBUGINFOD_URLS=https://debuginfod.ubuntu.com /usr/bin/cmake --install /home/thomas/MobileRobot/ws_new/build/my_kinematics_pkg
[1.741s] DEBUG:colcon.colcon_core.event_handler.log_command:Invoked command in '/home/thomas/MobileRobot/ws_new/build/mobile_robot' returned '0': CMAKE_PREFIX_PATH=${CMAKE_PREFIX_PATH}:/home/thomas/MobileRobot/ws_new/install/publisher_subscriber:/opt/ros/jazzy DEBUGINFOD_URLS=https://debuginfod.ubuntu.com /usr/bin/cmake --install /home/thomas/MobileRobot/ws_new/build/mobile_robot
[1.744s] Level 1:colcon.colcon_core.environment:checking '/home/thomas/MobileRobot/ws_new/install/mobile_robot' for CMake module files
[1.748s] Level 1:colcon.colcon_core.environment:checking '/home/thomas/MobileRobot/ws_new/install/mobile_robot' for CMake config files
[1.748s] Level 1:colcon.colcon_core.shell:create_environment_hook('mobile_robot', 'cmake_prefix_path')
[1.749s] INFO:colcon.colcon_core.shell:Creating environment hook '/home/thomas/MobileRobot/ws_new/install/mobile_robot/share/mobile_robot/hook/cmake_prefix_path.ps1'
[1.749s] INFO:colcon.colcon_core.shell:Creating environment descriptor '/home/thomas/MobileRobot/ws_new/install/mobile_robot/share/mobile_robot/hook/cmake_prefix_path.dsv'
[1.750s] INFO:colcon.colcon_core.shell:Creating environment hook '/home/thomas/MobileRobot/ws_new/install/mobile_robot/share/mobile_robot/hook/cmake_prefix_path.sh'
[1.750s] Level 1:colcon.colcon_core.environment:checking '/home/thomas/MobileRobot/ws_new/install/mobile_robot/bin'
[1.751s] Level 1:colcon.colcon_core.environment:checking '/home/thomas/MobileRobot/ws_new/install/mobile_robot/lib/pkgconfig/mobile_robot.pc'
[1.751s] Level 1:colcon.colcon_core.environment:checking '/home/thomas/MobileRobot/ws_new/install/mobile_robot/lib/python3.12/site-packages'
[1.751s] Level 1:colcon.colcon_core.environment:checking '/home/thomas/MobileRobot/ws_new/install/mobile_robot/bin'
[1.752s] INFO:colcon.colcon_core.shell:Creating package script '/home/thomas/MobileRobot/ws_new/install/mobile_robot/share/mobile_robot/package.ps1'
[1.753s] INFO:colcon.colcon_core.shell:Creating package descriptor '/home/thomas/MobileRobot/ws_new/install/mobile_robot/share/mobile_robot/package.dsv'
[1.755s] INFO:colcon.colcon_core.shell:Creating package script '/home/thomas/MobileRobot/ws_new/install/mobile_robot/share/mobile_robot/package.sh'
[1.756s] INFO:colcon.colcon_core.shell:Creating package script '/home/thomas/MobileRobot/ws_new/install/mobile_robot/share/mobile_robot/package.bash'
[1.757s] INFO:colcon.colcon_core.shell:Creating package script '/home/thomas/MobileRobot/ws_new/install/mobile_robot/share/mobile_robot/package.zsh'
[1.758s] Level 1:colcon.colcon_core.environment:create_file_with_runtime_dependencies(/home/thomas/MobileRobot/ws_new/install/mobile_robot/share/colcon-core/packages/mobile_robot)
[1.759s] Level 1:colcon.colcon_core.environment:create_environment_scripts_only(mobile_robot)
[1.759s] Level 1:colcon.colcon_core.environment:checking '/home/thomas/MobileRobot/ws_new/install/mobile_robot' for CMake module files
[1.759s] Level 1:colcon.colcon_core.environment:checking '/home/thomas/MobileRobot/ws_new/install/mobile_robot' for CMake config files
[1.760s] Level 1:colcon.colcon_core.shell:create_environment_hook('mobile_robot', 'cmake_prefix_path')
[1.760s] INFO:colcon.colcon_core.shell:Creating environment hook '/home/thomas/MobileRobot/ws_new/install/mobile_robot/share/mobile_robot/hook/cmake_prefix_path.ps1'
[1.760s] INFO:colcon.colcon_core.shell:Creating environment descriptor '/home/thomas/MobileRobot/ws_new/install/mobile_robot/share/mobile_robot/hook/cmake_prefix_path.dsv'
[1.761s] INFO:colcon.colcon_core.shell:Creating environment hook '/home/thomas/MobileRobot/ws_new/install/mobile_robot/share/mobile_robot/hook/cmake_prefix_path.sh'
[1.761s] Level 1:colcon.colcon_core.environment:checking '/home/thomas/MobileRobot/ws_new/install/mobile_robot/bin'
[1.761s] Level 1:colcon.colcon_core.environment:checking '/home/thomas/MobileRobot/ws_new/install/mobile_robot/lib/pkgconfig/mobile_robot.pc'
[1.762s] Level 1:colcon.colcon_core.environment:checking '/home/thomas/MobileRobot/ws_new/install/mobile_robot/lib/python3.12/site-packages'
[1.762s] Level 1:colcon.colcon_core.environment:checking '/home/thomas/MobileRobot/ws_new/install/mobile_robot/bin'
[1.762s] INFO:colcon.colcon_core.shell:Creating package script '/home/thomas/MobileRobot/ws_new/install/mobile_robot/share/mobile_robot/package.ps1'
[1.763s] INFO:colcon.colcon_core.shell:Creating package descriptor '/home/thomas/MobileRobot/ws_new/install/mobile_robot/share/mobile_robot/package.dsv'
[1.763s] INFO:colcon.colcon_core.shell:Creating package script '/home/thomas/MobileRobot/ws_new/install/mobile_robot/share/mobile_robot/package.sh'
[1.764s] INFO:colcon.colcon_core.shell:Creating package script '/home/thomas/MobileRobot/ws_new/install/mobile_robot/share/mobile_robot/package.bash'
[1.765s] INFO:colcon.colcon_core.shell:Creating package script '/home/thomas/MobileRobot/ws_new/install/mobile_robot/share/mobile_robot/package.zsh'
[1.766s] Level 1:colcon.colcon_core.environment:create_file_with_runtime_dependencies(/home/thomas/MobileRobot/ws_new/install/mobile_robot/share/colcon-core/packages/mobile_robot)
[1.769s] Level 1:colcon.colcon_core.environment:create_environment_scripts_only(my_kinematics_pkg)
[1.770s] Level 1:colcon.colcon_core.environment:checking '/home/thomas/MobileRobot/ws_new/install/my_kinematics_pkg' for CMake module files
[1.771s] DEBUG:colcon.colcon_core.event_handler.log_command:Invoked command in '/home/thomas/MobileRobot/ws_new/build/my_kinematics_pkg' returned '0': CMAKE_PREFIX_PATH=${CMAKE_PREFIX_PATH}:/home/thomas/MobileRobot/ws_new/install/publisher_subscriber:/opt/ros/jazzy DEBUGINFOD_URLS=https://debuginfod.ubuntu.com /usr/bin/cmake --install /home/thomas/MobileRobot/ws_new/build/my_kinematics_pkg
[1.772s] Level 1:colcon.colcon_core.environment:checking '/home/thomas/MobileRobot/ws_new/install/my_kinematics_pkg' for CMake config files
[1.772s] Level 1:colcon.colcon_core.shell:create_environment_hook('my_kinematics_pkg', 'cmake_prefix_path')
[1.772s] INFO:colcon.colcon_core.shell:Creating environment hook '/home/thomas/MobileRobot/ws_new/install/my_kinematics_pkg/share/my_kinematics_pkg/hook/cmake_prefix_path.ps1'
[1.773s] INFO:colcon.colcon_core.shell:Creating environment descriptor '/home/thomas/MobileRobot/ws_new/install/my_kinematics_pkg/share/my_kinematics_pkg/hook/cmake_prefix_path.dsv'
[1.774s] INFO:colcon.colcon_core.shell:Creating environment hook '/home/thomas/MobileRobot/ws_new/install/my_kinematics_pkg/share/my_kinematics_pkg/hook/cmake_prefix_path.sh'
[1.775s] Level 1:colcon.colcon_core.environment:checking '/home/thomas/MobileRobot/ws_new/install/my_kinematics_pkg/lib'
[1.775s] Level 1:colcon.colcon_core.environment:checking '/home/thomas/MobileRobot/ws_new/install/my_kinematics_pkg/bin'
[1.775s] Level 1:colcon.colcon_core.environment:checking '/home/thomas/MobileRobot/ws_new/install/my_kinematics_pkg/lib/pkgconfig/my_kinematics_pkg.pc'
[1.775s] Level 1:colcon.colcon_core.environment:checking '/home/thomas/MobileRobot/ws_new/install/my_kinematics_pkg/lib/python3.12/site-packages'
[1.776s] Level 1:colcon.colcon_core.environment:checking '/home/thomas/MobileRobot/ws_new/install/my_kinematics_pkg/bin'
[1.776s] INFO:colcon.colcon_core.shell:Creating package script '/home/thomas/MobileRobot/ws_new/install/my_kinematics_pkg/share/my_kinematics_pkg/package.ps1'
[1.777s] INFO:colcon.colcon_core.shell:Creating package descriptor '/home/thomas/MobileRobot/ws_new/install/my_kinematics_pkg/share/my_kinematics_pkg/package.dsv'
[1.778s] INFO:colcon.colcon_core.shell:Creating package script '/home/thomas/MobileRobot/ws_new/install/my_kinematics_pkg/share/my_kinematics_pkg/package.sh'
[1.778s] INFO:colcon.colcon_core.shell:Creating package script '/home/thomas/MobileRobot/ws_new/install/my_kinematics_pkg/share/my_kinematics_pkg/package.bash'
[1.779s] INFO:colcon.colcon_core.shell:Creating package script '/home/thomas/MobileRobot/ws_new/install/my_kinematics_pkg/share/my_kinematics_pkg/package.zsh'
[1.779s] Level 1:colcon.colcon_core.environment:create_file_with_runtime_dependencies(/home/thomas/MobileRobot/ws_new/install/my_kinematics_pkg/share/colcon-core/packages/my_kinematics_pkg)
[1.780s] Level 1:colcon.colcon_core.environment:create_environment_scripts_only(my_kinematics_pkg)
[1.781s] Level 1:colcon.colcon_core.environment:checking '/home/thomas/MobileRobot/ws_new/install/my_kinematics_pkg' for CMake module files
[1.782s] Level 1:colcon.colcon_core.environment:checking '/home/thomas/MobileRobot/ws_new/install/my_kinematics_pkg' for CMake config files
[1.783s] Level 1:colcon.colcon_core.shell:create_environment_hook('my_kinematics_pkg', 'cmake_prefix_path')
[1.783s] INFO:colcon.colcon_core.shell:Creating environment hook '/home/thomas/MobileRobot/ws_new/install/my_kinematics_pkg/share/my_kinematics_pkg/hook/cmake_prefix_path.ps1'
[1.784s] INFO:colcon.colcon_core.shell:Creating environment descriptor '/home/thomas/MobileRobot/ws_new/install/my_kinematics_pkg/share/my_kinematics_pkg/hook/cmake_prefix_path.dsv'
[1.785s] INFO:colcon.colcon_core.shell:Creating environment hook '/home/thomas/MobileRobot/ws_new/install/my_kinematics_pkg/share/my_kinematics_pkg/hook/cmake_prefix_path.sh'
[1.786s] Level 1:colcon.colcon_core.environment:checking '/home/thomas/MobileRobot/ws_new/install/my_kinematics_pkg/lib'
[1.786s] Level 1:colcon.colcon_core.environment:checking '/home/thomas/MobileRobot/ws_new/install/my_kinematics_pkg/bin'
[1.786s] Level 1:colcon.colcon_core.environment:checking '/home/thomas/MobileRobot/ws_new/install/my_kinematics_pkg/lib/pkgconfig/my_kinematics_pkg.pc'
[1.786s] Level 1:colcon.colcon_core.environment:checking '/home/thomas/MobileRobot/ws_new/install/my_kinematics_pkg/lib/python3.12/site-packages'
[1.787s] Level 1:colcon.colcon_core.environment:checking '/home/thomas/MobileRobot/ws_new/install/my_kinematics_pkg/bin'
[1.787s] INFO:colcon.colcon_core.shell:Creating package script '/home/thomas/MobileRobot/ws_new/install/my_kinematics_pkg/share/my_kinematics_pkg/package.ps1'
[1.788s] INFO:colcon.colcon_core.shell:Creating package descriptor '/home/thomas/MobileRobot/ws_new/install/my_kinematics_pkg/share/my_kinematics_pkg/package.dsv'
[1.789s] INFO:colcon.colcon_core.shell:Creating package script '/home/thomas/MobileRobot/ws_new/install/my_kinematics_pkg/share/my_kinematics_pkg/package.sh'
[1.790s] INFO:colcon.colcon_core.shell:Creating package script '/home/thomas/MobileRobot/ws_new/install/my_kinematics_pkg/share/my_kinematics_pkg/package.bash'
[1.790s] INFO:colcon.colcon_core.shell:Creating package script '/home/thomas/MobileRobot/ws_new/install/my_kinematics_pkg/share/my_kinematics_pkg/package.zsh'
[1.791s] Level 1:colcon.colcon_core.environment:create_file_with_runtime_dependencies(/home/thomas/MobileRobot/ws_new/install/my_kinematics_pkg/share/colcon-core/packages/my_kinematics_pkg)
[3.482s] DEBUG:colcon.colcon_core.event_handler.log_command:Invoking command in '/home/thomas/MobileRobot/ws_new/src/navigation': DEBUGINFOD_URLS=https://debuginfod.ubuntu.com PYTHONPATH=/home/thomas/MobileRobot/ws_new/build/navigation/prefix_override:/usr/lib/python3/dist-packages/colcon_core/task/python/colcon_distutils_commands:/home/thomas/MobileRobot/ws_new/install/navigation/lib/python3.12/site-packages:${PYTHONPATH} /usr/bin/python3 -W ignore:setup.py install is deprecated -W ignore:easy_install command is deprecated setup.py egg_info --egg-base ../../build/navigation build --build-base /home/thomas/MobileRobot/ws_new/build/navigation/build install --record /home/thomas/MobileRobot/ws_new/build/navigation/install.log --single-version-externally-managed install_data
[3.497s] DEBUG:colcon.colcon_core.event_handler.log_command:Invoking command in '/home/thomas/MobileRobot/ws_new/src/publisher_subscriber': DEBUGINFOD_URLS=https://debuginfod.ubuntu.com PYTHONPATH=/home/thomas/MobileRobot/ws_new/build/publisher_subscriber/prefix_override:/usr/lib/python3/dist-packages/colcon_core/task/python/colcon_distutils_commands:/home/thomas/MobileRobot/ws_new/install/publisher_subscriber/lib/python3.12/site-packages:${PYTHONPATH} /usr/bin/python3 -W ignore:setup.py install is deprecated -W ignore:easy_install command is deprecated setup.py egg_info --egg-base ../../build/publisher_subscriber build --build-base /home/thomas/MobileRobot/ws_new/build/publisher_subscriber/build install --record /home/thomas/MobileRobot/ws_new/build/publisher_subscriber/install.log --single-version-externally-managed install_data
[4.455s] Level 1:colcon.colcon_core.environment:checking '/home/thomas/MobileRobot/ws_new/install/navigation' for CMake module files
[4.456s] DEBUG:colcon.colcon_core.event_handler.log_command:Invoked command in '/home/thomas/MobileRobot/ws_new/src/navigation' returned '0': DEBUGINFOD_URLS=https://debuginfod.ubuntu.com PYTHONPATH=/home/thomas/MobileRobot/ws_new/build/navigation/prefix_override:/usr/lib/python3/dist-packages/colcon_core/task/python/colcon_distutils_commands:/home/thomas/MobileRobot/ws_new/install/navigation/lib/python3.12/site-packages:${PYTHONPATH} /usr/bin/python3 -W ignore:setup.py install is deprecated -W ignore:easy_install command is deprecated setup.py egg_info --egg-base ../../build/navigation build --build-base /home/thomas/MobileRobot/ws_new/build/navigation/build install --record /home/thomas/MobileRobot/ws_new/build/navigation/install.log --single-version-externally-managed install_data
[4.457s] Level 1:colcon.colcon_core.environment:checking '/home/thomas/MobileRobot/ws_new/install/navigation' for CMake config files
[4.457s] Level 1:colcon.colcon_core.environment:checking '/home/thomas/MobileRobot/ws_new/install/navigation/lib'
[4.458s] Level 1:colcon.colcon_core.environment:checking '/home/thomas/MobileRobot/ws_new/install/navigation/bin'
[4.458s] Level 1:colcon.colcon_core.environment:checking '/home/thomas/MobileRobot/ws_new/install/navigation/lib/pkgconfig/navigation.pc'
[4.458s] Level 1:colcon.colcon_core.environment:checking '/home/thomas/MobileRobot/ws_new/install/navigation/lib/python3.12/site-packages'
[4.458s] Level 1:colcon.colcon_core.shell:create_environment_hook('navigation', 'pythonpath')
[4.458s] INFO:colcon.colcon_core.shell:Creating environment hook '/home/thomas/MobileRobot/ws_new/install/navigation/share/navigation/hook/pythonpath.ps1'
[4.459s] INFO:colcon.colcon_core.shell:Creating environment descriptor '/home/thomas/MobileRobot/ws_new/install/navigation/share/navigation/hook/pythonpath.dsv'
[4.459s] INFO:colcon.colcon_core.shell:Creating environment hook '/home/thomas/MobileRobot/ws_new/install/navigation/share/navigation/hook/pythonpath.sh'
[4.460s] Level 1:colcon.colcon_core.environment:checking '/home/thomas/MobileRobot/ws_new/install/navigation/bin'
[4.460s] Level 1:colcon.colcon_core.environment:create_environment_scripts_only(navigation)
[4.461s] INFO:colcon.colcon_core.shell:Creating package script '/home/thomas/MobileRobot/ws_new/install/navigation/share/navigation/package.ps1'
[4.461s] INFO:colcon.colcon_core.shell:Creating package descriptor '/home/thomas/MobileRobot/ws_new/install/navigation/share/navigation/package.dsv'
[4.462s] INFO:colcon.colcon_core.shell:Creating package script '/home/thomas/MobileRobot/ws_new/install/navigation/share/navigation/package.sh'
[4.462s] INFO:colcon.colcon_core.shell:Creating package script '/home/thomas/MobileRobot/ws_new/install/navigation/share/navigation/package.bash'
[4.463s] INFO:colcon.colcon_core.shell:Creating package script '/home/thomas/MobileRobot/ws_new/install/navigation/share/navigation/package.zsh'
[4.463s] Level 1:colcon.colcon_core.environment:create_file_with_runtime_dependencies(/home/thomas/MobileRobot/ws_new/install/navigation/share/colcon-core/packages/navigation)
[4.480s] Level 1:colcon.colcon_core.environment:checking '/home/thomas/MobileRobot/ws_new/install/publisher_subscriber' for CMake module files
[4.481s] DEBUG:colcon.colcon_core.event_handler.log_command:Invoked command in '/home/thomas/MobileRobot/ws_new/src/publisher_subscriber' returned '0': DEBUGINFOD_URLS=https://debuginfod.ubuntu.com PYTHONPATH=/home/thomas/MobileRobot/ws_new/build/publisher_subscriber/prefix_override:/usr/lib/python3/dist-packages/colcon_core/task/python/colcon_distutils_commands:/home/thomas/MobileRobot/ws_new/install/publisher_subscriber/lib/python3.12/site-packages:${PYTHONPATH} /usr/bin/python3 -W ignore:setup.py install is deprecated -W ignore:easy_install command is deprecated setup.py egg_info --egg-base ../../build/publisher_subscriber build --build-base /home/thomas/MobileRobot/ws_new/build/publisher_subscriber/build install --record /home/thomas/MobileRobot/ws_new/build/publisher_subscriber/install.log --single-version-externally-managed install_data
[4.482s] Level 1:colcon.colcon_core.environment:checking '/home/thomas/MobileRobot/ws_new/install/publisher_subscriber' for CMake config files
[4.483s] Level 1:colcon.colcon_core.environment:checking '/home/thomas/MobileRobot/ws_new/install/publisher_subscriber/lib'
[4.483s] Level 1:colcon.colcon_core.environment:checking '/home/thomas/MobileRobot/ws_new/install/publisher_subscriber/bin'
[4.483s] Level 1:colcon.colcon_core.environment:checking '/home/thomas/MobileRobot/ws_new/install/publisher_subscriber/lib/pkgconfig/publisher_subscriber.pc'
[4.483s] Level 1:colcon.colcon_core.environment:checking '/home/thomas/MobileRobot/ws_new/install/publisher_subscriber/lib/python3.12/site-packages'
[4.484s] Level 1:colcon.colcon_core.shell:create_environment_hook('publisher_subscriber', 'pythonpath')
[4.484s] INFO:colcon.colcon_core.shell:Creating environment hook '/home/thomas/MobileRobot/ws_new/install/publisher_subscriber/share/publisher_subscriber/hook/pythonpath.ps1'
[4.485s] INFO:colcon.colcon_core.shell:Creating environment descriptor '/home/thomas/MobileRobot/ws_new/install/publisher_subscriber/share/publisher_subscriber/hook/pythonpath.dsv'
[4.485s] INFO:colcon.colcon_core.shell:Creating environment hook '/home/thomas/MobileRobot/ws_new/install/publisher_subscriber/share/publisher_subscriber/hook/pythonpath.sh'
[4.486s] Level 1:colcon.colcon_core.environment:checking '/home/thomas/MobileRobot/ws_new/install/publisher_subscriber/bin'
[4.486s] Level 1:colcon.colcon_core.environment:create_environment_scripts_only(publisher_subscriber)
[4.487s] INFO:colcon.colcon_core.shell:Creating package script '/home/thomas/MobileRobot/ws_new/install/publisher_subscriber/share/publisher_subscriber/package.ps1'
[4.488s] INFO:colcon.colcon_core.shell:Creating package descriptor '/home/thomas/MobileRobot/ws_new/install/publisher_subscriber/share/publisher_subscriber/package.dsv'
[4.488s] INFO:colcon.colcon_core.shell:Creating package script '/home/thomas/MobileRobot/ws_new/install/publisher_subscriber/share/publisher_subscriber/package.sh'
[4.489s] INFO:colcon.colcon_core.shell:Creating package script '/home/thomas/MobileRobot/ws_new/install/publisher_subscriber/share/publisher_subscriber/package.bash'
[4.490s] INFO:colcon.colcon_core.shell:Creating package script '/home/thomas/MobileRobot/ws_new/install/publisher_subscriber/share/publisher_subscriber/package.zsh'
[4.490s] Level 1:colcon.colcon_core.environment:create_file_with_runtime_dependencies(/home/thomas/MobileRobot/ws_new/install/publisher_subscriber/share/colcon-core/packages/publisher_subscriber)
[4.490s] DEBUG:colcon.colcon_parallel_executor.executor.parallel:closing loop
[4.491s] DEBUG:colcon.colcon_parallel_executor.executor.parallel:loop closed
[4.491s] DEBUG:colcon.colcon_parallel_executor.executor.parallel:run_until_complete finished with '0'
[4.491s] DEBUG:colcon.colcon_core.event_reactor:joining thread
[4.502s] INFO:colcon.colcon_core.plugin_system:Skipping extension 'colcon_notification.desktop_notification.terminal_notifier': Not used on non-Darwin systems
[4.502s] INFO:colcon.colcon_core.plugin_system:Skipping extension 'colcon_notification.desktop_notification.win32': Not used on non-Windows systems
[4.502s] INFO:colcon.colcon_notification.desktop_notification:Sending desktop notification using 'notify2'
[4.518s] DEBUG:colcon.colcon_core.event_reactor:joined thread
[4.519s] INFO:colcon.colcon_core.shell:Creating prefix script '/home/thomas/MobileRobot/ws_new/install/local_setup.ps1'
[4.520s] INFO:colcon.colcon_core.shell:Creating prefix util module '/home/thomas/MobileRobot/ws_new/install/_local_setup_util_ps1.py'
[4.522s] INFO:colcon.colcon_core.shell:Creating prefix chain script '/home/thomas/MobileRobot/ws_new/install/setup.ps1'
[4.523s] INFO:colcon.colcon_core.shell:Creating prefix script '/home/thomas/MobileRobot/ws_new/install/local_setup.sh'
[4.524s] INFO:colcon.colcon_core.shell:Creating prefix util module '/home/thomas/MobileRobot/ws_new/install/_local_setup_util_sh.py'
[4.525s] INFO:colcon.colcon_core.shell:Creating prefix chain script '/home/thomas/MobileRobot/ws_new/install/setup.sh'
[4.526s] INFO:colcon.colcon_core.shell:Creating prefix script '/home/thomas/MobileRobot/ws_new/install/local_setup.bash'
[4.527s] INFO:colcon.colcon_core.shell:Creating prefix chain script '/home/thomas/MobileRobot/ws_new/install/setup.bash'
[4.529s] INFO:colcon.colcon_core.shell:Creating prefix script '/home/thomas/MobileRobot/ws_new/install/local_setup.zsh'
[4.530s] INFO:colcon.colcon_core.shell:Creating prefix chain script '/home/thomas/MobileRobot/ws_new/install/setup.zsh'
