[0.194s] Invoking command in '/home/thomas/MobileRobot/ws_new/build/nav_2d_msgs': AMENT_PREFIX_PATH=/home/thomas/MobileRobot/ws_new/install/geometry_msgs:/home/thomas/MobileRobot/ws_new/install/std_msgs:${AMENT_PREFIX_PATH} CMAKE_PREFIX_PATH=/home/thomas/MobileRobot/ws_new/install/geometry_msgs:/home/thomas/MobileRobot/ws_new/install/std_msgs:/opt/ros/jazzy/opt/gz_sim_vendor:/opt/ros/jazzy/opt/gz_sensors_vendor:/opt/ros/jazzy/opt/gz_physics_vendor:/opt/ros/jazzy/opt/sdformat_vendor:/opt/ros/jazzy/opt/gz_gui_vendor:/opt/ros/jazzy/opt/gz_transport_vendor:/opt/ros/jazzy/opt/gz_rendering_vendor:/opt/ros/jazzy/opt/gz_plugin_vendor:/opt/ros/jazzy/opt/gz_fuel_tools_vendor:/opt/ros/jazzy/opt/gz_msgs_vendor:/opt/ros/jazzy/opt/gz_common_vendor:/opt/ros/jazzy/opt/gz_math_vendor:/opt/ros/jazzy/opt/gz_utils_vendor:/opt/ros/jazzy/opt/gz_tools_vendor:/opt/ros/jazzy/opt/gz_ogre_next_vendor:/opt/ros/jazzy/opt/gz_dartsim_vendor:/opt/ros/jazzy/opt/gz_cmake_vendor:/home/thomas/dev_ws/install/basic_mobile_robot:/opt/ros/jazzy DEBUGINFOD_URLS=https://debuginfod.ubuntu.com LD_LIBRARY_PATH=/home/thomas/MobileRobot/ws_new/install/geometry_msgs/lib:/home/thomas/MobileRobot/ws_new/install/std_msgs/lib:${LD_LIBRARY_PATH} PYTHONPATH=/home/thomas/MobileRobot/ws_new/install/geometry_msgs/lib/python3.12/site-packages:/home/thomas/MobileRobot/ws_new/install/std_msgs/lib/python3.12/site-packages:${PYTHONPATH} /usr/bin/cmake --build /home/thomas/MobileRobot/ws_new/build/nav_2d_msgs -- -j8 -l8
[1.732s] [  1%] Built target nav_2d_msgs__rosidl_generator_type_description
[2.055s] [  2%] Built target nav_2d_msgs__cpp
[2.184s] [ 26%] Built target nav_2d_msgs__rosidl_generator_c
[2.555s] [ 35%] Built target nav_2d_msgs__rosidl_typesupport_c
[2.603s] [ 45%] Built target nav_2d_msgs__rosidl_typesupport_introspection_cpp
[2.605s] [ 54%] Built target nav_2d_msgs__rosidl_typesupport_fastrtps_cpp
[2.780s] [ 54%] Built target ament_cmake_python_copy_nav_2d_msgs
[2.882s] [ 64%] Built target nav_2d_msgs__rosidl_typesupport_cpp
[2.888s] [ 73%] Built target nav_2d_msgs__rosidl_typesupport_fastrtps_c
[3.525s] [ 83%] Built target nav_2d_msgs__rosidl_typesupport_introspection_c
[3.581s] [ 83%] Built target nav_2d_msgs
[4.139s] [ 84%] Built target nav_2d_msgs__py
[4.206s] running egg_info
[4.242s] writing nav_2d_msgs.egg-info/PKG-INFO
[4.243s] writing dependency_links to nav_2d_msgs.egg-info/dependency_links.txt
[4.243s] writing top-level names to nav_2d_msgs.egg-info/top_level.txt
[4.354s] reading manifest file 'nav_2d_msgs.egg-info/SOURCES.txt'
[4.355s] writing manifest file 'nav_2d_msgs.egg-info/SOURCES.txt'
[4.393s] [ 84%] Built target ament_cmake_python_build_nav_2d_msgs_egg
[4.776s] [ 92%] Built target nav_2d_msgs__rosidl_generator_py
[5.084s] [ 95%] Built target nav_2d_msgs_s__rosidl_typesupport_introspection_c
[5.088s] [ 97%] Built target nav_2d_msgs_s__rosidl_typesupport_fastrtps_c
[5.150s] [100%] Built target nav_2d_msgs_s__rosidl_typesupport_c
[5.171s] Invoked command in '/home/thomas/MobileRobot/ws_new/build/nav_2d_msgs' returned '0': AMENT_PREFIX_PATH=/home/thomas/MobileRobot/ws_new/install/geometry_msgs:/home/thomas/MobileRobot/ws_new/install/std_msgs:${AMENT_PREFIX_PATH} CMAKE_PREFIX_PATH=/home/thomas/MobileRobot/ws_new/install/geometry_msgs:/home/thomas/MobileRobot/ws_new/install/std_msgs:/opt/ros/jazzy/opt/gz_sim_vendor:/opt/ros/jazzy/opt/gz_sensors_vendor:/opt/ros/jazzy/opt/gz_physics_vendor:/opt/ros/jazzy/opt/sdformat_vendor:/opt/ros/jazzy/opt/gz_gui_vendor:/opt/ros/jazzy/opt/gz_transport_vendor:/opt/ros/jazzy/opt/gz_rendering_vendor:/opt/ros/jazzy/opt/gz_plugin_vendor:/opt/ros/jazzy/opt/gz_fuel_tools_vendor:/opt/ros/jazzy/opt/gz_msgs_vendor:/opt/ros/jazzy/opt/gz_common_vendor:/opt/ros/jazzy/opt/gz_math_vendor:/opt/ros/jazzy/opt/gz_utils_vendor:/opt/ros/jazzy/opt/gz_tools_vendor:/opt/ros/jazzy/opt/gz_ogre_next_vendor:/opt/ros/jazzy/opt/gz_dartsim_vendor:/opt/ros/jazzy/opt/gz_cmake_vendor:/home/thomas/dev_ws/install/basic_mobile_robot:/opt/ros/jazzy DEBUGINFOD_URLS=https://debuginfod.ubuntu.com LD_LIBRARY_PATH=/home/thomas/MobileRobot/ws_new/install/geometry_msgs/lib:/home/thomas/MobileRobot/ws_new/install/std_msgs/lib:${LD_LIBRARY_PATH} PYTHONPATH=/home/thomas/MobileRobot/ws_new/install/geometry_msgs/lib/python3.12/site-packages:/home/thomas/MobileRobot/ws_new/install/std_msgs/lib/python3.12/site-packages:${PYTHONPATH} /usr/bin/cmake --build /home/thomas/MobileRobot/ws_new/build/nav_2d_msgs -- -j8 -l8
[5.244s] Invoking command in '/home/thomas/MobileRobot/ws_new/build/nav_2d_msgs': AMENT_PREFIX_PATH=/home/thomas/MobileRobot/ws_new/install/geometry_msgs:/home/thomas/MobileRobot/ws_new/install/std_msgs:${AMENT_PREFIX_PATH} CMAKE_PREFIX_PATH=/home/thomas/MobileRobot/ws_new/install/geometry_msgs:/home/thomas/MobileRobot/ws_new/install/std_msgs:/opt/ros/jazzy/opt/gz_sim_vendor:/opt/ros/jazzy/opt/gz_sensors_vendor:/opt/ros/jazzy/opt/gz_physics_vendor:/opt/ros/jazzy/opt/sdformat_vendor:/opt/ros/jazzy/opt/gz_gui_vendor:/opt/ros/jazzy/opt/gz_transport_vendor:/opt/ros/jazzy/opt/gz_rendering_vendor:/opt/ros/jazzy/opt/gz_plugin_vendor:/opt/ros/jazzy/opt/gz_fuel_tools_vendor:/opt/ros/jazzy/opt/gz_msgs_vendor:/opt/ros/jazzy/opt/gz_common_vendor:/opt/ros/jazzy/opt/gz_math_vendor:/opt/ros/jazzy/opt/gz_utils_vendor:/opt/ros/jazzy/opt/gz_tools_vendor:/opt/ros/jazzy/opt/gz_ogre_next_vendor:/opt/ros/jazzy/opt/gz_dartsim_vendor:/opt/ros/jazzy/opt/gz_cmake_vendor:/home/thomas/dev_ws/install/basic_mobile_robot:/opt/ros/jazzy DEBUGINFOD_URLS=https://debuginfod.ubuntu.com LD_LIBRARY_PATH=/home/thomas/MobileRobot/ws_new/install/geometry_msgs/lib:/home/thomas/MobileRobot/ws_new/install/std_msgs/lib:${LD_LIBRARY_PATH} PYTHONPATH=/home/thomas/MobileRobot/ws_new/install/geometry_msgs/lib/python3.12/site-packages:/home/thomas/MobileRobot/ws_new/install/std_msgs/lib/python3.12/site-packages:${PYTHONPATH} /usr/bin/cmake --install /home/thomas/MobileRobot/ws_new/build/nav_2d_msgs
[5.290s] -- Install configuration: ""
[5.315s] -- Up-to-date: /home/thomas/MobileRobot/ws_new/install/nav_2d_msgs/share/ament_index/resource_index/rosidl_interfaces/nav_2d_msgs
[5.334s] -- Up-to-date: /home/thomas/MobileRobot/ws_new/install/nav_2d_msgs/share/nav_2d_msgs/msg/Path2D.json
[5.334s] -- Up-to-date: /home/thomas/MobileRobot/ws_new/install/nav_2d_msgs/share/nav_2d_msgs/msg/Pose2D32.json
[5.334s] -- Up-to-date: /home/thomas/MobileRobot/ws_new/install/nav_2d_msgs/share/nav_2d_msgs/msg/Pose2DStamped.json
[5.334s] -- Up-to-date: /home/thomas/MobileRobot/ws_new/install/nav_2d_msgs/share/nav_2d_msgs/msg/Twist2D.json
[5.335s] -- Up-to-date: /home/thomas/MobileRobot/ws_new/install/nav_2d_msgs/share/nav_2d_msgs/msg/Twist2D32.json
[5.335s] -- Up-to-date: /home/thomas/MobileRobot/ws_new/install/nav_2d_msgs/share/nav_2d_msgs/msg/Twist2DStamped.json
[5.335s] -- Up-to-date: /home/thomas/MobileRobot/ws_new/install/nav_2d_msgs/include/nav_2d_msgs/nav_2d_msgs
[5.335s] -- Up-to-date: /home/thomas/MobileRobot/ws_new/install/nav_2d_msgs/include/nav_2d_msgs/nav_2d_msgs/msg
[5.335s] -- Up-to-date: /home/thomas/MobileRobot/ws_new/install/nav_2d_msgs/include/nav_2d_msgs/nav_2d_msgs/msg/detail
[5.351s] -- Up-to-date: /home/thomas/MobileRobot/ws_new/install/nav_2d_msgs/include/nav_2d_msgs/nav_2d_msgs/msg/detail/path2_d__description.c
[5.352s] -- Up-to-date: /home/thomas/MobileRobot/ws_new/install/nav_2d_msgs/include/nav_2d_msgs/nav_2d_msgs/msg/detail/twist2_d__description.c
[5.353s] -- Up-to-date: /home/thomas/MobileRobot/ws_new/install/nav_2d_msgs/include/nav_2d_msgs/nav_2d_msgs/msg/detail/pose2_d32__struct.h
[5.353s] -- Up-to-date: /home/thomas/MobileRobot/ws_new/install/nav_2d_msgs/include/nav_2d_msgs/nav_2d_msgs/msg/detail/path2_d__struct.h
[5.354s] -- Up-to-date: /home/thomas/MobileRobot/ws_new/install/nav_2d_msgs/include/nav_2d_msgs/nav_2d_msgs/msg/detail/pose2_d_stamped__description.c
[5.355s] -- Up-to-date: /home/thomas/MobileRobot/ws_new/install/nav_2d_msgs/include/nav_2d_msgs/nav_2d_msgs/msg/detail/twist2_d32__description.c
[5.355s] -- Up-to-date: /home/thomas/MobileRobot/ws_new/install/nav_2d_msgs/include/nav_2d_msgs/nav_2d_msgs/msg/detail/pose2_d_stamped__type_support.h
[5.356s] -- Up-to-date: /home/thomas/MobileRobot/ws_new/install/nav_2d_msgs/include/nav_2d_msgs/nav_2d_msgs/msg/detail/pose2_d32__description.c
[5.356s] -- Up-to-date: /home/thomas/MobileRobot/ws_new/install/nav_2d_msgs/include/nav_2d_msgs/nav_2d_msgs/msg/detail/twist2_d32__functions.c
[5.357s] -- Up-to-date: /home/thomas/MobileRobot/ws_new/install/nav_2d_msgs/include/nav_2d_msgs/nav_2d_msgs/msg/detail/twist2_d32__struct.h
[5.357s] -- Up-to-date: /home/thomas/MobileRobot/ws_new/install/nav_2d_msgs/include/nav_2d_msgs/nav_2d_msgs/msg/detail/pose2_d_stamped__functions.c
[5.358s] -- Up-to-date: /home/thomas/MobileRobot/ws_new/install/nav_2d_msgs/include/nav_2d_msgs/nav_2d_msgs/msg/detail/pose2_d32__type_support.h
[5.358s] -- Up-to-date: /home/thomas/MobileRobot/ws_new/install/nav_2d_msgs/include/nav_2d_msgs/nav_2d_msgs/msg/detail/twist2_d_stamped__functions.c
[5.359s] -- Up-to-date: /home/thomas/MobileRobot/ws_new/install/nav_2d_msgs/include/nav_2d_msgs/nav_2d_msgs/msg/detail/pose2_d32__functions.c
[5.359s] -- Installing: /home/thomas/MobileRobot/ws_new/install/nav_2d_msgs/include/nav_2d_msgs/nav_2d_msgs/msg/detail/twist2_d32__type_support.c
[5.452s] -- Up-to-date: /home/thomas/MobileRobot/ws_new/install/nav_2d_msgs/include/nav_2d_msgs/nav_2d_msgs/msg/detail/twist2_d32__type_support.h
[5.453s] -- Up-to-date: /home/thomas/MobileRobot/ws_new/install/nav_2d_msgs/include/nav_2d_msgs/nav_2d_msgs/msg/detail/path2_d__functions.h
[5.453s] -- Up-to-date: /home/thomas/MobileRobot/ws_new/install/nav_2d_msgs/include/nav_2d_msgs/nav_2d_msgs/msg/detail/twist2_d__functions.h
[5.453s] -- Installing: /home/thomas/MobileRobot/ws_new/install/nav_2d_msgs/include/nav_2d_msgs/nav_2d_msgs/msg/detail/twist2_d_stamped__type_support.c
[5.453s] -- Installing: /home/thomas/MobileRobot/ws_new/install/nav_2d_msgs/include/nav_2d_msgs/nav_2d_msgs/msg/detail/path2_d__type_support.c
[5.453s] -- Up-to-date: /home/thomas/MobileRobot/ws_new/install/nav_2d_msgs/include/nav_2d_msgs/nav_2d_msgs/msg/detail/twist2_d__struct.h
[5.454s] -- Up-to-date: /home/thomas/MobileRobot/ws_new/install/nav_2d_msgs/include/nav_2d_msgs/nav_2d_msgs/msg/detail/path2_d__functions.c
[5.454s] -- Installing: /home/thomas/MobileRobot/ws_new/install/nav_2d_msgs/include/nav_2d_msgs/nav_2d_msgs/msg/detail/pose2_d32__type_support.c
[5.454s] -- Up-to-date: /home/thomas/MobileRobot/ws_new/install/nav_2d_msgs/include/nav_2d_msgs/nav_2d_msgs/msg/detail/path2_d__type_support.h
[5.455s] -- Up-to-date: /home/thomas/MobileRobot/ws_new/install/nav_2d_msgs/include/nav_2d_msgs/nav_2d_msgs/msg/detail/pose2_d32__functions.h
[5.455s] -- Up-to-date: /home/thomas/MobileRobot/ws_new/install/nav_2d_msgs/include/nav_2d_msgs/nav_2d_msgs/msg/detail/twist2_d__functions.c
[5.455s] -- Up-to-date: /home/thomas/MobileRobot/ws_new/install/nav_2d_msgs/include/nav_2d_msgs/nav_2d_msgs/msg/detail/twist2_d__type_support.h
[5.455s] -- Up-to-date: /home/thomas/MobileRobot/ws_new/install/nav_2d_msgs/include/nav_2d_msgs/nav_2d_msgs/msg/detail/twist2_d_stamped__struct.h
[5.455s] -- Up-to-date: /home/thomas/MobileRobot/ws_new/install/nav_2d_msgs/include/nav_2d_msgs/nav_2d_msgs/msg/detail/twist2_d_stamped__functions.h
[5.456s] -- Up-to-date: /home/thomas/MobileRobot/ws_new/install/nav_2d_msgs/include/nav_2d_msgs/nav_2d_msgs/msg/detail/twist2_d32__functions.h
[5.456s] -- Up-to-date: /home/thomas/MobileRobot/ws_new/install/nav_2d_msgs/include/nav_2d_msgs/nav_2d_msgs/msg/detail/pose2_d_stamped__functions.h
[5.456s] -- Installing: /home/thomas/MobileRobot/ws_new/install/nav_2d_msgs/include/nav_2d_msgs/nav_2d_msgs/msg/detail/twist2_d__type_support.c
[5.456s] -- Up-to-date: /home/thomas/MobileRobot/ws_new/install/nav_2d_msgs/include/nav_2d_msgs/nav_2d_msgs/msg/detail/pose2_d_stamped__struct.h
[5.457s] -- Up-to-date: /home/thomas/MobileRobot/ws_new/install/nav_2d_msgs/include/nav_2d_msgs/nav_2d_msgs/msg/detail/twist2_d_stamped__description.c
[5.457s] -- Installing: /home/thomas/MobileRobot/ws_new/install/nav_2d_msgs/include/nav_2d_msgs/nav_2d_msgs/msg/detail/pose2_d_stamped__type_support.c
[5.468s] -- Up-to-date: /home/thomas/MobileRobot/ws_new/install/nav_2d_msgs/include/nav_2d_msgs/nav_2d_msgs/msg/detail/twist2_d_stamped__type_support.h
[5.468s] -- Up-to-date: /home/thomas/MobileRobot/ws_new/install/nav_2d_msgs/include/nav_2d_msgs/nav_2d_msgs/msg/path2_d.h
[5.468s] -- Up-to-date: /home/thomas/MobileRobot/ws_new/install/nav_2d_msgs/include/nav_2d_msgs/nav_2d_msgs/msg/pose2_d32.h
[5.468s] -- Up-to-date: /home/thomas/MobileRobot/ws_new/install/nav_2d_msgs/include/nav_2d_msgs/nav_2d_msgs/msg/twist2_d_stamped.h
[5.468s] -- Up-to-date: /home/thomas/MobileRobot/ws_new/install/nav_2d_msgs/include/nav_2d_msgs/nav_2d_msgs/msg/twist2_d.h
[5.469s] -- Up-to-date: /home/thomas/MobileRobot/ws_new/install/nav_2d_msgs/include/nav_2d_msgs/nav_2d_msgs/msg/rosidl_generator_c__visibility_control.h
[5.469s] -- Up-to-date: /home/thomas/MobileRobot/ws_new/install/nav_2d_msgs/include/nav_2d_msgs/nav_2d_msgs/msg/twist2_d32.h
[5.469s] -- Up-to-date: /home/thomas/MobileRobot/ws_new/install/nav_2d_msgs/include/nav_2d_msgs/nav_2d_msgs/msg/pose2_d_stamped.h
[5.469s] -- Up-to-date: /home/thomas/MobileRobot/ws_new/install/nav_2d_msgs/share/nav_2d_msgs/environment/library_path.sh
[5.469s] -- Up-to-date: /home/thomas/MobileRobot/ws_new/install/nav_2d_msgs/share/nav_2d_msgs/environment/library_path.dsv
[5.501s] -- Up-to-date: /home/thomas/MobileRobot/ws_new/install/nav_2d_msgs/lib/libnav_2d_msgs__rosidl_generator_c.so
[5.503s] -- Up-to-date: /home/thomas/MobileRobot/ws_new/install/nav_2d_msgs/include/nav_2d_msgs/nav_2d_msgs
[5.504s] -- Up-to-date: /home/thomas/MobileRobot/ws_new/install/nav_2d_msgs/include/nav_2d_msgs/nav_2d_msgs/msg
[5.504s] -- Up-to-date: /home/thomas/MobileRobot/ws_new/install/nav_2d_msgs/include/nav_2d_msgs/nav_2d_msgs/msg/detail
[5.505s] -- Up-to-date: /home/thomas/MobileRobot/ws_new/install/nav_2d_msgs/include/nav_2d_msgs/nav_2d_msgs/msg/detail/twist2_d_stamped__rosidl_typesupport_fastrtps_c.h
[5.505s] -- Up-to-date: /home/thomas/MobileRobot/ws_new/install/nav_2d_msgs/include/nav_2d_msgs/nav_2d_msgs/msg/detail/pose2_d32__rosidl_typesupport_fastrtps_c.h
[5.505s] -- Up-to-date: /home/thomas/MobileRobot/ws_new/install/nav_2d_msgs/include/nav_2d_msgs/nav_2d_msgs/msg/detail/twist2_d32__rosidl_typesupport_fastrtps_c.h
[5.506s] -- Up-to-date: /home/thomas/MobileRobot/ws_new/install/nav_2d_msgs/include/nav_2d_msgs/nav_2d_msgs/msg/detail/path2_d__rosidl_typesupport_fastrtps_c.h
[5.506s] -- Up-to-date: /home/thomas/MobileRobot/ws_new/install/nav_2d_msgs/include/nav_2d_msgs/nav_2d_msgs/msg/detail/pose2_d_stamped__rosidl_typesupport_fastrtps_c.h
[5.506s] -- Up-to-date: /home/thomas/MobileRobot/ws_new/install/nav_2d_msgs/include/nav_2d_msgs/nav_2d_msgs/msg/detail/twist2_d__rosidl_typesupport_fastrtps_c.h
[5.506s] -- Up-to-date: /home/thomas/MobileRobot/ws_new/install/nav_2d_msgs/include/nav_2d_msgs/nav_2d_msgs/msg/rosidl_typesupport_fastrtps_c__visibility_control.h
[5.554s] -- Up-to-date: /home/thomas/MobileRobot/ws_new/install/nav_2d_msgs/lib/libnav_2d_msgs__rosidl_typesupport_fastrtps_c.so
[5.554s] -- Up-to-date: /home/thomas/MobileRobot/ws_new/install/nav_2d_msgs/include/nav_2d_msgs/nav_2d_msgs
[5.555s] -- Up-to-date: /home/thomas/MobileRobot/ws_new/install/nav_2d_msgs/include/nav_2d_msgs/nav_2d_msgs/msg
[5.556s] -- Up-to-date: /home/thomas/MobileRobot/ws_new/install/nav_2d_msgs/include/nav_2d_msgs/nav_2d_msgs/msg/detail
[5.556s] -- Up-to-date: /home/thomas/MobileRobot/ws_new/install/nav_2d_msgs/include/nav_2d_msgs/nav_2d_msgs/msg/detail/twist2_d_stamped__type_support.hpp
[5.557s] -- Up-to-date: /home/thomas/MobileRobot/ws_new/install/nav_2d_msgs/include/nav_2d_msgs/nav_2d_msgs/msg/detail/path2_d__traits.hpp
[5.557s] -- Up-to-date: /home/thomas/MobileRobot/ws_new/install/nav_2d_msgs/include/nav_2d_msgs/nav_2d_msgs/msg/detail/twist2_d_stamped__builder.hpp
[5.558s] -- Up-to-date: /home/thomas/MobileRobot/ws_new/install/nav_2d_msgs/include/nav_2d_msgs/nav_2d_msgs/msg/detail/twist2_d_stamped__traits.hpp
[5.558s] -- Up-to-date: /home/thomas/MobileRobot/ws_new/install/nav_2d_msgs/include/nav_2d_msgs/nav_2d_msgs/msg/detail/pose2_d32__type_support.hpp
[5.558s] -- Up-to-date: /home/thomas/MobileRobot/ws_new/install/nav_2d_msgs/include/nav_2d_msgs/nav_2d_msgs/msg/detail/twist2_d32__builder.hpp
[5.560s] -- Up-to-date: /home/thomas/MobileRobot/ws_new/install/nav_2d_msgs/include/nav_2d_msgs/nav_2d_msgs/msg/detail/path2_d__builder.hpp
[5.561s] -- Up-to-date: /home/thomas/MobileRobot/ws_new/install/nav_2d_msgs/include/nav_2d_msgs/nav_2d_msgs/msg/detail/twist2_d_stamped__struct.hpp
[5.561s] -- Up-to-date: /home/thomas/MobileRobot/ws_new/install/nav_2d_msgs/include/nav_2d_msgs/nav_2d_msgs/msg/detail/path2_d__type_support.hpp
[5.562s] -- Up-to-date: /home/thomas/MobileRobot/ws_new/install/nav_2d_msgs/include/nav_2d_msgs/nav_2d_msgs/msg/detail/pose2_d32__struct.hpp
[5.562s] -- Up-to-date: /home/thomas/MobileRobot/ws_new/install/nav_2d_msgs/include/nav_2d_msgs/nav_2d_msgs/msg/detail/twist2_d__struct.hpp
[5.562s] -- Up-to-date: /home/thomas/MobileRobot/ws_new/install/nav_2d_msgs/include/nav_2d_msgs/nav_2d_msgs/msg/detail/path2_d__struct.hpp
[5.563s] -- Up-to-date: /home/thomas/MobileRobot/ws_new/install/nav_2d_msgs/include/nav_2d_msgs/nav_2d_msgs/msg/detail/twist2_d__builder.hpp
[5.563s] -- Up-to-date: /home/thomas/MobileRobot/ws_new/install/nav_2d_msgs/include/nav_2d_msgs/nav_2d_msgs/msg/detail/pose2_d_stamped__struct.hpp
[5.564s] -- Up-to-date: /home/thomas/MobileRobot/ws_new/install/nav_2d_msgs/include/nav_2d_msgs/nav_2d_msgs/msg/detail/twist2_d32__type_support.hpp
[5.564s] -- Up-to-date: /home/thomas/MobileRobot/ws_new/install/nav_2d_msgs/include/nav_2d_msgs/nav_2d_msgs/msg/detail/twist2_d32__traits.hpp
[5.564s] -- Up-to-date: /home/thomas/MobileRobot/ws_new/install/nav_2d_msgs/include/nav_2d_msgs/nav_2d_msgs/msg/detail/pose2_d_stamped__builder.hpp
[5.565s] -- Up-to-date: /home/thomas/MobileRobot/ws_new/install/nav_2d_msgs/include/nav_2d_msgs/nav_2d_msgs/msg/detail/pose2_d_stamped__type_support.hpp
[5.565s] -- Up-to-date: /home/thomas/MobileRobot/ws_new/install/nav_2d_msgs/include/nav_2d_msgs/nav_2d_msgs/msg/detail/twist2_d__type_support.hpp
[5.566s] -- Up-to-date: /home/thomas/MobileRobot/ws_new/install/nav_2d_msgs/include/nav_2d_msgs/nav_2d_msgs/msg/detail/twist2_d32__struct.hpp
[5.566s] -- Up-to-date: /home/thomas/MobileRobot/ws_new/install/nav_2d_msgs/include/nav_2d_msgs/nav_2d_msgs/msg/detail/twist2_d__traits.hpp
[5.566s] -- Up-to-date: /home/thomas/MobileRobot/ws_new/install/nav_2d_msgs/include/nav_2d_msgs/nav_2d_msgs/msg/detail/pose2_d32__builder.hpp
[5.567s] -- Up-to-date: /home/thomas/MobileRobot/ws_new/install/nav_2d_msgs/include/nav_2d_msgs/nav_2d_msgs/msg/detail/pose2_d32__traits.hpp
[5.567s] -- Up-to-date: /home/thomas/MobileRobot/ws_new/install/nav_2d_msgs/include/nav_2d_msgs/nav_2d_msgs/msg/detail/pose2_d_stamped__traits.hpp
[5.567s] -- Up-to-date: /home/thomas/MobileRobot/ws_new/install/nav_2d_msgs/include/nav_2d_msgs/nav_2d_msgs/msg/twist2_d.hpp
[5.568s] -- Up-to-date: /home/thomas/MobileRobot/ws_new/install/nav_2d_msgs/include/nav_2d_msgs/nav_2d_msgs/msg/twist2_d32.hpp
[5.568s] -- Up-to-date: /home/thomas/MobileRobot/ws_new/install/nav_2d_msgs/include/nav_2d_msgs/nav_2d_msgs/msg/pose2_d32.hpp
[5.569s] -- Up-to-date: /home/thomas/MobileRobot/ws_new/install/nav_2d_msgs/include/nav_2d_msgs/nav_2d_msgs/msg/pose2_d_stamped.hpp
[5.569s] -- Up-to-date: /home/thomas/MobileRobot/ws_new/install/nav_2d_msgs/include/nav_2d_msgs/nav_2d_msgs/msg/twist2_d_stamped.hpp
[5.570s] -- Up-to-date: /home/thomas/MobileRobot/ws_new/install/nav_2d_msgs/include/nav_2d_msgs/nav_2d_msgs/msg/path2_d.hpp
[5.570s] -- Up-to-date: /home/thomas/MobileRobot/ws_new/install/nav_2d_msgs/include/nav_2d_msgs/nav_2d_msgs/msg/rosidl_generator_cpp__visibility_control.hpp
[5.571s] -- Up-to-date: /home/thomas/MobileRobot/ws_new/install/nav_2d_msgs/include/nav_2d_msgs/nav_2d_msgs
[5.572s] -- Up-to-date: /home/thomas/MobileRobot/ws_new/install/nav_2d_msgs/include/nav_2d_msgs/nav_2d_msgs/msg
[5.572s] -- Up-to-date: /home/thomas/MobileRobot/ws_new/install/nav_2d_msgs/include/nav_2d_msgs/nav_2d_msgs/msg/detail
[5.573s] -- Up-to-date: /home/thomas/MobileRobot/ws_new/install/nav_2d_msgs/include/nav_2d_msgs/nav_2d_msgs/msg/detail/twist2_d_stamped__rosidl_typesupport_fastrtps_cpp.hpp
[5.573s] -- Up-to-date: /home/thomas/MobileRobot/ws_new/install/nav_2d_msgs/include/nav_2d_msgs/nav_2d_msgs/msg/detail/path2_d__rosidl_typesupport_fastrtps_cpp.hpp
[5.574s] -- Up-to-date: /home/thomas/MobileRobot/ws_new/install/nav_2d_msgs/include/nav_2d_msgs/nav_2d_msgs/msg/detail/pose2_d_stamped__rosidl_typesupport_fastrtps_cpp.hpp
[5.574s] -- Up-to-date: /home/thomas/MobileRobot/ws_new/install/nav_2d_msgs/include/nav_2d_msgs/nav_2d_msgs/msg/detail/twist2_d__rosidl_typesupport_fastrtps_cpp.hpp
[5.575s] -- Up-to-date: /home/thomas/MobileRobot/ws_new/install/nav_2d_msgs/include/nav_2d_msgs/nav_2d_msgs/msg/detail/twist2_d32__rosidl_typesupport_fastrtps_cpp.hpp
[5.575s] -- Up-to-date: /home/thomas/MobileRobot/ws_new/install/nav_2d_msgs/include/nav_2d_msgs/nav_2d_msgs/msg/detail/dds_fastrtps
[5.575s] -- Up-to-date: /home/thomas/MobileRobot/ws_new/install/nav_2d_msgs/include/nav_2d_msgs/nav_2d_msgs/msg/detail/pose2_d32__rosidl_typesupport_fastrtps_cpp.hpp
[5.576s] -- Up-to-date: /home/thomas/MobileRobot/ws_new/install/nav_2d_msgs/include/nav_2d_msgs/nav_2d_msgs/msg/rosidl_typesupport_fastrtps_cpp__visibility_control.h
[5.576s] -- Up-to-date: /home/thomas/MobileRobot/ws_new/install/nav_2d_msgs/lib/libnav_2d_msgs__rosidl_typesupport_fastrtps_cpp.so
[5.576s] -- Up-to-date: /home/thomas/MobileRobot/ws_new/install/nav_2d_msgs/include/nav_2d_msgs/nav_2d_msgs
[5.576s] -- Up-to-date: /home/thomas/MobileRobot/ws_new/install/nav_2d_msgs/include/nav_2d_msgs/nav_2d_msgs/msg
[5.577s] -- Up-to-date: /home/thomas/MobileRobot/ws_new/install/nav_2d_msgs/include/nav_2d_msgs/nav_2d_msgs/msg/detail
[5.577s] -- Up-to-date: /home/thomas/MobileRobot/ws_new/install/nav_2d_msgs/include/nav_2d_msgs/nav_2d_msgs/msg/detail/twist2_d__rosidl_typesupport_introspection_c.h
[5.577s] -- Up-to-date: /home/thomas/MobileRobot/ws_new/install/nav_2d_msgs/include/nav_2d_msgs/nav_2d_msgs/msg/detail/twist2_d32__rosidl_typesupport_introspection_c.h
[5.578s] -- Installing: /home/thomas/MobileRobot/ws_new/install/nav_2d_msgs/include/nav_2d_msgs/nav_2d_msgs/msg/detail/twist2_d32__type_support.c
[5.584s] -- Up-to-date: /home/thomas/MobileRobot/ws_new/install/nav_2d_msgs/include/nav_2d_msgs/nav_2d_msgs/msg/detail/path2_d__rosidl_typesupport_introspection_c.h
[5.584s] -- Installing: /home/thomas/MobileRobot/ws_new/install/nav_2d_msgs/include/nav_2d_msgs/nav_2d_msgs/msg/detail/twist2_d_stamped__type_support.c
[5.585s] -- Installing: /home/thomas/MobileRobot/ws_new/install/nav_2d_msgs/include/nav_2d_msgs/nav_2d_msgs/msg/detail/path2_d__type_support.c
[5.585s] -- Installing: /home/thomas/MobileRobot/ws_new/install/nav_2d_msgs/include/nav_2d_msgs/nav_2d_msgs/msg/detail/pose2_d32__type_support.c
[5.586s] -- Up-to-date: /home/thomas/MobileRobot/ws_new/install/nav_2d_msgs/include/nav_2d_msgs/nav_2d_msgs/msg/detail/twist2_d_stamped__rosidl_typesupport_introspection_c.h
[5.587s] -- Up-to-date: /home/thomas/MobileRobot/ws_new/install/nav_2d_msgs/include/nav_2d_msgs/nav_2d_msgs/msg/detail/pose2_d_stamped__rosidl_typesupport_introspection_c.h
[5.587s] -- Installing: /home/thomas/MobileRobot/ws_new/install/nav_2d_msgs/include/nav_2d_msgs/nav_2d_msgs/msg/detail/twist2_d__type_support.c
[5.588s] -- Up-to-date: /home/thomas/MobileRobot/ws_new/install/nav_2d_msgs/include/nav_2d_msgs/nav_2d_msgs/msg/detail/pose2_d32__rosidl_typesupport_introspection_c.h
[5.588s] -- Installing: /home/thomas/MobileRobot/ws_new/install/nav_2d_msgs/include/nav_2d_msgs/nav_2d_msgs/msg/detail/pose2_d_stamped__type_support.c
[5.589s] -- Up-to-date: /home/thomas/MobileRobot/ws_new/install/nav_2d_msgs/include/nav_2d_msgs/nav_2d_msgs/msg/rosidl_typesupport_introspection_c__visibility_control.h
[5.596s] -- Up-to-date: /home/thomas/MobileRobot/ws_new/install/nav_2d_msgs/lib/libnav_2d_msgs__rosidl_typesupport_introspection_c.so
[5.616s] -- Up-to-date: /home/thomas/MobileRobot/ws_new/install/nav_2d_msgs/lib/libnav_2d_msgs__rosidl_typesupport_c.so
[5.617s] -- Up-to-date: /home/thomas/MobileRobot/ws_new/install/nav_2d_msgs/include/nav_2d_msgs/nav_2d_msgs
[5.618s] -- Up-to-date: /home/thomas/MobileRobot/ws_new/install/nav_2d_msgs/include/nav_2d_msgs/nav_2d_msgs/msg
[5.618s] -- Up-to-date: /home/thomas/MobileRobot/ws_new/install/nav_2d_msgs/include/nav_2d_msgs/nav_2d_msgs/msg/detail
[5.619s] -- Up-to-date: /home/thomas/MobileRobot/ws_new/install/nav_2d_msgs/include/nav_2d_msgs/nav_2d_msgs/msg/detail/pose2_d32__type_support.cpp
[5.619s] -- Up-to-date: /home/thomas/MobileRobot/ws_new/install/nav_2d_msgs/include/nav_2d_msgs/nav_2d_msgs/msg/detail/pose2_d_stamped__rosidl_typesupport_introspection_cpp.hpp
[5.620s] -- Up-to-date: /home/thomas/MobileRobot/ws_new/install/nav_2d_msgs/include/nav_2d_msgs/nav_2d_msgs/msg/detail/path2_d__type_support.cpp
[5.620s] -- Up-to-date: /home/thomas/MobileRobot/ws_new/install/nav_2d_msgs/include/nav_2d_msgs/nav_2d_msgs/msg/detail/pose2_d32__rosidl_typesupport_introspection_cpp.hpp
[5.621s] -- Up-to-date: /home/thomas/MobileRobot/ws_new/install/nav_2d_msgs/include/nav_2d_msgs/nav_2d_msgs/msg/detail/twist2_d__type_support.cpp
[5.621s] -- Up-to-date: /home/thomas/MobileRobot/ws_new/install/nav_2d_msgs/include/nav_2d_msgs/nav_2d_msgs/msg/detail/twist2_d32__type_support.cpp
[5.621s] -- Up-to-date: /home/thomas/MobileRobot/ws_new/install/nav_2d_msgs/include/nav_2d_msgs/nav_2d_msgs/msg/detail/path2_d__rosidl_typesupport_introspection_cpp.hpp
[5.621s] -- Up-to-date: /home/thomas/MobileRobot/ws_new/install/nav_2d_msgs/include/nav_2d_msgs/nav_2d_msgs/msg/detail/pose2_d_stamped__type_support.cpp
[5.622s] -- Up-to-date: /home/thomas/MobileRobot/ws_new/install/nav_2d_msgs/include/nav_2d_msgs/nav_2d_msgs/msg/detail/twist2_d32__rosidl_typesupport_introspection_cpp.hpp
[5.622s] -- Up-to-date: /home/thomas/MobileRobot/ws_new/install/nav_2d_msgs/include/nav_2d_msgs/nav_2d_msgs/msg/detail/twist2_d__rosidl_typesupport_introspection_cpp.hpp
[5.622s] -- Up-to-date: /home/thomas/MobileRobot/ws_new/install/nav_2d_msgs/include/nav_2d_msgs/nav_2d_msgs/msg/detail/twist2_d_stamped__type_support.cpp
[5.622s] -- Up-to-date: /home/thomas/MobileRobot/ws_new/install/nav_2d_msgs/include/nav_2d_msgs/nav_2d_msgs/msg/detail/twist2_d_stamped__rosidl_typesupport_introspection_cpp.hpp
[5.639s] -- Up-to-date: /home/thomas/MobileRobot/ws_new/install/nav_2d_msgs/lib/libnav_2d_msgs__rosidl_typesupport_introspection_cpp.so
[5.659s] -- Up-to-date: /home/thomas/MobileRobot/ws_new/install/nav_2d_msgs/lib/libnav_2d_msgs__rosidl_typesupport_cpp.so
[5.659s] -- Up-to-date: /home/thomas/MobileRobot/ws_new/install/nav_2d_msgs/share/nav_2d_msgs/environment/pythonpath.sh
[5.660s] -- Up-to-date: /home/thomas/MobileRobot/ws_new/install/nav_2d_msgs/share/nav_2d_msgs/environment/pythonpath.dsv
[5.691s] -- Up-to-date: /home/thomas/MobileRobot/ws_new/install/nav_2d_msgs/lib/python3.12/site-packages/nav_2d_msgs-1.3.6-py3.12.egg-info
[5.703s] -- Installing: /home/thomas/MobileRobot/ws_new/install/nav_2d_msgs/lib/python3.12/site-packages/nav_2d_msgs-1.3.6-py3.12.egg-info/top_level.txt
[5.704s] -- Installing: /home/thomas/MobileRobot/ws_new/install/nav_2d_msgs/lib/python3.12/site-packages/nav_2d_msgs-1.3.6-py3.12.egg-info/SOURCES.txt
[5.704s] -- Installing: /home/thomas/MobileRobot/ws_new/install/nav_2d_msgs/lib/python3.12/site-packages/nav_2d_msgs-1.3.6-py3.12.egg-info/dependency_links.txt
[5.704s] -- Installing: /home/thomas/MobileRobot/ws_new/install/nav_2d_msgs/lib/python3.12/site-packages/nav_2d_msgs-1.3.6-py3.12.egg-info/PKG-INFO
[5.705s] -- Up-to-date: /home/thomas/MobileRobot/ws_new/install/nav_2d_msgs/lib/python3.12/site-packages/nav_2d_msgs
[5.707s] -- Up-to-date: /home/thomas/MobileRobot/ws_new/install/nav_2d_msgs/lib/python3.12/site-packages/nav_2d_msgs/nav_2d_msgs_s__rosidl_typesupport_introspection_c.so
[5.708s] -- Up-to-date: /home/thomas/MobileRobot/ws_new/install/nav_2d_msgs/lib/python3.12/site-packages/nav_2d_msgs/__init__.py
[5.708s] -- Up-to-date: /home/thomas/MobileRobot/ws_new/install/nav_2d_msgs/lib/python3.12/site-packages/nav_2d_msgs/nav_2d_msgs_s__rosidl_typesupport_fastrtps_c.so
[5.708s] -- Up-to-date: /home/thomas/MobileRobot/ws_new/install/nav_2d_msgs/lib/python3.12/site-packages/nav_2d_msgs/_nav_2d_msgs_s.ep.rosidl_typesupport_introspection_c.c
[5.708s] -- Up-to-date: /home/thomas/MobileRobot/ws_new/install/nav_2d_msgs/lib/python3.12/site-packages/nav_2d_msgs/_nav_2d_msgs_s.ep.rosidl_typesupport_fastrtps_c.c
[5.709s] -- Up-to-date: /home/thomas/MobileRobot/ws_new/install/nav_2d_msgs/lib/python3.12/site-packages/nav_2d_msgs/nav_2d_msgs_s__rosidl_typesupport_c.so
[5.709s] -- Up-to-date: /home/thomas/MobileRobot/ws_new/install/nav_2d_msgs/lib/python3.12/site-packages/nav_2d_msgs/msg
[5.715s] -- Up-to-date: /home/thomas/MobileRobot/ws_new/install/nav_2d_msgs/lib/python3.12/site-packages/nav_2d_msgs/msg/_pose2_d_stamped.py
[5.716s] -- Up-to-date: /home/thomas/MobileRobot/ws_new/install/nav_2d_msgs/lib/python3.12/site-packages/nav_2d_msgs/msg/_twist2_d32.py
[5.716s] -- Up-to-date: /home/thomas/MobileRobot/ws_new/install/nav_2d_msgs/lib/python3.12/site-packages/nav_2d_msgs/msg/__init__.py
[5.717s] -- Up-to-date: /home/thomas/MobileRobot/ws_new/install/nav_2d_msgs/lib/python3.12/site-packages/nav_2d_msgs/msg/_twist2_d.py
[5.717s] -- Up-to-date: /home/thomas/MobileRobot/ws_new/install/nav_2d_msgs/lib/python3.12/site-packages/nav_2d_msgs/msg/_twist2_d_stamped.py
[5.717s] -- Up-to-date: /home/thomas/MobileRobot/ws_new/install/nav_2d_msgs/lib/python3.12/site-packages/nav_2d_msgs/msg/_twist2_d_s.c
[5.717s] -- Up-to-date: /home/thomas/MobileRobot/ws_new/install/nav_2d_msgs/lib/python3.12/site-packages/nav_2d_msgs/msg/_twist2_d32_s.c
[5.717s] -- Up-to-date: /home/thomas/MobileRobot/ws_new/install/nav_2d_msgs/lib/python3.12/site-packages/nav_2d_msgs/msg/_pose2_d32.py
[5.717s] -- Up-to-date: /home/thomas/MobileRobot/ws_new/install/nav_2d_msgs/lib/python3.12/site-packages/nav_2d_msgs/msg/_pose2_d_stamped_s.c
[5.717s] -- Up-to-date: /home/thomas/MobileRobot/ws_new/install/nav_2d_msgs/lib/python3.12/site-packages/nav_2d_msgs/msg/_path2_d_s.c
[5.718s] -- Up-to-date: /home/thomas/MobileRobot/ws_new/install/nav_2d_msgs/lib/python3.12/site-packages/nav_2d_msgs/msg/_pose2_d32_s.c
[5.718s] -- Up-to-date: /home/thomas/MobileRobot/ws_new/install/nav_2d_msgs/lib/python3.12/site-packages/nav_2d_msgs/msg/_path2_d.py
[5.718s] -- Up-to-date: /home/thomas/MobileRobot/ws_new/install/nav_2d_msgs/lib/python3.12/site-packages/nav_2d_msgs/msg/_twist2_d_stamped_s.c
[5.718s] -- Up-to-date: /home/thomas/MobileRobot/ws_new/install/nav_2d_msgs/lib/python3.12/site-packages/nav_2d_msgs/_nav_2d_msgs_s.ep.rosidl_typesupport_c.c
[5.813s] Listing '/home/thomas/MobileRobot/ws_new/install/nav_2d_msgs/lib/python3.12/site-packages/nav_2d_msgs'...
[5.813s] Listing '/home/thomas/MobileRobot/ws_new/install/nav_2d_msgs/lib/python3.12/site-packages/nav_2d_msgs/msg'...
[5.823s] -- Up-to-date: /home/thomas/MobileRobot/ws_new/install/nav_2d_msgs/lib/python3.12/site-packages/nav_2d_msgs/nav_2d_msgs_s__rosidl_typesupport_fastrtps_c.so
[5.824s] -- Up-to-date: /home/thomas/MobileRobot/ws_new/install/nav_2d_msgs/lib/python3.12/site-packages/nav_2d_msgs/nav_2d_msgs_s__rosidl_typesupport_introspection_c.so
[5.828s] -- Up-to-date: /home/thomas/MobileRobot/ws_new/install/nav_2d_msgs/lib/python3.12/site-packages/nav_2d_msgs/nav_2d_msgs_s__rosidl_typesupport_c.so
[5.828s] -- Up-to-date: /home/thomas/MobileRobot/ws_new/install/nav_2d_msgs/lib/libnav_2d_msgs__rosidl_generator_py.so
[5.830s] -- Up-to-date: /home/thomas/MobileRobot/ws_new/install/nav_2d_msgs/share/nav_2d_msgs/msg/Path2D.idl
[5.830s] -- Up-to-date: /home/thomas/MobileRobot/ws_new/install/nav_2d_msgs/share/nav_2d_msgs/msg/Pose2D32.idl
[5.830s] -- Up-to-date: /home/thomas/MobileRobot/ws_new/install/nav_2d_msgs/share/nav_2d_msgs/msg/Pose2DStamped.idl
[5.830s] -- Up-to-date: /home/thomas/MobileRobot/ws_new/install/nav_2d_msgs/share/nav_2d_msgs/msg/Twist2D.idl
[5.830s] -- Up-to-date: /home/thomas/MobileRobot/ws_new/install/nav_2d_msgs/share/nav_2d_msgs/msg/Twist2D32.idl
[5.830s] -- Up-to-date: /home/thomas/MobileRobot/ws_new/install/nav_2d_msgs/share/nav_2d_msgs/msg/Twist2DStamped.idl
[5.831s] -- Up-to-date: /home/thomas/MobileRobot/ws_new/install/nav_2d_msgs/share/nav_2d_msgs/msg/Path2D.msg
[5.833s] -- Up-to-date: /home/thomas/MobileRobot/ws_new/install/nav_2d_msgs/share/nav_2d_msgs/msg/Pose2D32.msg
[5.833s] -- Up-to-date: /home/thomas/MobileRobot/ws_new/install/nav_2d_msgs/share/nav_2d_msgs/msg/Pose2DStamped.msg
[5.834s] -- Up-to-date: /home/thomas/MobileRobot/ws_new/install/nav_2d_msgs/share/nav_2d_msgs/msg/Twist2D.msg
[5.834s] -- Up-to-date: /home/thomas/MobileRobot/ws_new/install/nav_2d_msgs/share/nav_2d_msgs/msg/Twist2D32.msg
[5.834s] -- Up-to-date: /home/thomas/MobileRobot/ws_new/install/nav_2d_msgs/share/nav_2d_msgs/msg/Twist2DStamped.msg
[5.834s] -- Up-to-date: /home/thomas/MobileRobot/ws_new/install/nav_2d_msgs/share/ament_index/resource_index/package_run_dependencies/nav_2d_msgs
[5.834s] -- Up-to-date: /home/thomas/MobileRobot/ws_new/install/nav_2d_msgs/share/ament_index/resource_index/parent_prefix_path/nav_2d_msgs
[5.834s] -- Up-to-date: /home/thomas/MobileRobot/ws_new/install/nav_2d_msgs/share/nav_2d_msgs/environment/ament_prefix_path.sh
[5.834s] -- Up-to-date: /home/thomas/MobileRobot/ws_new/install/nav_2d_msgs/share/nav_2d_msgs/environment/ament_prefix_path.dsv
[5.834s] -- Up-to-date: /home/thomas/MobileRobot/ws_new/install/nav_2d_msgs/share/nav_2d_msgs/environment/path.sh
[5.834s] -- Up-to-date: /home/thomas/MobileRobot/ws_new/install/nav_2d_msgs/share/nav_2d_msgs/environment/path.dsv
[5.834s] -- Up-to-date: /home/thomas/MobileRobot/ws_new/install/nav_2d_msgs/share/nav_2d_msgs/local_setup.bash
[5.835s] -- Up-to-date: /home/thomas/MobileRobot/ws_new/install/nav_2d_msgs/share/nav_2d_msgs/local_setup.sh
[5.835s] -- Up-to-date: /home/thomas/MobileRobot/ws_new/install/nav_2d_msgs/share/nav_2d_msgs/local_setup.zsh
[5.835s] -- Up-to-date: /home/thomas/MobileRobot/ws_new/install/nav_2d_msgs/share/nav_2d_msgs/local_setup.dsv
[5.835s] -- Installing: /home/thomas/MobileRobot/ws_new/install/nav_2d_msgs/share/nav_2d_msgs/package.dsv
[5.858s] -- Up-to-date: /home/thomas/MobileRobot/ws_new/install/nav_2d_msgs/share/ament_index/resource_index/packages/nav_2d_msgs
[5.916s] -- Up-to-date: /home/thomas/MobileRobot/ws_new/install/nav_2d_msgs/share/nav_2d_msgs/cmake/export_nav_2d_msgs__rosidl_generator_cExport.cmake
[5.916s] -- Up-to-date: /home/thomas/MobileRobot/ws_new/install/nav_2d_msgs/share/nav_2d_msgs/cmake/export_nav_2d_msgs__rosidl_generator_cExport-noconfig.cmake
[5.917s] -- Up-to-date: /home/thomas/MobileRobot/ws_new/install/nav_2d_msgs/share/nav_2d_msgs/cmake/export_nav_2d_msgs__rosidl_typesupport_fastrtps_cExport.cmake
[5.918s] -- Up-to-date: /home/thomas/MobileRobot/ws_new/install/nav_2d_msgs/share/nav_2d_msgs/cmake/export_nav_2d_msgs__rosidl_typesupport_fastrtps_cExport-noconfig.cmake
[5.924s] -- Up-to-date: /home/thomas/MobileRobot/ws_new/install/nav_2d_msgs/share/nav_2d_msgs/cmake/export_nav_2d_msgs__rosidl_generator_cppExport.cmake
[5.939s] -- Up-to-date: /home/thomas/MobileRobot/ws_new/install/nav_2d_msgs/share/nav_2d_msgs/cmake/export_nav_2d_msgs__rosidl_typesupport_fastrtps_cppExport.cmake
[5.939s] -- Up-to-date: /home/thomas/MobileRobot/ws_new/install/nav_2d_msgs/share/nav_2d_msgs/cmake/export_nav_2d_msgs__rosidl_typesupport_fastrtps_cppExport-noconfig.cmake
[5.940s] -- Up-to-date: /home/thomas/MobileRobot/ws_new/install/nav_2d_msgs/share/nav_2d_msgs/cmake/nav_2d_msgs__rosidl_typesupport_introspection_cExport.cmake
[5.941s] -- Up-to-date: /home/thomas/MobileRobot/ws_new/install/nav_2d_msgs/share/nav_2d_msgs/cmake/nav_2d_msgs__rosidl_typesupport_introspection_cExport-noconfig.cmake
[5.955s] -- Up-to-date: /home/thomas/MobileRobot/ws_new/install/nav_2d_msgs/share/nav_2d_msgs/cmake/nav_2d_msgs__rosidl_typesupport_cExport.cmake
[5.956s] -- Up-to-date: /home/thomas/MobileRobot/ws_new/install/nav_2d_msgs/share/nav_2d_msgs/cmake/nav_2d_msgs__rosidl_typesupport_cExport-noconfig.cmake
[5.965s] -- Up-to-date: /home/thomas/MobileRobot/ws_new/install/nav_2d_msgs/share/nav_2d_msgs/cmake/nav_2d_msgs__rosidl_typesupport_introspection_cppExport.cmake
[5.966s] -- Up-to-date: /home/thomas/MobileRobot/ws_new/install/nav_2d_msgs/share/nav_2d_msgs/cmake/nav_2d_msgs__rosidl_typesupport_introspection_cppExport-noconfig.cmake
[5.966s] -- Up-to-date: /home/thomas/MobileRobot/ws_new/install/nav_2d_msgs/share/nav_2d_msgs/cmake/nav_2d_msgs__rosidl_typesupport_cppExport.cmake
[5.966s] -- Up-to-date: /home/thomas/MobileRobot/ws_new/install/nav_2d_msgs/share/nav_2d_msgs/cmake/nav_2d_msgs__rosidl_typesupport_cppExport-noconfig.cmake
[5.968s] -- Up-to-date: /home/thomas/MobileRobot/ws_new/install/nav_2d_msgs/share/nav_2d_msgs/cmake/export_nav_2d_msgs__rosidl_generator_pyExport.cmake
[5.968s] -- Up-to-date: /home/thomas/MobileRobot/ws_new/install/nav_2d_msgs/share/nav_2d_msgs/cmake/export_nav_2d_msgs__rosidl_generator_pyExport-noconfig.cmake
[5.968s] -- Up-to-date: /home/thomas/MobileRobot/ws_new/install/nav_2d_msgs/share/nav_2d_msgs/cmake/rosidl_cmake-extras.cmake
[5.968s] -- Up-to-date: /home/thomas/MobileRobot/ws_new/install/nav_2d_msgs/share/nav_2d_msgs/cmake/ament_cmake_export_dependencies-extras.cmake
[5.968s] -- Up-to-date: /home/thomas/MobileRobot/ws_new/install/nav_2d_msgs/share/nav_2d_msgs/cmake/ament_cmake_export_include_directories-extras.cmake
[5.968s] -- Up-to-date: /home/thomas/MobileRobot/ws_new/install/nav_2d_msgs/share/nav_2d_msgs/cmake/ament_cmake_export_libraries-extras.cmake
[5.969s] -- Up-to-date: /home/thomas/MobileRobot/ws_new/install/nav_2d_msgs/share/nav_2d_msgs/cmake/ament_cmake_export_targets-extras.cmake
[5.969s] -- Up-to-date: /home/thomas/MobileRobot/ws_new/install/nav_2d_msgs/share/nav_2d_msgs/cmake/rosidl_cmake_export_typesupport_targets-extras.cmake
[5.969s] -- Up-to-date: /home/thomas/MobileRobot/ws_new/install/nav_2d_msgs/share/nav_2d_msgs/cmake/rosidl_cmake_export_typesupport_libraries-extras.cmake
[5.969s] -- Up-to-date: /home/thomas/MobileRobot/ws_new/install/nav_2d_msgs/share/nav_2d_msgs/cmake/nav_2d_msgsConfig.cmake
[5.969s] -- Up-to-date: /home/thomas/MobileRobot/ws_new/install/nav_2d_msgs/share/nav_2d_msgs/cmake/nav_2d_msgsConfig-version.cmake
[5.969s] -- Up-to-date: /home/thomas/MobileRobot/ws_new/install/nav_2d_msgs/share/nav_2d_msgs/package.xml
[5.995s] Invoked command in '/home/thomas/MobileRobot/ws_new/build/nav_2d_msgs' returned '0': AMENT_PREFIX_PATH=/home/thomas/MobileRobot/ws_new/install/geometry_msgs:/home/thomas/MobileRobot/ws_new/install/std_msgs:${AMENT_PREFIX_PATH} CMAKE_PREFIX_PATH=/home/thomas/MobileRobot/ws_new/install/geometry_msgs:/home/thomas/MobileRobot/ws_new/install/std_msgs:/opt/ros/jazzy/opt/gz_sim_vendor:/opt/ros/jazzy/opt/gz_sensors_vendor:/opt/ros/jazzy/opt/gz_physics_vendor:/opt/ros/jazzy/opt/sdformat_vendor:/opt/ros/jazzy/opt/gz_gui_vendor:/opt/ros/jazzy/opt/gz_transport_vendor:/opt/ros/jazzy/opt/gz_rendering_vendor:/opt/ros/jazzy/opt/gz_plugin_vendor:/opt/ros/jazzy/opt/gz_fuel_tools_vendor:/opt/ros/jazzy/opt/gz_msgs_vendor:/opt/ros/jazzy/opt/gz_common_vendor:/opt/ros/jazzy/opt/gz_math_vendor:/opt/ros/jazzy/opt/gz_utils_vendor:/opt/ros/jazzy/opt/gz_tools_vendor:/opt/ros/jazzy/opt/gz_ogre_next_vendor:/opt/ros/jazzy/opt/gz_dartsim_vendor:/opt/ros/jazzy/opt/gz_cmake_vendor:/home/thomas/dev_ws/install/basic_mobile_robot:/opt/ros/jazzy DEBUGINFOD_URLS=https://debuginfod.ubuntu.com LD_LIBRARY_PATH=/home/thomas/MobileRobot/ws_new/install/geometry_msgs/lib:/home/thomas/MobileRobot/ws_new/install/std_msgs/lib:${LD_LIBRARY_PATH} PYTHONPATH=/home/thomas/MobileRobot/ws_new/install/geometry_msgs/lib/python3.12/site-packages:/home/thomas/MobileRobot/ws_new/install/std_msgs/lib/python3.12/site-packages:${PYTHONPATH} /usr/bin/cmake --install /home/thomas/MobileRobot/ws_new/build/nav_2d_msgs
