[12.646s] Invoking command in '/home/thomas/MobileRobot/ws_new/src/navigation': DEBUGINFOD_URLS=https://debuginfod.ubuntu.com PYTHONPATH=/home/thomas/MobileRobot/ws_new/build/navigation/prefix_override:/usr/lib/python3/dist-packages/colcon_core/task/python/colcon_distutils_commands:/home/thomas/MobileRobot/ws_new/install/navigation/lib/python3.12/site-packages:${PYTHONPATH} /usr/bin/python3 -W ignore:setup.py install is deprecated -W ignore:easy_install command is deprecated setup.py egg_info --egg-base ../../build/navigation build --build-base /home/thomas/MobileRobot/ws_new/build/navigation/build install --record /home/thomas/MobileRobot/ws_new/build/navigation/install.log --single-version-externally-managed install_data
[13.596s] running egg_info
[13.672s] writing ../../build/navigation/navigation.egg-info/PKG-INFO
[13.673s] writing dependency_links to ../../build/navigation/navigation.egg-info/dependency_links.txt
[13.674s] writing entry points to ../../build/navigation/navigation.egg-info/entry_points.txt
[13.674s] writing requirements to ../../build/navigation/navigation.egg-info/requires.txt
[13.674s] writing top-level names to ../../build/navigation/navigation.egg-info/top_level.txt
[13.826s] reading manifest file '../../build/navigation/navigation.egg-info/SOURCES.txt'
[13.828s] writing manifest file '../../build/navigation/navigation.egg-info/SOURCES.txt'
[13.829s] running build
[13.829s] running build_py
[13.830s] running install
[13.852s] running install_lib
[13.931s] running install_data
[13.931s] running install_egg_info
[14.012s] removing '/home/thomas/MobileRobot/ws_new/install/navigation/lib/python3.12/site-packages/navigation-0.0.0-py3.12.egg-info' (and everything under it)
[14.013s] Copying ../../build/navigation/navigation.egg-info to /home/thomas/MobileRobot/ws_new/install/navigation/lib/python3.12/site-packages/navigation-0.0.0-py3.12.egg-info
[14.031s] running install_scripts
[14.531s] Installing gps_path_follow script to /home/thomas/MobileRobot/ws_new/install/navigation/lib/navigation
[14.532s] Installing nav_node script to /home/thomas/MobileRobot/ws_new/install/navigation/lib/navigation
[14.532s] Installing waypoint_follow script to /home/thomas/MobileRobot/ws_new/install/navigation/lib/navigation
[14.533s] writing list of installed files to '/home/thomas/MobileRobot/ws_new/build/navigation/install.log'
[14.639s] Invoked command in '/home/thomas/MobileRobot/ws_new/src/navigation' returned '0': DEBUGINFOD_URLS=https://debuginfod.ubuntu.com PYTHONPATH=/home/thomas/MobileRobot/ws_new/build/navigation/prefix_override:/usr/lib/python3/dist-packages/colcon_core/task/python/colcon_distutils_commands:/home/thomas/MobileRobot/ws_new/install/navigation/lib/python3.12/site-packages:${PYTHONPATH} /usr/bin/python3 -W ignore:setup.py install is deprecated -W ignore:easy_install command is deprecated setup.py egg_info --egg-base ../../build/navigation build --build-base /home/thomas/MobileRobot/ws_new/build/navigation/build install --record /home/thomas/MobileRobot/ws_new/build/navigation/install.log --single-version-externally-managed install_data
