-- Found builtin_interfaces: 2.0.2 (/opt/ros/jazzy/share/builtin_interfaces/cmake)
-- Found Python3: /usr/bin/python3 (found version "3.12.3") found components: Interpreter 
-- Found rosidl_generator_c: 4.6.5 (/opt/ros/jazzy/share/rosidl_generator_c/cmake)
-- Found rosidl_generator_cpp: 4.6.5 (/opt/ros/jazzy/share/rosidl_generator_cpp/cmake)
-- Using all available rosidl_typesupport_c: rosidl_typesupport_fastrtps_c;rosidl_typesupport_introspection_c
-- Using all available rosidl_typesupport_cpp: rosidl_typesupport_fastrtps_cpp;rosidl_typesupport_introspection_cpp
-- Found geometry_msgs: 5.3.5 (/opt/ros/jazzy/share/geometry_msgs/cmake)
-- Found nav_2d_msgs: 1.3.6 (/home/thomas/MobileRobot/ws_new/install/nav_2d_msgs/share/nav_2d_msgs/cmake)
-- Found nav_msgs: 5.3.5 (/opt/ros/jazzy/share/nav_msgs/cmake)
-- Found rosidl_default_generators: 1.6.0 (/opt/ros/jazzy/share/rosidl_default_generators/cmake)
-- Found rosidl_adapter: 4.6.5 (/opt/ros/jazzy/share/rosidl_adapter/cmake)
-- Found ament_cmake_ros: 0.12.0 (/opt/ros/jazzy/share/ament_cmake_ros/cmake)
-- Using all available rosidl_typesupport_c: rosidl_typesupport_fastrtps_c;rosidl_typesupport_introspection_c
-- Using all available rosidl_typesupport_cpp: rosidl_typesupport_fastrtps_cpp;rosidl_typesupport_introspection_cpp
-- Found python_cmake_module: 0.11.1 (/opt/ros/jazzy/share/python_cmake_module/cmake)
-- Found Python3: /usr/bin/python3 (found version "3.12.3") found components: Interpreter Development NumPy Development.Module Development.Embed 
-- Configuring done (3.9s)
-- Generating done (0.2s)
-- Build files have been written to: /home/thomas/MobileRobot/ws_new/build/dwb_msgs
[  1%] Built target dwb_msgs__rosidl_generator_type_description
[  1%] Built target ament_cmake_python_copy_dwb_msgs
[ 27%] Built target dwb_msgs__rosidl_generator_c
running egg_info
writing dwb_msgs.egg-info/PKG-INFO
writing dependency_links to dwb_msgs.egg-info/dependency_links.txt
writing top-level names to dwb_msgs.egg-info/top_level.txt
reading manifest file 'dwb_msgs.egg-info/SOURCES.txt'
writing manifest file 'dwb_msgs.egg-info/SOURCES.txt'
[ 27%] Built target ament_cmake_python_build_dwb_msgs_egg
[ 36%] Built target dwb_msgs__rosidl_typesupport_fastrtps_c
[ 46%] Built target dwb_msgs__rosidl_typesupport_c
[ 56%] Built target dwb_msgs__rosidl_typesupport_introspection_c
[ 56%] Built target dwb_msgs__cpp
[ 66%] Built target dwb_msgs__rosidl_typesupport_fastrtps_cpp
[ 76%] Built target dwb_msgs__rosidl_typesupport_cpp
[ 85%] Built target dwb_msgs__rosidl_typesupport_introspection_cpp
[ 85%] Built target dwb_msgs
[ 86%] Built target dwb_msgs__py
[ 94%] Built target dwb_msgs__rosidl_generator_py
[ 96%] Built target dwb_msgs_s__rosidl_typesupport_fastrtps_c
[ 98%] Built target dwb_msgs_s__rosidl_typesupport_c
[100%] Built target dwb_msgs_s__rosidl_typesupport_introspection_c
-- Install configuration: ""
-- Installing: /home/thomas/MobileRobot/ws_new/install/dwb_msgs/share/ament_index/resource_index/rosidl_interfaces/dwb_msgs
-- Installing: /home/thomas/MobileRobot/ws_new/install/dwb_msgs/share/dwb_msgs/msg/CriticScore.json
-- Installing: /home/thomas/MobileRobot/ws_new/install/dwb_msgs/share/dwb_msgs/msg/LocalPlanEvaluation.json
-- Installing: /home/thomas/MobileRobot/ws_new/install/dwb_msgs/share/dwb_msgs/msg/Trajectory2D.json
-- Installing: /home/thomas/MobileRobot/ws_new/install/dwb_msgs/share/dwb_msgs/msg/TrajectoryScore.json
-- Installing: /home/thomas/MobileRobot/ws_new/install/dwb_msgs/share/dwb_msgs/srv/DebugLocalPlan.json
-- Installing: /home/thomas/MobileRobot/ws_new/install/dwb_msgs/share/dwb_msgs/srv/GenerateTrajectory.json
-- Installing: /home/thomas/MobileRobot/ws_new/install/dwb_msgs/share/dwb_msgs/srv/GenerateTwists.json
-- Installing: /home/thomas/MobileRobot/ws_new/install/dwb_msgs/share/dwb_msgs/srv/GetCriticScore.json
-- Installing: /home/thomas/MobileRobot/ws_new/install/dwb_msgs/share/dwb_msgs/srv/ScoreTrajectory.json
-- Installing: /home/thomas/MobileRobot/ws_new/install/dwb_msgs/include/dwb_msgs/dwb_msgs
-- Installing: /home/thomas/MobileRobot/ws_new/install/dwb_msgs/include/dwb_msgs/dwb_msgs/srv
-- Installing: /home/thomas/MobileRobot/ws_new/install/dwb_msgs/include/dwb_msgs/dwb_msgs/srv/get_critic_score.h
-- Installing: /home/thomas/MobileRobot/ws_new/install/dwb_msgs/include/dwb_msgs/dwb_msgs/srv/detail
-- Installing: /home/thomas/MobileRobot/ws_new/install/dwb_msgs/include/dwb_msgs/dwb_msgs/srv/detail/get_critic_score__type_support.h
-- Installing: /home/thomas/MobileRobot/ws_new/install/dwb_msgs/include/dwb_msgs/dwb_msgs/srv/detail/debug_local_plan__type_support.h
-- Installing: /home/thomas/MobileRobot/ws_new/install/dwb_msgs/include/dwb_msgs/dwb_msgs/srv/detail/score_trajectory__type_support.c
-- Installing: /home/thomas/MobileRobot/ws_new/install/dwb_msgs/include/dwb_msgs/dwb_msgs/srv/detail/get_critic_score__struct.h
-- Installing: /home/thomas/MobileRobot/ws_new/install/dwb_msgs/include/dwb_msgs/dwb_msgs/srv/detail/generate_twists__description.c
-- Installing: /home/thomas/MobileRobot/ws_new/install/dwb_msgs/include/dwb_msgs/dwb_msgs/srv/detail/generate_twists__functions.c
-- Installing: /home/thomas/MobileRobot/ws_new/install/dwb_msgs/include/dwb_msgs/dwb_msgs/srv/detail/score_trajectory__functions.h
-- Installing: /home/thomas/MobileRobot/ws_new/install/dwb_msgs/include/dwb_msgs/dwb_msgs/srv/detail/score_trajectory__struct.h
-- Installing: /home/thomas/MobileRobot/ws_new/install/dwb_msgs/include/dwb_msgs/dwb_msgs/srv/detail/generate_trajectory__type_support.c
-- Installing: /home/thomas/MobileRobot/ws_new/install/dwb_msgs/include/dwb_msgs/dwb_msgs/srv/detail/debug_local_plan__struct.h
-- Installing: /home/thomas/MobileRobot/ws_new/install/dwb_msgs/include/dwb_msgs/dwb_msgs/srv/detail/generate_trajectory__functions.h
-- Installing: /home/thomas/MobileRobot/ws_new/install/dwb_msgs/include/dwb_msgs/dwb_msgs/srv/detail/score_trajectory__functions.c
-- Installing: /home/thomas/MobileRobot/ws_new/install/dwb_msgs/include/dwb_msgs/dwb_msgs/srv/detail/debug_local_plan__functions.h
-- Installing: /home/thomas/MobileRobot/ws_new/install/dwb_msgs/include/dwb_msgs/dwb_msgs/srv/detail/get_critic_score__functions.c
-- Installing: /home/thomas/MobileRobot/ws_new/install/dwb_msgs/include/dwb_msgs/dwb_msgs/srv/detail/score_trajectory__type_support.h
-- Installing: /home/thomas/MobileRobot/ws_new/install/dwb_msgs/include/dwb_msgs/dwb_msgs/srv/detail/score_trajectory__description.c
-- Installing: /home/thomas/MobileRobot/ws_new/install/dwb_msgs/include/dwb_msgs/dwb_msgs/srv/detail/generate_trajectory__functions.c
-- Installing: /home/thomas/MobileRobot/ws_new/install/dwb_msgs/include/dwb_msgs/dwb_msgs/srv/detail/generate_trajectory__description.c
-- Installing: /home/thomas/MobileRobot/ws_new/install/dwb_msgs/include/dwb_msgs/dwb_msgs/srv/detail/generate_twists__type_support.c
-- Installing: /home/thomas/MobileRobot/ws_new/install/dwb_msgs/include/dwb_msgs/dwb_msgs/srv/detail/get_critic_score__type_support.c
-- Installing: /home/thomas/MobileRobot/ws_new/install/dwb_msgs/include/dwb_msgs/dwb_msgs/srv/detail/generate_twists__type_support.h
-- Installing: /home/thomas/MobileRobot/ws_new/install/dwb_msgs/include/dwb_msgs/dwb_msgs/srv/detail/generate_twists__functions.h
-- Installing: /home/thomas/MobileRobot/ws_new/install/dwb_msgs/include/dwb_msgs/dwb_msgs/srv/detail/get_critic_score__functions.h
-- Installing: /home/thomas/MobileRobot/ws_new/install/dwb_msgs/include/dwb_msgs/dwb_msgs/srv/detail/debug_local_plan__functions.c
-- Installing: /home/thomas/MobileRobot/ws_new/install/dwb_msgs/include/dwb_msgs/dwb_msgs/srv/detail/generate_trajectory__type_support.h
-- Installing: /home/thomas/MobileRobot/ws_new/install/dwb_msgs/include/dwb_msgs/dwb_msgs/srv/detail/debug_local_plan__type_support.c
-- Installing: /home/thomas/MobileRobot/ws_new/install/dwb_msgs/include/dwb_msgs/dwb_msgs/srv/detail/generate_twists__struct.h
-- Installing: /home/thomas/MobileRobot/ws_new/install/dwb_msgs/include/dwb_msgs/dwb_msgs/srv/detail/debug_local_plan__description.c
-- Installing: /home/thomas/MobileRobot/ws_new/install/dwb_msgs/include/dwb_msgs/dwb_msgs/srv/detail/get_critic_score__description.c
-- Installing: /home/thomas/MobileRobot/ws_new/install/dwb_msgs/include/dwb_msgs/dwb_msgs/srv/detail/generate_trajectory__struct.h
-- Installing: /home/thomas/MobileRobot/ws_new/install/dwb_msgs/include/dwb_msgs/dwb_msgs/srv/score_trajectory.h
-- Installing: /home/thomas/MobileRobot/ws_new/install/dwb_msgs/include/dwb_msgs/dwb_msgs/srv/generate_trajectory.h
-- Installing: /home/thomas/MobileRobot/ws_new/install/dwb_msgs/include/dwb_msgs/dwb_msgs/srv/generate_twists.h
-- Installing: /home/thomas/MobileRobot/ws_new/install/dwb_msgs/include/dwb_msgs/dwb_msgs/srv/debug_local_plan.h
-- Installing: /home/thomas/MobileRobot/ws_new/install/dwb_msgs/include/dwb_msgs/dwb_msgs/msg
-- Installing: /home/thomas/MobileRobot/ws_new/install/dwb_msgs/include/dwb_msgs/dwb_msgs/msg/detail
-- Installing: /home/thomas/MobileRobot/ws_new/install/dwb_msgs/include/dwb_msgs/dwb_msgs/msg/detail/trajectory2_d__type_support.c
-- Installing: /home/thomas/MobileRobot/ws_new/install/dwb_msgs/include/dwb_msgs/dwb_msgs/msg/detail/trajectory2_d__type_support.h
-- Installing: /home/thomas/MobileRobot/ws_new/install/dwb_msgs/include/dwb_msgs/dwb_msgs/msg/detail/trajectory2_d__description.c
-- Installing: /home/thomas/MobileRobot/ws_new/install/dwb_msgs/include/dwb_msgs/dwb_msgs/msg/detail/trajectory_score__type_support.h
-- Installing: /home/thomas/MobileRobot/ws_new/install/dwb_msgs/include/dwb_msgs/dwb_msgs/msg/detail/local_plan_evaluation__type_support.c
-- Installing: /home/thomas/MobileRobot/ws_new/install/dwb_msgs/include/dwb_msgs/dwb_msgs/msg/detail/trajectory2_d__struct.h
-- Installing: /home/thomas/MobileRobot/ws_new/install/dwb_msgs/include/dwb_msgs/dwb_msgs/msg/detail/trajectory_score__struct.h
-- Installing: /home/thomas/MobileRobot/ws_new/install/dwb_msgs/include/dwb_msgs/dwb_msgs/msg/detail/local_plan_evaluation__functions.c
-- Installing: /home/thomas/MobileRobot/ws_new/install/dwb_msgs/include/dwb_msgs/dwb_msgs/msg/detail/trajectory_score__functions.c
-- Installing: /home/thomas/MobileRobot/ws_new/install/dwb_msgs/include/dwb_msgs/dwb_msgs/msg/detail/local_plan_evaluation__functions.h
-- Installing: /home/thomas/MobileRobot/ws_new/install/dwb_msgs/include/dwb_msgs/dwb_msgs/msg/detail/critic_score__struct.h
-- Installing: /home/thomas/MobileRobot/ws_new/install/dwb_msgs/include/dwb_msgs/dwb_msgs/msg/detail/local_plan_evaluation__type_support.h
-- Installing: /home/thomas/MobileRobot/ws_new/install/dwb_msgs/include/dwb_msgs/dwb_msgs/msg/detail/trajectory2_d__functions.h
-- Installing: /home/thomas/MobileRobot/ws_new/install/dwb_msgs/include/dwb_msgs/dwb_msgs/msg/detail/critic_score__type_support.h
-- Installing: /home/thomas/MobileRobot/ws_new/install/dwb_msgs/include/dwb_msgs/dwb_msgs/msg/detail/critic_score__type_support.c
-- Installing: /home/thomas/MobileRobot/ws_new/install/dwb_msgs/include/dwb_msgs/dwb_msgs/msg/detail/critic_score__functions.h
-- Installing: /home/thomas/MobileRobot/ws_new/install/dwb_msgs/include/dwb_msgs/dwb_msgs/msg/detail/critic_score__functions.c
-- Installing: /home/thomas/MobileRobot/ws_new/install/dwb_msgs/include/dwb_msgs/dwb_msgs/msg/detail/trajectory_score__type_support.c
-- Installing: /home/thomas/MobileRobot/ws_new/install/dwb_msgs/include/dwb_msgs/dwb_msgs/msg/detail/local_plan_evaluation__struct.h
-- Installing: /home/thomas/MobileRobot/ws_new/install/dwb_msgs/include/dwb_msgs/dwb_msgs/msg/detail/critic_score__description.c
-- Installing: /home/thomas/MobileRobot/ws_new/install/dwb_msgs/include/dwb_msgs/dwb_msgs/msg/detail/trajectory_score__description.c
-- Installing: /home/thomas/MobileRobot/ws_new/install/dwb_msgs/include/dwb_msgs/dwb_msgs/msg/detail/trajectory2_d__functions.c
-- Installing: /home/thomas/MobileRobot/ws_new/install/dwb_msgs/include/dwb_msgs/dwb_msgs/msg/detail/trajectory_score__functions.h
-- Installing: /home/thomas/MobileRobot/ws_new/install/dwb_msgs/include/dwb_msgs/dwb_msgs/msg/detail/local_plan_evaluation__description.c
-- Installing: /home/thomas/MobileRobot/ws_new/install/dwb_msgs/include/dwb_msgs/dwb_msgs/msg/trajectory_score.h
-- Installing: /home/thomas/MobileRobot/ws_new/install/dwb_msgs/include/dwb_msgs/dwb_msgs/msg/critic_score.h
-- Installing: /home/thomas/MobileRobot/ws_new/install/dwb_msgs/include/dwb_msgs/dwb_msgs/msg/trajectory2_d.h
-- Installing: /home/thomas/MobileRobot/ws_new/install/dwb_msgs/include/dwb_msgs/dwb_msgs/msg/local_plan_evaluation.h
-- Installing: /home/thomas/MobileRobot/ws_new/install/dwb_msgs/include/dwb_msgs/dwb_msgs/msg/rosidl_generator_c__visibility_control.h
-- Installing: /home/thomas/MobileRobot/ws_new/install/dwb_msgs/share/dwb_msgs/environment/library_path.sh
-- Installing: /home/thomas/MobileRobot/ws_new/install/dwb_msgs/share/dwb_msgs/environment/library_path.dsv
-- Installing: /home/thomas/MobileRobot/ws_new/install/dwb_msgs/lib/libdwb_msgs__rosidl_generator_c.so
-- Set non-toolchain portion of runtime path of "/home/thomas/MobileRobot/ws_new/install/dwb_msgs/lib/libdwb_msgs__rosidl_generator_c.so" to ""
-- Up-to-date: /home/thomas/MobileRobot/ws_new/install/dwb_msgs/include/dwb_msgs/dwb_msgs
-- Up-to-date: /home/thomas/MobileRobot/ws_new/install/dwb_msgs/include/dwb_msgs/dwb_msgs/srv
-- Up-to-date: /home/thomas/MobileRobot/ws_new/install/dwb_msgs/include/dwb_msgs/dwb_msgs/srv/detail
-- Installing: /home/thomas/MobileRobot/ws_new/install/dwb_msgs/include/dwb_msgs/dwb_msgs/srv/detail/generate_twists__rosidl_typesupport_fastrtps_c.h
-- Installing: /home/thomas/MobileRobot/ws_new/install/dwb_msgs/include/dwb_msgs/dwb_msgs/srv/detail/get_critic_score__rosidl_typesupport_fastrtps_c.h
-- Installing: /home/thomas/MobileRobot/ws_new/install/dwb_msgs/include/dwb_msgs/dwb_msgs/srv/detail/debug_local_plan__rosidl_typesupport_fastrtps_c.h
-- Installing: /home/thomas/MobileRobot/ws_new/install/dwb_msgs/include/dwb_msgs/dwb_msgs/srv/detail/generate_trajectory__rosidl_typesupport_fastrtps_c.h
-- Installing: /home/thomas/MobileRobot/ws_new/install/dwb_msgs/include/dwb_msgs/dwb_msgs/srv/detail/score_trajectory__rosidl_typesupport_fastrtps_c.h
-- Up-to-date: /home/thomas/MobileRobot/ws_new/install/dwb_msgs/include/dwb_msgs/dwb_msgs/msg
-- Up-to-date: /home/thomas/MobileRobot/ws_new/install/dwb_msgs/include/dwb_msgs/dwb_msgs/msg/detail
-- Installing: /home/thomas/MobileRobot/ws_new/install/dwb_msgs/include/dwb_msgs/dwb_msgs/msg/detail/critic_score__rosidl_typesupport_fastrtps_c.h
-- Installing: /home/thomas/MobileRobot/ws_new/install/dwb_msgs/include/dwb_msgs/dwb_msgs/msg/detail/trajectory2_d__rosidl_typesupport_fastrtps_c.h
-- Installing: /home/thomas/MobileRobot/ws_new/install/dwb_msgs/include/dwb_msgs/dwb_msgs/msg/detail/trajectory_score__rosidl_typesupport_fastrtps_c.h
-- Installing: /home/thomas/MobileRobot/ws_new/install/dwb_msgs/include/dwb_msgs/dwb_msgs/msg/detail/local_plan_evaluation__rosidl_typesupport_fastrtps_c.h
-- Installing: /home/thomas/MobileRobot/ws_new/install/dwb_msgs/include/dwb_msgs/dwb_msgs/msg/rosidl_typesupport_fastrtps_c__visibility_control.h
-- Installing: /home/thomas/MobileRobot/ws_new/install/dwb_msgs/lib/libdwb_msgs__rosidl_typesupport_fastrtps_c.so
-- Set non-toolchain portion of runtime path of "/home/thomas/MobileRobot/ws_new/install/dwb_msgs/lib/libdwb_msgs__rosidl_typesupport_fastrtps_c.so" to ""
-- Up-to-date: /home/thomas/MobileRobot/ws_new/install/dwb_msgs/include/dwb_msgs/dwb_msgs
-- Up-to-date: /home/thomas/MobileRobot/ws_new/install/dwb_msgs/include/dwb_msgs/dwb_msgs/srv
-- Up-to-date: /home/thomas/MobileRobot/ws_new/install/dwb_msgs/include/dwb_msgs/dwb_msgs/srv/detail
-- Installing: /home/thomas/MobileRobot/ws_new/install/dwb_msgs/include/dwb_msgs/dwb_msgs/srv/detail/generate_twists__traits.hpp
-- Installing: /home/thomas/MobileRobot/ws_new/install/dwb_msgs/include/dwb_msgs/dwb_msgs/srv/detail/get_critic_score__traits.hpp
-- Installing: /home/thomas/MobileRobot/ws_new/install/dwb_msgs/include/dwb_msgs/dwb_msgs/srv/detail/generate_trajectory__struct.hpp
-- Installing: /home/thomas/MobileRobot/ws_new/install/dwb_msgs/include/dwb_msgs/dwb_msgs/srv/detail/get_critic_score__builder.hpp
-- Installing: /home/thomas/MobileRobot/ws_new/install/dwb_msgs/include/dwb_msgs/dwb_msgs/srv/detail/generate_trajectory__traits.hpp
-- Installing: /home/thomas/MobileRobot/ws_new/install/dwb_msgs/include/dwb_msgs/dwb_msgs/srv/detail/generate_trajectory__type_support.hpp
-- Installing: /home/thomas/MobileRobot/ws_new/install/dwb_msgs/include/dwb_msgs/dwb_msgs/srv/detail/generate_twists__struct.hpp
-- Installing: /home/thomas/MobileRobot/ws_new/install/dwb_msgs/include/dwb_msgs/dwb_msgs/srv/detail/score_trajectory__traits.hpp
-- Installing: /home/thomas/MobileRobot/ws_new/install/dwb_msgs/include/dwb_msgs/dwb_msgs/srv/detail/get_critic_score__type_support.hpp
-- Installing: /home/thomas/MobileRobot/ws_new/install/dwb_msgs/include/dwb_msgs/dwb_msgs/srv/detail/score_trajectory__struct.hpp
-- Installing: /home/thomas/MobileRobot/ws_new/install/dwb_msgs/include/dwb_msgs/dwb_msgs/srv/detail/debug_local_plan__struct.hpp
-- Installing: /home/thomas/MobileRobot/ws_new/install/dwb_msgs/include/dwb_msgs/dwb_msgs/srv/detail/generate_twists__builder.hpp
-- Installing: /home/thomas/MobileRobot/ws_new/install/dwb_msgs/include/dwb_msgs/dwb_msgs/srv/detail/debug_local_plan__builder.hpp
-- Installing: /home/thomas/MobileRobot/ws_new/install/dwb_msgs/include/dwb_msgs/dwb_msgs/srv/detail/debug_local_plan__traits.hpp
-- Installing: /home/thomas/MobileRobot/ws_new/install/dwb_msgs/include/dwb_msgs/dwb_msgs/srv/detail/get_critic_score__struct.hpp
-- Installing: /home/thomas/MobileRobot/ws_new/install/dwb_msgs/include/dwb_msgs/dwb_msgs/srv/detail/generate_trajectory__builder.hpp
-- Installing: /home/thomas/MobileRobot/ws_new/install/dwb_msgs/include/dwb_msgs/dwb_msgs/srv/detail/score_trajectory__type_support.hpp
-- Installing: /home/thomas/MobileRobot/ws_new/install/dwb_msgs/include/dwb_msgs/dwb_msgs/srv/detail/generate_twists__type_support.hpp
-- Installing: /home/thomas/MobileRobot/ws_new/install/dwb_msgs/include/dwb_msgs/dwb_msgs/srv/detail/debug_local_plan__type_support.hpp
-- Installing: /home/thomas/MobileRobot/ws_new/install/dwb_msgs/include/dwb_msgs/dwb_msgs/srv/detail/score_trajectory__builder.hpp
-- Installing: /home/thomas/MobileRobot/ws_new/install/dwb_msgs/include/dwb_msgs/dwb_msgs/srv/generate_trajectory.hpp
-- Installing: /home/thomas/MobileRobot/ws_new/install/dwb_msgs/include/dwb_msgs/dwb_msgs/srv/generate_twists.hpp
-- Installing: /home/thomas/MobileRobot/ws_new/install/dwb_msgs/include/dwb_msgs/dwb_msgs/srv/score_trajectory.hpp
-- Installing: /home/thomas/MobileRobot/ws_new/install/dwb_msgs/include/dwb_msgs/dwb_msgs/srv/debug_local_plan.hpp
-- Installing: /home/thomas/MobileRobot/ws_new/install/dwb_msgs/include/dwb_msgs/dwb_msgs/srv/get_critic_score.hpp
-- Up-to-date: /home/thomas/MobileRobot/ws_new/install/dwb_msgs/include/dwb_msgs/dwb_msgs/msg
-- Up-to-date: /home/thomas/MobileRobot/ws_new/install/dwb_msgs/include/dwb_msgs/dwb_msgs/msg/detail
-- Installing: /home/thomas/MobileRobot/ws_new/install/dwb_msgs/include/dwb_msgs/dwb_msgs/msg/detail/critic_score__struct.hpp
-- Installing: /home/thomas/MobileRobot/ws_new/install/dwb_msgs/include/dwb_msgs/dwb_msgs/msg/detail/trajectory2_d__type_support.hpp
-- Installing: /home/thomas/MobileRobot/ws_new/install/dwb_msgs/include/dwb_msgs/dwb_msgs/msg/detail/critic_score__traits.hpp
-- Installing: /home/thomas/MobileRobot/ws_new/install/dwb_msgs/include/dwb_msgs/dwb_msgs/msg/detail/local_plan_evaluation__traits.hpp
-- Installing: /home/thomas/MobileRobot/ws_new/install/dwb_msgs/include/dwb_msgs/dwb_msgs/msg/detail/local_plan_evaluation__type_support.hpp
-- Installing: /home/thomas/MobileRobot/ws_new/install/dwb_msgs/include/dwb_msgs/dwb_msgs/msg/detail/trajectory_score__builder.hpp
-- Installing: /home/thomas/MobileRobot/ws_new/install/dwb_msgs/include/dwb_msgs/dwb_msgs/msg/detail/trajectory_score__struct.hpp
-- Installing: /home/thomas/MobileRobot/ws_new/install/dwb_msgs/include/dwb_msgs/dwb_msgs/msg/detail/local_plan_evaluation__struct.hpp
-- Installing: /home/thomas/MobileRobot/ws_new/install/dwb_msgs/include/dwb_msgs/dwb_msgs/msg/detail/critic_score__type_support.hpp
-- Installing: /home/thomas/MobileRobot/ws_new/install/dwb_msgs/include/dwb_msgs/dwb_msgs/msg/detail/trajectory2_d__builder.hpp
-- Installing: /home/thomas/MobileRobot/ws_new/install/dwb_msgs/include/dwb_msgs/dwb_msgs/msg/detail/trajectory2_d__traits.hpp
-- Installing: /home/thomas/MobileRobot/ws_new/install/dwb_msgs/include/dwb_msgs/dwb_msgs/msg/detail/trajectory_score__type_support.hpp
-- Installing: /home/thomas/MobileRobot/ws_new/install/dwb_msgs/include/dwb_msgs/dwb_msgs/msg/detail/trajectory2_d__struct.hpp
-- Installing: /home/thomas/MobileRobot/ws_new/install/dwb_msgs/include/dwb_msgs/dwb_msgs/msg/detail/local_plan_evaluation__builder.hpp
-- Installing: /home/thomas/MobileRobot/ws_new/install/dwb_msgs/include/dwb_msgs/dwb_msgs/msg/detail/critic_score__builder.hpp
-- Installing: /home/thomas/MobileRobot/ws_new/install/dwb_msgs/include/dwb_msgs/dwb_msgs/msg/detail/trajectory_score__traits.hpp
-- Installing: /home/thomas/MobileRobot/ws_new/install/dwb_msgs/include/dwb_msgs/dwb_msgs/msg/critic_score.hpp
-- Installing: /home/thomas/MobileRobot/ws_new/install/dwb_msgs/include/dwb_msgs/dwb_msgs/msg/trajectory_score.hpp
-- Installing: /home/thomas/MobileRobot/ws_new/install/dwb_msgs/include/dwb_msgs/dwb_msgs/msg/trajectory2_d.hpp
-- Installing: /home/thomas/MobileRobot/ws_new/install/dwb_msgs/include/dwb_msgs/dwb_msgs/msg/rosidl_generator_cpp__visibility_control.hpp
-- Installing: /home/thomas/MobileRobot/ws_new/install/dwb_msgs/include/dwb_msgs/dwb_msgs/msg/local_plan_evaluation.hpp
-- Up-to-date: /home/thomas/MobileRobot/ws_new/install/dwb_msgs/include/dwb_msgs/dwb_msgs
-- Up-to-date: /home/thomas/MobileRobot/ws_new/install/dwb_msgs/include/dwb_msgs/dwb_msgs/srv
-- Up-to-date: /home/thomas/MobileRobot/ws_new/install/dwb_msgs/include/dwb_msgs/dwb_msgs/srv/detail
-- Installing: /home/thomas/MobileRobot/ws_new/install/dwb_msgs/include/dwb_msgs/dwb_msgs/srv/detail/score_trajectory__rosidl_typesupport_fastrtps_cpp.hpp
-- Installing: /home/thomas/MobileRobot/ws_new/install/dwb_msgs/include/dwb_msgs/dwb_msgs/srv/detail/get_critic_score__rosidl_typesupport_fastrtps_cpp.hpp
-- Installing: /home/thomas/MobileRobot/ws_new/install/dwb_msgs/include/dwb_msgs/dwb_msgs/srv/detail/generate_twists__rosidl_typesupport_fastrtps_cpp.hpp
-- Installing: /home/thomas/MobileRobot/ws_new/install/dwb_msgs/include/dwb_msgs/dwb_msgs/srv/detail/debug_local_plan__rosidl_typesupport_fastrtps_cpp.hpp
-- Installing: /home/thomas/MobileRobot/ws_new/install/dwb_msgs/include/dwb_msgs/dwb_msgs/srv/detail/generate_trajectory__rosidl_typesupport_fastrtps_cpp.hpp
-- Installing: /home/thomas/MobileRobot/ws_new/install/dwb_msgs/include/dwb_msgs/dwb_msgs/srv/detail/dds_fastrtps
-- Up-to-date: /home/thomas/MobileRobot/ws_new/install/dwb_msgs/include/dwb_msgs/dwb_msgs/msg
-- Up-to-date: /home/thomas/MobileRobot/ws_new/install/dwb_msgs/include/dwb_msgs/dwb_msgs/msg/detail
-- Installing: /home/thomas/MobileRobot/ws_new/install/dwb_msgs/include/dwb_msgs/dwb_msgs/msg/detail/trajectory2_d__rosidl_typesupport_fastrtps_cpp.hpp
-- Installing: /home/thomas/MobileRobot/ws_new/install/dwb_msgs/include/dwb_msgs/dwb_msgs/msg/detail/trajectory_score__rosidl_typesupport_fastrtps_cpp.hpp
-- Installing: /home/thomas/MobileRobot/ws_new/install/dwb_msgs/include/dwb_msgs/dwb_msgs/msg/detail/local_plan_evaluation__rosidl_typesupport_fastrtps_cpp.hpp
-- Installing: /home/thomas/MobileRobot/ws_new/install/dwb_msgs/include/dwb_msgs/dwb_msgs/msg/detail/critic_score__rosidl_typesupport_fastrtps_cpp.hpp
-- Installing: /home/thomas/MobileRobot/ws_new/install/dwb_msgs/include/dwb_msgs/dwb_msgs/msg/detail/dds_fastrtps
-- Installing: /home/thomas/MobileRobot/ws_new/install/dwb_msgs/include/dwb_msgs/dwb_msgs/msg/rosidl_typesupport_fastrtps_cpp__visibility_control.h
-- Installing: /home/thomas/MobileRobot/ws_new/install/dwb_msgs/lib/libdwb_msgs__rosidl_typesupport_fastrtps_cpp.so
-- Set non-toolchain portion of runtime path of "/home/thomas/MobileRobot/ws_new/install/dwb_msgs/lib/libdwb_msgs__rosidl_typesupport_fastrtps_cpp.so" to ""
-- Up-to-date: /home/thomas/MobileRobot/ws_new/install/dwb_msgs/include/dwb_msgs/dwb_msgs
-- Up-to-date: /home/thomas/MobileRobot/ws_new/install/dwb_msgs/include/dwb_msgs/dwb_msgs/srv
-- Up-to-date: /home/thomas/MobileRobot/ws_new/install/dwb_msgs/include/dwb_msgs/dwb_msgs/srv/detail
-- Installing: /home/thomas/MobileRobot/ws_new/install/dwb_msgs/include/dwb_msgs/dwb_msgs/srv/detail/score_trajectory__type_support.c
-- Installing: /home/thomas/MobileRobot/ws_new/install/dwb_msgs/include/dwb_msgs/dwb_msgs/srv/detail/score_trajectory__rosidl_typesupport_introspection_c.h
-- Installing: /home/thomas/MobileRobot/ws_new/install/dwb_msgs/include/dwb_msgs/dwb_msgs/srv/detail/generate_twists__rosidl_typesupport_introspection_c.h
-- Installing: /home/thomas/MobileRobot/ws_new/install/dwb_msgs/include/dwb_msgs/dwb_msgs/srv/detail/generate_trajectory__type_support.c
-- Installing: /home/thomas/MobileRobot/ws_new/install/dwb_msgs/include/dwb_msgs/dwb_msgs/srv/detail/generate_twists__type_support.c
-- Installing: /home/thomas/MobileRobot/ws_new/install/dwb_msgs/include/dwb_msgs/dwb_msgs/srv/detail/generate_trajectory__rosidl_typesupport_introspection_c.h
-- Installing: /home/thomas/MobileRobot/ws_new/install/dwb_msgs/include/dwb_msgs/dwb_msgs/srv/detail/get_critic_score__type_support.c
-- Installing: /home/thomas/MobileRobot/ws_new/install/dwb_msgs/include/dwb_msgs/dwb_msgs/srv/detail/get_critic_score__rosidl_typesupport_introspection_c.h
-- Installing: /home/thomas/MobileRobot/ws_new/install/dwb_msgs/include/dwb_msgs/dwb_msgs/srv/detail/debug_local_plan__rosidl_typesupport_introspection_c.h
-- Installing: /home/thomas/MobileRobot/ws_new/install/dwb_msgs/include/dwb_msgs/dwb_msgs/srv/detail/debug_local_plan__type_support.c
-- Up-to-date: /home/thomas/MobileRobot/ws_new/install/dwb_msgs/include/dwb_msgs/dwb_msgs/msg
-- Up-to-date: /home/thomas/MobileRobot/ws_new/install/dwb_msgs/include/dwb_msgs/dwb_msgs/msg/detail
-- Installing: /home/thomas/MobileRobot/ws_new/install/dwb_msgs/include/dwb_msgs/dwb_msgs/msg/detail/trajectory2_d__type_support.c
-- Installing: /home/thomas/MobileRobot/ws_new/install/dwb_msgs/include/dwb_msgs/dwb_msgs/msg/detail/trajectory_score__rosidl_typesupport_introspection_c.h
-- Installing: /home/thomas/MobileRobot/ws_new/install/dwb_msgs/include/dwb_msgs/dwb_msgs/msg/detail/local_plan_evaluation__type_support.c
-- Installing: /home/thomas/MobileRobot/ws_new/install/dwb_msgs/include/dwb_msgs/dwb_msgs/msg/detail/critic_score__rosidl_typesupport_introspection_c.h
-- Installing: /home/thomas/MobileRobot/ws_new/install/dwb_msgs/include/dwb_msgs/dwb_msgs/msg/detail/trajectory2_d__rosidl_typesupport_introspection_c.h
-- Installing: /home/thomas/MobileRobot/ws_new/install/dwb_msgs/include/dwb_msgs/dwb_msgs/msg/detail/critic_score__type_support.c
-- Installing: /home/thomas/MobileRobot/ws_new/install/dwb_msgs/include/dwb_msgs/dwb_msgs/msg/detail/trajectory_score__type_support.c
-- Installing: /home/thomas/MobileRobot/ws_new/install/dwb_msgs/include/dwb_msgs/dwb_msgs/msg/detail/local_plan_evaluation__rosidl_typesupport_introspection_c.h
-- Installing: /home/thomas/MobileRobot/ws_new/install/dwb_msgs/include/dwb_msgs/dwb_msgs/msg/rosidl_typesupport_introspection_c__visibility_control.h
-- Installing: /home/thomas/MobileRobot/ws_new/install/dwb_msgs/lib/libdwb_msgs__rosidl_typesupport_introspection_c.so
-- Set non-toolchain portion of runtime path of "/home/thomas/MobileRobot/ws_new/install/dwb_msgs/lib/libdwb_msgs__rosidl_typesupport_introspection_c.so" to ""
-- Installing: /home/thomas/MobileRobot/ws_new/install/dwb_msgs/lib/libdwb_msgs__rosidl_typesupport_c.so
-- Set non-toolchain portion of runtime path of "/home/thomas/MobileRobot/ws_new/install/dwb_msgs/lib/libdwb_msgs__rosidl_typesupport_c.so" to ""
-- Up-to-date: /home/thomas/MobileRobot/ws_new/install/dwb_msgs/include/dwb_msgs/dwb_msgs
-- Up-to-date: /home/thomas/MobileRobot/ws_new/install/dwb_msgs/include/dwb_msgs/dwb_msgs/srv
-- Up-to-date: /home/thomas/MobileRobot/ws_new/install/dwb_msgs/include/dwb_msgs/dwb_msgs/srv/detail
-- Installing: /home/thomas/MobileRobot/ws_new/install/dwb_msgs/include/dwb_msgs/dwb_msgs/srv/detail/generate_twists__rosidl_typesupport_introspection_cpp.hpp
-- Installing: /home/thomas/MobileRobot/ws_new/install/dwb_msgs/include/dwb_msgs/dwb_msgs/srv/detail/get_critic_score__type_support.cpp
-- Installing: /home/thomas/MobileRobot/ws_new/install/dwb_msgs/include/dwb_msgs/dwb_msgs/srv/detail/generate_twists__type_support.cpp
-- Installing: /home/thomas/MobileRobot/ws_new/install/dwb_msgs/include/dwb_msgs/dwb_msgs/srv/detail/generate_trajectory__rosidl_typesupport_introspection_cpp.hpp
-- Installing: /home/thomas/MobileRobot/ws_new/install/dwb_msgs/include/dwb_msgs/dwb_msgs/srv/detail/score_trajectory__rosidl_typesupport_introspection_cpp.hpp
-- Installing: /home/thomas/MobileRobot/ws_new/install/dwb_msgs/include/dwb_msgs/dwb_msgs/srv/detail/score_trajectory__type_support.cpp
-- Installing: /home/thomas/MobileRobot/ws_new/install/dwb_msgs/include/dwb_msgs/dwb_msgs/srv/detail/get_critic_score__rosidl_typesupport_introspection_cpp.hpp
-- Installing: /home/thomas/MobileRobot/ws_new/install/dwb_msgs/include/dwb_msgs/dwb_msgs/srv/detail/generate_trajectory__type_support.cpp
-- Installing: /home/thomas/MobileRobot/ws_new/install/dwb_msgs/include/dwb_msgs/dwb_msgs/srv/detail/debug_local_plan__type_support.cpp
-- Installing: /home/thomas/MobileRobot/ws_new/install/dwb_msgs/include/dwb_msgs/dwb_msgs/srv/detail/debug_local_plan__rosidl_typesupport_introspection_cpp.hpp
-- Up-to-date: /home/thomas/MobileRobot/ws_new/install/dwb_msgs/include/dwb_msgs/dwb_msgs/msg
-- Up-to-date: /home/thomas/MobileRobot/ws_new/install/dwb_msgs/include/dwb_msgs/dwb_msgs/msg/detail
-- Installing: /home/thomas/MobileRobot/ws_new/install/dwb_msgs/include/dwb_msgs/dwb_msgs/msg/detail/trajectory_score__type_support.cpp
-- Installing: /home/thomas/MobileRobot/ws_new/install/dwb_msgs/include/dwb_msgs/dwb_msgs/msg/detail/local_plan_evaluation__rosidl_typesupport_introspection_cpp.hpp
-- Installing: /home/thomas/MobileRobot/ws_new/install/dwb_msgs/include/dwb_msgs/dwb_msgs/msg/detail/trajectory2_d__rosidl_typesupport_introspection_cpp.hpp
-- Installing: /home/thomas/MobileRobot/ws_new/install/dwb_msgs/include/dwb_msgs/dwb_msgs/msg/detail/trajectory2_d__type_support.cpp
-- Installing: /home/thomas/MobileRobot/ws_new/install/dwb_msgs/include/dwb_msgs/dwb_msgs/msg/detail/trajectory_score__rosidl_typesupport_introspection_cpp.hpp
-- Installing: /home/thomas/MobileRobot/ws_new/install/dwb_msgs/include/dwb_msgs/dwb_msgs/msg/detail/critic_score__type_support.cpp
-- Installing: /home/thomas/MobileRobot/ws_new/install/dwb_msgs/include/dwb_msgs/dwb_msgs/msg/detail/critic_score__rosidl_typesupport_introspection_cpp.hpp
-- Installing: /home/thomas/MobileRobot/ws_new/install/dwb_msgs/include/dwb_msgs/dwb_msgs/msg/detail/local_plan_evaluation__type_support.cpp
-- Installing: /home/thomas/MobileRobot/ws_new/install/dwb_msgs/lib/libdwb_msgs__rosidl_typesupport_introspection_cpp.so
-- Set non-toolchain portion of runtime path of "/home/thomas/MobileRobot/ws_new/install/dwb_msgs/lib/libdwb_msgs__rosidl_typesupport_introspection_cpp.so" to ""
-- Installing: /home/thomas/MobileRobot/ws_new/install/dwb_msgs/lib/libdwb_msgs__rosidl_typesupport_cpp.so
-- Set non-toolchain portion of runtime path of "/home/thomas/MobileRobot/ws_new/install/dwb_msgs/lib/libdwb_msgs__rosidl_typesupport_cpp.so" to ""
-- Installing: /home/thomas/MobileRobot/ws_new/install/dwb_msgs/share/dwb_msgs/environment/pythonpath.sh
-- Installing: /home/thomas/MobileRobot/ws_new/install/dwb_msgs/share/dwb_msgs/environment/pythonpath.dsv
-- Installing: /home/thomas/MobileRobot/ws_new/install/dwb_msgs/lib/python3.12/site-packages/dwb_msgs-1.3.6-py3.12.egg-info
-- Installing: /home/thomas/MobileRobot/ws_new/install/dwb_msgs/lib/python3.12/site-packages/dwb_msgs-1.3.6-py3.12.egg-info/top_level.txt
-- Installing: /home/thomas/MobileRobot/ws_new/install/dwb_msgs/lib/python3.12/site-packages/dwb_msgs-1.3.6-py3.12.egg-info/SOURCES.txt
-- Installing: /home/thomas/MobileRobot/ws_new/install/dwb_msgs/lib/python3.12/site-packages/dwb_msgs-1.3.6-py3.12.egg-info/dependency_links.txt
-- Installing: /home/thomas/MobileRobot/ws_new/install/dwb_msgs/lib/python3.12/site-packages/dwb_msgs-1.3.6-py3.12.egg-info/PKG-INFO
-- Installing: /home/thomas/MobileRobot/ws_new/install/dwb_msgs/lib/python3.12/site-packages/dwb_msgs
-- Installing: /home/thomas/MobileRobot/ws_new/install/dwb_msgs/lib/python3.12/site-packages/dwb_msgs/__init__.py
-- Installing: /home/thomas/MobileRobot/ws_new/install/dwb_msgs/lib/python3.12/site-packages/dwb_msgs/dwb_msgs_s__rosidl_typesupport_fastrtps_c.so
-- Installing: /home/thomas/MobileRobot/ws_new/install/dwb_msgs/lib/python3.12/site-packages/dwb_msgs/srv
-- Installing: /home/thomas/MobileRobot/ws_new/install/dwb_msgs/lib/python3.12/site-packages/dwb_msgs/srv/_generate_trajectory.py
-- Installing: /home/thomas/MobileRobot/ws_new/install/dwb_msgs/lib/python3.12/site-packages/dwb_msgs/srv/_debug_local_plan_s.c
-- Installing: /home/thomas/MobileRobot/ws_new/install/dwb_msgs/lib/python3.12/site-packages/dwb_msgs/srv/__init__.py
-- Installing: /home/thomas/MobileRobot/ws_new/install/dwb_msgs/lib/python3.12/site-packages/dwb_msgs/srv/_generate_trajectory_s.c
-- Installing: /home/thomas/MobileRobot/ws_new/install/dwb_msgs/lib/python3.12/site-packages/dwb_msgs/srv/_generate_twists_s.c
-- Installing: /home/thomas/MobileRobot/ws_new/install/dwb_msgs/lib/python3.12/site-packages/dwb_msgs/srv/_generate_twists.py
-- Installing: /home/thomas/MobileRobot/ws_new/install/dwb_msgs/lib/python3.12/site-packages/dwb_msgs/srv/_get_critic_score.py
-- Installing: /home/thomas/MobileRobot/ws_new/install/dwb_msgs/lib/python3.12/site-packages/dwb_msgs/srv/_debug_local_plan.py
-- Installing: /home/thomas/MobileRobot/ws_new/install/dwb_msgs/lib/python3.12/site-packages/dwb_msgs/srv/_score_trajectory_s.c
-- Installing: /home/thomas/MobileRobot/ws_new/install/dwb_msgs/lib/python3.12/site-packages/dwb_msgs/srv/_score_trajectory.py
-- Installing: /home/thomas/MobileRobot/ws_new/install/dwb_msgs/lib/python3.12/site-packages/dwb_msgs/srv/_get_critic_score_s.c
-- Installing: /home/thomas/MobileRobot/ws_new/install/dwb_msgs/lib/python3.12/site-packages/dwb_msgs/_dwb_msgs_s.ep.rosidl_typesupport_c.c
-- Installing: /home/thomas/MobileRobot/ws_new/install/dwb_msgs/lib/python3.12/site-packages/dwb_msgs/dwb_msgs_s__rosidl_typesupport_c.so
-- Installing: /home/thomas/MobileRobot/ws_new/install/dwb_msgs/lib/python3.12/site-packages/dwb_msgs/msg
-- Installing: /home/thomas/MobileRobot/ws_new/install/dwb_msgs/lib/python3.12/site-packages/dwb_msgs/msg/__init__.py
-- Installing: /home/thomas/MobileRobot/ws_new/install/dwb_msgs/lib/python3.12/site-packages/dwb_msgs/msg/_local_plan_evaluation_s.c
-- Installing: /home/thomas/MobileRobot/ws_new/install/dwb_msgs/lib/python3.12/site-packages/dwb_msgs/msg/_trajectory_score.py
-- Installing: /home/thomas/MobileRobot/ws_new/install/dwb_msgs/lib/python3.12/site-packages/dwb_msgs/msg/_trajectory2_d_s.c
-- Installing: /home/thomas/MobileRobot/ws_new/install/dwb_msgs/lib/python3.12/site-packages/dwb_msgs/msg/_trajectory2_d.py
-- Installing: /home/thomas/MobileRobot/ws_new/install/dwb_msgs/lib/python3.12/site-packages/dwb_msgs/msg/_critic_score.py
-- Installing: /home/thomas/MobileRobot/ws_new/install/dwb_msgs/lib/python3.12/site-packages/dwb_msgs/msg/_trajectory_score_s.c
-- Installing: /home/thomas/MobileRobot/ws_new/install/dwb_msgs/lib/python3.12/site-packages/dwb_msgs/msg/_local_plan_evaluation.py
-- Installing: /home/thomas/MobileRobot/ws_new/install/dwb_msgs/lib/python3.12/site-packages/dwb_msgs/msg/_critic_score_s.c
-- Installing: /home/thomas/MobileRobot/ws_new/install/dwb_msgs/lib/python3.12/site-packages/dwb_msgs/_dwb_msgs_s.ep.rosidl_typesupport_fastrtps_c.c
-- Installing: /home/thomas/MobileRobot/ws_new/install/dwb_msgs/lib/python3.12/site-packages/dwb_msgs/_dwb_msgs_s.ep.rosidl_typesupport_introspection_c.c
-- Installing: /home/thomas/MobileRobot/ws_new/install/dwb_msgs/lib/python3.12/site-packages/dwb_msgs/dwb_msgs_s__rosidl_typesupport_introspection_c.so
Listing '/home/thomas/MobileRobot/ws_new/install/dwb_msgs/lib/python3.12/site-packages/dwb_msgs'...
Compiling '/home/thomas/MobileRobot/ws_new/install/dwb_msgs/lib/python3.12/site-packages/dwb_msgs/__init__.py'...
Listing '/home/thomas/MobileRobot/ws_new/install/dwb_msgs/lib/python3.12/site-packages/dwb_msgs/msg'...
Compiling '/home/thomas/MobileRobot/ws_new/install/dwb_msgs/lib/python3.12/site-packages/dwb_msgs/msg/__init__.py'...
Compiling '/home/thomas/MobileRobot/ws_new/install/dwb_msgs/lib/python3.12/site-packages/dwb_msgs/msg/_critic_score.py'...
Compiling '/home/thomas/MobileRobot/ws_new/install/dwb_msgs/lib/python3.12/site-packages/dwb_msgs/msg/_local_plan_evaluation.py'...
Compiling '/home/thomas/MobileRobot/ws_new/install/dwb_msgs/lib/python3.12/site-packages/dwb_msgs/msg/_trajectory2_d.py'...
Compiling '/home/thomas/MobileRobot/ws_new/install/dwb_msgs/lib/python3.12/site-packages/dwb_msgs/msg/_trajectory_score.py'...
Listing '/home/thomas/MobileRobot/ws_new/install/dwb_msgs/lib/python3.12/site-packages/dwb_msgs/srv'...
Compiling '/home/thomas/MobileRobot/ws_new/install/dwb_msgs/lib/python3.12/site-packages/dwb_msgs/srv/__init__.py'...
Compiling '/home/thomas/MobileRobot/ws_new/install/dwb_msgs/lib/python3.12/site-packages/dwb_msgs/srv/_debug_local_plan.py'...
Compiling '/home/thomas/MobileRobot/ws_new/install/dwb_msgs/lib/python3.12/site-packages/dwb_msgs/srv/_generate_trajectory.py'...
Compiling '/home/thomas/MobileRobot/ws_new/install/dwb_msgs/lib/python3.12/site-packages/dwb_msgs/srv/_generate_twists.py'...
Compiling '/home/thomas/MobileRobot/ws_new/install/dwb_msgs/lib/python3.12/site-packages/dwb_msgs/srv/_get_critic_score.py'...
Compiling '/home/thomas/MobileRobot/ws_new/install/dwb_msgs/lib/python3.12/site-packages/dwb_msgs/srv/_score_trajectory.py'...
-- Installing: /home/thomas/MobileRobot/ws_new/install/dwb_msgs/lib/python3.12/site-packages/dwb_msgs/dwb_msgs_s__rosidl_typesupport_fastrtps_c.so
-- Set non-toolchain portion of runtime path of "/home/thomas/MobileRobot/ws_new/install/dwb_msgs/lib/python3.12/site-packages/dwb_msgs/dwb_msgs_s__rosidl_typesupport_fastrtps_c.so" to ""
-- Installing: /home/thomas/MobileRobot/ws_new/install/dwb_msgs/lib/python3.12/site-packages/dwb_msgs/dwb_msgs_s__rosidl_typesupport_introspection_c.so
-- Set non-toolchain portion of runtime path of "/home/thomas/MobileRobot/ws_new/install/dwb_msgs/lib/python3.12/site-packages/dwb_msgs/dwb_msgs_s__rosidl_typesupport_introspection_c.so" to ""
-- Installing: /home/thomas/MobileRobot/ws_new/install/dwb_msgs/lib/python3.12/site-packages/dwb_msgs/dwb_msgs_s__rosidl_typesupport_c.so
-- Set non-toolchain portion of runtime path of "/home/thomas/MobileRobot/ws_new/install/dwb_msgs/lib/python3.12/site-packages/dwb_msgs/dwb_msgs_s__rosidl_typesupport_c.so" to ""
-- Installing: /home/thomas/MobileRobot/ws_new/install/dwb_msgs/lib/libdwb_msgs__rosidl_generator_py.so
-- Set non-toolchain portion of runtime path of "/home/thomas/MobileRobot/ws_new/install/dwb_msgs/lib/libdwb_msgs__rosidl_generator_py.so" to ""
-- Installing: /home/thomas/MobileRobot/ws_new/install/dwb_msgs/share/dwb_msgs/msg/CriticScore.idl
-- Installing: /home/thomas/MobileRobot/ws_new/install/dwb_msgs/share/dwb_msgs/msg/LocalPlanEvaluation.idl
-- Installing: /home/thomas/MobileRobot/ws_new/install/dwb_msgs/share/dwb_msgs/msg/Trajectory2D.idl
-- Installing: /home/thomas/MobileRobot/ws_new/install/dwb_msgs/share/dwb_msgs/msg/TrajectoryScore.idl
-- Installing: /home/thomas/MobileRobot/ws_new/install/dwb_msgs/share/dwb_msgs/srv/DebugLocalPlan.idl
-- Installing: /home/thomas/MobileRobot/ws_new/install/dwb_msgs/share/dwb_msgs/srv/GenerateTrajectory.idl
-- Installing: /home/thomas/MobileRobot/ws_new/install/dwb_msgs/share/dwb_msgs/srv/GenerateTwists.idl
-- Installing: /home/thomas/MobileRobot/ws_new/install/dwb_msgs/share/dwb_msgs/srv/GetCriticScore.idl
-- Installing: /home/thomas/MobileRobot/ws_new/install/dwb_msgs/share/dwb_msgs/srv/ScoreTrajectory.idl
-- Installing: /home/thomas/MobileRobot/ws_new/install/dwb_msgs/share/dwb_msgs/msg/CriticScore.msg
-- Installing: /home/thomas/MobileRobot/ws_new/install/dwb_msgs/share/dwb_msgs/msg/LocalPlanEvaluation.msg
-- Installing: /home/thomas/MobileRobot/ws_new/install/dwb_msgs/share/dwb_msgs/msg/Trajectory2D.msg
-- Installing: /home/thomas/MobileRobot/ws_new/install/dwb_msgs/share/dwb_msgs/msg/TrajectoryScore.msg
-- Installing: /home/thomas/MobileRobot/ws_new/install/dwb_msgs/share/dwb_msgs/srv/DebugLocalPlan.srv
-- Installing: /home/thomas/MobileRobot/ws_new/install/dwb_msgs/share/dwb_msgs/srv/GenerateTrajectory.srv
-- Installing: /home/thomas/MobileRobot/ws_new/install/dwb_msgs/share/dwb_msgs/srv/GenerateTwists.srv
-- Installing: /home/thomas/MobileRobot/ws_new/install/dwb_msgs/share/dwb_msgs/srv/GetCriticScore.srv
-- Installing: /home/thomas/MobileRobot/ws_new/install/dwb_msgs/share/dwb_msgs/srv/ScoreTrajectory.srv
-- Installing: /home/thomas/MobileRobot/ws_new/install/dwb_msgs/share/ament_index/resource_index/package_run_dependencies/dwb_msgs
-- Installing: /home/thomas/MobileRobot/ws_new/install/dwb_msgs/share/ament_index/resource_index/parent_prefix_path/dwb_msgs
-- Installing: /home/thomas/MobileRobot/ws_new/install/dwb_msgs/share/dwb_msgs/environment/ament_prefix_path.sh
-- Installing: /home/thomas/MobileRobot/ws_new/install/dwb_msgs/share/dwb_msgs/environment/ament_prefix_path.dsv
-- Installing: /home/thomas/MobileRobot/ws_new/install/dwb_msgs/share/dwb_msgs/environment/path.sh
-- Installing: /home/thomas/MobileRobot/ws_new/install/dwb_msgs/share/dwb_msgs/environment/path.dsv
-- Installing: /home/thomas/MobileRobot/ws_new/install/dwb_msgs/share/dwb_msgs/local_setup.bash
-- Installing: /home/thomas/MobileRobot/ws_new/install/dwb_msgs/share/dwb_msgs/local_setup.sh
-- Installing: /home/thomas/MobileRobot/ws_new/install/dwb_msgs/share/dwb_msgs/local_setup.zsh
-- Installing: /home/thomas/MobileRobot/ws_new/install/dwb_msgs/share/dwb_msgs/local_setup.dsv
-- Installing: /home/thomas/MobileRobot/ws_new/install/dwb_msgs/share/dwb_msgs/package.dsv
-- Installing: /home/thomas/MobileRobot/ws_new/install/dwb_msgs/share/ament_index/resource_index/packages/dwb_msgs
-- Installing: /home/thomas/MobileRobot/ws_new/install/dwb_msgs/share/dwb_msgs/cmake/export_dwb_msgs__rosidl_generator_cExport.cmake
-- Installing: /home/thomas/MobileRobot/ws_new/install/dwb_msgs/share/dwb_msgs/cmake/export_dwb_msgs__rosidl_generator_cExport-noconfig.cmake
-- Installing: /home/thomas/MobileRobot/ws_new/install/dwb_msgs/share/dwb_msgs/cmake/export_dwb_msgs__rosidl_typesupport_fastrtps_cExport.cmake
-- Installing: /home/thomas/MobileRobot/ws_new/install/dwb_msgs/share/dwb_msgs/cmake/export_dwb_msgs__rosidl_typesupport_fastrtps_cExport-noconfig.cmake
-- Installing: /home/thomas/MobileRobot/ws_new/install/dwb_msgs/share/dwb_msgs/cmake/export_dwb_msgs__rosidl_generator_cppExport.cmake
-- Installing: /home/thomas/MobileRobot/ws_new/install/dwb_msgs/share/dwb_msgs/cmake/export_dwb_msgs__rosidl_typesupport_fastrtps_cppExport.cmake
-- Installing: /home/thomas/MobileRobot/ws_new/install/dwb_msgs/share/dwb_msgs/cmake/export_dwb_msgs__rosidl_typesupport_fastrtps_cppExport-noconfig.cmake
-- Installing: /home/thomas/MobileRobot/ws_new/install/dwb_msgs/share/dwb_msgs/cmake/dwb_msgs__rosidl_typesupport_introspection_cExport.cmake
-- Installing: /home/thomas/MobileRobot/ws_new/install/dwb_msgs/share/dwb_msgs/cmake/dwb_msgs__rosidl_typesupport_introspection_cExport-noconfig.cmake
-- Installing: /home/thomas/MobileRobot/ws_new/install/dwb_msgs/share/dwb_msgs/cmake/dwb_msgs__rosidl_typesupport_cExport.cmake
-- Installing: /home/thomas/MobileRobot/ws_new/install/dwb_msgs/share/dwb_msgs/cmake/dwb_msgs__rosidl_typesupport_cExport-noconfig.cmake
-- Installing: /home/thomas/MobileRobot/ws_new/install/dwb_msgs/share/dwb_msgs/cmake/dwb_msgs__rosidl_typesupport_introspection_cppExport.cmake
-- Installing: /home/thomas/MobileRobot/ws_new/install/dwb_msgs/share/dwb_msgs/cmake/dwb_msgs__rosidl_typesupport_introspection_cppExport-noconfig.cmake
-- Installing: /home/thomas/MobileRobot/ws_new/install/dwb_msgs/share/dwb_msgs/cmake/dwb_msgs__rosidl_typesupport_cppExport.cmake
-- Installing: /home/thomas/MobileRobot/ws_new/install/dwb_msgs/share/dwb_msgs/cmake/dwb_msgs__rosidl_typesupport_cppExport-noconfig.cmake
-- Installing: /home/thomas/MobileRobot/ws_new/install/dwb_msgs/share/dwb_msgs/cmake/export_dwb_msgs__rosidl_generator_pyExport.cmake
-- Installing: /home/thomas/MobileRobot/ws_new/install/dwb_msgs/share/dwb_msgs/cmake/export_dwb_msgs__rosidl_generator_pyExport-noconfig.cmake
-- Installing: /home/thomas/MobileRobot/ws_new/install/dwb_msgs/share/dwb_msgs/cmake/rosidl_cmake-extras.cmake
-- Installing: /home/thomas/MobileRobot/ws_new/install/dwb_msgs/share/dwb_msgs/cmake/ament_cmake_export_dependencies-extras.cmake
-- Installing: /home/thomas/MobileRobot/ws_new/install/dwb_msgs/share/dwb_msgs/cmake/ament_cmake_export_include_directories-extras.cmake
-- Installing: /home/thomas/MobileRobot/ws_new/install/dwb_msgs/share/dwb_msgs/cmake/ament_cmake_export_libraries-extras.cmake
-- Installing: /home/thomas/MobileRobot/ws_new/install/dwb_msgs/share/dwb_msgs/cmake/ament_cmake_export_targets-extras.cmake
-- Installing: /home/thomas/MobileRobot/ws_new/install/dwb_msgs/share/dwb_msgs/cmake/rosidl_cmake_export_typesupport_targets-extras.cmake
-- Installing: /home/thomas/MobileRobot/ws_new/install/dwb_msgs/share/dwb_msgs/cmake/rosidl_cmake_export_typesupport_libraries-extras.cmake
-- Installing: /home/thomas/MobileRobot/ws_new/install/dwb_msgs/share/dwb_msgs/cmake/dwb_msgsConfig.cmake
-- Installing: /home/thomas/MobileRobot/ws_new/install/dwb_msgs/share/dwb_msgs/cmake/dwb_msgsConfig-version.cmake
-- Installing: /home/thomas/MobileRobot/ws_new/install/dwb_msgs/share/dwb_msgs/package.xml
