[0.092s] Invoking command in '/home/thomas/MobileRobot/ws_new/build/nav2_map_server': AMENT_PREFIX_PATH=/home/thomas/MobileRobot/ws_new/install/nav2_util:/home/thomas/MobileRobot/ws_new/install/nav2_msgs:/home/thomas/MobileRobot/ws_new/install/nav_msgs:/home/thomas/MobileRobot/ws_new/install/geometry_msgs:/home/thomas/MobileRobot/ws_new/install/std_srvs:/home/thomas/MobileRobot/ws_new/install/std_msgs:/home/thomas/MobileRobot/ws_new/install/nav2_common:${AMENT_PREFIX_PATH} CMAKE_PREFIX_PATH=/home/thomas/MobileRobot/ws_new/install/nav2_util:/home/thomas/MobileRobot/ws_new/install/nav2_msgs:/home/thomas/MobileRobot/ws_new/install/nav_msgs:/home/thomas/MobileRobot/ws_new/install/geometry_msgs:/home/thomas/MobileRobot/ws_new/install/std_srvs:/home/thomas/MobileRobot/ws_new/install/std_msgs:/home/thomas/MobileRobot/ws_new/install/nav2_common:/opt/ros/jazzy/opt/gz_sim_vendor:/opt/ros/jazzy/opt/gz_sensors_vendor:/opt/ros/jazzy/opt/gz_physics_vendor:/opt/ros/jazzy/opt/sdformat_vendor:/opt/ros/jazzy/opt/gz_gui_vendor:/opt/ros/jazzy/opt/gz_transport_vendor:/opt/ros/jazzy/opt/gz_rendering_vendor:/opt/ros/jazzy/opt/gz_plugin_vendor:/opt/ros/jazzy/opt/gz_fuel_tools_vendor:/opt/ros/jazzy/opt/gz_msgs_vendor:/opt/ros/jazzy/opt/gz_common_vendor:/opt/ros/jazzy/opt/gz_math_vendor:/opt/ros/jazzy/opt/gz_utils_vendor:/opt/ros/jazzy/opt/gz_tools_vendor:/opt/ros/jazzy/opt/gz_ogre_next_vendor:/opt/ros/jazzy/opt/gz_dartsim_vendor:/opt/ros/jazzy/opt/gz_cmake_vendor:/home/thomas/dev_ws/install/basic_mobile_robot:/opt/ros/jazzy DEBUGINFOD_URLS=https://debuginfod.ubuntu.com LD_LIBRARY_PATH=/home/thomas/MobileRobot/ws_new/install/nav2_util/lib:/home/thomas/MobileRobot/ws_new/install/nav2_msgs/lib:/home/thomas/MobileRobot/ws_new/install/nav_msgs/lib:/home/thomas/MobileRobot/ws_new/install/geometry_msgs/lib:/home/thomas/MobileRobot/ws_new/install/std_srvs/lib:/home/thomas/MobileRobot/ws_new/install/std_msgs/lib:${LD_LIBRARY_PATH} PYTHONPATH=/home/thomas/MobileRobot/ws_new/install/nav2_msgs/lib/python3.12/site-packages:/home/thomas/MobileRobot/ws_new/install/nav_msgs/lib/python3.12/site-packages:/home/thomas/MobileRobot/ws_new/install/geometry_msgs/lib/python3.12/site-packages:/home/thomas/MobileRobot/ws_new/install/std_srvs/lib/python3.12/site-packages:/home/thomas/MobileRobot/ws_new/install/std_msgs/lib/python3.12/site-packages:/home/thomas/MobileRobot/ws_new/install/nav2_common/lib/python3.12/site-packages:${PYTHONPATH} /usr/bin/cmake --build /home/thomas/MobileRobot/ws_new/build/nav2_map_server -- -j8 -l8
[0.557s] [  5%] Built target gtest
[0.600s] [ 11%] Built target gtest_main
[0.719s] [ 19%] Built target map_io
[0.895s] [ 27%] Built target test_map_saver_cli
[0.897s] [ 36%] Built target test_map_saver_publisher
[1.045s] [ 44%] Built target test_map_io
[1.404s] [ 55%] Built target map_server_core
[1.797s] [ 61%] Built target map_server
[1.967s] [ 66%] Built target map_saver_server
[1.968s] [ 72%] Built target test_costmap_filter_info_server
[1.969s] [ 77%] Built target map_saver_cli
[1.970s] [ 83%] Built target costmap_filter_info_server
[2.026s] [ 91%] Built target test_map_server_node
[2.027s] [100%] Built target test_map_saver_node
[2.335s] Invoked command in '/home/thomas/MobileRobot/ws_new/build/nav2_map_server' returned '0': AMENT_PREFIX_PATH=/home/thomas/MobileRobot/ws_new/install/nav2_util:/home/thomas/MobileRobot/ws_new/install/nav2_msgs:/home/thomas/MobileRobot/ws_new/install/nav_msgs:/home/thomas/MobileRobot/ws_new/install/geometry_msgs:/home/thomas/MobileRobot/ws_new/install/std_srvs:/home/thomas/MobileRobot/ws_new/install/std_msgs:/home/thomas/MobileRobot/ws_new/install/nav2_common:${AMENT_PREFIX_PATH} CMAKE_PREFIX_PATH=/home/thomas/MobileRobot/ws_new/install/nav2_util:/home/thomas/MobileRobot/ws_new/install/nav2_msgs:/home/thomas/MobileRobot/ws_new/install/nav_msgs:/home/thomas/MobileRobot/ws_new/install/geometry_msgs:/home/thomas/MobileRobot/ws_new/install/std_srvs:/home/thomas/MobileRobot/ws_new/install/std_msgs:/home/thomas/MobileRobot/ws_new/install/nav2_common:/opt/ros/jazzy/opt/gz_sim_vendor:/opt/ros/jazzy/opt/gz_sensors_vendor:/opt/ros/jazzy/opt/gz_physics_vendor:/opt/ros/jazzy/opt/sdformat_vendor:/opt/ros/jazzy/opt/gz_gui_vendor:/opt/ros/jazzy/opt/gz_transport_vendor:/opt/ros/jazzy/opt/gz_rendering_vendor:/opt/ros/jazzy/opt/gz_plugin_vendor:/opt/ros/jazzy/opt/gz_fuel_tools_vendor:/opt/ros/jazzy/opt/gz_msgs_vendor:/opt/ros/jazzy/opt/gz_common_vendor:/opt/ros/jazzy/opt/gz_math_vendor:/opt/ros/jazzy/opt/gz_utils_vendor:/opt/ros/jazzy/opt/gz_tools_vendor:/opt/ros/jazzy/opt/gz_ogre_next_vendor:/opt/ros/jazzy/opt/gz_dartsim_vendor:/opt/ros/jazzy/opt/gz_cmake_vendor:/home/thomas/dev_ws/install/basic_mobile_robot:/opt/ros/jazzy DEBUGINFOD_URLS=https://debuginfod.ubuntu.com LD_LIBRARY_PATH=/home/thomas/MobileRobot/ws_new/install/nav2_util/lib:/home/thomas/MobileRobot/ws_new/install/nav2_msgs/lib:/home/thomas/MobileRobot/ws_new/install/nav_msgs/lib:/home/thomas/MobileRobot/ws_new/install/geometry_msgs/lib:/home/thomas/MobileRobot/ws_new/install/std_srvs/lib:/home/thomas/MobileRobot/ws_new/install/std_msgs/lib:${LD_LIBRARY_PATH} PYTHONPATH=/home/thomas/MobileRobot/ws_new/install/nav2_msgs/lib/python3.12/site-packages:/home/thomas/MobileRobot/ws_new/install/nav_msgs/lib/python3.12/site-packages:/home/thomas/MobileRobot/ws_new/install/geometry_msgs/lib/python3.12/site-packages:/home/thomas/MobileRobot/ws_new/install/std_srvs/lib/python3.12/site-packages:/home/thomas/MobileRobot/ws_new/install/std_msgs/lib/python3.12/site-packages:/home/thomas/MobileRobot/ws_new/install/nav2_common/lib/python3.12/site-packages:${PYTHONPATH} /usr/bin/cmake --build /home/thomas/MobileRobot/ws_new/build/nav2_map_server -- -j8 -l8
[2.374s] Invoking command in '/home/thomas/MobileRobot/ws_new/build/nav2_map_server': AMENT_PREFIX_PATH=/home/thomas/MobileRobot/ws_new/install/nav2_util:/home/thomas/MobileRobot/ws_new/install/nav2_msgs:/home/thomas/MobileRobot/ws_new/install/nav_msgs:/home/thomas/MobileRobot/ws_new/install/geometry_msgs:/home/thomas/MobileRobot/ws_new/install/std_srvs:/home/thomas/MobileRobot/ws_new/install/std_msgs:/home/thomas/MobileRobot/ws_new/install/nav2_common:${AMENT_PREFIX_PATH} CMAKE_PREFIX_PATH=/home/thomas/MobileRobot/ws_new/install/nav2_util:/home/thomas/MobileRobot/ws_new/install/nav2_msgs:/home/thomas/MobileRobot/ws_new/install/nav_msgs:/home/thomas/MobileRobot/ws_new/install/geometry_msgs:/home/thomas/MobileRobot/ws_new/install/std_srvs:/home/thomas/MobileRobot/ws_new/install/std_msgs:/home/thomas/MobileRobot/ws_new/install/nav2_common:/opt/ros/jazzy/opt/gz_sim_vendor:/opt/ros/jazzy/opt/gz_sensors_vendor:/opt/ros/jazzy/opt/gz_physics_vendor:/opt/ros/jazzy/opt/sdformat_vendor:/opt/ros/jazzy/opt/gz_gui_vendor:/opt/ros/jazzy/opt/gz_transport_vendor:/opt/ros/jazzy/opt/gz_rendering_vendor:/opt/ros/jazzy/opt/gz_plugin_vendor:/opt/ros/jazzy/opt/gz_fuel_tools_vendor:/opt/ros/jazzy/opt/gz_msgs_vendor:/opt/ros/jazzy/opt/gz_common_vendor:/opt/ros/jazzy/opt/gz_math_vendor:/opt/ros/jazzy/opt/gz_utils_vendor:/opt/ros/jazzy/opt/gz_tools_vendor:/opt/ros/jazzy/opt/gz_ogre_next_vendor:/opt/ros/jazzy/opt/gz_dartsim_vendor:/opt/ros/jazzy/opt/gz_cmake_vendor:/home/thomas/dev_ws/install/basic_mobile_robot:/opt/ros/jazzy DEBUGINFOD_URLS=https://debuginfod.ubuntu.com LD_LIBRARY_PATH=/home/thomas/MobileRobot/ws_new/install/nav2_util/lib:/home/thomas/MobileRobot/ws_new/install/nav2_msgs/lib:/home/thomas/MobileRobot/ws_new/install/nav_msgs/lib:/home/thomas/MobileRobot/ws_new/install/geometry_msgs/lib:/home/thomas/MobileRobot/ws_new/install/std_srvs/lib:/home/thomas/MobileRobot/ws_new/install/std_msgs/lib:${LD_LIBRARY_PATH} PYTHONPATH=/home/thomas/MobileRobot/ws_new/install/nav2_msgs/lib/python3.12/site-packages:/home/thomas/MobileRobot/ws_new/install/nav_msgs/lib/python3.12/site-packages:/home/thomas/MobileRobot/ws_new/install/geometry_msgs/lib/python3.12/site-packages:/home/thomas/MobileRobot/ws_new/install/std_srvs/lib/python3.12/site-packages:/home/thomas/MobileRobot/ws_new/install/std_msgs/lib/python3.12/site-packages:/home/thomas/MobileRobot/ws_new/install/nav2_common/lib/python3.12/site-packages:${PYTHONPATH} /usr/bin/cmake --install /home/thomas/MobileRobot/ws_new/build/nav2_map_server
[2.403s] -- Install configuration: "Release"
[2.617s] -- Up-to-date: /home/thomas/MobileRobot/ws_new/install/nav2_map_server/lib/libmap_server_core.so
[2.623s] -- Up-to-date: /home/thomas/MobileRobot/ws_new/install/nav2_map_server/lib/libmap_io.so
[2.726s] -- Up-to-date: /home/thomas/MobileRobot/ws_new/install/nav2_map_server/lib/nav2_map_server/map_server
[2.751s] -- Up-to-date: /home/thomas/MobileRobot/ws_new/install/nav2_map_server/lib/nav2_map_server/map_saver_cli
[3.149s] -- Up-to-date: /home/thomas/MobileRobot/ws_new/install/nav2_map_server/lib/nav2_map_server/map_saver_server
[3.259s] -- Up-to-date: /home/thomas/MobileRobot/ws_new/install/nav2_map_server/lib/nav2_map_server/costmap_filter_info_server
[3.261s] -- Up-to-date: /home/thomas/MobileRobot/ws_new/install/nav2_map_server/include/
[3.284s] -- Up-to-date: /home/thomas/MobileRobot/ws_new/install/nav2_map_server/include//nav2_map_server
[3.285s] -- Up-to-date: /home/thomas/MobileRobot/ws_new/install/nav2_map_server/include//nav2_map_server/map_mode.hpp
[3.285s] -- Up-to-date: /home/thomas/MobileRobot/ws_new/install/nav2_map_server/include//nav2_map_server/costmap_filter_info_server.hpp
[3.285s] -- Up-to-date: /home/thomas/MobileRobot/ws_new/install/nav2_map_server/include//nav2_map_server/map_saver.hpp
[3.285s] -- Up-to-date: /home/thomas/MobileRobot/ws_new/install/nav2_map_server/include//nav2_map_server/map_io.hpp
[3.286s] -- Up-to-date: /home/thomas/MobileRobot/ws_new/install/nav2_map_server/include//nav2_map_server/map_server.hpp
[3.310s] -- Up-to-date: /home/thomas/MobileRobot/ws_new/install/nav2_map_server/share/nav2_map_server/launch
[3.323s] -- Up-to-date: /home/thomas/MobileRobot/ws_new/install/nav2_map_server/share/nav2_map_server/launch/map_saver_server.launch.py
[3.324s] -- Up-to-date: /home/thomas/MobileRobot/ws_new/install/nav2_map_server/share/nav2_map_server/environment/library_path.sh
[3.324s] -- Up-to-date: /home/thomas/MobileRobot/ws_new/install/nav2_map_server/share/nav2_map_server/environment/library_path.dsv
[3.336s] -- Up-to-date: /home/thomas/MobileRobot/ws_new/install/nav2_map_server/share/ament_index/resource_index/package_run_dependencies/nav2_map_server
[3.351s] -- Up-to-date: /home/thomas/MobileRobot/ws_new/install/nav2_map_server/share/ament_index/resource_index/parent_prefix_path/nav2_map_server
[3.352s] -- Up-to-date: /home/thomas/MobileRobot/ws_new/install/nav2_map_server/share/nav2_map_server/environment/ament_prefix_path.sh
[3.352s] -- Up-to-date: /home/thomas/MobileRobot/ws_new/install/nav2_map_server/share/nav2_map_server/environment/ament_prefix_path.dsv
[3.352s] -- Up-to-date: /home/thomas/MobileRobot/ws_new/install/nav2_map_server/share/nav2_map_server/environment/path.sh
[3.352s] -- Up-to-date: /home/thomas/MobileRobot/ws_new/install/nav2_map_server/share/nav2_map_server/environment/path.dsv
[3.353s] -- Up-to-date: /home/thomas/MobileRobot/ws_new/install/nav2_map_server/share/nav2_map_server/local_setup.bash
[3.353s] -- Up-to-date: /home/thomas/MobileRobot/ws_new/install/nav2_map_server/share/nav2_map_server/local_setup.sh
[3.353s] -- Up-to-date: /home/thomas/MobileRobot/ws_new/install/nav2_map_server/share/nav2_map_server/local_setup.zsh
[3.353s] -- Up-to-date: /home/thomas/MobileRobot/ws_new/install/nav2_map_server/share/nav2_map_server/local_setup.dsv
[3.354s] -- Installing: /home/thomas/MobileRobot/ws_new/install/nav2_map_server/share/nav2_map_server/package.dsv
[3.385s] -- Up-to-date: /home/thomas/MobileRobot/ws_new/install/nav2_map_server/share/ament_index/resource_index/packages/nav2_map_server
[3.385s] -- Up-to-date: /home/thomas/MobileRobot/ws_new/install/nav2_map_server/share/ament_index/resource_index/rclcpp_components/nav2_map_server
[3.391s] -- Up-to-date: /home/thomas/MobileRobot/ws_new/install/nav2_map_server/share/nav2_map_server/cmake/ament_cmake_export_include_directories-extras.cmake
[3.391s] -- Up-to-date: /home/thomas/MobileRobot/ws_new/install/nav2_map_server/share/nav2_map_server/cmake/ament_cmake_export_libraries-extras.cmake
[3.391s] -- Up-to-date: /home/thomas/MobileRobot/ws_new/install/nav2_map_server/share/nav2_map_server/cmake/ament_cmake_export_dependencies-extras.cmake
[3.392s] -- Up-to-date: /home/thomas/MobileRobot/ws_new/install/nav2_map_server/share/nav2_map_server/cmake/nav2_map_serverConfig.cmake
[3.392s] -- Up-to-date: /home/thomas/MobileRobot/ws_new/install/nav2_map_server/share/nav2_map_server/cmake/nav2_map_serverConfig-version.cmake
[3.392s] -- Up-to-date: /home/thomas/MobileRobot/ws_new/install/nav2_map_server/share/nav2_map_server/package.xml
[3.564s] Invoked command in '/home/thomas/MobileRobot/ws_new/build/nav2_map_server' returned '0': AMENT_PREFIX_PATH=/home/thomas/MobileRobot/ws_new/install/nav2_util:/home/thomas/MobileRobot/ws_new/install/nav2_msgs:/home/thomas/MobileRobot/ws_new/install/nav_msgs:/home/thomas/MobileRobot/ws_new/install/geometry_msgs:/home/thomas/MobileRobot/ws_new/install/std_srvs:/home/thomas/MobileRobot/ws_new/install/std_msgs:/home/thomas/MobileRobot/ws_new/install/nav2_common:${AMENT_PREFIX_PATH} CMAKE_PREFIX_PATH=/home/thomas/MobileRobot/ws_new/install/nav2_util:/home/thomas/MobileRobot/ws_new/install/nav2_msgs:/home/thomas/MobileRobot/ws_new/install/nav_msgs:/home/thomas/MobileRobot/ws_new/install/geometry_msgs:/home/thomas/MobileRobot/ws_new/install/std_srvs:/home/thomas/MobileRobot/ws_new/install/std_msgs:/home/thomas/MobileRobot/ws_new/install/nav2_common:/opt/ros/jazzy/opt/gz_sim_vendor:/opt/ros/jazzy/opt/gz_sensors_vendor:/opt/ros/jazzy/opt/gz_physics_vendor:/opt/ros/jazzy/opt/sdformat_vendor:/opt/ros/jazzy/opt/gz_gui_vendor:/opt/ros/jazzy/opt/gz_transport_vendor:/opt/ros/jazzy/opt/gz_rendering_vendor:/opt/ros/jazzy/opt/gz_plugin_vendor:/opt/ros/jazzy/opt/gz_fuel_tools_vendor:/opt/ros/jazzy/opt/gz_msgs_vendor:/opt/ros/jazzy/opt/gz_common_vendor:/opt/ros/jazzy/opt/gz_math_vendor:/opt/ros/jazzy/opt/gz_utils_vendor:/opt/ros/jazzy/opt/gz_tools_vendor:/opt/ros/jazzy/opt/gz_ogre_next_vendor:/opt/ros/jazzy/opt/gz_dartsim_vendor:/opt/ros/jazzy/opt/gz_cmake_vendor:/home/thomas/dev_ws/install/basic_mobile_robot:/opt/ros/jazzy DEBUGINFOD_URLS=https://debuginfod.ubuntu.com LD_LIBRARY_PATH=/home/thomas/MobileRobot/ws_new/install/nav2_util/lib:/home/thomas/MobileRobot/ws_new/install/nav2_msgs/lib:/home/thomas/MobileRobot/ws_new/install/nav_msgs/lib:/home/thomas/MobileRobot/ws_new/install/geometry_msgs/lib:/home/thomas/MobileRobot/ws_new/install/std_srvs/lib:/home/thomas/MobileRobot/ws_new/install/std_msgs/lib:${LD_LIBRARY_PATH} PYTHONPATH=/home/thomas/MobileRobot/ws_new/install/nav2_msgs/lib/python3.12/site-packages:/home/thomas/MobileRobot/ws_new/install/nav_msgs/lib/python3.12/site-packages:/home/thomas/MobileRobot/ws_new/install/geometry_msgs/lib/python3.12/site-packages:/home/thomas/MobileRobot/ws_new/install/std_srvs/lib/python3.12/site-packages:/home/thomas/MobileRobot/ws_new/install/std_msgs/lib/python3.12/site-packages:/home/thomas/MobileRobot/ws_new/install/nav2_common/lib/python3.12/site-packages:${PYTHONPATH} /usr/bin/cmake --install /home/thomas/MobileRobot/ws_new/build/nav2_map_server
